<?xml version="1.0" encoding="UTF-8"?>
<testsuite xmlns:xsi="http://www.w3.org/2001/XMLSchema-instance" xsi:noNamespaceSchemaLocation="https://maven.apache.org/surefire/maven-surefire-plugin/xsd/surefire-test-report.xsd" version="3.0.1" name="TestSuite" time="56.054" tests="4" errors="0" skipped="0" failures="0">
  <properties>
    <property name="java.specification.version" value="21"/>
    <property name="sun.cpu.isalist" value="amd64"/>
    <property name="sun.jnu.encoding" value="Cp1252"/>
    <property name="java.class.path" value="D:\Partnership\Partnership\target\test-classes;D:\Partnership\Partnership\target\classes;C:\Users\bhushan.toke\.m2\repository\io\rest-assured\rest-assured\4.4.0\rest-assured-4.4.0.jar;C:\Users\bhushan.toke\.m2\repository\org\codehaus\groovy\groovy\3.0.8\groovy-3.0.8.jar;C:\Users\bhushan.toke\.m2\repository\org\codehaus\groovy\groovy-xml\3.0.8\groovy-xml-3.0.8.jar;C:\Users\bhushan.toke\.m2\repository\org\apache\httpcomponents\httpclient\4.5.13\httpclient-4.5.13.jar;C:\Users\bhushan.toke\.m2\repository\org\apache\httpcomponents\httpcore\4.4.13\httpcore-4.4.13.jar;C:\Users\bhushan.toke\.m2\repository\commons-logging\commons-logging\1.2\commons-logging-1.2.jar;C:\Users\bhushan.toke\.m2\repository\commons-codec\commons-codec\1.11\commons-codec-1.11.jar;C:\Users\bhushan.toke\.m2\repository\org\apache\httpcomponents\httpmime\4.5.13\httpmime-4.5.13.jar;C:\Users\bhushan.toke\.m2\repository\org\hamcrest\hamcrest\2.1\hamcrest-2.1.jar;C:\Users\bhushan.toke\.m2\repository\org\ccil\cowan\tagsoup\tagsoup\1.2.1\tagsoup-1.2.1.jar;C:\Users\bhushan.toke\.m2\repository\io\rest-assured\json-path\4.4.0\json-path-4.4.0.jar;C:\Users\bhushan.toke\.m2\repository\org\codehaus\groovy\groovy-json\3.0.8\groovy-json-3.0.8.jar;C:\Users\bhushan.toke\.m2\repository\io\rest-assured\rest-assured-common\4.4.0\rest-assured-common-4.4.0.jar;C:\Users\bhushan.toke\.m2\repository\io\rest-assured\xml-path\4.4.0\xml-path-4.4.0.jar;C:\Users\bhushan.toke\.m2\repository\org\apache\commons\commons-lang3\3.11\commons-lang3-3.11.jar;C:\Users\bhushan.toke\.m2\repository\jakarta\xml\bind\jakarta.xml.bind-api\2.3.3\jakarta.xml.bind-api-2.3.3.jar;C:\Users\bhushan.toke\.m2\repository\jakarta\activation\jakarta.activation-api\1.2.2\jakarta.activation-api-1.2.2.jar;C:\Users\bhushan.toke\.m2\repository\com\sun\xml\bind\jaxb-impl\2.3.3\jaxb-impl-2.3.3.jar;C:\Users\bhushan.toke\.m2\repository\org\testng\testng\7.7.0\testng-7.7.0.jar;C:\Users\bhushan.toke\.m2\repository\org\slf4j\slf4j-api\1.7.36\slf4j-api-1.7.36.jar;C:\Users\bhushan.toke\.m2\repository\com\beust\jcommander\1.82\jcommander-1.82.jar;C:\Users\bhushan.toke\.m2\repository\org\webjars\jquery\3.6.1\jquery-3.6.1.jar;C:\Users\bhushan.toke\.m2\repository\io\rest-assured\json-schema-validator\4.4.0\json-schema-validator-4.4.0.jar;C:\Users\bhushan.toke\.m2\repository\com\github\java-json-tools\json-schema-validator\2.2.14\json-schema-validator-2.2.14.jar;C:\Users\bhushan.toke\.m2\repository\com\google\guava\guava\28.2-android\guava-28.2-android.jar;C:\Users\bhushan.toke\.m2\repository\com\google\guava\failureaccess\1.0.1\failureaccess-1.0.1.jar;C:\Users\bhushan.toke\.m2\repository\com\google\guava\listenablefuture\9999.0-empty-to-avoid-conflict-with-guava\listenablefuture-9999.0-empty-to-avoid-conflict-with-guava.jar;C:\Users\bhushan.toke\.m2\repository\org\checkerframework\checker-compat-qual\2.5.5\checker-compat-qual-2.5.5.jar;C:\Users\bhushan.toke\.m2\repository\com\google\errorprone\error_prone_annotations\2.3.4\error_prone_annotations-2.3.4.jar;C:\Users\bhushan.toke\.m2\repository\com\google\j2objc\j2objc-annotations\1.3\j2objc-annotations-1.3.jar;C:\Users\bhushan.toke\.m2\repository\com\github\java-json-tools\jackson-coreutils-equivalence\1.0\jackson-coreutils-equivalence-1.0.jar;C:\Users\bhushan.toke\.m2\repository\com\fasterxml\jackson\core\jackson-databind\2.11.0\jackson-databind-2.11.0.jar;C:\Users\bhushan.toke\.m2\repository\com\fasterxml\jackson\core\jackson-annotations\2.11.0\jackson-annotations-2.11.0.jar;C:\Users\bhushan.toke\.m2\repository\com\fasterxml\jackson\core\jackson-core\2.11.0\jackson-core-2.11.0.jar;C:\Users\bhushan.toke\.m2\repository\com\github\java-json-tools\jackson-coreutils\2.0\jackson-coreutils-2.0.jar;C:\Users\bhushan.toke\.m2\repository\com\github\java-json-tools\msg-simple\1.2\msg-simple-1.2.jar;C:\Users\bhushan.toke\.m2\repository\com\github\java-json-tools\btf\1.3\btf-1.3.jar;C:\Users\bhushan.toke\.m2\repository\com\github\java-json-tools\json-schema-core\1.2.14\json-schema-core-1.2.14.jar;C:\Users\bhushan.toke\.m2\repository\com\github\java-json-tools\uri-template\0.10\uri-template-0.10.jar;C:\Users\bhushan.toke\.m2\repository\org\mozilla\rhino\1.7.7.2\rhino-1.7.7.2.jar;C:\Users\bhushan.toke\.m2\repository\com\sun\mail\mailapi\1.6.2\mailapi-1.6.2.jar;C:\Users\bhushan.toke\.m2\repository\joda-time\joda-time\2.10.5\joda-time-2.10.5.jar;C:\Users\bhushan.toke\.m2\repository\com\googlecode\libphonenumber\libphonenumber\8.11.1\libphonenumber-8.11.1.jar;C:\Users\bhushan.toke\.m2\repository\com\google\code\findbugs\jsr305\3.0.2\jsr305-3.0.2.jar;C:\Users\bhushan.toke\.m2\repository\net\sf\jopt-simple\jopt-simple\5.0.4\jopt-simple-5.0.4.jar;C:\Users\bhushan.toke\.m2\repository\javax\activation\activation\1.1.1\activation-1.1.1.jar;C:\Users\bhushan.toke\.m2\repository\org\slf4j\slf4j-simple\2.0.17\slf4j-simple-2.0.17.jar;C:\Users\bhushan.toke\.m2\repository\ch\qos\reload4j\reload4j\1.2.22\reload4j-1.2.22.jar;C:\Users\bhushan.toke\.m2\repository\ch\qos\logback\logback-classic\1.5.18\logback-classic-1.5.18.jar;C:\Users\bhushan.toke\.m2\repository\ch\qos\logback\logback-core\1.5.18\logback-core-1.5.18.jar;"/>
    <property name="java.vm.vendor" value="Oracle Corporation"/>
    <property name="sun.arch.data.model" value="64"/>
    <property name="user.variant" value=""/>
    <property name="java.vendor.url" value="https://java.oracle.com/"/>
    <property name="user.timezone" value="Asia/Calcutta"/>
    <property name="os.name" value="Windows 11"/>
    <property name="java.vm.specification.version" value="21"/>
    <property name="sun.java.launcher" value="SUN_STANDARD"/>
    <property name="user.country" value="IN"/>
    <property name="sun.boot.library.path" value="C:\Program Files\Java\jdk-21\bin"/>
    <property name="sun.java.command" value="C:\Users\bhushan.toke\AppData\Local\Temp\surefire5378262480312236253\surefirebooter-20250428142640442_3.jar C:\Users\bhushan.toke\AppData\Local\Temp\surefire5378262480312236253 2025-04-28T14-26-40_317-jvmRun1 surefire-20250428142640442_1tmp surefire_0-20250428142640442_2tmp"/>
    <property name="jdk.debug" value="release"/>
    <property name="surefire.test.class.path" value="D:\Partnership\Partnership\target\test-classes;D:\Partnership\Partnership\target\classes;C:\Users\bhushan.toke\.m2\repository\io\rest-assured\rest-assured\4.4.0\rest-assured-4.4.0.jar;C:\Users\bhushan.toke\.m2\repository\org\codehaus\groovy\groovy\3.0.8\groovy-3.0.8.jar;C:\Users\bhushan.toke\.m2\repository\org\codehaus\groovy\groovy-xml\3.0.8\groovy-xml-3.0.8.jar;C:\Users\bhushan.toke\.m2\repository\org\apache\httpcomponents\httpclient\4.5.13\httpclient-4.5.13.jar;C:\Users\bhushan.toke\.m2\repository\org\apache\httpcomponents\httpcore\4.4.13\httpcore-4.4.13.jar;C:\Users\bhushan.toke\.m2\repository\commons-logging\commons-logging\1.2\commons-logging-1.2.jar;C:\Users\bhushan.toke\.m2\repository\commons-codec\commons-codec\1.11\commons-codec-1.11.jar;C:\Users\bhushan.toke\.m2\repository\org\apache\httpcomponents\httpmime\4.5.13\httpmime-4.5.13.jar;C:\Users\bhushan.toke\.m2\repository\org\hamcrest\hamcrest\2.1\hamcrest-2.1.jar;C:\Users\bhushan.toke\.m2\repository\org\ccil\cowan\tagsoup\tagsoup\1.2.1\tagsoup-1.2.1.jar;C:\Users\bhushan.toke\.m2\repository\io\rest-assured\json-path\4.4.0\json-path-4.4.0.jar;C:\Users\bhushan.toke\.m2\repository\org\codehaus\groovy\groovy-json\3.0.8\groovy-json-3.0.8.jar;C:\Users\bhushan.toke\.m2\repository\io\rest-assured\rest-assured-common\4.4.0\rest-assured-common-4.4.0.jar;C:\Users\bhushan.toke\.m2\repository\io\rest-assured\xml-path\4.4.0\xml-path-4.4.0.jar;C:\Users\bhushan.toke\.m2\repository\org\apache\commons\commons-lang3\3.11\commons-lang3-3.11.jar;C:\Users\bhushan.toke\.m2\repository\jakarta\xml\bind\jakarta.xml.bind-api\2.3.3\jakarta.xml.bind-api-2.3.3.jar;C:\Users\bhushan.toke\.m2\repository\jakarta\activation\jakarta.activation-api\1.2.2\jakarta.activation-api-1.2.2.jar;C:\Users\bhushan.toke\.m2\repository\com\sun\xml\bind\jaxb-impl\2.3.3\jaxb-impl-2.3.3.jar;C:\Users\bhushan.toke\.m2\repository\org\testng\testng\7.7.0\testng-7.7.0.jar;C:\Users\bhushan.toke\.m2\repository\org\slf4j\slf4j-api\1.7.36\slf4j-api-1.7.36.jar;C:\Users\bhushan.toke\.m2\repository\com\beust\jcommander\1.82\jcommander-1.82.jar;C:\Users\bhushan.toke\.m2\repository\org\webjars\jquery\3.6.1\jquery-3.6.1.jar;C:\Users\bhushan.toke\.m2\repository\io\rest-assured\json-schema-validator\4.4.0\json-schema-validator-4.4.0.jar;C:\Users\bhushan.toke\.m2\repository\com\github\java-json-tools\json-schema-validator\2.2.14\json-schema-validator-2.2.14.jar;C:\Users\bhushan.toke\.m2\repository\com\google\guava\guava\28.2-android\guava-28.2-android.jar;C:\Users\bhushan.toke\.m2\repository\com\google\guava\failureaccess\1.0.1\failureaccess-1.0.1.jar;C:\Users\bhushan.toke\.m2\repository\com\google\guava\listenablefuture\9999.0-empty-to-avoid-conflict-with-guava\listenablefuture-9999.0-empty-to-avoid-conflict-with-guava.jar;C:\Users\bhushan.toke\.m2\repository\org\checkerframework\checker-compat-qual\2.5.5\checker-compat-qual-2.5.5.jar;C:\Users\bhushan.toke\.m2\repository\com\google\errorprone\error_prone_annotations\2.3.4\error_prone_annotations-2.3.4.jar;C:\Users\bhushan.toke\.m2\repository\com\google\j2objc\j2objc-annotations\1.3\j2objc-annotations-1.3.jar;C:\Users\bhushan.toke\.m2\repository\com\github\java-json-tools\jackson-coreutils-equivalence\1.0\jackson-coreutils-equivalence-1.0.jar;C:\Users\bhushan.toke\.m2\repository\com\fasterxml\jackson\core\jackson-databind\2.11.0\jackson-databind-2.11.0.jar;C:\Users\bhushan.toke\.m2\repository\com\fasterxml\jackson\core\jackson-annotations\2.11.0\jackson-annotations-2.11.0.jar;C:\Users\bhushan.toke\.m2\repository\com\fasterxml\jackson\core\jackson-core\2.11.0\jackson-core-2.11.0.jar;C:\Users\bhushan.toke\.m2\repository\com\github\java-json-tools\jackson-coreutils\2.0\jackson-coreutils-2.0.jar;C:\Users\bhushan.toke\.m2\repository\com\github\java-json-tools\msg-simple\1.2\msg-simple-1.2.jar;C:\Users\bhushan.toke\.m2\repository\com\github\java-json-tools\btf\1.3\btf-1.3.jar;C:\Users\bhushan.toke\.m2\repository\com\github\java-json-tools\json-schema-core\1.2.14\json-schema-core-1.2.14.jar;C:\Users\bhushan.toke\.m2\repository\com\github\java-json-tools\uri-template\0.10\uri-template-0.10.jar;C:\Users\bhushan.toke\.m2\repository\org\mozilla\rhino\1.7.7.2\rhino-1.7.7.2.jar;C:\Users\bhushan.toke\.m2\repository\com\sun\mail\mailapi\1.6.2\mailapi-1.6.2.jar;C:\Users\bhushan.toke\.m2\repository\joda-time\joda-time\2.10.5\joda-time-2.10.5.jar;C:\Users\bhushan.toke\.m2\repository\com\googlecode\libphonenumber\libphonenumber\8.11.1\libphonenumber-8.11.1.jar;C:\Users\bhushan.toke\.m2\repository\com\google\code\findbugs\jsr305\3.0.2\jsr305-3.0.2.jar;C:\Users\bhushan.toke\.m2\repository\net\sf\jopt-simple\jopt-simple\5.0.4\jopt-simple-5.0.4.jar;C:\Users\bhushan.toke\.m2\repository\javax\activation\activation\1.1.1\activation-1.1.1.jar;C:\Users\bhushan.toke\.m2\repository\org\slf4j\slf4j-simple\2.0.17\slf4j-simple-2.0.17.jar;C:\Users\bhushan.toke\.m2\repository\ch\qos\reload4j\reload4j\1.2.22\reload4j-1.2.22.jar;C:\Users\bhushan.toke\.m2\repository\ch\qos\logback\logback-classic\1.5.18\logback-classic-1.5.18.jar;C:\Users\bhushan.toke\.m2\repository\ch\qos\logback\logback-core\1.5.18\logback-core-1.5.18.jar;"/>
    <property name="sun.cpu.endian" value="little"/>
    <property name="user.home" value="C:\Users\bhushan.toke"/>
    <property name="user.language" value="en"/>
    <property name="java.specification.vendor" value="Oracle Corporation"/>
    <property name="java.version.date" value="2024-01-16"/>
    <property name="java.home" value="C:\Program Files\Java\jdk-21"/>
    <property name="file.separator" value="\"/>
    <property name="basedir" value="D:\Partnership\Partnership"/>
    <property name="java.vm.compressedOopsMode" value="Zero based"/>
    <property name="line.separator" value="&#10;"/>
    <property name="java.vm.specification.vendor" value="Oracle Corporation"/>
    <property name="java.specification.name" value="Java Platform API Specification"/>
    <property name="surefire.real.class.path" value="C:\Users\bhushan.toke\AppData\Local\Temp\surefire5378262480312236253\surefirebooter-20250428142640442_3.jar"/>
    <property name="user.script" value=""/>
    <property name="sun.management.compiler" value="HotSpot 64-Bit Tiered Compilers"/>
    <property name="java.runtime.version" value="21.0.2+13-LTS-58"/>
    <property name="user.name" value="Bhushan.Toke"/>
    <property name="stdout.encoding" value="Cp1252"/>
    <property name="path.separator" value=";"/>
    <property name="os.version" value="10.0"/>
    <property name="java.runtime.name" value="Java(TM) SE Runtime Environment"/>
    <property name="file.encoding" value="UTF-8"/>
    <property name="java.vm.name" value="Java HotSpot(TM) 64-Bit Server VM"/>
    <property name="localRepository" value="C:\Users\bhushan.toke\.m2\repository"/>
    <property name="java.vendor.url.bug" value="https://bugreport.java.com/bugreport/"/>
    <property name="java.io.tmpdir" value="C:\Users\BHUSHA~1.TOK\AppData\Local\Temp\"/>
    <property name="java.version" value="21.0.2"/>
    <property name="user.dir" value="D:\Partnership\Partnership"/>
    <property name="os.arch" value="amd64"/>
    <property name="java.vm.specification.name" value="Java Virtual Machine Specification"/>
    <property name="sun.os.patch.level" value=""/>
    <property name="native.encoding" value="Cp1252"/>
    <property name="java.library.path" value="C:\Program Files\Java\jdk-21\bin;C:\WINDOWS\Sun\Java\bin;C:\WINDOWS\system32;C:\WINDOWS;C:\Program Files\Common Files\Oracle\Java\javapath;C:\WINDOWS\system32;C:\WINDOWS;C:\WINDOWS\System32\Wbem;C:\WINDOWS\System32\WindowsPowerShell\v1.0\;C:\WINDOWS\System32\OpenSSH\;C:\Program Files\Java\jdk-21\bin;C:\Program Files\apache-maven-3.9.6\bin;C:\Program Files\dotnet\;C:\Program Files\nodejs\;C:\Program Files\Git\cmd;C:\Program Files\nodejs\node_modules\npm\bin;C:\Users\bhushan.toke\AppData\Local\Android\Sdk\platform-tools;C:\Program Files\nodejs\node_modules\npm;C:\Users\bhushan.toke\AppData\Local\Android\Sdk\tools;C:\Users\bhushan.toke\AppData\Local\Android\Sdk\tools\bin;C:\Program Files\apache-maven-3.9.6\bin;C:\Users\bhushan.toke\AppData\Local\Microsoft\WindowsApps;C:\Users\bhushan.toke\AppData\Local\Programs\Microsoft VS Code\bin;C:\Users\bhushan.toke\AppData\Local\Programs\Git\cmd;C:\Users\bhushan.toke\AppData\Roaming\npm;C:\Users\bhushan.toke\AppData\Local\GitHubDesktop\bin;;."/>
    <property name="java.vm.info" value="mixed mode, sharing"/>
    <property name="stderr.encoding" value="Cp1252"/>
    <property name="java.vendor" value="Oracle Corporation"/>
    <property name="java.vm.version" value="21.0.2+13-LTS-58"/>
    <property name="sun.io.unicode.encoding" value="UnicodeLittle"/>
    <property name="java.class.version" value="65.0"/>
  </properties>
  <testcase name="Customeronboarding" classname="testPartnership.UCpartner" time="21.525">
    <system-out><![CDATA[Request method:	POST
Request URI:	https://pisoauataws.niyogin.in/gates/1.0/sweeps/ubl/callback
Proxy:			<none>
Request params:	<none>
Query params:	<none>
Form params:	<none>
Path params:	<none>
Headers:		Authorization=Basic WnNUOWdMOmNZekNaTQ==
				Accept=*/*
				Content-Type=application/json
Cookies:		<none>
Multiparts:		<none>
Body:
{
    "data": {
        "identifiers": {
            "customer_id": "e={3WQ$qOLtest",
            "mobile": "8767678767"
        },
        "customer_data": {
            "customer_id": "e={3WQ$qOLtest",
            "name": "Veer Rai",
            "dob": "1970-01-12",
            "gender": "M",
            "prefix": "MR",
            "primary_mobile": {
                "detail": "7479512195"
            },
            "primary_email": {
                "detail": "sdd1v32@gmail.com"
            },
            "primary_mailing_address": {
                "address_line": "S O Dineshbhai Sector 28 K 1 802 1",
                "landmark": "",
                "pincode": "382028",
                "city": "Gandhinagar",
                "state": "Gujarat",
                "country": "IN",
                "full_address": "S O Dineshbhai Sector 28 K 1 802 1,, 382028, Gandhinagar, Gujarat",
                "ownership": "Owned"
            },
            "office_address": {
                "address1": "S O Dineshbhai Sector 28 K 1 802 1",
                "address2": "",
                "city": "Gandhi Nagar",
                "state": "Gujarat",
                "pincode": "382028"
            },
            "business_type": 8
        },
        "bankdetails": {
            "account_name": "Veer Rai",
            "account_number": "50122318964581",
            "account_type": "Savings Account",
            "ifsc": "ICIC0000816",
            "micr": ""
        },
        "aadhar": {
            "id": "z20384z2p203z2e4y2w2t2r2",
            "front": {
                "url": ""
            }
        },
        "pan": {
            "id": "NGZPS9243H",
            "detail": {
                "url": ""
            }
        },
        "borrower_photo": {
            "id": "",
            "detail": {
                "url": ""
            }
        }
    },
    "event": "customer_onboarding",
    "partnerCode": "UC"
}
HTTP/1.1 200 OK
Date: Mon, 28 Apr 2025 08:56:51 GMT
Content-Type: application/json; charset=utf-8
Content-Length: 231
Connection: keep-alive
X-Powered-By: Express
Access-Control-Allow-Origin: *
Access-Control-Allow-Credentials: true
ETag: W/"e7-6nFOE/De82pD9eZVWqmTCmiJzI0"

{
    "statusCode": "200",
    "message": "UBL - callback response",
    "data": {
        "response_code": "200",
        "message": "Data processed successfully",
        "docs_uploaded": [
            
        ],
        "docs_failed": [
            
        ],
        "cif": "126615",
        "response_timestamp": "2025-04-28T14:26:51.493+05:30"
    }
}
Request method:	POST
Request URI:	https://pisoauataws.niyogin.in/gates/1.0/sweeps/ubl/uploadDocs
Proxy:			<none>
Request params:	<none>
Query params:	<none>
Form params:	<none>
Path params:	<none>
Headers:		Authorization=Basic WnNUOWdMOmNZekNaTQ==
				Accept=*/*
				Content-Type=application/json
Cookies:		<none>
Multiparts:		<none>
Body:
{
    "data": {
        "cif": "126615",
        "pan": {
            "id": "JRMPK7838G",
            "detail": {
                "BASE64STRING": "JVBERi0xLjcKJeLjz9MKNSAwIG9iago8PC9GaWx0ZXIvRmxhdGVEZWNvZGUvTGVuZ3RoIDg4NT4+c3RyZWFtCnicjZdRb9MwEMff8yn8CFLn2o7tJLyVjaGKbsBWIV69JqMZTQJupgHiw3OJndjSqL1NmnTd/f8/93L2OT8TyggaftMMpRJlskC7JlmuG4ouuuRz8jN5u02WlxRRhrb3iWBYIMEpLgq0LZNXF93usanaHvW/f1Svtw/Ju+1zEaM5FtyXVWcrVe6V0uhb1VZa9VWJ7nXXoMv19e1qs0HTv79ebU65mqXQAgs6er43TnXXohIMY4txQkaYOCPpGRWI0TcpeUPSIJMXGSbMfv2n9tCp8iVET/aMyPIwMeODwyC9UsfvUKypPu1jc1fpGNnJf9mfgqcsjIS/RI6aa9VEv5vL/lJVGq3a+oA+qOZOHU5KDYbBY8hNLaGEqLtHb2vd72M8J6NFAbXMoZZhEMnw3CdlvGRz+lXQNs05liZxt+zQAh2XXVggGabpKFiVpa6Ox8hKPAGKpXKOoaVelMokptmY+vDYKnSn4IHdqT/QUk9Kl0guBoO4DckxNVv6Rh33dbv4oPSD6l+mZgXBzBev9o0qW/VN6cWV2isNn/ZavdAsY5gZt3Vb1mrBKedmJ5/Wjo+E8QJnZntsVFs2Sn8P57MMM9Psm26nDnX/O7Y2p/h/tcM8wnFmmv0cWGiJLupjr+tdH8M6oSlwEENzKKB5lp/qFp13ZWzXewpX7NP+osC52Sq3ffy49NK9XvBEZmzdvE8ImD8lAnoJ5oGAfStRY0MqGDokt//LZ1QOi58FNg4oxNAnPsLEIQWBbIkLav2HuWPiwKIIdyLhHAKIlGOeeggTRxCTSDiHAILC6OYewsQRxCQSzuE0gucF5tIhbBxGzCLhHAIICZXMPYSJI4hJJJxDAAFHsPAIYxgBWImY5QF7xoY7hPM3cQQwiYRzOI1ICxitXjfZOIyYRcI5BBAZ3IS8Ktk4gphEwjmcRjAJc9nrJhuHEbNIOIcAgsNg9rrJxhHEJBLOIYCAS2rmEcYwArASMctP21O4kTLvbLJxGDCLhHMIIODqmXndZOMIYhIJ5xBAwHRhXjfZOIKYRMI5TAoqjYYRaLQcDvyC2XciZt6JCCZpAXcNa8zANs1TyAMrOY5dpCswc4ONDoMNbqrD4QFnbT7evGDaafBKpZQZWLy67DTa1E09vAyd13r3eDBvM3/R+cfry/XFu+vteuVeh/4BO3b0vAplbmRzdHJlYW0KZW5kb2JqCjQgMCBvYmoKPDwvQ29udGVudHMgNSAwIFIvTWVkaWFCb3hbMCAwIDU5NSA4NDJdL1BhcmVudCAyIDAgUi9SZXNvdXJjZXM8PC9Gb250PDwvRjEgNiAwIFI+Pi9YT2JqZWN0PDwvSW0xIDkgMCBSL0ltMiAxMCAwIFI+Pj4+L1RyaW1Cb3hbMCAwIDU5NSA4NDJdL1R5cGUvUGFnZT4+CmVuZG9iago4IDAgb2JqCjw8L0ZpbHRlci9GbGF0ZURlY29kZS9MZW5ndGggOTYyMz4+c3RyZWFtCniclXtpk6tIsuX3+hVpt82e9Zi6UuzLTN16xg5CgNgF39jEviOBsPnxE5mqvn27X7+sN5mWKSDBPY6HH/cTytD4C4xAbx/fKPmGEm8kQb8l7S9HpYXf+P4X85fxF9b55SjCbzD95tx++bgFw95p7M1Jf0HenOkX6J1Awdfb+stfs1+ZKC2iaHq7auf/5VS/CM6nhZeDKf8F+CAR4h1H39pfcJz6+0kDTmhwQr5OPnz8OCb/cdPtn439ZOBlDYGQdwj/wxoCwf84+WHun5z+G3t/mGg//P4wB8bzT9Z+OvnJ6e2/QP3Z2A+n/wTuJ8M/O7z9HHf8M+wfFuB3BP8I+19/+8+tbd4e2TSXfff9G7Dw7S3rkj4tu/z7N9cRf6W+/efvvxm3W1N22SUasqnJ5ll9Jm9TdssmcG+mpN+/0RiKAKc4hMI4AqMQQqAw8u3339wy5aMl+v23S1++pX0MXOC/QtSvME3jwBN4EL8RBEZTtwTCoeSGExlFwyhBonB6gxEKAad0hiIYdaPI9IamWIxTCIbAMInfKCLBvr3lWZdm0/dv2rePPPnr20/Z8q+4YfSdJD5xtx8DIRA4Q6IYQm4xQlFpRib0LSUziKARCqJwIsVgEr7hWZTc4jjJEihLb8QNopMbRBDRt7cuagECL8umN6Yrmzc1auOoyb4dP+BGb0k0Zf3t+7dvb0l/75bp+f2b0qUleDAt5+X7N6Zoo7SL8mj69lb09zn7uLWJurSNpvrzuE++f6vuXfQWR8B8HO2AD2s0pW/Et7cB/A2DMQxC/xw3RLwjL9xD//2bFc1F2X17m5doAT61qIgmcGmZoo9rU5YtH87ne/waphpNVbT8qROCpt5J8tPJY0l+ePmIRbH8fqSrI8Ywpl2HJytnWCZnwBl4ZfgjsrI8w+QSmycSa+YyuyYnzsxVnjV1npnPPFvbwkq5stXf5AKKwA35icM6hVNmZVsTlU+GM89sOm9C8jPBL07+vHDYrvPnl22zBvZWYCfXeSt/KtZaaJXy/PHzFSjAFOoT1M8P/I9/zseVYSyO4RVGZXjGVhimEFhmE9gjZTLy+hEEl2VM4eOH+ceXwDGrKYKAKJzZnz/uXSxwORd4ZlUEZnVF8AC4INKMqYDgmRZrKYXmCpIAiwX7PG0ir34BiwJEoD9hsXUkKAqkbqvl2dCNqTXk9MzzWhWLJJCsvjmVSa/aPaQ7AWrwNWFClmjVqWK7g+OJnu/BRei3eh36YRdJzZigFpx2KZZdR75QfKnAylM5qE5z8v0GL8N2VKtB9duBKIdxUvfl7CMLWeJ3MNGbdpU2qjo9l7MD61cfpqsQucsldnAa/H7riWzaqMcFom9fYCNBsr+wxejh0hGvSIPorsLfI/0K3n8baeEj0hy4iWeZ5BVp84R+3rsJAmsLG1ucWNdMi8TSSq0XFFFQrT6WWc7WdvfBeEF3trgiqHVDaCjrM5AtCOugVi6i7zlu1LpguaFsC18AIaj3V+o1qgtbntekge8NVSh5bYgUQ9TpUHoN0UxuiLw3hCKI5FJp1Xow3CaMru2pjfrRqIco6ka1HefJgJY4Qu/nlljni7AlsfzUOhVaLi6cxldE7yLsfqnxLO4Ioxtfgf4jhnQP0lcDdFUsEAPmsvLtqrpcsznj88SLkurybUNiAy9sxFeQ4HcU/sTkYmpGG8yR6xiX0RlavS3Dc6oIWBEwkRECu2ONqOEoCHef0Zmx2Is/iNXmtmuFDgd0sYJQEna7MBJPYWuIsih8QASzYJ21u9iD3ukXLoPFXLFkx+NbTUgz2t9EtC/LNafncrSZ0mRGTpWuFzmb1BU7KUfBHSr8yJVr1VASCNpVctxy2k1mPdnFF7Bw9J1CPmGBDrne2U5kzbYBIxyZtivU2gMjsuTNCriTK144WBl5isiEfmY2bzStY+Os+ebkd+OIuSSjIS62UanaeDp6LcGDhKtwrHJXa+pxEp2znOPgoQRnxonxNj6HFYUSvEDws+hGd6eLXa4lYyW0mswsh427LGQFINvGViBqXH5OOnmvAwJ61OG+ml/Awoh39AULjfWIW+O5KDZkcDgd32ASIjlD9BgQocEp5IVI1Wysu8GtBE8ru9iAbTLhcjWBGN2/LG5vBgMxbSCeJispR7vjLuUYE/m1q33OVkzTUPChxSWywkXp9uAvpwtDBBfDOFNmdgkV3F90taGe2nmJsCAwyM5AJaNjWLqCMV0suiBqJqQhHGm/ptvyBSwU8Ar9hBWEXC+eznVqPgKKkjvmwipTMzzKmKl3jre7umIPXtdxdYVKEHY07swjJrLjnU+uWnswc94AJYQFvSxhAgYTvTW72V3AQwh0ONVavQpt43CXcbMDzZMhhTm6HoTUh7Muw9doTqb1WWPUmOpThl6cjoCxzAccI3AyJRq3Se9Ps3T1Sh6cOZ9v1qhwzFe4ALk+xfRfTWMBbpFp21ccw+8LmwbTGPn04l8bLjm4N7ruiFTD8OMZnszlBh2v022PDc+XEoGhqgmWXTnv6iRPwn5WHtaKj2FQoOM6+9BH8tH7ZrK+oKAMho/xMwHTjqyheGE2UymEgAiw4Y5KNwIOlFGZ8nYUEkmkR/eUw0ZZDW655Unbz66l9grh0kGxu+3+BTQEEOwlWBls9IQTATGW2qonyTuHuKPUAYfzT4G1CKGGAyFgCcrDN4yiTFQcbqfQxz0L9507E1SGmYxJHsoYdolPLGPYcHUNdTMvlqAWNPBo6hFPOzaltEJP27E7TeJg29sJpKPfqYUuPuuilyfLzcvTsC7IJWp2kDOh0D8jl+qGChF9d0ZAwhNEQgZI9wUqGPDrhcqIjJTHT1J2MetygpvLORau4qRR+i6soWw2ziEgj0dGJMo7qUZIIjYrjw5nJ1rWO20/l9XqRLe14TihDxSTqY+DMEAbfJcuQIkrFBabQHslYGZoI2PL+4pg2LRW62Vcll4uSw7jSaHd2VRF+Nmsb/p9q3LstMHMhILGR0exxSsPO8d3twO1PmB6JmC/QAYBir0E5+ZwhuNussQYUbWaWcTKQv+YQXGLEgHMpcmpdQAphtqYQhIM5sXuiixTA/HsTXl0G0Q0E801L0N6MHSE7WQMpmi0QfUbmixwYlybJpi3075fH4+y3GqYX/dRX8Q7tfW+ymaTmJmXbauo6HCzGb7Mo5MCodykWrjBqFXhkho9dl4ubr7QASbq6qbUylfQAMteMld2mXaoS0LqGai4xOI1sFYuG/BRigHhLTOuchybQohYz8+R0fKZhQmva47kY/KPg4CsfC6WlrnQNlTNLMZUsP3UbKwOqoscEx4OYw115s0u0utA7yTpIk8drdJXiL+y8lmWEM+khKoTvVtZBOYVLqLr9dmszhLIRCJTBOFFMBTAit5V3hQdIrSN/3tcOA0o9pIba7U1Gb/67Ik1bgE2ERbEHY2RYMPrIMFDkF+ZnZpSSb70ZnSIT350DoKZzGyn6x1kQmXsGjX0nVI5JLhdInuR665pLnt41FsZ86xtJpU850WVrWElik37vBGesCpx2bWtEQVVvRaj55LQGR49qx0kDQnw0bJ2hwol3gRtzGTqwlOudawgeacQMPUFLgqQ7IULvkKcj/TOuhknBcMlT2b3+/XCHtXHIB2X60O/dAtUR/ogKLyaCDJBj4dsCaA2ttIg2lu1gYL0cuvqW2XqgsHl3CEfCJXTZpMBGkrU4bNAO+2IG1Zdl/Pdxx+7r4+s0hH20KG6v/EklcEJzeGsfJUnH472pl8ffl9PEnRKtohT7/YeyPDkzOcvMJGAXi+JS8BmzKuMh+Mk7B/nDT9f99aAOYNOyFSX72Hw3NzU3+0qbPaklwe9GdNREWVksVTbyg8PQxMy5AJPfWq3+nHlJAwLoTAdMZyQl1o+XqKHFHOG75J164ns9qhPnnlzkow96OnUtz36aC6h3VBVPhHgeWWylpMvcnG9tycMmUkcQ11BRZWLWR0ZZoK/BAa/vzoYFj/Gwt3OH6WuHIvhJOCZS2HkcZcDOkO7Y+krsluDVpDWEsYkXZ17pIxJkHG2aa6ovVarCXZgEIMnbgU02fxDvBr2ONmRBfXixbo1ON4TwtGu3VpuJ81X1g0aT0/tQ11dJ0dicGw32V2RgQx13ZXpmDE425KxbZ3IXGsX1wJlWK+6woi3y7UMv0BFoO/0S/XaaHn0zKSesj29mVri0XyA0Na1vFUHOEKpBOU7ctmEOWdovUUPETTE4ooadsK5AeiU1Bj2dRWwtzPLzY8rS0e1EOyrod5mUNDldk4vp1R0gmev5GwuGxa8ey38nEaNgibFq/aKGeC+0NeWrUN80NFzwUEVNCKQHbsPrpabBEPj3HjE7Z196No9NaII+gIaTrxjL2h1ebLNY6Yem/JxvfDuBh2tfogbyUaT4x1V5Sjb1owOr2WG5dlNU5Vnaj+uk1nXU0+ozaU1FOq8HENoJp5W73bXWCFVe70eQ5I54OyhSb1hFsuGKubY64Pc43rpnLLVA70sBFyvq3U/EFogZSzhIZfC8NXnYyFXlcyDa2IwURTFsOLKcvC8CX696dkTPT9b9AtwGPVOv/RvGmdWs2pk64bcAcmyW3QnDnJS2RmznMMZRwzjZtoae2hVDN2mNsK1jAwk/qklIaKMFMUjOhDhrChHERv4lLmOPsHLjzycbGkybgJiL7Du8rqC+rnu+DFDeGNipsZRV7I2CqBcVCSayPKK9xKIH3J8cHXZUOvwLIEVG3GAbVXj2hOEY1/hAex6Cd/RKfOgWC1o2mWsifhsj4aQ6GLz+VwLvd6VO6YwNlgomMEJJ27DdZQMI5pQeKAX6IAvHAI520XsIJSpDgtvQqS8j4mKQHTlwEFAj7GKkvSc01khWk89T7xdj7pY8ouz+pQZw1nw1cDHLXySPiuJ+7becLjN7xmiwfEMP20uS9IDrW5JGBFy5D/Kyp2+QIaif7yP/NfTZV66eAH6KWiuaePv8OEqE3AMG0FU4c7mPxFS7dSpk6/D07kaEW9gdaajQiQPD4Nt71UjNPO4KGwOtGLGW5JRQAkNj9pMOlWeHR1aRc6u7UOrqyV8nXXYsXGRJvPO8SHKGSUIRRvlNOoOlIhzaCyVJqU69u+WbE+Pqx4WnXXVEvaYBUHse/kX6y8cAeT6Q9CboLdqx+Lau4m9bmcpX0dGZX0LS65PUgUihnli7qFnZDqBp/iORMSYxNZF3bRD1EMOKGbDSVqLNSp4zABLw/ii6Q9/4VuVmu88PPqq2WjtnBH3te78cSKwWQuvCWtL162WOgHTLXF27xgGlLddOmCtA8SgEeXsquED8QxFhUv0zT5+gQYGbHqp3ZVWK++uJhIr+zm/yds+sFC3WQmA4CT1vslIQFUVyHLp4sjTVbdzjJWH6/KoOgvTfUq/CvMUh6Sqk+VpZZz1bj8gRcZzGahTygoP7O4nTYgaZacSsyk88ZU/rrw/ZhJnUcKShwNbGVHrZYZazChILugJ6ZtaPh3S3SkUmvozauXnyzN2vFP3hdLFYcCpl9I1bD3f6Et0D6CD6u7TwsvtHV1APpTuPOCy39yeRqu6tU6dJayoIrQLany7mruT24WLGybDwqfpvIiH3bgGufzwm4E/J1EeFys3nhuWxAlY9RAjaZw8vYZnup77Pjlq/SHulGfmHO5Rq2EbPOkZcSJhu7k/L9hIwH1moCmqlxHtsWv0JHfPHGV89pqvih8EKPXSuelxcSl4z3qiJpnC2e0kn6+LC6OSWTzhBD2P2m7HaNIhI2c9t1OA697gG7wfxwEpz9jtHBA3vwtQBmYQMjK4qHVxiS0X29yLxB3rDkgG0mUNjasZ2t+gAYunmuLGZU99uokfl2Q/iVz+3O8Ic6GYi/0wHmJXFfFz6+bF6DTVSM6KVgzW0XIOofTfo8JoQKkXKmNTFLa9Cfw2HsZ9Gbw6VCZDMiWT5jUL2o8zjjN07iAM1lwVw3I1vNbILEJCDQ/wvYboqLUmZunXIJEvi9eetooVw5sSQ2Mo16S++3EZq7FRQXeMu9opIyqn/Ro8JgH0Se1ZVTmMP6IhsW1GPXCgoyxQuxVWU7enpr52Z1kR7dhqyUh5HKMwLvJEm8Mv3lwDy913+qV0Bdo/Hha/vI/nQVCvzrrowpTbSoHMz25aLs4FHoeLIteY7MzqmCmh6KxwEt/ZRgM8uUWwq68ddb6neUPKCaI/MoQ04CkZr0UKIWLO53l1YVlMed6COjj1qI59CIqRX8OxRL35zNm4cC2OKzOlF3wcLfm0irVV0fA9kbsOetpRARN77MT7E5talVwG87qQ41foANFemlecB60bL0nKGeid49JhfN6rXPXQdEaZix66rW84XpM7dFSGmbrdteHJeE4bM/p1AF0cm4yOhCCWDI+8PeXy5GXEg/TXyiNHvCx40OKDVcLyUJHHW+A9s/EoqM8Zv50W5ZqZ9Cn01IGUYxo7tPxyWGIpuqezswOFBd82a0BqxroYdfNEME6UJas6ULcv2jJGvmq8BVpSBwGCUissb+epnR7neNHCuma5TdFLRp5Ng2OPS6i7N7X2eC72hZPE4tBUy5dAveBuOUmPUZqvaGlj6P3YniQej6zTYllo0DyOjB4ecmwtIb+/FgfUbBkrXbUkBZl+7PztPNB7slpbdLsVJLxyVMRLLGIy6WWoQLZ3sCRhi9Lr7IMEMb5/0bkwgnh/lXqd6qVbt+fphcKkrBhh2Tx37DMvsdTZc2wgyv4wTwHL7Fs7sL5b2cpRipJeAR1hWGnLT3f3jjj3OVdkPQ3Dp1Yr4Y7sVwUZromGT4FPKhXCl72u3LfH6ojoabpQHmpeLbl8ak+tZw7FfrRbBH4G2z2oGNm+JzBBR/RdqNgnk7EkDFqX05EDJOh05oM69gUynH6HXoJXgiqESLUWbpXtYdJmcrvW6QbsMtDZXS76iBb+zdoyhC9C5YxcJgEn9DvzNO5Q3UkZTw3GzZiyY0tZ/px1Jpb7DCMBM2CZdPGn/sgdhnIXusJGOuQKQe058h0WiI6KvZh8B12kbNiuVxaFwm0mbu6DEZB29fsWdGl8oIqUrCIywYDIwyTbSJKvQMHv+EvoVp3kPP3BT+7ttVjifABZo9hTyPOwmMKYBUSquGM3KryODgrCu27ohYRlBkfqNOO0oqgGmI7Vg7S4i54eMZu3T6SPlL6w6LGz61ptxeSmbPV2dGSnX1TvdAmuWuZdZVR9DtmSlXqPtEv8RP2RxcO4MmBd7WzLxPGDk+MX5ST5K7/VcLkD7W230Bfvy2MY9g69BC99nfHpYwXiV/GuT8ZDMrhLY/BHwTqA2m5UJx4HigMf4jIMSDhusftwweA42QOykw/6JZG2tD+5dY2eqdk0ZZa2s6N4uV1PHYSB5Qw0jpcGqXi+OwCxyPHuWjuXwLYHBUU/1lLKUQaL48XqmQ0o1Nmsxd04b8fHckyP6sI7xQCP6yPEBrLdl/3IgLJVzwX9BTj0cxvA5z8drtBRo8f9lHpgEWDoGB7KF/LpquuJLmpueTg3YX9y3DODL0iSGLkbbGhsZJmxyRiEIY+RN1pKO0gk72JktV1itFr1eO49jn/ihpanmVZJWrVsZT+N6L2BeG9Ibzv9SPRT+BTLTOtO7CVmDL7rOUPzEIc4YQnlTgMQxtIgLc86uCOmHDdeMJpJ8lWdRwDBXgUxyfM6wENnR5838T6csWIOMb/kHr3DQXe7k3jFHAx0WIXwEpD3bRpsr5Qy1TkJV+rJ6LgTyDvfo8kN7l0PXrbehH3bl61l8ulFCCWLvZ/n/rQ+ki6nbldk6rYwIKS72k8aoWajelddpgIvt2CvyinR+2kqit23xtpVWmbcuWNr5yHhicl6sDfxHMlfAQMkexXFuJmpttZm1MVN0Yx2hVk7/QmFmXEZGY3qjvx0EP04x6xWjw4VcUqRe3dDngeYTKpE2ffDST6I0eohoScH+T0nruoN8e8IetqUI43R1NFfdheZ08sSpDZYlJ1ulnppWRzbnqBtajd88yTkEabpggcKJhYeqnYsc8FkWPZraAsuPI3QS/YkB36XN5Q2L9kX/1HBYMCzlwj2+lC2CStGjDG6HuPlQB6RKZ5lX6jJjjEyI6mr5Ugx1/3qRzeMBrJfj3wqRYdl4ZMo44Kuud/mPaDdJGCAfM3MJFBWM6KmEyxck61IVgQqZ9CgkVwz0vvtJh8Sz6E0n4Lud9t8OpmtT3EFEx98e/hjM9tQtqO3ktsWLDyjznl3zgb7vGgdBGNIF9BH7asaAgGavbCtXnw67ettIsJaXLuSmUZNqBcy9OOJnmEVq7hLNzTBskk3x9BSRvNwN/ioZVSRHU652ZH96jOGSp7spaDOpHNYJ5g0iHuct7h5N/epAn0BenIXp1t2x0UQddvFLluXvq7FIVKh3MsfT6q7G8ZAwOKgwBy24J7AjSmaJultjFT1CcTwXWiEwQ/Y6xf5iNKAaC8pPKDjcfCW1PDrqvU8ZnverqAHeZblAsV5xnTYoKB9XRKiGubYieB4H4QBweX6qSHGMSwxoMofAyJej1J9aP1ZXHq6JoAU6TcuIqg5QHTIZeh21dK7uB9Fy7qa7cHS9tsmy773SDJZN2cyYgvlhK/QxA+LPB0deHONCeGicPLwYFvuRdlc6s6wg/35xYyhNCDaSwdf7p7aIX0/ceMj1UeHBssuNzXUNrSkuwVGoaan9hqRyO6q57Isc0vUpK6xRU7fZ1FyqulqoSYsIRkM3dd4nwL5XC0HhWTAElpV0UESXegiFiBfkR5q2vLeXPmRL4qn4VR3Z6+9fJHZi8SPjnyAFBglJfmcg3m6xUdFVaHuHk7BA/G2y6TfhSS7ioKFf4GMAjz7Y2sDfjiY2mje3AAHKrucIxR0XDpsbPxuToKQaJcJ7ftx8qvETpGorYhsWRKUJlmGftb2zJ6Wk6tZNQ+KewNmmw0TwhkHiLjwSLoqs20xFFsm6QZjfT9MtpI6R7r+/tvxYzfPb8cf+7rsMu+i5T5lf7Y/CCUBkV6D39qmm79/K5Zl+N/H47qu7yv63k/5EYEg6AjRR3BDOpf5X7697Gep0t3633/joq7vyiRqyj1ayr7TsqXo0zemyfupXIr235l0rA+r8NESuF+B2V8TGOt+/bjysVPtY3fSDwD/E2v/OsBpjn79AjJBv7+04lxE8Icz6+975t5cS/n+DeBzpqibb/3Uzj8d//8NIuseWdMPWfrr/HcsH76OP5vmyzyblxfEP50pAn4nXuP+s3HARwj7GAeA9BeAEcGJD88vZ17U3LPf1R3o/Ep8xCl9U4L8VoxFeTjYhi8WJwaOchG0WUohPXJjQHL9/ORvxx/RAsc/58GPKXvdKNWx0nvabuEpz5ctUt5F6dZgRI75xYFr/HhdvioXOPYOv8QvKZrLZp01tq8s67miMlj8wRnPdu659iRnPHDH5UQIzX/8BUb/DzaSfEBmPn2YXQW56g3FCQYVEuspFOuTW0aYgshtND7UOnQYxwroNMyiacYYmOGeO1hjVWRtrweM3pRPg6KACJd5P9Eo7nRqBQ3R0BaQNN0eA9PwtmhcWM52XfIwDpp5Y9SHHp4396sKjxHvxAvZ0LFCaA2wOKm38cl6eL8hy6dXHO6jswf1yYm8bcvt+pTTFsds+8lDXlrhcJxRfnevFSggU8te04g5l3dBbBsFounpcY18C//4x2m2kdWnwZzM9Y6g5HU4w7cCGTlkka9x3ed4z0UnfCrph35Yv39/TelP0/ibmj1f83vFIfpVXT6O7C8QooBgLw18j6ssWfSozX7n9O+8/ebqiukKbwov6I4iKhzjKIb+xriObFiKE7wZ4pui8wrzBuF/Q97xd+wdh78DAHAM5AwMlg4UBuMIAmEUDoPfCLiWgaV6goEzHAVnFEZj4O84gt0+7v+b7ViC4HxnBRnYfVOZs/KnREMB0V5aV2PAWCxg4zufNUX5x4hg8mNEEIGCYaHQ5zf8N+P7n0P7U88IMP4So59B+Bv3XdF/O36G+6dIfsafy6alvIGyu2S/a4oirxXHseOYM6vCMrkiuHgTaTujs3k9FnUp0SvEMuYsMjzHHnnhrDG1xMCuwBYayF9sMx3myOa695ktLNM7hpDCUSs+g6uZO+A19sU6sFk/8Lc5vNa51XrPVGrm6Do0SffFbk0UBgn/QpUHPl4rgt6HPjwEiDgnT1aLwPGn11Tyas2CVmkNeM80z8Jm8eH1BEV+iEc+3imCCKdS8UjaBsoc4aIx0CcEwdIkbc9XjXchzWJWPg/4T4PAiCKsqZz6Q5G0IqTZwXpiPo2fhA3mYsQC1dFq0nLN3ScrK+LpEfhfIIFAYr9UpzmD0fSx79WBfypCHrR2tpc+vX4MSds0B0R/O3Os7NQhrwjNPWxpKEbTJqmEUuOYz6EzmxaqEjaYCF2HNuvEyAYgNo+403ITEvJPg1r1sYuWycQVemoO89SqAJgHWCsr+rgG/gauJQC/gmqOGGmKnGrmvHLmB9Sv4IBEf2lNUxLW08mphE3jqH/A4Aqt91z85HqeCCAIlou7thueTEgEr7QBYuB5QnFx68b1bfZilezJqa2T+S+z84LhCGCIALGJrfxrFsDseELob33kCLHGvjKSszTbrD3FdnFBERbWEerccUXjvweC0IA3L21pCY0NHl+Vn3JgF7aFNUFrNz0lt0UhB8t8w4I2VhF11hYaDsz7xXTNTd8Z+IMDLKM559oCLPYM2xM9y2ZPluAZL4NCI9muzoLXi1OyrOcBdsOnkyeCYUJB/jFs2xVykI1rnoOpBnHg7FGylRjlPze5ugyDfbGXBaEAX15oWH5l1lf9zgWV6QG1Ta5MytW4PtHm3rEHxKH4eFY36tx49dMwD/N64ajHk1e44sqUZ1uJpAg9T6doPtNe/8Ck5UU2MoaTJ79AG8qlc2FmMXOTSgrF/PQS0ccLRdpmyoKehLKeUsg2dOWewZlo3LFRx/h4eNpsUWwNJyLCUr8aZUDcTLrbr2r0xYYWhAQUeulNWyMcRlQKZnRU7GQcj2565nRtkU1TovsbinsP+zQqmH30VTMxhBVPL7K8WWIgJXWLvvradLvMd7wWNiXe6NQFgckOQ+ULeqcNSyL2E/0ECZps9NHWTYKmqI0e5swgcdxON6LceOaREsR9QifiRbZ0lC+5Hy2UNKpmSt5E/nHMYYRWaZ/kvngLEiHh9z82INlApVR2CwtC/IxdhPOY/GOPrlTloAeDWs0HO2N85JlsUuyLazcKJIbGsTOzqiBzPQtqWE5bFTNQ1DVgQfbKzGpKXDlLjGmyeZWozLr+yKvzKrCsw3GMqfwgb6owNnuoOJbeObbIAylQTnXIKJwmr2uWB19lIIG9Iy+p+cN7rqxxvs0mAtb6qJZrJVv9UZs/Cjn06TW8anlwPTWK7O2hb+ag4j0VKQQFG8oTpOniFlTB5/p5PQYJlF4t0AlwYEQvPqteyRZxa37e+2nw9QD7AFW/SUp2jtEkB9V/j54sBAr6PUHE6o9yedekVWJbjvsCFk68ky9YoWSqjMOWmsRIHPcRVFdkV4V7FSrR1NzG6qMPOMhnl2tfQ3TzRD490rapP6BGUtNFkgcgbk3aerMi0a0iiXuCek/Q6CpQ0NsXDFTJQ4muUh9u4s78KRZsm4IbX9j/qIoW5DCmfGQZZWV4pvrIky8gYfQ78hKTMtA5Ms9EuVU8P70GfgHHHD4Br0VSszDQhEUEFqLh1bxHPgaKk3j/zEKLEsBxAzKTDT6SyCJyUG6iHpyLow3OlR81yPhHX/l7yxBZjaekP7oFZqHeCFKgSDnWAK9LAJwqYljEIEaZzUogZ75CAzj0Eo4gJ7ZXocqAzgAy4TMxTKRoYr+pgAbZFWEbwDEEEm2THSZ+Fe7ZEQUd6BFrCLtmiNskN68eFEn0M7pa+Gt6TWrlXxAsYQ12g2dW3TE3gX+xEsgnh4V+iJ/tVDH163rtyO7pEUriFEoeAnq78x9/+QINClj00pHAqyIkudvSRcituekXSwgCE7QiEDyAx/nnaECf0naNF4C0SA2r1nLbx9sYtR4pSELNVlbl1TVfjU3Y6j4uGx6ImAY0skcsA5w+fQex4k0bKAJe+KGGPh4CQoh36xXWqxrSeCQ3CAYvqrRPZes1vcnefwEGAdx5gXmc0RRNn/g9+BAt158941WMQIDu3hqj+pCCqGc2/boP8EdzzHuAnmbtg3CgQL1gMGatcSrD78qqVUAhVAoClAIM9C/k90BGVMx/FTis9mlAWU1NY0aGEyD58ZCyT4Pd7U5r7Kf2+AIOTP/9s3YpD+YDVM/BxrnbeEP2dB2r+3BmRm2tj/F4pXkm/KGiOwi0J0bgeUaVVss3OGx7FdxV4VX+38htxuA+PkQUOw24d+67Pcawwx0/eCG6SjtqiDl0P0nz/Razdzy7FWT9khkI3wTdRvZ1Ktyip2nOBOPu/GP+ChP898/RyfCTtdlqjsIeva1sbrqKFulqqtqTpUCZ4fBj2ZR7k8pjBcPoDcvc/dOri1RYXye6LZLOZvpata1PjSLM2SQeW6iS0VSwhVetA4ahh2G72UoquncMoVTiKWMnVipCe/fvI09I+qfBwij43T7MNoJq9SqLIyRdsWwqvJt+9MnrObOrXcT2tsoPXwk8CFDp1V1J8uE8bU7PEM8K+Okm2pTAGIkBFv7znpCHT6/EluaU1eR7H8q9JR2l0R3oshtObkcayl7IJZJRWgNWSOly7aEunmAcWrSMCu1HgNy00uEC+HM1/K9LrdeV1zL4+GNp/I9FMzj+N5/K/P2/QoPhD2wwTX/sDgCVgiJ/+sAtShBAmK+//BUImLdz2ZZLlr5x5ZTcm8+32N7+7xtn6OJrqcn8Y+vm/wODST6ICmVuZHN0cmVhbQplbmRvYmoKNyAwIG9iago8PC9Db250ZW50cyA4IDAgUi9NZWRpYUJveFswIDAgNTk1IDg0Ml0vUGFyZW50IDIgMCBSL1Jlc291cmNlczw8L0ZvbnQ8PC9GMSA2IDAgUj4+L1hPYmplY3Q8PC9JbTEgMTEgMCBSPj4+Pi9UcmltQm94WzAgMCA1OTUgODQyXS9UeXBlL1BhZ2U+PgplbmRvYmoKMyAwIG9iago8PC9DcmVhdGlvbkRhdGUoRDoyMDI1MDMxNTIxMzAyOCswNSczMCcpL01vZERhdGUoRDoyMDI1MDMxNTIxMzAyOCswNSczMCcpL1Byb2R1Y2VyKGlUZXh0riBDb3JlIDguMC41IFwoQUdQTCB2ZXJzaW9uXCkgqTIwMDAtMjAyNCBBcHJ5c2UgR3JvdXAgTlYpPj4KZW5kb2JqCjEgMCBvYmoKPDwvUGFnZXMgMiAwIFIvVHlwZS9DYXRhbG9nPj4KZW5kb2JqCjYgMCBvYmoKPDwvQmFzZUZvbnQvSGVsdmV0aWNhL0VuY29kaW5nL1dpbkFuc2lFbmNvZGluZy9TdWJ0eXBlL1R5cGUxL1R5cGUvRm9udD4+CmVuZG9iagoyIDAgb2JqCjw8L0NvdW50IDIvS2lkc1s0IDAgUiA3IDAgUl0vVHlwZS9QYWdlcz4+CmVuZG9iago5IDAgb2JqCjw8L0JpdHNQZXJDb21wb25lbnQgOC9Db2xvclNwYWNlWy9JQ0NCYXNlZCAxMiAwIFJdL0RlY29kZVBhcm1zPDwvQml0c1BlckNvbXBvbmVudCA4L0NvbG9ycyAzL0NvbHVtbnMgMTIwL1ByZWRpY3RvciAxNT4+L0ZpbHRlci9GbGF0ZURlY29kZS9IZWlnaHQgMzcvTGVuZ3RoIDg1MjkvU3VidHlwZS9JbWFnZS9UeXBlL1hPYmplY3QvV2lkdGggMTIwPj5zdHJlYW0KaAW1mgmQXdV5oM/d79t7lVqtRq0NISGEQEICxC4WQwADtuNgD14SD/ZM2Rl7MpUpe4JralY8TlKVuMax4yqPpxhPjAnGhmDACLMbBAIBQgKEBJJodWvp9fXb7n7n+89rYVw1lSpSM7duv77LOf/59+1co5PntlJ2qlSulKUyQ2X6kjtOQz+zujcmr4wkTW3LThPlMDhVqaFiS7UXZqs+RqZxaDPRtAGQJ4Zh5MrIlGkow1TcmIq1OMwUYMpweMscHjAgV1auVwUqp54Iao5GQ5kyLZMVlGkxPs00ziY4y4tTCOt1DXnFoaHpmbFSkSySFvgFZw5H5jACslRmGiDEEhY3SZaaZlNjCu2+BiaLxLlnMzSGDjn1WGB0mQcgoNr841SxMvNMWRAui/J84b9c8747W66YzwFeQp48lpM/y2LpXLDhMFViqvFU7Xrr2KHxqVVLhq7ZMFi2HQ0zDcPQ9zzAMtQURus5sohM1QcDBTy/+pnAlwMGyxU/nN1X+rn+gWpTo7rw/hQ8HmqZnRoJhA+shQhhrHDMRDyazacGduEkaZLkuW+7Ee9tM1Dq3mfeGj85fcbyZeeuPW1JSUGJrQEoo0u9XiA3RIP0UnBMsO4eIrLffZDmwgitx90XIlwZDEIyVHQtUzbCEb1GUkaKvpqZmSdZ5prHlPr39+769b4jdrFodepXnr7065+6dEgpF7GbaKvMluW7zEHGHKaGL9fCyQ9wQ14uHDkKiDaABBotbIc3moyu9nApFsFcYGlwQBNIWkZcM1FmyQheaPL0YPCAh1asXN5CVdc85L8+8jSLLHNGqT/+c/g8ljmlLIyv2XTGnV+6aqmrVJI4IG+aXYNeYG8OSgBAJaDXFCRkXRDhxcItsIVoXvC6i9KpS33HMyCgwAtvZSTm331kOGai1FOvvv343netZWfOVwbV8Mon3x57fO+UCEdzFmayvkxaAAFneRTlBmJgYQMhiJz/L4deSllMgMUytguB0XIBWpn86ZMHCw/zVKjr3nVfCedlBY0EyHDJpGRhTXFpoko8gncqQZtM/Mv9Lx174ciUM7yuU16WLVr7yMsHfvX0HsZYth1nsq6Btz0FQq7AR05Z6H1CQePUojJWXIrGrPtQTxdfzPJQaKK3TLUs0Y6FQ2SFNqkgVomrjs9OO8XSfBRbnh8kHccujc920EY3VRYy0dBlbS0fIdkAYqL1Thw5C3Hg9xZE3x3PYrh2eXNKK7tYypMuICBgd10bEyCCIP+wAy4MT6tzyiR0SggTAZh6dU29wBGOZPJInLSMYT3BRnTjWH2uxXUnN60KfPcLlYNHxmJ1NhBdW5sBcwQ/1uIfs/nl0QI+8karAuaqRSvSFvjdk7fdgxmcpw5LPFoOx08BM0TLAO66/MuWjSz287CCR2nNF5K4mMSLykXEYLriB8VTaVigjcYQOYUWcSY8XdDR366ukeM172AQPEs1F2QGB0+7kwQIJEk87CqWJuwUHaJV8kCPJnLCR6axrF5ZgDhd9eo+5VcsRp7LFW4aPNctH7Ha81UjKyRBIZ7309bo8CBAUQgZmOnoLNjqP1mNP9EAeaTPhf+8FznKa0I0kDXvuJc5PCUmo4LYu0haRkmolzu4nSXKtgQ5uOGq+OLTV24ZOfTS4SOu5fpRcOmygVvO7cebNZPQtz0YRvwQjmrnAR5YiWiyICKmARxuTrF8AUmt35ID6KQmtw0dHgQFACRoXDcPMTHiPLdguEZbYItgOYSOLiyCuX7ygR+wxmQFH+23hCTGGiFzZLZZVOqqVZXPXrzpH55907J8M29eeObSW67Y6kMwyxmGjViEg/ANNUVsHCBGCvXbxU7ZB68Ebw58GjmWFZHS6HvWckTzAENqgg+TgV1CNJsUTMQ3GyxmxjiBhipOK/X4/mB8srGst3rTes/TTkcDE8xdKFkQNQDgMmE00kC9XPwDKMO4hVVY6NRaUA8jOZGFiJXnYMLILkrQV5IrfP2CsLor8ivuQAaT/YkP7o7v/gKE0WDVpZ4LOXPx2aG2uZJ+xSotpR7bk+w98O5pS2of2baY8O6Jupn4LFBBM4SVH4DDFIIsPOwuQYoChguGokfiMnMUGGbhWBnHCPJMTJJbsmPmT7RVKxQtXlpVZaV6ARFnluCboHEt5TeU0VGCKLowqBdoaAy69EAhugBA7FL+pwlLiDabFgpiWhZOsK6XZiTIsbrGMspVhJ+PlN9WBpgcb6p6S2EknquWFGXYAFJMIqFMlBpoItEwzFzPhMfkrUEm2SeIscTRpjoxl7uuMVhWQ0WhgugkRYBemgEwEB2q6eftTIWWmte8gwro6gc3qgZTsEUGsKU7Hrq6MoPLUDE2qWDKkn7V5wiGsAs9106U5XS58T8f2T3WitxSMQ+bo1X3livOm1PquX0zz734Rj1MZsJmlkUDJf+8lafdsGXD6pqJG3ZyN87C1DLu3rHrnSlEUXXjzmq3/blPXPHOial7H96ROr2WU46CcNPaFbdsXYm/acdBxfFF1USPsUTBeDJWf3H3ky3T9z07q08u99QXb70us0zDKMPfN6eiHbte27n3QDPMm4ERpK7vuiODpXNXLL7uvLVnLXaRoigtWiahQ/meGcW56RjtXMXk+JF66Nl3nt79+tHpejtVURTZaXTWspHL1q+58cp1JU/d9+jenfv2uuVqGKleK/3qzVesHCojnu/86OG3ZpLUq+Vpuqxq/dlnL+2xLDTl8V37f7HzQGCWyFayYP5ffv5jy/rVniPJvQ899uqBo8dn6qZpFWxrw6plH7v6su2beqq2GE0W53ZXc18ZP/H2fJo4hSyOVg6Ui7Pqvh27Dh85WXX7W2TOvUPknMdnZg69dujxNw79yac/esmAMluqVPJQ3h1vTe2fV5avjMbkef35jWjlwMAbE8G7cTsiswxnD87ObN+6sp+kyPFE/kQEEmRco2XDyh2vnXhw71hYqPm24cyMf/XKTVhPYtgY2bd/9srjrx0IMsswS/CoWO1JnNJUo3FyvPHqoeP3PP3KRy8570s3rOsxROngeJ4EyMdz3Gaq2pZ6bF/wt/c+9PaJelKs2qUl7bDjVBzX9n49PvPk4V0/fP7g179647MT5i9fniz2poll1tL6Zz9WQGHbhnr6reMvz4aJ3zLDfFUp+1ouS8Cr/cfqD7x4MCwscm0jac9tmlD3PHf4Rz/9hVXqSYyiWe5Ns7yexNMH60/t/uGt12y74wsXQrHnGFJRJsoMbSeDDLOMYhzNwx88uGu62eoZHFbNrOT6M3lMveT2DBI+jjZm7rzr5wOfu2Vj/ylP17M4MjLbLxpGEldTTKFmqW3btu9/8XBYrPpW9eDJd3a+PX3NGoKkhL2ukxMfr9TJVP38mVfiyhKr2tdqTK8YGrn48q3EpfFY/YcfPPb8eMPuGw07UdHzSnmUpkmD3KZaNvJyGvc1lbrryT37Dxz+b1+7bin+IUl8RCRRPk8s45F90bd+dD+GkveO5G6xlcalsttpN8M49HoG8P7vNpv/5tsP91Z7SyMbUtOI8zim5vctnACn0ztoZmFolBzbNCtEFSEWyzGLtaTQF5cGW2FQ6av91V33z9dn7b5lcQ7xkWPaqWFnZpHsBQv/yaPPFzz7G7dtYa7piDsSL4coDMOJUqth2Cc7nbLvZnMnquF0rXOi0jxWDufSsBVmqdvTM5tmv3hqJ74PZ68demLkQZa1DCskt8ZScLLbzx2tWFzHkXJSv2/H83tRXjIGKRY5cc9gptTO/eGByY7hVUmK7Sg4/5wNtZIEjH/9vSefHO+4AyPNZlAtVhqT0+HsXDA53hfNqpn3ZuvTbcNKnEpWHn7pePTlO+/DPxqS4VJQoHfmWyfiO3/8D8fsvjotGd/rdFDMljF9tNY+2RtOWnPvJbNHSy6NmPTE3GwnzTthmsWpEcdmlhIn0AAiRBJ0HKJtFEgdDLFd15xneU6Ism23YLqlk/WO5ZaSoO2E871Zw20etzqzvmUEACz2OYPL7vv1c3veS/GQtmgApux6aQe3IxVxqrKyZ9ba8zddtuWSM/txp68cmX7guZfeC/PYcOaazb5qz8HpqYlYlQwSeJVGYU4TRtlJEtmWB+s5V9bU5tOHH3z9oFkdcAs9r7137PVj6sIl0oeikCF+I1Xczv2/2RWVe+C41a4POPE1F48iv+/97OU3ZzvO0Giz1SzaeTJ5+KLVI+dvPHPF0iIh7sDYxKOvvf3aoQmjsjSz3bg8+M78+N/89Kk//YPL7CR1bRfb//59O07ioXtrbh6mUauaNobLznXbLzpz5Uil5swHau87R+575MmpyDX9/jjTPg1vZTk6nRJfH+OFMlWw/dzOw7hD8IdPHKT2URTi/LDI6amZ3mLBjOa3nr70tlu2r1yipmfVXb94fseuNyt9yxrNNslgFOWvHzy0ftlqktoCAR5HjPL7mfJda649WzXbd3z8hq2LBDT6vmJt/6rhj/zJ3z6irB7fq+SqfWDy6ESgVldUo618x3dNZjsZGKdSMBBtieDXbV37m317AhGfN2k4D+3ed871661UFdENS/zGy+/O7h4/1qkMeypxWtOXnL1kRVHtnsx/vW+fXR6d7zS8PPajmdt/b/OnLh1FeMwD+GVLh2+9YPgnT7371z9/1upbHhiOU+x/cOe+Ky7cvG2ZxM9HD6sn3627lf5GMGNaRlqf+PRFZ/7bT14gThyT0jX3NctGb9j8uX/xrbsn4iAxwd4i+wJPmgN4CUFQkncz474bZHVCLkHX8cjscGJYZ61WtTtTV29ee+ftWyBZUrWSOucrF37tL1uP7Bkr9Q5RiwQN692jx0O1WjIhKVcs3LWdZEkadip5cv3WTZsWSQ5UU0FZReVMnVVV55y+Oup08swMwMsvB6lOB4t4h4gGEyxwHIemjOSPOn3eNGRsGOqNGvOp6UZuedfbh4/FKndxIEjEwNh/+dzuDN9LnDayohXfeOlm5j6z+43J2I5UZqnASerXXngWXCZr7FGqmuZlnFWSDSn1+ctW3nzpZhXWkVnkFmeM0hO79+NbYdNv9k9Mph792aJDHGicv24ZXCZvKwSK8o6LPiJnOz2zqu744q1Wa8pDTbIUAizHwchBXrs3K6NqN216kAW/gAlCIB4gzTLbcUlLeYXHWORn37x9i8ZNFeOkqvG88ZKNNnmGMhud1PTKU3MkijhnYTUhJAYERViWxoOmdfn6YVQS0GZm28quGOJ2B8qekYXI0zQ9K7JpDTEfxaSMN3BjibSe40xyrRaLGJJTX3v2WTaASSGd8lQzfWr3BBEM1pB3vzKldh2espRXMezW3OyGdWesHaBBol5587gqjURZ6lmdAa/96WvXFLAz+i1pLhVpnuI+MDLO225c30OlZcS01LPa4l1vv6cZpN46dMgoEI7oyMSFYOYPb7pKAkmcl5xcHGOAoqqKb3mJumK5unzNcNKcs8khHNxF28UD6qCX5E5qm5GROo4Xh4mEMW2mUt1kVGyO6fpBc+6WSzeSzvtUy/hxi8xCkp/TTxtw3UKbrrzbEwnnMAqZLq0s/Kb0gCzy17jq5L22UCIHfSpKbywOEA5Jc0SDhsVMaelKRSdCAlBO+iLVIkLjIe4DdScfumDN8PKBatZp2KYdW/6O3W+Qk8xnonf3PPHCTF5wC2UriXqt/KbLN4LK7ExSb8WJ4TqeH7Ua60eHlxiqzAvWMI0kwcrzLOqgBJRwQ45av3xxUJ+2bZsU8GQ9mKZ2An6jSaJumU4WRssHetYuESILjvgAlaYO2kKmlUodAVM2rhk10yhN2GeQx1ae6dqKKeQGcgoTREByAIBTfrjPMs/Kq26OFNkDkUE6kYdfRTvzbFQehuo/rRbS6hQoYhrkJB1DtVwnQgocLMLiyCFhXwVGF9H4wMlD4pM8p+uvrQnVYW2pdqXSW+C+2F2uhirqnOX9hXAK/bfL1ddPNp4Zkzpi37Hg5XcmsurAfBJ35qe3jPRtGRDeJWknjucdV0VhYht+b6EHAWv+aDSkE5fLvkIasdnB+F43L+VxUW9EkPE0O5oDUewQ4qUAN6quj10jmBSfCtK21VZpSLfYydu0nnFH/b1xEBQdF2xRFzOX9gvj3axjyS6P1iUkoCnVXDdw53Ye2VloG3mhVMGmpYGB5gmjpSHk22bBSoHgpm2isZPHCA8tFEqky4JXpG+IFAUj0WgtPUE90c1fF2wyZA6jdP4jspFDenKsQKDJMke3AOCHg+HSLsF7bF03aHfyuNPJVODV7v/NPtrqv9q9fy7DNl3cddFMP3H5Frwb0sUsaNlkVA+WlyWmqzBl6dQR9CHSEJ9hEPW5ogRAzC5dH2ww6FBIsvXDILD1HA/3ZhhWnORhlBMewdPGrMkcYLVomXRRbNvkVb0TOY6bAVMrXJcmFhUrllYJDR/p+QBBP4RfQq68BT+Vue5Cvio5ABAEAdMUZLByst4YE+ERWNHlEa9kpq6Vlcy8YqRFK/OFPB7SrNILdH9so6SoBHSHgK09stZu3COzAx59URhEQwB1oI2AAG1HIJ/Tr9YtRu1C0qfcK+0/MXffW+qZQ1OJW4zDyM+ydSOLz1/lwWhXZX2lcsHx6R2LyhnexMRxIETkaySFejMK2Kny0szGy4P9san5TLIdobHsO/1lGTYwMEioYLhX7DlyojExLYwOw6Z0NmSvKPVgeCotdUT18hvvuA4qCMU5IZoxWochkoLbT4xCbLgZEqYTLe13SEN9pVODSDAM10hhkTAQbMQB6B6eJFoW/oEQShZGt4KFRAM5U3G8DtzKTZvGY1d6kKINCpBdX8Vy2JZQJVD1RJkrvMdMTdIJxoti8l6IJwPJMPCrtmyw4qBU8NM0jUz3p0+8OIaNk/EbqRvUr96yAW/uYH9JOlBQI339ZtDJ4phSc9/YyVfGFeUqB4jKWlx5LpqITe0eV68fPm56Rde1405jUX+1p6w8Q50+Mpi1ZvI0IqefTewHn93P+Mwro7Q4OZSdfVA4QsK+f069PT5jOIUwJpnWdilLdcmDj7gBCVw6xUOjIRQc4LJwRXIlrEZ0XcZLhOvqo16FKdLNEcMyxUeIJMTm8YBIKkssUoeYRhiMFkYBULMMP8BdxrYzw8lEDDuBraysh+knJoWVaSEnyTpAT8KN7GtEKMK2dctWLO5LG7N2GsZJMlYPQr+Kg/CS5oah8tUbK2gEm+sIiIvLNp7ltuslJ6NtMV1Z/P3HXh2nX4LtADZLwjxvgpSt8D/fu/dXHb8vNtHR0Epa5529VnAmAp8xOOI1zajRpIU0sOSnT+z62e5j83RiukRBv2mS3Y+F6i9/9MSh2SDGo7pFqdUkTAq/hGV55mRioKwKD+AxjhDFxC4zcgYGgw+/pMULTBB+Y+/aEwBBhwgRAyzHKQvXhInCGmCz4Yan135DM1rLVquSrC0uDkFJpStrCGQ9YOGH6rJIaY2uyUENJw6RrCXDLVyy/vS8fmKgin4rr1TFe2KueXP68o0ryWoBblt+Vz2u3NwzwqjOrO0a5J87Dx/9rz9+/s2OmlJqzrTnDWPeULvn1Ne/+8s9R2dUEYHFTtwcrZjXblsKPoC6YNTdvHLAihqea9fpgNQW/5f/8cB/vmfnnin1Xq4mDeNAoB7YE/3xnQ/sPnKsMLAYzUL+aJUOZeKLgbPAciFZNId/eC9RLBygdtdoXFdhZbCmOE8pEzQjdcSSJgPBFbVgBATSUWJ+mouCejhaes20GbWRBpIkCdQ0SR1iR5S5yg5Sw7XYC8ZyhCrWSJPQtQo8SUiZE5EeB7ZvykYz+ZiNOV+7eemjTyVTQTPPC1aUeAgtaI0MVq66gGJQ6Z6eEMpckrbbrr/oP93zsF8pJuyUlrxHDhzb+ec/P/v00eFFfa5vHxw79so7J2Y7uVUbIu6XrTSbmfijW69dZUvpz8Hv7X9w88vf+l8zQdPxy5HthOWVP35+4p4X/m7JQKWE/Jrh2HRIq9LpG+jEfMHBupKbUUQQfBeIcrx2lkEUZuRAqhzdhEq8M/0OBlKgdZ2qTo1En2UXhdAkkhEPTWmDOQR0YGF0QJ7OSzLoJKFPVrNtz3N4Iz0j8WmyMCKW5eXI6abgE+J2hxSLA6o8Urqw3d2honLlIY1mepXkKnyIQgbAo1FfbTtr1d/vmbAqFYf2QdDI8M7bL6RUw48TSpklm1Q6t73x3MV7xs568KU3in4lNUpmz+KTnejRNyeMvYex4NRwYrfXrZZt7K85pVoTH9t29u9fsByBIXY0A5TO6lN3fOH3v/ndv5tPeo3yYGIW7UotdeL99dk07hQKRdXXC/vmZo5WyjWCk3TTooivUNDfJDfFUeR5sUD9GHlkecQMmkya20I+nEEuWdrpdBwUkGVFu2ESRYt4Trwg2VfJd9qNuapt9vb2oMpmQXnk7ZIYGqFPqm1mjSASuuWQYMxUoDHf9D06w/DbM8yq55copXRH0c6zkp2XC7SXYgIIU9BNvTmEH3fE9ep6advGM6UcYEslCh0jHak42zctI3KasjUiiKIQMJ20Ds/x7z563hcu21JutVUzTALywKJX7vFqg05tuFhbUvOKdrsdz84Ww+Znrtj8jU9uq2iRk2GzFglsn8puOcP/m3/1iTWFljl9pAp1UZh2Agqk3p7FlrKjuel4auzzN1y+dfVQ2pxxqIAt6CAK8cWSGFbUbllse+ZJwchd05CdT1SBIBwn7FV6lknnlmGuI/pLf5X9u4CCX9cWwvuoXTQSdMpM2q3mHHMpa+kwKbcxZTdTp1C2282Sy86DYAwgyVrEAyEtQ9UnvcZJBJwHgRM0zHbkK5eSvhbVrRNTdrnXaswVSj0kWxCMC+/mCawhrgmvyycJFt4wxgnlzebVF6wfZStd4rXkmtgO6ScLiVNiwUz90ZXrVo2e8fePv7Dn0Dh7SxaccN12J6KdUraNQtBev3rlrddde/lKBZcNCmubbo30IvBrYafuOaVLV1e/983b7n7kzRdfPnxitjUXNWzfYzdiUbU8PNp/80e3n79K/ccfvF0ruPNBQBWOweOaQAJdqeXtatCKo1azMVcZqWC+luz6k6m1qvF0Z0q0oxTNZI1pW0m5wxSJWgRaaAiV25lJZuo+ChE1jBDQEuiNAVd9+dpL5zB1kt8oXFbwqjDGklqHaQI+z/oM64b1o6NV9uy8nA92os7aQT44yGsq/8JlGz9tF9E84t6Ao3qFfRKfC/RbqQ8tl1KlaalHX9hD/wGv43q+b6XXbT2D/o4rUsQCJBcSB2WQvUh5UtWbJtevNrevvvCFA+Grbx0YO3ZirtEsLqr0VQpDFe/Cc87cMFpEkRAVSoW3BI6oBVymK1KoEWgQ2ApL/en165pXrxs7ls4n7enpmdP6lwz2u5UeVlPkIc3JyYAGZLXW6rR7+iu9RTQs71XGV265vBkVcstNs7DqpIuonTQnrjl3Vb9vWcUaqXDWmTt/9SIPdxwHtCB8tIMuoOEtqalvfvGTQGUnlwJyuCy1vpFEOD35PAenDLKcpK0QjtsUtGGEMK1F9hpaDmM4GAMNnPTF0T3CI0GTURzQbLLTQSJEYkSfhiRUmXXDeHpSfeO7P+mUBg2vFM3O3Lz1jDuuW92vUlvKUREq+hAlqc1GD8qr7RT9YlsHZ4UX6ogMxFMxFmvjhOwu5agEBoHKYMA0HWLTfHe21aRrVijQN2h1OkMDhT4+cujum+i5yJIu0Sz73K9Of/uH93SKo4Hyotb8Teev+uvPnF1OOw4dJ1RE3K4czMWnEdzoG3ELWP6DDHwgHlArCl7dX8ma7dSk+7hgx8zlZBoKLR/H2MRRSWDwxVmYGXglSGKEAIMIug8U5/qONp2tqxpcPlzAoRXY4su4I5EmpzMdiwn8ByDiXVCcnz31Wt3tM3BNadxvZzdevBqR2IKtNCWkdcWKuk+iVRMPQNJFOZ7FWV4w2PiWCKPJFAJAlcWpxGXnE79vSoXEXmFGrWl637n/2cf2HHK8WoAFOc5Qxf/Kx6+9aI3UyiyFQiBcdPnhvY3/fs+j7eJwbPrMt+LOljUrINm1CInyaR7BWbAjC8aFg59OSBjA5xgxG/RYES0JcSH4C1RKnLUsobWEPqT4Q/19DNB4TnCS7A2/Sc4bSGWAizvFZaZpVwssJjIBYGQRkEnQAz6YMEBUW+5F+8GDU4pZ2q90FLVgD55Mnn/zXbP3tASnMzd17Vkrz6iIVjJb0AFLEIGPbHfKd0SA0d1b3VJA5JDFvolgwjBZVHbRxQS04SFrnoAFGRE5ACtu/8hHHn7jf3fMSugX+FJtcmbuz75/99nLB04b6l08UGNv6vjM/N6jk29N1DtOX2aV8zgpZsHKxaUrNlXACtFxgAN1Of90mbxAqZCcEkVyeAS7BB3J/IRdXAvemiHoCv5H+CJsgxn0aGkKopO6zQdM7YhEid8/tJPmTvJpuCxQwYQ7RncNfGG0PNIiFwFLAqEzTdaW/apnX2tiFLCh2S5m0ccv2ciWAl8d6BkaqhAkwGVvlbJVL6TNXRbRnwFrddZrgQn/mcEBryNFtwEzCz0SWP0t86Yl6p//3hXfufshb2hlhNMv9M6p0pNjc9ahgyoJ6GZHmRnZJbe6gl0K+F7mY436sS/f/oeDjohfGkbSWJciRePVRUzjxI9wVhyIxmXhV9ghE/XRZQvDmCyZLWMM1xAzf/84xdX3H/z2Au7pSfKku8TvXmn2/na4vmIpGHFgKt/1+r6+/tFWMF/Lw/PWLF+3SL4At7oGIGLRbBMNEO+kD3moXwiiC8cHluWye8d4qTbklwpMnAq70IOW+c8uH46iq+566Gm+Eij3LurEuVPpT+Mi5FMJs2vl2F4Uxi6t6Prxipd86TM3XLzW7UeLpTqghnPo6Wi/Jov/duXfReX9592L928/MEqedZ9/kNELA/6f/KNk6hrgjsceCttTpk2XOzPazRtu/izBlgIMlyHWJp0brQN4BnggyvohDkZjt1Ltk3xJ8c9HVxH+Ysgp3H718k2rhr5/z0NvThzwSj3T86FVKKYWhUlCfYIH68F+w/p5a5Z++VM3bhgypH0IhLgtAUnaloKJKOWHQOcfG7rAjn9syD/1HYzuGMYz74zP5F5kV0gXq1ly4Sq/lCrip+R+p6xLdwSgSLuPD0mZxBzNkyxq8YGSMEY8thcZDu1V0qSX31M73zg4Nts4cnK6Q//UcPiSYnSwtqTiXrRh1TkjiEj5aeZTY4nX7fKWyttkV1w2VBc8wj+VC6fm/f9ldGzIZ3PdpJAVqSyIVtLMl9KR7yjxLZJG4lzhELkPY2DUh2O1MIeAwzQgCEBAcSbw1DKBTnjEHWiPIF/G4F8o1nE35LaSIMqXqWSnCzzucjpnB1aMiwZ7Yknv4sNhdIq3v/P//wBkfQfkCmVuZHN0cmVhbQplbmRvYmoKMTAgMCBvYmoKPDwvQml0c1BlckNvbXBvbmVudCA4L0NvbG9yU3BhY2UvRGV2aWNlUkdCL0ZpbHRlci9EQ1REZWNvZGUvSGVpZ2h0IDIwMC9MZW5ndGggNTcwOC9TdWJ0eXBlL0ltYWdlL1R5cGUvWE9iamVjdC9XaWR0aCAxNjA+PnN0cmVhbQr/2P/gABBKRklGAAECAAABAAEAAP/bAEMACAYGBwYFCAcHBwkJCAoMFA0MCwsMGRITDxQdGh8eHRocHCAkLicgIiwjHBwoNyksMDE0NDQfJzk9ODI8LjM0Mv/bAEMBCQkJDAsMGA0NGDIhHCEyMjIyMjIyMjIyMjIyMjIyMjIyMjIyMjIyMjIyMjIyMjIyMjIyMjIyMjIyMjIyMjIyMv/AABEIAMgAoAMBIgACEQEDEQH/xAAfAAABBQEBAQEBAQAAAAAAAAAAAQIDBAUGBwgJCgv/xAC1EAACAQMDAgQDBQUEBAAAAX0BAgMABBEFEiExQQYTUWEHInEUMoGRoQgjQrHBFVLR8CQzYnKCCQoWFxgZGiUmJygpKjQ1Njc4OTpDREVGR0hJSlNUVVZXWFlaY2RlZmdoaWpzdHV2d3h5eoOEhYaHiImKkpOUlZaXmJmaoqOkpaanqKmqsrO0tba3uLm6wsPExcbHyMnK0tPU1dbX2Nna4eLj5OXm5+jp6vHy8/T19vf4+fr/xAAfAQADAQEBAQEBAQEBAAAAAAAAAQIDBAUGBwgJCgv/xAC1EQACAQIEBAMEBwUEBAABAncAAQIDEQQFITEGEkFRB2FxEyIygQgUQpGhscEJIzNS8BVictEKFiQ04SXxFxgZGiYnKCkqNTY3ODk6Q0RFRkdISUpTVFVWV1hZWmNkZWZnaGlqc3R1dnd4eXqCg4SFhoeIiYqSk5SVlpeYmZqio6Slpqeoqaqys7S1tre4ubrCw8TFxsfIycrS09TV1tfY2dri4+Tl5ufo6ery8/T19vf4+fr/2gAMAwEAAhEDEQA/AObApQKXFOrIkMUYpQOaXvikMTHpTgp704D8KcBQA0D0p+2nKuPrUgTgUARhKcE5qULzTlTJosBEE9akWPFSbCPen7e1FhkYTNKE5xUgGTTxHzmnYRCEFPCc9Kk2c08J7UWAhEdNUOYwR171bEXeiKLCD2yKpICJACoIoZc8d6srDgkj8RSmPn8KLCOXwaeopcZNSKvNADAlKE9qnC4GcUFCaVhkaoCaeEqRU9KlEfFFgIlQU8LUioPzp4SiwDFWpBH+VPCDFOC47/hTsAzZTjHx0qVU3deKlEfpQgIEi4qTy8kVMseDmpBFzkCqsBXEODUgjwRVgRZ5p/2ck9KLCIBFz0pywELirMcR6HqKnEGO1FgKAtycfORjrS+RnPBDds1oLBuyGHHalMI3nHXvTsI4VUBNSKlOEe3p0p6qSelSMRUyKds7VLtwKApzQA1Y+1ShBinqvFSKtAEYj9KcI+KpvqBeeRYJIhBA4jmmbkbuPkUZ+8M8k8Dpg844vxB49kjla00qXzIwu1rhhg7uc7cY6cAH2PXg0WGdhqWvaXpMbNd3G1hkKgUkuR1C9jzwecA8EiuWm+JsCTMINKeSMH5WecKSPcbTj864C9vp7+4Nxcyb5CAM4AAAGAABwBgDgVXB59KdgPTbT4mQyTASaVMI+rFJgxUfQgD9RXTaT4s0fVdqxyvDKTjyp02t7c9OfrXh5YEADrnt3qVSV27JCJQ2MelOyCx9GogIBA61MI/avHPDnjm60F1iuppb21ZeUJz5R/2Sfp0zjn8vWtC1/T9et/Ns5VYZwQDyOvUdQeCeRyBxmiwi9HDmpliHerCxbTmpBH3PFAFYQjcDjmpvJyelTbBkU8DFAiERjpjim7cZ/rVgioiuCaoRwYX2pQmDU6KOlSLGByaixREqgjpT1iHNSbMDipUQnrQBEqYokZUtnlMiRgLkPIQFHoSTVgRgHrxXnHjzxDcWl8llblVHlZO4BiM5BypyBkfjg9skEA5LWNdk1CCG1iQQwRgF1XrJJtAZ2PcnH+cmsWlJLEk8k9acqE0XKSGgetFSCImnC3Y9qXMiuVkSjJpTyemPYVZSzY+1Trpztjac5o50PkkZ49CSKvWU8tsRcWszw3MTBkdCVP5jv/8AXqK7sprZwWXAPektNq3C71LK3BGcVSZLVtz37wB4q/4SnTHW4Y/brcjzhtABBJwRjr054GK7DbjivCPA+q22geKILgPsSbMF0rYOxCR827GODgnHUCvfcAD1ptEMi9KDnNScYpRgCgBgHFMI5NTEcYA5qPBB5oEcSi+wqVVpwTipVAIqRjQg4qVARxilA9KeF54pgUtWuBp+kXd4VDCCJn2k43YGcfjXz3eXc1/dy3Vw5eWVizEnPNe++KLGTUPDOo20W7zGhYoF6sV5A/HGPxr59IAOKBokjTcKspHk4AqOFTsz2qdWAXFYSep000rEiQgdQCamSLoagDSE9sVdhHAJ6nmoZvFJhFBuODnitnTrAvKoAyCwHXpWeX/u+tb+kTbAOAWJFC31LSOwHgCPVLIxLiRiM8dvpXnXiXwsNCdo2Rg2cYY8euf0r1fQNcEcscbZVDwSOcVV+KFhBfWFpdfKXBO1gfpwfzrpVrXRjUg2eNWtr5reZvCPGV4PBYEkE59jivpHQL86roFlekbWliBcDPyt0Yc+hBr5slZothizt5JOehPavcfhdqX27woLZh89pK0eSeWU/Nn82YfhVHGzsiCAMUoGTUhptBIvHpUTAhuKeaY5piOTCGpVTvQvWpVGakYzZjmpFHNPxkYNAGO1ACSFUheRsjaCcjrXzVfQJbahPDE4kjjkZUcHO5c8H8q+kb+1e80+e3SRo2kQgMpwQfr2r561jSZtF1hrOYqXRh09+eR+NA0Q4KAL6CnooIyxAA9TUU3UsT1Oark5GSSKy5bm/NY2oEifpKmfc1bEPvx7Vz0LkEdcetbVrOWjC9aiSsbQlzFoIq5LNgfWtOwvrVBsMoBXnnvVb+zHktfOY7UI71zt00e5ljLFR1bNKNmXNygek2Wp2ogUfa1EpJGD684wR7Y/Wuh1KY3/AIbjhnRl2rjnoe2Qf89q8ZsI5ZTuSZUUHG+QlVB9Nx4H412uiaje+U9lKXyOCvr/AIitG0lYUJuTOYnjazvnjdQQrcg9CP8ACvUvhu+qFTEtrZwWKqGkkTl5Tzjv/Mdj17ef+JYgdSRUQl2QbgByeSBXsfgbQ4tL0KGRWYyToGkDY4Pp+HStIO8Vc5KqtJpHSgU9F+XnmjoT9KRSQeasxYjDHSonIweDmpetMYDnjNAHMgc5qVRTACcCpgtIY7HGcUBeRTkxginBc0gAV89eJlLeL9VBySt7N19AxxX0Njb1FeJ+P7VrfxzcOfu3ESyAD02bf5rSlsXDc5JwJRgjpTypmiSNgF8sEKy9cH1qQRjPA4p+zjiseax08l0VNjKgiAGAc5HXNWbXKuozzSshWPOMCnWiE3CYGRnmk3cuELSPSrbRJtS8KQeVzjduA69ua4G80y505prSSIlJD94r+WK9c8NTHT9GiluUZLdz+7codp7HB71leJ7iB58wojJ1K9etCSSujoqU+Y4jwu39nSzrJGhSddsjspLBf9nsD7kH6V1WmwWKXyGxtWhiBUKgYt0GO/c+3rWTDBG77oxgZ4HpXY+E5YrK+3vAruBhdw4BpppvUhQcdjJ8RaTE17LcvKbd1t5GXAzuZRkL7Z559q7r4dyNJ4C0tmznY459BIwH6YrjfGuZrkx7tgYPIxxnYirzwPY16HoEUdpoFhbxDCpboMe+BmtIas58TZK3U1QM0jdaA1NZsDpWpxB0780h6ZpjSAUgb3p6CMNVzQOmDmlQ0c4qRksY+Tnr7VIowKYnTnipOKBiHBHSvMfiVoN7NqlnqdtDLLCE2TMi7ggBJycdBgnnp+leoY45qvfWn23T7m0LbRPE8WfTcCP60NDTsfOpwrbT2NPVhj2psrfv2yD16EVHI2BxXM1qdsZaEsrIcA5O3nA7mrFnLtYEYXPHB/nWaC57YzVuzXJIJ5x370rFxlrodpa+KNSsk+y2du0tsRiVd2VbPX5cfrVvU5hqPlPFbLbsqcqucdenJNc5oM7iR43cRoem84Ga6OUSWyq0gGCM5B4NEY6HRz3WoyztOOB79P0rYtRJbTBQxwOR6fj+VTaV5Utv5qAAhhkVLcIzy7UPBP6VEr3saRta5EdKu9c1mGdFcxwH95hhtZWBBBBOegz+FehRxLDEsaDCoAoFZHhxfLspTswDLhT6gAf1zWtu7ZrqpxtE8rEz5qjRMDnikkbCHBqEPg5z0ps8w29a0OYryy4PWpYpCUyax7q7CSdaqvriwxldwFIZfGQacTg1EWxS7jjrQBKJMDgVKDk5qAHAzmnrJkUgJw3FL/D0qNW4pwYEdaAPEfHOkHSfFFzhT5NyTPEfZjyOOmDkY9Metc1KDgEele2+OdHg1bw1cSyttnso3uInABPC5K/QgfmAecYrxFn4HNZyVnc6KcrqxATLnAP/ANap4YJHwS2BmkGM5qZV44qGzeKNTTLQ3EqLJPtTPzfSugvdGAs/JtNUmcE5I2DH09q5jT4pTOu0Mea7e1hkWJSynkdaV/I6YpSQ3wsbiGNrediTnFdDNOBKFTk5AAHUmsu0X7M5diAe9aWkMtxqBuHAKouUHvnrUpXY5yVOB1dkv2Syihz8yj5ucjJ5P65qYzjHWs17onvVKW7I/irrWh47d3c2Jr1UHBrLvNVCofmxWXd3+1TzXN6jqTsCFPNJyCxe1TXcZCHLVzcuozNJvdyfaoJHLEljk1WlY4NZttjsezh8tjp9adjcDUDbto4JqZTkYGK1JDOFxSqSetG3tQE4wKQD1bHSnhuuTwKq3N1b2Vu89zMkUKDLO7YA/wA9K868WeOFvLGey06cwo5wsgyGlH9FP5kY7EggGZ8QPGr6rO2lWRkis4ZAZD0MxHTP+znkD2BPYDiVcg5FQzmQzt5rZkzljnOTT1qZGsC2jBhwc+1WYnGMEVl8hvSpkeTs3NZuJsps6PS7gJdJ0AUgnNdi+sRJD8zKOODXm9qlxJIAr4J9q63SbGFGWSYmWRecscgVJtGbtoi/9pluGBwyxnoT1b/61aK6oukQpdPC00SuBIiHazKeu09M/Wqk8geTgdOwqp4hkVPDVxu4GUz/AN9rVQ3Cfwu52CXsdzY297bs7WtypeF3TYWAOCCM8EHgjJ9iRgmjc3gGRnmoPBmqLdWwsJLkReH/ACt0/mqpEcnAWRGP3W5weefTJJqHXrNtNvPLiuYru2lBe3uoWykyeo9x0I7e4IJ2mrK6OApXd2zcA81lSZY5NWWBP1qJl4rG4ynIBVOZsA1emXAzis6fvTQHtn8NKuAetV7q/tbCNXurmKENkL5jAbiBkgep9hXJ6r8QrKzl8m0hd5D0llUqnsdv3j6YO361sZq52xPPSsjV/FGnaQBE86SXLbgIUcZGP7x/hGcdefQHBrzDUfEuuau8tu0xmSQELEg2IAexA4IH+1k1R8qRUMJtYQkYHnSuQc9go/lSKsa+oaxfeJLje7+YkYPlpEm1FHdiW/8A1n6DjCLRaheH7dCYBF3Axx2znn+dbEun3NzBHFp9+HvXALxoMYHZAB0+mPT1qfUYbi0ig0G/tlSa5A3ygZ+fOB0/zgZ6GrUdAucHKCLh1PODinqKj6ytgEDPGakFZSNIj8ZpygikHSnD1FZ3NS7ZO6yAgc11lnIyQhnPbNcjaldwzmthbsiPYOKg0i7G/BMXcms/xXdBdEeLIzIygD6HP9KbbXJjG5iMAdK5zXr1r24SMHIB4HvVw3FOfunQQ315ZyfYbSPbp0ybWYjG9D1Bx9eR3H1r0DQtS082reFZ9HF7YOFkgvY+sTno24DI67SScZ4Pyk586t7+bxFax6dDiBYAAZBx+P8A9auj8L6mLMSeFLafZfTSYtpZMFQxyME9AOfQ8Z6nFdcHfRnGzp9S8ATabBaia7jjmnyF3uNrtzjBHTgZI5xyOcZPJalZy6ZeG1uCm/8AhKtkMPUV3XhHU1QXPh/xlepPfIzLDHc/vUcDnaR14IyGGOnX1sr4a1S013/hINIntbaJYS01tPM0yRFvvEjGTH9MdOi0pUk9hcx5VcfcrKl616I2jaa1vLdaoHlluM7U0qdJFDnn5ODk8gkZbAPGTWLN4C1KbSH1ezmtp7HBaNvM2s68Y4I+U4P8RH45FQ6MkPmOOnmluJljvVubi6k/jVtzNjucf409wbF2glSSTcvyxBAcH1J78U99cmfTh58zSqo+XaMMOf73WoINTCRM9hJKkjfea4G8j8f/AK1GgDE+y2xCQXM4vH++3938q0NOGnWrC9ninubO3P8ArG6SyH09fT8z2rMl1UwKY43jlkc/vJQrAn2GQK29N8TPIILJ7U/Zxw6BRjHds5547EfjTja+oM6bwz4bsNTjuPE9vePA1uyhUIPLk4yB14yMYyO3GKiure6XQNWl1/P29w0lnIWJ4yckE9sA4OegI4xXZPonhzxSunaV4aka3KRi7ZAduVVipBxypyCCRjllPPfJ8W6kviGxnhaIK+hMLS5KcYMhCk7enARk9ju7GulJWIZ4pMkRfzIA3lNgfMOjdx/WhRXW3GhDVZJYdG2tb20RkZEG4uygnC9yeDx9faufFljoa4qiszop6oq4pQCOoq59jOOKtw2iuuGHNZGqRQiYCrML+ZKBnpUVzD5LEUtoduWzyaQyzdTlAVBrMgDCc3LRl44+oAzyf8Ov4VZuDhGY1r6Pol3a6d/bL7XtyNwjPP4kf4VrBXZlUdiC6Dpcp/Za7bcnEj/3j3z9a3NTax0+1h1LT2Ml9Eo+YHnjHJx0Ix/nFUba9l123lgjgWFXcqcEA/gfUdaTTFg8P3b217LukPMfHf1A961WhkdLpFvY6ppf9u37v/atuwdYSTucA545ySO3/wBfNdZp/j3SfE1pbx3em20Nxp4JieW5+zNj1RxgDI/h5BxgjBBrysnURdzGFzDbSKxjAbaAw52598f5xVPwxbzS65JDJN5I2tuPXof/AK9aqWxLR7Pd+ILG3hkvdMvNMs4HI8yfTXjadj38yHBVsknPB+vpmQXCeICuowSS3tlZuv2zUriMI+emVi3EZ9M4x0AxXlRia1vLyF74mBCfujBYA4rslK2HwvtP7CvXs7q5uCblC5DOuMZ4PTII9Oe3NNTbYrHMWd7C2iSQWlorSBWC/Lye446nrUWkjULi3lUQKp3d1x1+poorIo5y4SUSlZgFcener+lW105aSOZVUDHJ9f8A9VFFSxnovg3U7zTPC1zqOmxtNrVvOkSnbkeTIzY79mLg/wC+nYVf8aT6ZawW2j2Tq+oajEJrryxjY3RQD2bAx24XP8VFFdCb5EzN/EcdZW9x4c1CztoGEgnnDSsOm0ev9PXFQ6vYJpmtXljG26GKU+Sc5JjPKE+5UqfaiisKq902pP3iGNR04qZlEa5FFFcp0mZdrvbNQouKKKBEUwaeVIUI3OwUZOOtdHdDUbZ7XS7BvOtgcuO34jsBz0oorekYVTQ8WGzNjajSWaK6VcOoOGHI5OO5PORWC0cE8YOpMf7QjXfsYcuB1+p9v8gorSe5mti/ZXE+s24Rx5cURHlvn75AypB9Rjn/ACKxre1S31mVLm5CsQRww+veiiqtaNxJ3ZqaPp621zf3sED3KRKwEm0lQxGQOB16Vf8AFlzpOqnTo8PZ3AixJEDwGJx3HXiiimtIh1P/2QplbmRzdHJlYW0KZW5kb2JqCjExIDAgb2JqCjw8L0JpdHNQZXJDb21wb25lbnQgOC9Db2xvclNwYWNlWy9JQ0NCYXNlZCAxMyAwIFJdL0RlY29kZVBhcm1zPDwvQml0c1BlckNvbXBvbmVudCA4L0NvbG9ycyAzL0NvbHVtbnMgMTIwL1ByZWRpY3RvciAxNT4+L0ZpbHRlci9GbGF0ZURlY29kZS9IZWlnaHQgMzcvTGVuZ3RoIDg1MjkvU3VidHlwZS9JbWFnZS9UeXBlL1hPYmplY3QvV2lkdGggMTIwPj5zdHJlYW0KaAW1mgmQXdV5oM/d79t7lVqtRq0NISGEQEICxC4WQwADtuNgD14SD/ZM2Rl7MpUpe4JralY8TlKVuMax4yqPpxhPjAnGhmDACLMbBAIBQgKEBJJodWvp9fXb7n7n+89rYVw1lSpSM7duv77LOf/59+1co5PntlJ2qlSulKUyQ2X6kjtOQz+zujcmr4wkTW3LThPlMDhVqaFiS7UXZqs+RqZxaDPRtAGQJ4Zh5MrIlGkow1TcmIq1OMwUYMpweMscHjAgV1auVwUqp54Iao5GQ5kyLZMVlGkxPs00ziY4y4tTCOt1DXnFoaHpmbFSkSySFvgFZw5H5jACslRmGiDEEhY3SZaaZlNjCu2+BiaLxLlnMzSGDjn1WGB0mQcgoNr841SxMvNMWRAui/J84b9c8747W66YzwFeQp48lpM/y2LpXLDhMFViqvFU7Xrr2KHxqVVLhq7ZMFi2HQ0zDcPQ9zzAMtQURus5sohM1QcDBTy/+pnAlwMGyxU/nN1X+rn+gWpTo7rw/hQ8HmqZnRoJhA+shQhhrHDMRDyazacGduEkaZLkuW+7Ee9tM1Dq3mfeGj85fcbyZeeuPW1JSUGJrQEoo0u9XiA3RIP0UnBMsO4eIrLffZDmwgitx90XIlwZDEIyVHQtUzbCEb1GUkaKvpqZmSdZ5prHlPr39+769b4jdrFodepXnr7065+6dEgpF7GbaKvMluW7zEHGHKaGL9fCyQ9wQ14uHDkKiDaABBotbIc3moyu9nApFsFcYGlwQBNIWkZcM1FmyQheaPL0YPCAh1asXN5CVdc85L8+8jSLLHNGqT/+c/g8ljmlLIyv2XTGnV+6aqmrVJI4IG+aXYNeYG8OSgBAJaDXFCRkXRDhxcItsIVoXvC6i9KpS33HMyCgwAtvZSTm331kOGai1FOvvv343netZWfOVwbV8Mon3x57fO+UCEdzFmayvkxaAAFneRTlBmJgYQMhiJz/L4deSllMgMUytguB0XIBWpn86ZMHCw/zVKjr3nVfCedlBY0EyHDJpGRhTXFpoko8gncqQZtM/Mv9Lx174ciUM7yuU16WLVr7yMsHfvX0HsZYth1nsq6Btz0FQq7AR05Z6H1CQePUojJWXIrGrPtQTxdfzPJQaKK3TLUs0Y6FQ2SFNqkgVomrjs9OO8XSfBRbnh8kHccujc920EY3VRYy0dBlbS0fIdkAYqL1Thw5C3Hg9xZE3x3PYrh2eXNKK7tYypMuICBgd10bEyCCIP+wAy4MT6tzyiR0SggTAZh6dU29wBGOZPJInLSMYT3BRnTjWH2uxXUnN60KfPcLlYNHxmJ1NhBdW5sBcwQ/1uIfs/nl0QI+8karAuaqRSvSFvjdk7fdgxmcpw5LPFoOx08BM0TLAO66/MuWjSz287CCR2nNF5K4mMSLykXEYLriB8VTaVigjcYQOYUWcSY8XdDR366ukeM172AQPEs1F2QGB0+7kwQIJEk87CqWJuwUHaJV8kCPJnLCR6axrF5ZgDhd9eo+5VcsRp7LFW4aPNctH7Ha81UjKyRBIZ7309bo8CBAUQgZmOnoLNjqP1mNP9EAeaTPhf+8FznKa0I0kDXvuJc5PCUmo4LYu0haRkmolzu4nSXKtgQ5uOGq+OLTV24ZOfTS4SOu5fpRcOmygVvO7cebNZPQtz0YRvwQjmrnAR5YiWiyICKmARxuTrF8AUmt35ID6KQmtw0dHgQFACRoXDcPMTHiPLdguEZbYItgOYSOLiyCuX7ygR+wxmQFH+23hCTGGiFzZLZZVOqqVZXPXrzpH55907J8M29eeObSW67Y6kMwyxmGjViEg/ANNUVsHCBGCvXbxU7ZB68Ebw58GjmWFZHS6HvWckTzAENqgg+TgV1CNJsUTMQ3GyxmxjiBhipOK/X4/mB8srGst3rTes/TTkcDE8xdKFkQNQDgMmE00kC9XPwDKMO4hVVY6NRaUA8jOZGFiJXnYMLILkrQV5IrfP2CsLor8ivuQAaT/YkP7o7v/gKE0WDVpZ4LOXPx2aG2uZJ+xSotpR7bk+w98O5pS2of2baY8O6Jupn4LFBBM4SVH4DDFIIsPOwuQYoChguGokfiMnMUGGbhWBnHCPJMTJJbsmPmT7RVKxQtXlpVZaV6ARFnluCboHEt5TeU0VGCKLowqBdoaAy69EAhugBA7FL+pwlLiDabFgpiWhZOsK6XZiTIsbrGMspVhJ+PlN9WBpgcb6p6S2EknquWFGXYAFJMIqFMlBpoItEwzFzPhMfkrUEm2SeIscTRpjoxl7uuMVhWQ0WhgugkRYBemgEwEB2q6eftTIWWmte8gwro6gc3qgZTsEUGsKU7Hrq6MoPLUDE2qWDKkn7V5wiGsAs9106U5XS58T8f2T3WitxSMQ+bo1X3livOm1PquX0zz734Rj1MZsJmlkUDJf+8lafdsGXD6pqJG3ZyN87C1DLu3rHrnSlEUXXjzmq3/blPXPHOial7H96ROr2WU46CcNPaFbdsXYm/acdBxfFF1USPsUTBeDJWf3H3ky3T9z07q08u99QXb70us0zDKMPfN6eiHbte27n3QDPMm4ERpK7vuiODpXNXLL7uvLVnLXaRoigtWiahQ/meGcW56RjtXMXk+JF66Nl3nt79+tHpejtVURTZaXTWspHL1q+58cp1JU/d9+jenfv2uuVqGKleK/3qzVesHCojnu/86OG3ZpLUq+Vpuqxq/dlnL+2xLDTl8V37f7HzQGCWyFayYP5ffv5jy/rVniPJvQ899uqBo8dn6qZpFWxrw6plH7v6su2beqq2GE0W53ZXc18ZP/H2fJo4hSyOVg6Ui7Pqvh27Dh85WXX7W2TOvUPknMdnZg69dujxNw79yac/esmAMluqVPJQ3h1vTe2fV5avjMbkef35jWjlwMAbE8G7cTsiswxnD87ObN+6sp+kyPFE/kQEEmRco2XDyh2vnXhw71hYqPm24cyMf/XKTVhPYtgY2bd/9srjrx0IMsswS/CoWO1JnNJUo3FyvPHqoeP3PP3KRy8570s3rOsxROngeJ4EyMdz3Gaq2pZ6bF/wt/c+9PaJelKs2qUl7bDjVBzX9n49PvPk4V0/fP7g179647MT5i9fniz2poll1tL6Zz9WQGHbhnr6reMvz4aJ3zLDfFUp+1ouS8Cr/cfqD7x4MCwscm0jac9tmlD3PHf4Rz/9hVXqSYyiWe5Ns7yexNMH60/t/uGt12y74wsXQrHnGFJRJsoMbSeDDLOMYhzNwx88uGu62eoZHFbNrOT6M3lMveT2DBI+jjZm7rzr5wOfu2Vj/ylP17M4MjLbLxpGEldTTKFmqW3btu9/8XBYrPpW9eDJd3a+PX3NGoKkhL2ukxMfr9TJVP38mVfiyhKr2tdqTK8YGrn48q3EpfFY/YcfPPb8eMPuGw07UdHzSnmUpkmD3KZaNvJyGvc1lbrryT37Dxz+b1+7bin+IUl8RCRRPk8s45F90bd+dD+GkveO5G6xlcalsttpN8M49HoG8P7vNpv/5tsP91Z7SyMbUtOI8zim5vctnACn0ztoZmFolBzbNCtEFSEWyzGLtaTQF5cGW2FQ6av91V33z9dn7b5lcQ7xkWPaqWFnZpHsBQv/yaPPFzz7G7dtYa7piDsSL4coDMOJUqth2Cc7nbLvZnMnquF0rXOi0jxWDufSsBVmqdvTM5tmv3hqJ74PZ68demLkQZa1DCskt8ZScLLbzx2tWFzHkXJSv2/H83tRXjIGKRY5cc9gptTO/eGByY7hVUmK7Sg4/5wNtZIEjH/9vSefHO+4AyPNZlAtVhqT0+HsXDA53hfNqpn3ZuvTbcNKnEpWHn7pePTlO+/DPxqS4VJQoHfmWyfiO3/8D8fsvjotGd/rdFDMljF9tNY+2RtOWnPvJbNHSy6NmPTE3GwnzTthmsWpEcdmlhIn0AAiRBJ0HKJtFEgdDLFd15xneU6Ism23YLqlk/WO5ZaSoO2E871Zw20etzqzvmUEACz2OYPL7vv1c3veS/GQtmgApux6aQe3IxVxqrKyZ9ba8zddtuWSM/txp68cmX7guZfeC/PYcOaazb5qz8HpqYlYlQwSeJVGYU4TRtlJEtmWB+s5V9bU5tOHH3z9oFkdcAs9r7137PVj6sIl0oeikCF+I1Xczv2/2RWVe+C41a4POPE1F48iv+/97OU3ZzvO0Giz1SzaeTJ5+KLVI+dvPHPF0iIh7sDYxKOvvf3aoQmjsjSz3bg8+M78+N/89Kk//YPL7CR1bRfb//59O07ioXtrbh6mUauaNobLznXbLzpz5Uil5swHau87R+575MmpyDX9/jjTPg1vZTk6nRJfH+OFMlWw/dzOw7hD8IdPHKT2URTi/LDI6amZ3mLBjOa3nr70tlu2r1yipmfVXb94fseuNyt9yxrNNslgFOWvHzy0ftlqktoCAR5HjPL7mfJda649WzXbd3z8hq2LBDT6vmJt/6rhj/zJ3z6irB7fq+SqfWDy6ESgVldUo618x3dNZjsZGKdSMBBtieDXbV37m317AhGfN2k4D+3ed871661UFdENS/zGy+/O7h4/1qkMeypxWtOXnL1kRVHtnsx/vW+fXR6d7zS8PPajmdt/b/OnLh1FeMwD+GVLh2+9YPgnT7371z9/1upbHhiOU+x/cOe+Ky7cvG2ZxM9HD6sn3627lf5GMGNaRlqf+PRFZ/7bT14gThyT0jX3NctGb9j8uX/xrbsn4iAxwd4i+wJPmgN4CUFQkncz474bZHVCLkHX8cjscGJYZ61WtTtTV29ee+ftWyBZUrWSOucrF37tL1uP7Bkr9Q5RiwQN692jx0O1WjIhKVcs3LWdZEkadip5cv3WTZsWSQ5UU0FZReVMnVVV55y+Oup08swMwMsvB6lOB4t4h4gGEyxwHIemjOSPOn3eNGRsGOqNGvOp6UZuedfbh4/FKndxIEjEwNh/+dzuDN9LnDayohXfeOlm5j6z+43J2I5UZqnASerXXngWXCZr7FGqmuZlnFWSDSn1+ctW3nzpZhXWkVnkFmeM0hO79+NbYdNv9k9Mph792aJDHGicv24ZXCZvKwSK8o6LPiJnOz2zqu744q1Wa8pDTbIUAizHwchBXrs3K6NqN216kAW/gAlCIB4gzTLbcUlLeYXHWORn37x9i8ZNFeOkqvG88ZKNNnmGMhud1PTKU3MkijhnYTUhJAYERViWxoOmdfn6YVQS0GZm28quGOJ2B8qekYXI0zQ9K7JpDTEfxaSMN3BjibSe40xyrRaLGJJTX3v2WTaASSGd8lQzfWr3BBEM1pB3vzKldh2espRXMezW3OyGdWesHaBBol5587gqjURZ6lmdAa/96WvXFLAz+i1pLhVpnuI+MDLO225c30OlZcS01LPa4l1vv6cZpN46dMgoEI7oyMSFYOYPb7pKAkmcl5xcHGOAoqqKb3mJumK5unzNcNKcs8khHNxF28UD6qCX5E5qm5GROo4Xh4mEMW2mUt1kVGyO6fpBc+6WSzeSzvtUy/hxi8xCkp/TTxtw3UKbrrzbEwnnMAqZLq0s/Kb0gCzy17jq5L22UCIHfSpKbywOEA5Jc0SDhsVMaelKRSdCAlBO+iLVIkLjIe4DdScfumDN8PKBatZp2KYdW/6O3W+Qk8xnonf3PPHCTF5wC2UriXqt/KbLN4LK7ExSb8WJ4TqeH7Ua60eHlxiqzAvWMI0kwcrzLOqgBJRwQ45av3xxUJ+2bZsU8GQ9mKZ2An6jSaJumU4WRssHetYuESILjvgAlaYO2kKmlUodAVM2rhk10yhN2GeQx1ae6dqKKeQGcgoTREByAIBTfrjPMs/Kq26OFNkDkUE6kYdfRTvzbFQehuo/rRbS6hQoYhrkJB1DtVwnQgocLMLiyCFhXwVGF9H4wMlD4pM8p+uvrQnVYW2pdqXSW+C+2F2uhirqnOX9hXAK/bfL1ddPNp4Zkzpi37Hg5XcmsurAfBJ35qe3jPRtGRDeJWknjucdV0VhYht+b6EHAWv+aDSkE5fLvkIasdnB+F43L+VxUW9EkPE0O5oDUewQ4qUAN6quj10jmBSfCtK21VZpSLfYydu0nnFH/b1xEBQdF2xRFzOX9gvj3axjyS6P1iUkoCnVXDdw53Ye2VloG3mhVMGmpYGB5gmjpSHk22bBSoHgpm2isZPHCA8tFEqky4JXpG+IFAUj0WgtPUE90c1fF2wyZA6jdP4jspFDenKsQKDJMke3AOCHg+HSLsF7bF03aHfyuNPJVODV7v/NPtrqv9q9fy7DNl3cddFMP3H5Frwb0sUsaNlkVA+WlyWmqzBl6dQR9CHSEJ9hEPW5ogRAzC5dH2ww6FBIsvXDILD1HA/3ZhhWnORhlBMewdPGrMkcYLVomXRRbNvkVb0TOY6bAVMrXJcmFhUrllYJDR/p+QBBP4RfQq68BT+Vue5Cvio5ABAEAdMUZLByst4YE+ERWNHlEa9kpq6Vlcy8YqRFK/OFPB7SrNILdH9so6SoBHSHgK09stZu3COzAx59URhEQwB1oI2AAG1HIJ/Tr9YtRu1C0qfcK+0/MXffW+qZQ1OJW4zDyM+ydSOLz1/lwWhXZX2lcsHx6R2LyhnexMRxIETkaySFejMK2Kny0szGy4P9san5TLIdobHsO/1lGTYwMEioYLhX7DlyojExLYwOw6Z0NmSvKPVgeCotdUT18hvvuA4qCMU5IZoxWochkoLbT4xCbLgZEqYTLe13SEN9pVODSDAM10hhkTAQbMQB6B6eJFoW/oEQShZGt4KFRAM5U3G8DtzKTZvGY1d6kKINCpBdX8Vy2JZQJVD1RJkrvMdMTdIJxoti8l6IJwPJMPCrtmyw4qBU8NM0jUz3p0+8OIaNk/EbqRvUr96yAW/uYH9JOlBQI339ZtDJ4phSc9/YyVfGFeUqB4jKWlx5LpqITe0eV68fPm56Rde1405jUX+1p6w8Q50+Mpi1ZvI0IqefTewHn93P+Mwro7Q4OZSdfVA4QsK+f069PT5jOIUwJpnWdilLdcmDj7gBCVw6xUOjIRQc4LJwRXIlrEZ0XcZLhOvqo16FKdLNEcMyxUeIJMTm8YBIKkssUoeYRhiMFkYBULMMP8BdxrYzw8lEDDuBraysh+knJoWVaSEnyTpAT8KN7GtEKMK2dctWLO5LG7N2GsZJMlYPQr+Kg/CS5oah8tUbK2gEm+sIiIvLNp7ltuslJ6NtMV1Z/P3HXh2nX4LtADZLwjxvgpSt8D/fu/dXHb8vNtHR0Epa5529VnAmAp8xOOI1zajRpIU0sOSnT+z62e5j83RiukRBv2mS3Y+F6i9/9MSh2SDGo7pFqdUkTAq/hGV55mRioKwKD+AxjhDFxC4zcgYGgw+/pMULTBB+Y+/aEwBBhwgRAyzHKQvXhInCGmCz4Yan135DM1rLVquSrC0uDkFJpStrCGQ9YOGH6rJIaY2uyUENJw6RrCXDLVyy/vS8fmKgin4rr1TFe2KueXP68o0ryWoBblt+Vz2u3NwzwqjOrO0a5J87Dx/9rz9+/s2OmlJqzrTnDWPeULvn1Ne/+8s9R2dUEYHFTtwcrZjXblsKPoC6YNTdvHLAihqea9fpgNQW/5f/8cB/vmfnnin1Xq4mDeNAoB7YE/3xnQ/sPnKsMLAYzUL+aJUOZeKLgbPAciFZNId/eC9RLBygdtdoXFdhZbCmOE8pEzQjdcSSJgPBFbVgBATSUWJ+mouCejhaes20GbWRBpIkCdQ0SR1iR5S5yg5Sw7XYC8ZyhCrWSJPQtQo8SUiZE5EeB7ZvykYz+ZiNOV+7eemjTyVTQTPPC1aUeAgtaI0MVq66gGJQ6Z6eEMpckrbbrr/oP93zsF8pJuyUlrxHDhzb+ec/P/v00eFFfa5vHxw79so7J2Y7uVUbIu6XrTSbmfijW69dZUvpz8Hv7X9w88vf+l8zQdPxy5HthOWVP35+4p4X/m7JQKWE/Jrh2HRIq9LpG+jEfMHBupKbUUQQfBeIcrx2lkEUZuRAqhzdhEq8M/0OBlKgdZ2qTo1En2UXhdAkkhEPTWmDOQR0YGF0QJ7OSzLoJKFPVrNtz3N4Iz0j8WmyMCKW5eXI6abgE+J2hxSLA6o8Urqw3d2honLlIY1mepXkKnyIQgbAo1FfbTtr1d/vmbAqFYf2QdDI8M7bL6RUw48TSpklm1Q6t73x3MV7xs568KU3in4lNUpmz+KTnejRNyeMvYex4NRwYrfXrZZt7K85pVoTH9t29u9fsByBIXY0A5TO6lN3fOH3v/ndv5tPeo3yYGIW7UotdeL99dk07hQKRdXXC/vmZo5WyjWCk3TTooivUNDfJDfFUeR5sUD9GHlkecQMmkya20I+nEEuWdrpdBwUkGVFu2ESRYt4Trwg2VfJd9qNuapt9vb2oMpmQXnk7ZIYGqFPqm1mjSASuuWQYMxUoDHf9D06w/DbM8yq55copXRH0c6zkp2XC7SXYgIIU9BNvTmEH3fE9ep6advGM6UcYEslCh0jHak42zctI3KasjUiiKIQMJ20Ds/x7z563hcu21JutVUzTALywKJX7vFqg05tuFhbUvOKdrsdz84Ww+Znrtj8jU9uq2iRk2GzFglsn8puOcP/m3/1iTWFljl9pAp1UZh2Agqk3p7FlrKjuel4auzzN1y+dfVQ2pxxqIAt6CAK8cWSGFbUbllse+ZJwchd05CdT1SBIBwn7FV6lknnlmGuI/pLf5X9u4CCX9cWwvuoXTQSdMpM2q3mHHMpa+kwKbcxZTdTp1C2282Sy86DYAwgyVrEAyEtQ9UnvcZJBJwHgRM0zHbkK5eSvhbVrRNTdrnXaswVSj0kWxCMC+/mCawhrgmvyycJFt4wxgnlzebVF6wfZStd4rXkmtgO6ScLiVNiwUz90ZXrVo2e8fePv7Dn0Dh7SxaccN12J6KdUraNQtBev3rlrddde/lKBZcNCmubbo30IvBrYafuOaVLV1e/983b7n7kzRdfPnxitjUXNWzfYzdiUbU8PNp/80e3n79K/ccfvF0ruPNBQBWOweOaQAJdqeXtatCKo1azMVcZqWC+luz6k6m1qvF0Z0q0oxTNZI1pW0m5wxSJWgRaaAiV25lJZuo+ChE1jBDQEuiNAVd9+dpL5zB1kt8oXFbwqjDGklqHaQI+z/oM64b1o6NV9uy8nA92os7aQT44yGsq/8JlGz9tF9E84t6Ao3qFfRKfC/RbqQ8tl1KlaalHX9hD/wGv43q+b6XXbT2D/o4rUsQCJBcSB2WQvUh5UtWbJtevNrevvvCFA+Grbx0YO3ZirtEsLqr0VQpDFe/Cc87cMFpEkRAVSoW3BI6oBVymK1KoEWgQ2ApL/en165pXrxs7ls4n7enpmdP6lwz2u5UeVlPkIc3JyYAGZLXW6rR7+iu9RTQs71XGV265vBkVcstNs7DqpIuonTQnrjl3Vb9vWcUaqXDWmTt/9SIPdxwHtCB8tIMuoOEtqalvfvGTQGUnlwJyuCy1vpFEOD35PAenDLKcpK0QjtsUtGGEMK1F9hpaDmM4GAMNnPTF0T3CI0GTURzQbLLTQSJEYkSfhiRUmXXDeHpSfeO7P+mUBg2vFM3O3Lz1jDuuW92vUlvKUREq+hAlqc1GD8qr7RT9YlsHZ4UX6ogMxFMxFmvjhOwu5agEBoHKYMA0HWLTfHe21aRrVijQN2h1OkMDhT4+cujum+i5yJIu0Sz73K9Of/uH93SKo4Hyotb8Teev+uvPnF1OOw4dJ1RE3K4czMWnEdzoG3ELWP6DDHwgHlArCl7dX8ma7dSk+7hgx8zlZBoKLR/H2MRRSWDwxVmYGXglSGKEAIMIug8U5/qONp2tqxpcPlzAoRXY4su4I5EmpzMdiwn8ByDiXVCcnz31Wt3tM3BNadxvZzdevBqR2IKtNCWkdcWKuk+iVRMPQNJFOZ7FWV4w2PiWCKPJFAJAlcWpxGXnE79vSoXEXmFGrWl637n/2cf2HHK8WoAFOc5Qxf/Kx6+9aI3UyiyFQiBcdPnhvY3/fs+j7eJwbPrMt+LOljUrINm1CInyaR7BWbAjC8aFg59OSBjA5xgxG/RYES0JcSH4C1RKnLUsobWEPqT4Q/19DNB4TnCS7A2/Sc4bSGWAizvFZaZpVwssJjIBYGQRkEnQAz6YMEBUW+5F+8GDU4pZ2q90FLVgD55Mnn/zXbP3tASnMzd17Vkrz6iIVjJb0AFLEIGPbHfKd0SA0d1b3VJA5JDFvolgwjBZVHbRxQS04SFrnoAFGRE5ACtu/8hHHn7jf3fMSugX+FJtcmbuz75/99nLB04b6l08UGNv6vjM/N6jk29N1DtOX2aV8zgpZsHKxaUrNlXACtFxgAN1Of90mbxAqZCcEkVyeAS7BB3J/IRdXAvemiHoCv5H+CJsgxn0aGkKopO6zQdM7YhEid8/tJPmTvJpuCxQwYQ7RncNfGG0PNIiFwFLAqEzTdaW/apnX2tiFLCh2S5m0ccv2ciWAl8d6BkaqhAkwGVvlbJVL6TNXRbRnwFrddZrgQn/mcEBryNFtwEzCz0SWP0t86Yl6p//3hXfufshb2hlhNMv9M6p0pNjc9ahgyoJ6GZHmRnZJbe6gl0K+F7mY436sS/f/oeDjohfGkbSWJciRePVRUzjxI9wVhyIxmXhV9ghE/XRZQvDmCyZLWMM1xAzf/84xdX3H/z2Au7pSfKku8TvXmn2/na4vmIpGHFgKt/1+r6+/tFWMF/Lw/PWLF+3SL4At7oGIGLRbBMNEO+kD3moXwiiC8cHluWye8d4qTbklwpMnAq70IOW+c8uH46iq+566Gm+Eij3LurEuVPpT+Mi5FMJs2vl2F4Uxi6t6Prxipd86TM3XLzW7UeLpTqghnPo6Wi/Jov/duXfReX9592L928/MEqedZ9/kNELA/6f/KNk6hrgjsceCttTpk2XOzPazRtu/izBlgIMlyHWJp0brQN4BnggyvohDkZjt1Ltk3xJ8c9HVxH+Ysgp3H718k2rhr5/z0NvThzwSj3T86FVKKYWhUlCfYIH68F+w/p5a5Z++VM3bhgypH0IhLgtAUnaloKJKOWHQOcfG7rAjn9syD/1HYzuGMYz74zP5F5kV0gXq1ly4Sq/lCrip+R+p6xLdwSgSLuPD0mZxBzNkyxq8YGSMEY8thcZDu1V0qSX31M73zg4Nts4cnK6Q//UcPiSYnSwtqTiXrRh1TkjiEj5aeZTY4nX7fKWyttkV1w2VBc8wj+VC6fm/f9ldGzIZ3PdpJAVqSyIVtLMl9KR7yjxLZJG4lzhELkPY2DUh2O1MIeAwzQgCEBAcSbw1DKBTnjEHWiPIF/G4F8o1nE35LaSIMqXqWSnCzzucjpnB1aMiwZ7Yknv4sNhdIq3v/P//wBkfQfkCmVuZHN0cmVhbQplbmRvYmoKMTIgMCBvYmoKPDwvQWx0ZXJuYXRlL0RldmljZVJHQi9GaWx0ZXIvRmxhdGVEZWNvZGUvTGVuZ3RoIDMxMzUvTiAzPj5zdHJlYW0KeJyVVwdYU8kWnltSIQQIREBK6E0QkRJASggtgPQiiEpIAoQSY0JQsaOLCq5dRLCiqyCKHRCxYVcWxe5aFgsqK+tiwa68CQF02Ve+N983d/77z5l/zjl35t47ANDb+VJpDqoJQK4kTxYT7M8al5TMInUCFDAAFQCgxhfIpZyoqHCIwUD79/LuJkCU7TUHpdY/+/9r0RKK5AIAkCiI04RyQS7EBwHAmwRSWR4ARCnkzafmSZV4NcQ6MuggxFVKnKHCTUqcpsJX+mziYrgQPwGArM7nyzIA0OiGPCtfkAF16DBa4CQRiiUQ+0Hsk5s7WQjxXIhtoA2ck67UZ6f9oJPxN820QU0+P2MQq2LpK+QAsVyaw5/+f6bjf5fcHMXAHNawqmfKQmKUMcO8PcmeHKbE6hB/kKRFREKsDQCKi4V99krMzFSExKvsURuBnAtzBpgQj5HnxPL6+RghPyAMYkOI0yU5EeH9NoXp4iClDcwfWibO48VBrAdxlUgeGNtvc0I2OWZg3pvpMi6nn3/Ol/X5oNT/psiO56j0Me1MEa9fH3MsyIxLhBiuOywgX5wQAbEGxBHy7NiwfpuUgkxuxICNTBGjjMUCYplIEuyv0sdK02VBMf32O3PlA7FjJzLFvIh+fDUvMy5ElSvsiYDf5z+MBesWSTjxAzoi+bjwgViEooBAVew4WSSJj1XxuJ40zz9GNRa3k+ZE9dvj/qKcYCVvBnGcPD92YGx+HlycKn28SJoXFafyEy/P4odGqfzB94JwwAUBgAUUsKaBySALiFu76rvgnaonCPCBDGQAEXDoZwZGJPb1SOA1FhSAPyESAfngOP++XhHIh/zXIaySEw9yqqsDSO/vU6pkg6cQ54IwkAPvFX1KkkEPEsATyIj/4REfVgGMIQdWZf+/5wfY7wwHMuH9jGJgRhZ9wJIYSAwghhCDiLa4Ae6De+Hh8OoHqzPOxj0G4vhuT3hKaCM8ItwgtBPuTBIXyoZ4ORa0Q/2g/vyk/Zgf3ApquuL+uDdUh8o4EzcADrgLnIeD+8KZXSHL7fdbmRXWEO2/RfDDE+q3ozhRUMowih/FZuhIDTsN10EVZa5/zI/K17TBfHMHe4bOz/0h+0LYhg21xBZhB7Bz2EnsAtaE1QMWdhxrwFqwo0o8uOKe9K24gdli+vzJhjpD18z3J6vMpNypxqnT6YuqL080LU+5GbmTpdNl4ozMPBYHfjFELJ5E4DiC5ezk7AqA8vujer29ie77riDMlu/c/N8B8D7e29t75DsXehyAfe7wlXD4O2fDhp8WNQDOHxYoZPkqDldeCPDNQYe7Tx8YA3NgA+NxBm7AC/iBQBAKIkEcSAITofeZcJ3LwFQwE8wDRaAELAdrQDnYBLaCKrAb7Af1oAmcBGfBJXAF3AB34erpAC9AN3gHPiMIQkJoCAPRR0wQS8QecUbYiA8SiIQjMUgSkopkIBJEgcxE5iMlyEqkHNmCVCP7kMPISeQC0obcQR4inchr5BOKoeqoDmqEWqEjUTbKQcPQOHQCmoFOQQvQBehStAytRHehdehJ9BJ6A21HX6A9GMDUMCZmijlgbIyLRWLJWDomw2ZjxVgpVonVYo3wOV/D2rEu7CNOxBk4C3eAKzgEj8cF+BR8Nr4EL8er8Dr8NH4Nf4h3498INIIhwZ7gSeARxhEyCFMJRYRSwnbCIcIZuJc6CO+IRCKTaE10h3sxiZhFnEFcQtxA3EM8QWwjPib2kEgkfZI9yZsUSeKT8khFpHWkXaTjpKukDtIHshrZhOxMDiInkyXkQnIpeSf5GPkq+Rn5M0WTYknxpERShJTplGWUbZRGymVKB+UzVYtqTfWmxlGzqPOoZdRa6hnqPeobNTU1MzUPtWg1sdpctTK1vWrn1R6qfVTXVrdT56qnqCvUl6rvUD+hfkf9DY1Gs6L50ZJpebSltGraKdoD2gcNhoajBk9DqDFHo0KjTuOqxks6hW5J59An0gvopfQD9Mv0Lk2KppUmV5OvOVuzQvOw5i3NHi2G1iitSK1crSVaO7UuaD3XJmlbaQdqC7UXaG/VPqX9mIExzBlchoAxn7GNcYbRoUPUsdbh6WTplOjs1mnV6dbV1nXRTdCdpluhe1S3nYkxrZg8Zg5zGXM/8ybz0zCjYZxhomGLh9UOuzrsvd5wPT89kV6x3h69G3qf9Fn6gfrZ+iv06/XvG+AGdgbRBlMNNhqcMegarjPca7hgePHw/cN/M0QN7QxjDGcYbjVsMewxMjYKNpIarTM6ZdRlzDT2M84yXm18zLjThGHiYyI2WW1y3OQPli6Lw8phlbFOs7pNDU1DTBWmW0xbTT+bWZvFmxWa7TG7b041Z5unm682bzbvtjCxGGsx06LG4jdLiiXbMtNyreU5y/dW1laJVgut6q2eW+tZ86wLrGus79nQbHxtpthU2ly3JdqybbNtN9hesUPtXO0y7SrsLtuj9m72YvsN9m0jCCM8RkhGVI645aDuwHHId6hxeOjIdAx3LHSsd3w50mJk8sgVI8+N/Obk6pTjtM3p7ijtUaGjCkc1jnrtbOcscK5wvj6aNjpo9JzRDaNfudi7iFw2utx2ZbiOdV3o2uz61c3dTeZW69bpbuGe6r7e/RZbhx3FXsI+70Hw8PeY49Hk8dHTzTPPc7/nX14OXtleO72ej7EeIxqzbcxjbzNvvvcW73Yflk+qz2afdl9TX75vpe8jP3M/od92v2ccW04WZxfnpb+Tv8z/kP97rid3FvdEABYQHFAc0BqoHRgfWB74IMgsKCOoJqg72DV4RvCJEEJIWMiKkFs8I56AV83rDnUPnRV6Okw9LDasPOxRuF24LLxxLDo2dOyqsfciLCMkEfWRIJIXuSryfpR11JSoI9HE6KjoiuinMaNiZsaci2XETordGfsuzj9uWdzdeJt4RXxzAj0hJaE64X1iQOLKxPZxI8fNGncpySBJnNSQTEpOSN6e3DM+cPya8R0prilFKTcnWE+YNuHCRIOJOROPTqJP4k86kEpITUzdmfqFH8mv5Pek8dLWp3ULuIK1ghdCP+FqYafIW7RS9CzdO31l+vMM74xVGZ2ZvpmlmV1irrhc/CorJGtT1vvsyOwd2b05iTl7csm5qbmHJdqSbMnpycaTp01uk9pLi6TtUzynrJnSLQuTbZcj8gnyhjwd+KPforBR/KR4mO+TX5H/YWrC1APTtKZJprVMt5u+ePqzgqCCX2bgMwQzmmeazpw38+Eszqwts5HZabOb55jPWTCnY27w3Kp51HnZ834tdCpcWfh2fuL8xgVGC+YuePxT8E81RRpFsqJbC70WblqELxIval08evG6xd+KhcUXS5xKSku+LBEsufjzqJ/Lfu5dmr60dZnbso3Licsly2+u8F1RtVJrZcHKx6vGrqpbzVpdvPrtmklrLpS6lG5aS12rWNteFl7WsM5i3fJ1X8ozy29U+FfsWW+4fvH69xuEG65u9NtYu8loU8mmT5vFm29vCd5SV2lVWbqVuDV/69NtCdvO/cL+pXq7wfaS7V93SHa0V8VUna52r67eabhzWQ1ao6jp3JWy68rugN0NtQ61W/Yw95TsBXsVe//Yl7rv5v6w/c0H2AdqD1oeXH+Icai4DqmbXtddn1nf3pDU0HY49HBzo1fjoSOOR3Y0mTZVHNU9uuwY9diCY73HC473nJCe6DqZcfJx86Tmu6fGnbp+Ovp065mwM+fPBp09dY5z7vh57/NNFzwvHL7Ivlh/ye1SXYtry6FfXX891OrWWnfZ/XLDFY8rjW1j2o5d9b168lrAtbPXedcv3Yi40XYz/ubtWym32m8Lbz+/k3Pn1W/5v32+O/ce4V7xfc37pQ8MH1T+bvv7nna39qMPAx62PIp9dPex4PGLJ/InXzoWPKU9LX1m8qz6ufPzps6gzit/jP+j44X0xeeuoj+1/lz/0ublwb/8/mrpHtfd8Ur2qvf1kjf6b3a8dXnb3BPV8+Bd7rvP74s/6H+o+sj+eO5T4qdnn6d+IX0p+2r7tfFb2Ld7vbm9vVK+jN/3K4AB5dEmHYDXOwCgJQHAgOdG6njV+bCvIKozbR8C/wmrzpB9xQ2AWvhPH90F/25uAbB3GwBWUJ+eAkAUDYA4D4COHj1YB85yfedOZSHCs8HmiK9puWng3xTVmfQHv4e2QKnqAoa2/wJAMILcCmVuZHN0cmVhbQplbmRvYmoKMTMgMCBvYmoKPDwvQWx0ZXJuYXRlL0RldmljZVJHQi9GaWx0ZXIvRmxhdGVEZWNvZGUvTGVuZ3RoIDMxMzUvTiAzPj5zdHJlYW0KeJyVVwdYU8kWnltSIQQIREBK6E0QkRJASggtgPQiiEpIAoQSY0JQsaOLCq5dRLCiqyCKHRCxYVcWxe5aFgsqK+tiwa68CQF02Ve+N983d/77z5l/zjl35t47ANDb+VJpDqoJQK4kTxYT7M8al5TMInUCFDAAFQCgxhfIpZyoqHCIwUD79/LuJkCU7TUHpdY/+/9r0RKK5AIAkCiI04RyQS7EBwHAmwRSWR4ARCnkzafmSZV4NcQ6MuggxFVKnKHCTUqcpsJX+mziYrgQPwGArM7nyzIA0OiGPCtfkAF16DBa4CQRiiUQ+0Hsk5s7WQjxXIhtoA2ck67UZ6f9oJPxN820QU0+P2MQq2LpK+QAsVyaw5/+f6bjf5fcHMXAHNawqmfKQmKUMcO8PcmeHKbE6hB/kKRFREKsDQCKi4V99krMzFSExKvsURuBnAtzBpgQj5HnxPL6+RghPyAMYkOI0yU5EeH9NoXp4iClDcwfWibO48VBrAdxlUgeGNtvc0I2OWZg3pvpMi6nn3/Ol/X5oNT/psiO56j0Me1MEa9fH3MsyIxLhBiuOywgX5wQAbEGxBHy7NiwfpuUgkxuxICNTBGjjMUCYplIEuyv0sdK02VBMf32O3PlA7FjJzLFvIh+fDUvMy5ElSvsiYDf5z+MBesWSTjxAzoi+bjwgViEooBAVew4WSSJj1XxuJ40zz9GNRa3k+ZE9dvj/qKcYCVvBnGcPD92YGx+HlycKn28SJoXFafyEy/P4odGqfzB94JwwAUBgAUUsKaBySALiFu76rvgnaonCPCBDGQAEXDoZwZGJPb1SOA1FhSAPyESAfngOP++XhHIh/zXIaySEw9yqqsDSO/vU6pkg6cQ54IwkAPvFX1KkkEPEsATyIj/4REfVgGMIQdWZf+/5wfY7wwHMuH9jGJgRhZ9wJIYSAwghhCDiLa4Ae6De+Hh8OoHqzPOxj0G4vhuT3hKaCM8ItwgtBPuTBIXyoZ4ORa0Q/2g/vyk/Zgf3ApquuL+uDdUh8o4EzcADrgLnIeD+8KZXSHL7fdbmRXWEO2/RfDDE+q3ozhRUMowih/FZuhIDTsN10EVZa5/zI/K17TBfHMHe4bOz/0h+0LYhg21xBZhB7Bz2EnsAtaE1QMWdhxrwFqwo0o8uOKe9K24gdli+vzJhjpD18z3J6vMpNypxqnT6YuqL080LU+5GbmTpdNl4ozMPBYHfjFELJ5E4DiC5ezk7AqA8vujer29ie77riDMlu/c/N8B8D7e29t75DsXehyAfe7wlXD4O2fDhp8WNQDOHxYoZPkqDldeCPDNQYe7Tx8YA3NgA+NxBm7AC/iBQBAKIkEcSAITofeZcJ3LwFQwE8wDRaAELAdrQDnYBLaCKrAb7Af1oAmcBGfBJXAF3AB34erpAC9AN3gHPiMIQkJoCAPRR0wQS8QecUbYiA8SiIQjMUgSkopkIBJEgcxE5iMlyEqkHNmCVCP7kMPISeQC0obcQR4inchr5BOKoeqoDmqEWqEjUTbKQcPQOHQCmoFOQQvQBehStAytRHehdehJ9BJ6A21HX6A9GMDUMCZmijlgbIyLRWLJWDomw2ZjxVgpVonVYo3wOV/D2rEu7CNOxBk4C3eAKzgEj8cF+BR8Nr4EL8er8Dr8NH4Nf4h3498INIIhwZ7gSeARxhEyCFMJRYRSwnbCIcIZuJc6CO+IRCKTaE10h3sxiZhFnEFcQtxA3EM8QWwjPib2kEgkfZI9yZsUSeKT8khFpHWkXaTjpKukDtIHshrZhOxMDiInkyXkQnIpeSf5GPkq+Rn5M0WTYknxpERShJTplGWUbZRGymVKB+UzVYtqTfWmxlGzqPOoZdRa6hnqPeobNTU1MzUPtWg1sdpctTK1vWrn1R6qfVTXVrdT56qnqCvUl6rvUD+hfkf9DY1Gs6L50ZJpebSltGraKdoD2gcNhoajBk9DqDFHo0KjTuOqxks6hW5J59An0gvopfQD9Mv0Lk2KppUmV5OvOVuzQvOw5i3NHi2G1iitSK1crSVaO7UuaD3XJmlbaQdqC7UXaG/VPqX9mIExzBlchoAxn7GNcYbRoUPUsdbh6WTplOjs1mnV6dbV1nXRTdCdpluhe1S3nYkxrZg8Zg5zGXM/8ybz0zCjYZxhomGLh9UOuzrsvd5wPT89kV6x3h69G3qf9Fn6gfrZ+iv06/XvG+AGdgbRBlMNNhqcMegarjPca7hgePHw/cN/M0QN7QxjDGcYbjVsMewxMjYKNpIarTM6ZdRlzDT2M84yXm18zLjThGHiYyI2WW1y3OQPli6Lw8phlbFOs7pNDU1DTBWmW0xbTT+bWZvFmxWa7TG7b041Z5unm682bzbvtjCxGGsx06LG4jdLiiXbMtNyreU5y/dW1laJVgut6q2eW+tZ86wLrGus79nQbHxtpthU2ly3JdqybbNtN9hesUPtXO0y7SrsLtuj9m72YvsN9m0jCCM8RkhGVI645aDuwHHId6hxeOjIdAx3LHSsd3w50mJk8sgVI8+N/Obk6pTjtM3p7ijtUaGjCkc1jnrtbOcscK5wvj6aNjpo9JzRDaNfudi7iFw2utx2ZbiOdV3o2uz61c3dTeZW69bpbuGe6r7e/RZbhx3FXsI+70Hw8PeY49Hk8dHTzTPPc7/nX14OXtleO72ej7EeIxqzbcxjbzNvvvcW73Yflk+qz2afdl9TX75vpe8jP3M/od92v2ccW04WZxfnpb+Tv8z/kP97rid3FvdEABYQHFAc0BqoHRgfWB74IMgsKCOoJqg72DV4RvCJEEJIWMiKkFs8I56AV83rDnUPnRV6Okw9LDasPOxRuF24LLxxLDo2dOyqsfciLCMkEfWRIJIXuSryfpR11JSoI9HE6KjoiuinMaNiZsaci2XETordGfsuzj9uWdzdeJt4RXxzAj0hJaE64X1iQOLKxPZxI8fNGncpySBJnNSQTEpOSN6e3DM+cPya8R0prilFKTcnWE+YNuHCRIOJOROPTqJP4k86kEpITUzdmfqFH8mv5Pek8dLWp3ULuIK1ghdCP+FqYafIW7RS9CzdO31l+vMM74xVGZ2ZvpmlmV1irrhc/CorJGtT1vvsyOwd2b05iTl7csm5qbmHJdqSbMnpycaTp01uk9pLi6TtUzynrJnSLQuTbZcj8gnyhjwd+KPforBR/KR4mO+TX5H/YWrC1APTtKZJprVMt5u+ePqzgqCCX2bgMwQzmmeazpw38+Eszqwts5HZabOb55jPWTCnY27w3Kp51HnZ834tdCpcWfh2fuL8xgVGC+YuePxT8E81RRpFsqJbC70WblqELxIval08evG6xd+KhcUXS5xKSku+LBEsufjzqJ/Lfu5dmr60dZnbso3Licsly2+u8F1RtVJrZcHKx6vGrqpbzVpdvPrtmklrLpS6lG5aS12rWNteFl7WsM5i3fJ1X8ozy29U+FfsWW+4fvH69xuEG65u9NtYu8loU8mmT5vFm29vCd5SV2lVWbqVuDV/69NtCdvO/cL+pXq7wfaS7V93SHa0V8VUna52r67eabhzWQ1ao6jp3JWy68rugN0NtQ61W/Yw95TsBXsVe//Yl7rv5v6w/c0H2AdqD1oeXH+Icai4DqmbXtddn1nf3pDU0HY49HBzo1fjoSOOR3Y0mTZVHNU9uuwY9diCY73HC473nJCe6DqZcfJx86Tmu6fGnbp+Ovp065mwM+fPBp09dY5z7vh57/NNFzwvHL7Ivlh/ye1SXYtry6FfXX891OrWWnfZ/XLDFY8rjW1j2o5d9b168lrAtbPXedcv3Yi40XYz/ubtWym32m8Lbz+/k3Pn1W/5v32+O/ce4V7xfc37pQ8MH1T+bvv7nna39qMPAx62PIp9dPex4PGLJ/InXzoWPKU9LX1m8qz6ufPzps6gzit/jP+j44X0xeeuoj+1/lz/0ublwb/8/mrpHtfd8Ur2qvf1kjf6b3a8dXnb3BPV8+Bd7rvP74s/6H+o+sj+eO5T4qdnn6d+IX0p+2r7tfFb2Ld7vbm9vVK+jN/3K4AB5dEmHYDXOwCgJQHAgOdG6njV+bCvIKozbR8C/wmrzpB9xQ2AWvhPH90F/25uAbB3GwBWUJ+eAkAUDYA4D4COHj1YB85yfedOZSHCs8HmiK9puWng3xTVmfQHv4e2QKnqAoa2/wJAMILcCmVuZHN0cmVhbQplbmRvYmoKeHJlZgowIDE0CjAwMDAwMDAwMDAgNjU1MzUgZiAKMDAwMDAxMTE0MyAwMDAwMCBuIAowMDAwMDExMjc2IDAwMDAwIG4gCjAwMDAwMTA5ODAgMDAwMDAgbiAKMDAwMDAwMDk2NyAwMDAwMCBuIAowMDAwMDAwMDE1IDAwMDAwIG4gCjAwMDAwMTExODggMDAwMDAgbiAKMDAwMDAxMDgyNCAwMDAwMCBuIAowMDAwMDAxMTMzIDAwMDAwIG4gCjAwMDAwMTEzMzMgMDAwMDAgbiAKMDAwMDAyMDA5NCAwMDAwMCBuIAowMDAwMDI1OTU3IDAwMDAwIG4gCjAwMDAwMzQ3MTkgMDAwMDAgbiAKMDAwMDAzNzk0NyAwMDAwMCBuIAp0cmFpbGVyCjw8L0lEIFs8M2E1ZTUzZjQxYzVhNmM2NmJmODUyMDk0MTUwODk0NjcxZGRjYTg2ZGI3MTFhMjBhYjI5Yzc4MWI5MzNiMmYxMDJmOTM0NTUyYmI0MjI5MTgyZTRmZmNiNjE3NGUxYTNmMzA1MmI4OWQ5M2ZjNTg3NWQyY2YzNTVlYWQxY2FhYjA+PDNhNWU1M2Y0MWM1YTZjNjZiZjg1MjA5NDE1MDg5NDY3MWRkY2E4NmRiNzExYTIwYWIyOWM3ODFiOTMzYjJmMTAyZjkzNDU1MmJiNDIyOTE4MmU0ZmZjYjYxNzRlMWEzZjMwNTJiODlkOTNmYzU4NzVkMmNmMzU1ZWFkMWNhYWIwPl0vSW5mbyAzIDAgUi9Sb290IDEgMCBSL1NpemUgMTQ+PgolaVRleHQtQ29yZS04LjAuNQpzdGFydHhyZWYKNDExNzUKJSVFT0YK"
            }
        },
        "aadhar": {
            "id": "XXXXXXXX9432",
            "front": {
                "BASE64STRING": "JVBERi0xLjcKJeLjz9MKNSAwIG9iago8PC9GaWx0ZXIvRmxhdGVEZWNvZGUvTGVuZ3RoIDg4NT4+c3RyZWFtCnicjZdRb9MwEMff8yn8CFLn2o7tJLyVjaGKbsBWIV69JqMZTQJupgHiw3OJndjSqL1NmnTd/f8/93L2OT8TyggaftMMpRJlskC7JlmuG4ouuuRz8jN5u02WlxRRhrb3iWBYIMEpLgq0LZNXF93usanaHvW/f1Svtw/Ju+1zEaM5FtyXVWcrVe6V0uhb1VZa9VWJ7nXXoMv19e1qs0HTv79ebU65mqXQAgs6er43TnXXohIMY4txQkaYOCPpGRWI0TcpeUPSIJMXGSbMfv2n9tCp8iVET/aMyPIwMeODwyC9UsfvUKypPu1jc1fpGNnJf9mfgqcsjIS/RI6aa9VEv5vL/lJVGq3a+oA+qOZOHU5KDYbBY8hNLaGEqLtHb2vd72M8J6NFAbXMoZZhEMnw3CdlvGRz+lXQNs05liZxt+zQAh2XXVggGabpKFiVpa6Ox8hKPAGKpXKOoaVelMokptmY+vDYKnSn4IHdqT/QUk9Kl0guBoO4DckxNVv6Rh33dbv4oPSD6l+mZgXBzBev9o0qW/VN6cWV2isNn/ZavdAsY5gZt3Vb1mrBKedmJ5/Wjo+E8QJnZntsVFs2Sn8P57MMM9Psm26nDnX/O7Y2p/h/tcM8wnFmmv0cWGiJLupjr+tdH8M6oSlwEENzKKB5lp/qFp13ZWzXewpX7NP+osC52Sq3ffy49NK9XvBEZmzdvE8ImD8lAnoJ5oGAfStRY0MqGDokt//LZ1QOi58FNg4oxNAnPsLEIQWBbIkLav2HuWPiwKIIdyLhHAKIlGOeeggTRxCTSDiHAILC6OYewsQRxCQSzuE0gucF5tIhbBxGzCLhHAIICZXMPYSJI4hJJJxDAAFHsPAIYxgBWImY5QF7xoY7hPM3cQQwiYRzOI1ICxitXjfZOIyYRcI5BBAZ3IS8Ktk4gphEwjmcRjAJc9nrJhuHEbNIOIcAgsNg9rrJxhHEJBLOIYCAS2rmEcYwArASMctP21O4kTLvbLJxGDCLhHMIIODqmXndZOMIYhIJ5xBAwHRhXjfZOIKYRMI5TAoqjYYRaLQcDvyC2XciZt6JCCZpAXcNa8zANs1TyAMrOY5dpCswc4ONDoMNbqrD4QFnbT7evGDaafBKpZQZWLy67DTa1E09vAyd13r3eDBvM3/R+cfry/XFu+vteuVeh/4BO3b0vAplbmRzdHJlYW0KZW5kb2JqCjQgMCBvYmoKPDwvQ29udGVudHMgNSAwIFIvTWVkaWFCb3hbMCAwIDU5NSA4NDJdL1BhcmVudCAyIDAgUi9SZXNvdXJjZXM8PC9Gb250PDwvRjEgNiAwIFI+Pi9YT2JqZWN0PDwvSW0xIDkgMCBSL0ltMiAxMCAwIFI+Pj4+L1RyaW1Cb3hbMCAwIDU5NSA4NDJdL1R5cGUvUGFnZT4+CmVuZG9iago4IDAgb2JqCjw8L0ZpbHRlci9GbGF0ZURlY29kZS9MZW5ndGggOTYyMz4+c3RyZWFtCniclXtpk6tIsuX3+hVpt82e9Zi6UuzLTN16xg5CgNgF39jEviOBsPnxE5mqvn27X7+sN5mWKSDBPY6HH/cTytD4C4xAbx/fKPmGEm8kQb8l7S9HpYXf+P4X85fxF9b55SjCbzD95tx++bgFw95p7M1Jf0HenOkX6J1Awdfb+stfs1+ZKC2iaHq7auf/5VS/CM6nhZeDKf8F+CAR4h1H39pfcJz6+0kDTmhwQr5OPnz8OCb/cdPtn439ZOBlDYGQdwj/wxoCwf84+WHun5z+G3t/mGg//P4wB8bzT9Z+OvnJ6e2/QP3Z2A+n/wTuJ8M/O7z9HHf8M+wfFuB3BP8I+19/+8+tbd4e2TSXfff9G7Dw7S3rkj4tu/z7N9cRf6W+/efvvxm3W1N22SUasqnJ5ll9Jm9TdssmcG+mpN+/0RiKAKc4hMI4AqMQQqAw8u3339wy5aMl+v23S1++pX0MXOC/QtSvME3jwBN4EL8RBEZTtwTCoeSGExlFwyhBonB6gxEKAad0hiIYdaPI9IamWIxTCIbAMInfKCLBvr3lWZdm0/dv2rePPPnr20/Z8q+4YfSdJD5xtx8DIRA4Q6IYQm4xQlFpRib0LSUziKARCqJwIsVgEr7hWZTc4jjJEihLb8QNopMbRBDRt7cuagECL8umN6Yrmzc1auOoyb4dP+BGb0k0Zf3t+7dvb0l/75bp+f2b0qUleDAt5+X7N6Zoo7SL8mj69lb09zn7uLWJurSNpvrzuE++f6vuXfQWR8B8HO2AD2s0pW/Et7cB/A2DMQxC/xw3RLwjL9xD//2bFc1F2X17m5doAT61qIgmcGmZoo9rU5YtH87ne/waphpNVbT8qROCpt5J8tPJY0l+ePmIRbH8fqSrI8Ywpl2HJytnWCZnwBl4ZfgjsrI8w+QSmycSa+YyuyYnzsxVnjV1npnPPFvbwkq5stXf5AKKwA35icM6hVNmZVsTlU+GM89sOm9C8jPBL07+vHDYrvPnl22zBvZWYCfXeSt/KtZaaJXy/PHzFSjAFOoT1M8P/I9/zseVYSyO4RVGZXjGVhimEFhmE9gjZTLy+hEEl2VM4eOH+ceXwDGrKYKAKJzZnz/uXSxwORd4ZlUEZnVF8AC4INKMqYDgmRZrKYXmCpIAiwX7PG0ir34BiwJEoD9hsXUkKAqkbqvl2dCNqTXk9MzzWhWLJJCsvjmVSa/aPaQ7AWrwNWFClmjVqWK7g+OJnu/BRei3eh36YRdJzZigFpx2KZZdR75QfKnAylM5qE5z8v0GL8N2VKtB9duBKIdxUvfl7CMLWeJ3MNGbdpU2qjo9l7MD61cfpqsQucsldnAa/H7riWzaqMcFom9fYCNBsr+wxejh0hGvSIPorsLfI/0K3n8baeEj0hy4iWeZ5BVp84R+3rsJAmsLG1ucWNdMi8TSSq0XFFFQrT6WWc7WdvfBeEF3trgiqHVDaCjrM5AtCOugVi6i7zlu1LpguaFsC18AIaj3V+o1qgtbntekge8NVSh5bYgUQ9TpUHoN0UxuiLw3hCKI5FJp1Xow3CaMru2pjfrRqIco6ka1HefJgJY4Qu/nlljni7AlsfzUOhVaLi6cxldE7yLsfqnxLO4Ioxtfgf4jhnQP0lcDdFUsEAPmsvLtqrpcsznj88SLkurybUNiAy9sxFeQ4HcU/sTkYmpGG8yR6xiX0RlavS3Dc6oIWBEwkRECu2ONqOEoCHef0Zmx2Is/iNXmtmuFDgd0sYJQEna7MBJPYWuIsih8QASzYJ21u9iD3ukXLoPFXLFkx+NbTUgz2t9EtC/LNafncrSZ0mRGTpWuFzmb1BU7KUfBHSr8yJVr1VASCNpVctxy2k1mPdnFF7Bw9J1CPmGBDrne2U5kzbYBIxyZtivU2gMjsuTNCriTK144WBl5isiEfmY2bzStY+Os+ebkd+OIuSSjIS62UanaeDp6LcGDhKtwrHJXa+pxEp2znOPgoQRnxonxNj6HFYUSvEDws+hGd6eLXa4lYyW0mswsh427LGQFINvGViBqXH5OOnmvAwJ61OG+ml/Awoh39AULjfWIW+O5KDZkcDgd32ASIjlD9BgQocEp5IVI1Wysu8GtBE8ru9iAbTLhcjWBGN2/LG5vBgMxbSCeJispR7vjLuUYE/m1q33OVkzTUPChxSWywkXp9uAvpwtDBBfDOFNmdgkV3F90taGe2nmJsCAwyM5AJaNjWLqCMV0suiBqJqQhHGm/ptvyBSwU8Ar9hBWEXC+eznVqPgKKkjvmwipTMzzKmKl3jre7umIPXtdxdYVKEHY07swjJrLjnU+uWnswc94AJYQFvSxhAgYTvTW72V3AQwh0ONVavQpt43CXcbMDzZMhhTm6HoTUh7Muw9doTqb1WWPUmOpThl6cjoCxzAccI3AyJRq3Se9Ps3T1Sh6cOZ9v1qhwzFe4ALk+xfRfTWMBbpFp21ccw+8LmwbTGPn04l8bLjm4N7ruiFTD8OMZnszlBh2v022PDc+XEoGhqgmWXTnv6iRPwn5WHtaKj2FQoOM6+9BH8tH7ZrK+oKAMho/xMwHTjqyheGE2UymEgAiw4Y5KNwIOlFGZ8nYUEkmkR/eUw0ZZDW655Unbz66l9grh0kGxu+3+BTQEEOwlWBls9IQTATGW2qonyTuHuKPUAYfzT4G1CKGGAyFgCcrDN4yiTFQcbqfQxz0L9507E1SGmYxJHsoYdolPLGPYcHUNdTMvlqAWNPBo6hFPOzaltEJP27E7TeJg29sJpKPfqYUuPuuilyfLzcvTsC7IJWp2kDOh0D8jl+qGChF9d0ZAwhNEQgZI9wUqGPDrhcqIjJTHT1J2MetygpvLORau4qRR+i6soWw2ziEgj0dGJMo7qUZIIjYrjw5nJ1rWO20/l9XqRLe14TihDxSTqY+DMEAbfJcuQIkrFBabQHslYGZoI2PL+4pg2LRW62Vcll4uSw7jSaHd2VRF+Nmsb/p9q3LstMHMhILGR0exxSsPO8d3twO1PmB6JmC/QAYBir0E5+ZwhuNussQYUbWaWcTKQv+YQXGLEgHMpcmpdQAphtqYQhIM5sXuiixTA/HsTXl0G0Q0E801L0N6MHSE7WQMpmi0QfUbmixwYlybJpi3075fH4+y3GqYX/dRX8Q7tfW+ymaTmJmXbauo6HCzGb7Mo5MCodykWrjBqFXhkho9dl4ubr7QASbq6qbUylfQAMteMld2mXaoS0LqGai4xOI1sFYuG/BRigHhLTOuchybQohYz8+R0fKZhQmva47kY/KPg4CsfC6WlrnQNlTNLMZUsP3UbKwOqoscEx4OYw115s0u0utA7yTpIk8drdJXiL+y8lmWEM+khKoTvVtZBOYVLqLr9dmszhLIRCJTBOFFMBTAit5V3hQdIrSN/3tcOA0o9pIba7U1Gb/67Ik1bgE2ERbEHY2RYMPrIMFDkF+ZnZpSSb70ZnSIT350DoKZzGyn6x1kQmXsGjX0nVI5JLhdInuR665pLnt41FsZ86xtJpU850WVrWElik37vBGesCpx2bWtEQVVvRaj55LQGR49qx0kDQnw0bJ2hwol3gRtzGTqwlOudawgeacQMPUFLgqQ7IULvkKcj/TOuhknBcMlT2b3+/XCHtXHIB2X60O/dAtUR/ogKLyaCDJBj4dsCaA2ttIg2lu1gYL0cuvqW2XqgsHl3CEfCJXTZpMBGkrU4bNAO+2IG1Zdl/Pdxx+7r4+s0hH20KG6v/EklcEJzeGsfJUnH472pl8ffl9PEnRKtohT7/YeyPDkzOcvMJGAXi+JS8BmzKuMh+Mk7B/nDT9f99aAOYNOyFSX72Hw3NzU3+0qbPaklwe9GdNREWVksVTbyg8PQxMy5AJPfWq3+nHlJAwLoTAdMZyQl1o+XqKHFHOG75J164ns9qhPnnlzkow96OnUtz36aC6h3VBVPhHgeWWylpMvcnG9tycMmUkcQ11BRZWLWR0ZZoK/BAa/vzoYFj/Gwt3OH6WuHIvhJOCZS2HkcZcDOkO7Y+krsluDVpDWEsYkXZ17pIxJkHG2aa6ovVarCXZgEIMnbgU02fxDvBr2ONmRBfXixbo1ON4TwtGu3VpuJ81X1g0aT0/tQ11dJ0dicGw32V2RgQx13ZXpmDE425KxbZ3IXGsX1wJlWK+6woi3y7UMv0BFoO/0S/XaaHn0zKSesj29mVri0XyA0Na1vFUHOEKpBOU7ctmEOWdovUUPETTE4ooadsK5AeiU1Bj2dRWwtzPLzY8rS0e1EOyrod5mUNDldk4vp1R0gmev5GwuGxa8ey38nEaNgibFq/aKGeC+0NeWrUN80NFzwUEVNCKQHbsPrpabBEPj3HjE7Z196No9NaII+gIaTrxjL2h1ebLNY6Yem/JxvfDuBh2tfogbyUaT4x1V5Sjb1owOr2WG5dlNU5Vnaj+uk1nXU0+ozaU1FOq8HENoJp5W73bXWCFVe70eQ5I54OyhSb1hFsuGKubY64Pc43rpnLLVA70sBFyvq3U/EFogZSzhIZfC8NXnYyFXlcyDa2IwURTFsOLKcvC8CX696dkTPT9b9AtwGPVOv/RvGmdWs2pk64bcAcmyW3QnDnJS2RmznMMZRwzjZtoae2hVDN2mNsK1jAwk/qklIaKMFMUjOhDhrChHERv4lLmOPsHLjzycbGkybgJiL7Du8rqC+rnu+DFDeGNipsZRV7I2CqBcVCSayPKK9xKIH3J8cHXZUOvwLIEVG3GAbVXj2hOEY1/hAex6Cd/RKfOgWC1o2mWsifhsj4aQ6GLz+VwLvd6VO6YwNlgomMEJJ27DdZQMI5pQeKAX6IAvHAI520XsIJSpDgtvQqS8j4mKQHTlwEFAj7GKkvSc01khWk89T7xdj7pY8ouz+pQZw1nw1cDHLXySPiuJ+7becLjN7xmiwfEMP20uS9IDrW5JGBFy5D/Kyp2+QIaif7yP/NfTZV66eAH6KWiuaePv8OEqE3AMG0FU4c7mPxFS7dSpk6/D07kaEW9gdaajQiQPD4Nt71UjNPO4KGwOtGLGW5JRQAkNj9pMOlWeHR1aRc6u7UOrqyV8nXXYsXGRJvPO8SHKGSUIRRvlNOoOlIhzaCyVJqU69u+WbE+Pqx4WnXXVEvaYBUHse/kX6y8cAeT6Q9CboLdqx+Lau4m9bmcpX0dGZX0LS65PUgUihnli7qFnZDqBp/iORMSYxNZF3bRD1EMOKGbDSVqLNSp4zABLw/ii6Q9/4VuVmu88PPqq2WjtnBH3te78cSKwWQuvCWtL162WOgHTLXF27xgGlLddOmCtA8SgEeXsquED8QxFhUv0zT5+gQYGbHqp3ZVWK++uJhIr+zm/yds+sFC3WQmA4CT1vslIQFUVyHLp4sjTVbdzjJWH6/KoOgvTfUq/CvMUh6Sqk+VpZZz1bj8gRcZzGahTygoP7O4nTYgaZacSsyk88ZU/rrw/ZhJnUcKShwNbGVHrZYZazChILugJ6ZtaPh3S3SkUmvozauXnyzN2vFP3hdLFYcCpl9I1bD3f6Et0D6CD6u7TwsvtHV1APpTuPOCy39yeRqu6tU6dJayoIrQLany7mruT24WLGybDwqfpvIiH3bgGufzwm4E/J1EeFys3nhuWxAlY9RAjaZw8vYZnup77Pjlq/SHulGfmHO5Rq2EbPOkZcSJhu7k/L9hIwH1moCmqlxHtsWv0JHfPHGV89pqvih8EKPXSuelxcSl4z3qiJpnC2e0kn6+LC6OSWTzhBD2P2m7HaNIhI2c9t1OA697gG7wfxwEpz9jtHBA3vwtQBmYQMjK4qHVxiS0X29yLxB3rDkgG0mUNjasZ2t+gAYunmuLGZU99uokfl2Q/iVz+3O8Ic6GYi/0wHmJXFfFz6+bF6DTVSM6KVgzW0XIOofTfo8JoQKkXKmNTFLa9Cfw2HsZ9Gbw6VCZDMiWT5jUL2o8zjjN07iAM1lwVw3I1vNbILEJCDQ/wvYboqLUmZunXIJEvi9eetooVw5sSQ2Mo16S++3EZq7FRQXeMu9opIyqn/Ro8JgH0Se1ZVTmMP6IhsW1GPXCgoyxQuxVWU7enpr52Z1kR7dhqyUh5HKMwLvJEm8Mv3lwDy913+qV0Bdo/Hha/vI/nQVCvzrrowpTbSoHMz25aLs4FHoeLIteY7MzqmCmh6KxwEt/ZRgM8uUWwq68ddb6neUPKCaI/MoQ04CkZr0UKIWLO53l1YVlMed6COjj1qI59CIqRX8OxRL35zNm4cC2OKzOlF3wcLfm0irVV0fA9kbsOetpRARN77MT7E5talVwG87qQ41foANFemlecB60bL0nKGeid49JhfN6rXPXQdEaZix66rW84XpM7dFSGmbrdteHJeE4bM/p1AF0cm4yOhCCWDI+8PeXy5GXEg/TXyiNHvCx40OKDVcLyUJHHW+A9s/EoqM8Zv50W5ZqZ9Cn01IGUYxo7tPxyWGIpuqezswOFBd82a0BqxroYdfNEME6UJas6ULcv2jJGvmq8BVpSBwGCUissb+epnR7neNHCuma5TdFLRp5Ng2OPS6i7N7X2eC72hZPE4tBUy5dAveBuOUmPUZqvaGlj6P3YniQej6zTYllo0DyOjB4ecmwtIb+/FgfUbBkrXbUkBZl+7PztPNB7slpbdLsVJLxyVMRLLGIy6WWoQLZ3sCRhi9Lr7IMEMb5/0bkwgnh/lXqd6qVbt+fphcKkrBhh2Tx37DMvsdTZc2wgyv4wTwHL7Fs7sL5b2cpRipJeAR1hWGnLT3f3jjj3OVdkPQ3Dp1Yr4Y7sVwUZromGT4FPKhXCl72u3LfH6ojoabpQHmpeLbl8ak+tZw7FfrRbBH4G2z2oGNm+JzBBR/RdqNgnk7EkDFqX05EDJOh05oM69gUynH6HXoJXgiqESLUWbpXtYdJmcrvW6QbsMtDZXS76iBb+zdoyhC9C5YxcJgEn9DvzNO5Q3UkZTw3GzZiyY0tZ/px1Jpb7DCMBM2CZdPGn/sgdhnIXusJGOuQKQe058h0WiI6KvZh8B12kbNiuVxaFwm0mbu6DEZB29fsWdGl8oIqUrCIywYDIwyTbSJKvQMHv+EvoVp3kPP3BT+7ttVjifABZo9hTyPOwmMKYBUSquGM3KryODgrCu27ohYRlBkfqNOO0oqgGmI7Vg7S4i54eMZu3T6SPlL6w6LGz61ptxeSmbPV2dGSnX1TvdAmuWuZdZVR9DtmSlXqPtEv8RP2RxcO4MmBd7WzLxPGDk+MX5ST5K7/VcLkD7W230Bfvy2MY9g69BC99nfHpYwXiV/GuT8ZDMrhLY/BHwTqA2m5UJx4HigMf4jIMSDhusftwweA42QOykw/6JZG2tD+5dY2eqdk0ZZa2s6N4uV1PHYSB5Qw0jpcGqXi+OwCxyPHuWjuXwLYHBUU/1lLKUQaL48XqmQ0o1Nmsxd04b8fHckyP6sI7xQCP6yPEBrLdl/3IgLJVzwX9BTj0cxvA5z8drtBRo8f9lHpgEWDoGB7KF/LpquuJLmpueTg3YX9y3DODL0iSGLkbbGhsZJmxyRiEIY+RN1pKO0gk72JktV1itFr1eO49jn/ihpanmVZJWrVsZT+N6L2BeG9Ibzv9SPRT+BTLTOtO7CVmDL7rOUPzEIc4YQnlTgMQxtIgLc86uCOmHDdeMJpJ8lWdRwDBXgUxyfM6wENnR5838T6csWIOMb/kHr3DQXe7k3jFHAx0WIXwEpD3bRpsr5Qy1TkJV+rJ6LgTyDvfo8kN7l0PXrbehH3bl61l8ulFCCWLvZ/n/rQ+ki6nbldk6rYwIKS72k8aoWajelddpgIvt2CvyinR+2kqit23xtpVWmbcuWNr5yHhicl6sDfxHMlfAQMkexXFuJmpttZm1MVN0Yx2hVk7/QmFmXEZGY3qjvx0EP04x6xWjw4VcUqRe3dDngeYTKpE2ffDST6I0eohoScH+T0nruoN8e8IetqUI43R1NFfdheZ08sSpDZYlJ1ulnppWRzbnqBtajd88yTkEabpggcKJhYeqnYsc8FkWPZraAsuPI3QS/YkB36XN5Q2L9kX/1HBYMCzlwj2+lC2CStGjDG6HuPlQB6RKZ5lX6jJjjEyI6mr5Ugx1/3qRzeMBrJfj3wqRYdl4ZMo44Kuud/mPaDdJGCAfM3MJFBWM6KmEyxck61IVgQqZ9CgkVwz0vvtJh8Sz6E0n4Lud9t8OpmtT3EFEx98e/hjM9tQtqO3ktsWLDyjznl3zgb7vGgdBGNIF9BH7asaAgGavbCtXnw67ettIsJaXLuSmUZNqBcy9OOJnmEVq7hLNzTBskk3x9BSRvNwN/ioZVSRHU652ZH96jOGSp7spaDOpHNYJ5g0iHuct7h5N/epAn0BenIXp1t2x0UQddvFLluXvq7FIVKh3MsfT6q7G8ZAwOKgwBy24J7AjSmaJultjFT1CcTwXWiEwQ/Y6xf5iNKAaC8pPKDjcfCW1PDrqvU8ZnverqAHeZblAsV5xnTYoKB9XRKiGubYieB4H4QBweX6qSHGMSwxoMofAyJej1J9aP1ZXHq6JoAU6TcuIqg5QHTIZeh21dK7uB9Fy7qa7cHS9tsmy773SDJZN2cyYgvlhK/QxA+LPB0deHONCeGicPLwYFvuRdlc6s6wg/35xYyhNCDaSwdf7p7aIX0/ceMj1UeHBssuNzXUNrSkuwVGoaan9hqRyO6q57Isc0vUpK6xRU7fZ1FyqulqoSYsIRkM3dd4nwL5XC0HhWTAElpV0UESXegiFiBfkR5q2vLeXPmRL4qn4VR3Z6+9fJHZi8SPjnyAFBglJfmcg3m6xUdFVaHuHk7BA/G2y6TfhSS7ioKFf4GMAjz7Y2sDfjiY2mje3AAHKrucIxR0XDpsbPxuToKQaJcJ7ftx8qvETpGorYhsWRKUJlmGftb2zJ6Wk6tZNQ+KewNmmw0TwhkHiLjwSLoqs20xFFsm6QZjfT9MtpI6R7r+/tvxYzfPb8cf+7rsMu+i5T5lf7Y/CCUBkV6D39qmm79/K5Zl+N/H47qu7yv63k/5EYEg6AjRR3BDOpf5X7697Gep0t3633/joq7vyiRqyj1ayr7TsqXo0zemyfupXIr235l0rA+r8NESuF+B2V8TGOt+/bjysVPtY3fSDwD/E2v/OsBpjn79AjJBv7+04lxE8Icz6+975t5cS/n+DeBzpqibb/3Uzj8d//8NIuseWdMPWfrr/HcsH76OP5vmyzyblxfEP50pAn4nXuP+s3HARwj7GAeA9BeAEcGJD88vZ17U3LPf1R3o/Ep8xCl9U4L8VoxFeTjYhi8WJwaOchG0WUohPXJjQHL9/ORvxx/RAsc/58GPKXvdKNWx0nvabuEpz5ctUt5F6dZgRI75xYFr/HhdvioXOPYOv8QvKZrLZp01tq8s67miMlj8wRnPdu659iRnPHDH5UQIzX/8BUb/DzaSfEBmPn2YXQW56g3FCQYVEuspFOuTW0aYgshtND7UOnQYxwroNMyiacYYmOGeO1hjVWRtrweM3pRPg6KACJd5P9Eo7nRqBQ3R0BaQNN0eA9PwtmhcWM52XfIwDpp5Y9SHHp4396sKjxHvxAvZ0LFCaA2wOKm38cl6eL8hy6dXHO6jswf1yYm8bcvt+pTTFsds+8lDXlrhcJxRfnevFSggU8te04g5l3dBbBsFounpcY18C//4x2m2kdWnwZzM9Y6g5HU4w7cCGTlkka9x3ed4z0UnfCrph35Yv39/TelP0/ibmj1f83vFIfpVXT6O7C8QooBgLw18j6ssWfSozX7n9O+8/ebqiukKbwov6I4iKhzjKIb+xriObFiKE7wZ4pui8wrzBuF/Q97xd+wdh78DAHAM5AwMlg4UBuMIAmEUDoPfCLiWgaV6goEzHAVnFEZj4O84gt0+7v+b7ViC4HxnBRnYfVOZs/KnREMB0V5aV2PAWCxg4zufNUX5x4hg8mNEEIGCYaHQ5zf8N+P7n0P7U88IMP4So59B+Bv3XdF/O36G+6dIfsafy6alvIGyu2S/a4oirxXHseOYM6vCMrkiuHgTaTujs3k9FnUp0SvEMuYsMjzHHnnhrDG1xMCuwBYayF9sMx3myOa695ktLNM7hpDCUSs+g6uZO+A19sU6sFk/8Lc5vNa51XrPVGrm6Do0SffFbk0UBgn/QpUHPl4rgt6HPjwEiDgnT1aLwPGn11Tyas2CVmkNeM80z8Jm8eH1BEV+iEc+3imCCKdS8UjaBsoc4aIx0CcEwdIkbc9XjXchzWJWPg/4T4PAiCKsqZz6Q5G0IqTZwXpiPo2fhA3mYsQC1dFq0nLN3ScrK+LpEfhfIIFAYr9UpzmD0fSx79WBfypCHrR2tpc+vX4MSds0B0R/O3Os7NQhrwjNPWxpKEbTJqmEUuOYz6EzmxaqEjaYCF2HNuvEyAYgNo+403ITEvJPg1r1sYuWycQVemoO89SqAJgHWCsr+rgG/gauJQC/gmqOGGmKnGrmvHLmB9Sv4IBEf2lNUxLW08mphE3jqH/A4Aqt91z85HqeCCAIlou7thueTEgEr7QBYuB5QnFx68b1bfZilezJqa2T+S+z84LhCGCIALGJrfxrFsDseELob33kCLHGvjKSszTbrD3FdnFBERbWEerccUXjvweC0IA3L21pCY0NHl+Vn3JgF7aFNUFrNz0lt0UhB8t8w4I2VhF11hYaDsz7xXTNTd8Z+IMDLKM559oCLPYM2xM9y2ZPluAZL4NCI9muzoLXi1OyrOcBdsOnkyeCYUJB/jFs2xVykI1rnoOpBnHg7FGylRjlPze5ugyDfbGXBaEAX15oWH5l1lf9zgWV6QG1Ta5MytW4PtHm3rEHxKH4eFY36tx49dMwD/N64ajHk1e44sqUZ1uJpAg9T6doPtNe/8Ck5UU2MoaTJ79AG8qlc2FmMXOTSgrF/PQS0ccLRdpmyoKehLKeUsg2dOWewZlo3LFRx/h4eNpsUWwNJyLCUr8aZUDcTLrbr2r0xYYWhAQUeulNWyMcRlQKZnRU7GQcj2565nRtkU1TovsbinsP+zQqmH30VTMxhBVPL7K8WWIgJXWLvvradLvMd7wWNiXe6NQFgckOQ+ULeqcNSyL2E/0ECZps9NHWTYKmqI0e5swgcdxON6LceOaREsR9QifiRbZ0lC+5Hy2UNKpmSt5E/nHMYYRWaZ/kvngLEiHh9z82INlApVR2CwtC/IxdhPOY/GOPrlTloAeDWs0HO2N85JlsUuyLazcKJIbGsTOzqiBzPQtqWE5bFTNQ1DVgQfbKzGpKXDlLjGmyeZWozLr+yKvzKrCsw3GMqfwgb6owNnuoOJbeObbIAylQTnXIKJwmr2uWB19lIIG9Iy+p+cN7rqxxvs0mAtb6qJZrJVv9UZs/Cjn06TW8anlwPTWK7O2hb+ag4j0VKQQFG8oTpOniFlTB5/p5PQYJlF4t0AlwYEQvPqteyRZxa37e+2nw9QD7AFW/SUp2jtEkB9V/j54sBAr6PUHE6o9yedekVWJbjvsCFk68ky9YoWSqjMOWmsRIHPcRVFdkV4V7FSrR1NzG6qMPOMhnl2tfQ3TzRD490rapP6BGUtNFkgcgbk3aerMi0a0iiXuCek/Q6CpQ0NsXDFTJQ4muUh9u4s78KRZsm4IbX9j/qIoW5DCmfGQZZWV4pvrIky8gYfQ78hKTMtA5Ms9EuVU8P70GfgHHHD4Br0VSszDQhEUEFqLh1bxHPgaKk3j/zEKLEsBxAzKTDT6SyCJyUG6iHpyLow3OlR81yPhHX/l7yxBZjaekP7oFZqHeCFKgSDnWAK9LAJwqYljEIEaZzUogZ75CAzj0Eo4gJ7ZXocqAzgAy4TMxTKRoYr+pgAbZFWEbwDEEEm2THSZ+Fe7ZEQUd6BFrCLtmiNskN68eFEn0M7pa+Gt6TWrlXxAsYQ12g2dW3TE3gX+xEsgnh4V+iJ/tVDH163rtyO7pEUriFEoeAnq78x9/+QINClj00pHAqyIkudvSRcituekXSwgCE7QiEDyAx/nnaECf0naNF4C0SA2r1nLbx9sYtR4pSELNVlbl1TVfjU3Y6j4uGx6ImAY0skcsA5w+fQex4k0bKAJe+KGGPh4CQoh36xXWqxrSeCQ3CAYvqrRPZes1vcnefwEGAdx5gXmc0RRNn/g9+BAt158941WMQIDu3hqj+pCCqGc2/boP8EdzzHuAnmbtg3CgQL1gMGatcSrD78qqVUAhVAoClAIM9C/k90BGVMx/FTis9mlAWU1NY0aGEyD58ZCyT4Pd7U5r7Kf2+AIOTP/9s3YpD+YDVM/BxrnbeEP2dB2r+3BmRm2tj/F4pXkm/KGiOwi0J0bgeUaVVss3OGx7FdxV4VX+38htxuA+PkQUOw24d+67Pcawwx0/eCG6SjtqiDl0P0nz/Razdzy7FWT9khkI3wTdRvZ1Ktyip2nOBOPu/GP+ChP898/RyfCTtdlqjsIeva1sbrqKFulqqtqTpUCZ4fBj2ZR7k8pjBcPoDcvc/dOri1RYXye6LZLOZvpata1PjSLM2SQeW6iS0VSwhVetA4ahh2G72UoquncMoVTiKWMnVipCe/fvI09I+qfBwij43T7MNoJq9SqLIyRdsWwqvJt+9MnrObOrXcT2tsoPXwk8CFDp1V1J8uE8bU7PEM8K+Okm2pTAGIkBFv7znpCHT6/EluaU1eR7H8q9JR2l0R3oshtObkcayl7IJZJRWgNWSOly7aEunmAcWrSMCu1HgNy00uEC+HM1/K9LrdeV1zL4+GNp/I9FMzj+N5/K/P2/QoPhD2wwTX/sDgCVgiJ/+sAtShBAmK+//BUImLdz2ZZLlr5x5ZTcm8+32N7+7xtn6OJrqcn8Y+vm/wODST6ICmVuZHN0cmVhbQplbmRvYmoKNyAwIG9iago8PC9Db250ZW50cyA4IDAgUi9NZWRpYUJveFswIDAgNTk1IDg0Ml0vUGFyZW50IDIgMCBSL1Jlc291cmNlczw8L0ZvbnQ8PC9GMSA2IDAgUj4+L1hPYmplY3Q8PC9JbTEgMTEgMCBSPj4+Pi9UcmltQm94WzAgMCA1OTUgODQyXS9UeXBlL1BhZ2U+PgplbmRvYmoKMyAwIG9iago8PC9DcmVhdGlvbkRhdGUoRDoyMDI1MDMxNTIxMzAyOCswNSczMCcpL01vZERhdGUoRDoyMDI1MDMxNTIxMzAyOCswNSczMCcpL1Byb2R1Y2VyKGlUZXh0riBDb3JlIDguMC41IFwoQUdQTCB2ZXJzaW9uXCkgqTIwMDAtMjAyNCBBcHJ5c2UgR3JvdXAgTlYpPj4KZW5kb2JqCjEgMCBvYmoKPDwvUGFnZXMgMiAwIFIvVHlwZS9DYXRhbG9nPj4KZW5kb2JqCjYgMCBvYmoKPDwvQmFzZUZvbnQvSGVsdmV0aWNhL0VuY29kaW5nL1dpbkFuc2lFbmNvZGluZy9TdWJ0eXBlL1R5cGUxL1R5cGUvRm9udD4+CmVuZG9iagoyIDAgb2JqCjw8L0NvdW50IDIvS2lkc1s0IDAgUiA3IDAgUl0vVHlwZS9QYWdlcz4+CmVuZG9iago5IDAgb2JqCjw8L0JpdHNQZXJDb21wb25lbnQgOC9Db2xvclNwYWNlWy9JQ0NCYXNlZCAxMiAwIFJdL0RlY29kZVBhcm1zPDwvQml0c1BlckNvbXBvbmVudCA4L0NvbG9ycyAzL0NvbHVtbnMgMTIwL1ByZWRpY3RvciAxNT4+L0ZpbHRlci9GbGF0ZURlY29kZS9IZWlnaHQgMzcvTGVuZ3RoIDg1MjkvU3VidHlwZS9JbWFnZS9UeXBlL1hPYmplY3QvV2lkdGggMTIwPj5zdHJlYW0KaAW1mgmQXdV5oM/d79t7lVqtRq0NISGEQEICxC4WQwADtuNgD14SD/ZM2Rl7MpUpe4JralY8TlKVuMax4yqPpxhPjAnGhmDACLMbBAIBQgKEBJJodWvp9fXb7n7n+89rYVw1lSpSM7duv77LOf/59+1co5PntlJ2qlSulKUyQ2X6kjtOQz+zujcmr4wkTW3LThPlMDhVqaFiS7UXZqs+RqZxaDPRtAGQJ4Zh5MrIlGkow1TcmIq1OMwUYMpweMscHjAgV1auVwUqp54Iao5GQ5kyLZMVlGkxPs00ziY4y4tTCOt1DXnFoaHpmbFSkSySFvgFZw5H5jACslRmGiDEEhY3SZaaZlNjCu2+BiaLxLlnMzSGDjn1WGB0mQcgoNr841SxMvNMWRAui/J84b9c8747W66YzwFeQp48lpM/y2LpXLDhMFViqvFU7Xrr2KHxqVVLhq7ZMFi2HQ0zDcPQ9zzAMtQURus5sohM1QcDBTy/+pnAlwMGyxU/nN1X+rn+gWpTo7rw/hQ8HmqZnRoJhA+shQhhrHDMRDyazacGduEkaZLkuW+7Ee9tM1Dq3mfeGj85fcbyZeeuPW1JSUGJrQEoo0u9XiA3RIP0UnBMsO4eIrLffZDmwgitx90XIlwZDEIyVHQtUzbCEb1GUkaKvpqZmSdZ5prHlPr39+769b4jdrFodepXnr7065+6dEgpF7GbaKvMluW7zEHGHKaGL9fCyQ9wQ14uHDkKiDaABBotbIc3moyu9nApFsFcYGlwQBNIWkZcM1FmyQheaPL0YPCAh1asXN5CVdc85L8+8jSLLHNGqT/+c/g8ljmlLIyv2XTGnV+6aqmrVJI4IG+aXYNeYG8OSgBAJaDXFCRkXRDhxcItsIVoXvC6i9KpS33HMyCgwAtvZSTm331kOGai1FOvvv343netZWfOVwbV8Mon3x57fO+UCEdzFmayvkxaAAFneRTlBmJgYQMhiJz/L4deSllMgMUytguB0XIBWpn86ZMHCw/zVKjr3nVfCedlBY0EyHDJpGRhTXFpoko8gncqQZtM/Mv9Lx174ciUM7yuU16WLVr7yMsHfvX0HsZYth1nsq6Btz0FQq7AR05Z6H1CQePUojJWXIrGrPtQTxdfzPJQaKK3TLUs0Y6FQ2SFNqkgVomrjs9OO8XSfBRbnh8kHccujc920EY3VRYy0dBlbS0fIdkAYqL1Thw5C3Hg9xZE3x3PYrh2eXNKK7tYypMuICBgd10bEyCCIP+wAy4MT6tzyiR0SggTAZh6dU29wBGOZPJInLSMYT3BRnTjWH2uxXUnN60KfPcLlYNHxmJ1NhBdW5sBcwQ/1uIfs/nl0QI+8karAuaqRSvSFvjdk7fdgxmcpw5LPFoOx08BM0TLAO66/MuWjSz287CCR2nNF5K4mMSLykXEYLriB8VTaVigjcYQOYUWcSY8XdDR366ukeM172AQPEs1F2QGB0+7kwQIJEk87CqWJuwUHaJV8kCPJnLCR6axrF5ZgDhd9eo+5VcsRp7LFW4aPNctH7Ha81UjKyRBIZ7309bo8CBAUQgZmOnoLNjqP1mNP9EAeaTPhf+8FznKa0I0kDXvuJc5PCUmo4LYu0haRkmolzu4nSXKtgQ5uOGq+OLTV24ZOfTS4SOu5fpRcOmygVvO7cebNZPQtz0YRvwQjmrnAR5YiWiyICKmARxuTrF8AUmt35ID6KQmtw0dHgQFACRoXDcPMTHiPLdguEZbYItgOYSOLiyCuX7ygR+wxmQFH+23hCTGGiFzZLZZVOqqVZXPXrzpH55907J8M29eeObSW67Y6kMwyxmGjViEg/ANNUVsHCBGCvXbxU7ZB68Ebw58GjmWFZHS6HvWckTzAENqgg+TgV1CNJsUTMQ3GyxmxjiBhipOK/X4/mB8srGst3rTes/TTkcDE8xdKFkQNQDgMmE00kC9XPwDKMO4hVVY6NRaUA8jOZGFiJXnYMLILkrQV5IrfP2CsLor8ivuQAaT/YkP7o7v/gKE0WDVpZ4LOXPx2aG2uZJ+xSotpR7bk+w98O5pS2of2baY8O6Jupn4LFBBM4SVH4DDFIIsPOwuQYoChguGokfiMnMUGGbhWBnHCPJMTJJbsmPmT7RVKxQtXlpVZaV6ARFnluCboHEt5TeU0VGCKLowqBdoaAy69EAhugBA7FL+pwlLiDabFgpiWhZOsK6XZiTIsbrGMspVhJ+PlN9WBpgcb6p6S2EknquWFGXYAFJMIqFMlBpoItEwzFzPhMfkrUEm2SeIscTRpjoxl7uuMVhWQ0WhgugkRYBemgEwEB2q6eftTIWWmte8gwro6gc3qgZTsEUGsKU7Hrq6MoPLUDE2qWDKkn7V5wiGsAs9106U5XS58T8f2T3WitxSMQ+bo1X3livOm1PquX0zz734Rj1MZsJmlkUDJf+8lafdsGXD6pqJG3ZyN87C1DLu3rHrnSlEUXXjzmq3/blPXPHOial7H96ROr2WU46CcNPaFbdsXYm/acdBxfFF1USPsUTBeDJWf3H3ky3T9z07q08u99QXb70us0zDKMPfN6eiHbte27n3QDPMm4ERpK7vuiODpXNXLL7uvLVnLXaRoigtWiahQ/meGcW56RjtXMXk+JF66Nl3nt79+tHpejtVURTZaXTWspHL1q+58cp1JU/d9+jenfv2uuVqGKleK/3qzVesHCojnu/86OG3ZpLUq+Vpuqxq/dlnL+2xLDTl8V37f7HzQGCWyFayYP5ffv5jy/rVniPJvQ899uqBo8dn6qZpFWxrw6plH7v6su2beqq2GE0W53ZXc18ZP/H2fJo4hSyOVg6Ui7Pqvh27Dh85WXX7W2TOvUPknMdnZg69dujxNw79yac/esmAMluqVPJQ3h1vTe2fV5avjMbkef35jWjlwMAbE8G7cTsiswxnD87ObN+6sp+kyPFE/kQEEmRco2XDyh2vnXhw71hYqPm24cyMf/XKTVhPYtgY2bd/9srjrx0IMsswS/CoWO1JnNJUo3FyvPHqoeP3PP3KRy8570s3rOsxROngeJ4EyMdz3Gaq2pZ6bF/wt/c+9PaJelKs2qUl7bDjVBzX9n49PvPk4V0/fP7g179647MT5i9fniz2poll1tL6Zz9WQGHbhnr6reMvz4aJ3zLDfFUp+1ouS8Cr/cfqD7x4MCwscm0jac9tmlD3PHf4Rz/9hVXqSYyiWe5Ns7yexNMH60/t/uGt12y74wsXQrHnGFJRJsoMbSeDDLOMYhzNwx88uGu62eoZHFbNrOT6M3lMveT2DBI+jjZm7rzr5wOfu2Vj/ylP17M4MjLbLxpGEldTTKFmqW3btu9/8XBYrPpW9eDJd3a+PX3NGoKkhL2ukxMfr9TJVP38mVfiyhKr2tdqTK8YGrn48q3EpfFY/YcfPPb8eMPuGw07UdHzSnmUpkmD3KZaNvJyGvc1lbrryT37Dxz+b1+7bin+IUl8RCRRPk8s45F90bd+dD+GkveO5G6xlcalsttpN8M49HoG8P7vNpv/5tsP91Z7SyMbUtOI8zim5vctnACn0ztoZmFolBzbNCtEFSEWyzGLtaTQF5cGW2FQ6av91V33z9dn7b5lcQ7xkWPaqWFnZpHsBQv/yaPPFzz7G7dtYa7piDsSL4coDMOJUqth2Cc7nbLvZnMnquF0rXOi0jxWDufSsBVmqdvTM5tmv3hqJ74PZ68demLkQZa1DCskt8ZScLLbzx2tWFzHkXJSv2/H83tRXjIGKRY5cc9gptTO/eGByY7hVUmK7Sg4/5wNtZIEjH/9vSefHO+4AyPNZlAtVhqT0+HsXDA53hfNqpn3ZuvTbcNKnEpWHn7pePTlO+/DPxqS4VJQoHfmWyfiO3/8D8fsvjotGd/rdFDMljF9tNY+2RtOWnPvJbNHSy6NmPTE3GwnzTthmsWpEcdmlhIn0AAiRBJ0HKJtFEgdDLFd15xneU6Ism23YLqlk/WO5ZaSoO2E871Zw20etzqzvmUEACz2OYPL7vv1c3veS/GQtmgApux6aQe3IxVxqrKyZ9ba8zddtuWSM/txp68cmX7guZfeC/PYcOaazb5qz8HpqYlYlQwSeJVGYU4TRtlJEtmWB+s5V9bU5tOHH3z9oFkdcAs9r7137PVj6sIl0oeikCF+I1Xczv2/2RWVe+C41a4POPE1F48iv+/97OU3ZzvO0Giz1SzaeTJ5+KLVI+dvPHPF0iIh7sDYxKOvvf3aoQmjsjSz3bg8+M78+N/89Kk//YPL7CR1bRfb//59O07ioXtrbh6mUauaNobLznXbLzpz5Uil5swHau87R+575MmpyDX9/jjTPg1vZTk6nRJfH+OFMlWw/dzOw7hD8IdPHKT2URTi/LDI6amZ3mLBjOa3nr70tlu2r1yipmfVXb94fseuNyt9yxrNNslgFOWvHzy0ftlqktoCAR5HjPL7mfJda649WzXbd3z8hq2LBDT6vmJt/6rhj/zJ3z6irB7fq+SqfWDy6ESgVldUo618x3dNZjsZGKdSMBBtieDXbV37m317AhGfN2k4D+3ed871661UFdENS/zGy+/O7h4/1qkMeypxWtOXnL1kRVHtnsx/vW+fXR6d7zS8PPajmdt/b/OnLh1FeMwD+GVLh2+9YPgnT7371z9/1upbHhiOU+x/cOe+Ky7cvG2ZxM9HD6sn3627lf5GMGNaRlqf+PRFZ/7bT14gThyT0jX3NctGb9j8uX/xrbsn4iAxwd4i+wJPmgN4CUFQkncz474bZHVCLkHX8cjscGJYZ61WtTtTV29ee+ftWyBZUrWSOucrF37tL1uP7Bkr9Q5RiwQN692jx0O1WjIhKVcs3LWdZEkadip5cv3WTZsWSQ5UU0FZReVMnVVV55y+Oup08swMwMsvB6lOB4t4h4gGEyxwHIemjOSPOn3eNGRsGOqNGvOp6UZuedfbh4/FKndxIEjEwNh/+dzuDN9LnDayohXfeOlm5j6z+43J2I5UZqnASerXXngWXCZr7FGqmuZlnFWSDSn1+ctW3nzpZhXWkVnkFmeM0hO79+NbYdNv9k9Mph792aJDHGicv24ZXCZvKwSK8o6LPiJnOz2zqu744q1Wa8pDTbIUAizHwchBXrs3K6NqN216kAW/gAlCIB4gzTLbcUlLeYXHWORn37x9i8ZNFeOkqvG88ZKNNnmGMhud1PTKU3MkijhnYTUhJAYERViWxoOmdfn6YVQS0GZm28quGOJ2B8qekYXI0zQ9K7JpDTEfxaSMN3BjibSe40xyrRaLGJJTX3v2WTaASSGd8lQzfWr3BBEM1pB3vzKldh2espRXMezW3OyGdWesHaBBol5587gqjURZ6lmdAa/96WvXFLAz+i1pLhVpnuI+MDLO225c30OlZcS01LPa4l1vv6cZpN46dMgoEI7oyMSFYOYPb7pKAkmcl5xcHGOAoqqKb3mJumK5unzNcNKcs8khHNxF28UD6qCX5E5qm5GROo4Xh4mEMW2mUt1kVGyO6fpBc+6WSzeSzvtUy/hxi8xCkp/TTxtw3UKbrrzbEwnnMAqZLq0s/Kb0gCzy17jq5L22UCIHfSpKbywOEA5Jc0SDhsVMaelKRSdCAlBO+iLVIkLjIe4DdScfumDN8PKBatZp2KYdW/6O3W+Qk8xnonf3PPHCTF5wC2UriXqt/KbLN4LK7ExSb8WJ4TqeH7Ua60eHlxiqzAvWMI0kwcrzLOqgBJRwQ45av3xxUJ+2bZsU8GQ9mKZ2An6jSaJumU4WRssHetYuESILjvgAlaYO2kKmlUodAVM2rhk10yhN2GeQx1ae6dqKKeQGcgoTREByAIBTfrjPMs/Kq26OFNkDkUE6kYdfRTvzbFQehuo/rRbS6hQoYhrkJB1DtVwnQgocLMLiyCFhXwVGF9H4wMlD4pM8p+uvrQnVYW2pdqXSW+C+2F2uhirqnOX9hXAK/bfL1ddPNp4Zkzpi37Hg5XcmsurAfBJ35qe3jPRtGRDeJWknjucdV0VhYht+b6EHAWv+aDSkE5fLvkIasdnB+F43L+VxUW9EkPE0O5oDUewQ4qUAN6quj10jmBSfCtK21VZpSLfYydu0nnFH/b1xEBQdF2xRFzOX9gvj3axjyS6P1iUkoCnVXDdw53Ye2VloG3mhVMGmpYGB5gmjpSHk22bBSoHgpm2isZPHCA8tFEqky4JXpG+IFAUj0WgtPUE90c1fF2wyZA6jdP4jspFDenKsQKDJMke3AOCHg+HSLsF7bF03aHfyuNPJVODV7v/NPtrqv9q9fy7DNl3cddFMP3H5Frwb0sUsaNlkVA+WlyWmqzBl6dQR9CHSEJ9hEPW5ogRAzC5dH2ww6FBIsvXDILD1HA/3ZhhWnORhlBMewdPGrMkcYLVomXRRbNvkVb0TOY6bAVMrXJcmFhUrllYJDR/p+QBBP4RfQq68BT+Vue5Cvio5ABAEAdMUZLByst4YE+ERWNHlEa9kpq6Vlcy8YqRFK/OFPB7SrNILdH9so6SoBHSHgK09stZu3COzAx59URhEQwB1oI2AAG1HIJ/Tr9YtRu1C0qfcK+0/MXffW+qZQ1OJW4zDyM+ydSOLz1/lwWhXZX2lcsHx6R2LyhnexMRxIETkaySFejMK2Kny0szGy4P9san5TLIdobHsO/1lGTYwMEioYLhX7DlyojExLYwOw6Z0NmSvKPVgeCotdUT18hvvuA4qCMU5IZoxWochkoLbT4xCbLgZEqYTLe13SEN9pVODSDAM10hhkTAQbMQB6B6eJFoW/oEQShZGt4KFRAM5U3G8DtzKTZvGY1d6kKINCpBdX8Vy2JZQJVD1RJkrvMdMTdIJxoti8l6IJwPJMPCrtmyw4qBU8NM0jUz3p0+8OIaNk/EbqRvUr96yAW/uYH9JOlBQI339ZtDJ4phSc9/YyVfGFeUqB4jKWlx5LpqITe0eV68fPm56Rde1405jUX+1p6w8Q50+Mpi1ZvI0IqefTewHn93P+Mwro7Q4OZSdfVA4QsK+f069PT5jOIUwJpnWdilLdcmDj7gBCVw6xUOjIRQc4LJwRXIlrEZ0XcZLhOvqo16FKdLNEcMyxUeIJMTm8YBIKkssUoeYRhiMFkYBULMMP8BdxrYzw8lEDDuBraysh+knJoWVaSEnyTpAT8KN7GtEKMK2dctWLO5LG7N2GsZJMlYPQr+Kg/CS5oah8tUbK2gEm+sIiIvLNp7ltuslJ6NtMV1Z/P3HXh2nX4LtADZLwjxvgpSt8D/fu/dXHb8vNtHR0Epa5529VnAmAp8xOOI1zajRpIU0sOSnT+z62e5j83RiukRBv2mS3Y+F6i9/9MSh2SDGo7pFqdUkTAq/hGV55mRioKwKD+AxjhDFxC4zcgYGgw+/pMULTBB+Y+/aEwBBhwgRAyzHKQvXhInCGmCz4Yan135DM1rLVquSrC0uDkFJpStrCGQ9YOGH6rJIaY2uyUENJw6RrCXDLVyy/vS8fmKgin4rr1TFe2KueXP68o0ryWoBblt+Vz2u3NwzwqjOrO0a5J87Dx/9rz9+/s2OmlJqzrTnDWPeULvn1Ne/+8s9R2dUEYHFTtwcrZjXblsKPoC6YNTdvHLAihqea9fpgNQW/5f/8cB/vmfnnin1Xq4mDeNAoB7YE/3xnQ/sPnKsMLAYzUL+aJUOZeKLgbPAciFZNId/eC9RLBygdtdoXFdhZbCmOE8pEzQjdcSSJgPBFbVgBATSUWJ+mouCejhaes20GbWRBpIkCdQ0SR1iR5S5yg5Sw7XYC8ZyhCrWSJPQtQo8SUiZE5EeB7ZvykYz+ZiNOV+7eemjTyVTQTPPC1aUeAgtaI0MVq66gGJQ6Z6eEMpckrbbrr/oP93zsF8pJuyUlrxHDhzb+ec/P/v00eFFfa5vHxw79so7J2Y7uVUbIu6XrTSbmfijW69dZUvpz8Hv7X9w88vf+l8zQdPxy5HthOWVP35+4p4X/m7JQKWE/Jrh2HRIq9LpG+jEfMHBupKbUUQQfBeIcrx2lkEUZuRAqhzdhEq8M/0OBlKgdZ2qTo1En2UXhdAkkhEPTWmDOQR0YGF0QJ7OSzLoJKFPVrNtz3N4Iz0j8WmyMCKW5eXI6abgE+J2hxSLA6o8Urqw3d2honLlIY1mepXkKnyIQgbAo1FfbTtr1d/vmbAqFYf2QdDI8M7bL6RUw48TSpklm1Q6t73x3MV7xs568KU3in4lNUpmz+KTnejRNyeMvYex4NRwYrfXrZZt7K85pVoTH9t29u9fsByBIXY0A5TO6lN3fOH3v/ndv5tPeo3yYGIW7UotdeL99dk07hQKRdXXC/vmZo5WyjWCk3TTooivUNDfJDfFUeR5sUD9GHlkecQMmkya20I+nEEuWdrpdBwUkGVFu2ESRYt4Trwg2VfJd9qNuapt9vb2oMpmQXnk7ZIYGqFPqm1mjSASuuWQYMxUoDHf9D06w/DbM8yq55copXRH0c6zkp2XC7SXYgIIU9BNvTmEH3fE9ep6advGM6UcYEslCh0jHak42zctI3KasjUiiKIQMJ20Ds/x7z563hcu21JutVUzTALywKJX7vFqg05tuFhbUvOKdrsdz84Ww+Znrtj8jU9uq2iRk2GzFglsn8puOcP/m3/1iTWFljl9pAp1UZh2Agqk3p7FlrKjuel4auzzN1y+dfVQ2pxxqIAt6CAK8cWSGFbUbllse+ZJwchd05CdT1SBIBwn7FV6lknnlmGuI/pLf5X9u4CCX9cWwvuoXTQSdMpM2q3mHHMpa+kwKbcxZTdTp1C2282Sy86DYAwgyVrEAyEtQ9UnvcZJBJwHgRM0zHbkK5eSvhbVrRNTdrnXaswVSj0kWxCMC+/mCawhrgmvyycJFt4wxgnlzebVF6wfZStd4rXkmtgO6ScLiVNiwUz90ZXrVo2e8fePv7Dn0Dh7SxaccN12J6KdUraNQtBev3rlrddde/lKBZcNCmubbo30IvBrYafuOaVLV1e/983b7n7kzRdfPnxitjUXNWzfYzdiUbU8PNp/80e3n79K/ccfvF0ruPNBQBWOweOaQAJdqeXtatCKo1azMVcZqWC+luz6k6m1qvF0Z0q0oxTNZI1pW0m5wxSJWgRaaAiV25lJZuo+ChE1jBDQEuiNAVd9+dpL5zB1kt8oXFbwqjDGklqHaQI+z/oM64b1o6NV9uy8nA92os7aQT44yGsq/8JlGz9tF9E84t6Ao3qFfRKfC/RbqQ8tl1KlaalHX9hD/wGv43q+b6XXbT2D/o4rUsQCJBcSB2WQvUh5UtWbJtevNrevvvCFA+Grbx0YO3ZirtEsLqr0VQpDFe/Cc87cMFpEkRAVSoW3BI6oBVymK1KoEWgQ2ApL/en165pXrxs7ls4n7enpmdP6lwz2u5UeVlPkIc3JyYAGZLXW6rR7+iu9RTQs71XGV265vBkVcstNs7DqpIuonTQnrjl3Vb9vWcUaqXDWmTt/9SIPdxwHtCB8tIMuoOEtqalvfvGTQGUnlwJyuCy1vpFEOD35PAenDLKcpK0QjtsUtGGEMK1F9hpaDmM4GAMNnPTF0T3CI0GTURzQbLLTQSJEYkSfhiRUmXXDeHpSfeO7P+mUBg2vFM3O3Lz1jDuuW92vUlvKUREq+hAlqc1GD8qr7RT9YlsHZ4UX6ogMxFMxFmvjhOwu5agEBoHKYMA0HWLTfHe21aRrVijQN2h1OkMDhT4+cujum+i5yJIu0Sz73K9Of/uH93SKo4Hyotb8Teev+uvPnF1OOw4dJ1RE3K4czMWnEdzoG3ELWP6DDHwgHlArCl7dX8ma7dSk+7hgx8zlZBoKLR/H2MRRSWDwxVmYGXglSGKEAIMIug8U5/qONp2tqxpcPlzAoRXY4su4I5EmpzMdiwn8ByDiXVCcnz31Wt3tM3BNadxvZzdevBqR2IKtNCWkdcWKuk+iVRMPQNJFOZ7FWV4w2PiWCKPJFAJAlcWpxGXnE79vSoXEXmFGrWl637n/2cf2HHK8WoAFOc5Qxf/Kx6+9aI3UyiyFQiBcdPnhvY3/fs+j7eJwbPrMt+LOljUrINm1CInyaR7BWbAjC8aFg59OSBjA5xgxG/RYES0JcSH4C1RKnLUsobWEPqT4Q/19DNB4TnCS7A2/Sc4bSGWAizvFZaZpVwssJjIBYGQRkEnQAz6YMEBUW+5F+8GDU4pZ2q90FLVgD55Mnn/zXbP3tASnMzd17Vkrz6iIVjJb0AFLEIGPbHfKd0SA0d1b3VJA5JDFvolgwjBZVHbRxQS04SFrnoAFGRE5ACtu/8hHHn7jf3fMSugX+FJtcmbuz75/99nLB04b6l08UGNv6vjM/N6jk29N1DtOX2aV8zgpZsHKxaUrNlXACtFxgAN1Of90mbxAqZCcEkVyeAS7BB3J/IRdXAvemiHoCv5H+CJsgxn0aGkKopO6zQdM7YhEid8/tJPmTvJpuCxQwYQ7RncNfGG0PNIiFwFLAqEzTdaW/apnX2tiFLCh2S5m0ccv2ciWAl8d6BkaqhAkwGVvlbJVL6TNXRbRnwFrddZrgQn/mcEBryNFtwEzCz0SWP0t86Yl6p//3hXfufshb2hlhNMv9M6p0pNjc9ahgyoJ6GZHmRnZJbe6gl0K+F7mY436sS/f/oeDjohfGkbSWJciRePVRUzjxI9wVhyIxmXhV9ghE/XRZQvDmCyZLWMM1xAzf/84xdX3H/z2Au7pSfKku8TvXmn2/na4vmIpGHFgKt/1+r6+/tFWMF/Lw/PWLF+3SL4At7oGIGLRbBMNEO+kD3moXwiiC8cHluWye8d4qTbklwpMnAq70IOW+c8uH46iq+566Gm+Eij3LurEuVPpT+Mi5FMJs2vl2F4Uxi6t6Prxipd86TM3XLzW7UeLpTqghnPo6Wi/Jov/duXfReX9592L928/MEqedZ9/kNELA/6f/KNk6hrgjsceCttTpk2XOzPazRtu/izBlgIMlyHWJp0brQN4BnggyvohDkZjt1Ltk3xJ8c9HVxH+Ysgp3H718k2rhr5/z0NvThzwSj3T86FVKKYWhUlCfYIH68F+w/p5a5Z++VM3bhgypH0IhLgtAUnaloKJKOWHQOcfG7rAjn9syD/1HYzuGMYz74zP5F5kV0gXq1ly4Sq/lCrip+R+p6xLdwSgSLuPD0mZxBzNkyxq8YGSMEY8thcZDu1V0qSX31M73zg4Nts4cnK6Q//UcPiSYnSwtqTiXrRh1TkjiEj5aeZTY4nX7fKWyttkV1w2VBc8wj+VC6fm/f9ldGzIZ3PdpJAVqSyIVtLMl9KR7yjxLZJG4lzhELkPY2DUh2O1MIeAwzQgCEBAcSbw1DKBTnjEHWiPIF/G4F8o1nE35LaSIMqXqWSnCzzucjpnB1aMiwZ7Yknv4sNhdIq3v/P//wBkfQfkCmVuZHN0cmVhbQplbmRvYmoKMTAgMCBvYmoKPDwvQml0c1BlckNvbXBvbmVudCA4L0NvbG9yU3BhY2UvRGV2aWNlUkdCL0ZpbHRlci9EQ1REZWNvZGUvSGVpZ2h0IDIwMC9MZW5ndGggNTcwOC9TdWJ0eXBlL0ltYWdlL1R5cGUvWE9iamVjdC9XaWR0aCAxNjA+PnN0cmVhbQr/2P/gABBKRklGAAECAAABAAEAAP/bAEMACAYGBwYFCAcHBwkJCAoMFA0MCwsMGRITDxQdGh8eHRocHCAkLicgIiwjHBwoNyksMDE0NDQfJzk9ODI8LjM0Mv/bAEMBCQkJDAsMGA0NGDIhHCEyMjIyMjIyMjIyMjIyMjIyMjIyMjIyMjIyMjIyMjIyMjIyMjIyMjIyMjIyMjIyMjIyMv/AABEIAMgAoAMBIgACEQEDEQH/xAAfAAABBQEBAQEBAQAAAAAAAAAAAQIDBAUGBwgJCgv/xAC1EAACAQMDAgQDBQUEBAAAAX0BAgMABBEFEiExQQYTUWEHInEUMoGRoQgjQrHBFVLR8CQzYnKCCQoWFxgZGiUmJygpKjQ1Njc4OTpDREVGR0hJSlNUVVZXWFlaY2RlZmdoaWpzdHV2d3h5eoOEhYaHiImKkpOUlZaXmJmaoqOkpaanqKmqsrO0tba3uLm6wsPExcbHyMnK0tPU1dbX2Nna4eLj5OXm5+jp6vHy8/T19vf4+fr/xAAfAQADAQEBAQEBAQEBAAAAAAAAAQIDBAUGBwgJCgv/xAC1EQACAQIEBAMEBwUEBAABAncAAQIDEQQFITEGEkFRB2FxEyIygQgUQpGhscEJIzNS8BVictEKFiQ04SXxFxgZGiYnKCkqNTY3ODk6Q0RFRkdISUpTVFVWV1hZWmNkZWZnaGlqc3R1dnd4eXqCg4SFhoeIiYqSk5SVlpeYmZqio6Slpqeoqaqys7S1tre4ubrCw8TFxsfIycrS09TV1tfY2dri4+Tl5ufo6ery8/T19vf4+fr/2gAMAwEAAhEDEQA/AObApQKXFOrIkMUYpQOaXvikMTHpTgp704D8KcBQA0D0p+2nKuPrUgTgUARhKcE5qULzTlTJosBEE9akWPFSbCPen7e1FhkYTNKE5xUgGTTxHzmnYRCEFPCc9Kk2c08J7UWAhEdNUOYwR171bEXeiKLCD2yKpICJACoIoZc8d6srDgkj8RSmPn8KLCOXwaeopcZNSKvNADAlKE9qnC4GcUFCaVhkaoCaeEqRU9KlEfFFgIlQU8LUioPzp4SiwDFWpBH+VPCDFOC47/hTsAzZTjHx0qVU3deKlEfpQgIEi4qTy8kVMseDmpBFzkCqsBXEODUgjwRVgRZ5p/2ck9KLCIBFz0pywELirMcR6HqKnEGO1FgKAtycfORjrS+RnPBDds1oLBuyGHHalMI3nHXvTsI4VUBNSKlOEe3p0p6qSelSMRUyKds7VLtwKApzQA1Y+1ShBinqvFSKtAEYj9KcI+KpvqBeeRYJIhBA4jmmbkbuPkUZ+8M8k8Dpg844vxB49kjla00qXzIwu1rhhg7uc7cY6cAH2PXg0WGdhqWvaXpMbNd3G1hkKgUkuR1C9jzwecA8EiuWm+JsCTMINKeSMH5WecKSPcbTj864C9vp7+4Nxcyb5CAM4AAAGAABwBgDgVXB59KdgPTbT4mQyTASaVMI+rFJgxUfQgD9RXTaT4s0fVdqxyvDKTjyp02t7c9OfrXh5YEADrnt3qVSV27JCJQ2MelOyCx9GogIBA61MI/avHPDnjm60F1iuppb21ZeUJz5R/2Sfp0zjn8vWtC1/T9et/Ns5VYZwQDyOvUdQeCeRyBxmiwi9HDmpliHerCxbTmpBH3PFAFYQjcDjmpvJyelTbBkU8DFAiERjpjim7cZ/rVgioiuCaoRwYX2pQmDU6KOlSLGByaixREqgjpT1iHNSbMDipUQnrQBEqYokZUtnlMiRgLkPIQFHoSTVgRgHrxXnHjzxDcWl8llblVHlZO4BiM5BypyBkfjg9skEA5LWNdk1CCG1iQQwRgF1XrJJtAZ2PcnH+cmsWlJLEk8k9acqE0XKSGgetFSCImnC3Y9qXMiuVkSjJpTyemPYVZSzY+1Trpztjac5o50PkkZ49CSKvWU8tsRcWszw3MTBkdCVP5jv/8AXqK7sprZwWXAPektNq3C71LK3BGcVSZLVtz37wB4q/4SnTHW4Y/brcjzhtABBJwRjr054GK7DbjivCPA+q22geKILgPsSbMF0rYOxCR827GODgnHUCvfcAD1ptEMi9KDnNScYpRgCgBgHFMI5NTEcYA5qPBB5oEcSi+wqVVpwTipVAIqRjQg4qVARxilA9KeF54pgUtWuBp+kXd4VDCCJn2k43YGcfjXz3eXc1/dy3Vw5eWVizEnPNe++KLGTUPDOo20W7zGhYoF6sV5A/HGPxr59IAOKBokjTcKspHk4AqOFTsz2qdWAXFYSep000rEiQgdQCamSLoagDSE9sVdhHAJ6nmoZvFJhFBuODnitnTrAvKoAyCwHXpWeX/u+tb+kTbAOAWJFC31LSOwHgCPVLIxLiRiM8dvpXnXiXwsNCdo2Rg2cYY8euf0r1fQNcEcscbZVDwSOcVV+KFhBfWFpdfKXBO1gfpwfzrpVrXRjUg2eNWtr5reZvCPGV4PBYEkE59jivpHQL86roFlekbWliBcDPyt0Yc+hBr5slZothizt5JOehPavcfhdqX27woLZh89pK0eSeWU/Nn82YfhVHGzsiCAMUoGTUhptBIvHpUTAhuKeaY5piOTCGpVTvQvWpVGakYzZjmpFHNPxkYNAGO1ACSFUheRsjaCcjrXzVfQJbahPDE4kjjkZUcHO5c8H8q+kb+1e80+e3SRo2kQgMpwQfr2r561jSZtF1hrOYqXRh09+eR+NA0Q4KAL6CnooIyxAA9TUU3UsT1Oark5GSSKy5bm/NY2oEifpKmfc1bEPvx7Vz0LkEdcetbVrOWjC9aiSsbQlzFoIq5LNgfWtOwvrVBsMoBXnnvVb+zHktfOY7UI71zt00e5ljLFR1bNKNmXNygek2Wp2ogUfa1EpJGD684wR7Y/Wuh1KY3/AIbjhnRl2rjnoe2Qf89q8ZsI5ZTuSZUUHG+QlVB9Nx4H412uiaje+U9lKXyOCvr/AIitG0lYUJuTOYnjazvnjdQQrcg9CP8ACvUvhu+qFTEtrZwWKqGkkTl5Tzjv/Mdj17ef+JYgdSRUQl2QbgByeSBXsfgbQ4tL0KGRWYyToGkDY4Pp+HStIO8Vc5KqtJpHSgU9F+XnmjoT9KRSQeasxYjDHSonIweDmpetMYDnjNAHMgc5qVRTACcCpgtIY7HGcUBeRTkxginBc0gAV89eJlLeL9VBySt7N19AxxX0Njb1FeJ+P7VrfxzcOfu3ESyAD02bf5rSlsXDc5JwJRgjpTypmiSNgF8sEKy9cH1qQRjPA4p+zjiseax08l0VNjKgiAGAc5HXNWbXKuozzSshWPOMCnWiE3CYGRnmk3cuELSPSrbRJtS8KQeVzjduA69ua4G80y505prSSIlJD94r+WK9c8NTHT9GiluUZLdz+7codp7HB71leJ7iB58wojJ1K9etCSSujoqU+Y4jwu39nSzrJGhSddsjspLBf9nsD7kH6V1WmwWKXyGxtWhiBUKgYt0GO/c+3rWTDBG77oxgZ4HpXY+E5YrK+3vAruBhdw4BpppvUhQcdjJ8RaTE17LcvKbd1t5GXAzuZRkL7Z559q7r4dyNJ4C0tmznY459BIwH6YrjfGuZrkx7tgYPIxxnYirzwPY16HoEUdpoFhbxDCpboMe+BmtIas58TZK3U1QM0jdaA1NZsDpWpxB0780h6ZpjSAUgb3p6CMNVzQOmDmlQ0c4qRksY+Tnr7VIowKYnTnipOKBiHBHSvMfiVoN7NqlnqdtDLLCE2TMi7ggBJycdBgnnp+leoY45qvfWn23T7m0LbRPE8WfTcCP60NDTsfOpwrbT2NPVhj2psrfv2yD16EVHI2BxXM1qdsZaEsrIcA5O3nA7mrFnLtYEYXPHB/nWaC57YzVuzXJIJ5x370rFxlrodpa+KNSsk+y2du0tsRiVd2VbPX5cfrVvU5hqPlPFbLbsqcqucdenJNc5oM7iR43cRoem84Ga6OUSWyq0gGCM5B4NEY6HRz3WoyztOOB79P0rYtRJbTBQxwOR6fj+VTaV5Utv5qAAhhkVLcIzy7UPBP6VEr3saRta5EdKu9c1mGdFcxwH95hhtZWBBBBOegz+FehRxLDEsaDCoAoFZHhxfLspTswDLhT6gAf1zWtu7ZrqpxtE8rEz5qjRMDnikkbCHBqEPg5z0ps8w29a0OYryy4PWpYpCUyax7q7CSdaqvriwxldwFIZfGQacTg1EWxS7jjrQBKJMDgVKDk5qAHAzmnrJkUgJw3FL/D0qNW4pwYEdaAPEfHOkHSfFFzhT5NyTPEfZjyOOmDkY9Metc1KDgEele2+OdHg1bw1cSyttnso3uInABPC5K/QgfmAecYrxFn4HNZyVnc6KcrqxATLnAP/ANap4YJHwS2BmkGM5qZV44qGzeKNTTLQ3EqLJPtTPzfSugvdGAs/JtNUmcE5I2DH09q5jT4pTOu0Mea7e1hkWJSynkdaV/I6YpSQ3wsbiGNrediTnFdDNOBKFTk5AAHUmsu0X7M5diAe9aWkMtxqBuHAKouUHvnrUpXY5yVOB1dkv2Syihz8yj5ucjJ5P65qYzjHWs17onvVKW7I/irrWh47d3c2Jr1UHBrLvNVCofmxWXd3+1TzXN6jqTsCFPNJyCxe1TXcZCHLVzcuozNJvdyfaoJHLEljk1WlY4NZttjsezh8tjp9adjcDUDbto4JqZTkYGK1JDOFxSqSetG3tQE4wKQD1bHSnhuuTwKq3N1b2Vu89zMkUKDLO7YA/wA9K868WeOFvLGey06cwo5wsgyGlH9FP5kY7EggGZ8QPGr6rO2lWRkis4ZAZD0MxHTP+znkD2BPYDiVcg5FQzmQzt5rZkzljnOTT1qZGsC2jBhwc+1WYnGMEVl8hvSpkeTs3NZuJsps6PS7gJdJ0AUgnNdi+sRJD8zKOODXm9qlxJIAr4J9q63SbGFGWSYmWRecscgVJtGbtoi/9pluGBwyxnoT1b/61aK6oukQpdPC00SuBIiHazKeu09M/Wqk8geTgdOwqp4hkVPDVxu4GUz/AN9rVQ3Cfwu52CXsdzY297bs7WtypeF3TYWAOCCM8EHgjJ9iRgmjc3gGRnmoPBmqLdWwsJLkReH/ACt0/mqpEcnAWRGP3W5weefTJJqHXrNtNvPLiuYru2lBe3uoWykyeo9x0I7e4IJ2mrK6OApXd2zcA81lSZY5NWWBP1qJl4rG4ynIBVOZsA1emXAzis6fvTQHtn8NKuAetV7q/tbCNXurmKENkL5jAbiBkgep9hXJ6r8QrKzl8m0hd5D0llUqnsdv3j6YO361sZq52xPPSsjV/FGnaQBE86SXLbgIUcZGP7x/hGcdefQHBrzDUfEuuau8tu0xmSQELEg2IAexA4IH+1k1R8qRUMJtYQkYHnSuQc9go/lSKsa+oaxfeJLje7+YkYPlpEm1FHdiW/8A1n6DjCLRaheH7dCYBF3Axx2znn+dbEun3NzBHFp9+HvXALxoMYHZAB0+mPT1qfUYbi0ig0G/tlSa5A3ygZ+fOB0/zgZ6GrUdAucHKCLh1PODinqKj6ytgEDPGakFZSNIj8ZpygikHSnD1FZ3NS7ZO6yAgc11lnIyQhnPbNcjaldwzmthbsiPYOKg0i7G/BMXcms/xXdBdEeLIzIygD6HP9KbbXJjG5iMAdK5zXr1r24SMHIB4HvVw3FOfunQQ315ZyfYbSPbp0ybWYjG9D1Bx9eR3H1r0DQtS082reFZ9HF7YOFkgvY+sTno24DI67SScZ4Pyk586t7+bxFax6dDiBYAAZBx+P8A9auj8L6mLMSeFLafZfTSYtpZMFQxyME9AOfQ8Z6nFdcHfRnGzp9S8ATabBaia7jjmnyF3uNrtzjBHTgZI5xyOcZPJalZy6ZeG1uCm/8AhKtkMPUV3XhHU1QXPh/xlepPfIzLDHc/vUcDnaR14IyGGOnX1sr4a1S013/hINIntbaJYS01tPM0yRFvvEjGTH9MdOi0pUk9hcx5VcfcrKl616I2jaa1vLdaoHlluM7U0qdJFDnn5ODk8gkZbAPGTWLN4C1KbSH1ezmtp7HBaNvM2s68Y4I+U4P8RH45FQ6MkPmOOnmluJljvVubi6k/jVtzNjucf409wbF2glSSTcvyxBAcH1J78U99cmfTh58zSqo+XaMMOf73WoINTCRM9hJKkjfea4G8j8f/AK1GgDE+y2xCQXM4vH++3938q0NOGnWrC9ninubO3P8ArG6SyH09fT8z2rMl1UwKY43jlkc/vJQrAn2GQK29N8TPIILJ7U/Zxw6BRjHds5547EfjTja+oM6bwz4bsNTjuPE9vePA1uyhUIPLk4yB14yMYyO3GKiure6XQNWl1/P29w0lnIWJ4yckE9sA4OegI4xXZPonhzxSunaV4aka3KRi7ZAduVVipBxypyCCRjllPPfJ8W6kviGxnhaIK+hMLS5KcYMhCk7enARk9ju7GulJWIZ4pMkRfzIA3lNgfMOjdx/WhRXW3GhDVZJYdG2tb20RkZEG4uygnC9yeDx9faufFljoa4qiszop6oq4pQCOoq59jOOKtw2iuuGHNZGqRQiYCrML+ZKBnpUVzD5LEUtoduWzyaQyzdTlAVBrMgDCc3LRl44+oAzyf8Ov4VZuDhGY1r6Pol3a6d/bL7XtyNwjPP4kf4VrBXZlUdiC6Dpcp/Za7bcnEj/3j3z9a3NTax0+1h1LT2Ml9Eo+YHnjHJx0Ix/nFUba9l123lgjgWFXcqcEA/gfUdaTTFg8P3b217LukPMfHf1A961WhkdLpFvY6ppf9u37v/atuwdYSTucA545ySO3/wBfNdZp/j3SfE1pbx3em20Nxp4JieW5+zNj1RxgDI/h5BxgjBBrysnURdzGFzDbSKxjAbaAw52598f5xVPwxbzS65JDJN5I2tuPXof/AK9aqWxLR7Pd+ILG3hkvdMvNMs4HI8yfTXjadj38yHBVsknPB+vpmQXCeICuowSS3tlZuv2zUriMI+emVi3EZ9M4x0AxXlRia1vLyF74mBCfujBYA4rslK2HwvtP7CvXs7q5uCblC5DOuMZ4PTII9Oe3NNTbYrHMWd7C2iSQWlorSBWC/Lye446nrUWkjULi3lUQKp3d1x1+poorIo5y4SUSlZgFcener+lW105aSOZVUDHJ9f8A9VFFSxnovg3U7zTPC1zqOmxtNrVvOkSnbkeTIzY79mLg/wC+nYVf8aT6ZawW2j2Tq+oajEJrryxjY3RQD2bAx24XP8VFFdCb5EzN/EcdZW9x4c1CztoGEgnnDSsOm0ev9PXFQ6vYJpmtXljG26GKU+Sc5JjPKE+5UqfaiisKq902pP3iGNR04qZlEa5FFFcp0mZdrvbNQouKKKBEUwaeVIUI3OwUZOOtdHdDUbZ7XS7BvOtgcuO34jsBz0oorekYVTQ8WGzNjajSWaK6VcOoOGHI5OO5PORWC0cE8YOpMf7QjXfsYcuB1+p9v8gorSe5mti/ZXE+s24Rx5cURHlvn75AypB9Rjn/ACKxre1S31mVLm5CsQRww+veiiqtaNxJ3ZqaPp621zf3sED3KRKwEm0lQxGQOB16Vf8AFlzpOqnTo8PZ3AixJEDwGJx3HXiiimtIh1P/2QplbmRzdHJlYW0KZW5kb2JqCjExIDAgb2JqCjw8L0JpdHNQZXJDb21wb25lbnQgOC9Db2xvclNwYWNlWy9JQ0NCYXNlZCAxMyAwIFJdL0RlY29kZVBhcm1zPDwvQml0c1BlckNvbXBvbmVudCA4L0NvbG9ycyAzL0NvbHVtbnMgMTIwL1ByZWRpY3RvciAxNT4+L0ZpbHRlci9GbGF0ZURlY29kZS9IZWlnaHQgMzcvTGVuZ3RoIDg1MjkvU3VidHlwZS9JbWFnZS9UeXBlL1hPYmplY3QvV2lkdGggMTIwPj5zdHJlYW0KaAW1mgmQXdV5oM/d79t7lVqtRq0NISGEQEICxC4WQwADtuNgD14SD/ZM2Rl7MpUpe4JralY8TlKVuMax4yqPpxhPjAnGhmDACLMbBAIBQgKEBJJodWvp9fXb7n7n+89rYVw1lSpSM7duv77LOf/59+1co5PntlJ2qlSulKUyQ2X6kjtOQz+zujcmr4wkTW3LThPlMDhVqaFiS7UXZqs+RqZxaDPRtAGQJ4Zh5MrIlGkow1TcmIq1OMwUYMpweMscHjAgV1auVwUqp54Iao5GQ5kyLZMVlGkxPs00ziY4y4tTCOt1DXnFoaHpmbFSkSySFvgFZw5H5jACslRmGiDEEhY3SZaaZlNjCu2+BiaLxLlnMzSGDjn1WGB0mQcgoNr841SxMvNMWRAui/J84b9c8747W66YzwFeQp48lpM/y2LpXLDhMFViqvFU7Xrr2KHxqVVLhq7ZMFi2HQ0zDcPQ9zzAMtQURus5sohM1QcDBTy/+pnAlwMGyxU/nN1X+rn+gWpTo7rw/hQ8HmqZnRoJhA+shQhhrHDMRDyazacGduEkaZLkuW+7Ee9tM1Dq3mfeGj85fcbyZeeuPW1JSUGJrQEoo0u9XiA3RIP0UnBMsO4eIrLffZDmwgitx90XIlwZDEIyVHQtUzbCEb1GUkaKvpqZmSdZ5prHlPr39+769b4jdrFodepXnr7065+6dEgpF7GbaKvMluW7zEHGHKaGL9fCyQ9wQ14uHDkKiDaABBotbIc3moyu9nApFsFcYGlwQBNIWkZcM1FmyQheaPL0YPCAh1asXN5CVdc85L8+8jSLLHNGqT/+c/g8ljmlLIyv2XTGnV+6aqmrVJI4IG+aXYNeYG8OSgBAJaDXFCRkXRDhxcItsIVoXvC6i9KpS33HMyCgwAtvZSTm331kOGai1FOvvv343netZWfOVwbV8Mon3x57fO+UCEdzFmayvkxaAAFneRTlBmJgYQMhiJz/L4deSllMgMUytguB0XIBWpn86ZMHCw/zVKjr3nVfCedlBY0EyHDJpGRhTXFpoko8gncqQZtM/Mv9Lx174ciUM7yuU16WLVr7yMsHfvX0HsZYth1nsq6Btz0FQq7AR05Z6H1CQePUojJWXIrGrPtQTxdfzPJQaKK3TLUs0Y6FQ2SFNqkgVomrjs9OO8XSfBRbnh8kHccujc920EY3VRYy0dBlbS0fIdkAYqL1Thw5C3Hg9xZE3x3PYrh2eXNKK7tYypMuICBgd10bEyCCIP+wAy4MT6tzyiR0SggTAZh6dU29wBGOZPJInLSMYT3BRnTjWH2uxXUnN60KfPcLlYNHxmJ1NhBdW5sBcwQ/1uIfs/nl0QI+8karAuaqRSvSFvjdk7fdgxmcpw5LPFoOx08BM0TLAO66/MuWjSz287CCR2nNF5K4mMSLykXEYLriB8VTaVigjcYQOYUWcSY8XdDR366ukeM172AQPEs1F2QGB0+7kwQIJEk87CqWJuwUHaJV8kCPJnLCR6axrF5ZgDhd9eo+5VcsRp7LFW4aPNctH7Ha81UjKyRBIZ7309bo8CBAUQgZmOnoLNjqP1mNP9EAeaTPhf+8FznKa0I0kDXvuJc5PCUmo4LYu0haRkmolzu4nSXKtgQ5uOGq+OLTV24ZOfTS4SOu5fpRcOmygVvO7cebNZPQtz0YRvwQjmrnAR5YiWiyICKmARxuTrF8AUmt35ID6KQmtw0dHgQFACRoXDcPMTHiPLdguEZbYItgOYSOLiyCuX7ygR+wxmQFH+23hCTGGiFzZLZZVOqqVZXPXrzpH55907J8M29eeObSW67Y6kMwyxmGjViEg/ANNUVsHCBGCvXbxU7ZB68Ebw58GjmWFZHS6HvWckTzAENqgg+TgV1CNJsUTMQ3GyxmxjiBhipOK/X4/mB8srGst3rTes/TTkcDE8xdKFkQNQDgMmE00kC9XPwDKMO4hVVY6NRaUA8jOZGFiJXnYMLILkrQV5IrfP2CsLor8ivuQAaT/YkP7o7v/gKE0WDVpZ4LOXPx2aG2uZJ+xSotpR7bk+w98O5pS2of2baY8O6Jupn4LFBBM4SVH4DDFIIsPOwuQYoChguGokfiMnMUGGbhWBnHCPJMTJJbsmPmT7RVKxQtXlpVZaV6ARFnluCboHEt5TeU0VGCKLowqBdoaAy69EAhugBA7FL+pwlLiDabFgpiWhZOsK6XZiTIsbrGMspVhJ+PlN9WBpgcb6p6S2EknquWFGXYAFJMIqFMlBpoItEwzFzPhMfkrUEm2SeIscTRpjoxl7uuMVhWQ0WhgugkRYBemgEwEB2q6eftTIWWmte8gwro6gc3qgZTsEUGsKU7Hrq6MoPLUDE2qWDKkn7V5wiGsAs9106U5XS58T8f2T3WitxSMQ+bo1X3livOm1PquX0zz734Rj1MZsJmlkUDJf+8lafdsGXD6pqJG3ZyN87C1DLu3rHrnSlEUXXjzmq3/blPXPHOial7H96ROr2WU46CcNPaFbdsXYm/acdBxfFF1USPsUTBeDJWf3H3ky3T9z07q08u99QXb70us0zDKMPfN6eiHbte27n3QDPMm4ERpK7vuiODpXNXLL7uvLVnLXaRoigtWiahQ/meGcW56RjtXMXk+JF66Nl3nt79+tHpejtVURTZaXTWspHL1q+58cp1JU/d9+jenfv2uuVqGKleK/3qzVesHCojnu/86OG3ZpLUq+Vpuqxq/dlnL+2xLDTl8V37f7HzQGCWyFayYP5ffv5jy/rVniPJvQ899uqBo8dn6qZpFWxrw6plH7v6su2beqq2GE0W53ZXc18ZP/H2fJo4hSyOVg6Ui7Pqvh27Dh85WXX7W2TOvUPknMdnZg69dujxNw79yac/esmAMluqVPJQ3h1vTe2fV5avjMbkef35jWjlwMAbE8G7cTsiswxnD87ObN+6sp+kyPFE/kQEEmRco2XDyh2vnXhw71hYqPm24cyMf/XKTVhPYtgY2bd/9srjrx0IMsswS/CoWO1JnNJUo3FyvPHqoeP3PP3KRy8570s3rOsxROngeJ4EyMdz3Gaq2pZ6bF/wt/c+9PaJelKs2qUl7bDjVBzX9n49PvPk4V0/fP7g179647MT5i9fniz2poll1tL6Zz9WQGHbhnr6reMvz4aJ3zLDfFUp+1ouS8Cr/cfqD7x4MCwscm0jac9tmlD3PHf4Rz/9hVXqSYyiWe5Ns7yexNMH60/t/uGt12y74wsXQrHnGFJRJsoMbSeDDLOMYhzNwx88uGu62eoZHFbNrOT6M3lMveT2DBI+jjZm7rzr5wOfu2Vj/ylP17M4MjLbLxpGEldTTKFmqW3btu9/8XBYrPpW9eDJd3a+PX3NGoKkhL2ukxMfr9TJVP38mVfiyhKr2tdqTK8YGrn48q3EpfFY/YcfPPb8eMPuGw07UdHzSnmUpkmD3KZaNvJyGvc1lbrryT37Dxz+b1+7bin+IUl8RCRRPk8s45F90bd+dD+GkveO5G6xlcalsttpN8M49HoG8P7vNpv/5tsP91Z7SyMbUtOI8zim5vctnACn0ztoZmFolBzbNCtEFSEWyzGLtaTQF5cGW2FQ6av91V33z9dn7b5lcQ7xkWPaqWFnZpHsBQv/yaPPFzz7G7dtYa7piDsSL4coDMOJUqth2Cc7nbLvZnMnquF0rXOi0jxWDufSsBVmqdvTM5tmv3hqJ74PZ68demLkQZa1DCskt8ZScLLbzx2tWFzHkXJSv2/H83tRXjIGKRY5cc9gptTO/eGByY7hVUmK7Sg4/5wNtZIEjH/9vSefHO+4AyPNZlAtVhqT0+HsXDA53hfNqpn3ZuvTbcNKnEpWHn7pePTlO+/DPxqS4VJQoHfmWyfiO3/8D8fsvjotGd/rdFDMljF9tNY+2RtOWnPvJbNHSy6NmPTE3GwnzTthmsWpEcdmlhIn0AAiRBJ0HKJtFEgdDLFd15xneU6Ism23YLqlk/WO5ZaSoO2E871Zw20etzqzvmUEACz2OYPL7vv1c3veS/GQtmgApux6aQe3IxVxqrKyZ9ba8zddtuWSM/txp68cmX7guZfeC/PYcOaazb5qz8HpqYlYlQwSeJVGYU4TRtlJEtmWB+s5V9bU5tOHH3z9oFkdcAs9r7137PVj6sIl0oeikCF+I1Xczv2/2RWVe+C41a4POPE1F48iv+/97OU3ZzvO0Giz1SzaeTJ5+KLVI+dvPHPF0iIh7sDYxKOvvf3aoQmjsjSz3bg8+M78+N/89Kk//YPL7CR1bRfb//59O07ioXtrbh6mUauaNobLznXbLzpz5Uil5swHau87R+575MmpyDX9/jjTPg1vZTk6nRJfH+OFMlWw/dzOw7hD8IdPHKT2URTi/LDI6amZ3mLBjOa3nr70tlu2r1yipmfVXb94fseuNyt9yxrNNslgFOWvHzy0ftlqktoCAR5HjPL7mfJda649WzXbd3z8hq2LBDT6vmJt/6rhj/zJ3z6irB7fq+SqfWDy6ESgVldUo618x3dNZjsZGKdSMBBtieDXbV37m317AhGfN2k4D+3ed871661UFdENS/zGy+/O7h4/1qkMeypxWtOXnL1kRVHtnsx/vW+fXR6d7zS8PPajmdt/b/OnLh1FeMwD+GVLh2+9YPgnT7371z9/1upbHhiOU+x/cOe+Ky7cvG2ZxM9HD6sn3627lf5GMGNaRlqf+PRFZ/7bT14gThyT0jX3NctGb9j8uX/xrbsn4iAxwd4i+wJPmgN4CUFQkncz474bZHVCLkHX8cjscGJYZ61WtTtTV29ee+ftWyBZUrWSOucrF37tL1uP7Bkr9Q5RiwQN692jx0O1WjIhKVcs3LWdZEkadip5cv3WTZsWSQ5UU0FZReVMnVVV55y+Oup08swMwMsvB6lOB4t4h4gGEyxwHIemjOSPOn3eNGRsGOqNGvOp6UZuedfbh4/FKndxIEjEwNh/+dzuDN9LnDayohXfeOlm5j6z+43J2I5UZqnASerXXngWXCZr7FGqmuZlnFWSDSn1+ctW3nzpZhXWkVnkFmeM0hO79+NbYdNv9k9Mph792aJDHGicv24ZXCZvKwSK8o6LPiJnOz2zqu744q1Wa8pDTbIUAizHwchBXrs3K6NqN216kAW/gAlCIB4gzTLbcUlLeYXHWORn37x9i8ZNFeOkqvG88ZKNNnmGMhud1PTKU3MkijhnYTUhJAYERViWxoOmdfn6YVQS0GZm28quGOJ2B8qekYXI0zQ9K7JpDTEfxaSMN3BjibSe40xyrRaLGJJTX3v2WTaASSGd8lQzfWr3BBEM1pB3vzKldh2espRXMezW3OyGdWesHaBBol5587gqjURZ6lmdAa/96WvXFLAz+i1pLhVpnuI+MDLO225c30OlZcS01LPa4l1vv6cZpN46dMgoEI7oyMSFYOYPb7pKAkmcl5xcHGOAoqqKb3mJumK5unzNcNKcs8khHNxF28UD6qCX5E5qm5GROo4Xh4mEMW2mUt1kVGyO6fpBc+6WSzeSzvtUy/hxi8xCkp/TTxtw3UKbrrzbEwnnMAqZLq0s/Kb0gCzy17jq5L22UCIHfSpKbywOEA5Jc0SDhsVMaelKRSdCAlBO+iLVIkLjIe4DdScfumDN8PKBatZp2KYdW/6O3W+Qk8xnonf3PPHCTF5wC2UriXqt/KbLN4LK7ExSb8WJ4TqeH7Ua60eHlxiqzAvWMI0kwcrzLOqgBJRwQ45av3xxUJ+2bZsU8GQ9mKZ2An6jSaJumU4WRssHetYuESILjvgAlaYO2kKmlUodAVM2rhk10yhN2GeQx1ae6dqKKeQGcgoTREByAIBTfrjPMs/Kq26OFNkDkUE6kYdfRTvzbFQehuo/rRbS6hQoYhrkJB1DtVwnQgocLMLiyCFhXwVGF9H4wMlD4pM8p+uvrQnVYW2pdqXSW+C+2F2uhirqnOX9hXAK/bfL1ddPNp4Zkzpi37Hg5XcmsurAfBJ35qe3jPRtGRDeJWknjucdV0VhYht+b6EHAWv+aDSkE5fLvkIasdnB+F43L+VxUW9EkPE0O5oDUewQ4qUAN6quj10jmBSfCtK21VZpSLfYydu0nnFH/b1xEBQdF2xRFzOX9gvj3axjyS6P1iUkoCnVXDdw53Ye2VloG3mhVMGmpYGB5gmjpSHk22bBSoHgpm2isZPHCA8tFEqky4JXpG+IFAUj0WgtPUE90c1fF2wyZA6jdP4jspFDenKsQKDJMke3AOCHg+HSLsF7bF03aHfyuNPJVODV7v/NPtrqv9q9fy7DNl3cddFMP3H5Frwb0sUsaNlkVA+WlyWmqzBl6dQR9CHSEJ9hEPW5ogRAzC5dH2ww6FBIsvXDILD1HA/3ZhhWnORhlBMewdPGrMkcYLVomXRRbNvkVb0TOY6bAVMrXJcmFhUrllYJDR/p+QBBP4RfQq68BT+Vue5Cvio5ABAEAdMUZLByst4YE+ERWNHlEa9kpq6Vlcy8YqRFK/OFPB7SrNILdH9so6SoBHSHgK09stZu3COzAx59URhEQwB1oI2AAG1HIJ/Tr9YtRu1C0qfcK+0/MXffW+qZQ1OJW4zDyM+ydSOLz1/lwWhXZX2lcsHx6R2LyhnexMRxIETkaySFejMK2Kny0szGy4P9san5TLIdobHsO/1lGTYwMEioYLhX7DlyojExLYwOw6Z0NmSvKPVgeCotdUT18hvvuA4qCMU5IZoxWochkoLbT4xCbLgZEqYTLe13SEN9pVODSDAM10hhkTAQbMQB6B6eJFoW/oEQShZGt4KFRAM5U3G8DtzKTZvGY1d6kKINCpBdX8Vy2JZQJVD1RJkrvMdMTdIJxoti8l6IJwPJMPCrtmyw4qBU8NM0jUz3p0+8OIaNk/EbqRvUr96yAW/uYH9JOlBQI339ZtDJ4phSc9/YyVfGFeUqB4jKWlx5LpqITe0eV68fPm56Rde1405jUX+1p6w8Q50+Mpi1ZvI0IqefTewHn93P+Mwro7Q4OZSdfVA4QsK+f069PT5jOIUwJpnWdilLdcmDj7gBCVw6xUOjIRQc4LJwRXIlrEZ0XcZLhOvqo16FKdLNEcMyxUeIJMTm8YBIKkssUoeYRhiMFkYBULMMP8BdxrYzw8lEDDuBraysh+knJoWVaSEnyTpAT8KN7GtEKMK2dctWLO5LG7N2GsZJMlYPQr+Kg/CS5oah8tUbK2gEm+sIiIvLNp7ltuslJ6NtMV1Z/P3HXh2nX4LtADZLwjxvgpSt8D/fu/dXHb8vNtHR0Epa5529VnAmAp8xOOI1zajRpIU0sOSnT+z62e5j83RiukRBv2mS3Y+F6i9/9MSh2SDGo7pFqdUkTAq/hGV55mRioKwKD+AxjhDFxC4zcgYGgw+/pMULTBB+Y+/aEwBBhwgRAyzHKQvXhInCGmCz4Yan135DM1rLVquSrC0uDkFJpStrCGQ9YOGH6rJIaY2uyUENJw6RrCXDLVyy/vS8fmKgin4rr1TFe2KueXP68o0ryWoBblt+Vz2u3NwzwqjOrO0a5J87Dx/9rz9+/s2OmlJqzrTnDWPeULvn1Ne/+8s9R2dUEYHFTtwcrZjXblsKPoC6YNTdvHLAihqea9fpgNQW/5f/8cB/vmfnnin1Xq4mDeNAoB7YE/3xnQ/sPnKsMLAYzUL+aJUOZeKLgbPAciFZNId/eC9RLBygdtdoXFdhZbCmOE8pEzQjdcSSJgPBFbVgBATSUWJ+mouCejhaes20GbWRBpIkCdQ0SR1iR5S5yg5Sw7XYC8ZyhCrWSJPQtQo8SUiZE5EeB7ZvykYz+ZiNOV+7eemjTyVTQTPPC1aUeAgtaI0MVq66gGJQ6Z6eEMpckrbbrr/oP93zsF8pJuyUlrxHDhzb+ec/P/v00eFFfa5vHxw79so7J2Y7uVUbIu6XrTSbmfijW69dZUvpz8Hv7X9w88vf+l8zQdPxy5HthOWVP35+4p4X/m7JQKWE/Jrh2HRIq9LpG+jEfMHBupKbUUQQfBeIcrx2lkEUZuRAqhzdhEq8M/0OBlKgdZ2qTo1En2UXhdAkkhEPTWmDOQR0YGF0QJ7OSzLoJKFPVrNtz3N4Iz0j8WmyMCKW5eXI6abgE+J2hxSLA6o8Urqw3d2honLlIY1mepXkKnyIQgbAo1FfbTtr1d/vmbAqFYf2QdDI8M7bL6RUw48TSpklm1Q6t73x3MV7xs568KU3in4lNUpmz+KTnejRNyeMvYex4NRwYrfXrZZt7K85pVoTH9t29u9fsByBIXY0A5TO6lN3fOH3v/ndv5tPeo3yYGIW7UotdeL99dk07hQKRdXXC/vmZo5WyjWCk3TTooivUNDfJDfFUeR5sUD9GHlkecQMmkya20I+nEEuWdrpdBwUkGVFu2ESRYt4Trwg2VfJd9qNuapt9vb2oMpmQXnk7ZIYGqFPqm1mjSASuuWQYMxUoDHf9D06w/DbM8yq55copXRH0c6zkp2XC7SXYgIIU9BNvTmEH3fE9ep6advGM6UcYEslCh0jHak42zctI3KasjUiiKIQMJ20Ds/x7z563hcu21JutVUzTALywKJX7vFqg05tuFhbUvOKdrsdz84Ww+Znrtj8jU9uq2iRk2GzFglsn8puOcP/m3/1iTWFljl9pAp1UZh2Agqk3p7FlrKjuel4auzzN1y+dfVQ2pxxqIAt6CAK8cWSGFbUbllse+ZJwchd05CdT1SBIBwn7FV6lknnlmGuI/pLf5X9u4CCX9cWwvuoXTQSdMpM2q3mHHMpa+kwKbcxZTdTp1C2282Sy86DYAwgyVrEAyEtQ9UnvcZJBJwHgRM0zHbkK5eSvhbVrRNTdrnXaswVSj0kWxCMC+/mCawhrgmvyycJFt4wxgnlzebVF6wfZStd4rXkmtgO6ScLiVNiwUz90ZXrVo2e8fePv7Dn0Dh7SxaccN12J6KdUraNQtBev3rlrddde/lKBZcNCmubbo30IvBrYafuOaVLV1e/983b7n7kzRdfPnxitjUXNWzfYzdiUbU8PNp/80e3n79K/ccfvF0ruPNBQBWOweOaQAJdqeXtatCKo1azMVcZqWC+luz6k6m1qvF0Z0q0oxTNZI1pW0m5wxSJWgRaaAiV25lJZuo+ChE1jBDQEuiNAVd9+dpL5zB1kt8oXFbwqjDGklqHaQI+z/oM64b1o6NV9uy8nA92os7aQT44yGsq/8JlGz9tF9E84t6Ao3qFfRKfC/RbqQ8tl1KlaalHX9hD/wGv43q+b6XXbT2D/o4rUsQCJBcSB2WQvUh5UtWbJtevNrevvvCFA+Grbx0YO3ZirtEsLqr0VQpDFe/Cc87cMFpEkRAVSoW3BI6oBVymK1KoEWgQ2ApL/en165pXrxs7ls4n7enpmdP6lwz2u5UeVlPkIc3JyYAGZLXW6rR7+iu9RTQs71XGV265vBkVcstNs7DqpIuonTQnrjl3Vb9vWcUaqXDWmTt/9SIPdxwHtCB8tIMuoOEtqalvfvGTQGUnlwJyuCy1vpFEOD35PAenDLKcpK0QjtsUtGGEMK1F9hpaDmM4GAMNnPTF0T3CI0GTURzQbLLTQSJEYkSfhiRUmXXDeHpSfeO7P+mUBg2vFM3O3Lz1jDuuW92vUlvKUREq+hAlqc1GD8qr7RT9YlsHZ4UX6ogMxFMxFmvjhOwu5agEBoHKYMA0HWLTfHe21aRrVijQN2h1OkMDhT4+cujum+i5yJIu0Sz73K9Of/uH93SKo4Hyotb8Teev+uvPnF1OOw4dJ1RE3K4czMWnEdzoG3ELWP6DDHwgHlArCl7dX8ma7dSk+7hgx8zlZBoKLR/H2MRRSWDwxVmYGXglSGKEAIMIug8U5/qONp2tqxpcPlzAoRXY4su4I5EmpzMdiwn8ByDiXVCcnz31Wt3tM3BNadxvZzdevBqR2IKtNCWkdcWKuk+iVRMPQNJFOZ7FWV4w2PiWCKPJFAJAlcWpxGXnE79vSoXEXmFGrWl637n/2cf2HHK8WoAFOc5Qxf/Kx6+9aI3UyiyFQiBcdPnhvY3/fs+j7eJwbPrMt+LOljUrINm1CInyaR7BWbAjC8aFg59OSBjA5xgxG/RYES0JcSH4C1RKnLUsobWEPqT4Q/19DNB4TnCS7A2/Sc4bSGWAizvFZaZpVwssJjIBYGQRkEnQAz6YMEBUW+5F+8GDU4pZ2q90FLVgD55Mnn/zXbP3tASnMzd17Vkrz6iIVjJb0AFLEIGPbHfKd0SA0d1b3VJA5JDFvolgwjBZVHbRxQS04SFrnoAFGRE5ACtu/8hHHn7jf3fMSugX+FJtcmbuz75/99nLB04b6l08UGNv6vjM/N6jk29N1DtOX2aV8zgpZsHKxaUrNlXACtFxgAN1Of90mbxAqZCcEkVyeAS7BB3J/IRdXAvemiHoCv5H+CJsgxn0aGkKopO6zQdM7YhEid8/tJPmTvJpuCxQwYQ7RncNfGG0PNIiFwFLAqEzTdaW/apnX2tiFLCh2S5m0ccv2ciWAl8d6BkaqhAkwGVvlbJVL6TNXRbRnwFrddZrgQn/mcEBryNFtwEzCz0SWP0t86Yl6p//3hXfufshb2hlhNMv9M6p0pNjc9ahgyoJ6GZHmRnZJbe6gl0K+F7mY436sS/f/oeDjohfGkbSWJciRePVRUzjxI9wVhyIxmXhV9ghE/XRZQvDmCyZLWMM1xAzf/84xdX3H/z2Au7pSfKku8TvXmn2/na4vmIpGHFgKt/1+r6+/tFWMF/Lw/PWLF+3SL4At7oGIGLRbBMNEO+kD3moXwiiC8cHluWye8d4qTbklwpMnAq70IOW+c8uH46iq+566Gm+Eij3LurEuVPpT+Mi5FMJs2vl2F4Uxi6t6Prxipd86TM3XLzW7UeLpTqghnPo6Wi/Jov/duXfReX9592L928/MEqedZ9/kNELA/6f/KNk6hrgjsceCttTpk2XOzPazRtu/izBlgIMlyHWJp0brQN4BnggyvohDkZjt1Ltk3xJ8c9HVxH+Ysgp3H718k2rhr5/z0NvThzwSj3T86FVKKYWhUlCfYIH68F+w/p5a5Z++VM3bhgypH0IhLgtAUnaloKJKOWHQOcfG7rAjn9syD/1HYzuGMYz74zP5F5kV0gXq1ly4Sq/lCrip+R+p6xLdwSgSLuPD0mZxBzNkyxq8YGSMEY8thcZDu1V0qSX31M73zg4Nts4cnK6Q//UcPiSYnSwtqTiXrRh1TkjiEj5aeZTY4nX7fKWyttkV1w2VBc8wj+VC6fm/f9ldGzIZ3PdpJAVqSyIVtLMl9KR7yjxLZJG4lzhELkPY2DUh2O1MIeAwzQgCEBAcSbw1DKBTnjEHWiPIF/G4F8o1nE35LaSIMqXqWSnCzzucjpnB1aMiwZ7Yknv4sNhdIq3v/P//wBkfQfkCmVuZHN0cmVhbQplbmRvYmoKMTIgMCBvYmoKPDwvQWx0ZXJuYXRlL0RldmljZVJHQi9GaWx0ZXIvRmxhdGVEZWNvZGUvTGVuZ3RoIDMxMzUvTiAzPj5zdHJlYW0KeJyVVwdYU8kWnltSIQQIREBK6E0QkRJASggtgPQiiEpIAoQSY0JQsaOLCq5dRLCiqyCKHRCxYVcWxe5aFgsqK+tiwa68CQF02Ve+N983d/77z5l/zjl35t47ANDb+VJpDqoJQK4kTxYT7M8al5TMInUCFDAAFQCgxhfIpZyoqHCIwUD79/LuJkCU7TUHpdY/+/9r0RKK5AIAkCiI04RyQS7EBwHAmwRSWR4ARCnkzafmSZV4NcQ6MuggxFVKnKHCTUqcpsJX+mziYrgQPwGArM7nyzIA0OiGPCtfkAF16DBa4CQRiiUQ+0Hsk5s7WQjxXIhtoA2ck67UZ6f9oJPxN820QU0+P2MQq2LpK+QAsVyaw5/+f6bjf5fcHMXAHNawqmfKQmKUMcO8PcmeHKbE6hB/kKRFREKsDQCKi4V99krMzFSExKvsURuBnAtzBpgQj5HnxPL6+RghPyAMYkOI0yU5EeH9NoXp4iClDcwfWibO48VBrAdxlUgeGNtvc0I2OWZg3pvpMi6nn3/Ol/X5oNT/psiO56j0Me1MEa9fH3MsyIxLhBiuOywgX5wQAbEGxBHy7NiwfpuUgkxuxICNTBGjjMUCYplIEuyv0sdK02VBMf32O3PlA7FjJzLFvIh+fDUvMy5ElSvsiYDf5z+MBesWSTjxAzoi+bjwgViEooBAVew4WSSJj1XxuJ40zz9GNRa3k+ZE9dvj/qKcYCVvBnGcPD92YGx+HlycKn28SJoXFafyEy/P4odGqfzB94JwwAUBgAUUsKaBySALiFu76rvgnaonCPCBDGQAEXDoZwZGJPb1SOA1FhSAPyESAfngOP++XhHIh/zXIaySEw9yqqsDSO/vU6pkg6cQ54IwkAPvFX1KkkEPEsATyIj/4REfVgGMIQdWZf+/5wfY7wwHMuH9jGJgRhZ9wJIYSAwghhCDiLa4Ae6De+Hh8OoHqzPOxj0G4vhuT3hKaCM8ItwgtBPuTBIXyoZ4ORa0Q/2g/vyk/Zgf3ApquuL+uDdUh8o4EzcADrgLnIeD+8KZXSHL7fdbmRXWEO2/RfDDE+q3ozhRUMowih/FZuhIDTsN10EVZa5/zI/K17TBfHMHe4bOz/0h+0LYhg21xBZhB7Bz2EnsAtaE1QMWdhxrwFqwo0o8uOKe9K24gdli+vzJhjpD18z3J6vMpNypxqnT6YuqL080LU+5GbmTpdNl4ozMPBYHfjFELJ5E4DiC5ezk7AqA8vujer29ie77riDMlu/c/N8B8D7e29t75DsXehyAfe7wlXD4O2fDhp8WNQDOHxYoZPkqDldeCPDNQYe7Tx8YA3NgA+NxBm7AC/iBQBAKIkEcSAITofeZcJ3LwFQwE8wDRaAELAdrQDnYBLaCKrAb7Af1oAmcBGfBJXAF3AB34erpAC9AN3gHPiMIQkJoCAPRR0wQS8QecUbYiA8SiIQjMUgSkopkIBJEgcxE5iMlyEqkHNmCVCP7kMPISeQC0obcQR4inchr5BOKoeqoDmqEWqEjUTbKQcPQOHQCmoFOQQvQBehStAytRHehdehJ9BJ6A21HX6A9GMDUMCZmijlgbIyLRWLJWDomw2ZjxVgpVonVYo3wOV/D2rEu7CNOxBk4C3eAKzgEj8cF+BR8Nr4EL8er8Dr8NH4Nf4h3498INIIhwZ7gSeARxhEyCFMJRYRSwnbCIcIZuJc6CO+IRCKTaE10h3sxiZhFnEFcQtxA3EM8QWwjPib2kEgkfZI9yZsUSeKT8khFpHWkXaTjpKukDtIHshrZhOxMDiInkyXkQnIpeSf5GPkq+Rn5M0WTYknxpERShJTplGWUbZRGymVKB+UzVYtqTfWmxlGzqPOoZdRa6hnqPeobNTU1MzUPtWg1sdpctTK1vWrn1R6qfVTXVrdT56qnqCvUl6rvUD+hfkf9DY1Gs6L50ZJpebSltGraKdoD2gcNhoajBk9DqDFHo0KjTuOqxks6hW5J59An0gvopfQD9Mv0Lk2KppUmV5OvOVuzQvOw5i3NHi2G1iitSK1crSVaO7UuaD3XJmlbaQdqC7UXaG/VPqX9mIExzBlchoAxn7GNcYbRoUPUsdbh6WTplOjs1mnV6dbV1nXRTdCdpluhe1S3nYkxrZg8Zg5zGXM/8ybz0zCjYZxhomGLh9UOuzrsvd5wPT89kV6x3h69G3qf9Fn6gfrZ+iv06/XvG+AGdgbRBlMNNhqcMegarjPca7hgePHw/cN/M0QN7QxjDGcYbjVsMewxMjYKNpIarTM6ZdRlzDT2M84yXm18zLjThGHiYyI2WW1y3OQPli6Lw8phlbFOs7pNDU1DTBWmW0xbTT+bWZvFmxWa7TG7b041Z5unm682bzbvtjCxGGsx06LG4jdLiiXbMtNyreU5y/dW1laJVgut6q2eW+tZ86wLrGus79nQbHxtpthU2ly3JdqybbNtN9hesUPtXO0y7SrsLtuj9m72YvsN9m0jCCM8RkhGVI645aDuwHHId6hxeOjIdAx3LHSsd3w50mJk8sgVI8+N/Obk6pTjtM3p7ijtUaGjCkc1jnrtbOcscK5wvj6aNjpo9JzRDaNfudi7iFw2utx2ZbiOdV3o2uz61c3dTeZW69bpbuGe6r7e/RZbhx3FXsI+70Hw8PeY49Hk8dHTzTPPc7/nX14OXtleO72ej7EeIxqzbcxjbzNvvvcW73Yflk+qz2afdl9TX75vpe8jP3M/od92v2ccW04WZxfnpb+Tv8z/kP97rid3FvdEABYQHFAc0BqoHRgfWB74IMgsKCOoJqg72DV4RvCJEEJIWMiKkFs8I56AV83rDnUPnRV6Okw9LDasPOxRuF24LLxxLDo2dOyqsfciLCMkEfWRIJIXuSryfpR11JSoI9HE6KjoiuinMaNiZsaci2XETordGfsuzj9uWdzdeJt4RXxzAj0hJaE64X1iQOLKxPZxI8fNGncpySBJnNSQTEpOSN6e3DM+cPya8R0prilFKTcnWE+YNuHCRIOJOROPTqJP4k86kEpITUzdmfqFH8mv5Pek8dLWp3ULuIK1ghdCP+FqYafIW7RS9CzdO31l+vMM74xVGZ2ZvpmlmV1irrhc/CorJGtT1vvsyOwd2b05iTl7csm5qbmHJdqSbMnpycaTp01uk9pLi6TtUzynrJnSLQuTbZcj8gnyhjwd+KPforBR/KR4mO+TX5H/YWrC1APTtKZJprVMt5u+ePqzgqCCX2bgMwQzmmeazpw38+Eszqwts5HZabOb55jPWTCnY27w3Kp51HnZ834tdCpcWfh2fuL8xgVGC+YuePxT8E81RRpFsqJbC70WblqELxIval08evG6xd+KhcUXS5xKSku+LBEsufjzqJ/Lfu5dmr60dZnbso3Licsly2+u8F1RtVJrZcHKx6vGrqpbzVpdvPrtmklrLpS6lG5aS12rWNteFl7WsM5i3fJ1X8ozy29U+FfsWW+4fvH69xuEG65u9NtYu8loU8mmT5vFm29vCd5SV2lVWbqVuDV/69NtCdvO/cL+pXq7wfaS7V93SHa0V8VUna52r67eabhzWQ1ao6jp3JWy68rugN0NtQ61W/Yw95TsBXsVe//Yl7rv5v6w/c0H2AdqD1oeXH+Icai4DqmbXtddn1nf3pDU0HY49HBzo1fjoSOOR3Y0mTZVHNU9uuwY9diCY73HC473nJCe6DqZcfJx86Tmu6fGnbp+Ovp065mwM+fPBp09dY5z7vh57/NNFzwvHL7Ivlh/ye1SXYtry6FfXX891OrWWnfZ/XLDFY8rjW1j2o5d9b168lrAtbPXedcv3Yi40XYz/ubtWym32m8Lbz+/k3Pn1W/5v32+O/ce4V7xfc37pQ8MH1T+bvv7nna39qMPAx62PIp9dPex4PGLJ/InXzoWPKU9LX1m8qz6ufPzps6gzit/jP+j44X0xeeuoj+1/lz/0ublwb/8/mrpHtfd8Ur2qvf1kjf6b3a8dXnb3BPV8+Bd7rvP74s/6H+o+sj+eO5T4qdnn6d+IX0p+2r7tfFb2Ld7vbm9vVK+jN/3K4AB5dEmHYDXOwCgJQHAgOdG6njV+bCvIKozbR8C/wmrzpB9xQ2AWvhPH90F/25uAbB3GwBWUJ+eAkAUDYA4D4COHj1YB85yfedOZSHCs8HmiK9puWng3xTVmfQHv4e2QKnqAoa2/wJAMILcCmVuZHN0cmVhbQplbmRvYmoKMTMgMCBvYmoKPDwvQWx0ZXJuYXRlL0RldmljZVJHQi9GaWx0ZXIvRmxhdGVEZWNvZGUvTGVuZ3RoIDMxMzUvTiAzPj5zdHJlYW0KeJyVVwdYU8kWnltSIQQIREBK6E0QkRJASggtgPQiiEpIAoQSY0JQsaOLCq5dRLCiqyCKHRCxYVcWxe5aFgsqK+tiwa68CQF02Ve+N983d/77z5l/zjl35t47ANDb+VJpDqoJQK4kTxYT7M8al5TMInUCFDAAFQCgxhfIpZyoqHCIwUD79/LuJkCU7TUHpdY/+/9r0RKK5AIAkCiI04RyQS7EBwHAmwRSWR4ARCnkzafmSZV4NcQ6MuggxFVKnKHCTUqcpsJX+mziYrgQPwGArM7nyzIA0OiGPCtfkAF16DBa4CQRiiUQ+0Hsk5s7WQjxXIhtoA2ck67UZ6f9oJPxN820QU0+P2MQq2LpK+QAsVyaw5/+f6bjf5fcHMXAHNawqmfKQmKUMcO8PcmeHKbE6hB/kKRFREKsDQCKi4V99krMzFSExKvsURuBnAtzBpgQj5HnxPL6+RghPyAMYkOI0yU5EeH9NoXp4iClDcwfWibO48VBrAdxlUgeGNtvc0I2OWZg3pvpMi6nn3/Ol/X5oNT/psiO56j0Me1MEa9fH3MsyIxLhBiuOywgX5wQAbEGxBHy7NiwfpuUgkxuxICNTBGjjMUCYplIEuyv0sdK02VBMf32O3PlA7FjJzLFvIh+fDUvMy5ElSvsiYDf5z+MBesWSTjxAzoi+bjwgViEooBAVew4WSSJj1XxuJ40zz9GNRa3k+ZE9dvj/qKcYCVvBnGcPD92YGx+HlycKn28SJoXFafyEy/P4odGqfzB94JwwAUBgAUUsKaBySALiFu76rvgnaonCPCBDGQAEXDoZwZGJPb1SOA1FhSAPyESAfngOP++XhHIh/zXIaySEw9yqqsDSO/vU6pkg6cQ54IwkAPvFX1KkkEPEsATyIj/4REfVgGMIQdWZf+/5wfY7wwHMuH9jGJgRhZ9wJIYSAwghhCDiLa4Ae6De+Hh8OoHqzPOxj0G4vhuT3hKaCM8ItwgtBPuTBIXyoZ4ORa0Q/2g/vyk/Zgf3ApquuL+uDdUh8o4EzcADrgLnIeD+8KZXSHL7fdbmRXWEO2/RfDDE+q3ozhRUMowih/FZuhIDTsN10EVZa5/zI/K17TBfHMHe4bOz/0h+0LYhg21xBZhB7Bz2EnsAtaE1QMWdhxrwFqwo0o8uOKe9K24gdli+vzJhjpD18z3J6vMpNypxqnT6YuqL080LU+5GbmTpdNl4ozMPBYHfjFELJ5E4DiC5ezk7AqA8vujer29ie77riDMlu/c/N8B8D7e29t75DsXehyAfe7wlXD4O2fDhp8WNQDOHxYoZPkqDldeCPDNQYe7Tx8YA3NgA+NxBm7AC/iBQBAKIkEcSAITofeZcJ3LwFQwE8wDRaAELAdrQDnYBLaCKrAb7Af1oAmcBGfBJXAF3AB34erpAC9AN3gHPiMIQkJoCAPRR0wQS8QecUbYiA8SiIQjMUgSkopkIBJEgcxE5iMlyEqkHNmCVCP7kMPISeQC0obcQR4inchr5BOKoeqoDmqEWqEjUTbKQcPQOHQCmoFOQQvQBehStAytRHehdehJ9BJ6A21HX6A9GMDUMCZmijlgbIyLRWLJWDomw2ZjxVgpVonVYo3wOV/D2rEu7CNOxBk4C3eAKzgEj8cF+BR8Nr4EL8er8Dr8NH4Nf4h3498INIIhwZ7gSeARxhEyCFMJRYRSwnbCIcIZuJc6CO+IRCKTaE10h3sxiZhFnEFcQtxA3EM8QWwjPib2kEgkfZI9yZsUSeKT8khFpHWkXaTjpKukDtIHshrZhOxMDiInkyXkQnIpeSf5GPkq+Rn5M0WTYknxpERShJTplGWUbZRGymVKB+UzVYtqTfWmxlGzqPOoZdRa6hnqPeobNTU1MzUPtWg1sdpctTK1vWrn1R6qfVTXVrdT56qnqCvUl6rvUD+hfkf9DY1Gs6L50ZJpebSltGraKdoD2gcNhoajBk9DqDFHo0KjTuOqxks6hW5J59An0gvopfQD9Mv0Lk2KppUmV5OvOVuzQvOw5i3NHi2G1iitSK1crSVaO7UuaD3XJmlbaQdqC7UXaG/VPqX9mIExzBlchoAxn7GNcYbRoUPUsdbh6WTplOjs1mnV6dbV1nXRTdCdpluhe1S3nYkxrZg8Zg5zGXM/8ybz0zCjYZxhomGLh9UOuzrsvd5wPT89kV6x3h69G3qf9Fn6gfrZ+iv06/XvG+AGdgbRBlMNNhqcMegarjPca7hgePHw/cN/M0QN7QxjDGcYbjVsMewxMjYKNpIarTM6ZdRlzDT2M84yXm18zLjThGHiYyI2WW1y3OQPli6Lw8phlbFOs7pNDU1DTBWmW0xbTT+bWZvFmxWa7TG7b041Z5unm682bzbvtjCxGGsx06LG4jdLiiXbMtNyreU5y/dW1laJVgut6q2eW+tZ86wLrGus79nQbHxtpthU2ly3JdqybbNtN9hesUPtXO0y7SrsLtuj9m72YvsN9m0jCCM8RkhGVI645aDuwHHId6hxeOjIdAx3LHSsd3w50mJk8sgVI8+N/Obk6pTjtM3p7ijtUaGjCkc1jnrtbOcscK5wvj6aNjpo9JzRDaNfudi7iFw2utx2ZbiOdV3o2uz61c3dTeZW69bpbuGe6r7e/RZbhx3FXsI+70Hw8PeY49Hk8dHTzTPPc7/nX14OXtleO72ej7EeIxqzbcxjbzNvvvcW73Yflk+qz2afdl9TX75vpe8jP3M/od92v2ccW04WZxfnpb+Tv8z/kP97rid3FvdEABYQHFAc0BqoHRgfWB74IMgsKCOoJqg72DV4RvCJEEJIWMiKkFs8I56AV83rDnUPnRV6Okw9LDasPOxRuF24LLxxLDo2dOyqsfciLCMkEfWRIJIXuSryfpR11JSoI9HE6KjoiuinMaNiZsaci2XETordGfsuzj9uWdzdeJt4RXxzAj0hJaE64X1iQOLKxPZxI8fNGncpySBJnNSQTEpOSN6e3DM+cPya8R0prilFKTcnWE+YNuHCRIOJOROPTqJP4k86kEpITUzdmfqFH8mv5Pek8dLWp3ULuIK1ghdCP+FqYafIW7RS9CzdO31l+vMM74xVGZ2ZvpmlmV1irrhc/CorJGtT1vvsyOwd2b05iTl7csm5qbmHJdqSbMnpycaTp01uk9pLi6TtUzynrJnSLQuTbZcj8gnyhjwd+KPforBR/KR4mO+TX5H/YWrC1APTtKZJprVMt5u+ePqzgqCCX2bgMwQzmmeazpw38+Eszqwts5HZabOb55jPWTCnY27w3Kp51HnZ834tdCpcWfh2fuL8xgVGC+YuePxT8E81RRpFsqJbC70WblqELxIval08evG6xd+KhcUXS5xKSku+LBEsufjzqJ/Lfu5dmr60dZnbso3Licsly2+u8F1RtVJrZcHKx6vGrqpbzVpdvPrtmklrLpS6lG5aS12rWNteFl7WsM5i3fJ1X8ozy29U+FfsWW+4fvH69xuEG65u9NtYu8loU8mmT5vFm29vCd5SV2lVWbqVuDV/69NtCdvO/cL+pXq7wfaS7V93SHa0V8VUna52r67eabhzWQ1ao6jp3JWy68rugN0NtQ61W/Yw95TsBXsVe//Yl7rv5v6w/c0H2AdqD1oeXH+Icai4DqmbXtddn1nf3pDU0HY49HBzo1fjoSOOR3Y0mTZVHNU9uuwY9diCY73HC473nJCe6DqZcfJx86Tmu6fGnbp+Ovp065mwM+fPBp09dY5z7vh57/NNFzwvHL7Ivlh/ye1SXYtry6FfXX891OrWWnfZ/XLDFY8rjW1j2o5d9b168lrAtbPXedcv3Yi40XYz/ubtWym32m8Lbz+/k3Pn1W/5v32+O/ce4V7xfc37pQ8MH1T+bvv7nna39qMPAx62PIp9dPex4PGLJ/InXzoWPKU9LX1m8qz6ufPzps6gzit/jP+j44X0xeeuoj+1/lz/0ublwb/8/mrpHtfd8Ur2qvf1kjf6b3a8dXnb3BPV8+Bd7rvP74s/6H+o+sj+eO5T4qdnn6d+IX0p+2r7tfFb2Ld7vbm9vVK+jN/3K4AB5dEmHYDXOwCgJQHAgOdG6njV+bCvIKozbR8C/wmrzpB9xQ2AWvhPH90F/25uAbB3GwBWUJ+eAkAUDYA4D4COHj1YB85yfedOZSHCs8HmiK9puWng3xTVmfQHv4e2QKnqAoa2/wJAMILcCmVuZHN0cmVhbQplbmRvYmoKeHJlZgowIDE0CjAwMDAwMDAwMDAgNjU1MzUgZiAKMDAwMDAxMTE0MyAwMDAwMCBuIAowMDAwMDExMjc2IDAwMDAwIG4gCjAwMDAwMTA5ODAgMDAwMDAgbiAKMDAwMDAwMDk2NyAwMDAwMCBuIAowMDAwMDAwMDE1IDAwMDAwIG4gCjAwMDAwMTExODggMDAwMDAgbiAKMDAwMDAxMDgyNCAwMDAwMCBuIAowMDAwMDAxMTMzIDAwMDAwIG4gCjAwMDAwMTEzMzMgMDAwMDAgbiAKMDAwMDAyMDA5NCAwMDAwMCBuIAowMDAwMDI1OTU3IDAwMDAwIG4gCjAwMDAwMzQ3MTkgMDAwMDAgbiAKMDAwMDAzNzk0NyAwMDAwMCBuIAp0cmFpbGVyCjw8L0lEIFs8M2E1ZTUzZjQxYzVhNmM2NmJmODUyMDk0MTUwODk0NjcxZGRjYTg2ZGI3MTFhMjBhYjI5Yzc4MWI5MzNiMmYxMDJmOTM0NTUyYmI0MjI5MTgyZTRmZmNiNjE3NGUxYTNmMzA1MmI4OWQ5M2ZjNTg3NWQyY2YzNTVlYWQxY2FhYjA+PDNhNWU1M2Y0MWM1YTZjNjZiZjg1MjA5NDE1MDg5NDY3MWRkY2E4NmRiNzExYTIwYWIyOWM3ODFiOTMzYjJmMTAyZjkzNDU1MmJiNDIyOTE4MmU0ZmZjYjYxNzRlMWEzZjMwNTJiODlkOTNmYzU4NzVkMmNmMzU1ZWFkMWNhYWIwPl0vSW5mbyAzIDAgUi9Sb290IDEgMCBSL1NpemUgMTQ+PgolaVRleHQtQ29yZS04LjAuNQpzdGFydHhyZWYKNDExNzUKJSVFT0YK"
            },
            "back": {
                "BASE64STRING": "JVBERi0xLjcKJeLjz9MKNSAwIG9iago8PC9GaWx0ZXIvRmxhdGVEZWNvZGUvTGVuZ3RoIDg4NT4+c3RyZWFtCnicjZdRb9MwEMff8yn8CFLn2o7tJLyVjaGKbsBWIV69JqMZTQJupgHiw3OJndjSqL1NmnTd/f8/93L2OT8TyggaftMMpRJlskC7JlmuG4ouuuRz8jN5u02WlxRRhrb3iWBYIMEpLgq0LZNXF93usanaHvW/f1Svtw/Ju+1zEaM5FtyXVWcrVe6V0uhb1VZa9VWJ7nXXoMv19e1qs0HTv79ebU65mqXQAgs6er43TnXXohIMY4txQkaYOCPpGRWI0TcpeUPSIJMXGSbMfv2n9tCp8iVET/aMyPIwMeODwyC9UsfvUKypPu1jc1fpGNnJf9mfgqcsjIS/RI6aa9VEv5vL/lJVGq3a+oA+qOZOHU5KDYbBY8hNLaGEqLtHb2vd72M8J6NFAbXMoZZhEMnw3CdlvGRz+lXQNs05liZxt+zQAh2XXVggGabpKFiVpa6Ox8hKPAGKpXKOoaVelMokptmY+vDYKnSn4IHdqT/QUk9Kl0guBoO4DckxNVv6Rh33dbv4oPSD6l+mZgXBzBev9o0qW/VN6cWV2isNn/ZavdAsY5gZt3Vb1mrBKedmJ5/Wjo+E8QJnZntsVFs2Sn8P57MMM9Psm26nDnX/O7Y2p/h/tcM8wnFmmv0cWGiJLupjr+tdH8M6oSlwEENzKKB5lp/qFp13ZWzXewpX7NP+osC52Sq3ffy49NK9XvBEZmzdvE8ImD8lAnoJ5oGAfStRY0MqGDokt//LZ1QOi58FNg4oxNAnPsLEIQWBbIkLav2HuWPiwKIIdyLhHAKIlGOeeggTRxCTSDiHAILC6OYewsQRxCQSzuE0gucF5tIhbBxGzCLhHAIICZXMPYSJI4hJJJxDAAFHsPAIYxgBWImY5QF7xoY7hPM3cQQwiYRzOI1ICxitXjfZOIyYRcI5BBAZ3IS8Ktk4gphEwjmcRjAJc9nrJhuHEbNIOIcAgsNg9rrJxhHEJBLOIYCAS2rmEcYwArASMctP21O4kTLvbLJxGDCLhHMIIODqmXndZOMIYhIJ5xBAwHRhXjfZOIKYRMI5TAoqjYYRaLQcDvyC2XciZt6JCCZpAXcNa8zANs1TyAMrOY5dpCswc4ONDoMNbqrD4QFnbT7evGDaafBKpZQZWLy67DTa1E09vAyd13r3eDBvM3/R+cfry/XFu+vteuVeh/4BO3b0vAplbmRzdHJlYW0KZW5kb2JqCjQgMCBvYmoKPDwvQ29udGVudHMgNSAwIFIvTWVkaWFCb3hbMCAwIDU5NSA4NDJdL1BhcmVudCAyIDAgUi9SZXNvdXJjZXM8PC9Gb250PDwvRjEgNiAwIFI+Pi9YT2JqZWN0PDwvSW0xIDkgMCBSL0ltMiAxMCAwIFI+Pj4+L1RyaW1Cb3hbMCAwIDU5NSA4NDJdL1R5cGUvUGFnZT4+CmVuZG9iago4IDAgb2JqCjw8L0ZpbHRlci9GbGF0ZURlY29kZS9MZW5ndGggOTYyMz4+c3RyZWFtCniclXtpk6tIsuX3+hVpt82e9Zi6UuzLTN16xg5CgNgF39jEviOBsPnxE5mqvn27X7+sN5mWKSDBPY6HH/cTytD4C4xAbx/fKPmGEm8kQb8l7S9HpYXf+P4X85fxF9b55SjCbzD95tx++bgFw95p7M1Jf0HenOkX6J1Awdfb+stfs1+ZKC2iaHq7auf/5VS/CM6nhZeDKf8F+CAR4h1H39pfcJz6+0kDTmhwQr5OPnz8OCb/cdPtn439ZOBlDYGQdwj/wxoCwf84+WHun5z+G3t/mGg//P4wB8bzT9Z+OvnJ6e2/QP3Z2A+n/wTuJ8M/O7z9HHf8M+wfFuB3BP8I+19/+8+tbd4e2TSXfff9G7Dw7S3rkj4tu/z7N9cRf6W+/efvvxm3W1N22SUasqnJ5ll9Jm9TdssmcG+mpN+/0RiKAKc4hMI4AqMQQqAw8u3339wy5aMl+v23S1++pX0MXOC/QtSvME3jwBN4EL8RBEZTtwTCoeSGExlFwyhBonB6gxEKAad0hiIYdaPI9IamWIxTCIbAMInfKCLBvr3lWZdm0/dv2rePPPnr20/Z8q+4YfSdJD5xtx8DIRA4Q6IYQm4xQlFpRib0LSUziKARCqJwIsVgEr7hWZTc4jjJEihLb8QNopMbRBDRt7cuagECL8umN6Yrmzc1auOoyb4dP+BGb0k0Zf3t+7dvb0l/75bp+f2b0qUleDAt5+X7N6Zoo7SL8mj69lb09zn7uLWJurSNpvrzuE++f6vuXfQWR8B8HO2AD2s0pW/Et7cB/A2DMQxC/xw3RLwjL9xD//2bFc1F2X17m5doAT61qIgmcGmZoo9rU5YtH87ne/waphpNVbT8qROCpt5J8tPJY0l+ePmIRbH8fqSrI8Ywpl2HJytnWCZnwBl4ZfgjsrI8w+QSmycSa+YyuyYnzsxVnjV1npnPPFvbwkq5stXf5AKKwA35icM6hVNmZVsTlU+GM89sOm9C8jPBL07+vHDYrvPnl22zBvZWYCfXeSt/KtZaaJXy/PHzFSjAFOoT1M8P/I9/zseVYSyO4RVGZXjGVhimEFhmE9gjZTLy+hEEl2VM4eOH+ceXwDGrKYKAKJzZnz/uXSxwORd4ZlUEZnVF8AC4INKMqYDgmRZrKYXmCpIAiwX7PG0ir34BiwJEoD9hsXUkKAqkbqvl2dCNqTXk9MzzWhWLJJCsvjmVSa/aPaQ7AWrwNWFClmjVqWK7g+OJnu/BRei3eh36YRdJzZigFpx2KZZdR75QfKnAylM5qE5z8v0GL8N2VKtB9duBKIdxUvfl7CMLWeJ3MNGbdpU2qjo9l7MD61cfpqsQucsldnAa/H7riWzaqMcFom9fYCNBsr+wxejh0hGvSIPorsLfI/0K3n8baeEj0hy4iWeZ5BVp84R+3rsJAmsLG1ucWNdMi8TSSq0XFFFQrT6WWc7WdvfBeEF3trgiqHVDaCjrM5AtCOugVi6i7zlu1LpguaFsC18AIaj3V+o1qgtbntekge8NVSh5bYgUQ9TpUHoN0UxuiLw3hCKI5FJp1Xow3CaMru2pjfrRqIco6ka1HefJgJY4Qu/nlljni7AlsfzUOhVaLi6cxldE7yLsfqnxLO4Ioxtfgf4jhnQP0lcDdFUsEAPmsvLtqrpcsznj88SLkurybUNiAy9sxFeQ4HcU/sTkYmpGG8yR6xiX0RlavS3Dc6oIWBEwkRECu2ONqOEoCHef0Zmx2Is/iNXmtmuFDgd0sYJQEna7MBJPYWuIsih8QASzYJ21u9iD3ukXLoPFXLFkx+NbTUgz2t9EtC/LNafncrSZ0mRGTpWuFzmb1BU7KUfBHSr8yJVr1VASCNpVctxy2k1mPdnFF7Bw9J1CPmGBDrne2U5kzbYBIxyZtivU2gMjsuTNCriTK144WBl5isiEfmY2bzStY+Os+ebkd+OIuSSjIS62UanaeDp6LcGDhKtwrHJXa+pxEp2znOPgoQRnxonxNj6HFYUSvEDws+hGd6eLXa4lYyW0mswsh427LGQFINvGViBqXH5OOnmvAwJ61OG+ml/Awoh39AULjfWIW+O5KDZkcDgd32ASIjlD9BgQocEp5IVI1Wysu8GtBE8ru9iAbTLhcjWBGN2/LG5vBgMxbSCeJispR7vjLuUYE/m1q33OVkzTUPChxSWywkXp9uAvpwtDBBfDOFNmdgkV3F90taGe2nmJsCAwyM5AJaNjWLqCMV0suiBqJqQhHGm/ptvyBSwU8Ar9hBWEXC+eznVqPgKKkjvmwipTMzzKmKl3jre7umIPXtdxdYVKEHY07swjJrLjnU+uWnswc94AJYQFvSxhAgYTvTW72V3AQwh0ONVavQpt43CXcbMDzZMhhTm6HoTUh7Muw9doTqb1WWPUmOpThl6cjoCxzAccI3AyJRq3Se9Ps3T1Sh6cOZ9v1qhwzFe4ALk+xfRfTWMBbpFp21ccw+8LmwbTGPn04l8bLjm4N7ruiFTD8OMZnszlBh2v022PDc+XEoGhqgmWXTnv6iRPwn5WHtaKj2FQoOM6+9BH8tH7ZrK+oKAMho/xMwHTjqyheGE2UymEgAiw4Y5KNwIOlFGZ8nYUEkmkR/eUw0ZZDW655Unbz66l9grh0kGxu+3+BTQEEOwlWBls9IQTATGW2qonyTuHuKPUAYfzT4G1CKGGAyFgCcrDN4yiTFQcbqfQxz0L9507E1SGmYxJHsoYdolPLGPYcHUNdTMvlqAWNPBo6hFPOzaltEJP27E7TeJg29sJpKPfqYUuPuuilyfLzcvTsC7IJWp2kDOh0D8jl+qGChF9d0ZAwhNEQgZI9wUqGPDrhcqIjJTHT1J2MetygpvLORau4qRR+i6soWw2ziEgj0dGJMo7qUZIIjYrjw5nJ1rWO20/l9XqRLe14TihDxSTqY+DMEAbfJcuQIkrFBabQHslYGZoI2PL+4pg2LRW62Vcll4uSw7jSaHd2VRF+Nmsb/p9q3LstMHMhILGR0exxSsPO8d3twO1PmB6JmC/QAYBir0E5+ZwhuNussQYUbWaWcTKQv+YQXGLEgHMpcmpdQAphtqYQhIM5sXuiixTA/HsTXl0G0Q0E801L0N6MHSE7WQMpmi0QfUbmixwYlybJpi3075fH4+y3GqYX/dRX8Q7tfW+ymaTmJmXbauo6HCzGb7Mo5MCodykWrjBqFXhkho9dl4ubr7QASbq6qbUylfQAMteMld2mXaoS0LqGai4xOI1sFYuG/BRigHhLTOuchybQohYz8+R0fKZhQmva47kY/KPg4CsfC6WlrnQNlTNLMZUsP3UbKwOqoscEx4OYw115s0u0utA7yTpIk8drdJXiL+y8lmWEM+khKoTvVtZBOYVLqLr9dmszhLIRCJTBOFFMBTAit5V3hQdIrSN/3tcOA0o9pIba7U1Gb/67Ik1bgE2ERbEHY2RYMPrIMFDkF+ZnZpSSb70ZnSIT350DoKZzGyn6x1kQmXsGjX0nVI5JLhdInuR665pLnt41FsZ86xtJpU850WVrWElik37vBGesCpx2bWtEQVVvRaj55LQGR49qx0kDQnw0bJ2hwol3gRtzGTqwlOudawgeacQMPUFLgqQ7IULvkKcj/TOuhknBcMlT2b3+/XCHtXHIB2X60O/dAtUR/ogKLyaCDJBj4dsCaA2ttIg2lu1gYL0cuvqW2XqgsHl3CEfCJXTZpMBGkrU4bNAO+2IG1Zdl/Pdxx+7r4+s0hH20KG6v/EklcEJzeGsfJUnH472pl8ffl9PEnRKtohT7/YeyPDkzOcvMJGAXi+JS8BmzKuMh+Mk7B/nDT9f99aAOYNOyFSX72Hw3NzU3+0qbPaklwe9GdNREWVksVTbyg8PQxMy5AJPfWq3+nHlJAwLoTAdMZyQl1o+XqKHFHOG75J164ns9qhPnnlzkow96OnUtz36aC6h3VBVPhHgeWWylpMvcnG9tycMmUkcQ11BRZWLWR0ZZoK/BAa/vzoYFj/Gwt3OH6WuHIvhJOCZS2HkcZcDOkO7Y+krsluDVpDWEsYkXZ17pIxJkHG2aa6ovVarCXZgEIMnbgU02fxDvBr2ONmRBfXixbo1ON4TwtGu3VpuJ81X1g0aT0/tQ11dJ0dicGw32V2RgQx13ZXpmDE425KxbZ3IXGsX1wJlWK+6woi3y7UMv0BFoO/0S/XaaHn0zKSesj29mVri0XyA0Na1vFUHOEKpBOU7ctmEOWdovUUPETTE4ooadsK5AeiU1Bj2dRWwtzPLzY8rS0e1EOyrod5mUNDldk4vp1R0gmev5GwuGxa8ey38nEaNgibFq/aKGeC+0NeWrUN80NFzwUEVNCKQHbsPrpabBEPj3HjE7Z196No9NaII+gIaTrxjL2h1ebLNY6Yem/JxvfDuBh2tfogbyUaT4x1V5Sjb1owOr2WG5dlNU5Vnaj+uk1nXU0+ozaU1FOq8HENoJp5W73bXWCFVe70eQ5I54OyhSb1hFsuGKubY64Pc43rpnLLVA70sBFyvq3U/EFogZSzhIZfC8NXnYyFXlcyDa2IwURTFsOLKcvC8CX696dkTPT9b9AtwGPVOv/RvGmdWs2pk64bcAcmyW3QnDnJS2RmznMMZRwzjZtoae2hVDN2mNsK1jAwk/qklIaKMFMUjOhDhrChHERv4lLmOPsHLjzycbGkybgJiL7Du8rqC+rnu+DFDeGNipsZRV7I2CqBcVCSayPKK9xKIH3J8cHXZUOvwLIEVG3GAbVXj2hOEY1/hAex6Cd/RKfOgWC1o2mWsifhsj4aQ6GLz+VwLvd6VO6YwNlgomMEJJ27DdZQMI5pQeKAX6IAvHAI520XsIJSpDgtvQqS8j4mKQHTlwEFAj7GKkvSc01khWk89T7xdj7pY8ouz+pQZw1nw1cDHLXySPiuJ+7becLjN7xmiwfEMP20uS9IDrW5JGBFy5D/Kyp2+QIaif7yP/NfTZV66eAH6KWiuaePv8OEqE3AMG0FU4c7mPxFS7dSpk6/D07kaEW9gdaajQiQPD4Nt71UjNPO4KGwOtGLGW5JRQAkNj9pMOlWeHR1aRc6u7UOrqyV8nXXYsXGRJvPO8SHKGSUIRRvlNOoOlIhzaCyVJqU69u+WbE+Pqx4WnXXVEvaYBUHse/kX6y8cAeT6Q9CboLdqx+Lau4m9bmcpX0dGZX0LS65PUgUihnli7qFnZDqBp/iORMSYxNZF3bRD1EMOKGbDSVqLNSp4zABLw/ii6Q9/4VuVmu88PPqq2WjtnBH3te78cSKwWQuvCWtL162WOgHTLXF27xgGlLddOmCtA8SgEeXsquED8QxFhUv0zT5+gQYGbHqp3ZVWK++uJhIr+zm/yds+sFC3WQmA4CT1vslIQFUVyHLp4sjTVbdzjJWH6/KoOgvTfUq/CvMUh6Sqk+VpZZz1bj8gRcZzGahTygoP7O4nTYgaZacSsyk88ZU/rrw/ZhJnUcKShwNbGVHrZYZazChILugJ6ZtaPh3S3SkUmvozauXnyzN2vFP3hdLFYcCpl9I1bD3f6Et0D6CD6u7TwsvtHV1APpTuPOCy39yeRqu6tU6dJayoIrQLany7mruT24WLGybDwqfpvIiH3bgGufzwm4E/J1EeFys3nhuWxAlY9RAjaZw8vYZnup77Pjlq/SHulGfmHO5Rq2EbPOkZcSJhu7k/L9hIwH1moCmqlxHtsWv0JHfPHGV89pqvih8EKPXSuelxcSl4z3qiJpnC2e0kn6+LC6OSWTzhBD2P2m7HaNIhI2c9t1OA697gG7wfxwEpz9jtHBA3vwtQBmYQMjK4qHVxiS0X29yLxB3rDkgG0mUNjasZ2t+gAYunmuLGZU99uokfl2Q/iVz+3O8Ic6GYi/0wHmJXFfFz6+bF6DTVSM6KVgzW0XIOofTfo8JoQKkXKmNTFLa9Cfw2HsZ9Gbw6VCZDMiWT5jUL2o8zjjN07iAM1lwVw3I1vNbILEJCDQ/wvYboqLUmZunXIJEvi9eetooVw5sSQ2Mo16S++3EZq7FRQXeMu9opIyqn/Ro8JgH0Se1ZVTmMP6IhsW1GPXCgoyxQuxVWU7enpr52Z1kR7dhqyUh5HKMwLvJEm8Mv3lwDy913+qV0Bdo/Hha/vI/nQVCvzrrowpTbSoHMz25aLs4FHoeLIteY7MzqmCmh6KxwEt/ZRgM8uUWwq68ddb6neUPKCaI/MoQ04CkZr0UKIWLO53l1YVlMed6COjj1qI59CIqRX8OxRL35zNm4cC2OKzOlF3wcLfm0irVV0fA9kbsOetpRARN77MT7E5talVwG87qQ41foANFemlecB60bL0nKGeid49JhfN6rXPXQdEaZix66rW84XpM7dFSGmbrdteHJeE4bM/p1AF0cm4yOhCCWDI+8PeXy5GXEg/TXyiNHvCx40OKDVcLyUJHHW+A9s/EoqM8Zv50W5ZqZ9Cn01IGUYxo7tPxyWGIpuqezswOFBd82a0BqxroYdfNEME6UJas6ULcv2jJGvmq8BVpSBwGCUissb+epnR7neNHCuma5TdFLRp5Ng2OPS6i7N7X2eC72hZPE4tBUy5dAveBuOUmPUZqvaGlj6P3YniQej6zTYllo0DyOjB4ecmwtIb+/FgfUbBkrXbUkBZl+7PztPNB7slpbdLsVJLxyVMRLLGIy6WWoQLZ3sCRhi9Lr7IMEMb5/0bkwgnh/lXqd6qVbt+fphcKkrBhh2Tx37DMvsdTZc2wgyv4wTwHL7Fs7sL5b2cpRipJeAR1hWGnLT3f3jjj3OVdkPQ3Dp1Yr4Y7sVwUZromGT4FPKhXCl72u3LfH6ojoabpQHmpeLbl8ak+tZw7FfrRbBH4G2z2oGNm+JzBBR/RdqNgnk7EkDFqX05EDJOh05oM69gUynH6HXoJXgiqESLUWbpXtYdJmcrvW6QbsMtDZXS76iBb+zdoyhC9C5YxcJgEn9DvzNO5Q3UkZTw3GzZiyY0tZ/px1Jpb7DCMBM2CZdPGn/sgdhnIXusJGOuQKQe058h0WiI6KvZh8B12kbNiuVxaFwm0mbu6DEZB29fsWdGl8oIqUrCIywYDIwyTbSJKvQMHv+EvoVp3kPP3BT+7ttVjifABZo9hTyPOwmMKYBUSquGM3KryODgrCu27ohYRlBkfqNOO0oqgGmI7Vg7S4i54eMZu3T6SPlL6w6LGz61ptxeSmbPV2dGSnX1TvdAmuWuZdZVR9DtmSlXqPtEv8RP2RxcO4MmBd7WzLxPGDk+MX5ST5K7/VcLkD7W230Bfvy2MY9g69BC99nfHpYwXiV/GuT8ZDMrhLY/BHwTqA2m5UJx4HigMf4jIMSDhusftwweA42QOykw/6JZG2tD+5dY2eqdk0ZZa2s6N4uV1PHYSB5Qw0jpcGqXi+OwCxyPHuWjuXwLYHBUU/1lLKUQaL48XqmQ0o1Nmsxd04b8fHckyP6sI7xQCP6yPEBrLdl/3IgLJVzwX9BTj0cxvA5z8drtBRo8f9lHpgEWDoGB7KF/LpquuJLmpueTg3YX9y3DODL0iSGLkbbGhsZJmxyRiEIY+RN1pKO0gk72JktV1itFr1eO49jn/ihpanmVZJWrVsZT+N6L2BeG9Ibzv9SPRT+BTLTOtO7CVmDL7rOUPzEIc4YQnlTgMQxtIgLc86uCOmHDdeMJpJ8lWdRwDBXgUxyfM6wENnR5838T6csWIOMb/kHr3DQXe7k3jFHAx0WIXwEpD3bRpsr5Qy1TkJV+rJ6LgTyDvfo8kN7l0PXrbehH3bl61l8ulFCCWLvZ/n/rQ+ki6nbldk6rYwIKS72k8aoWajelddpgIvt2CvyinR+2kqit23xtpVWmbcuWNr5yHhicl6sDfxHMlfAQMkexXFuJmpttZm1MVN0Yx2hVk7/QmFmXEZGY3qjvx0EP04x6xWjw4VcUqRe3dDngeYTKpE2ffDST6I0eohoScH+T0nruoN8e8IetqUI43R1NFfdheZ08sSpDZYlJ1ulnppWRzbnqBtajd88yTkEabpggcKJhYeqnYsc8FkWPZraAsuPI3QS/YkB36XN5Q2L9kX/1HBYMCzlwj2+lC2CStGjDG6HuPlQB6RKZ5lX6jJjjEyI6mr5Ugx1/3qRzeMBrJfj3wqRYdl4ZMo44Kuud/mPaDdJGCAfM3MJFBWM6KmEyxck61IVgQqZ9CgkVwz0vvtJh8Sz6E0n4Lud9t8OpmtT3EFEx98e/hjM9tQtqO3ktsWLDyjznl3zgb7vGgdBGNIF9BH7asaAgGavbCtXnw67ettIsJaXLuSmUZNqBcy9OOJnmEVq7hLNzTBskk3x9BSRvNwN/ioZVSRHU652ZH96jOGSp7spaDOpHNYJ5g0iHuct7h5N/epAn0BenIXp1t2x0UQddvFLluXvq7FIVKh3MsfT6q7G8ZAwOKgwBy24J7AjSmaJultjFT1CcTwXWiEwQ/Y6xf5iNKAaC8pPKDjcfCW1PDrqvU8ZnverqAHeZblAsV5xnTYoKB9XRKiGubYieB4H4QBweX6qSHGMSwxoMofAyJej1J9aP1ZXHq6JoAU6TcuIqg5QHTIZeh21dK7uB9Fy7qa7cHS9tsmy773SDJZN2cyYgvlhK/QxA+LPB0deHONCeGicPLwYFvuRdlc6s6wg/35xYyhNCDaSwdf7p7aIX0/ceMj1UeHBssuNzXUNrSkuwVGoaan9hqRyO6q57Isc0vUpK6xRU7fZ1FyqulqoSYsIRkM3dd4nwL5XC0HhWTAElpV0UESXegiFiBfkR5q2vLeXPmRL4qn4VR3Z6+9fJHZi8SPjnyAFBglJfmcg3m6xUdFVaHuHk7BA/G2y6TfhSS7ioKFf4GMAjz7Y2sDfjiY2mje3AAHKrucIxR0XDpsbPxuToKQaJcJ7ftx8qvETpGorYhsWRKUJlmGftb2zJ6Wk6tZNQ+KewNmmw0TwhkHiLjwSLoqs20xFFsm6QZjfT9MtpI6R7r+/tvxYzfPb8cf+7rsMu+i5T5lf7Y/CCUBkV6D39qmm79/K5Zl+N/H47qu7yv63k/5EYEg6AjRR3BDOpf5X7697Gep0t3633/joq7vyiRqyj1ayr7TsqXo0zemyfupXIr235l0rA+r8NESuF+B2V8TGOt+/bjysVPtY3fSDwD/E2v/OsBpjn79AjJBv7+04lxE8Icz6+975t5cS/n+DeBzpqibb/3Uzj8d//8NIuseWdMPWfrr/HcsH76OP5vmyzyblxfEP50pAn4nXuP+s3HARwj7GAeA9BeAEcGJD88vZ17U3LPf1R3o/Ep8xCl9U4L8VoxFeTjYhi8WJwaOchG0WUohPXJjQHL9/ORvxx/RAsc/58GPKXvdKNWx0nvabuEpz5ctUt5F6dZgRI75xYFr/HhdvioXOPYOv8QvKZrLZp01tq8s67miMlj8wRnPdu659iRnPHDH5UQIzX/8BUb/DzaSfEBmPn2YXQW56g3FCQYVEuspFOuTW0aYgshtND7UOnQYxwroNMyiacYYmOGeO1hjVWRtrweM3pRPg6KACJd5P9Eo7nRqBQ3R0BaQNN0eA9PwtmhcWM52XfIwDpp5Y9SHHp4396sKjxHvxAvZ0LFCaA2wOKm38cl6eL8hy6dXHO6jswf1yYm8bcvt+pTTFsds+8lDXlrhcJxRfnevFSggU8te04g5l3dBbBsFounpcY18C//4x2m2kdWnwZzM9Y6g5HU4w7cCGTlkka9x3ed4z0UnfCrph35Yv39/TelP0/ibmj1f83vFIfpVXT6O7C8QooBgLw18j6ssWfSozX7n9O+8/ebqiukKbwov6I4iKhzjKIb+xriObFiKE7wZ4pui8wrzBuF/Q97xd+wdh78DAHAM5AwMlg4UBuMIAmEUDoPfCLiWgaV6goEzHAVnFEZj4O84gt0+7v+b7ViC4HxnBRnYfVOZs/KnREMB0V5aV2PAWCxg4zufNUX5x4hg8mNEEIGCYaHQ5zf8N+P7n0P7U88IMP4So59B+Bv3XdF/O36G+6dIfsafy6alvIGyu2S/a4oirxXHseOYM6vCMrkiuHgTaTujs3k9FnUp0SvEMuYsMjzHHnnhrDG1xMCuwBYayF9sMx3myOa695ktLNM7hpDCUSs+g6uZO+A19sU6sFk/8Lc5vNa51XrPVGrm6Do0SffFbk0UBgn/QpUHPl4rgt6HPjwEiDgnT1aLwPGn11Tyas2CVmkNeM80z8Jm8eH1BEV+iEc+3imCCKdS8UjaBsoc4aIx0CcEwdIkbc9XjXchzWJWPg/4T4PAiCKsqZz6Q5G0IqTZwXpiPo2fhA3mYsQC1dFq0nLN3ScrK+LpEfhfIIFAYr9UpzmD0fSx79WBfypCHrR2tpc+vX4MSds0B0R/O3Os7NQhrwjNPWxpKEbTJqmEUuOYz6EzmxaqEjaYCF2HNuvEyAYgNo+403ITEvJPg1r1sYuWycQVemoO89SqAJgHWCsr+rgG/gauJQC/gmqOGGmKnGrmvHLmB9Sv4IBEf2lNUxLW08mphE3jqH/A4Aqt91z85HqeCCAIlou7thueTEgEr7QBYuB5QnFx68b1bfZilezJqa2T+S+z84LhCGCIALGJrfxrFsDseELob33kCLHGvjKSszTbrD3FdnFBERbWEerccUXjvweC0IA3L21pCY0NHl+Vn3JgF7aFNUFrNz0lt0UhB8t8w4I2VhF11hYaDsz7xXTNTd8Z+IMDLKM559oCLPYM2xM9y2ZPluAZL4NCI9muzoLXi1OyrOcBdsOnkyeCYUJB/jFs2xVykI1rnoOpBnHg7FGylRjlPze5ugyDfbGXBaEAX15oWH5l1lf9zgWV6QG1Ta5MytW4PtHm3rEHxKH4eFY36tx49dMwD/N64ajHk1e44sqUZ1uJpAg9T6doPtNe/8Ck5UU2MoaTJ79AG8qlc2FmMXOTSgrF/PQS0ccLRdpmyoKehLKeUsg2dOWewZlo3LFRx/h4eNpsUWwNJyLCUr8aZUDcTLrbr2r0xYYWhAQUeulNWyMcRlQKZnRU7GQcj2565nRtkU1TovsbinsP+zQqmH30VTMxhBVPL7K8WWIgJXWLvvradLvMd7wWNiXe6NQFgckOQ+ULeqcNSyL2E/0ECZps9NHWTYKmqI0e5swgcdxON6LceOaREsR9QifiRbZ0lC+5Hy2UNKpmSt5E/nHMYYRWaZ/kvngLEiHh9z82INlApVR2CwtC/IxdhPOY/GOPrlTloAeDWs0HO2N85JlsUuyLazcKJIbGsTOzqiBzPQtqWE5bFTNQ1DVgQfbKzGpKXDlLjGmyeZWozLr+yKvzKrCsw3GMqfwgb6owNnuoOJbeObbIAylQTnXIKJwmr2uWB19lIIG9Iy+p+cN7rqxxvs0mAtb6qJZrJVv9UZs/Cjn06TW8anlwPTWK7O2hb+ag4j0VKQQFG8oTpOniFlTB5/p5PQYJlF4t0AlwYEQvPqteyRZxa37e+2nw9QD7AFW/SUp2jtEkB9V/j54sBAr6PUHE6o9yedekVWJbjvsCFk68ky9YoWSqjMOWmsRIHPcRVFdkV4V7FSrR1NzG6qMPOMhnl2tfQ3TzRD490rapP6BGUtNFkgcgbk3aerMi0a0iiXuCek/Q6CpQ0NsXDFTJQ4muUh9u4s78KRZsm4IbX9j/qIoW5DCmfGQZZWV4pvrIky8gYfQ78hKTMtA5Ms9EuVU8P70GfgHHHD4Br0VSszDQhEUEFqLh1bxHPgaKk3j/zEKLEsBxAzKTDT6SyCJyUG6iHpyLow3OlR81yPhHX/l7yxBZjaekP7oFZqHeCFKgSDnWAK9LAJwqYljEIEaZzUogZ75CAzj0Eo4gJ7ZXocqAzgAy4TMxTKRoYr+pgAbZFWEbwDEEEm2THSZ+Fe7ZEQUd6BFrCLtmiNskN68eFEn0M7pa+Gt6TWrlXxAsYQ12g2dW3TE3gX+xEsgnh4V+iJ/tVDH163rtyO7pEUriFEoeAnq78x9/+QINClj00pHAqyIkudvSRcituekXSwgCE7QiEDyAx/nnaECf0naNF4C0SA2r1nLbx9sYtR4pSELNVlbl1TVfjU3Y6j4uGx6ImAY0skcsA5w+fQex4k0bKAJe+KGGPh4CQoh36xXWqxrSeCQ3CAYvqrRPZes1vcnefwEGAdx5gXmc0RRNn/g9+BAt158941WMQIDu3hqj+pCCqGc2/boP8EdzzHuAnmbtg3CgQL1gMGatcSrD78qqVUAhVAoClAIM9C/k90BGVMx/FTis9mlAWU1NY0aGEyD58ZCyT4Pd7U5r7Kf2+AIOTP/9s3YpD+YDVM/BxrnbeEP2dB2r+3BmRm2tj/F4pXkm/KGiOwi0J0bgeUaVVss3OGx7FdxV4VX+38htxuA+PkQUOw24d+67Pcawwx0/eCG6SjtqiDl0P0nz/Razdzy7FWT9khkI3wTdRvZ1Ktyip2nOBOPu/GP+ChP898/RyfCTtdlqjsIeva1sbrqKFulqqtqTpUCZ4fBj2ZR7k8pjBcPoDcvc/dOri1RYXye6LZLOZvpata1PjSLM2SQeW6iS0VSwhVetA4ahh2G72UoquncMoVTiKWMnVipCe/fvI09I+qfBwij43T7MNoJq9SqLIyRdsWwqvJt+9MnrObOrXcT2tsoPXwk8CFDp1V1J8uE8bU7PEM8K+Okm2pTAGIkBFv7znpCHT6/EluaU1eR7H8q9JR2l0R3oshtObkcayl7IJZJRWgNWSOly7aEunmAcWrSMCu1HgNy00uEC+HM1/K9LrdeV1zL4+GNp/I9FMzj+N5/K/P2/QoPhD2wwTX/sDgCVgiJ/+sAtShBAmK+//BUImLdz2ZZLlr5x5ZTcm8+32N7+7xtn6OJrqcn8Y+vm/wODST6ICmVuZHN0cmVhbQplbmRvYmoKNyAwIG9iago8PC9Db250ZW50cyA4IDAgUi9NZWRpYUJveFswIDAgNTk1IDg0Ml0vUGFyZW50IDIgMCBSL1Jlc291cmNlczw8L0ZvbnQ8PC9GMSA2IDAgUj4+L1hPYmplY3Q8PC9JbTEgMTEgMCBSPj4+Pi9UcmltQm94WzAgMCA1OTUgODQyXS9UeXBlL1BhZ2U+PgplbmRvYmoKMyAwIG9iago8PC9DcmVhdGlvbkRhdGUoRDoyMDI1MDMxNTIxMzAyOCswNSczMCcpL01vZERhdGUoRDoyMDI1MDMxNTIxMzAyOCswNSczMCcpL1Byb2R1Y2VyKGlUZXh0riBDb3JlIDguMC41IFwoQUdQTCB2ZXJzaW9uXCkgqTIwMDAtMjAyNCBBcHJ5c2UgR3JvdXAgTlYpPj4KZW5kb2JqCjEgMCBvYmoKPDwvUGFnZXMgMiAwIFIvVHlwZS9DYXRhbG9nPj4KZW5kb2JqCjYgMCBvYmoKPDwvQmFzZUZvbnQvSGVsdmV0aWNhL0VuY29kaW5nL1dpbkFuc2lFbmNvZGluZy9TdWJ0eXBlL1R5cGUxL1R5cGUvRm9udD4+CmVuZG9iagoyIDAgb2JqCjw8L0NvdW50IDIvS2lkc1s0IDAgUiA3IDAgUl0vVHlwZS9QYWdlcz4+CmVuZG9iago5IDAgb2JqCjw8L0JpdHNQZXJDb21wb25lbnQgOC9Db2xvclNwYWNlWy9JQ0NCYXNlZCAxMiAwIFJdL0RlY29kZVBhcm1zPDwvQml0c1BlckNvbXBvbmVudCA4L0NvbG9ycyAzL0NvbHVtbnMgMTIwL1ByZWRpY3RvciAxNT4+L0ZpbHRlci9GbGF0ZURlY29kZS9IZWlnaHQgMzcvTGVuZ3RoIDg1MjkvU3VidHlwZS9JbWFnZS9UeXBlL1hPYmplY3QvV2lkdGggMTIwPj5zdHJlYW0KaAW1mgmQXdV5oM/d79t7lVqtRq0NISGEQEICxC4WQwADtuNgD14SD/ZM2Rl7MpUpe4JralY8TlKVuMax4yqPpxhPjAnGhmDACLMbBAIBQgKEBJJodWvp9fXb7n7n+89rYVw1lSpSM7duv77LOf/59+1co5PntlJ2qlSulKUyQ2X6kjtOQz+zujcmr4wkTW3LThPlMDhVqaFiS7UXZqs+RqZxaDPRtAGQJ4Zh5MrIlGkow1TcmIq1OMwUYMpweMscHjAgV1auVwUqp54Iao5GQ5kyLZMVlGkxPs00ziY4y4tTCOt1DXnFoaHpmbFSkSySFvgFZw5H5jACslRmGiDEEhY3SZaaZlNjCu2+BiaLxLlnMzSGDjn1WGB0mQcgoNr841SxMvNMWRAui/J84b9c8747W66YzwFeQp48lpM/y2LpXLDhMFViqvFU7Xrr2KHxqVVLhq7ZMFi2HQ0zDcPQ9zzAMtQURus5sohM1QcDBTy/+pnAlwMGyxU/nN1X+rn+gWpTo7rw/hQ8HmqZnRoJhA+shQhhrHDMRDyazacGduEkaZLkuW+7Ee9tM1Dq3mfeGj85fcbyZeeuPW1JSUGJrQEoo0u9XiA3RIP0UnBMsO4eIrLffZDmwgitx90XIlwZDEIyVHQtUzbCEb1GUkaKvpqZmSdZ5prHlPr39+769b4jdrFodepXnr7065+6dEgpF7GbaKvMluW7zEHGHKaGL9fCyQ9wQ14uHDkKiDaABBotbIc3moyu9nApFsFcYGlwQBNIWkZcM1FmyQheaPL0YPCAh1asXN5CVdc85L8+8jSLLHNGqT/+c/g8ljmlLIyv2XTGnV+6aqmrVJI4IG+aXYNeYG8OSgBAJaDXFCRkXRDhxcItsIVoXvC6i9KpS33HMyCgwAtvZSTm331kOGai1FOvvv343netZWfOVwbV8Mon3x57fO+UCEdzFmayvkxaAAFneRTlBmJgYQMhiJz/L4deSllMgMUytguB0XIBWpn86ZMHCw/zVKjr3nVfCedlBY0EyHDJpGRhTXFpoko8gncqQZtM/Mv9Lx174ciUM7yuU16WLVr7yMsHfvX0HsZYth1nsq6Btz0FQq7AR05Z6H1CQePUojJWXIrGrPtQTxdfzPJQaKK3TLUs0Y6FQ2SFNqkgVomrjs9OO8XSfBRbnh8kHccujc920EY3VRYy0dBlbS0fIdkAYqL1Thw5C3Hg9xZE3x3PYrh2eXNKK7tYypMuICBgd10bEyCCIP+wAy4MT6tzyiR0SggTAZh6dU29wBGOZPJInLSMYT3BRnTjWH2uxXUnN60KfPcLlYNHxmJ1NhBdW5sBcwQ/1uIfs/nl0QI+8karAuaqRSvSFvjdk7fdgxmcpw5LPFoOx08BM0TLAO66/MuWjSz287CCR2nNF5K4mMSLykXEYLriB8VTaVigjcYQOYUWcSY8XdDR366ukeM172AQPEs1F2QGB0+7kwQIJEk87CqWJuwUHaJV8kCPJnLCR6axrF5ZgDhd9eo+5VcsRp7LFW4aPNctH7Ha81UjKyRBIZ7309bo8CBAUQgZmOnoLNjqP1mNP9EAeaTPhf+8FznKa0I0kDXvuJc5PCUmo4LYu0haRkmolzu4nSXKtgQ5uOGq+OLTV24ZOfTS4SOu5fpRcOmygVvO7cebNZPQtz0YRvwQjmrnAR5YiWiyICKmARxuTrF8AUmt35ID6KQmtw0dHgQFACRoXDcPMTHiPLdguEZbYItgOYSOLiyCuX7ygR+wxmQFH+23hCTGGiFzZLZZVOqqVZXPXrzpH55907J8M29eeObSW67Y6kMwyxmGjViEg/ANNUVsHCBGCvXbxU7ZB68Ebw58GjmWFZHS6HvWckTzAENqgg+TgV1CNJsUTMQ3GyxmxjiBhipOK/X4/mB8srGst3rTes/TTkcDE8xdKFkQNQDgMmE00kC9XPwDKMO4hVVY6NRaUA8jOZGFiJXnYMLILkrQV5IrfP2CsLor8ivuQAaT/YkP7o7v/gKE0WDVpZ4LOXPx2aG2uZJ+xSotpR7bk+w98O5pS2of2baY8O6Jupn4LFBBM4SVH4DDFIIsPOwuQYoChguGokfiMnMUGGbhWBnHCPJMTJJbsmPmT7RVKxQtXlpVZaV6ARFnluCboHEt5TeU0VGCKLowqBdoaAy69EAhugBA7FL+pwlLiDabFgpiWhZOsK6XZiTIsbrGMspVhJ+PlN9WBpgcb6p6S2EknquWFGXYAFJMIqFMlBpoItEwzFzPhMfkrUEm2SeIscTRpjoxl7uuMVhWQ0WhgugkRYBemgEwEB2q6eftTIWWmte8gwro6gc3qgZTsEUGsKU7Hrq6MoPLUDE2qWDKkn7V5wiGsAs9106U5XS58T8f2T3WitxSMQ+bo1X3livOm1PquX0zz734Rj1MZsJmlkUDJf+8lafdsGXD6pqJG3ZyN87C1DLu3rHrnSlEUXXjzmq3/blPXPHOial7H96ROr2WU46CcNPaFbdsXYm/acdBxfFF1USPsUTBeDJWf3H3ky3T9z07q08u99QXb70us0zDKMPfN6eiHbte27n3QDPMm4ERpK7vuiODpXNXLL7uvLVnLXaRoigtWiahQ/meGcW56RjtXMXk+JF66Nl3nt79+tHpejtVURTZaXTWspHL1q+58cp1JU/d9+jenfv2uuVqGKleK/3qzVesHCojnu/86OG3ZpLUq+Vpuqxq/dlnL+2xLDTl8V37f7HzQGCWyFayYP5ffv5jy/rVniPJvQ899uqBo8dn6qZpFWxrw6plH7v6su2beqq2GE0W53ZXc18ZP/H2fJo4hSyOVg6Ui7Pqvh27Dh85WXX7W2TOvUPknMdnZg69dujxNw79yac/esmAMluqVPJQ3h1vTe2fV5avjMbkef35jWjlwMAbE8G7cTsiswxnD87ObN+6sp+kyPFE/kQEEmRco2XDyh2vnXhw71hYqPm24cyMf/XKTVhPYtgY2bd/9srjrx0IMsswS/CoWO1JnNJUo3FyvPHqoeP3PP3KRy8570s3rOsxROngeJ4EyMdz3Gaq2pZ6bF/wt/c+9PaJelKs2qUl7bDjVBzX9n49PvPk4V0/fP7g179647MT5i9fniz2poll1tL6Zz9WQGHbhnr6reMvz4aJ3zLDfFUp+1ouS8Cr/cfqD7x4MCwscm0jac9tmlD3PHf4Rz/9hVXqSYyiWe5Ns7yexNMH60/t/uGt12y74wsXQrHnGFJRJsoMbSeDDLOMYhzNwx88uGu62eoZHFbNrOT6M3lMveT2DBI+jjZm7rzr5wOfu2Vj/ylP17M4MjLbLxpGEldTTKFmqW3btu9/8XBYrPpW9eDJd3a+PX3NGoKkhL2ukxMfr9TJVP38mVfiyhKr2tdqTK8YGrn48q3EpfFY/YcfPPb8eMPuGw07UdHzSnmUpkmD3KZaNvJyGvc1lbrryT37Dxz+b1+7bin+IUl8RCRRPk8s45F90bd+dD+GkveO5G6xlcalsttpN8M49HoG8P7vNpv/5tsP91Z7SyMbUtOI8zim5vctnACn0ztoZmFolBzbNCtEFSEWyzGLtaTQF5cGW2FQ6av91V33z9dn7b5lcQ7xkWPaqWFnZpHsBQv/yaPPFzz7G7dtYa7piDsSL4coDMOJUqth2Cc7nbLvZnMnquF0rXOi0jxWDufSsBVmqdvTM5tmv3hqJ74PZ68demLkQZa1DCskt8ZScLLbzx2tWFzHkXJSv2/H83tRXjIGKRY5cc9gptTO/eGByY7hVUmK7Sg4/5wNtZIEjH/9vSefHO+4AyPNZlAtVhqT0+HsXDA53hfNqpn3ZuvTbcNKnEpWHn7pePTlO+/DPxqS4VJQoHfmWyfiO3/8D8fsvjotGd/rdFDMljF9tNY+2RtOWnPvJbNHSy6NmPTE3GwnzTthmsWpEcdmlhIn0AAiRBJ0HKJtFEgdDLFd15xneU6Ism23YLqlk/WO5ZaSoO2E871Zw20etzqzvmUEACz2OYPL7vv1c3veS/GQtmgApux6aQe3IxVxqrKyZ9ba8zddtuWSM/txp68cmX7guZfeC/PYcOaazb5qz8HpqYlYlQwSeJVGYU4TRtlJEtmWB+s5V9bU5tOHH3z9oFkdcAs9r7137PVj6sIl0oeikCF+I1Xczv2/2RWVe+C41a4POPE1F48iv+/97OU3ZzvO0Giz1SzaeTJ5+KLVI+dvPHPF0iIh7sDYxKOvvf3aoQmjsjSz3bg8+M78+N/89Kk//YPL7CR1bRfb//59O07ioXtrbh6mUauaNobLznXbLzpz5Uil5swHau87R+575MmpyDX9/jjTPg1vZTk6nRJfH+OFMlWw/dzOw7hD8IdPHKT2URTi/LDI6amZ3mLBjOa3nr70tlu2r1yipmfVXb94fseuNyt9yxrNNslgFOWvHzy0ftlqktoCAR5HjPL7mfJda649WzXbd3z8hq2LBDT6vmJt/6rhj/zJ3z6irB7fq+SqfWDy6ESgVldUo618x3dNZjsZGKdSMBBtieDXbV37m317AhGfN2k4D+3ed871661UFdENS/zGy+/O7h4/1qkMeypxWtOXnL1kRVHtnsx/vW+fXR6d7zS8PPajmdt/b/OnLh1FeMwD+GVLh2+9YPgnT7371z9/1upbHhiOU+x/cOe+Ky7cvG2ZxM9HD6sn3627lf5GMGNaRlqf+PRFZ/7bT14gThyT0jX3NctGb9j8uX/xrbsn4iAxwd4i+wJPmgN4CUFQkncz474bZHVCLkHX8cjscGJYZ61WtTtTV29ee+ftWyBZUrWSOucrF37tL1uP7Bkr9Q5RiwQN692jx0O1WjIhKVcs3LWdZEkadip5cv3WTZsWSQ5UU0FZReVMnVVV55y+Oup08swMwMsvB6lOB4t4h4gGEyxwHIemjOSPOn3eNGRsGOqNGvOp6UZuedfbh4/FKndxIEjEwNh/+dzuDN9LnDayohXfeOlm5j6z+43J2I5UZqnASerXXngWXCZr7FGqmuZlnFWSDSn1+ctW3nzpZhXWkVnkFmeM0hO79+NbYdNv9k9Mph792aJDHGicv24ZXCZvKwSK8o6LPiJnOz2zqu744q1Wa8pDTbIUAizHwchBXrs3K6NqN216kAW/gAlCIB4gzTLbcUlLeYXHWORn37x9i8ZNFeOkqvG88ZKNNnmGMhud1PTKU3MkijhnYTUhJAYERViWxoOmdfn6YVQS0GZm28quGOJ2B8qekYXI0zQ9K7JpDTEfxaSMN3BjibSe40xyrRaLGJJTX3v2WTaASSGd8lQzfWr3BBEM1pB3vzKldh2espRXMezW3OyGdWesHaBBol5587gqjURZ6lmdAa/96WvXFLAz+i1pLhVpnuI+MDLO225c30OlZcS01LPa4l1vv6cZpN46dMgoEI7oyMSFYOYPb7pKAkmcl5xcHGOAoqqKb3mJumK5unzNcNKcs8khHNxF28UD6qCX5E5qm5GROo4Xh4mEMW2mUt1kVGyO6fpBc+6WSzeSzvtUy/hxi8xCkp/TTxtw3UKbrrzbEwnnMAqZLq0s/Kb0gCzy17jq5L22UCIHfSpKbywOEA5Jc0SDhsVMaelKRSdCAlBO+iLVIkLjIe4DdScfumDN8PKBatZp2KYdW/6O3W+Qk8xnonf3PPHCTF5wC2UriXqt/KbLN4LK7ExSb8WJ4TqeH7Ua60eHlxiqzAvWMI0kwcrzLOqgBJRwQ45av3xxUJ+2bZsU8GQ9mKZ2An6jSaJumU4WRssHetYuESILjvgAlaYO2kKmlUodAVM2rhk10yhN2GeQx1ae6dqKKeQGcgoTREByAIBTfrjPMs/Kq26OFNkDkUE6kYdfRTvzbFQehuo/rRbS6hQoYhrkJB1DtVwnQgocLMLiyCFhXwVGF9H4wMlD4pM8p+uvrQnVYW2pdqXSW+C+2F2uhirqnOX9hXAK/bfL1ddPNp4Zkzpi37Hg5XcmsurAfBJ35qe3jPRtGRDeJWknjucdV0VhYht+b6EHAWv+aDSkE5fLvkIasdnB+F43L+VxUW9EkPE0O5oDUewQ4qUAN6quj10jmBSfCtK21VZpSLfYydu0nnFH/b1xEBQdF2xRFzOX9gvj3axjyS6P1iUkoCnVXDdw53Ye2VloG3mhVMGmpYGB5gmjpSHk22bBSoHgpm2isZPHCA8tFEqky4JXpG+IFAUj0WgtPUE90c1fF2wyZA6jdP4jspFDenKsQKDJMke3AOCHg+HSLsF7bF03aHfyuNPJVODV7v/NPtrqv9q9fy7DNl3cddFMP3H5Frwb0sUsaNlkVA+WlyWmqzBl6dQR9CHSEJ9hEPW5ogRAzC5dH2ww6FBIsvXDILD1HA/3ZhhWnORhlBMewdPGrMkcYLVomXRRbNvkVb0TOY6bAVMrXJcmFhUrllYJDR/p+QBBP4RfQq68BT+Vue5Cvio5ABAEAdMUZLByst4YE+ERWNHlEa9kpq6Vlcy8YqRFK/OFPB7SrNILdH9so6SoBHSHgK09stZu3COzAx59URhEQwB1oI2AAG1HIJ/Tr9YtRu1C0qfcK+0/MXffW+qZQ1OJW4zDyM+ydSOLz1/lwWhXZX2lcsHx6R2LyhnexMRxIETkaySFejMK2Kny0szGy4P9san5TLIdobHsO/1lGTYwMEioYLhX7DlyojExLYwOw6Z0NmSvKPVgeCotdUT18hvvuA4qCMU5IZoxWochkoLbT4xCbLgZEqYTLe13SEN9pVODSDAM10hhkTAQbMQB6B6eJFoW/oEQShZGt4KFRAM5U3G8DtzKTZvGY1d6kKINCpBdX8Vy2JZQJVD1RJkrvMdMTdIJxoti8l6IJwPJMPCrtmyw4qBU8NM0jUz3p0+8OIaNk/EbqRvUr96yAW/uYH9JOlBQI339ZtDJ4phSc9/YyVfGFeUqB4jKWlx5LpqITe0eV68fPm56Rde1405jUX+1p6w8Q50+Mpi1ZvI0IqefTewHn93P+Mwro7Q4OZSdfVA4QsK+f069PT5jOIUwJpnWdilLdcmDj7gBCVw6xUOjIRQc4LJwRXIlrEZ0XcZLhOvqo16FKdLNEcMyxUeIJMTm8YBIKkssUoeYRhiMFkYBULMMP8BdxrYzw8lEDDuBraysh+knJoWVaSEnyTpAT8KN7GtEKMK2dctWLO5LG7N2GsZJMlYPQr+Kg/CS5oah8tUbK2gEm+sIiIvLNp7ltuslJ6NtMV1Z/P3HXh2nX4LtADZLwjxvgpSt8D/fu/dXHb8vNtHR0Epa5529VnAmAp8xOOI1zajRpIU0sOSnT+z62e5j83RiukRBv2mS3Y+F6i9/9MSh2SDGo7pFqdUkTAq/hGV55mRioKwKD+AxjhDFxC4zcgYGgw+/pMULTBB+Y+/aEwBBhwgRAyzHKQvXhInCGmCz4Yan135DM1rLVquSrC0uDkFJpStrCGQ9YOGH6rJIaY2uyUENJw6RrCXDLVyy/vS8fmKgin4rr1TFe2KueXP68o0ryWoBblt+Vz2u3NwzwqjOrO0a5J87Dx/9rz9+/s2OmlJqzrTnDWPeULvn1Ne/+8s9R2dUEYHFTtwcrZjXblsKPoC6YNTdvHLAihqea9fpgNQW/5f/8cB/vmfnnin1Xq4mDeNAoB7YE/3xnQ/sPnKsMLAYzUL+aJUOZeKLgbPAciFZNId/eC9RLBygdtdoXFdhZbCmOE8pEzQjdcSSJgPBFbVgBATSUWJ+mouCejhaes20GbWRBpIkCdQ0SR1iR5S5yg5Sw7XYC8ZyhCrWSJPQtQo8SUiZE5EeB7ZvykYz+ZiNOV+7eemjTyVTQTPPC1aUeAgtaI0MVq66gGJQ6Z6eEMpckrbbrr/oP93zsF8pJuyUlrxHDhzb+ec/P/v00eFFfa5vHxw79so7J2Y7uVUbIu6XrTSbmfijW69dZUvpz8Hv7X9w88vf+l8zQdPxy5HthOWVP35+4p4X/m7JQKWE/Jrh2HRIq9LpG+jEfMHBupKbUUQQfBeIcrx2lkEUZuRAqhzdhEq8M/0OBlKgdZ2qTo1En2UXhdAkkhEPTWmDOQR0YGF0QJ7OSzLoJKFPVrNtz3N4Iz0j8WmyMCKW5eXI6abgE+J2hxSLA6o8Urqw3d2honLlIY1mepXkKnyIQgbAo1FfbTtr1d/vmbAqFYf2QdDI8M7bL6RUw48TSpklm1Q6t73x3MV7xs568KU3in4lNUpmz+KTnejRNyeMvYex4NRwYrfXrZZt7K85pVoTH9t29u9fsByBIXY0A5TO6lN3fOH3v/ndv5tPeo3yYGIW7UotdeL99dk07hQKRdXXC/vmZo5WyjWCk3TTooivUNDfJDfFUeR5sUD9GHlkecQMmkya20I+nEEuWdrpdBwUkGVFu2ESRYt4Trwg2VfJd9qNuapt9vb2oMpmQXnk7ZIYGqFPqm1mjSASuuWQYMxUoDHf9D06w/DbM8yq55copXRH0c6zkp2XC7SXYgIIU9BNvTmEH3fE9ep6advGM6UcYEslCh0jHak42zctI3KasjUiiKIQMJ20Ds/x7z563hcu21JutVUzTALywKJX7vFqg05tuFhbUvOKdrsdz84Ww+Znrtj8jU9uq2iRk2GzFglsn8puOcP/m3/1iTWFljl9pAp1UZh2Agqk3p7FlrKjuel4auzzN1y+dfVQ2pxxqIAt6CAK8cWSGFbUbllse+ZJwchd05CdT1SBIBwn7FV6lknnlmGuI/pLf5X9u4CCX9cWwvuoXTQSdMpM2q3mHHMpa+kwKbcxZTdTp1C2282Sy86DYAwgyVrEAyEtQ9UnvcZJBJwHgRM0zHbkK5eSvhbVrRNTdrnXaswVSj0kWxCMC+/mCawhrgmvyycJFt4wxgnlzebVF6wfZStd4rXkmtgO6ScLiVNiwUz90ZXrVo2e8fePv7Dn0Dh7SxaccN12J6KdUraNQtBev3rlrddde/lKBZcNCmubbo30IvBrYafuOaVLV1e/983b7n7kzRdfPnxitjUXNWzfYzdiUbU8PNp/80e3n79K/ccfvF0ruPNBQBWOweOaQAJdqeXtatCKo1azMVcZqWC+luz6k6m1qvF0Z0q0oxTNZI1pW0m5wxSJWgRaaAiV25lJZuo+ChE1jBDQEuiNAVd9+dpL5zB1kt8oXFbwqjDGklqHaQI+z/oM64b1o6NV9uy8nA92os7aQT44yGsq/8JlGz9tF9E84t6Ao3qFfRKfC/RbqQ8tl1KlaalHX9hD/wGv43q+b6XXbT2D/o4rUsQCJBcSB2WQvUh5UtWbJtevNrevvvCFA+Grbx0YO3ZirtEsLqr0VQpDFe/Cc87cMFpEkRAVSoW3BI6oBVymK1KoEWgQ2ApL/en165pXrxs7ls4n7enpmdP6lwz2u5UeVlPkIc3JyYAGZLXW6rR7+iu9RTQs71XGV265vBkVcstNs7DqpIuonTQnrjl3Vb9vWcUaqXDWmTt/9SIPdxwHtCB8tIMuoOEtqalvfvGTQGUnlwJyuCy1vpFEOD35PAenDLKcpK0QjtsUtGGEMK1F9hpaDmM4GAMNnPTF0T3CI0GTURzQbLLTQSJEYkSfhiRUmXXDeHpSfeO7P+mUBg2vFM3O3Lz1jDuuW92vUlvKUREq+hAlqc1GD8qr7RT9YlsHZ4UX6ogMxFMxFmvjhOwu5agEBoHKYMA0HWLTfHe21aRrVijQN2h1OkMDhT4+cujum+i5yJIu0Sz73K9Of/uH93SKo4Hyotb8Teev+uvPnF1OOw4dJ1RE3K4czMWnEdzoG3ELWP6DDHwgHlArCl7dX8ma7dSk+7hgx8zlZBoKLR/H2MRRSWDwxVmYGXglSGKEAIMIug8U5/qONp2tqxpcPlzAoRXY4su4I5EmpzMdiwn8ByDiXVCcnz31Wt3tM3BNadxvZzdevBqR2IKtNCWkdcWKuk+iVRMPQNJFOZ7FWV4w2PiWCKPJFAJAlcWpxGXnE79vSoXEXmFGrWl637n/2cf2HHK8WoAFOc5Qxf/Kx6+9aI3UyiyFQiBcdPnhvY3/fs+j7eJwbPrMt+LOljUrINm1CInyaR7BWbAjC8aFg59OSBjA5xgxG/RYES0JcSH4C1RKnLUsobWEPqT4Q/19DNB4TnCS7A2/Sc4bSGWAizvFZaZpVwssJjIBYGQRkEnQAz6YMEBUW+5F+8GDU4pZ2q90FLVgD55Mnn/zXbP3tASnMzd17Vkrz6iIVjJb0AFLEIGPbHfKd0SA0d1b3VJA5JDFvolgwjBZVHbRxQS04SFrnoAFGRE5ACtu/8hHHn7jf3fMSugX+FJtcmbuz75/99nLB04b6l08UGNv6vjM/N6jk29N1DtOX2aV8zgpZsHKxaUrNlXACtFxgAN1Of90mbxAqZCcEkVyeAS7BB3J/IRdXAvemiHoCv5H+CJsgxn0aGkKopO6zQdM7YhEid8/tJPmTvJpuCxQwYQ7RncNfGG0PNIiFwFLAqEzTdaW/apnX2tiFLCh2S5m0ccv2ciWAl8d6BkaqhAkwGVvlbJVL6TNXRbRnwFrddZrgQn/mcEBryNFtwEzCz0SWP0t86Yl6p//3hXfufshb2hlhNMv9M6p0pNjc9ahgyoJ6GZHmRnZJbe6gl0K+F7mY436sS/f/oeDjohfGkbSWJciRePVRUzjxI9wVhyIxmXhV9ghE/XRZQvDmCyZLWMM1xAzf/84xdX3H/z2Au7pSfKku8TvXmn2/na4vmIpGHFgKt/1+r6+/tFWMF/Lw/PWLF+3SL4At7oGIGLRbBMNEO+kD3moXwiiC8cHluWye8d4qTbklwpMnAq70IOW+c8uH46iq+566Gm+Eij3LurEuVPpT+Mi5FMJs2vl2F4Uxi6t6Prxipd86TM3XLzW7UeLpTqghnPo6Wi/Jov/duXfReX9592L928/MEqedZ9/kNELA/6f/KNk6hrgjsceCttTpk2XOzPazRtu/izBlgIMlyHWJp0brQN4BnggyvohDkZjt1Ltk3xJ8c9HVxH+Ysgp3H718k2rhr5/z0NvThzwSj3T86FVKKYWhUlCfYIH68F+w/p5a5Z++VM3bhgypH0IhLgtAUnaloKJKOWHQOcfG7rAjn9syD/1HYzuGMYz74zP5F5kV0gXq1ly4Sq/lCrip+R+p6xLdwSgSLuPD0mZxBzNkyxq8YGSMEY8thcZDu1V0qSX31M73zg4Nts4cnK6Q//UcPiSYnSwtqTiXrRh1TkjiEj5aeZTY4nX7fKWyttkV1w2VBc8wj+VC6fm/f9ldGzIZ3PdpJAVqSyIVtLMl9KR7yjxLZJG4lzhELkPY2DUh2O1MIeAwzQgCEBAcSbw1DKBTnjEHWiPIF/G4F8o1nE35LaSIMqXqWSnCzzucjpnB1aMiwZ7Yknv4sNhdIq3v/P//wBkfQfkCmVuZHN0cmVhbQplbmRvYmoKMTAgMCBvYmoKPDwvQml0c1BlckNvbXBvbmVudCA4L0NvbG9yU3BhY2UvRGV2aWNlUkdCL0ZpbHRlci9EQ1REZWNvZGUvSGVpZ2h0IDIwMC9MZW5ndGggNTcwOC9TdWJ0eXBlL0ltYWdlL1R5cGUvWE9iamVjdC9XaWR0aCAxNjA+PnN0cmVhbQr/2P/gABBKRklGAAECAAABAAEAAP/bAEMACAYGBwYFCAcHBwkJCAoMFA0MCwsMGRITDxQdGh8eHRocHCAkLicgIiwjHBwoNyksMDE0NDQfJzk9ODI8LjM0Mv/bAEMBCQkJDAsMGA0NGDIhHCEyMjIyMjIyMjIyMjIyMjIyMjIyMjIyMjIyMjIyMjIyMjIyMjIyMjIyMjIyMjIyMjIyMv/AABEIAMgAoAMBIgACEQEDEQH/xAAfAAABBQEBAQEBAQAAAAAAAAAAAQIDBAUGBwgJCgv/xAC1EAACAQMDAgQDBQUEBAAAAX0BAgMABBEFEiExQQYTUWEHInEUMoGRoQgjQrHBFVLR8CQzYnKCCQoWFxgZGiUmJygpKjQ1Njc4OTpDREVGR0hJSlNUVVZXWFlaY2RlZmdoaWpzdHV2d3h5eoOEhYaHiImKkpOUlZaXmJmaoqOkpaanqKmqsrO0tba3uLm6wsPExcbHyMnK0tPU1dbX2Nna4eLj5OXm5+jp6vHy8/T19vf4+fr/xAAfAQADAQEBAQEBAQEBAAAAAAAAAQIDBAUGBwgJCgv/xAC1EQACAQIEBAMEBwUEBAABAncAAQIDEQQFITEGEkFRB2FxEyIygQgUQpGhscEJIzNS8BVictEKFiQ04SXxFxgZGiYnKCkqNTY3ODk6Q0RFRkdISUpTVFVWV1hZWmNkZWZnaGlqc3R1dnd4eXqCg4SFhoeIiYqSk5SVlpeYmZqio6Slpqeoqaqys7S1tre4ubrCw8TFxsfIycrS09TV1tfY2dri4+Tl5ufo6ery8/T19vf4+fr/2gAMAwEAAhEDEQA/AObApQKXFOrIkMUYpQOaXvikMTHpTgp704D8KcBQA0D0p+2nKuPrUgTgUARhKcE5qULzTlTJosBEE9akWPFSbCPen7e1FhkYTNKE5xUgGTTxHzmnYRCEFPCc9Kk2c08J7UWAhEdNUOYwR171bEXeiKLCD2yKpICJACoIoZc8d6srDgkj8RSmPn8KLCOXwaeopcZNSKvNADAlKE9qnC4GcUFCaVhkaoCaeEqRU9KlEfFFgIlQU8LUioPzp4SiwDFWpBH+VPCDFOC47/hTsAzZTjHx0qVU3deKlEfpQgIEi4qTy8kVMseDmpBFzkCqsBXEODUgjwRVgRZ5p/2ck9KLCIBFz0pywELirMcR6HqKnEGO1FgKAtycfORjrS+RnPBDds1oLBuyGHHalMI3nHXvTsI4VUBNSKlOEe3p0p6qSelSMRUyKds7VLtwKApzQA1Y+1ShBinqvFSKtAEYj9KcI+KpvqBeeRYJIhBA4jmmbkbuPkUZ+8M8k8Dpg844vxB49kjla00qXzIwu1rhhg7uc7cY6cAH2PXg0WGdhqWvaXpMbNd3G1hkKgUkuR1C9jzwecA8EiuWm+JsCTMINKeSMH5WecKSPcbTj864C9vp7+4Nxcyb5CAM4AAAGAABwBgDgVXB59KdgPTbT4mQyTASaVMI+rFJgxUfQgD9RXTaT4s0fVdqxyvDKTjyp02t7c9OfrXh5YEADrnt3qVSV27JCJQ2MelOyCx9GogIBA61MI/avHPDnjm60F1iuppb21ZeUJz5R/2Sfp0zjn8vWtC1/T9et/Ns5VYZwQDyOvUdQeCeRyBxmiwi9HDmpliHerCxbTmpBH3PFAFYQjcDjmpvJyelTbBkU8DFAiERjpjim7cZ/rVgioiuCaoRwYX2pQmDU6KOlSLGByaixREqgjpT1iHNSbMDipUQnrQBEqYokZUtnlMiRgLkPIQFHoSTVgRgHrxXnHjzxDcWl8llblVHlZO4BiM5BypyBkfjg9skEA5LWNdk1CCG1iQQwRgF1XrJJtAZ2PcnH+cmsWlJLEk8k9acqE0XKSGgetFSCImnC3Y9qXMiuVkSjJpTyemPYVZSzY+1Trpztjac5o50PkkZ49CSKvWU8tsRcWszw3MTBkdCVP5jv/8AXqK7sprZwWXAPektNq3C71LK3BGcVSZLVtz37wB4q/4SnTHW4Y/brcjzhtABBJwRjr054GK7DbjivCPA+q22geKILgPsSbMF0rYOxCR827GODgnHUCvfcAD1ptEMi9KDnNScYpRgCgBgHFMI5NTEcYA5qPBB5oEcSi+wqVVpwTipVAIqRjQg4qVARxilA9KeF54pgUtWuBp+kXd4VDCCJn2k43YGcfjXz3eXc1/dy3Vw5eWVizEnPNe++KLGTUPDOo20W7zGhYoF6sV5A/HGPxr59IAOKBokjTcKspHk4AqOFTsz2qdWAXFYSep000rEiQgdQCamSLoagDSE9sVdhHAJ6nmoZvFJhFBuODnitnTrAvKoAyCwHXpWeX/u+tb+kTbAOAWJFC31LSOwHgCPVLIxLiRiM8dvpXnXiXwsNCdo2Rg2cYY8euf0r1fQNcEcscbZVDwSOcVV+KFhBfWFpdfKXBO1gfpwfzrpVrXRjUg2eNWtr5reZvCPGV4PBYEkE59jivpHQL86roFlekbWliBcDPyt0Yc+hBr5slZothizt5JOehPavcfhdqX27woLZh89pK0eSeWU/Nn82YfhVHGzsiCAMUoGTUhptBIvHpUTAhuKeaY5piOTCGpVTvQvWpVGakYzZjmpFHNPxkYNAGO1ACSFUheRsjaCcjrXzVfQJbahPDE4kjjkZUcHO5c8H8q+kb+1e80+e3SRo2kQgMpwQfr2r561jSZtF1hrOYqXRh09+eR+NA0Q4KAL6CnooIyxAA9TUU3UsT1Oark5GSSKy5bm/NY2oEifpKmfc1bEPvx7Vz0LkEdcetbVrOWjC9aiSsbQlzFoIq5LNgfWtOwvrVBsMoBXnnvVb+zHktfOY7UI71zt00e5ljLFR1bNKNmXNygek2Wp2ogUfa1EpJGD684wR7Y/Wuh1KY3/AIbjhnRl2rjnoe2Qf89q8ZsI5ZTuSZUUHG+QlVB9Nx4H412uiaje+U9lKXyOCvr/AIitG0lYUJuTOYnjazvnjdQQrcg9CP8ACvUvhu+qFTEtrZwWKqGkkTl5Tzjv/Mdj17ef+JYgdSRUQl2QbgByeSBXsfgbQ4tL0KGRWYyToGkDY4Pp+HStIO8Vc5KqtJpHSgU9F+XnmjoT9KRSQeasxYjDHSonIweDmpetMYDnjNAHMgc5qVRTACcCpgtIY7HGcUBeRTkxginBc0gAV89eJlLeL9VBySt7N19AxxX0Njb1FeJ+P7VrfxzcOfu3ESyAD02bf5rSlsXDc5JwJRgjpTypmiSNgF8sEKy9cH1qQRjPA4p+zjiseax08l0VNjKgiAGAc5HXNWbXKuozzSshWPOMCnWiE3CYGRnmk3cuELSPSrbRJtS8KQeVzjduA69ua4G80y505prSSIlJD94r+WK9c8NTHT9GiluUZLdz+7codp7HB71leJ7iB58wojJ1K9etCSSujoqU+Y4jwu39nSzrJGhSddsjspLBf9nsD7kH6V1WmwWKXyGxtWhiBUKgYt0GO/c+3rWTDBG77oxgZ4HpXY+E5YrK+3vAruBhdw4BpppvUhQcdjJ8RaTE17LcvKbd1t5GXAzuZRkL7Z559q7r4dyNJ4C0tmznY459BIwH6YrjfGuZrkx7tgYPIxxnYirzwPY16HoEUdpoFhbxDCpboMe+BmtIas58TZK3U1QM0jdaA1NZsDpWpxB0780h6ZpjSAUgb3p6CMNVzQOmDmlQ0c4qRksY+Tnr7VIowKYnTnipOKBiHBHSvMfiVoN7NqlnqdtDLLCE2TMi7ggBJycdBgnnp+leoY45qvfWn23T7m0LbRPE8WfTcCP60NDTsfOpwrbT2NPVhj2psrfv2yD16EVHI2BxXM1qdsZaEsrIcA5O3nA7mrFnLtYEYXPHB/nWaC57YzVuzXJIJ5x370rFxlrodpa+KNSsk+y2du0tsRiVd2VbPX5cfrVvU5hqPlPFbLbsqcqucdenJNc5oM7iR43cRoem84Ga6OUSWyq0gGCM5B4NEY6HRz3WoyztOOB79P0rYtRJbTBQxwOR6fj+VTaV5Utv5qAAhhkVLcIzy7UPBP6VEr3saRta5EdKu9c1mGdFcxwH95hhtZWBBBBOegz+FehRxLDEsaDCoAoFZHhxfLspTswDLhT6gAf1zWtu7ZrqpxtE8rEz5qjRMDnikkbCHBqEPg5z0ps8w29a0OYryy4PWpYpCUyax7q7CSdaqvriwxldwFIZfGQacTg1EWxS7jjrQBKJMDgVKDk5qAHAzmnrJkUgJw3FL/D0qNW4pwYEdaAPEfHOkHSfFFzhT5NyTPEfZjyOOmDkY9Metc1KDgEele2+OdHg1bw1cSyttnso3uInABPC5K/QgfmAecYrxFn4HNZyVnc6KcrqxATLnAP/ANap4YJHwS2BmkGM5qZV44qGzeKNTTLQ3EqLJPtTPzfSugvdGAs/JtNUmcE5I2DH09q5jT4pTOu0Mea7e1hkWJSynkdaV/I6YpSQ3wsbiGNrediTnFdDNOBKFTk5AAHUmsu0X7M5diAe9aWkMtxqBuHAKouUHvnrUpXY5yVOB1dkv2Syihz8yj5ucjJ5P65qYzjHWs17onvVKW7I/irrWh47d3c2Jr1UHBrLvNVCofmxWXd3+1TzXN6jqTsCFPNJyCxe1TXcZCHLVzcuozNJvdyfaoJHLEljk1WlY4NZttjsezh8tjp9adjcDUDbto4JqZTkYGK1JDOFxSqSetG3tQE4wKQD1bHSnhuuTwKq3N1b2Vu89zMkUKDLO7YA/wA9K868WeOFvLGey06cwo5wsgyGlH9FP5kY7EggGZ8QPGr6rO2lWRkis4ZAZD0MxHTP+znkD2BPYDiVcg5FQzmQzt5rZkzljnOTT1qZGsC2jBhwc+1WYnGMEVl8hvSpkeTs3NZuJsps6PS7gJdJ0AUgnNdi+sRJD8zKOODXm9qlxJIAr4J9q63SbGFGWSYmWRecscgVJtGbtoi/9pluGBwyxnoT1b/61aK6oukQpdPC00SuBIiHazKeu09M/Wqk8geTgdOwqp4hkVPDVxu4GUz/AN9rVQ3Cfwu52CXsdzY297bs7WtypeF3TYWAOCCM8EHgjJ9iRgmjc3gGRnmoPBmqLdWwsJLkReH/ACt0/mqpEcnAWRGP3W5weefTJJqHXrNtNvPLiuYru2lBe3uoWykyeo9x0I7e4IJ2mrK6OApXd2zcA81lSZY5NWWBP1qJl4rG4ynIBVOZsA1emXAzis6fvTQHtn8NKuAetV7q/tbCNXurmKENkL5jAbiBkgep9hXJ6r8QrKzl8m0hd5D0llUqnsdv3j6YO361sZq52xPPSsjV/FGnaQBE86SXLbgIUcZGP7x/hGcdefQHBrzDUfEuuau8tu0xmSQELEg2IAexA4IH+1k1R8qRUMJtYQkYHnSuQc9go/lSKsa+oaxfeJLje7+YkYPlpEm1FHdiW/8A1n6DjCLRaheH7dCYBF3Axx2znn+dbEun3NzBHFp9+HvXALxoMYHZAB0+mPT1qfUYbi0ig0G/tlSa5A3ygZ+fOB0/zgZ6GrUdAucHKCLh1PODinqKj6ytgEDPGakFZSNIj8ZpygikHSnD1FZ3NS7ZO6yAgc11lnIyQhnPbNcjaldwzmthbsiPYOKg0i7G/BMXcms/xXdBdEeLIzIygD6HP9KbbXJjG5iMAdK5zXr1r24SMHIB4HvVw3FOfunQQ315ZyfYbSPbp0ybWYjG9D1Bx9eR3H1r0DQtS082reFZ9HF7YOFkgvY+sTno24DI67SScZ4Pyk586t7+bxFax6dDiBYAAZBx+P8A9auj8L6mLMSeFLafZfTSYtpZMFQxyME9AOfQ8Z6nFdcHfRnGzp9S8ATabBaia7jjmnyF3uNrtzjBHTgZI5xyOcZPJalZy6ZeG1uCm/8AhKtkMPUV3XhHU1QXPh/xlepPfIzLDHc/vUcDnaR14IyGGOnX1sr4a1S013/hINIntbaJYS01tPM0yRFvvEjGTH9MdOi0pUk9hcx5VcfcrKl616I2jaa1vLdaoHlluM7U0qdJFDnn5ODk8gkZbAPGTWLN4C1KbSH1ezmtp7HBaNvM2s68Y4I+U4P8RH45FQ6MkPmOOnmluJljvVubi6k/jVtzNjucf409wbF2glSSTcvyxBAcH1J78U99cmfTh58zSqo+XaMMOf73WoINTCRM9hJKkjfea4G8j8f/AK1GgDE+y2xCQXM4vH++3938q0NOGnWrC9ninubO3P8ArG6SyH09fT8z2rMl1UwKY43jlkc/vJQrAn2GQK29N8TPIILJ7U/Zxw6BRjHds5547EfjTja+oM6bwz4bsNTjuPE9vePA1uyhUIPLk4yB14yMYyO3GKiure6XQNWl1/P29w0lnIWJ4yckE9sA4OegI4xXZPonhzxSunaV4aka3KRi7ZAduVVipBxypyCCRjllPPfJ8W6kviGxnhaIK+hMLS5KcYMhCk7enARk9ju7GulJWIZ4pMkRfzIA3lNgfMOjdx/WhRXW3GhDVZJYdG2tb20RkZEG4uygnC9yeDx9faufFljoa4qiszop6oq4pQCOoq59jOOKtw2iuuGHNZGqRQiYCrML+ZKBnpUVzD5LEUtoduWzyaQyzdTlAVBrMgDCc3LRl44+oAzyf8Ov4VZuDhGY1r6Pol3a6d/bL7XtyNwjPP4kf4VrBXZlUdiC6Dpcp/Za7bcnEj/3j3z9a3NTax0+1h1LT2Ml9Eo+YHnjHJx0Ix/nFUba9l123lgjgWFXcqcEA/gfUdaTTFg8P3b217LukPMfHf1A961WhkdLpFvY6ppf9u37v/atuwdYSTucA545ySO3/wBfNdZp/j3SfE1pbx3em20Nxp4JieW5+zNj1RxgDI/h5BxgjBBrysnURdzGFzDbSKxjAbaAw52598f5xVPwxbzS65JDJN5I2tuPXof/AK9aqWxLR7Pd+ILG3hkvdMvNMs4HI8yfTXjadj38yHBVsknPB+vpmQXCeICuowSS3tlZuv2zUriMI+emVi3EZ9M4x0AxXlRia1vLyF74mBCfujBYA4rslK2HwvtP7CvXs7q5uCblC5DOuMZ4PTII9Oe3NNTbYrHMWd7C2iSQWlorSBWC/Lye446nrUWkjULi3lUQKp3d1x1+poorIo5y4SUSlZgFcener+lW105aSOZVUDHJ9f8A9VFFSxnovg3U7zTPC1zqOmxtNrVvOkSnbkeTIzY79mLg/wC+nYVf8aT6ZawW2j2Tq+oajEJrryxjY3RQD2bAx24XP8VFFdCb5EzN/EcdZW9x4c1CztoGEgnnDSsOm0ev9PXFQ6vYJpmtXljG26GKU+Sc5JjPKE+5UqfaiisKq902pP3iGNR04qZlEa5FFFcp0mZdrvbNQouKKKBEUwaeVIUI3OwUZOOtdHdDUbZ7XS7BvOtgcuO34jsBz0oorekYVTQ8WGzNjajSWaK6VcOoOGHI5OO5PORWC0cE8YOpMf7QjXfsYcuB1+p9v8gorSe5mti/ZXE+s24Rx5cURHlvn75AypB9Rjn/ACKxre1S31mVLm5CsQRww+veiiqtaNxJ3ZqaPp621zf3sED3KRKwEm0lQxGQOB16Vf8AFlzpOqnTo8PZ3AixJEDwGJx3HXiiimtIh1P/2QplbmRzdHJlYW0KZW5kb2JqCjExIDAgb2JqCjw8L0JpdHNQZXJDb21wb25lbnQgOC9Db2xvclNwYWNlWy9JQ0NCYXNlZCAxMyAwIFJdL0RlY29kZVBhcm1zPDwvQml0c1BlckNvbXBvbmVudCA4L0NvbG9ycyAzL0NvbHVtbnMgMTIwL1ByZWRpY3RvciAxNT4+L0ZpbHRlci9GbGF0ZURlY29kZS9IZWlnaHQgMzcvTGVuZ3RoIDg1MjkvU3VidHlwZS9JbWFnZS9UeXBlL1hPYmplY3QvV2lkdGggMTIwPj5zdHJlYW0KaAW1mgmQXdV5oM/d79t7lVqtRq0NISGEQEICxC4WQwADtuNgD14SD/ZM2Rl7MpUpe4JralY8TlKVuMax4yqPpxhPjAnGhmDACLMbBAIBQgKEBJJodWvp9fXb7n7n+89rYVw1lSpSM7duv77LOf/59+1co5PntlJ2qlSulKUyQ2X6kjtOQz+zujcmr4wkTW3LThPlMDhVqaFiS7UXZqs+RqZxaDPRtAGQJ4Zh5MrIlGkow1TcmIq1OMwUYMpweMscHjAgV1auVwUqp54Iao5GQ5kyLZMVlGkxPs00ziY4y4tTCOt1DXnFoaHpmbFSkSySFvgFZw5H5jACslRmGiDEEhY3SZaaZlNjCu2+BiaLxLlnMzSGDjn1WGB0mQcgoNr841SxMvNMWRAui/J84b9c8747W66YzwFeQp48lpM/y2LpXLDhMFViqvFU7Xrr2KHxqVVLhq7ZMFi2HQ0zDcPQ9zzAMtQURus5sohM1QcDBTy/+pnAlwMGyxU/nN1X+rn+gWpTo7rw/hQ8HmqZnRoJhA+shQhhrHDMRDyazacGduEkaZLkuW+7Ee9tM1Dq3mfeGj85fcbyZeeuPW1JSUGJrQEoo0u9XiA3RIP0UnBMsO4eIrLffZDmwgitx90XIlwZDEIyVHQtUzbCEb1GUkaKvpqZmSdZ5prHlPr39+769b4jdrFodepXnr7065+6dEgpF7GbaKvMluW7zEHGHKaGL9fCyQ9wQ14uHDkKiDaABBotbIc3moyu9nApFsFcYGlwQBNIWkZcM1FmyQheaPL0YPCAh1asXN5CVdc85L8+8jSLLHNGqT/+c/g8ljmlLIyv2XTGnV+6aqmrVJI4IG+aXYNeYG8OSgBAJaDXFCRkXRDhxcItsIVoXvC6i9KpS33HMyCgwAtvZSTm331kOGai1FOvvv343netZWfOVwbV8Mon3x57fO+UCEdzFmayvkxaAAFneRTlBmJgYQMhiJz/L4deSllMgMUytguB0XIBWpn86ZMHCw/zVKjr3nVfCedlBY0EyHDJpGRhTXFpoko8gncqQZtM/Mv9Lx174ciUM7yuU16WLVr7yMsHfvX0HsZYth1nsq6Btz0FQq7AR05Z6H1CQePUojJWXIrGrPtQTxdfzPJQaKK3TLUs0Y6FQ2SFNqkgVomrjs9OO8XSfBRbnh8kHccujc920EY3VRYy0dBlbS0fIdkAYqL1Thw5C3Hg9xZE3x3PYrh2eXNKK7tYypMuICBgd10bEyCCIP+wAy4MT6tzyiR0SggTAZh6dU29wBGOZPJInLSMYT3BRnTjWH2uxXUnN60KfPcLlYNHxmJ1NhBdW5sBcwQ/1uIfs/nl0QI+8karAuaqRSvSFvjdk7fdgxmcpw5LPFoOx08BM0TLAO66/MuWjSz287CCR2nNF5K4mMSLykXEYLriB8VTaVigjcYQOYUWcSY8XdDR366ukeM172AQPEs1F2QGB0+7kwQIJEk87CqWJuwUHaJV8kCPJnLCR6axrF5ZgDhd9eo+5VcsRp7LFW4aPNctH7Ha81UjKyRBIZ7309bo8CBAUQgZmOnoLNjqP1mNP9EAeaTPhf+8FznKa0I0kDXvuJc5PCUmo4LYu0haRkmolzu4nSXKtgQ5uOGq+OLTV24ZOfTS4SOu5fpRcOmygVvO7cebNZPQtz0YRvwQjmrnAR5YiWiyICKmARxuTrF8AUmt35ID6KQmtw0dHgQFACRoXDcPMTHiPLdguEZbYItgOYSOLiyCuX7ygR+wxmQFH+23hCTGGiFzZLZZVOqqVZXPXrzpH55907J8M29eeObSW67Y6kMwyxmGjViEg/ANNUVsHCBGCvXbxU7ZB68Ebw58GjmWFZHS6HvWckTzAENqgg+TgV1CNJsUTMQ3GyxmxjiBhipOK/X4/mB8srGst3rTes/TTkcDE8xdKFkQNQDgMmE00kC9XPwDKMO4hVVY6NRaUA8jOZGFiJXnYMLILkrQV5IrfP2CsLor8ivuQAaT/YkP7o7v/gKE0WDVpZ4LOXPx2aG2uZJ+xSotpR7bk+w98O5pS2of2baY8O6Jupn4LFBBM4SVH4DDFIIsPOwuQYoChguGokfiMnMUGGbhWBnHCPJMTJJbsmPmT7RVKxQtXlpVZaV6ARFnluCboHEt5TeU0VGCKLowqBdoaAy69EAhugBA7FL+pwlLiDabFgpiWhZOsK6XZiTIsbrGMspVhJ+PlN9WBpgcb6p6S2EknquWFGXYAFJMIqFMlBpoItEwzFzPhMfkrUEm2SeIscTRpjoxl7uuMVhWQ0WhgugkRYBemgEwEB2q6eftTIWWmte8gwro6gc3qgZTsEUGsKU7Hrq6MoPLUDE2qWDKkn7V5wiGsAs9106U5XS58T8f2T3WitxSMQ+bo1X3livOm1PquX0zz734Rj1MZsJmlkUDJf+8lafdsGXD6pqJG3ZyN87C1DLu3rHrnSlEUXXjzmq3/blPXPHOial7H96ROr2WU46CcNPaFbdsXYm/acdBxfFF1USPsUTBeDJWf3H3ky3T9z07q08u99QXb70us0zDKMPfN6eiHbte27n3QDPMm4ERpK7vuiODpXNXLL7uvLVnLXaRoigtWiahQ/meGcW56RjtXMXk+JF66Nl3nt79+tHpejtVURTZaXTWspHL1q+58cp1JU/d9+jenfv2uuVqGKleK/3qzVesHCojnu/86OG3ZpLUq+Vpuqxq/dlnL+2xLDTl8V37f7HzQGCWyFayYP5ffv5jy/rVniPJvQ899uqBo8dn6qZpFWxrw6plH7v6su2beqq2GE0W53ZXc18ZP/H2fJo4hSyOVg6Ui7Pqvh27Dh85WXX7W2TOvUPknMdnZg69dujxNw79yac/esmAMluqVPJQ3h1vTe2fV5avjMbkef35jWjlwMAbE8G7cTsiswxnD87ObN+6sp+kyPFE/kQEEmRco2XDyh2vnXhw71hYqPm24cyMf/XKTVhPYtgY2bd/9srjrx0IMsswS/CoWO1JnNJUo3FyvPHqoeP3PP3KRy8570s3rOsxROngeJ4EyMdz3Gaq2pZ6bF/wt/c+9PaJelKs2qUl7bDjVBzX9n49PvPk4V0/fP7g179647MT5i9fniz2poll1tL6Zz9WQGHbhnr6reMvz4aJ3zLDfFUp+1ouS8Cr/cfqD7x4MCwscm0jac9tmlD3PHf4Rz/9hVXqSYyiWe5Ns7yexNMH60/t/uGt12y74wsXQrHnGFJRJsoMbSeDDLOMYhzNwx88uGu62eoZHFbNrOT6M3lMveT2DBI+jjZm7rzr5wOfu2Vj/ylP17M4MjLbLxpGEldTTKFmqW3btu9/8XBYrPpW9eDJd3a+PX3NGoKkhL2ukxMfr9TJVP38mVfiyhKr2tdqTK8YGrn48q3EpfFY/YcfPPb8eMPuGw07UdHzSnmUpkmD3KZaNvJyGvc1lbrryT37Dxz+b1+7bin+IUl8RCRRPk8s45F90bd+dD+GkveO5G6xlcalsttpN8M49HoG8P7vNpv/5tsP91Z7SyMbUtOI8zim5vctnACn0ztoZmFolBzbNCtEFSEWyzGLtaTQF5cGW2FQ6av91V33z9dn7b5lcQ7xkWPaqWFnZpHsBQv/yaPPFzz7G7dtYa7piDsSL4coDMOJUqth2Cc7nbLvZnMnquF0rXOi0jxWDufSsBVmqdvTM5tmv3hqJ74PZ68demLkQZa1DCskt8ZScLLbzx2tWFzHkXJSv2/H83tRXjIGKRY5cc9gptTO/eGByY7hVUmK7Sg4/5wNtZIEjH/9vSefHO+4AyPNZlAtVhqT0+HsXDA53hfNqpn3ZuvTbcNKnEpWHn7pePTlO+/DPxqS4VJQoHfmWyfiO3/8D8fsvjotGd/rdFDMljF9tNY+2RtOWnPvJbNHSy6NmPTE3GwnzTthmsWpEcdmlhIn0AAiRBJ0HKJtFEgdDLFd15xneU6Ism23YLqlk/WO5ZaSoO2E871Zw20etzqzvmUEACz2OYPL7vv1c3veS/GQtmgApux6aQe3IxVxqrKyZ9ba8zddtuWSM/txp68cmX7guZfeC/PYcOaazb5qz8HpqYlYlQwSeJVGYU4TRtlJEtmWB+s5V9bU5tOHH3z9oFkdcAs9r7137PVj6sIl0oeikCF+I1Xczv2/2RWVe+C41a4POPE1F48iv+/97OU3ZzvO0Giz1SzaeTJ5+KLVI+dvPHPF0iIh7sDYxKOvvf3aoQmjsjSz3bg8+M78+N/89Kk//YPL7CR1bRfb//59O07ioXtrbh6mUauaNobLznXbLzpz5Uil5swHau87R+575MmpyDX9/jjTPg1vZTk6nRJfH+OFMlWw/dzOw7hD8IdPHKT2URTi/LDI6amZ3mLBjOa3nr70tlu2r1yipmfVXb94fseuNyt9yxrNNslgFOWvHzy0ftlqktoCAR5HjPL7mfJda649WzXbd3z8hq2LBDT6vmJt/6rhj/zJ3z6irB7fq+SqfWDy6ESgVldUo618x3dNZjsZGKdSMBBtieDXbV37m317AhGfN2k4D+3ed871661UFdENS/zGy+/O7h4/1qkMeypxWtOXnL1kRVHtnsx/vW+fXR6d7zS8PPajmdt/b/OnLh1FeMwD+GVLh2+9YPgnT7371z9/1upbHhiOU+x/cOe+Ky7cvG2ZxM9HD6sn3627lf5GMGNaRlqf+PRFZ/7bT14gThyT0jX3NctGb9j8uX/xrbsn4iAxwd4i+wJPmgN4CUFQkncz474bZHVCLkHX8cjscGJYZ61WtTtTV29ee+ftWyBZUrWSOucrF37tL1uP7Bkr9Q5RiwQN692jx0O1WjIhKVcs3LWdZEkadip5cv3WTZsWSQ5UU0FZReVMnVVV55y+Oup08swMwMsvB6lOB4t4h4gGEyxwHIemjOSPOn3eNGRsGOqNGvOp6UZuedfbh4/FKndxIEjEwNh/+dzuDN9LnDayohXfeOlm5j6z+43J2I5UZqnASerXXngWXCZr7FGqmuZlnFWSDSn1+ctW3nzpZhXWkVnkFmeM0hO79+NbYdNv9k9Mph792aJDHGicv24ZXCZvKwSK8o6LPiJnOz2zqu744q1Wa8pDTbIUAizHwchBXrs3K6NqN216kAW/gAlCIB4gzTLbcUlLeYXHWORn37x9i8ZNFeOkqvG88ZKNNnmGMhud1PTKU3MkijhnYTUhJAYERViWxoOmdfn6YVQS0GZm28quGOJ2B8qekYXI0zQ9K7JpDTEfxaSMN3BjibSe40xyrRaLGJJTX3v2WTaASSGd8lQzfWr3BBEM1pB3vzKldh2espRXMezW3OyGdWesHaBBol5587gqjURZ6lmdAa/96WvXFLAz+i1pLhVpnuI+MDLO225c30OlZcS01LPa4l1vv6cZpN46dMgoEI7oyMSFYOYPb7pKAkmcl5xcHGOAoqqKb3mJumK5unzNcNKcs8khHNxF28UD6qCX5E5qm5GROo4Xh4mEMW2mUt1kVGyO6fpBc+6WSzeSzvtUy/hxi8xCkp/TTxtw3UKbrrzbEwnnMAqZLq0s/Kb0gCzy17jq5L22UCIHfSpKbywOEA5Jc0SDhsVMaelKRSdCAlBO+iLVIkLjIe4DdScfumDN8PKBatZp2KYdW/6O3W+Qk8xnonf3PPHCTF5wC2UriXqt/KbLN4LK7ExSb8WJ4TqeH7Ua60eHlxiqzAvWMI0kwcrzLOqgBJRwQ45av3xxUJ+2bZsU8GQ9mKZ2An6jSaJumU4WRssHetYuESILjvgAlaYO2kKmlUodAVM2rhk10yhN2GeQx1ae6dqKKeQGcgoTREByAIBTfrjPMs/Kq26OFNkDkUE6kYdfRTvzbFQehuo/rRbS6hQoYhrkJB1DtVwnQgocLMLiyCFhXwVGF9H4wMlD4pM8p+uvrQnVYW2pdqXSW+C+2F2uhirqnOX9hXAK/bfL1ddPNp4Zkzpi37Hg5XcmsurAfBJ35qe3jPRtGRDeJWknjucdV0VhYht+b6EHAWv+aDSkE5fLvkIasdnB+F43L+VxUW9EkPE0O5oDUewQ4qUAN6quj10jmBSfCtK21VZpSLfYydu0nnFH/b1xEBQdF2xRFzOX9gvj3axjyS6P1iUkoCnVXDdw53Ye2VloG3mhVMGmpYGB5gmjpSHk22bBSoHgpm2isZPHCA8tFEqky4JXpG+IFAUj0WgtPUE90c1fF2wyZA6jdP4jspFDenKsQKDJMke3AOCHg+HSLsF7bF03aHfyuNPJVODV7v/NPtrqv9q9fy7DNl3cddFMP3H5Frwb0sUsaNlkVA+WlyWmqzBl6dQR9CHSEJ9hEPW5ogRAzC5dH2ww6FBIsvXDILD1HA/3ZhhWnORhlBMewdPGrMkcYLVomXRRbNvkVb0TOY6bAVMrXJcmFhUrllYJDR/p+QBBP4RfQq68BT+Vue5Cvio5ABAEAdMUZLByst4YE+ERWNHlEa9kpq6Vlcy8YqRFK/OFPB7SrNILdH9so6SoBHSHgK09stZu3COzAx59URhEQwB1oI2AAG1HIJ/Tr9YtRu1C0qfcK+0/MXffW+qZQ1OJW4zDyM+ydSOLz1/lwWhXZX2lcsHx6R2LyhnexMRxIETkaySFejMK2Kny0szGy4P9san5TLIdobHsO/1lGTYwMEioYLhX7DlyojExLYwOw6Z0NmSvKPVgeCotdUT18hvvuA4qCMU5IZoxWochkoLbT4xCbLgZEqYTLe13SEN9pVODSDAM10hhkTAQbMQB6B6eJFoW/oEQShZGt4KFRAM5U3G8DtzKTZvGY1d6kKINCpBdX8Vy2JZQJVD1RJkrvMdMTdIJxoti8l6IJwPJMPCrtmyw4qBU8NM0jUz3p0+8OIaNk/EbqRvUr96yAW/uYH9JOlBQI339ZtDJ4phSc9/YyVfGFeUqB4jKWlx5LpqITe0eV68fPm56Rde1405jUX+1p6w8Q50+Mpi1ZvI0IqefTewHn93P+Mwro7Q4OZSdfVA4QsK+f069PT5jOIUwJpnWdilLdcmDj7gBCVw6xUOjIRQc4LJwRXIlrEZ0XcZLhOvqo16FKdLNEcMyxUeIJMTm8YBIKkssUoeYRhiMFkYBULMMP8BdxrYzw8lEDDuBraysh+knJoWVaSEnyTpAT8KN7GtEKMK2dctWLO5LG7N2GsZJMlYPQr+Kg/CS5oah8tUbK2gEm+sIiIvLNp7ltuslJ6NtMV1Z/P3HXh2nX4LtADZLwjxvgpSt8D/fu/dXHb8vNtHR0Epa5529VnAmAp8xOOI1zajRpIU0sOSnT+z62e5j83RiukRBv2mS3Y+F6i9/9MSh2SDGo7pFqdUkTAq/hGV55mRioKwKD+AxjhDFxC4zcgYGgw+/pMULTBB+Y+/aEwBBhwgRAyzHKQvXhInCGmCz4Yan135DM1rLVquSrC0uDkFJpStrCGQ9YOGH6rJIaY2uyUENJw6RrCXDLVyy/vS8fmKgin4rr1TFe2KueXP68o0ryWoBblt+Vz2u3NwzwqjOrO0a5J87Dx/9rz9+/s2OmlJqzrTnDWPeULvn1Ne/+8s9R2dUEYHFTtwcrZjXblsKPoC6YNTdvHLAihqea9fpgNQW/5f/8cB/vmfnnin1Xq4mDeNAoB7YE/3xnQ/sPnKsMLAYzUL+aJUOZeKLgbPAciFZNId/eC9RLBygdtdoXFdhZbCmOE8pEzQjdcSSJgPBFbVgBATSUWJ+mouCejhaes20GbWRBpIkCdQ0SR1iR5S5yg5Sw7XYC8ZyhCrWSJPQtQo8SUiZE5EeB7ZvykYz+ZiNOV+7eemjTyVTQTPPC1aUeAgtaI0MVq66gGJQ6Z6eEMpckrbbrr/oP93zsF8pJuyUlrxHDhzb+ec/P/v00eFFfa5vHxw79so7J2Y7uVUbIu6XrTSbmfijW69dZUvpz8Hv7X9w88vf+l8zQdPxy5HthOWVP35+4p4X/m7JQKWE/Jrh2HRIq9LpG+jEfMHBupKbUUQQfBeIcrx2lkEUZuRAqhzdhEq8M/0OBlKgdZ2qTo1En2UXhdAkkhEPTWmDOQR0YGF0QJ7OSzLoJKFPVrNtz3N4Iz0j8WmyMCKW5eXI6abgE+J2hxSLA6o8Urqw3d2honLlIY1mepXkKnyIQgbAo1FfbTtr1d/vmbAqFYf2QdDI8M7bL6RUw48TSpklm1Q6t73x3MV7xs568KU3in4lNUpmz+KTnejRNyeMvYex4NRwYrfXrZZt7K85pVoTH9t29u9fsByBIXY0A5TO6lN3fOH3v/ndv5tPeo3yYGIW7UotdeL99dk07hQKRdXXC/vmZo5WyjWCk3TTooivUNDfJDfFUeR5sUD9GHlkecQMmkya20I+nEEuWdrpdBwUkGVFu2ESRYt4Trwg2VfJd9qNuapt9vb2oMpmQXnk7ZIYGqFPqm1mjSASuuWQYMxUoDHf9D06w/DbM8yq55copXRH0c6zkp2XC7SXYgIIU9BNvTmEH3fE9ep6advGM6UcYEslCh0jHak42zctI3KasjUiiKIQMJ20Ds/x7z563hcu21JutVUzTALywKJX7vFqg05tuFhbUvOKdrsdz84Ww+Znrtj8jU9uq2iRk2GzFglsn8puOcP/m3/1iTWFljl9pAp1UZh2Agqk3p7FlrKjuel4auzzN1y+dfVQ2pxxqIAt6CAK8cWSGFbUbllse+ZJwchd05CdT1SBIBwn7FV6lknnlmGuI/pLf5X9u4CCX9cWwvuoXTQSdMpM2q3mHHMpa+kwKbcxZTdTp1C2282Sy86DYAwgyVrEAyEtQ9UnvcZJBJwHgRM0zHbkK5eSvhbVrRNTdrnXaswVSj0kWxCMC+/mCawhrgmvyycJFt4wxgnlzebVF6wfZStd4rXkmtgO6ScLiVNiwUz90ZXrVo2e8fePv7Dn0Dh7SxaccN12J6KdUraNQtBev3rlrddde/lKBZcNCmubbo30IvBrYafuOaVLV1e/983b7n7kzRdfPnxitjUXNWzfYzdiUbU8PNp/80e3n79K/ccfvF0ruPNBQBWOweOaQAJdqeXtatCKo1azMVcZqWC+luz6k6m1qvF0Z0q0oxTNZI1pW0m5wxSJWgRaaAiV25lJZuo+ChE1jBDQEuiNAVd9+dpL5zB1kt8oXFbwqjDGklqHaQI+z/oM64b1o6NV9uy8nA92os7aQT44yGsq/8JlGz9tF9E84t6Ao3qFfRKfC/RbqQ8tl1KlaalHX9hD/wGv43q+b6XXbT2D/o4rUsQCJBcSB2WQvUh5UtWbJtevNrevvvCFA+Grbx0YO3ZirtEsLqr0VQpDFe/Cc87cMFpEkRAVSoW3BI6oBVymK1KoEWgQ2ApL/en165pXrxs7ls4n7enpmdP6lwz2u5UeVlPkIc3JyYAGZLXW6rR7+iu9RTQs71XGV265vBkVcstNs7DqpIuonTQnrjl3Vb9vWcUaqXDWmTt/9SIPdxwHtCB8tIMuoOEtqalvfvGTQGUnlwJyuCy1vpFEOD35PAenDLKcpK0QjtsUtGGEMK1F9hpaDmM4GAMNnPTF0T3CI0GTURzQbLLTQSJEYkSfhiRUmXXDeHpSfeO7P+mUBg2vFM3O3Lz1jDuuW92vUlvKUREq+hAlqc1GD8qr7RT9YlsHZ4UX6ogMxFMxFmvjhOwu5agEBoHKYMA0HWLTfHe21aRrVijQN2h1OkMDhT4+cujum+i5yJIu0Sz73K9Of/uH93SKo4Hyotb8Teev+uvPnF1OOw4dJ1RE3K4czMWnEdzoG3ELWP6DDHwgHlArCl7dX8ma7dSk+7hgx8zlZBoKLR/H2MRRSWDwxVmYGXglSGKEAIMIug8U5/qONp2tqxpcPlzAoRXY4su4I5EmpzMdiwn8ByDiXVCcnz31Wt3tM3BNadxvZzdevBqR2IKtNCWkdcWKuk+iVRMPQNJFOZ7FWV4w2PiWCKPJFAJAlcWpxGXnE79vSoXEXmFGrWl637n/2cf2HHK8WoAFOc5Qxf/Kx6+9aI3UyiyFQiBcdPnhvY3/fs+j7eJwbPrMt+LOljUrINm1CInyaR7BWbAjC8aFg59OSBjA5xgxG/RYES0JcSH4C1RKnLUsobWEPqT4Q/19DNB4TnCS7A2/Sc4bSGWAizvFZaZpVwssJjIBYGQRkEnQAz6YMEBUW+5F+8GDU4pZ2q90FLVgD55Mnn/zXbP3tASnMzd17Vkrz6iIVjJb0AFLEIGPbHfKd0SA0d1b3VJA5JDFvolgwjBZVHbRxQS04SFrnoAFGRE5ACtu/8hHHn7jf3fMSugX+FJtcmbuz75/99nLB04b6l08UGNv6vjM/N6jk29N1DtOX2aV8zgpZsHKxaUrNlXACtFxgAN1Of90mbxAqZCcEkVyeAS7BB3J/IRdXAvemiHoCv5H+CJsgxn0aGkKopO6zQdM7YhEid8/tJPmTvJpuCxQwYQ7RncNfGG0PNIiFwFLAqEzTdaW/apnX2tiFLCh2S5m0ccv2ciWAl8d6BkaqhAkwGVvlbJVL6TNXRbRnwFrddZrgQn/mcEBryNFtwEzCz0SWP0t86Yl6p//3hXfufshb2hlhNMv9M6p0pNjc9ahgyoJ6GZHmRnZJbe6gl0K+F7mY436sS/f/oeDjohfGkbSWJciRePVRUzjxI9wVhyIxmXhV9ghE/XRZQvDmCyZLWMM1xAzf/84xdX3H/z2Au7pSfKku8TvXmn2/na4vmIpGHFgKt/1+r6+/tFWMF/Lw/PWLF+3SL4At7oGIGLRbBMNEO+kD3moXwiiC8cHluWye8d4qTbklwpMnAq70IOW+c8uH46iq+566Gm+Eij3LurEuVPpT+Mi5FMJs2vl2F4Uxi6t6Prxipd86TM3XLzW7UeLpTqghnPo6Wi/Jov/duXfReX9592L928/MEqedZ9/kNELA/6f/KNk6hrgjsceCttTpk2XOzPazRtu/izBlgIMlyHWJp0brQN4BnggyvohDkZjt1Ltk3xJ8c9HVxH+Ysgp3H718k2rhr5/z0NvThzwSj3T86FVKKYWhUlCfYIH68F+w/p5a5Z++VM3bhgypH0IhLgtAUnaloKJKOWHQOcfG7rAjn9syD/1HYzuGMYz74zP5F5kV0gXq1ly4Sq/lCrip+R+p6xLdwSgSLuPD0mZxBzNkyxq8YGSMEY8thcZDu1V0qSX31M73zg4Nts4cnK6Q//UcPiSYnSwtqTiXrRh1TkjiEj5aeZTY4nX7fKWyttkV1w2VBc8wj+VC6fm/f9ldGzIZ3PdpJAVqSyIVtLMl9KR7yjxLZJG4lzhELkPY2DUh2O1MIeAwzQgCEBAcSbw1DKBTnjEHWiPIF/G4F8o1nE35LaSIMqXqWSnCzzucjpnB1aMiwZ7Yknv4sNhdIq3v/P//wBkfQfkCmVuZHN0cmVhbQplbmRvYmoKMTIgMCBvYmoKPDwvQWx0ZXJuYXRlL0RldmljZVJHQi9GaWx0ZXIvRmxhdGVEZWNvZGUvTGVuZ3RoIDMxMzUvTiAzPj5zdHJlYW0KeJyVVwdYU8kWnltSIQQIREBK6E0QkRJASggtgPQiiEpIAoQSY0JQsaOLCq5dRLCiqyCKHRCxYVcWxe5aFgsqK+tiwa68CQF02Ve+N983d/77z5l/zjl35t47ANDb+VJpDqoJQK4kTxYT7M8al5TMInUCFDAAFQCgxhfIpZyoqHCIwUD79/LuJkCU7TUHpdY/+/9r0RKK5AIAkCiI04RyQS7EBwHAmwRSWR4ARCnkzafmSZV4NcQ6MuggxFVKnKHCTUqcpsJX+mziYrgQPwGArM7nyzIA0OiGPCtfkAF16DBa4CQRiiUQ+0Hsk5s7WQjxXIhtoA2ck67UZ6f9oJPxN820QU0+P2MQq2LpK+QAsVyaw5/+f6bjf5fcHMXAHNawqmfKQmKUMcO8PcmeHKbE6hB/kKRFREKsDQCKi4V99krMzFSExKvsURuBnAtzBpgQj5HnxPL6+RghPyAMYkOI0yU5EeH9NoXp4iClDcwfWibO48VBrAdxlUgeGNtvc0I2OWZg3pvpMi6nn3/Ol/X5oNT/psiO56j0Me1MEa9fH3MsyIxLhBiuOywgX5wQAbEGxBHy7NiwfpuUgkxuxICNTBGjjMUCYplIEuyv0sdK02VBMf32O3PlA7FjJzLFvIh+fDUvMy5ElSvsiYDf5z+MBesWSTjxAzoi+bjwgViEooBAVew4WSSJj1XxuJ40zz9GNRa3k+ZE9dvj/qKcYCVvBnGcPD92YGx+HlycKn28SJoXFafyEy/P4odGqfzB94JwwAUBgAUUsKaBySALiFu76rvgnaonCPCBDGQAEXDoZwZGJPb1SOA1FhSAPyESAfngOP++XhHIh/zXIaySEw9yqqsDSO/vU6pkg6cQ54IwkAPvFX1KkkEPEsATyIj/4REfVgGMIQdWZf+/5wfY7wwHMuH9jGJgRhZ9wJIYSAwghhCDiLa4Ae6De+Hh8OoHqzPOxj0G4vhuT3hKaCM8ItwgtBPuTBIXyoZ4ORa0Q/2g/vyk/Zgf3ApquuL+uDdUh8o4EzcADrgLnIeD+8KZXSHL7fdbmRXWEO2/RfDDE+q3ozhRUMowih/FZuhIDTsN10EVZa5/zI/K17TBfHMHe4bOz/0h+0LYhg21xBZhB7Bz2EnsAtaE1QMWdhxrwFqwo0o8uOKe9K24gdli+vzJhjpD18z3J6vMpNypxqnT6YuqL080LU+5GbmTpdNl4ozMPBYHfjFELJ5E4DiC5ezk7AqA8vujer29ie77riDMlu/c/N8B8D7e29t75DsXehyAfe7wlXD4O2fDhp8WNQDOHxYoZPkqDldeCPDNQYe7Tx8YA3NgA+NxBm7AC/iBQBAKIkEcSAITofeZcJ3LwFQwE8wDRaAELAdrQDnYBLaCKrAb7Af1oAmcBGfBJXAF3AB34erpAC9AN3gHPiMIQkJoCAPRR0wQS8QecUbYiA8SiIQjMUgSkopkIBJEgcxE5iMlyEqkHNmCVCP7kMPISeQC0obcQR4inchr5BOKoeqoDmqEWqEjUTbKQcPQOHQCmoFOQQvQBehStAytRHehdehJ9BJ6A21HX6A9GMDUMCZmijlgbIyLRWLJWDomw2ZjxVgpVonVYo3wOV/D2rEu7CNOxBk4C3eAKzgEj8cF+BR8Nr4EL8er8Dr8NH4Nf4h3498INIIhwZ7gSeARxhEyCFMJRYRSwnbCIcIZuJc6CO+IRCKTaE10h3sxiZhFnEFcQtxA3EM8QWwjPib2kEgkfZI9yZsUSeKT8khFpHWkXaTjpKukDtIHshrZhOxMDiInkyXkQnIpeSf5GPkq+Rn5M0WTYknxpERShJTplGWUbZRGymVKB+UzVYtqTfWmxlGzqPOoZdRa6hnqPeobNTU1MzUPtWg1sdpctTK1vWrn1R6qfVTXVrdT56qnqCvUl6rvUD+hfkf9DY1Gs6L50ZJpebSltGraKdoD2gcNhoajBk9DqDFHo0KjTuOqxks6hW5J59An0gvopfQD9Mv0Lk2KppUmV5OvOVuzQvOw5i3NHi2G1iitSK1crSVaO7UuaD3XJmlbaQdqC7UXaG/VPqX9mIExzBlchoAxn7GNcYbRoUPUsdbh6WTplOjs1mnV6dbV1nXRTdCdpluhe1S3nYkxrZg8Zg5zGXM/8ybz0zCjYZxhomGLh9UOuzrsvd5wPT89kV6x3h69G3qf9Fn6gfrZ+iv06/XvG+AGdgbRBlMNNhqcMegarjPca7hgePHw/cN/M0QN7QxjDGcYbjVsMewxMjYKNpIarTM6ZdRlzDT2M84yXm18zLjThGHiYyI2WW1y3OQPli6Lw8phlbFOs7pNDU1DTBWmW0xbTT+bWZvFmxWa7TG7b041Z5unm682bzbvtjCxGGsx06LG4jdLiiXbMtNyreU5y/dW1laJVgut6q2eW+tZ86wLrGus79nQbHxtpthU2ly3JdqybbNtN9hesUPtXO0y7SrsLtuj9m72YvsN9m0jCCM8RkhGVI645aDuwHHId6hxeOjIdAx3LHSsd3w50mJk8sgVI8+N/Obk6pTjtM3p7ijtUaGjCkc1jnrtbOcscK5wvj6aNjpo9JzRDaNfudi7iFw2utx2ZbiOdV3o2uz61c3dTeZW69bpbuGe6r7e/RZbhx3FXsI+70Hw8PeY49Hk8dHTzTPPc7/nX14OXtleO72ej7EeIxqzbcxjbzNvvvcW73Yflk+qz2afdl9TX75vpe8jP3M/od92v2ccW04WZxfnpb+Tv8z/kP97rid3FvdEABYQHFAc0BqoHRgfWB74IMgsKCOoJqg72DV4RvCJEEJIWMiKkFs8I56AV83rDnUPnRV6Okw9LDasPOxRuF24LLxxLDo2dOyqsfciLCMkEfWRIJIXuSryfpR11JSoI9HE6KjoiuinMaNiZsaci2XETordGfsuzj9uWdzdeJt4RXxzAj0hJaE64X1iQOLKxPZxI8fNGncpySBJnNSQTEpOSN6e3DM+cPya8R0prilFKTcnWE+YNuHCRIOJOROPTqJP4k86kEpITUzdmfqFH8mv5Pek8dLWp3ULuIK1ghdCP+FqYafIW7RS9CzdO31l+vMM74xVGZ2ZvpmlmV1irrhc/CorJGtT1vvsyOwd2b05iTl7csm5qbmHJdqSbMnpycaTp01uk9pLi6TtUzynrJnSLQuTbZcj8gnyhjwd+KPforBR/KR4mO+TX5H/YWrC1APTtKZJprVMt5u+ePqzgqCCX2bgMwQzmmeazpw38+Eszqwts5HZabOb55jPWTCnY27w3Kp51HnZ834tdCpcWfh2fuL8xgVGC+YuePxT8E81RRpFsqJbC70WblqELxIval08evG6xd+KhcUXS5xKSku+LBEsufjzqJ/Lfu5dmr60dZnbso3Licsly2+u8F1RtVJrZcHKx6vGrqpbzVpdvPrtmklrLpS6lG5aS12rWNteFl7WsM5i3fJ1X8ozy29U+FfsWW+4fvH69xuEG65u9NtYu8loU8mmT5vFm29vCd5SV2lVWbqVuDV/69NtCdvO/cL+pXq7wfaS7V93SHa0V8VUna52r67eabhzWQ1ao6jp3JWy68rugN0NtQ61W/Yw95TsBXsVe//Yl7rv5v6w/c0H2AdqD1oeXH+Icai4DqmbXtddn1nf3pDU0HY49HBzo1fjoSOOR3Y0mTZVHNU9uuwY9diCY73HC473nJCe6DqZcfJx86Tmu6fGnbp+Ovp065mwM+fPBp09dY5z7vh57/NNFzwvHL7Ivlh/ye1SXYtry6FfXX891OrWWnfZ/XLDFY8rjW1j2o5d9b168lrAtbPXedcv3Yi40XYz/ubtWym32m8Lbz+/k3Pn1W/5v32+O/ce4V7xfc37pQ8MH1T+bvv7nna39qMPAx62PIp9dPex4PGLJ/InXzoWPKU9LX1m8qz6ufPzps6gzit/jP+j44X0xeeuoj+1/lz/0ublwb/8/mrpHtfd8Ur2qvf1kjf6b3a8dXnb3BPV8+Bd7rvP74s/6H+o+sj+eO5T4qdnn6d+IX0p+2r7tfFb2Ld7vbm9vVK+jN/3K4AB5dEmHYDXOwCgJQHAgOdG6njV+bCvIKozbR8C/wmrzpB9xQ2AWvhPH90F/25uAbB3GwBWUJ+eAkAUDYA4D4COHj1YB85yfedOZSHCs8HmiK9puWng3xTVmfQHv4e2QKnqAoa2/wJAMILcCmVuZHN0cmVhbQplbmRvYmoKMTMgMCBvYmoKPDwvQWx0ZXJuYXRlL0RldmljZVJHQi9GaWx0ZXIvRmxhdGVEZWNvZGUvTGVuZ3RoIDMxMzUvTiAzPj5zdHJlYW0KeJyVVwdYU8kWnltSIQQIREBK6E0QkRJASggtgPQiiEpIAoQSY0JQsaOLCq5dRLCiqyCKHRCxYVcWxe5aFgsqK+tiwa68CQF02Ve+N983d/77z5l/zjl35t47ANDb+VJpDqoJQK4kTxYT7M8al5TMInUCFDAAFQCgxhfIpZyoqHCIwUD79/LuJkCU7TUHpdY/+/9r0RKK5AIAkCiI04RyQS7EBwHAmwRSWR4ARCnkzafmSZV4NcQ6MuggxFVKnKHCTUqcpsJX+mziYrgQPwGArM7nyzIA0OiGPCtfkAF16DBa4CQRiiUQ+0Hsk5s7WQjxXIhtoA2ck67UZ6f9oJPxN820QU0+P2MQq2LpK+QAsVyaw5/+f6bjf5fcHMXAHNawqmfKQmKUMcO8PcmeHKbE6hB/kKRFREKsDQCKi4V99krMzFSExKvsURuBnAtzBpgQj5HnxPL6+RghPyAMYkOI0yU5EeH9NoXp4iClDcwfWibO48VBrAdxlUgeGNtvc0I2OWZg3pvpMi6nn3/Ol/X5oNT/psiO56j0Me1MEa9fH3MsyIxLhBiuOywgX5wQAbEGxBHy7NiwfpuUgkxuxICNTBGjjMUCYplIEuyv0sdK02VBMf32O3PlA7FjJzLFvIh+fDUvMy5ElSvsiYDf5z+MBesWSTjxAzoi+bjwgViEooBAVew4WSSJj1XxuJ40zz9GNRa3k+ZE9dvj/qKcYCVvBnGcPD92YGx+HlycKn28SJoXFafyEy/P4odGqfzB94JwwAUBgAUUsKaBySALiFu76rvgnaonCPCBDGQAEXDoZwZGJPb1SOA1FhSAPyESAfngOP++XhHIh/zXIaySEw9yqqsDSO/vU6pkg6cQ54IwkAPvFX1KkkEPEsATyIj/4REfVgGMIQdWZf+/5wfY7wwHMuH9jGJgRhZ9wJIYSAwghhCDiLa4Ae6De+Hh8OoHqzPOxj0G4vhuT3hKaCM8ItwgtBPuTBIXyoZ4ORa0Q/2g/vyk/Zgf3ApquuL+uDdUh8o4EzcADrgLnIeD+8KZXSHL7fdbmRXWEO2/RfDDE+q3ozhRUMowih/FZuhIDTsN10EVZa5/zI/K17TBfHMHe4bOz/0h+0LYhg21xBZhB7Bz2EnsAtaE1QMWdhxrwFqwo0o8uOKe9K24gdli+vzJhjpD18z3J6vMpNypxqnT6YuqL080LU+5GbmTpdNl4ozMPBYHfjFELJ5E4DiC5ezk7AqA8vujer29ie77riDMlu/c/N8B8D7e29t75DsXehyAfe7wlXD4O2fDhp8WNQDOHxYoZPkqDldeCPDNQYe7Tx8YA3NgA+NxBm7AC/iBQBAKIkEcSAITofeZcJ3LwFQwE8wDRaAELAdrQDnYBLaCKrAb7Af1oAmcBGfBJXAF3AB34erpAC9AN3gHPiMIQkJoCAPRR0wQS8QecUbYiA8SiIQjMUgSkopkIBJEgcxE5iMlyEqkHNmCVCP7kMPISeQC0obcQR4inchr5BOKoeqoDmqEWqEjUTbKQcPQOHQCmoFOQQvQBehStAytRHehdehJ9BJ6A21HX6A9GMDUMCZmijlgbIyLRWLJWDomw2ZjxVgpVonVYo3wOV/D2rEu7CNOxBk4C3eAKzgEj8cF+BR8Nr4EL8er8Dr8NH4Nf4h3498INIIhwZ7gSeARxhEyCFMJRYRSwnbCIcIZuJc6CO+IRCKTaE10h3sxiZhFnEFcQtxA3EM8QWwjPib2kEgkfZI9yZsUSeKT8khFpHWkXaTjpKukDtIHshrZhOxMDiInkyXkQnIpeSf5GPkq+Rn5M0WTYknxpERShJTplGWUbZRGymVKB+UzVYtqTfWmxlGzqPOoZdRa6hnqPeobNTU1MzUPtWg1sdpctTK1vWrn1R6qfVTXVrdT56qnqCvUl6rvUD+hfkf9DY1Gs6L50ZJpebSltGraKdoD2gcNhoajBk9DqDFHo0KjTuOqxks6hW5J59An0gvopfQD9Mv0Lk2KppUmV5OvOVuzQvOw5i3NHi2G1iitSK1crSVaO7UuaD3XJmlbaQdqC7UXaG/VPqX9mIExzBlchoAxn7GNcYbRoUPUsdbh6WTplOjs1mnV6dbV1nXRTdCdpluhe1S3nYkxrZg8Zg5zGXM/8ybz0zCjYZxhomGLh9UOuzrsvd5wPT89kV6x3h69G3qf9Fn6gfrZ+iv06/XvG+AGdgbRBlMNNhqcMegarjPca7hgePHw/cN/M0QN7QxjDGcYbjVsMewxMjYKNpIarTM6ZdRlzDT2M84yXm18zLjThGHiYyI2WW1y3OQPli6Lw8phlbFOs7pNDU1DTBWmW0xbTT+bWZvFmxWa7TG7b041Z5unm682bzbvtjCxGGsx06LG4jdLiiXbMtNyreU5y/dW1laJVgut6q2eW+tZ86wLrGus79nQbHxtpthU2ly3JdqybbNtN9hesUPtXO0y7SrsLtuj9m72YvsN9m0jCCM8RkhGVI645aDuwHHId6hxeOjIdAx3LHSsd3w50mJk8sgVI8+N/Obk6pTjtM3p7ijtUaGjCkc1jnrtbOcscK5wvj6aNjpo9JzRDaNfudi7iFw2utx2ZbiOdV3o2uz61c3dTeZW69bpbuGe6r7e/RZbhx3FXsI+70Hw8PeY49Hk8dHTzTPPc7/nX14OXtleO72ej7EeIxqzbcxjbzNvvvcW73Yflk+qz2afdl9TX75vpe8jP3M/od92v2ccW04WZxfnpb+Tv8z/kP97rid3FvdEABYQHFAc0BqoHRgfWB74IMgsKCOoJqg72DV4RvCJEEJIWMiKkFs8I56AV83rDnUPnRV6Okw9LDasPOxRuF24LLxxLDo2dOyqsfciLCMkEfWRIJIXuSryfpR11JSoI9HE6KjoiuinMaNiZsaci2XETordGfsuzj9uWdzdeJt4RXxzAj0hJaE64X1iQOLKxPZxI8fNGncpySBJnNSQTEpOSN6e3DM+cPya8R0prilFKTcnWE+YNuHCRIOJOROPTqJP4k86kEpITUzdmfqFH8mv5Pek8dLWp3ULuIK1ghdCP+FqYafIW7RS9CzdO31l+vMM74xVGZ2ZvpmlmV1irrhc/CorJGtT1vvsyOwd2b05iTl7csm5qbmHJdqSbMnpycaTp01uk9pLi6TtUzynrJnSLQuTbZcj8gnyhjwd+KPforBR/KR4mO+TX5H/YWrC1APTtKZJprVMt5u+ePqzgqCCX2bgMwQzmmeazpw38+Eszqwts5HZabOb55jPWTCnY27w3Kp51HnZ834tdCpcWfh2fuL8xgVGC+YuePxT8E81RRpFsqJbC70WblqELxIval08evG6xd+KhcUXS5xKSku+LBEsufjzqJ/Lfu5dmr60dZnbso3Licsly2+u8F1RtVJrZcHKx6vGrqpbzVpdvPrtmklrLpS6lG5aS12rWNteFl7WsM5i3fJ1X8ozy29U+FfsWW+4fvH69xuEG65u9NtYu8loU8mmT5vFm29vCd5SV2lVWbqVuDV/69NtCdvO/cL+pXq7wfaS7V93SHa0V8VUna52r67eabhzWQ1ao6jp3JWy68rugN0NtQ61W/Yw95TsBXsVe//Yl7rv5v6w/c0H2AdqD1oeXH+Icai4DqmbXtddn1nf3pDU0HY49HBzo1fjoSOOR3Y0mTZVHNU9uuwY9diCY73HC473nJCe6DqZcfJx86Tmu6fGnbp+Ovp065mwM+fPBp09dY5z7vh57/NNFzwvHL7Ivlh/ye1SXYtry6FfXX891OrWWnfZ/XLDFY8rjW1j2o5d9b168lrAtbPXedcv3Yi40XYz/ubtWym32m8Lbz+/k3Pn1W/5v32+O/ce4V7xfc37pQ8MH1T+bvv7nna39qMPAx62PIp9dPex4PGLJ/InXzoWPKU9LX1m8qz6ufPzps6gzit/jP+j44X0xeeuoj+1/lz/0ublwb/8/mrpHtfd8Ur2qvf1kjf6b3a8dXnb3BPV8+Bd7rvP74s/6H+o+sj+eO5T4qdnn6d+IX0p+2r7tfFb2Ld7vbm9vVK+jN/3K4AB5dEmHYDXOwCgJQHAgOdG6njV+bCvIKozbR8C/wmrzpB9xQ2AWvhPH90F/25uAbB3GwBWUJ+eAkAUDYA4D4COHj1YB85yfedOZSHCs8HmiK9puWng3xTVmfQHv4e2QKnqAoa2/wJAMILcCmVuZHN0cmVhbQplbmRvYmoKeHJlZgowIDE0CjAwMDAwMDAwMDAgNjU1MzUgZiAKMDAwMDAxMTE0MyAwMDAwMCBuIAowMDAwMDExMjc2IDAwMDAwIG4gCjAwMDAwMTA5ODAgMDAwMDAgbiAKMDAwMDAwMDk2NyAwMDAwMCBuIAowMDAwMDAwMDE1IDAwMDAwIG4gCjAwMDAwMTExODggMDAwMDAgbiAKMDAwMDAxMDgyNCAwMDAwMCBuIAowMDAwMDAxMTMzIDAwMDAwIG4gCjAwMDAwMTEzMzMgMDAwMDAgbiAKMDAwMDAyMDA5NCAwMDAwMCBuIAowMDAwMDI1OTU3IDAwMDAwIG4gCjAwMDAwMzQ3MTkgMDAwMDAgbiAKMDAwMDAzNzk0NyAwMDAwMCBuIAp0cmFpbGVyCjw8L0lEIFs8M2E1ZTUzZjQxYzVhNmM2NmJmODUyMDk0MTUwODk0NjcxZGRjYTg2ZGI3MTFhMjBhYjI5Yzc4MWI5MzNiMmYxMDJmOTM0NTUyYmI0MjI5MTgyZTRmZmNiNjE3NGUxYTNmMzA1MmI4OWQ5M2ZjNTg3NWQyY2YzNTVlYWQxY2FhYjA+PDNhNWU1M2Y0MWM1YTZjNjZiZjg1MjA5NDE1MDg5NDY3MWRkY2E4NmRiNzExYTIwYWIyOWM3ODFiOTMzYjJmMTAyZjkzNDU1MmJiNDIyOTE4MmU0ZmZjYjYxNzRlMWEzZjMwNTJiODlkOTNmYzU4NzVkMmNmMzU1ZWFkMWNhYWIwPl0vSW5mbyAzIDAgUi9Sb290IDEgMCBSL1NpemUgMTQ+PgolaVRleHQtQ29yZS04LjAuNQpzdGFydHhyZWYKNDExNzUKJSVFT0YK"
            }
        },
        "borrower_photo": {
            "detail": {
                "BASE64STRING": "JVBERi0xLjcKJeLjz9MKNSAwIG9iago8PC9GaWx0ZXIvRmxhdGVEZWNvZGUvTGVuZ3RoIDg4NT4+c3RyZWFtCnicjZdRb9MwEMff8yn8CFLn2o7tJLyVjaGKbsBWIV69JqMZTQJupgHiw3OJndjSqL1NmnTd/f8/93L2OT8TyggaftMMpRJlskC7JlmuG4ouuuRz8jN5u02WlxRRhrb3iWBYIMEpLgq0LZNXF93usanaHvW/f1Svtw/Ju+1zEaM5FtyXVWcrVe6V0uhb1VZa9VWJ7nXXoMv19e1qs0HTv79ebU65mqXQAgs6er43TnXXohIMY4txQkaYOCPpGRWI0TcpeUPSIJMXGSbMfv2n9tCp8iVET/aMyPIwMeODwyC9UsfvUKypPu1jc1fpGNnJf9mfgqcsjIS/RI6aa9VEv5vL/lJVGq3a+oA+qOZOHU5KDYbBY8hNLaGEqLtHb2vd72M8J6NFAbXMoZZhEMnw3CdlvGRz+lXQNs05liZxt+zQAh2XXVggGabpKFiVpa6Ox8hKPAGKpXKOoaVelMokptmY+vDYKnSn4IHdqT/QUk9Kl0guBoO4DckxNVv6Rh33dbv4oPSD6l+mZgXBzBev9o0qW/VN6cWV2isNn/ZavdAsY5gZt3Vb1mrBKedmJ5/Wjo+E8QJnZntsVFs2Sn8P57MMM9Psm26nDnX/O7Y2p/h/tcM8wnFmmv0cWGiJLupjr+tdH8M6oSlwEENzKKB5lp/qFp13ZWzXewpX7NP+osC52Sq3ffy49NK9XvBEZmzdvE8ImD8lAnoJ5oGAfStRY0MqGDokt//LZ1QOi58FNg4oxNAnPsLEIQWBbIkLav2HuWPiwKIIdyLhHAKIlGOeeggTRxCTSDiHAILC6OYewsQRxCQSzuE0gucF5tIhbBxGzCLhHAIICZXMPYSJI4hJJJxDAAFHsPAIYxgBWImY5QF7xoY7hPM3cQQwiYRzOI1ICxitXjfZOIyYRcI5BBAZ3IS8Ktk4gphEwjmcRjAJc9nrJhuHEbNIOIcAgsNg9rrJxhHEJBLOIYCAS2rmEcYwArASMctP21O4kTLvbLJxGDCLhHMIIODqmXndZOMIYhIJ5xBAwHRhXjfZOIKYRMI5TAoqjYYRaLQcDvyC2XciZt6JCCZpAXcNa8zANs1TyAMrOY5dpCswc4ONDoMNbqrD4QFnbT7evGDaafBKpZQZWLy67DTa1E09vAyd13r3eDBvM3/R+cfry/XFu+vteuVeh/4BO3b0vAplbmRzdHJlYW0KZW5kb2JqCjQgMCBvYmoKPDwvQ29udGVudHMgNSAwIFIvTWVkaWFCb3hbMCAwIDU5NSA4NDJdL1BhcmVudCAyIDAgUi9SZXNvdXJjZXM8PC9Gb250PDwvRjEgNiAwIFI+Pi9YT2JqZWN0PDwvSW0xIDkgMCBSL0ltMiAxMCAwIFI+Pj4+L1RyaW1Cb3hbMCAwIDU5NSA4NDJdL1R5cGUvUGFnZT4+CmVuZG9iago4IDAgb2JqCjw8L0ZpbHRlci9GbGF0ZURlY29kZS9MZW5ndGggOTYyMz4+c3RyZWFtCniclXtpk6tIsuX3+hVpt82e9Zi6UuzLTN16xg5CgNgF39jEviOBsPnxE5mqvn27X7+sN5mWKSDBPY6HH/cTytD4C4xAbx/fKPmGEm8kQb8l7S9HpYXf+P4X85fxF9b55SjCbzD95tx++bgFw95p7M1Jf0HenOkX6J1Awdfb+stfs1+ZKC2iaHq7auf/5VS/CM6nhZeDKf8F+CAR4h1H39pfcJz6+0kDTmhwQr5OPnz8OCb/cdPtn439ZOBlDYGQdwj/wxoCwf84+WHun5z+G3t/mGg//P4wB8bzT9Z+OvnJ6e2/QP3Z2A+n/wTuJ8M/O7z9HHf8M+wfFuB3BP8I+19/+8+tbd4e2TSXfff9G7Dw7S3rkj4tu/z7N9cRf6W+/efvvxm3W1N22SUasqnJ5ll9Jm9TdssmcG+mpN+/0RiKAKc4hMI4AqMQQqAw8u3339wy5aMl+v23S1++pX0MXOC/QtSvME3jwBN4EL8RBEZTtwTCoeSGExlFwyhBonB6gxEKAad0hiIYdaPI9IamWIxTCIbAMInfKCLBvr3lWZdm0/dv2rePPPnr20/Z8q+4YfSdJD5xtx8DIRA4Q6IYQm4xQlFpRib0LSUziKARCqJwIsVgEr7hWZTc4jjJEihLb8QNopMbRBDRt7cuagECL8umN6Yrmzc1auOoyb4dP+BGb0k0Zf3t+7dvb0l/75bp+f2b0qUleDAt5+X7N6Zoo7SL8mj69lb09zn7uLWJurSNpvrzuE++f6vuXfQWR8B8HO2AD2s0pW/Et7cB/A2DMQxC/xw3RLwjL9xD//2bFc1F2X17m5doAT61qIgmcGmZoo9rU5YtH87ne/waphpNVbT8qROCpt5J8tPJY0l+ePmIRbH8fqSrI8Ywpl2HJytnWCZnwBl4ZfgjsrI8w+QSmycSa+YyuyYnzsxVnjV1npnPPFvbwkq5stXf5AKKwA35icM6hVNmZVsTlU+GM89sOm9C8jPBL07+vHDYrvPnl22zBvZWYCfXeSt/KtZaaJXy/PHzFSjAFOoT1M8P/I9/zseVYSyO4RVGZXjGVhimEFhmE9gjZTLy+hEEl2VM4eOH+ceXwDGrKYKAKJzZnz/uXSxwORd4ZlUEZnVF8AC4INKMqYDgmRZrKYXmCpIAiwX7PG0ir34BiwJEoD9hsXUkKAqkbqvl2dCNqTXk9MzzWhWLJJCsvjmVSa/aPaQ7AWrwNWFClmjVqWK7g+OJnu/BRei3eh36YRdJzZigFpx2KZZdR75QfKnAylM5qE5z8v0GL8N2VKtB9duBKIdxUvfl7CMLWeJ3MNGbdpU2qjo9l7MD61cfpqsQucsldnAa/H7riWzaqMcFom9fYCNBsr+wxejh0hGvSIPorsLfI/0K3n8baeEj0hy4iWeZ5BVp84R+3rsJAmsLG1ucWNdMi8TSSq0XFFFQrT6WWc7WdvfBeEF3trgiqHVDaCjrM5AtCOugVi6i7zlu1LpguaFsC18AIaj3V+o1qgtbntekge8NVSh5bYgUQ9TpUHoN0UxuiLw3hCKI5FJp1Xow3CaMru2pjfrRqIco6ka1HefJgJY4Qu/nlljni7AlsfzUOhVaLi6cxldE7yLsfqnxLO4Ioxtfgf4jhnQP0lcDdFUsEAPmsvLtqrpcsznj88SLkurybUNiAy9sxFeQ4HcU/sTkYmpGG8yR6xiX0RlavS3Dc6oIWBEwkRECu2ONqOEoCHef0Zmx2Is/iNXmtmuFDgd0sYJQEna7MBJPYWuIsih8QASzYJ21u9iD3ukXLoPFXLFkx+NbTUgz2t9EtC/LNafncrSZ0mRGTpWuFzmb1BU7KUfBHSr8yJVr1VASCNpVctxy2k1mPdnFF7Bw9J1CPmGBDrne2U5kzbYBIxyZtivU2gMjsuTNCriTK144WBl5isiEfmY2bzStY+Os+ebkd+OIuSSjIS62UanaeDp6LcGDhKtwrHJXa+pxEp2znOPgoQRnxonxNj6HFYUSvEDws+hGd6eLXa4lYyW0mswsh427LGQFINvGViBqXH5OOnmvAwJ61OG+ml/Awoh39AULjfWIW+O5KDZkcDgd32ASIjlD9BgQocEp5IVI1Wysu8GtBE8ru9iAbTLhcjWBGN2/LG5vBgMxbSCeJispR7vjLuUYE/m1q33OVkzTUPChxSWywkXp9uAvpwtDBBfDOFNmdgkV3F90taGe2nmJsCAwyM5AJaNjWLqCMV0suiBqJqQhHGm/ptvyBSwU8Ar9hBWEXC+eznVqPgKKkjvmwipTMzzKmKl3jre7umIPXtdxdYVKEHY07swjJrLjnU+uWnswc94AJYQFvSxhAgYTvTW72V3AQwh0ONVavQpt43CXcbMDzZMhhTm6HoTUh7Muw9doTqb1WWPUmOpThl6cjoCxzAccI3AyJRq3Se9Ps3T1Sh6cOZ9v1qhwzFe4ALk+xfRfTWMBbpFp21ccw+8LmwbTGPn04l8bLjm4N7ruiFTD8OMZnszlBh2v022PDc+XEoGhqgmWXTnv6iRPwn5WHtaKj2FQoOM6+9BH8tH7ZrK+oKAMho/xMwHTjqyheGE2UymEgAiw4Y5KNwIOlFGZ8nYUEkmkR/eUw0ZZDW655Unbz66l9grh0kGxu+3+BTQEEOwlWBls9IQTATGW2qonyTuHuKPUAYfzT4G1CKGGAyFgCcrDN4yiTFQcbqfQxz0L9507E1SGmYxJHsoYdolPLGPYcHUNdTMvlqAWNPBo6hFPOzaltEJP27E7TeJg29sJpKPfqYUuPuuilyfLzcvTsC7IJWp2kDOh0D8jl+qGChF9d0ZAwhNEQgZI9wUqGPDrhcqIjJTHT1J2MetygpvLORau4qRR+i6soWw2ziEgj0dGJMo7qUZIIjYrjw5nJ1rWO20/l9XqRLe14TihDxSTqY+DMEAbfJcuQIkrFBabQHslYGZoI2PL+4pg2LRW62Vcll4uSw7jSaHd2VRF+Nmsb/p9q3LstMHMhILGR0exxSsPO8d3twO1PmB6JmC/QAYBir0E5+ZwhuNussQYUbWaWcTKQv+YQXGLEgHMpcmpdQAphtqYQhIM5sXuiixTA/HsTXl0G0Q0E801L0N6MHSE7WQMpmi0QfUbmixwYlybJpi3075fH4+y3GqYX/dRX8Q7tfW+ymaTmJmXbauo6HCzGb7Mo5MCodykWrjBqFXhkho9dl4ubr7QASbq6qbUylfQAMteMld2mXaoS0LqGai4xOI1sFYuG/BRigHhLTOuchybQohYz8+R0fKZhQmva47kY/KPg4CsfC6WlrnQNlTNLMZUsP3UbKwOqoscEx4OYw115s0u0utA7yTpIk8drdJXiL+y8lmWEM+khKoTvVtZBOYVLqLr9dmszhLIRCJTBOFFMBTAit5V3hQdIrSN/3tcOA0o9pIba7U1Gb/67Ik1bgE2ERbEHY2RYMPrIMFDkF+ZnZpSSb70ZnSIT350DoKZzGyn6x1kQmXsGjX0nVI5JLhdInuR665pLnt41FsZ86xtJpU850WVrWElik37vBGesCpx2bWtEQVVvRaj55LQGR49qx0kDQnw0bJ2hwol3gRtzGTqwlOudawgeacQMPUFLgqQ7IULvkKcj/TOuhknBcMlT2b3+/XCHtXHIB2X60O/dAtUR/ogKLyaCDJBj4dsCaA2ttIg2lu1gYL0cuvqW2XqgsHl3CEfCJXTZpMBGkrU4bNAO+2IG1Zdl/Pdxx+7r4+s0hH20KG6v/EklcEJzeGsfJUnH472pl8ffl9PEnRKtohT7/YeyPDkzOcvMJGAXi+JS8BmzKuMh+Mk7B/nDT9f99aAOYNOyFSX72Hw3NzU3+0qbPaklwe9GdNREWVksVTbyg8PQxMy5AJPfWq3+nHlJAwLoTAdMZyQl1o+XqKHFHOG75J164ns9qhPnnlzkow96OnUtz36aC6h3VBVPhHgeWWylpMvcnG9tycMmUkcQ11BRZWLWR0ZZoK/BAa/vzoYFj/Gwt3OH6WuHIvhJOCZS2HkcZcDOkO7Y+krsluDVpDWEsYkXZ17pIxJkHG2aa6ovVarCXZgEIMnbgU02fxDvBr2ONmRBfXixbo1ON4TwtGu3VpuJ81X1g0aT0/tQ11dJ0dicGw32V2RgQx13ZXpmDE425KxbZ3IXGsX1wJlWK+6woi3y7UMv0BFoO/0S/XaaHn0zKSesj29mVri0XyA0Na1vFUHOEKpBOU7ctmEOWdovUUPETTE4ooadsK5AeiU1Bj2dRWwtzPLzY8rS0e1EOyrod5mUNDldk4vp1R0gmev5GwuGxa8ey38nEaNgibFq/aKGeC+0NeWrUN80NFzwUEVNCKQHbsPrpabBEPj3HjE7Z196No9NaII+gIaTrxjL2h1ebLNY6Yem/JxvfDuBh2tfogbyUaT4x1V5Sjb1owOr2WG5dlNU5Vnaj+uk1nXU0+ozaU1FOq8HENoJp5W73bXWCFVe70eQ5I54OyhSb1hFsuGKubY64Pc43rpnLLVA70sBFyvq3U/EFogZSzhIZfC8NXnYyFXlcyDa2IwURTFsOLKcvC8CX696dkTPT9b9AtwGPVOv/RvGmdWs2pk64bcAcmyW3QnDnJS2RmznMMZRwzjZtoae2hVDN2mNsK1jAwk/qklIaKMFMUjOhDhrChHERv4lLmOPsHLjzycbGkybgJiL7Du8rqC+rnu+DFDeGNipsZRV7I2CqBcVCSayPKK9xKIH3J8cHXZUOvwLIEVG3GAbVXj2hOEY1/hAex6Cd/RKfOgWC1o2mWsifhsj4aQ6GLz+VwLvd6VO6YwNlgomMEJJ27DdZQMI5pQeKAX6IAvHAI520XsIJSpDgtvQqS8j4mKQHTlwEFAj7GKkvSc01khWk89T7xdj7pY8ouz+pQZw1nw1cDHLXySPiuJ+7becLjN7xmiwfEMP20uS9IDrW5JGBFy5D/Kyp2+QIaif7yP/NfTZV66eAH6KWiuaePv8OEqE3AMG0FU4c7mPxFS7dSpk6/D07kaEW9gdaajQiQPD4Nt71UjNPO4KGwOtGLGW5JRQAkNj9pMOlWeHR1aRc6u7UOrqyV8nXXYsXGRJvPO8SHKGSUIRRvlNOoOlIhzaCyVJqU69u+WbE+Pqx4WnXXVEvaYBUHse/kX6y8cAeT6Q9CboLdqx+Lau4m9bmcpX0dGZX0LS65PUgUihnli7qFnZDqBp/iORMSYxNZF3bRD1EMOKGbDSVqLNSp4zABLw/ii6Q9/4VuVmu88PPqq2WjtnBH3te78cSKwWQuvCWtL162WOgHTLXF27xgGlLddOmCtA8SgEeXsquED8QxFhUv0zT5+gQYGbHqp3ZVWK++uJhIr+zm/yds+sFC3WQmA4CT1vslIQFUVyHLp4sjTVbdzjJWH6/KoOgvTfUq/CvMUh6Sqk+VpZZz1bj8gRcZzGahTygoP7O4nTYgaZacSsyk88ZU/rrw/ZhJnUcKShwNbGVHrZYZazChILugJ6ZtaPh3S3SkUmvozauXnyzN2vFP3hdLFYcCpl9I1bD3f6Et0D6CD6u7TwsvtHV1APpTuPOCy39yeRqu6tU6dJayoIrQLany7mruT24WLGybDwqfpvIiH3bgGufzwm4E/J1EeFys3nhuWxAlY9RAjaZw8vYZnup77Pjlq/SHulGfmHO5Rq2EbPOkZcSJhu7k/L9hIwH1moCmqlxHtsWv0JHfPHGV89pqvih8EKPXSuelxcSl4z3qiJpnC2e0kn6+LC6OSWTzhBD2P2m7HaNIhI2c9t1OA697gG7wfxwEpz9jtHBA3vwtQBmYQMjK4qHVxiS0X29yLxB3rDkgG0mUNjasZ2t+gAYunmuLGZU99uokfl2Q/iVz+3O8Ic6GYi/0wHmJXFfFz6+bF6DTVSM6KVgzW0XIOofTfo8JoQKkXKmNTFLa9Cfw2HsZ9Gbw6VCZDMiWT5jUL2o8zjjN07iAM1lwVw3I1vNbILEJCDQ/wvYboqLUmZunXIJEvi9eetooVw5sSQ2Mo16S++3EZq7FRQXeMu9opIyqn/Ro8JgH0Se1ZVTmMP6IhsW1GPXCgoyxQuxVWU7enpr52Z1kR7dhqyUh5HKMwLvJEm8Mv3lwDy913+qV0Bdo/Hha/vI/nQVCvzrrowpTbSoHMz25aLs4FHoeLIteY7MzqmCmh6KxwEt/ZRgM8uUWwq68ddb6neUPKCaI/MoQ04CkZr0UKIWLO53l1YVlMed6COjj1qI59CIqRX8OxRL35zNm4cC2OKzOlF3wcLfm0irVV0fA9kbsOetpRARN77MT7E5talVwG87qQ41foANFemlecB60bL0nKGeid49JhfN6rXPXQdEaZix66rW84XpM7dFSGmbrdteHJeE4bM/p1AF0cm4yOhCCWDI+8PeXy5GXEg/TXyiNHvCx40OKDVcLyUJHHW+A9s/EoqM8Zv50W5ZqZ9Cn01IGUYxo7tPxyWGIpuqezswOFBd82a0BqxroYdfNEME6UJas6ULcv2jJGvmq8BVpSBwGCUissb+epnR7neNHCuma5TdFLRp5Ng2OPS6i7N7X2eC72hZPE4tBUy5dAveBuOUmPUZqvaGlj6P3YniQej6zTYllo0DyOjB4ecmwtIb+/FgfUbBkrXbUkBZl+7PztPNB7slpbdLsVJLxyVMRLLGIy6WWoQLZ3sCRhi9Lr7IMEMb5/0bkwgnh/lXqd6qVbt+fphcKkrBhh2Tx37DMvsdTZc2wgyv4wTwHL7Fs7sL5b2cpRipJeAR1hWGnLT3f3jjj3OVdkPQ3Dp1Yr4Y7sVwUZromGT4FPKhXCl72u3LfH6ojoabpQHmpeLbl8ak+tZw7FfrRbBH4G2z2oGNm+JzBBR/RdqNgnk7EkDFqX05EDJOh05oM69gUynH6HXoJXgiqESLUWbpXtYdJmcrvW6QbsMtDZXS76iBb+zdoyhC9C5YxcJgEn9DvzNO5Q3UkZTw3GzZiyY0tZ/px1Jpb7DCMBM2CZdPGn/sgdhnIXusJGOuQKQe058h0WiI6KvZh8B12kbNiuVxaFwm0mbu6DEZB29fsWdGl8oIqUrCIywYDIwyTbSJKvQMHv+EvoVp3kPP3BT+7ttVjifABZo9hTyPOwmMKYBUSquGM3KryODgrCu27ohYRlBkfqNOO0oqgGmI7Vg7S4i54eMZu3T6SPlL6w6LGz61ptxeSmbPV2dGSnX1TvdAmuWuZdZVR9DtmSlXqPtEv8RP2RxcO4MmBd7WzLxPGDk+MX5ST5K7/VcLkD7W230Bfvy2MY9g69BC99nfHpYwXiV/GuT8ZDMrhLY/BHwTqA2m5UJx4HigMf4jIMSDhusftwweA42QOykw/6JZG2tD+5dY2eqdk0ZZa2s6N4uV1PHYSB5Qw0jpcGqXi+OwCxyPHuWjuXwLYHBUU/1lLKUQaL48XqmQ0o1Nmsxd04b8fHckyP6sI7xQCP6yPEBrLdl/3IgLJVzwX9BTj0cxvA5z8drtBRo8f9lHpgEWDoGB7KF/LpquuJLmpueTg3YX9y3DODL0iSGLkbbGhsZJmxyRiEIY+RN1pKO0gk72JktV1itFr1eO49jn/ihpanmVZJWrVsZT+N6L2BeG9Ibzv9SPRT+BTLTOtO7CVmDL7rOUPzEIc4YQnlTgMQxtIgLc86uCOmHDdeMJpJ8lWdRwDBXgUxyfM6wENnR5838T6csWIOMb/kHr3DQXe7k3jFHAx0WIXwEpD3bRpsr5Qy1TkJV+rJ6LgTyDvfo8kN7l0PXrbehH3bl61l8ulFCCWLvZ/n/rQ+ki6nbldk6rYwIKS72k8aoWajelddpgIvt2CvyinR+2kqit23xtpVWmbcuWNr5yHhicl6sDfxHMlfAQMkexXFuJmpttZm1MVN0Yx2hVk7/QmFmXEZGY3qjvx0EP04x6xWjw4VcUqRe3dDngeYTKpE2ffDST6I0eohoScH+T0nruoN8e8IetqUI43R1NFfdheZ08sSpDZYlJ1ulnppWRzbnqBtajd88yTkEabpggcKJhYeqnYsc8FkWPZraAsuPI3QS/YkB36XN5Q2L9kX/1HBYMCzlwj2+lC2CStGjDG6HuPlQB6RKZ5lX6jJjjEyI6mr5Ugx1/3qRzeMBrJfj3wqRYdl4ZMo44Kuud/mPaDdJGCAfM3MJFBWM6KmEyxck61IVgQqZ9CgkVwz0vvtJh8Sz6E0n4Lud9t8OpmtT3EFEx98e/hjM9tQtqO3ktsWLDyjznl3zgb7vGgdBGNIF9BH7asaAgGavbCtXnw67ettIsJaXLuSmUZNqBcy9OOJnmEVq7hLNzTBskk3x9BSRvNwN/ioZVSRHU652ZH96jOGSp7spaDOpHNYJ5g0iHuct7h5N/epAn0BenIXp1t2x0UQddvFLluXvq7FIVKh3MsfT6q7G8ZAwOKgwBy24J7AjSmaJultjFT1CcTwXWiEwQ/Y6xf5iNKAaC8pPKDjcfCW1PDrqvU8ZnverqAHeZblAsV5xnTYoKB9XRKiGubYieB4H4QBweX6qSHGMSwxoMofAyJej1J9aP1ZXHq6JoAU6TcuIqg5QHTIZeh21dK7uB9Fy7qa7cHS9tsmy773SDJZN2cyYgvlhK/QxA+LPB0deHONCeGicPLwYFvuRdlc6s6wg/35xYyhNCDaSwdf7p7aIX0/ceMj1UeHBssuNzXUNrSkuwVGoaan9hqRyO6q57Isc0vUpK6xRU7fZ1FyqulqoSYsIRkM3dd4nwL5XC0HhWTAElpV0UESXegiFiBfkR5q2vLeXPmRL4qn4VR3Z6+9fJHZi8SPjnyAFBglJfmcg3m6xUdFVaHuHk7BA/G2y6TfhSS7ioKFf4GMAjz7Y2sDfjiY2mje3AAHKrucIxR0XDpsbPxuToKQaJcJ7ftx8qvETpGorYhsWRKUJlmGftb2zJ6Wk6tZNQ+KewNmmw0TwhkHiLjwSLoqs20xFFsm6QZjfT9MtpI6R7r+/tvxYzfPb8cf+7rsMu+i5T5lf7Y/CCUBkV6D39qmm79/K5Zl+N/H47qu7yv63k/5EYEg6AjRR3BDOpf5X7697Gep0t3633/joq7vyiRqyj1ayr7TsqXo0zemyfupXIr235l0rA+r8NESuF+B2V8TGOt+/bjysVPtY3fSDwD/E2v/OsBpjn79AjJBv7+04lxE8Icz6+975t5cS/n+DeBzpqibb/3Uzj8d//8NIuseWdMPWfrr/HcsH76OP5vmyzyblxfEP50pAn4nXuP+s3HARwj7GAeA9BeAEcGJD88vZ17U3LPf1R3o/Ep8xCl9U4L8VoxFeTjYhi8WJwaOchG0WUohPXJjQHL9/ORvxx/RAsc/58GPKXvdKNWx0nvabuEpz5ctUt5F6dZgRI75xYFr/HhdvioXOPYOv8QvKZrLZp01tq8s67miMlj8wRnPdu659iRnPHDH5UQIzX/8BUb/DzaSfEBmPn2YXQW56g3FCQYVEuspFOuTW0aYgshtND7UOnQYxwroNMyiacYYmOGeO1hjVWRtrweM3pRPg6KACJd5P9Eo7nRqBQ3R0BaQNN0eA9PwtmhcWM52XfIwDpp5Y9SHHp4396sKjxHvxAvZ0LFCaA2wOKm38cl6eL8hy6dXHO6jswf1yYm8bcvt+pTTFsds+8lDXlrhcJxRfnevFSggU8te04g5l3dBbBsFounpcY18C//4x2m2kdWnwZzM9Y6g5HU4w7cCGTlkka9x3ed4z0UnfCrph35Yv39/TelP0/ibmj1f83vFIfpVXT6O7C8QooBgLw18j6ssWfSozX7n9O+8/ebqiukKbwov6I4iKhzjKIb+xriObFiKE7wZ4pui8wrzBuF/Q97xd+wdh78DAHAM5AwMlg4UBuMIAmEUDoPfCLiWgaV6goEzHAVnFEZj4O84gt0+7v+b7ViC4HxnBRnYfVOZs/KnREMB0V5aV2PAWCxg4zufNUX5x4hg8mNEEIGCYaHQ5zf8N+P7n0P7U88IMP4So59B+Bv3XdF/O36G+6dIfsafy6alvIGyu2S/a4oirxXHseOYM6vCMrkiuHgTaTujs3k9FnUp0SvEMuYsMjzHHnnhrDG1xMCuwBYayF9sMx3myOa695ktLNM7hpDCUSs+g6uZO+A19sU6sFk/8Lc5vNa51XrPVGrm6Do0SffFbk0UBgn/QpUHPl4rgt6HPjwEiDgnT1aLwPGn11Tyas2CVmkNeM80z8Jm8eH1BEV+iEc+3imCCKdS8UjaBsoc4aIx0CcEwdIkbc9XjXchzWJWPg/4T4PAiCKsqZz6Q5G0IqTZwXpiPo2fhA3mYsQC1dFq0nLN3ScrK+LpEfhfIIFAYr9UpzmD0fSx79WBfypCHrR2tpc+vX4MSds0B0R/O3Os7NQhrwjNPWxpKEbTJqmEUuOYz6EzmxaqEjaYCF2HNuvEyAYgNo+403ITEvJPg1r1sYuWycQVemoO89SqAJgHWCsr+rgG/gauJQC/gmqOGGmKnGrmvHLmB9Sv4IBEf2lNUxLW08mphE3jqH/A4Aqt91z85HqeCCAIlou7thueTEgEr7QBYuB5QnFx68b1bfZilezJqa2T+S+z84LhCGCIALGJrfxrFsDseELob33kCLHGvjKSszTbrD3FdnFBERbWEerccUXjvweC0IA3L21pCY0NHl+Vn3JgF7aFNUFrNz0lt0UhB8t8w4I2VhF11hYaDsz7xXTNTd8Z+IMDLKM559oCLPYM2xM9y2ZPluAZL4NCI9muzoLXi1OyrOcBdsOnkyeCYUJB/jFs2xVykI1rnoOpBnHg7FGylRjlPze5ugyDfbGXBaEAX15oWH5l1lf9zgWV6QG1Ta5MytW4PtHm3rEHxKH4eFY36tx49dMwD/N64ajHk1e44sqUZ1uJpAg9T6doPtNe/8Ck5UU2MoaTJ79AG8qlc2FmMXOTSgrF/PQS0ccLRdpmyoKehLKeUsg2dOWewZlo3LFRx/h4eNpsUWwNJyLCUr8aZUDcTLrbr2r0xYYWhAQUeulNWyMcRlQKZnRU7GQcj2565nRtkU1TovsbinsP+zQqmH30VTMxhBVPL7K8WWIgJXWLvvradLvMd7wWNiXe6NQFgckOQ+ULeqcNSyL2E/0ECZps9NHWTYKmqI0e5swgcdxON6LceOaREsR9QifiRbZ0lC+5Hy2UNKpmSt5E/nHMYYRWaZ/kvngLEiHh9z82INlApVR2CwtC/IxdhPOY/GOPrlTloAeDWs0HO2N85JlsUuyLazcKJIbGsTOzqiBzPQtqWE5bFTNQ1DVgQfbKzGpKXDlLjGmyeZWozLr+yKvzKrCsw3GMqfwgb6owNnuoOJbeObbIAylQTnXIKJwmr2uWB19lIIG9Iy+p+cN7rqxxvs0mAtb6qJZrJVv9UZs/Cjn06TW8anlwPTWK7O2hb+ag4j0VKQQFG8oTpOniFlTB5/p5PQYJlF4t0AlwYEQvPqteyRZxa37e+2nw9QD7AFW/SUp2jtEkB9V/j54sBAr6PUHE6o9yedekVWJbjvsCFk68ky9YoWSqjMOWmsRIHPcRVFdkV4V7FSrR1NzG6qMPOMhnl2tfQ3TzRD490rapP6BGUtNFkgcgbk3aerMi0a0iiXuCek/Q6CpQ0NsXDFTJQ4muUh9u4s78KRZsm4IbX9j/qIoW5DCmfGQZZWV4pvrIky8gYfQ78hKTMtA5Ms9EuVU8P70GfgHHHD4Br0VSszDQhEUEFqLh1bxHPgaKk3j/zEKLEsBxAzKTDT6SyCJyUG6iHpyLow3OlR81yPhHX/l7yxBZjaekP7oFZqHeCFKgSDnWAK9LAJwqYljEIEaZzUogZ75CAzj0Eo4gJ7ZXocqAzgAy4TMxTKRoYr+pgAbZFWEbwDEEEm2THSZ+Fe7ZEQUd6BFrCLtmiNskN68eFEn0M7pa+Gt6TWrlXxAsYQ12g2dW3TE3gX+xEsgnh4V+iJ/tVDH163rtyO7pEUriFEoeAnq78x9/+QINClj00pHAqyIkudvSRcituekXSwgCE7QiEDyAx/nnaECf0naNF4C0SA2r1nLbx9sYtR4pSELNVlbl1TVfjU3Y6j4uGx6ImAY0skcsA5w+fQex4k0bKAJe+KGGPh4CQoh36xXWqxrSeCQ3CAYvqrRPZes1vcnefwEGAdx5gXmc0RRNn/g9+BAt158941WMQIDu3hqj+pCCqGc2/boP8EdzzHuAnmbtg3CgQL1gMGatcSrD78qqVUAhVAoClAIM9C/k90BGVMx/FTis9mlAWU1NY0aGEyD58ZCyT4Pd7U5r7Kf2+AIOTP/9s3YpD+YDVM/BxrnbeEP2dB2r+3BmRm2tj/F4pXkm/KGiOwi0J0bgeUaVVss3OGx7FdxV4VX+38htxuA+PkQUOw24d+67Pcawwx0/eCG6SjtqiDl0P0nz/Razdzy7FWT9khkI3wTdRvZ1Ktyip2nOBOPu/GP+ChP898/RyfCTtdlqjsIeva1sbrqKFulqqtqTpUCZ4fBj2ZR7k8pjBcPoDcvc/dOri1RYXye6LZLOZvpata1PjSLM2SQeW6iS0VSwhVetA4ahh2G72UoquncMoVTiKWMnVipCe/fvI09I+qfBwij43T7MNoJq9SqLIyRdsWwqvJt+9MnrObOrXcT2tsoPXwk8CFDp1V1J8uE8bU7PEM8K+Okm2pTAGIkBFv7znpCHT6/EluaU1eR7H8q9JR2l0R3oshtObkcayl7IJZJRWgNWSOly7aEunmAcWrSMCu1HgNy00uEC+HM1/K9LrdeV1zL4+GNp/I9FMzj+N5/K/P2/QoPhD2wwTX/sDgCVgiJ/+sAtShBAmK+//BUImLdz2ZZLlr5x5ZTcm8+32N7+7xtn6OJrqcn8Y+vm/wODST6ICmVuZHN0cmVhbQplbmRvYmoKNyAwIG9iago8PC9Db250ZW50cyA4IDAgUi9NZWRpYUJveFswIDAgNTk1IDg0Ml0vUGFyZW50IDIgMCBSL1Jlc291cmNlczw8L0ZvbnQ8PC9GMSA2IDAgUj4+L1hPYmplY3Q8PC9JbTEgMTEgMCBSPj4+Pi9UcmltQm94WzAgMCA1OTUgODQyXS9UeXBlL1BhZ2U+PgplbmRvYmoKMyAwIG9iago8PC9DcmVhdGlvbkRhdGUoRDoyMDI1MDMxNTIxMzAyOCswNSczMCcpL01vZERhdGUoRDoyMDI1MDMxNTIxMzAyOCswNSczMCcpL1Byb2R1Y2VyKGlUZXh0riBDb3JlIDguMC41IFwoQUdQTCB2ZXJzaW9uXCkgqTIwMDAtMjAyNCBBcHJ5c2UgR3JvdXAgTlYpPj4KZW5kb2JqCjEgMCBvYmoKPDwvUGFnZXMgMiAwIFIvVHlwZS9DYXRhbG9nPj4KZW5kb2JqCjYgMCBvYmoKPDwvQmFzZUZvbnQvSGVsdmV0aWNhL0VuY29kaW5nL1dpbkFuc2lFbmNvZGluZy9TdWJ0eXBlL1R5cGUxL1R5cGUvRm9udD4+CmVuZG9iagoyIDAgb2JqCjw8L0NvdW50IDIvS2lkc1s0IDAgUiA3IDAgUl0vVHlwZS9QYWdlcz4+CmVuZG9iago5IDAgb2JqCjw8L0JpdHNQZXJDb21wb25lbnQgOC9Db2xvclNwYWNlWy9JQ0NCYXNlZCAxMiAwIFJdL0RlY29kZVBhcm1zPDwvQml0c1BlckNvbXBvbmVudCA4L0NvbG9ycyAzL0NvbHVtbnMgMTIwL1ByZWRpY3RvciAxNT4+L0ZpbHRlci9GbGF0ZURlY29kZS9IZWlnaHQgMzcvTGVuZ3RoIDg1MjkvU3VidHlwZS9JbWFnZS9UeXBlL1hPYmplY3QvV2lkdGggMTIwPj5zdHJlYW0KaAW1mgmQXdV5oM/d79t7lVqtRq0NISGEQEICxC4WQwADtuNgD14SD/ZM2Rl7MpUpe4JralY8TlKVuMax4yqPpxhPjAnGhmDACLMbBAIBQgKEBJJodWvp9fXb7n7n+89rYVw1lSpSM7duv77LOf/59+1co5PntlJ2qlSulKUyQ2X6kjtOQz+zujcmr4wkTW3LThPlMDhVqaFiS7UXZqs+RqZxaDPRtAGQJ4Zh5MrIlGkow1TcmIq1OMwUYMpweMscHjAgV1auVwUqp54Iao5GQ5kyLZMVlGkxPs00ziY4y4tTCOt1DXnFoaHpmbFSkSySFvgFZw5H5jACslRmGiDEEhY3SZaaZlNjCu2+BiaLxLlnMzSGDjn1WGB0mQcgoNr841SxMvNMWRAui/J84b9c8747W66YzwFeQp48lpM/y2LpXLDhMFViqvFU7Xrr2KHxqVVLhq7ZMFi2HQ0zDcPQ9zzAMtQURus5sohM1QcDBTy/+pnAlwMGyxU/nN1X+rn+gWpTo7rw/hQ8HmqZnRoJhA+shQhhrHDMRDyazacGduEkaZLkuW+7Ee9tM1Dq3mfeGj85fcbyZeeuPW1JSUGJrQEoo0u9XiA3RIP0UnBMsO4eIrLffZDmwgitx90XIlwZDEIyVHQtUzbCEb1GUkaKvpqZmSdZ5prHlPr39+769b4jdrFodepXnr7065+6dEgpF7GbaKvMluW7zEHGHKaGL9fCyQ9wQ14uHDkKiDaABBotbIc3moyu9nApFsFcYGlwQBNIWkZcM1FmyQheaPL0YPCAh1asXN5CVdc85L8+8jSLLHNGqT/+c/g8ljmlLIyv2XTGnV+6aqmrVJI4IG+aXYNeYG8OSgBAJaDXFCRkXRDhxcItsIVoXvC6i9KpS33HMyCgwAtvZSTm331kOGai1FOvvv343netZWfOVwbV8Mon3x57fO+UCEdzFmayvkxaAAFneRTlBmJgYQMhiJz/L4deSllMgMUytguB0XIBWpn86ZMHCw/zVKjr3nVfCedlBY0EyHDJpGRhTXFpoko8gncqQZtM/Mv9Lx174ciUM7yuU16WLVr7yMsHfvX0HsZYth1nsq6Btz0FQq7AR05Z6H1CQePUojJWXIrGrPtQTxdfzPJQaKK3TLUs0Y6FQ2SFNqkgVomrjs9OO8XSfBRbnh8kHccujc920EY3VRYy0dBlbS0fIdkAYqL1Thw5C3Hg9xZE3x3PYrh2eXNKK7tYypMuICBgd10bEyCCIP+wAy4MT6tzyiR0SggTAZh6dU29wBGOZPJInLSMYT3BRnTjWH2uxXUnN60KfPcLlYNHxmJ1NhBdW5sBcwQ/1uIfs/nl0QI+8karAuaqRSvSFvjdk7fdgxmcpw5LPFoOx08BM0TLAO66/MuWjSz287CCR2nNF5K4mMSLykXEYLriB8VTaVigjcYQOYUWcSY8XdDR366ukeM172AQPEs1F2QGB0+7kwQIJEk87CqWJuwUHaJV8kCPJnLCR6axrF5ZgDhd9eo+5VcsRp7LFW4aPNctH7Ha81UjKyRBIZ7309bo8CBAUQgZmOnoLNjqP1mNP9EAeaTPhf+8FznKa0I0kDXvuJc5PCUmo4LYu0haRkmolzu4nSXKtgQ5uOGq+OLTV24ZOfTS4SOu5fpRcOmygVvO7cebNZPQtz0YRvwQjmrnAR5YiWiyICKmARxuTrF8AUmt35ID6KQmtw0dHgQFACRoXDcPMTHiPLdguEZbYItgOYSOLiyCuX7ygR+wxmQFH+23hCTGGiFzZLZZVOqqVZXPXrzpH55907J8M29eeObSW67Y6kMwyxmGjViEg/ANNUVsHCBGCvXbxU7ZB68Ebw58GjmWFZHS6HvWckTzAENqgg+TgV1CNJsUTMQ3GyxmxjiBhipOK/X4/mB8srGst3rTes/TTkcDE8xdKFkQNQDgMmE00kC9XPwDKMO4hVVY6NRaUA8jOZGFiJXnYMLILkrQV5IrfP2CsLor8ivuQAaT/YkP7o7v/gKE0WDVpZ4LOXPx2aG2uZJ+xSotpR7bk+w98O5pS2of2baY8O6Jupn4LFBBM4SVH4DDFIIsPOwuQYoChguGokfiMnMUGGbhWBnHCPJMTJJbsmPmT7RVKxQtXlpVZaV6ARFnluCboHEt5TeU0VGCKLowqBdoaAy69EAhugBA7FL+pwlLiDabFgpiWhZOsK6XZiTIsbrGMspVhJ+PlN9WBpgcb6p6S2EknquWFGXYAFJMIqFMlBpoItEwzFzPhMfkrUEm2SeIscTRpjoxl7uuMVhWQ0WhgugkRYBemgEwEB2q6eftTIWWmte8gwro6gc3qgZTsEUGsKU7Hrq6MoPLUDE2qWDKkn7V5wiGsAs9106U5XS58T8f2T3WitxSMQ+bo1X3livOm1PquX0zz734Rj1MZsJmlkUDJf+8lafdsGXD6pqJG3ZyN87C1DLu3rHrnSlEUXXjzmq3/blPXPHOial7H96ROr2WU46CcNPaFbdsXYm/acdBxfFF1USPsUTBeDJWf3H3ky3T9z07q08u99QXb70us0zDKMPfN6eiHbte27n3QDPMm4ERpK7vuiODpXNXLL7uvLVnLXaRoigtWiahQ/meGcW56RjtXMXk+JF66Nl3nt79+tHpejtVURTZaXTWspHL1q+58cp1JU/d9+jenfv2uuVqGKleK/3qzVesHCojnu/86OG3ZpLUq+Vpuqxq/dlnL+2xLDTl8V37f7HzQGCWyFayYP5ffv5jy/rVniPJvQ899uqBo8dn6qZpFWxrw6plH7v6su2beqq2GE0W53ZXc18ZP/H2fJo4hSyOVg6Ui7Pqvh27Dh85WXX7W2TOvUPknMdnZg69dujxNw79yac/esmAMluqVPJQ3h1vTe2fV5avjMbkef35jWjlwMAbE8G7cTsiswxnD87ObN+6sp+kyPFE/kQEEmRco2XDyh2vnXhw71hYqPm24cyMf/XKTVhPYtgY2bd/9srjrx0IMsswS/CoWO1JnNJUo3FyvPHqoeP3PP3KRy8570s3rOsxROngeJ4EyMdz3Gaq2pZ6bF/wt/c+9PaJelKs2qUl7bDjVBzX9n49PvPk4V0/fP7g179647MT5i9fniz2poll1tL6Zz9WQGHbhnr6reMvz4aJ3zLDfFUp+1ouS8Cr/cfqD7x4MCwscm0jac9tmlD3PHf4Rz/9hVXqSYyiWe5Ns7yexNMH60/t/uGt12y74wsXQrHnGFJRJsoMbSeDDLOMYhzNwx88uGu62eoZHFbNrOT6M3lMveT2DBI+jjZm7rzr5wOfu2Vj/ylP17M4MjLbLxpGEldTTKFmqW3btu9/8XBYrPpW9eDJd3a+PX3NGoKkhL2ukxMfr9TJVP38mVfiyhKr2tdqTK8YGrn48q3EpfFY/YcfPPb8eMPuGw07UdHzSnmUpkmD3KZaNvJyGvc1lbrryT37Dxz+b1+7bin+IUl8RCRRPk8s45F90bd+dD+GkveO5G6xlcalsttpN8M49HoG8P7vNpv/5tsP91Z7SyMbUtOI8zim5vctnACn0ztoZmFolBzbNCtEFSEWyzGLtaTQF5cGW2FQ6av91V33z9dn7b5lcQ7xkWPaqWFnZpHsBQv/yaPPFzz7G7dtYa7piDsSL4coDMOJUqth2Cc7nbLvZnMnquF0rXOi0jxWDufSsBVmqdvTM5tmv3hqJ74PZ68demLkQZa1DCskt8ZScLLbzx2tWFzHkXJSv2/H83tRXjIGKRY5cc9gptTO/eGByY7hVUmK7Sg4/5wNtZIEjH/9vSefHO+4AyPNZlAtVhqT0+HsXDA53hfNqpn3ZuvTbcNKnEpWHn7pePTlO+/DPxqS4VJQoHfmWyfiO3/8D8fsvjotGd/rdFDMljF9tNY+2RtOWnPvJbNHSy6NmPTE3GwnzTthmsWpEcdmlhIn0AAiRBJ0HKJtFEgdDLFd15xneU6Ism23YLqlk/WO5ZaSoO2E871Zw20etzqzvmUEACz2OYPL7vv1c3veS/GQtmgApux6aQe3IxVxqrKyZ9ba8zddtuWSM/txp68cmX7guZfeC/PYcOaazb5qz8HpqYlYlQwSeJVGYU4TRtlJEtmWB+s5V9bU5tOHH3z9oFkdcAs9r7137PVj6sIl0oeikCF+I1Xczv2/2RWVe+C41a4POPE1F48iv+/97OU3ZzvO0Giz1SzaeTJ5+KLVI+dvPHPF0iIh7sDYxKOvvf3aoQmjsjSz3bg8+M78+N/89Kk//YPL7CR1bRfb//59O07ioXtrbh6mUauaNobLznXbLzpz5Uil5swHau87R+575MmpyDX9/jjTPg1vZTk6nRJfH+OFMlWw/dzOw7hD8IdPHKT2URTi/LDI6amZ3mLBjOa3nr70tlu2r1yipmfVXb94fseuNyt9yxrNNslgFOWvHzy0ftlqktoCAR5HjPL7mfJda649WzXbd3z8hq2LBDT6vmJt/6rhj/zJ3z6irB7fq+SqfWDy6ESgVldUo618x3dNZjsZGKdSMBBtieDXbV37m317AhGfN2k4D+3ed871661UFdENS/zGy+/O7h4/1qkMeypxWtOXnL1kRVHtnsx/vW+fXR6d7zS8PPajmdt/b/OnLh1FeMwD+GVLh2+9YPgnT7371z9/1upbHhiOU+x/cOe+Ky7cvG2ZxM9HD6sn3627lf5GMGNaRlqf+PRFZ/7bT14gThyT0jX3NctGb9j8uX/xrbsn4iAxwd4i+wJPmgN4CUFQkncz474bZHVCLkHX8cjscGJYZ61WtTtTV29ee+ftWyBZUrWSOucrF37tL1uP7Bkr9Q5RiwQN692jx0O1WjIhKVcs3LWdZEkadip5cv3WTZsWSQ5UU0FZReVMnVVV55y+Oup08swMwMsvB6lOB4t4h4gGEyxwHIemjOSPOn3eNGRsGOqNGvOp6UZuedfbh4/FKndxIEjEwNh/+dzuDN9LnDayohXfeOlm5j6z+43J2I5UZqnASerXXngWXCZr7FGqmuZlnFWSDSn1+ctW3nzpZhXWkVnkFmeM0hO79+NbYdNv9k9Mph792aJDHGicv24ZXCZvKwSK8o6LPiJnOz2zqu744q1Wa8pDTbIUAizHwchBXrs3K6NqN216kAW/gAlCIB4gzTLbcUlLeYXHWORn37x9i8ZNFeOkqvG88ZKNNnmGMhud1PTKU3MkijhnYTUhJAYERViWxoOmdfn6YVQS0GZm28quGOJ2B8qekYXI0zQ9K7JpDTEfxaSMN3BjibSe40xyrRaLGJJTX3v2WTaASSGd8lQzfWr3BBEM1pB3vzKldh2espRXMezW3OyGdWesHaBBol5587gqjURZ6lmdAa/96WvXFLAz+i1pLhVpnuI+MDLO225c30OlZcS01LPa4l1vv6cZpN46dMgoEI7oyMSFYOYPb7pKAkmcl5xcHGOAoqqKb3mJumK5unzNcNKcs8khHNxF28UD6qCX5E5qm5GROo4Xh4mEMW2mUt1kVGyO6fpBc+6WSzeSzvtUy/hxi8xCkp/TTxtw3UKbrrzbEwnnMAqZLq0s/Kb0gCzy17jq5L22UCIHfSpKbywOEA5Jc0SDhsVMaelKRSdCAlBO+iLVIkLjIe4DdScfumDN8PKBatZp2KYdW/6O3W+Qk8xnonf3PPHCTF5wC2UriXqt/KbLN4LK7ExSb8WJ4TqeH7Ua60eHlxiqzAvWMI0kwcrzLOqgBJRwQ45av3xxUJ+2bZsU8GQ9mKZ2An6jSaJumU4WRssHetYuESILjvgAlaYO2kKmlUodAVM2rhk10yhN2GeQx1ae6dqKKeQGcgoTREByAIBTfrjPMs/Kq26OFNkDkUE6kYdfRTvzbFQehuo/rRbS6hQoYhrkJB1DtVwnQgocLMLiyCFhXwVGF9H4wMlD4pM8p+uvrQnVYW2pdqXSW+C+2F2uhirqnOX9hXAK/bfL1ddPNp4Zkzpi37Hg5XcmsurAfBJ35qe3jPRtGRDeJWknjucdV0VhYht+b6EHAWv+aDSkE5fLvkIasdnB+F43L+VxUW9EkPE0O5oDUewQ4qUAN6quj10jmBSfCtK21VZpSLfYydu0nnFH/b1xEBQdF2xRFzOX9gvj3axjyS6P1iUkoCnVXDdw53Ye2VloG3mhVMGmpYGB5gmjpSHk22bBSoHgpm2isZPHCA8tFEqky4JXpG+IFAUj0WgtPUE90c1fF2wyZA6jdP4jspFDenKsQKDJMke3AOCHg+HSLsF7bF03aHfyuNPJVODV7v/NPtrqv9q9fy7DNl3cddFMP3H5Frwb0sUsaNlkVA+WlyWmqzBl6dQR9CHSEJ9hEPW5ogRAzC5dH2ww6FBIsvXDILD1HA/3ZhhWnORhlBMewdPGrMkcYLVomXRRbNvkVb0TOY6bAVMrXJcmFhUrllYJDR/p+QBBP4RfQq68BT+Vue5Cvio5ABAEAdMUZLByst4YE+ERWNHlEa9kpq6Vlcy8YqRFK/OFPB7SrNILdH9so6SoBHSHgK09stZu3COzAx59URhEQwB1oI2AAG1HIJ/Tr9YtRu1C0qfcK+0/MXffW+qZQ1OJW4zDyM+ydSOLz1/lwWhXZX2lcsHx6R2LyhnexMRxIETkaySFejMK2Kny0szGy4P9san5TLIdobHsO/1lGTYwMEioYLhX7DlyojExLYwOw6Z0NmSvKPVgeCotdUT18hvvuA4qCMU5IZoxWochkoLbT4xCbLgZEqYTLe13SEN9pVODSDAM10hhkTAQbMQB6B6eJFoW/oEQShZGt4KFRAM5U3G8DtzKTZvGY1d6kKINCpBdX8Vy2JZQJVD1RJkrvMdMTdIJxoti8l6IJwPJMPCrtmyw4qBU8NM0jUz3p0+8OIaNk/EbqRvUr96yAW/uYH9JOlBQI339ZtDJ4phSc9/YyVfGFeUqB4jKWlx5LpqITe0eV68fPm56Rde1405jUX+1p6w8Q50+Mpi1ZvI0IqefTewHn93P+Mwro7Q4OZSdfVA4QsK+f069PT5jOIUwJpnWdilLdcmDj7gBCVw6xUOjIRQc4LJwRXIlrEZ0XcZLhOvqo16FKdLNEcMyxUeIJMTm8YBIKkssUoeYRhiMFkYBULMMP8BdxrYzw8lEDDuBraysh+knJoWVaSEnyTpAT8KN7GtEKMK2dctWLO5LG7N2GsZJMlYPQr+Kg/CS5oah8tUbK2gEm+sIiIvLNp7ltuslJ6NtMV1Z/P3HXh2nX4LtADZLwjxvgpSt8D/fu/dXHb8vNtHR0Epa5529VnAmAp8xOOI1zajRpIU0sOSnT+z62e5j83RiukRBv2mS3Y+F6i9/9MSh2SDGo7pFqdUkTAq/hGV55mRioKwKD+AxjhDFxC4zcgYGgw+/pMULTBB+Y+/aEwBBhwgRAyzHKQvXhInCGmCz4Yan135DM1rLVquSrC0uDkFJpStrCGQ9YOGH6rJIaY2uyUENJw6RrCXDLVyy/vS8fmKgin4rr1TFe2KueXP68o0ryWoBblt+Vz2u3NwzwqjOrO0a5J87Dx/9rz9+/s2OmlJqzrTnDWPeULvn1Ne/+8s9R2dUEYHFTtwcrZjXblsKPoC6YNTdvHLAihqea9fpgNQW/5f/8cB/vmfnnin1Xq4mDeNAoB7YE/3xnQ/sPnKsMLAYzUL+aJUOZeKLgbPAciFZNId/eC9RLBygdtdoXFdhZbCmOE8pEzQjdcSSJgPBFbVgBATSUWJ+mouCejhaes20GbWRBpIkCdQ0SR1iR5S5yg5Sw7XYC8ZyhCrWSJPQtQo8SUiZE5EeB7ZvykYz+ZiNOV+7eemjTyVTQTPPC1aUeAgtaI0MVq66gGJQ6Z6eEMpckrbbrr/oP93zsF8pJuyUlrxHDhzb+ec/P/v00eFFfa5vHxw79so7J2Y7uVUbIu6XrTSbmfijW69dZUvpz8Hv7X9w88vf+l8zQdPxy5HthOWVP35+4p4X/m7JQKWE/Jrh2HRIq9LpG+jEfMHBupKbUUQQfBeIcrx2lkEUZuRAqhzdhEq8M/0OBlKgdZ2qTo1En2UXhdAkkhEPTWmDOQR0YGF0QJ7OSzLoJKFPVrNtz3N4Iz0j8WmyMCKW5eXI6abgE+J2hxSLA6o8Urqw3d2honLlIY1mepXkKnyIQgbAo1FfbTtr1d/vmbAqFYf2QdDI8M7bL6RUw48TSpklm1Q6t73x3MV7xs568KU3in4lNUpmz+KTnejRNyeMvYex4NRwYrfXrZZt7K85pVoTH9t29u9fsByBIXY0A5TO6lN3fOH3v/ndv5tPeo3yYGIW7UotdeL99dk07hQKRdXXC/vmZo5WyjWCk3TTooivUNDfJDfFUeR5sUD9GHlkecQMmkya20I+nEEuWdrpdBwUkGVFu2ESRYt4Trwg2VfJd9qNuapt9vb2oMpmQXnk7ZIYGqFPqm1mjSASuuWQYMxUoDHf9D06w/DbM8yq55copXRH0c6zkp2XC7SXYgIIU9BNvTmEH3fE9ep6advGM6UcYEslCh0jHak42zctI3KasjUiiKIQMJ20Ds/x7z563hcu21JutVUzTALywKJX7vFqg05tuFhbUvOKdrsdz84Ww+Znrtj8jU9uq2iRk2GzFglsn8puOcP/m3/1iTWFljl9pAp1UZh2Agqk3p7FlrKjuel4auzzN1y+dfVQ2pxxqIAt6CAK8cWSGFbUbllse+ZJwchd05CdT1SBIBwn7FV6lknnlmGuI/pLf5X9u4CCX9cWwvuoXTQSdMpM2q3mHHMpa+kwKbcxZTdTp1C2282Sy86DYAwgyVrEAyEtQ9UnvcZJBJwHgRM0zHbkK5eSvhbVrRNTdrnXaswVSj0kWxCMC+/mCawhrgmvyycJFt4wxgnlzebVF6wfZStd4rXkmtgO6ScLiVNiwUz90ZXrVo2e8fePv7Dn0Dh7SxaccN12J6KdUraNQtBev3rlrddde/lKBZcNCmubbo30IvBrYafuOaVLV1e/983b7n7kzRdfPnxitjUXNWzfYzdiUbU8PNp/80e3n79K/ccfvF0ruPNBQBWOweOaQAJdqeXtatCKo1azMVcZqWC+luz6k6m1qvF0Z0q0oxTNZI1pW0m5wxSJWgRaaAiV25lJZuo+ChE1jBDQEuiNAVd9+dpL5zB1kt8oXFbwqjDGklqHaQI+z/oM64b1o6NV9uy8nA92os7aQT44yGsq/8JlGz9tF9E84t6Ao3qFfRKfC/RbqQ8tl1KlaalHX9hD/wGv43q+b6XXbT2D/o4rUsQCJBcSB2WQvUh5UtWbJtevNrevvvCFA+Grbx0YO3ZirtEsLqr0VQpDFe/Cc87cMFpEkRAVSoW3BI6oBVymK1KoEWgQ2ApL/en165pXrxs7ls4n7enpmdP6lwz2u5UeVlPkIc3JyYAGZLXW6rR7+iu9RTQs71XGV265vBkVcstNs7DqpIuonTQnrjl3Vb9vWcUaqXDWmTt/9SIPdxwHtCB8tIMuoOEtqalvfvGTQGUnlwJyuCy1vpFEOD35PAenDLKcpK0QjtsUtGGEMK1F9hpaDmM4GAMNnPTF0T3CI0GTURzQbLLTQSJEYkSfhiRUmXXDeHpSfeO7P+mUBg2vFM3O3Lz1jDuuW92vUlvKUREq+hAlqc1GD8qr7RT9YlsHZ4UX6ogMxFMxFmvjhOwu5agEBoHKYMA0HWLTfHe21aRrVijQN2h1OkMDhT4+cujum+i5yJIu0Sz73K9Of/uH93SKo4Hyotb8Teev+uvPnF1OOw4dJ1RE3K4czMWnEdzoG3ELWP6DDHwgHlArCl7dX8ma7dSk+7hgx8zlZBoKLR/H2MRRSWDwxVmYGXglSGKEAIMIug8U5/qONp2tqxpcPlzAoRXY4su4I5EmpzMdiwn8ByDiXVCcnz31Wt3tM3BNadxvZzdevBqR2IKtNCWkdcWKuk+iVRMPQNJFOZ7FWV4w2PiWCKPJFAJAlcWpxGXnE79vSoXEXmFGrWl637n/2cf2HHK8WoAFOc5Qxf/Kx6+9aI3UyiyFQiBcdPnhvY3/fs+j7eJwbPrMt+LOljUrINm1CInyaR7BWbAjC8aFg59OSBjA5xgxG/RYES0JcSH4C1RKnLUsobWEPqT4Q/19DNB4TnCS7A2/Sc4bSGWAizvFZaZpVwssJjIBYGQRkEnQAz6YMEBUW+5F+8GDU4pZ2q90FLVgD55Mnn/zXbP3tASnMzd17Vkrz6iIVjJb0AFLEIGPbHfKd0SA0d1b3VJA5JDFvolgwjBZVHbRxQS04SFrnoAFGRE5ACtu/8hHHn7jf3fMSugX+FJtcmbuz75/99nLB04b6l08UGNv6vjM/N6jk29N1DtOX2aV8zgpZsHKxaUrNlXACtFxgAN1Of90mbxAqZCcEkVyeAS7BB3J/IRdXAvemiHoCv5H+CJsgxn0aGkKopO6zQdM7YhEid8/tJPmTvJpuCxQwYQ7RncNfGG0PNIiFwFLAqEzTdaW/apnX2tiFLCh2S5m0ccv2ciWAl8d6BkaqhAkwGVvlbJVL6TNXRbRnwFrddZrgQn/mcEBryNFtwEzCz0SWP0t86Yl6p//3hXfufshb2hlhNMv9M6p0pNjc9ahgyoJ6GZHmRnZJbe6gl0K+F7mY436sS/f/oeDjohfGkbSWJciRePVRUzjxI9wVhyIxmXhV9ghE/XRZQvDmCyZLWMM1xAzf/84xdX3H/z2Au7pSfKku8TvXmn2/na4vmIpGHFgKt/1+r6+/tFWMF/Lw/PWLF+3SL4At7oGIGLRbBMNEO+kD3moXwiiC8cHluWye8d4qTbklwpMnAq70IOW+c8uH46iq+566Gm+Eij3LurEuVPpT+Mi5FMJs2vl2F4Uxi6t6Prxipd86TM3XLzW7UeLpTqghnPo6Wi/Jov/duXfReX9592L928/MEqedZ9/kNELA/6f/KNk6hrgjsceCttTpk2XOzPazRtu/izBlgIMlyHWJp0brQN4BnggyvohDkZjt1Ltk3xJ8c9HVxH+Ysgp3H718k2rhr5/z0NvThzwSj3T86FVKKYWhUlCfYIH68F+w/p5a5Z++VM3bhgypH0IhLgtAUnaloKJKOWHQOcfG7rAjn9syD/1HYzuGMYz74zP5F5kV0gXq1ly4Sq/lCrip+R+p6xLdwSgSLuPD0mZxBzNkyxq8YGSMEY8thcZDu1V0qSX31M73zg4Nts4cnK6Q//UcPiSYnSwtqTiXrRh1TkjiEj5aeZTY4nX7fKWyttkV1w2VBc8wj+VC6fm/f9ldGzIZ3PdpJAVqSyIVtLMl9KR7yjxLZJG4lzhELkPY2DUh2O1MIeAwzQgCEBAcSbw1DKBTnjEHWiPIF/G4F8o1nE35LaSIMqXqWSnCzzucjpnB1aMiwZ7Yknv4sNhdIq3v/P//wBkfQfkCmVuZHN0cmVhbQplbmRvYmoKMTAgMCBvYmoKPDwvQml0c1BlckNvbXBvbmVudCA4L0NvbG9yU3BhY2UvRGV2aWNlUkdCL0ZpbHRlci9EQ1REZWNvZGUvSGVpZ2h0IDIwMC9MZW5ndGggNTcwOC9TdWJ0eXBlL0ltYWdlL1R5cGUvWE9iamVjdC9XaWR0aCAxNjA+PnN0cmVhbQr/2P/gABBKRklGAAECAAABAAEAAP/bAEMACAYGBwYFCAcHBwkJCAoMFA0MCwsMGRITDxQdGh8eHRocHCAkLicgIiwjHBwoNyksMDE0NDQfJzk9ODI8LjM0Mv/bAEMBCQkJDAsMGA0NGDIhHCEyMjIyMjIyMjIyMjIyMjIyMjIyMjIyMjIyMjIyMjIyMjIyMjIyMjIyMjIyMjIyMjIyMv/AABEIAMgAoAMBIgACEQEDEQH/xAAfAAABBQEBAQEBAQAAAAAAAAAAAQIDBAUGBwgJCgv/xAC1EAACAQMDAgQDBQUEBAAAAX0BAgMABBEFEiExQQYTUWEHInEUMoGRoQgjQrHBFVLR8CQzYnKCCQoWFxgZGiUmJygpKjQ1Njc4OTpDREVGR0hJSlNUVVZXWFlaY2RlZmdoaWpzdHV2d3h5eoOEhYaHiImKkpOUlZaXmJmaoqOkpaanqKmqsrO0tba3uLm6wsPExcbHyMnK0tPU1dbX2Nna4eLj5OXm5+jp6vHy8/T19vf4+fr/xAAfAQADAQEBAQEBAQEBAAAAAAAAAQIDBAUGBwgJCgv/xAC1EQACAQIEBAMEBwUEBAABAncAAQIDEQQFITEGEkFRB2FxEyIygQgUQpGhscEJIzNS8BVictEKFiQ04SXxFxgZGiYnKCkqNTY3ODk6Q0RFRkdISUpTVFVWV1hZWmNkZWZnaGlqc3R1dnd4eXqCg4SFhoeIiYqSk5SVlpeYmZqio6Slpqeoqaqys7S1tre4ubrCw8TFxsfIycrS09TV1tfY2dri4+Tl5ufo6ery8/T19vf4+fr/2gAMAwEAAhEDEQA/AObApQKXFOrIkMUYpQOaXvikMTHpTgp704D8KcBQA0D0p+2nKuPrUgTgUARhKcE5qULzTlTJosBEE9akWPFSbCPen7e1FhkYTNKE5xUgGTTxHzmnYRCEFPCc9Kk2c08J7UWAhEdNUOYwR171bEXeiKLCD2yKpICJACoIoZc8d6srDgkj8RSmPn8KLCOXwaeopcZNSKvNADAlKE9qnC4GcUFCaVhkaoCaeEqRU9KlEfFFgIlQU8LUioPzp4SiwDFWpBH+VPCDFOC47/hTsAzZTjHx0qVU3deKlEfpQgIEi4qTy8kVMseDmpBFzkCqsBXEODUgjwRVgRZ5p/2ck9KLCIBFz0pywELirMcR6HqKnEGO1FgKAtycfORjrS+RnPBDds1oLBuyGHHalMI3nHXvTsI4VUBNSKlOEe3p0p6qSelSMRUyKds7VLtwKApzQA1Y+1ShBinqvFSKtAEYj9KcI+KpvqBeeRYJIhBA4jmmbkbuPkUZ+8M8k8Dpg844vxB49kjla00qXzIwu1rhhg7uc7cY6cAH2PXg0WGdhqWvaXpMbNd3G1hkKgUkuR1C9jzwecA8EiuWm+JsCTMINKeSMH5WecKSPcbTj864C9vp7+4Nxcyb5CAM4AAAGAABwBgDgVXB59KdgPTbT4mQyTASaVMI+rFJgxUfQgD9RXTaT4s0fVdqxyvDKTjyp02t7c9OfrXh5YEADrnt3qVSV27JCJQ2MelOyCx9GogIBA61MI/avHPDnjm60F1iuppb21ZeUJz5R/2Sfp0zjn8vWtC1/T9et/Ns5VYZwQDyOvUdQeCeRyBxmiwi9HDmpliHerCxbTmpBH3PFAFYQjcDjmpvJyelTbBkU8DFAiERjpjim7cZ/rVgioiuCaoRwYX2pQmDU6KOlSLGByaixREqgjpT1iHNSbMDipUQnrQBEqYokZUtnlMiRgLkPIQFHoSTVgRgHrxXnHjzxDcWl8llblVHlZO4BiM5BypyBkfjg9skEA5LWNdk1CCG1iQQwRgF1XrJJtAZ2PcnH+cmsWlJLEk8k9acqE0XKSGgetFSCImnC3Y9qXMiuVkSjJpTyemPYVZSzY+1Trpztjac5o50PkkZ49CSKvWU8tsRcWszw3MTBkdCVP5jv/8AXqK7sprZwWXAPektNq3C71LK3BGcVSZLVtz37wB4q/4SnTHW4Y/brcjzhtABBJwRjr054GK7DbjivCPA+q22geKILgPsSbMF0rYOxCR827GODgnHUCvfcAD1ptEMi9KDnNScYpRgCgBgHFMI5NTEcYA5qPBB5oEcSi+wqVVpwTipVAIqRjQg4qVARxilA9KeF54pgUtWuBp+kXd4VDCCJn2k43YGcfjXz3eXc1/dy3Vw5eWVizEnPNe++KLGTUPDOo20W7zGhYoF6sV5A/HGPxr59IAOKBokjTcKspHk4AqOFTsz2qdWAXFYSep000rEiQgdQCamSLoagDSE9sVdhHAJ6nmoZvFJhFBuODnitnTrAvKoAyCwHXpWeX/u+tb+kTbAOAWJFC31LSOwHgCPVLIxLiRiM8dvpXnXiXwsNCdo2Rg2cYY8euf0r1fQNcEcscbZVDwSOcVV+KFhBfWFpdfKXBO1gfpwfzrpVrXRjUg2eNWtr5reZvCPGV4PBYEkE59jivpHQL86roFlekbWliBcDPyt0Yc+hBr5slZothizt5JOehPavcfhdqX27woLZh89pK0eSeWU/Nn82YfhVHGzsiCAMUoGTUhptBIvHpUTAhuKeaY5piOTCGpVTvQvWpVGakYzZjmpFHNPxkYNAGO1ACSFUheRsjaCcjrXzVfQJbahPDE4kjjkZUcHO5c8H8q+kb+1e80+e3SRo2kQgMpwQfr2r561jSZtF1hrOYqXRh09+eR+NA0Q4KAL6CnooIyxAA9TUU3UsT1Oark5GSSKy5bm/NY2oEifpKmfc1bEPvx7Vz0LkEdcetbVrOWjC9aiSsbQlzFoIq5LNgfWtOwvrVBsMoBXnnvVb+zHktfOY7UI71zt00e5ljLFR1bNKNmXNygek2Wp2ogUfa1EpJGD684wR7Y/Wuh1KY3/AIbjhnRl2rjnoe2Qf89q8ZsI5ZTuSZUUHG+QlVB9Nx4H412uiaje+U9lKXyOCvr/AIitG0lYUJuTOYnjazvnjdQQrcg9CP8ACvUvhu+qFTEtrZwWKqGkkTl5Tzjv/Mdj17ef+JYgdSRUQl2QbgByeSBXsfgbQ4tL0KGRWYyToGkDY4Pp+HStIO8Vc5KqtJpHSgU9F+XnmjoT9KRSQeasxYjDHSonIweDmpetMYDnjNAHMgc5qVRTACcCpgtIY7HGcUBeRTkxginBc0gAV89eJlLeL9VBySt7N19AxxX0Njb1FeJ+P7VrfxzcOfu3ESyAD02bf5rSlsXDc5JwJRgjpTypmiSNgF8sEKy9cH1qQRjPA4p+zjiseax08l0VNjKgiAGAc5HXNWbXKuozzSshWPOMCnWiE3CYGRnmk3cuELSPSrbRJtS8KQeVzjduA69ua4G80y505prSSIlJD94r+WK9c8NTHT9GiluUZLdz+7codp7HB71leJ7iB58wojJ1K9etCSSujoqU+Y4jwu39nSzrJGhSddsjspLBf9nsD7kH6V1WmwWKXyGxtWhiBUKgYt0GO/c+3rWTDBG77oxgZ4HpXY+E5YrK+3vAruBhdw4BpppvUhQcdjJ8RaTE17LcvKbd1t5GXAzuZRkL7Z559q7r4dyNJ4C0tmznY459BIwH6YrjfGuZrkx7tgYPIxxnYirzwPY16HoEUdpoFhbxDCpboMe+BmtIas58TZK3U1QM0jdaA1NZsDpWpxB0780h6ZpjSAUgb3p6CMNVzQOmDmlQ0c4qRksY+Tnr7VIowKYnTnipOKBiHBHSvMfiVoN7NqlnqdtDLLCE2TMi7ggBJycdBgnnp+leoY45qvfWn23T7m0LbRPE8WfTcCP60NDTsfOpwrbT2NPVhj2psrfv2yD16EVHI2BxXM1qdsZaEsrIcA5O3nA7mrFnLtYEYXPHB/nWaC57YzVuzXJIJ5x370rFxlrodpa+KNSsk+y2du0tsRiVd2VbPX5cfrVvU5hqPlPFbLbsqcqucdenJNc5oM7iR43cRoem84Ga6OUSWyq0gGCM5B4NEY6HRz3WoyztOOB79P0rYtRJbTBQxwOR6fj+VTaV5Utv5qAAhhkVLcIzy7UPBP6VEr3saRta5EdKu9c1mGdFcxwH95hhtZWBBBBOegz+FehRxLDEsaDCoAoFZHhxfLspTswDLhT6gAf1zWtu7ZrqpxtE8rEz5qjRMDnikkbCHBqEPg5z0ps8w29a0OYryy4PWpYpCUyax7q7CSdaqvriwxldwFIZfGQacTg1EWxS7jjrQBKJMDgVKDk5qAHAzmnrJkUgJw3FL/D0qNW4pwYEdaAPEfHOkHSfFFzhT5NyTPEfZjyOOmDkY9Metc1KDgEele2+OdHg1bw1cSyttnso3uInABPC5K/QgfmAecYrxFn4HNZyVnc6KcrqxATLnAP/ANap4YJHwS2BmkGM5qZV44qGzeKNTTLQ3EqLJPtTPzfSugvdGAs/JtNUmcE5I2DH09q5jT4pTOu0Mea7e1hkWJSynkdaV/I6YpSQ3wsbiGNrediTnFdDNOBKFTk5AAHUmsu0X7M5diAe9aWkMtxqBuHAKouUHvnrUpXY5yVOB1dkv2Syihz8yj5ucjJ5P65qYzjHWs17onvVKW7I/irrWh47d3c2Jr1UHBrLvNVCofmxWXd3+1TzXN6jqTsCFPNJyCxe1TXcZCHLVzcuozNJvdyfaoJHLEljk1WlY4NZttjsezh8tjp9adjcDUDbto4JqZTkYGK1JDOFxSqSetG3tQE4wKQD1bHSnhuuTwKq3N1b2Vu89zMkUKDLO7YA/wA9K868WeOFvLGey06cwo5wsgyGlH9FP5kY7EggGZ8QPGr6rO2lWRkis4ZAZD0MxHTP+znkD2BPYDiVcg5FQzmQzt5rZkzljnOTT1qZGsC2jBhwc+1WYnGMEVl8hvSpkeTs3NZuJsps6PS7gJdJ0AUgnNdi+sRJD8zKOODXm9qlxJIAr4J9q63SbGFGWSYmWRecscgVJtGbtoi/9pluGBwyxnoT1b/61aK6oukQpdPC00SuBIiHazKeu09M/Wqk8geTgdOwqp4hkVPDVxu4GUz/AN9rVQ3Cfwu52CXsdzY297bs7WtypeF3TYWAOCCM8EHgjJ9iRgmjc3gGRnmoPBmqLdWwsJLkReH/ACt0/mqpEcnAWRGP3W5weefTJJqHXrNtNvPLiuYru2lBe3uoWykyeo9x0I7e4IJ2mrK6OApXd2zcA81lSZY5NWWBP1qJl4rG4ynIBVOZsA1emXAzis6fvTQHtn8NKuAetV7q/tbCNXurmKENkL5jAbiBkgep9hXJ6r8QrKzl8m0hd5D0llUqnsdv3j6YO361sZq52xPPSsjV/FGnaQBE86SXLbgIUcZGP7x/hGcdefQHBrzDUfEuuau8tu0xmSQELEg2IAexA4IH+1k1R8qRUMJtYQkYHnSuQc9go/lSKsa+oaxfeJLje7+YkYPlpEm1FHdiW/8A1n6DjCLRaheH7dCYBF3Axx2znn+dbEun3NzBHFp9+HvXALxoMYHZAB0+mPT1qfUYbi0ig0G/tlSa5A3ygZ+fOB0/zgZ6GrUdAucHKCLh1PODinqKj6ytgEDPGakFZSNIj8ZpygikHSnD1FZ3NS7ZO6yAgc11lnIyQhnPbNcjaldwzmthbsiPYOKg0i7G/BMXcms/xXdBdEeLIzIygD6HP9KbbXJjG5iMAdK5zXr1r24SMHIB4HvVw3FOfunQQ315ZyfYbSPbp0ybWYjG9D1Bx9eR3H1r0DQtS082reFZ9HF7YOFkgvY+sTno24DI67SScZ4Pyk586t7+bxFax6dDiBYAAZBx+P8A9auj8L6mLMSeFLafZfTSYtpZMFQxyME9AOfQ8Z6nFdcHfRnGzp9S8ATabBaia7jjmnyF3uNrtzjBHTgZI5xyOcZPJalZy6ZeG1uCm/8AhKtkMPUV3XhHU1QXPh/xlepPfIzLDHc/vUcDnaR14IyGGOnX1sr4a1S013/hINIntbaJYS01tPM0yRFvvEjGTH9MdOi0pUk9hcx5VcfcrKl616I2jaa1vLdaoHlluM7U0qdJFDnn5ODk8gkZbAPGTWLN4C1KbSH1ezmtp7HBaNvM2s68Y4I+U4P8RH45FQ6MkPmOOnmluJljvVubi6k/jVtzNjucf409wbF2glSSTcvyxBAcH1J78U99cmfTh58zSqo+XaMMOf73WoINTCRM9hJKkjfea4G8j8f/AK1GgDE+y2xCQXM4vH++3938q0NOGnWrC9ninubO3P8ArG6SyH09fT8z2rMl1UwKY43jlkc/vJQrAn2GQK29N8TPIILJ7U/Zxw6BRjHds5547EfjTja+oM6bwz4bsNTjuPE9vePA1uyhUIPLk4yB14yMYyO3GKiure6XQNWl1/P29w0lnIWJ4yckE9sA4OegI4xXZPonhzxSunaV4aka3KRi7ZAduVVipBxypyCCRjllPPfJ8W6kviGxnhaIK+hMLS5KcYMhCk7enARk9ju7GulJWIZ4pMkRfzIA3lNgfMOjdx/WhRXW3GhDVZJYdG2tb20RkZEG4uygnC9yeDx9faufFljoa4qiszop6oq4pQCOoq59jOOKtw2iuuGHNZGqRQiYCrML+ZKBnpUVzD5LEUtoduWzyaQyzdTlAVBrMgDCc3LRl44+oAzyf8Ov4VZuDhGY1r6Pol3a6d/bL7XtyNwjPP4kf4VrBXZlUdiC6Dpcp/Za7bcnEj/3j3z9a3NTax0+1h1LT2Ml9Eo+YHnjHJx0Ix/nFUba9l123lgjgWFXcqcEA/gfUdaTTFg8P3b217LukPMfHf1A961WhkdLpFvY6ppf9u37v/atuwdYSTucA545ySO3/wBfNdZp/j3SfE1pbx3em20Nxp4JieW5+zNj1RxgDI/h5BxgjBBrysnURdzGFzDbSKxjAbaAw52598f5xVPwxbzS65JDJN5I2tuPXof/AK9aqWxLR7Pd+ILG3hkvdMvNMs4HI8yfTXjadj38yHBVsknPB+vpmQXCeICuowSS3tlZuv2zUriMI+emVi3EZ9M4x0AxXlRia1vLyF74mBCfujBYA4rslK2HwvtP7CvXs7q5uCblC5DOuMZ4PTII9Oe3NNTbYrHMWd7C2iSQWlorSBWC/Lye446nrUWkjULi3lUQKp3d1x1+poorIo5y4SUSlZgFcener+lW105aSOZVUDHJ9f8A9VFFSxnovg3U7zTPC1zqOmxtNrVvOkSnbkeTIzY79mLg/wC+nYVf8aT6ZawW2j2Tq+oajEJrryxjY3RQD2bAx24XP8VFFdCb5EzN/EcdZW9x4c1CztoGEgnnDSsOm0ev9PXFQ6vYJpmtXljG26GKU+Sc5JjPKE+5UqfaiisKq902pP3iGNR04qZlEa5FFFcp0mZdrvbNQouKKKBEUwaeVIUI3OwUZOOtdHdDUbZ7XS7BvOtgcuO34jsBz0oorekYVTQ8WGzNjajSWaK6VcOoOGHI5OO5PORWC0cE8YOpMf7QjXfsYcuB1+p9v8gorSe5mti/ZXE+s24Rx5cURHlvn75AypB9Rjn/ACKxre1S31mVLm5CsQRww+veiiqtaNxJ3ZqaPp621zf3sED3KRKwEm0lQxGQOB16Vf8AFlzpOqnTo8PZ3AixJEDwGJx3HXiiimtIh1P/2QplbmRzdHJlYW0KZW5kb2JqCjExIDAgb2JqCjw8L0JpdHNQZXJDb21wb25lbnQgOC9Db2xvclNwYWNlWy9JQ0NCYXNlZCAxMyAwIFJdL0RlY29kZVBhcm1zPDwvQml0c1BlckNvbXBvbmVudCA4L0NvbG9ycyAzL0NvbHVtbnMgMTIwL1ByZWRpY3RvciAxNT4+L0ZpbHRlci9GbGF0ZURlY29kZS9IZWlnaHQgMzcvTGVuZ3RoIDg1MjkvU3VidHlwZS9JbWFnZS9UeXBlL1hPYmplY3QvV2lkdGggMTIwPj5zdHJlYW0KaAW1mgmQXdV5oM/d79t7lVqtRq0NISGEQEICxC4WQwADtuNgD14SD/ZM2Rl7MpUpe4JralY8TlKVuMax4yqPpxhPjAnGhmDACLMbBAIBQgKEBJJodWvp9fXb7n7n+89rYVw1lSpSM7duv77LOf/59+1co5PntlJ2qlSulKUyQ2X6kjtOQz+zujcmr4wkTW3LThPlMDhVqaFiS7UXZqs+RqZxaDPRtAGQJ4Zh5MrIlGkow1TcmIq1OMwUYMpweMscHjAgV1auVwUqp54Iao5GQ5kyLZMVlGkxPs00ziY4y4tTCOt1DXnFoaHpmbFSkSySFvgFZw5H5jACslRmGiDEEhY3SZaaZlNjCu2+BiaLxLlnMzSGDjn1WGB0mQcgoNr841SxMvNMWRAui/J84b9c8747W66YzwFeQp48lpM/y2LpXLDhMFViqvFU7Xrr2KHxqVVLhq7ZMFi2HQ0zDcPQ9zzAMtQURus5sohM1QcDBTy/+pnAlwMGyxU/nN1X+rn+gWpTo7rw/hQ8HmqZnRoJhA+shQhhrHDMRDyazacGduEkaZLkuW+7Ee9tM1Dq3mfeGj85fcbyZeeuPW1JSUGJrQEoo0u9XiA3RIP0UnBMsO4eIrLffZDmwgitx90XIlwZDEIyVHQtUzbCEb1GUkaKvpqZmSdZ5prHlPr39+769b4jdrFodepXnr7065+6dEgpF7GbaKvMluW7zEHGHKaGL9fCyQ9wQ14uHDkKiDaABBotbIc3moyu9nApFsFcYGlwQBNIWkZcM1FmyQheaPL0YPCAh1asXN5CVdc85L8+8jSLLHNGqT/+c/g8ljmlLIyv2XTGnV+6aqmrVJI4IG+aXYNeYG8OSgBAJaDXFCRkXRDhxcItsIVoXvC6i9KpS33HMyCgwAtvZSTm331kOGai1FOvvv343netZWfOVwbV8Mon3x57fO+UCEdzFmayvkxaAAFneRTlBmJgYQMhiJz/L4deSllMgMUytguB0XIBWpn86ZMHCw/zVKjr3nVfCedlBY0EyHDJpGRhTXFpoko8gncqQZtM/Mv9Lx174ciUM7yuU16WLVr7yMsHfvX0HsZYth1nsq6Btz0FQq7AR05Z6H1CQePUojJWXIrGrPtQTxdfzPJQaKK3TLUs0Y6FQ2SFNqkgVomrjs9OO8XSfBRbnh8kHccujc920EY3VRYy0dBlbS0fIdkAYqL1Thw5C3Hg9xZE3x3PYrh2eXNKK7tYypMuICBgd10bEyCCIP+wAy4MT6tzyiR0SggTAZh6dU29wBGOZPJInLSMYT3BRnTjWH2uxXUnN60KfPcLlYNHxmJ1NhBdW5sBcwQ/1uIfs/nl0QI+8karAuaqRSvSFvjdk7fdgxmcpw5LPFoOx08BM0TLAO66/MuWjSz287CCR2nNF5K4mMSLykXEYLriB8VTaVigjcYQOYUWcSY8XdDR366ukeM172AQPEs1F2QGB0+7kwQIJEk87CqWJuwUHaJV8kCPJnLCR6axrF5ZgDhd9eo+5VcsRp7LFW4aPNctH7Ha81UjKyRBIZ7309bo8CBAUQgZmOnoLNjqP1mNP9EAeaTPhf+8FznKa0I0kDXvuJc5PCUmo4LYu0haRkmolzu4nSXKtgQ5uOGq+OLTV24ZOfTS4SOu5fpRcOmygVvO7cebNZPQtz0YRvwQjmrnAR5YiWiyICKmARxuTrF8AUmt35ID6KQmtw0dHgQFACRoXDcPMTHiPLdguEZbYItgOYSOLiyCuX7ygR+wxmQFH+23hCTGGiFzZLZZVOqqVZXPXrzpH55907J8M29eeObSW67Y6kMwyxmGjViEg/ANNUVsHCBGCvXbxU7ZB68Ebw58GjmWFZHS6HvWckTzAENqgg+TgV1CNJsUTMQ3GyxmxjiBhipOK/X4/mB8srGst3rTes/TTkcDE8xdKFkQNQDgMmE00kC9XPwDKMO4hVVY6NRaUA8jOZGFiJXnYMLILkrQV5IrfP2CsLor8ivuQAaT/YkP7o7v/gKE0WDVpZ4LOXPx2aG2uZJ+xSotpR7bk+w98O5pS2of2baY8O6Jupn4LFBBM4SVH4DDFIIsPOwuQYoChguGokfiMnMUGGbhWBnHCPJMTJJbsmPmT7RVKxQtXlpVZaV6ARFnluCboHEt5TeU0VGCKLowqBdoaAy69EAhugBA7FL+pwlLiDabFgpiWhZOsK6XZiTIsbrGMspVhJ+PlN9WBpgcb6p6S2EknquWFGXYAFJMIqFMlBpoItEwzFzPhMfkrUEm2SeIscTRpjoxl7uuMVhWQ0WhgugkRYBemgEwEB2q6eftTIWWmte8gwro6gc3qgZTsEUGsKU7Hrq6MoPLUDE2qWDKkn7V5wiGsAs9106U5XS58T8f2T3WitxSMQ+bo1X3livOm1PquX0zz734Rj1MZsJmlkUDJf+8lafdsGXD6pqJG3ZyN87C1DLu3rHrnSlEUXXjzmq3/blPXPHOial7H96ROr2WU46CcNPaFbdsXYm/acdBxfFF1USPsUTBeDJWf3H3ky3T9z07q08u99QXb70us0zDKMPfN6eiHbte27n3QDPMm4ERpK7vuiODpXNXLL7uvLVnLXaRoigtWiahQ/meGcW56RjtXMXk+JF66Nl3nt79+tHpejtVURTZaXTWspHL1q+58cp1JU/d9+jenfv2uuVqGKleK/3qzVesHCojnu/86OG3ZpLUq+Vpuqxq/dlnL+2xLDTl8V37f7HzQGCWyFayYP5ffv5jy/rVniPJvQ899uqBo8dn6qZpFWxrw6plH7v6su2beqq2GE0W53ZXc18ZP/H2fJo4hSyOVg6Ui7Pqvh27Dh85WXX7W2TOvUPknMdnZg69dujxNw79yac/esmAMluqVPJQ3h1vTe2fV5avjMbkef35jWjlwMAbE8G7cTsiswxnD87ObN+6sp+kyPFE/kQEEmRco2XDyh2vnXhw71hYqPm24cyMf/XKTVhPYtgY2bd/9srjrx0IMsswS/CoWO1JnNJUo3FyvPHqoeP3PP3KRy8570s3rOsxROngeJ4EyMdz3Gaq2pZ6bF/wt/c+9PaJelKs2qUl7bDjVBzX9n49PvPk4V0/fP7g179647MT5i9fniz2poll1tL6Zz9WQGHbhnr6reMvz4aJ3zLDfFUp+1ouS8Cr/cfqD7x4MCwscm0jac9tmlD3PHf4Rz/9hVXqSYyiWe5Ns7yexNMH60/t/uGt12y74wsXQrHnGFJRJsoMbSeDDLOMYhzNwx88uGu62eoZHFbNrOT6M3lMveT2DBI+jjZm7rzr5wOfu2Vj/ylP17M4MjLbLxpGEldTTKFmqW3btu9/8XBYrPpW9eDJd3a+PX3NGoKkhL2ukxMfr9TJVP38mVfiyhKr2tdqTK8YGrn48q3EpfFY/YcfPPb8eMPuGw07UdHzSnmUpkmD3KZaNvJyGvc1lbrryT37Dxz+b1+7bin+IUl8RCRRPk8s45F90bd+dD+GkveO5G6xlcalsttpN8M49HoG8P7vNpv/5tsP91Z7SyMbUtOI8zim5vctnACn0ztoZmFolBzbNCtEFSEWyzGLtaTQF5cGW2FQ6av91V33z9dn7b5lcQ7xkWPaqWFnZpHsBQv/yaPPFzz7G7dtYa7piDsSL4coDMOJUqth2Cc7nbLvZnMnquF0rXOi0jxWDufSsBVmqdvTM5tmv3hqJ74PZ68demLkQZa1DCskt8ZScLLbzx2tWFzHkXJSv2/H83tRXjIGKRY5cc9gptTO/eGByY7hVUmK7Sg4/5wNtZIEjH/9vSefHO+4AyPNZlAtVhqT0+HsXDA53hfNqpn3ZuvTbcNKnEpWHn7pePTlO+/DPxqS4VJQoHfmWyfiO3/8D8fsvjotGd/rdFDMljF9tNY+2RtOWnPvJbNHSy6NmPTE3GwnzTthmsWpEcdmlhIn0AAiRBJ0HKJtFEgdDLFd15xneU6Ism23YLqlk/WO5ZaSoO2E871Zw20etzqzvmUEACz2OYPL7vv1c3veS/GQtmgApux6aQe3IxVxqrKyZ9ba8zddtuWSM/txp68cmX7guZfeC/PYcOaazb5qz8HpqYlYlQwSeJVGYU4TRtlJEtmWB+s5V9bU5tOHH3z9oFkdcAs9r7137PVj6sIl0oeikCF+I1Xczv2/2RWVe+C41a4POPE1F48iv+/97OU3ZzvO0Giz1SzaeTJ5+KLVI+dvPHPF0iIh7sDYxKOvvf3aoQmjsjSz3bg8+M78+N/89Kk//YPL7CR1bRfb//59O07ioXtrbh6mUauaNobLznXbLzpz5Uil5swHau87R+575MmpyDX9/jjTPg1vZTk6nRJfH+OFMlWw/dzOw7hD8IdPHKT2URTi/LDI6amZ3mLBjOa3nr70tlu2r1yipmfVXb94fseuNyt9yxrNNslgFOWvHzy0ftlqktoCAR5HjPL7mfJda649WzXbd3z8hq2LBDT6vmJt/6rhj/zJ3z6irB7fq+SqfWDy6ESgVldUo618x3dNZjsZGKdSMBBtieDXbV37m317AhGfN2k4D+3ed871661UFdENS/zGy+/O7h4/1qkMeypxWtOXnL1kRVHtnsx/vW+fXR6d7zS8PPajmdt/b/OnLh1FeMwD+GVLh2+9YPgnT7371z9/1upbHhiOU+x/cOe+Ky7cvG2ZxM9HD6sn3627lf5GMGNaRlqf+PRFZ/7bT14gThyT0jX3NctGb9j8uX/xrbsn4iAxwd4i+wJPmgN4CUFQkncz474bZHVCLkHX8cjscGJYZ61WtTtTV29ee+ftWyBZUrWSOucrF37tL1uP7Bkr9Q5RiwQN692jx0O1WjIhKVcs3LWdZEkadip5cv3WTZsWSQ5UU0FZReVMnVVV55y+Oup08swMwMsvB6lOB4t4h4gGEyxwHIemjOSPOn3eNGRsGOqNGvOp6UZuedfbh4/FKndxIEjEwNh/+dzuDN9LnDayohXfeOlm5j6z+43J2I5UZqnASerXXngWXCZr7FGqmuZlnFWSDSn1+ctW3nzpZhXWkVnkFmeM0hO79+NbYdNv9k9Mph792aJDHGicv24ZXCZvKwSK8o6LPiJnOz2zqu744q1Wa8pDTbIUAizHwchBXrs3K6NqN216kAW/gAlCIB4gzTLbcUlLeYXHWORn37x9i8ZNFeOkqvG88ZKNNnmGMhud1PTKU3MkijhnYTUhJAYERViWxoOmdfn6YVQS0GZm28quGOJ2B8qekYXI0zQ9K7JpDTEfxaSMN3BjibSe40xyrRaLGJJTX3v2WTaASSGd8lQzfWr3BBEM1pB3vzKldh2espRXMezW3OyGdWesHaBBol5587gqjURZ6lmdAa/96WvXFLAz+i1pLhVpnuI+MDLO225c30OlZcS01LPa4l1vv6cZpN46dMgoEI7oyMSFYOYPb7pKAkmcl5xcHGOAoqqKb3mJumK5unzNcNKcs8khHNxF28UD6qCX5E5qm5GROo4Xh4mEMW2mUt1kVGyO6fpBc+6WSzeSzvtUy/hxi8xCkp/TTxtw3UKbrrzbEwnnMAqZLq0s/Kb0gCzy17jq5L22UCIHfSpKbywOEA5Jc0SDhsVMaelKRSdCAlBO+iLVIkLjIe4DdScfumDN8PKBatZp2KYdW/6O3W+Qk8xnonf3PPHCTF5wC2UriXqt/KbLN4LK7ExSb8WJ4TqeH7Ua60eHlxiqzAvWMI0kwcrzLOqgBJRwQ45av3xxUJ+2bZsU8GQ9mKZ2An6jSaJumU4WRssHetYuESILjvgAlaYO2kKmlUodAVM2rhk10yhN2GeQx1ae6dqKKeQGcgoTREByAIBTfrjPMs/Kq26OFNkDkUE6kYdfRTvzbFQehuo/rRbS6hQoYhrkJB1DtVwnQgocLMLiyCFhXwVGF9H4wMlD4pM8p+uvrQnVYW2pdqXSW+C+2F2uhirqnOX9hXAK/bfL1ddPNp4Zkzpi37Hg5XcmsurAfBJ35qe3jPRtGRDeJWknjucdV0VhYht+b6EHAWv+aDSkE5fLvkIasdnB+F43L+VxUW9EkPE0O5oDUewQ4qUAN6quj10jmBSfCtK21VZpSLfYydu0nnFH/b1xEBQdF2xRFzOX9gvj3axjyS6P1iUkoCnVXDdw53Ye2VloG3mhVMGmpYGB5gmjpSHk22bBSoHgpm2isZPHCA8tFEqky4JXpG+IFAUj0WgtPUE90c1fF2wyZA6jdP4jspFDenKsQKDJMke3AOCHg+HSLsF7bF03aHfyuNPJVODV7v/NPtrqv9q9fy7DNl3cddFMP3H5Frwb0sUsaNlkVA+WlyWmqzBl6dQR9CHSEJ9hEPW5ogRAzC5dH2ww6FBIsvXDILD1HA/3ZhhWnORhlBMewdPGrMkcYLVomXRRbNvkVb0TOY6bAVMrXJcmFhUrllYJDR/p+QBBP4RfQq68BT+Vue5Cvio5ABAEAdMUZLByst4YE+ERWNHlEa9kpq6Vlcy8YqRFK/OFPB7SrNILdH9so6SoBHSHgK09stZu3COzAx59URhEQwB1oI2AAG1HIJ/Tr9YtRu1C0qfcK+0/MXffW+qZQ1OJW4zDyM+ydSOLz1/lwWhXZX2lcsHx6R2LyhnexMRxIETkaySFejMK2Kny0szGy4P9san5TLIdobHsO/1lGTYwMEioYLhX7DlyojExLYwOw6Z0NmSvKPVgeCotdUT18hvvuA4qCMU5IZoxWochkoLbT4xCbLgZEqYTLe13SEN9pVODSDAM10hhkTAQbMQB6B6eJFoW/oEQShZGt4KFRAM5U3G8DtzKTZvGY1d6kKINCpBdX8Vy2JZQJVD1RJkrvMdMTdIJxoti8l6IJwPJMPCrtmyw4qBU8NM0jUz3p0+8OIaNk/EbqRvUr96yAW/uYH9JOlBQI339ZtDJ4phSc9/YyVfGFeUqB4jKWlx5LpqITe0eV68fPm56Rde1405jUX+1p6w8Q50+Mpi1ZvI0IqefTewHn93P+Mwro7Q4OZSdfVA4QsK+f069PT5jOIUwJpnWdilLdcmDj7gBCVw6xUOjIRQc4LJwRXIlrEZ0XcZLhOvqo16FKdLNEcMyxUeIJMTm8YBIKkssUoeYRhiMFkYBULMMP8BdxrYzw8lEDDuBraysh+knJoWVaSEnyTpAT8KN7GtEKMK2dctWLO5LG7N2GsZJMlYPQr+Kg/CS5oah8tUbK2gEm+sIiIvLNp7ltuslJ6NtMV1Z/P3HXh2nX4LtADZLwjxvgpSt8D/fu/dXHb8vNtHR0Epa5529VnAmAp8xOOI1zajRpIU0sOSnT+z62e5j83RiukRBv2mS3Y+F6i9/9MSh2SDGo7pFqdUkTAq/hGV55mRioKwKD+AxjhDFxC4zcgYGgw+/pMULTBB+Y+/aEwBBhwgRAyzHKQvXhInCGmCz4Yan135DM1rLVquSrC0uDkFJpStrCGQ9YOGH6rJIaY2uyUENJw6RrCXDLVyy/vS8fmKgin4rr1TFe2KueXP68o0ryWoBblt+Vz2u3NwzwqjOrO0a5J87Dx/9rz9+/s2OmlJqzrTnDWPeULvn1Ne/+8s9R2dUEYHFTtwcrZjXblsKPoC6YNTdvHLAihqea9fpgNQW/5f/8cB/vmfnnin1Xq4mDeNAoB7YE/3xnQ/sPnKsMLAYzUL+aJUOZeKLgbPAciFZNId/eC9RLBygdtdoXFdhZbCmOE8pEzQjdcSSJgPBFbVgBATSUWJ+mouCejhaes20GbWRBpIkCdQ0SR1iR5S5yg5Sw7XYC8ZyhCrWSJPQtQo8SUiZE5EeB7ZvykYz+ZiNOV+7eemjTyVTQTPPC1aUeAgtaI0MVq66gGJQ6Z6eEMpckrbbrr/oP93zsF8pJuyUlrxHDhzb+ec/P/v00eFFfa5vHxw79so7J2Y7uVUbIu6XrTSbmfijW69dZUvpz8Hv7X9w88vf+l8zQdPxy5HthOWVP35+4p4X/m7JQKWE/Jrh2HRIq9LpG+jEfMHBupKbUUQQfBeIcrx2lkEUZuRAqhzdhEq8M/0OBlKgdZ2qTo1En2UXhdAkkhEPTWmDOQR0YGF0QJ7OSzLoJKFPVrNtz3N4Iz0j8WmyMCKW5eXI6abgE+J2hxSLA6o8Urqw3d2honLlIY1mepXkKnyIQgbAo1FfbTtr1d/vmbAqFYf2QdDI8M7bL6RUw48TSpklm1Q6t73x3MV7xs568KU3in4lNUpmz+KTnejRNyeMvYex4NRwYrfXrZZt7K85pVoTH9t29u9fsByBIXY0A5TO6lN3fOH3v/ndv5tPeo3yYGIW7UotdeL99dk07hQKRdXXC/vmZo5WyjWCk3TTooivUNDfJDfFUeR5sUD9GHlkecQMmkya20I+nEEuWdrpdBwUkGVFu2ESRYt4Trwg2VfJd9qNuapt9vb2oMpmQXnk7ZIYGqFPqm1mjSASuuWQYMxUoDHf9D06w/DbM8yq55copXRH0c6zkp2XC7SXYgIIU9BNvTmEH3fE9ep6advGM6UcYEslCh0jHak42zctI3KasjUiiKIQMJ20Ds/x7z563hcu21JutVUzTALywKJX7vFqg05tuFhbUvOKdrsdz84Ww+Znrtj8jU9uq2iRk2GzFglsn8puOcP/m3/1iTWFljl9pAp1UZh2Agqk3p7FlrKjuel4auzzN1y+dfVQ2pxxqIAt6CAK8cWSGFbUbllse+ZJwchd05CdT1SBIBwn7FV6lknnlmGuI/pLf5X9u4CCX9cWwvuoXTQSdMpM2q3mHHMpa+kwKbcxZTdTp1C2282Sy86DYAwgyVrEAyEtQ9UnvcZJBJwHgRM0zHbkK5eSvhbVrRNTdrnXaswVSj0kWxCMC+/mCawhrgmvyycJFt4wxgnlzebVF6wfZStd4rXkmtgO6ScLiVNiwUz90ZXrVo2e8fePv7Dn0Dh7SxaccN12J6KdUraNQtBev3rlrddde/lKBZcNCmubbo30IvBrYafuOaVLV1e/983b7n7kzRdfPnxitjUXNWzfYzdiUbU8PNp/80e3n79K/ccfvF0ruPNBQBWOweOaQAJdqeXtatCKo1azMVcZqWC+luz6k6m1qvF0Z0q0oxTNZI1pW0m5wxSJWgRaaAiV25lJZuo+ChE1jBDQEuiNAVd9+dpL5zB1kt8oXFbwqjDGklqHaQI+z/oM64b1o6NV9uy8nA92os7aQT44yGsq/8JlGz9tF9E84t6Ao3qFfRKfC/RbqQ8tl1KlaalHX9hD/wGv43q+b6XXbT2D/o4rUsQCJBcSB2WQvUh5UtWbJtevNrevvvCFA+Grbx0YO3ZirtEsLqr0VQpDFe/Cc87cMFpEkRAVSoW3BI6oBVymK1KoEWgQ2ApL/en165pXrxs7ls4n7enpmdP6lwz2u5UeVlPkIc3JyYAGZLXW6rR7+iu9RTQs71XGV265vBkVcstNs7DqpIuonTQnrjl3Vb9vWcUaqXDWmTt/9SIPdxwHtCB8tIMuoOEtqalvfvGTQGUnlwJyuCy1vpFEOD35PAenDLKcpK0QjtsUtGGEMK1F9hpaDmM4GAMNnPTF0T3CI0GTURzQbLLTQSJEYkSfhiRUmXXDeHpSfeO7P+mUBg2vFM3O3Lz1jDuuW92vUlvKUREq+hAlqc1GD8qr7RT9YlsHZ4UX6ogMxFMxFmvjhOwu5agEBoHKYMA0HWLTfHe21aRrVijQN2h1OkMDhT4+cujum+i5yJIu0Sz73K9Of/uH93SKo4Hyotb8Teev+uvPnF1OOw4dJ1RE3K4czMWnEdzoG3ELWP6DDHwgHlArCl7dX8ma7dSk+7hgx8zlZBoKLR/H2MRRSWDwxVmYGXglSGKEAIMIug8U5/qONp2tqxpcPlzAoRXY4su4I5EmpzMdiwn8ByDiXVCcnz31Wt3tM3BNadxvZzdevBqR2IKtNCWkdcWKuk+iVRMPQNJFOZ7FWV4w2PiWCKPJFAJAlcWpxGXnE79vSoXEXmFGrWl637n/2cf2HHK8WoAFOc5Qxf/Kx6+9aI3UyiyFQiBcdPnhvY3/fs+j7eJwbPrMt+LOljUrINm1CInyaR7BWbAjC8aFg59OSBjA5xgxG/RYES0JcSH4C1RKnLUsobWEPqT4Q/19DNB4TnCS7A2/Sc4bSGWAizvFZaZpVwssJjIBYGQRkEnQAz6YMEBUW+5F+8GDU4pZ2q90FLVgD55Mnn/zXbP3tASnMzd17Vkrz6iIVjJb0AFLEIGPbHfKd0SA0d1b3VJA5JDFvolgwjBZVHbRxQS04SFrnoAFGRE5ACtu/8hHHn7jf3fMSugX+FJtcmbuz75/99nLB04b6l08UGNv6vjM/N6jk29N1DtOX2aV8zgpZsHKxaUrNlXACtFxgAN1Of90mbxAqZCcEkVyeAS7BB3J/IRdXAvemiHoCv5H+CJsgxn0aGkKopO6zQdM7YhEid8/tJPmTvJpuCxQwYQ7RncNfGG0PNIiFwFLAqEzTdaW/apnX2tiFLCh2S5m0ccv2ciWAl8d6BkaqhAkwGVvlbJVL6TNXRbRnwFrddZrgQn/mcEBryNFtwEzCz0SWP0t86Yl6p//3hXfufshb2hlhNMv9M6p0pNjc9ahgyoJ6GZHmRnZJbe6gl0K+F7mY436sS/f/oeDjohfGkbSWJciRePVRUzjxI9wVhyIxmXhV9ghE/XRZQvDmCyZLWMM1xAzf/84xdX3H/z2Au7pSfKku8TvXmn2/na4vmIpGHFgKt/1+r6+/tFWMF/Lw/PWLF+3SL4At7oGIGLRbBMNEO+kD3moXwiiC8cHluWye8d4qTbklwpMnAq70IOW+c8uH46iq+566Gm+Eij3LurEuVPpT+Mi5FMJs2vl2F4Uxi6t6Prxipd86TM3XLzW7UeLpTqghnPo6Wi/Jov/duXfReX9592L928/MEqedZ9/kNELA/6f/KNk6hrgjsceCttTpk2XOzPazRtu/izBlgIMlyHWJp0brQN4BnggyvohDkZjt1Ltk3xJ8c9HVxH+Ysgp3H718k2rhr5/z0NvThzwSj3T86FVKKYWhUlCfYIH68F+w/p5a5Z++VM3bhgypH0IhLgtAUnaloKJKOWHQOcfG7rAjn9syD/1HYzuGMYz74zP5F5kV0gXq1ly4Sq/lCrip+R+p6xLdwSgSLuPD0mZxBzNkyxq8YGSMEY8thcZDu1V0qSX31M73zg4Nts4cnK6Q//UcPiSYnSwtqTiXrRh1TkjiEj5aeZTY4nX7fKWyttkV1w2VBc8wj+VC6fm/f9ldGzIZ3PdpJAVqSyIVtLMl9KR7yjxLZJG4lzhELkPY2DUh2O1MIeAwzQgCEBAcSbw1DKBTnjEHWiPIF/G4F8o1nE35LaSIMqXqWSnCzzucjpnB1aMiwZ7Yknv4sNhdIq3v/P//wBkfQfkCmVuZHN0cmVhbQplbmRvYmoKMTIgMCBvYmoKPDwvQWx0ZXJuYXRlL0RldmljZVJHQi9GaWx0ZXIvRmxhdGVEZWNvZGUvTGVuZ3RoIDMxMzUvTiAzPj5zdHJlYW0KeJyVVwdYU8kWnltSIQQIREBK6E0QkRJASggtgPQiiEpIAoQSY0JQsaOLCq5dRLCiqyCKHRCxYVcWxe5aFgsqK+tiwa68CQF02Ve+N983d/77z5l/zjl35t47ANDb+VJpDqoJQK4kTxYT7M8al5TMInUCFDAAFQCgxhfIpZyoqHCIwUD79/LuJkCU7TUHpdY/+/9r0RKK5AIAkCiI04RyQS7EBwHAmwRSWR4ARCnkzafmSZV4NcQ6MuggxFVKnKHCTUqcpsJX+mziYrgQPwGArM7nyzIA0OiGPCtfkAF16DBa4CQRiiUQ+0Hsk5s7WQjxXIhtoA2ck67UZ6f9oJPxN820QU0+P2MQq2LpK+QAsVyaw5/+f6bjf5fcHMXAHNawqmfKQmKUMcO8PcmeHKbE6hB/kKRFREKsDQCKi4V99krMzFSExKvsURuBnAtzBpgQj5HnxPL6+RghPyAMYkOI0yU5EeH9NoXp4iClDcwfWibO48VBrAdxlUgeGNtvc0I2OWZg3pvpMi6nn3/Ol/X5oNT/psiO56j0Me1MEa9fH3MsyIxLhBiuOywgX5wQAbEGxBHy7NiwfpuUgkxuxICNTBGjjMUCYplIEuyv0sdK02VBMf32O3PlA7FjJzLFvIh+fDUvMy5ElSvsiYDf5z+MBesWSTjxAzoi+bjwgViEooBAVew4WSSJj1XxuJ40zz9GNRa3k+ZE9dvj/qKcYCVvBnGcPD92YGx+HlycKn28SJoXFafyEy/P4odGqfzB94JwwAUBgAUUsKaBySALiFu76rvgnaonCPCBDGQAEXDoZwZGJPb1SOA1FhSAPyESAfngOP++XhHIh/zXIaySEw9yqqsDSO/vU6pkg6cQ54IwkAPvFX1KkkEPEsATyIj/4REfVgGMIQdWZf+/5wfY7wwHMuH9jGJgRhZ9wJIYSAwghhCDiLa4Ae6De+Hh8OoHqzPOxj0G4vhuT3hKaCM8ItwgtBPuTBIXyoZ4ORa0Q/2g/vyk/Zgf3ApquuL+uDdUh8o4EzcADrgLnIeD+8KZXSHL7fdbmRXWEO2/RfDDE+q3ozhRUMowih/FZuhIDTsN10EVZa5/zI/K17TBfHMHe4bOz/0h+0LYhg21xBZhB7Bz2EnsAtaE1QMWdhxrwFqwo0o8uOKe9K24gdli+vzJhjpD18z3J6vMpNypxqnT6YuqL080LU+5GbmTpdNl4ozMPBYHfjFELJ5E4DiC5ezk7AqA8vujer29ie77riDMlu/c/N8B8D7e29t75DsXehyAfe7wlXD4O2fDhp8WNQDOHxYoZPkqDldeCPDNQYe7Tx8YA3NgA+NxBm7AC/iBQBAKIkEcSAITofeZcJ3LwFQwE8wDRaAELAdrQDnYBLaCKrAb7Af1oAmcBGfBJXAF3AB34erpAC9AN3gHPiMIQkJoCAPRR0wQS8QecUbYiA8SiIQjMUgSkopkIBJEgcxE5iMlyEqkHNmCVCP7kMPISeQC0obcQR4inchr5BOKoeqoDmqEWqEjUTbKQcPQOHQCmoFOQQvQBehStAytRHehdehJ9BJ6A21HX6A9GMDUMCZmijlgbIyLRWLJWDomw2ZjxVgpVonVYo3wOV/D2rEu7CNOxBk4C3eAKzgEj8cF+BR8Nr4EL8er8Dr8NH4Nf4h3498INIIhwZ7gSeARxhEyCFMJRYRSwnbCIcIZuJc6CO+IRCKTaE10h3sxiZhFnEFcQtxA3EM8QWwjPib2kEgkfZI9yZsUSeKT8khFpHWkXaTjpKukDtIHshrZhOxMDiInkyXkQnIpeSf5GPkq+Rn5M0WTYknxpERShJTplGWUbZRGymVKB+UzVYtqTfWmxlGzqPOoZdRa6hnqPeobNTU1MzUPtWg1sdpctTK1vWrn1R6qfVTXVrdT56qnqCvUl6rvUD+hfkf9DY1Gs6L50ZJpebSltGraKdoD2gcNhoajBk9DqDFHo0KjTuOqxks6hW5J59An0gvopfQD9Mv0Lk2KppUmV5OvOVuzQvOw5i3NHi2G1iitSK1crSVaO7UuaD3XJmlbaQdqC7UXaG/VPqX9mIExzBlchoAxn7GNcYbRoUPUsdbh6WTplOjs1mnV6dbV1nXRTdCdpluhe1S3nYkxrZg8Zg5zGXM/8ybz0zCjYZxhomGLh9UOuzrsvd5wPT89kV6x3h69G3qf9Fn6gfrZ+iv06/XvG+AGdgbRBlMNNhqcMegarjPca7hgePHw/cN/M0QN7QxjDGcYbjVsMewxMjYKNpIarTM6ZdRlzDT2M84yXm18zLjThGHiYyI2WW1y3OQPli6Lw8phlbFOs7pNDU1DTBWmW0xbTT+bWZvFmxWa7TG7b041Z5unm682bzbvtjCxGGsx06LG4jdLiiXbMtNyreU5y/dW1laJVgut6q2eW+tZ86wLrGus79nQbHxtpthU2ly3JdqybbNtN9hesUPtXO0y7SrsLtuj9m72YvsN9m0jCCM8RkhGVI645aDuwHHId6hxeOjIdAx3LHSsd3w50mJk8sgVI8+N/Obk6pTjtM3p7ijtUaGjCkc1jnrtbOcscK5wvj6aNjpo9JzRDaNfudi7iFw2utx2ZbiOdV3o2uz61c3dTeZW69bpbuGe6r7e/RZbhx3FXsI+70Hw8PeY49Hk8dHTzTPPc7/nX14OXtleO72ej7EeIxqzbcxjbzNvvvcW73Yflk+qz2afdl9TX75vpe8jP3M/od92v2ccW04WZxfnpb+Tv8z/kP97rid3FvdEABYQHFAc0BqoHRgfWB74IMgsKCOoJqg72DV4RvCJEEJIWMiKkFs8I56AV83rDnUPnRV6Okw9LDasPOxRuF24LLxxLDo2dOyqsfciLCMkEfWRIJIXuSryfpR11JSoI9HE6KjoiuinMaNiZsaci2XETordGfsuzj9uWdzdeJt4RXxzAj0hJaE64X1iQOLKxPZxI8fNGncpySBJnNSQTEpOSN6e3DM+cPya8R0prilFKTcnWE+YNuHCRIOJOROPTqJP4k86kEpITUzdmfqFH8mv5Pek8dLWp3ULuIK1ghdCP+FqYafIW7RS9CzdO31l+vMM74xVGZ2ZvpmlmV1irrhc/CorJGtT1vvsyOwd2b05iTl7csm5qbmHJdqSbMnpycaTp01uk9pLi6TtUzynrJnSLQuTbZcj8gnyhjwd+KPforBR/KR4mO+TX5H/YWrC1APTtKZJprVMt5u+ePqzgqCCX2bgMwQzmmeazpw38+Eszqwts5HZabOb55jPWTCnY27w3Kp51HnZ834tdCpcWfh2fuL8xgVGC+YuePxT8E81RRpFsqJbC70WblqELxIval08evG6xd+KhcUXS5xKSku+LBEsufjzqJ/Lfu5dmr60dZnbso3Licsly2+u8F1RtVJrZcHKx6vGrqpbzVpdvPrtmklrLpS6lG5aS12rWNteFl7WsM5i3fJ1X8ozy29U+FfsWW+4fvH69xuEG65u9NtYu8loU8mmT5vFm29vCd5SV2lVWbqVuDV/69NtCdvO/cL+pXq7wfaS7V93SHa0V8VUna52r67eabhzWQ1ao6jp3JWy68rugN0NtQ61W/Yw95TsBXsVe//Yl7rv5v6w/c0H2AdqD1oeXH+Icai4DqmbXtddn1nf3pDU0HY49HBzo1fjoSOOR3Y0mTZVHNU9uuwY9diCY73HC473nJCe6DqZcfJx86Tmu6fGnbp+Ovp065mwM+fPBp09dY5z7vh57/NNFzwvHL7Ivlh/ye1SXYtry6FfXX891OrWWnfZ/XLDFY8rjW1j2o5d9b168lrAtbPXedcv3Yi40XYz/ubtWym32m8Lbz+/k3Pn1W/5v32+O/ce4V7xfc37pQ8MH1T+bvv7nna39qMPAx62PIp9dPex4PGLJ/InXzoWPKU9LX1m8qz6ufPzps6gzit/jP+j44X0xeeuoj+1/lz/0ublwb/8/mrpHtfd8Ur2qvf1kjf6b3a8dXnb3BPV8+Bd7rvP74s/6H+o+sj+eO5T4qdnn6d+IX0p+2r7tfFb2Ld7vbm9vVK+jN/3K4AB5dEmHYDXOwCgJQHAgOdG6njV+bCvIKozbR8C/wmrzpB9xQ2AWvhPH90F/25uAbB3GwBWUJ+eAkAUDYA4D4COHj1YB85yfedOZSHCs8HmiK9puWng3xTVmfQHv4e2QKnqAoa2/wJAMILcCmVuZHN0cmVhbQplbmRvYmoKMTMgMCBvYmoKPDwvQWx0ZXJuYXRlL0RldmljZVJHQi9GaWx0ZXIvRmxhdGVEZWNvZGUvTGVuZ3RoIDMxMzUvTiAzPj5zdHJlYW0KeJyVVwdYU8kWnltSIQQIREBK6E0QkRJASggtgPQiiEpIAoQSY0JQsaOLCq5dRLCiqyCKHRCxYVcWxe5aFgsqK+tiwa68CQF02Ve+N983d/77z5l/zjl35t47ANDb+VJpDqoJQK4kTxYT7M8al5TMInUCFDAAFQCgxhfIpZyoqHCIwUD79/LuJkCU7TUHpdY/+/9r0RKK5AIAkCiI04RyQS7EBwHAmwRSWR4ARCnkzafmSZV4NcQ6MuggxFVKnKHCTUqcpsJX+mziYrgQPwGArM7nyzIA0OiGPCtfkAF16DBa4CQRiiUQ+0Hsk5s7WQjxXIhtoA2ck67UZ6f9oJPxN820QU0+P2MQq2LpK+QAsVyaw5/+f6bjf5fcHMXAHNawqmfKQmKUMcO8PcmeHKbE6hB/kKRFREKsDQCKi4V99krMzFSExKvsURuBnAtzBpgQj5HnxPL6+RghPyAMYkOI0yU5EeH9NoXp4iClDcwfWibO48VBrAdxlUgeGNtvc0I2OWZg3pvpMi6nn3/Ol/X5oNT/psiO56j0Me1MEa9fH3MsyIxLhBiuOywgX5wQAbEGxBHy7NiwfpuUgkxuxICNTBGjjMUCYplIEuyv0sdK02VBMf32O3PlA7FjJzLFvIh+fDUvMy5ElSvsiYDf5z+MBesWSTjxAzoi+bjwgViEooBAVew4WSSJj1XxuJ40zz9GNRa3k+ZE9dvj/qKcYCVvBnGcPD92YGx+HlycKn28SJoXFafyEy/P4odGqfzB94JwwAUBgAUUsKaBySALiFu76rvgnaonCPCBDGQAEXDoZwZGJPb1SOA1FhSAPyESAfngOP++XhHIh/zXIaySEw9yqqsDSO/vU6pkg6cQ54IwkAPvFX1KkkEPEsATyIj/4REfVgGMIQdWZf+/5wfY7wwHMuH9jGJgRhZ9wJIYSAwghhCDiLa4Ae6De+Hh8OoHqzPOxj0G4vhuT3hKaCM8ItwgtBPuTBIXyoZ4ORa0Q/2g/vyk/Zgf3ApquuL+uDdUh8o4EzcADrgLnIeD+8KZXSHL7fdbmRXWEO2/RfDDE+q3ozhRUMowih/FZuhIDTsN10EVZa5/zI/K17TBfHMHe4bOz/0h+0LYhg21xBZhB7Bz2EnsAtaE1QMWdhxrwFqwo0o8uOKe9K24gdli+vzJhjpD18z3J6vMpNypxqnT6YuqL080LU+5GbmTpdNl4ozMPBYHfjFELJ5E4DiC5ezk7AqA8vujer29ie77riDMlu/c/N8B8D7e29t75DsXehyAfe7wlXD4O2fDhp8WNQDOHxYoZPkqDldeCPDNQYe7Tx8YA3NgA+NxBm7AC/iBQBAKIkEcSAITofeZcJ3LwFQwE8wDRaAELAdrQDnYBLaCKrAb7Af1oAmcBGfBJXAF3AB34erpAC9AN3gHPiMIQkJoCAPRR0wQS8QecUbYiA8SiIQjMUgSkopkIBJEgcxE5iMlyEqkHNmCVCP7kMPISeQC0obcQR4inchr5BOKoeqoDmqEWqEjUTbKQcPQOHQCmoFOQQvQBehStAytRHehdehJ9BJ6A21HX6A9GMDUMCZmijlgbIyLRWLJWDomw2ZjxVgpVonVYo3wOV/D2rEu7CNOxBk4C3eAKzgEj8cF+BR8Nr4EL8er8Dr8NH4Nf4h3498INIIhwZ7gSeARxhEyCFMJRYRSwnbCIcIZuJc6CO+IRCKTaE10h3sxiZhFnEFcQtxA3EM8QWwjPib2kEgkfZI9yZsUSeKT8khFpHWkXaTjpKukDtIHshrZhOxMDiInkyXkQnIpeSf5GPkq+Rn5M0WTYknxpERShJTplGWUbZRGymVKB+UzVYtqTfWmxlGzqPOoZdRa6hnqPeobNTU1MzUPtWg1sdpctTK1vWrn1R6qfVTXVrdT56qnqCvUl6rvUD+hfkf9DY1Gs6L50ZJpebSltGraKdoD2gcNhoajBk9DqDFHo0KjTuOqxks6hW5J59An0gvopfQD9Mv0Lk2KppUmV5OvOVuzQvOw5i3NHi2G1iitSK1crSVaO7UuaD3XJmlbaQdqC7UXaG/VPqX9mIExzBlchoAxn7GNcYbRoUPUsdbh6WTplOjs1mnV6dbV1nXRTdCdpluhe1S3nYkxrZg8Zg5zGXM/8ybz0zCjYZxhomGLh9UOuzrsvd5wPT89kV6x3h69G3qf9Fn6gfrZ+iv06/XvG+AGdgbRBlMNNhqcMegarjPca7hgePHw/cN/M0QN7QxjDGcYbjVsMewxMjYKNpIarTM6ZdRlzDT2M84yXm18zLjThGHiYyI2WW1y3OQPli6Lw8phlbFOs7pNDU1DTBWmW0xbTT+bWZvFmxWa7TG7b041Z5unm682bzbvtjCxGGsx06LG4jdLiiXbMtNyreU5y/dW1laJVgut6q2eW+tZ86wLrGus79nQbHxtpthU2ly3JdqybbNtN9hesUPtXO0y7SrsLtuj9m72YvsN9m0jCCM8RkhGVI645aDuwHHId6hxeOjIdAx3LHSsd3w50mJk8sgVI8+N/Obk6pTjtM3p7ijtUaGjCkc1jnrtbOcscK5wvj6aNjpo9JzRDaNfudi7iFw2utx2ZbiOdV3o2uz61c3dTeZW69bpbuGe6r7e/RZbhx3FXsI+70Hw8PeY49Hk8dHTzTPPc7/nX14OXtleO72ej7EeIxqzbcxjbzNvvvcW73Yflk+qz2afdl9TX75vpe8jP3M/od92v2ccW04WZxfnpb+Tv8z/kP97rid3FvdEABYQHFAc0BqoHRgfWB74IMgsKCOoJqg72DV4RvCJEEJIWMiKkFs8I56AV83rDnUPnRV6Okw9LDasPOxRuF24LLxxLDo2dOyqsfciLCMkEfWRIJIXuSryfpR11JSoI9HE6KjoiuinMaNiZsaci2XETordGfsuzj9uWdzdeJt4RXxzAj0hJaE64X1iQOLKxPZxI8fNGncpySBJnNSQTEpOSN6e3DM+cPya8R0prilFKTcnWE+YNuHCRIOJOROPTqJP4k86kEpITUzdmfqFH8mv5Pek8dLWp3ULuIK1ghdCP+FqYafIW7RS9CzdO31l+vMM74xVGZ2ZvpmlmV1irrhc/CorJGtT1vvsyOwd2b05iTl7csm5qbmHJdqSbMnpycaTp01uk9pLi6TtUzynrJnSLQuTbZcj8gnyhjwd+KPforBR/KR4mO+TX5H/YWrC1APTtKZJprVMt5u+ePqzgqCCX2bgMwQzmmeazpw38+Eszqwts5HZabOb55jPWTCnY27w3Kp51HnZ834tdCpcWfh2fuL8xgVGC+YuePxT8E81RRpFsqJbC70WblqELxIval08evG6xd+KhcUXS5xKSku+LBEsufjzqJ/Lfu5dmr60dZnbso3Licsly2+u8F1RtVJrZcHKx6vGrqpbzVpdvPrtmklrLpS6lG5aS12rWNteFl7WsM5i3fJ1X8ozy29U+FfsWW+4fvH69xuEG65u9NtYu8loU8mmT5vFm29vCd5SV2lVWbqVuDV/69NtCdvO/cL+pXq7wfaS7V93SHa0V8VUna52r67eabhzWQ1ao6jp3JWy68rugN0NtQ61W/Yw95TsBXsVe//Yl7rv5v6w/c0H2AdqD1oeXH+Icai4DqmbXtddn1nf3pDU0HY49HBzo1fjoSOOR3Y0mTZVHNU9uuwY9diCY73HC473nJCe6DqZcfJx86Tmu6fGnbp+Ovp065mwM+fPBp09dY5z7vh57/NNFzwvHL7Ivlh/ye1SXYtry6FfXX891OrWWnfZ/XLDFY8rjW1j2o5d9b168lrAtbPXedcv3Yi40XYz/ubtWym32m8Lbz+/k3Pn1W/5v32+O/ce4V7xfc37pQ8MH1T+bvv7nna39qMPAx62PIp9dPex4PGLJ/InXzoWPKU9LX1m8qz6ufPzps6gzit/jP+j44X0xeeuoj+1/lz/0ublwb/8/mrpHtfd8Ur2qvf1kjf6b3a8dXnb3BPV8+Bd7rvP74s/6H+o+sj+eO5T4qdnn6d+IX0p+2r7tfFb2Ld7vbm9vVK+jN/3K4AB5dEmHYDXOwCgJQHAgOdG6njV+bCvIKozbR8C/wmrzpB9xQ2AWvhPH90F/25uAbB3GwBWUJ+eAkAUDYA4D4COHj1YB85yfedOZSHCs8HmiK9puWng3xTVmfQHv4e2QKnqAoa2/wJAMILcCmVuZHN0cmVhbQplbmRvYmoKeHJlZgowIDE0CjAwMDAwMDAwMDAgNjU1MzUgZiAKMDAwMDAxMTE0MyAwMDAwMCBuIAowMDAwMDExMjc2IDAwMDAwIG4gCjAwMDAwMTA5ODAgMDAwMDAgbiAKMDAwMDAwMDk2NyAwMDAwMCBuIAowMDAwMDAwMDE1IDAwMDAwIG4gCjAwMDAwMTExODggMDAwMDAgbiAKMDAwMDAxMDgyNCAwMDAwMCBuIAowMDAwMDAxMTMzIDAwMDAwIG4gCjAwMDAwMTEzMzMgMDAwMDAgbiAKMDAwMDAyMDA5NCAwMDAwMCBuIAowMDAwMDI1OTU3IDAwMDAwIG4gCjAwMDAwMzQ3MTkgMDAwMDAgbiAKMDAwMDAzNzk0NyAwMDAwMCBuIAp0cmFpbGVyCjw8L0lEIFs8M2E1ZTUzZjQxYzVhNmM2NmJmODUyMDk0MTUwODk0NjcxZGRjYTg2ZGI3MTFhMjBhYjI5Yzc4MWI5MzNiMmYxMDJmOTM0NTUyYmI0MjI5MTgyZTRmZmNiNjE3NGUxYTNmMzA1MmI4OWQ5M2ZjNTg3NWQyY2YzNTVlYWQxY2FhYjA+PDNhNWU1M2Y0MWM1YTZjNjZiZjg1MjA5NDE1MDg5NDY3MWRkY2E4NmRiNzExYTIwYWIyOWM3ODFiOTMzYjJmMTAyZjkzNDU1MmJiNDIyOTE4MmU0ZmZjYjYxNzRlMWEzZjMwNTJiODlkOTNmYzU4NzVkMmNmMzU1ZWFkMWNhYWIwPl0vSW5mbyAzIDAgUi9Sb290IDEgMCBSL1NpemUgMTQ+PgolaVRleHQtQ29yZS04LjAuNQpzdGFydHhyZWYKNDExNzUKJSVFT0YK"
            }
        },
        "bureau_report": {
            "detail": {
                "BASE64STRING": "JVBERi0xLjcKJeLjz9MKNSAwIG9iago8PC9GaWx0ZXIvRmxhdGVEZWNvZGUvTGVuZ3RoIDg4NT4+c3RyZWFtCnicjZdRb9MwEMff8yn8CFLn2o7tJLyVjaGKbsBWIV69JqMZTQJupgHiw3OJndjSqL1NmnTd/f8/93L2OT8TyggaftMMpRJlskC7JlmuG4ouuuRz8jN5u02WlxRRhrb3iWBYIMEpLgq0LZNXF93usanaHvW/f1Svtw/Ju+1zEaM5FtyXVWcrVe6V0uhb1VZa9VWJ7nXXoMv19e1qs0HTv79ebU65mqXQAgs6er43TnXXohIMY4txQkaYOCPpGRWI0TcpeUPSIJMXGSbMfv2n9tCp8iVET/aMyPIwMeODwyC9UsfvUKypPu1jc1fpGNnJf9mfgqcsjIS/RI6aa9VEv5vL/lJVGq3a+oA+qOZOHU5KDYbBY8hNLaGEqLtHb2vd72M8J6NFAbXMoZZhEMnw3CdlvGRz+lXQNs05liZxt+zQAh2XXVggGabpKFiVpa6Ox8hKPAGKpXKOoaVelMokptmY+vDYKnSn4IHdqT/QUk9Kl0guBoO4DckxNVv6Rh33dbv4oPSD6l+mZgXBzBev9o0qW/VN6cWV2isNn/ZavdAsY5gZt3Vb1mrBKedmJ5/Wjo+E8QJnZntsVFs2Sn8P57MMM9Psm26nDnX/O7Y2p/h/tcM8wnFmmv0cWGiJLupjr+tdH8M6oSlwEENzKKB5lp/qFp13ZWzXewpX7NP+osC52Sq3ffy49NK9XvBEZmzdvE8ImD8lAnoJ5oGAfStRY0MqGDokt//LZ1QOi58FNg4oxNAnPsLEIQWBbIkLav2HuWPiwKIIdyLhHAKIlGOeeggTRxCTSDiHAILC6OYewsQRxCQSzuE0gucF5tIhbBxGzCLhHAIICZXMPYSJI4hJJJxDAAFHsPAIYxgBWImY5QF7xoY7hPM3cQQwiYRzOI1ICxitXjfZOIyYRcI5BBAZ3IS8Ktk4gphEwjmcRjAJc9nrJhuHEbNIOIcAgsNg9rrJxhHEJBLOIYCAS2rmEcYwArASMctP21O4kTLvbLJxGDCLhHMIIODqmXndZOMIYhIJ5xBAwHRhXjfZOIKYRMI5TAoqjYYRaLQcDvyC2XciZt6JCCZpAXcNa8zANs1TyAMrOY5dpCswc4ONDoMNbqrD4QFnbT7evGDaafBKpZQZWLy67DTa1E09vAyd13r3eDBvM3/R+cfry/XFu+vteuVeh/4BO3b0vAplbmRzdHJlYW0KZW5kb2JqCjQgMCBvYmoKPDwvQ29udGVudHMgNSAwIFIvTWVkaWFCb3hbMCAwIDU5NSA4NDJdL1BhcmVudCAyIDAgUi9SZXNvdXJjZXM8PC9Gb250PDwvRjEgNiAwIFI+Pi9YT2JqZWN0PDwvSW0xIDkgMCBSL0ltMiAxMCAwIFI+Pj4+L1RyaW1Cb3hbMCAwIDU5NSA4NDJdL1R5cGUvUGFnZT4+CmVuZG9iago4IDAgb2JqCjw8L0ZpbHRlci9GbGF0ZURlY29kZS9MZW5ndGggOTYyMz4+c3RyZWFtCniclXtpk6tIsuX3+hVpt82e9Zi6UuzLTN16xg5CgNgF39jEviOBsPnxE5mqvn27X7+sN5mWKSDBPY6HH/cTytD4C4xAbx/fKPmGEm8kQb8l7S9HpYXf+P4X85fxF9b55SjCbzD95tx++bgFw95p7M1Jf0HenOkX6J1Awdfb+stfs1+ZKC2iaHq7auf/5VS/CM6nhZeDKf8F+CAR4h1H39pfcJz6+0kDTmhwQr5OPnz8OCb/cdPtn439ZOBlDYGQdwj/wxoCwf84+WHun5z+G3t/mGg//P4wB8bzT9Z+OvnJ6e2/QP3Z2A+n/wTuJ8M/O7z9HHf8M+wfFuB3BP8I+19/+8+tbd4e2TSXfff9G7Dw7S3rkj4tu/z7N9cRf6W+/efvvxm3W1N22SUasqnJ5ll9Jm9TdssmcG+mpN+/0RiKAKc4hMI4AqMQQqAw8u3339wy5aMl+v23S1++pX0MXOC/QtSvME3jwBN4EL8RBEZTtwTCoeSGExlFwyhBonB6gxEKAad0hiIYdaPI9IamWIxTCIbAMInfKCLBvr3lWZdm0/dv2rePPPnr20/Z8q+4YfSdJD5xtx8DIRA4Q6IYQm4xQlFpRib0LSUziKARCqJwIsVgEr7hWZTc4jjJEihLb8QNopMbRBDRt7cuagECL8umN6Yrmzc1auOoyb4dP+BGb0k0Zf3t+7dvb0l/75bp+f2b0qUleDAt5+X7N6Zoo7SL8mj69lb09zn7uLWJurSNpvrzuE++f6vuXfQWR8B8HO2AD2s0pW/Et7cB/A2DMQxC/xw3RLwjL9xD//2bFc1F2X17m5doAT61qIgmcGmZoo9rU5YtH87ne/waphpNVbT8qROCpt5J8tPJY0l+ePmIRbH8fqSrI8Ywpl2HJytnWCZnwBl4ZfgjsrI8w+QSmycSa+YyuyYnzsxVnjV1npnPPFvbwkq5stXf5AKKwA35icM6hVNmZVsTlU+GM89sOm9C8jPBL07+vHDYrvPnl22zBvZWYCfXeSt/KtZaaJXy/PHzFSjAFOoT1M8P/I9/zseVYSyO4RVGZXjGVhimEFhmE9gjZTLy+hEEl2VM4eOH+ceXwDGrKYKAKJzZnz/uXSxwORd4ZlUEZnVF8AC4INKMqYDgmRZrKYXmCpIAiwX7PG0ir34BiwJEoD9hsXUkKAqkbqvl2dCNqTXk9MzzWhWLJJCsvjmVSa/aPaQ7AWrwNWFClmjVqWK7g+OJnu/BRei3eh36YRdJzZigFpx2KZZdR75QfKnAylM5qE5z8v0GL8N2VKtB9duBKIdxUvfl7CMLWeJ3MNGbdpU2qjo9l7MD61cfpqsQucsldnAa/H7riWzaqMcFom9fYCNBsr+wxejh0hGvSIPorsLfI/0K3n8baeEj0hy4iWeZ5BVp84R+3rsJAmsLG1ucWNdMi8TSSq0XFFFQrT6WWc7WdvfBeEF3trgiqHVDaCjrM5AtCOugVi6i7zlu1LpguaFsC18AIaj3V+o1qgtbntekge8NVSh5bYgUQ9TpUHoN0UxuiLw3hCKI5FJp1Xow3CaMru2pjfrRqIco6ka1HefJgJY4Qu/nlljni7AlsfzUOhVaLi6cxldE7yLsfqnxLO4Ioxtfgf4jhnQP0lcDdFUsEAPmsvLtqrpcsznj88SLkurybUNiAy9sxFeQ4HcU/sTkYmpGG8yR6xiX0RlavS3Dc6oIWBEwkRECu2ONqOEoCHef0Zmx2Is/iNXmtmuFDgd0sYJQEna7MBJPYWuIsih8QASzYJ21u9iD3ukXLoPFXLFkx+NbTUgz2t9EtC/LNafncrSZ0mRGTpWuFzmb1BU7KUfBHSr8yJVr1VASCNpVctxy2k1mPdnFF7Bw9J1CPmGBDrne2U5kzbYBIxyZtivU2gMjsuTNCriTK144WBl5isiEfmY2bzStY+Os+ebkd+OIuSSjIS62UanaeDp6LcGDhKtwrHJXa+pxEp2znOPgoQRnxonxNj6HFYUSvEDws+hGd6eLXa4lYyW0mswsh427LGQFINvGViBqXH5OOnmvAwJ61OG+ml/Awoh39AULjfWIW+O5KDZkcDgd32ASIjlD9BgQocEp5IVI1Wysu8GtBE8ru9iAbTLhcjWBGN2/LG5vBgMxbSCeJispR7vjLuUYE/m1q33OVkzTUPChxSWywkXp9uAvpwtDBBfDOFNmdgkV3F90taGe2nmJsCAwyM5AJaNjWLqCMV0suiBqJqQhHGm/ptvyBSwU8Ar9hBWEXC+eznVqPgKKkjvmwipTMzzKmKl3jre7umIPXtdxdYVKEHY07swjJrLjnU+uWnswc94AJYQFvSxhAgYTvTW72V3AQwh0ONVavQpt43CXcbMDzZMhhTm6HoTUh7Muw9doTqb1WWPUmOpThl6cjoCxzAccI3AyJRq3Se9Ps3T1Sh6cOZ9v1qhwzFe4ALk+xfRfTWMBbpFp21ccw+8LmwbTGPn04l8bLjm4N7ruiFTD8OMZnszlBh2v022PDc+XEoGhqgmWXTnv6iRPwn5WHtaKj2FQoOM6+9BH8tH7ZrK+oKAMho/xMwHTjqyheGE2UymEgAiw4Y5KNwIOlFGZ8nYUEkmkR/eUw0ZZDW655Unbz66l9grh0kGxu+3+BTQEEOwlWBls9IQTATGW2qonyTuHuKPUAYfzT4G1CKGGAyFgCcrDN4yiTFQcbqfQxz0L9507E1SGmYxJHsoYdolPLGPYcHUNdTMvlqAWNPBo6hFPOzaltEJP27E7TeJg29sJpKPfqYUuPuuilyfLzcvTsC7IJWp2kDOh0D8jl+qGChF9d0ZAwhNEQgZI9wUqGPDrhcqIjJTHT1J2MetygpvLORau4qRR+i6soWw2ziEgj0dGJMo7qUZIIjYrjw5nJ1rWO20/l9XqRLe14TihDxSTqY+DMEAbfJcuQIkrFBabQHslYGZoI2PL+4pg2LRW62Vcll4uSw7jSaHd2VRF+Nmsb/p9q3LstMHMhILGR0exxSsPO8d3twO1PmB6JmC/QAYBir0E5+ZwhuNussQYUbWaWcTKQv+YQXGLEgHMpcmpdQAphtqYQhIM5sXuiixTA/HsTXl0G0Q0E801L0N6MHSE7WQMpmi0QfUbmixwYlybJpi3075fH4+y3GqYX/dRX8Q7tfW+ymaTmJmXbauo6HCzGb7Mo5MCodykWrjBqFXhkho9dl4ubr7QASbq6qbUylfQAMteMld2mXaoS0LqGai4xOI1sFYuG/BRigHhLTOuchybQohYz8+R0fKZhQmva47kY/KPg4CsfC6WlrnQNlTNLMZUsP3UbKwOqoscEx4OYw115s0u0utA7yTpIk8drdJXiL+y8lmWEM+khKoTvVtZBOYVLqLr9dmszhLIRCJTBOFFMBTAit5V3hQdIrSN/3tcOA0o9pIba7U1Gb/67Ik1bgE2ERbEHY2RYMPrIMFDkF+ZnZpSSb70ZnSIT350DoKZzGyn6x1kQmXsGjX0nVI5JLhdInuR665pLnt41FsZ86xtJpU850WVrWElik37vBGesCpx2bWtEQVVvRaj55LQGR49qx0kDQnw0bJ2hwol3gRtzGTqwlOudawgeacQMPUFLgqQ7IULvkKcj/TOuhknBcMlT2b3+/XCHtXHIB2X60O/dAtUR/ogKLyaCDJBj4dsCaA2ttIg2lu1gYL0cuvqW2XqgsHl3CEfCJXTZpMBGkrU4bNAO+2IG1Zdl/Pdxx+7r4+s0hH20KG6v/EklcEJzeGsfJUnH472pl8ffl9PEnRKtohT7/YeyPDkzOcvMJGAXi+JS8BmzKuMh+Mk7B/nDT9f99aAOYNOyFSX72Hw3NzU3+0qbPaklwe9GdNREWVksVTbyg8PQxMy5AJPfWq3+nHlJAwLoTAdMZyQl1o+XqKHFHOG75J164ns9qhPnnlzkow96OnUtz36aC6h3VBVPhHgeWWylpMvcnG9tycMmUkcQ11BRZWLWR0ZZoK/BAa/vzoYFj/Gwt3OH6WuHIvhJOCZS2HkcZcDOkO7Y+krsluDVpDWEsYkXZ17pIxJkHG2aa6ovVarCXZgEIMnbgU02fxDvBr2ONmRBfXixbo1ON4TwtGu3VpuJ81X1g0aT0/tQ11dJ0dicGw32V2RgQx13ZXpmDE425KxbZ3IXGsX1wJlWK+6woi3y7UMv0BFoO/0S/XaaHn0zKSesj29mVri0XyA0Na1vFUHOEKpBOU7ctmEOWdovUUPETTE4ooadsK5AeiU1Bj2dRWwtzPLzY8rS0e1EOyrod5mUNDldk4vp1R0gmev5GwuGxa8ey38nEaNgibFq/aKGeC+0NeWrUN80NFzwUEVNCKQHbsPrpabBEPj3HjE7Z196No9NaII+gIaTrxjL2h1ebLNY6Yem/JxvfDuBh2tfogbyUaT4x1V5Sjb1owOr2WG5dlNU5Vnaj+uk1nXU0+ozaU1FOq8HENoJp5W73bXWCFVe70eQ5I54OyhSb1hFsuGKubY64Pc43rpnLLVA70sBFyvq3U/EFogZSzhIZfC8NXnYyFXlcyDa2IwURTFsOLKcvC8CX696dkTPT9b9AtwGPVOv/RvGmdWs2pk64bcAcmyW3QnDnJS2RmznMMZRwzjZtoae2hVDN2mNsK1jAwk/qklIaKMFMUjOhDhrChHERv4lLmOPsHLjzycbGkybgJiL7Du8rqC+rnu+DFDeGNipsZRV7I2CqBcVCSayPKK9xKIH3J8cHXZUOvwLIEVG3GAbVXj2hOEY1/hAex6Cd/RKfOgWC1o2mWsifhsj4aQ6GLz+VwLvd6VO6YwNlgomMEJJ27DdZQMI5pQeKAX6IAvHAI520XsIJSpDgtvQqS8j4mKQHTlwEFAj7GKkvSc01khWk89T7xdj7pY8ouz+pQZw1nw1cDHLXySPiuJ+7becLjN7xmiwfEMP20uS9IDrW5JGBFy5D/Kyp2+QIaif7yP/NfTZV66eAH6KWiuaePv8OEqE3AMG0FU4c7mPxFS7dSpk6/D07kaEW9gdaajQiQPD4Nt71UjNPO4KGwOtGLGW5JRQAkNj9pMOlWeHR1aRc6u7UOrqyV8nXXYsXGRJvPO8SHKGSUIRRvlNOoOlIhzaCyVJqU69u+WbE+Pqx4WnXXVEvaYBUHse/kX6y8cAeT6Q9CboLdqx+Lau4m9bmcpX0dGZX0LS65PUgUihnli7qFnZDqBp/iORMSYxNZF3bRD1EMOKGbDSVqLNSp4zABLw/ii6Q9/4VuVmu88PPqq2WjtnBH3te78cSKwWQuvCWtL162WOgHTLXF27xgGlLddOmCtA8SgEeXsquED8QxFhUv0zT5+gQYGbHqp3ZVWK++uJhIr+zm/yds+sFC3WQmA4CT1vslIQFUVyHLp4sjTVbdzjJWH6/KoOgvTfUq/CvMUh6Sqk+VpZZz1bj8gRcZzGahTygoP7O4nTYgaZacSsyk88ZU/rrw/ZhJnUcKShwNbGVHrZYZazChILugJ6ZtaPh3S3SkUmvozauXnyzN2vFP3hdLFYcCpl9I1bD3f6Et0D6CD6u7TwsvtHV1APpTuPOCy39yeRqu6tU6dJayoIrQLany7mruT24WLGybDwqfpvIiH3bgGufzwm4E/J1EeFys3nhuWxAlY9RAjaZw8vYZnup77Pjlq/SHulGfmHO5Rq2EbPOkZcSJhu7k/L9hIwH1moCmqlxHtsWv0JHfPHGV89pqvih8EKPXSuelxcSl4z3qiJpnC2e0kn6+LC6OSWTzhBD2P2m7HaNIhI2c9t1OA697gG7wfxwEpz9jtHBA3vwtQBmYQMjK4qHVxiS0X29yLxB3rDkgG0mUNjasZ2t+gAYunmuLGZU99uokfl2Q/iVz+3O8Ic6GYi/0wHmJXFfFz6+bF6DTVSM6KVgzW0XIOofTfo8JoQKkXKmNTFLa9Cfw2HsZ9Gbw6VCZDMiWT5jUL2o8zjjN07iAM1lwVw3I1vNbILEJCDQ/wvYboqLUmZunXIJEvi9eetooVw5sSQ2Mo16S++3EZq7FRQXeMu9opIyqn/Ro8JgH0Se1ZVTmMP6IhsW1GPXCgoyxQuxVWU7enpr52Z1kR7dhqyUh5HKMwLvJEm8Mv3lwDy913+qV0Bdo/Hha/vI/nQVCvzrrowpTbSoHMz25aLs4FHoeLIteY7MzqmCmh6KxwEt/ZRgM8uUWwq68ddb6neUPKCaI/MoQ04CkZr0UKIWLO53l1YVlMed6COjj1qI59CIqRX8OxRL35zNm4cC2OKzOlF3wcLfm0irVV0fA9kbsOetpRARN77MT7E5talVwG87qQ41foANFemlecB60bL0nKGeid49JhfN6rXPXQdEaZix66rW84XpM7dFSGmbrdteHJeE4bM/p1AF0cm4yOhCCWDI+8PeXy5GXEg/TXyiNHvCx40OKDVcLyUJHHW+A9s/EoqM8Zv50W5ZqZ9Cn01IGUYxo7tPxyWGIpuqezswOFBd82a0BqxroYdfNEME6UJas6ULcv2jJGvmq8BVpSBwGCUissb+epnR7neNHCuma5TdFLRp5Ng2OPS6i7N7X2eC72hZPE4tBUy5dAveBuOUmPUZqvaGlj6P3YniQej6zTYllo0DyOjB4ecmwtIb+/FgfUbBkrXbUkBZl+7PztPNB7slpbdLsVJLxyVMRLLGIy6WWoQLZ3sCRhi9Lr7IMEMb5/0bkwgnh/lXqd6qVbt+fphcKkrBhh2Tx37DMvsdTZc2wgyv4wTwHL7Fs7sL5b2cpRipJeAR1hWGnLT3f3jjj3OVdkPQ3Dp1Yr4Y7sVwUZromGT4FPKhXCl72u3LfH6ojoabpQHmpeLbl8ak+tZw7FfrRbBH4G2z2oGNm+JzBBR/RdqNgnk7EkDFqX05EDJOh05oM69gUynH6HXoJXgiqESLUWbpXtYdJmcrvW6QbsMtDZXS76iBb+zdoyhC9C5YxcJgEn9DvzNO5Q3UkZTw3GzZiyY0tZ/px1Jpb7DCMBM2CZdPGn/sgdhnIXusJGOuQKQe058h0WiI6KvZh8B12kbNiuVxaFwm0mbu6DEZB29fsWdGl8oIqUrCIywYDIwyTbSJKvQMHv+EvoVp3kPP3BT+7ttVjifABZo9hTyPOwmMKYBUSquGM3KryODgrCu27ohYRlBkfqNOO0oqgGmI7Vg7S4i54eMZu3T6SPlL6w6LGz61ptxeSmbPV2dGSnX1TvdAmuWuZdZVR9DtmSlXqPtEv8RP2RxcO4MmBd7WzLxPGDk+MX5ST5K7/VcLkD7W230Bfvy2MY9g69BC99nfHpYwXiV/GuT8ZDMrhLY/BHwTqA2m5UJx4HigMf4jIMSDhusftwweA42QOykw/6JZG2tD+5dY2eqdk0ZZa2s6N4uV1PHYSB5Qw0jpcGqXi+OwCxyPHuWjuXwLYHBUU/1lLKUQaL48XqmQ0o1Nmsxd04b8fHckyP6sI7xQCP6yPEBrLdl/3IgLJVzwX9BTj0cxvA5z8drtBRo8f9lHpgEWDoGB7KF/LpquuJLmpueTg3YX9y3DODL0iSGLkbbGhsZJmxyRiEIY+RN1pKO0gk72JktV1itFr1eO49jn/ihpanmVZJWrVsZT+N6L2BeG9Ibzv9SPRT+BTLTOtO7CVmDL7rOUPzEIc4YQnlTgMQxtIgLc86uCOmHDdeMJpJ8lWdRwDBXgUxyfM6wENnR5838T6csWIOMb/kHr3DQXe7k3jFHAx0WIXwEpD3bRpsr5Qy1TkJV+rJ6LgTyDvfo8kN7l0PXrbehH3bl61l8ulFCCWLvZ/n/rQ+ki6nbldk6rYwIKS72k8aoWajelddpgIvt2CvyinR+2kqit23xtpVWmbcuWNr5yHhicl6sDfxHMlfAQMkexXFuJmpttZm1MVN0Yx2hVk7/QmFmXEZGY3qjvx0EP04x6xWjw4VcUqRe3dDngeYTKpE2ffDST6I0eohoScH+T0nruoN8e8IetqUI43R1NFfdheZ08sSpDZYlJ1ulnppWRzbnqBtajd88yTkEabpggcKJhYeqnYsc8FkWPZraAsuPI3QS/YkB36XN5Q2L9kX/1HBYMCzlwj2+lC2CStGjDG6HuPlQB6RKZ5lX6jJjjEyI6mr5Ugx1/3qRzeMBrJfj3wqRYdl4ZMo44Kuud/mPaDdJGCAfM3MJFBWM6KmEyxck61IVgQqZ9CgkVwz0vvtJh8Sz6E0n4Lud9t8OpmtT3EFEx98e/hjM9tQtqO3ktsWLDyjznl3zgb7vGgdBGNIF9BH7asaAgGavbCtXnw67ettIsJaXLuSmUZNqBcy9OOJnmEVq7hLNzTBskk3x9BSRvNwN/ioZVSRHU652ZH96jOGSp7spaDOpHNYJ5g0iHuct7h5N/epAn0BenIXp1t2x0UQddvFLluXvq7FIVKh3MsfT6q7G8ZAwOKgwBy24J7AjSmaJultjFT1CcTwXWiEwQ/Y6xf5iNKAaC8pPKDjcfCW1PDrqvU8ZnverqAHeZblAsV5xnTYoKB9XRKiGubYieB4H4QBweX6qSHGMSwxoMofAyJej1J9aP1ZXHq6JoAU6TcuIqg5QHTIZeh21dK7uB9Fy7qa7cHS9tsmy773SDJZN2cyYgvlhK/QxA+LPB0deHONCeGicPLwYFvuRdlc6s6wg/35xYyhNCDaSwdf7p7aIX0/ceMj1UeHBssuNzXUNrSkuwVGoaan9hqRyO6q57Isc0vUpK6xRU7fZ1FyqulqoSYsIRkM3dd4nwL5XC0HhWTAElpV0UESXegiFiBfkR5q2vLeXPmRL4qn4VR3Z6+9fJHZi8SPjnyAFBglJfmcg3m6xUdFVaHuHk7BA/G2y6TfhSS7ioKFf4GMAjz7Y2sDfjiY2mje3AAHKrucIxR0XDpsbPxuToKQaJcJ7ftx8qvETpGorYhsWRKUJlmGftb2zJ6Wk6tZNQ+KewNmmw0TwhkHiLjwSLoqs20xFFsm6QZjfT9MtpI6R7r+/tvxYzfPb8cf+7rsMu+i5T5lf7Y/CCUBkV6D39qmm79/K5Zl+N/H47qu7yv63k/5EYEg6AjRR3BDOpf5X7697Gep0t3633/joq7vyiRqyj1ayr7TsqXo0zemyfupXIr235l0rA+r8NESuF+B2V8TGOt+/bjysVPtY3fSDwD/E2v/OsBpjn79AjJBv7+04lxE8Icz6+975t5cS/n+DeBzpqibb/3Uzj8d//8NIuseWdMPWfrr/HcsH76OP5vmyzyblxfEP50pAn4nXuP+s3HARwj7GAeA9BeAEcGJD88vZ17U3LPf1R3o/Ep8xCl9U4L8VoxFeTjYhi8WJwaOchG0WUohPXJjQHL9/ORvxx/RAsc/58GPKXvdKNWx0nvabuEpz5ctUt5F6dZgRI75xYFr/HhdvioXOPYOv8QvKZrLZp01tq8s67miMlj8wRnPdu659iRnPHDH5UQIzX/8BUb/DzaSfEBmPn2YXQW56g3FCQYVEuspFOuTW0aYgshtND7UOnQYxwroNMyiacYYmOGeO1hjVWRtrweM3pRPg6KACJd5P9Eo7nRqBQ3R0BaQNN0eA9PwtmhcWM52XfIwDpp5Y9SHHp4396sKjxHvxAvZ0LFCaA2wOKm38cl6eL8hy6dXHO6jswf1yYm8bcvt+pTTFsds+8lDXlrhcJxRfnevFSggU8te04g5l3dBbBsFounpcY18C//4x2m2kdWnwZzM9Y6g5HU4w7cCGTlkka9x3ed4z0UnfCrph35Yv39/TelP0/ibmj1f83vFIfpVXT6O7C8QooBgLw18j6ssWfSozX7n9O+8/ebqiukKbwov6I4iKhzjKIb+xriObFiKE7wZ4pui8wrzBuF/Q97xd+wdh78DAHAM5AwMlg4UBuMIAmEUDoPfCLiWgaV6goEzHAVnFEZj4O84gt0+7v+b7ViC4HxnBRnYfVOZs/KnREMB0V5aV2PAWCxg4zufNUX5x4hg8mNEEIGCYaHQ5zf8N+P7n0P7U88IMP4So59B+Bv3XdF/O36G+6dIfsafy6alvIGyu2S/a4oirxXHseOYM6vCMrkiuHgTaTujs3k9FnUp0SvEMuYsMjzHHnnhrDG1xMCuwBYayF9sMx3myOa695ktLNM7hpDCUSs+g6uZO+A19sU6sFk/8Lc5vNa51XrPVGrm6Do0SffFbk0UBgn/QpUHPl4rgt6HPjwEiDgnT1aLwPGn11Tyas2CVmkNeM80z8Jm8eH1BEV+iEc+3imCCKdS8UjaBsoc4aIx0CcEwdIkbc9XjXchzWJWPg/4T4PAiCKsqZz6Q5G0IqTZwXpiPo2fhA3mYsQC1dFq0nLN3ScrK+LpEfhfIIFAYr9UpzmD0fSx79WBfypCHrR2tpc+vX4MSds0B0R/O3Os7NQhrwjNPWxpKEbTJqmEUuOYz6EzmxaqEjaYCF2HNuvEyAYgNo+403ITEvJPg1r1sYuWycQVemoO89SqAJgHWCsr+rgG/gauJQC/gmqOGGmKnGrmvHLmB9Sv4IBEf2lNUxLW08mphE3jqH/A4Aqt91z85HqeCCAIlou7thueTEgEr7QBYuB5QnFx68b1bfZilezJqa2T+S+z84LhCGCIALGJrfxrFsDseELob33kCLHGvjKSszTbrD3FdnFBERbWEerccUXjvweC0IA3L21pCY0NHl+Vn3JgF7aFNUFrNz0lt0UhB8t8w4I2VhF11hYaDsz7xXTNTd8Z+IMDLKM559oCLPYM2xM9y2ZPluAZL4NCI9muzoLXi1OyrOcBdsOnkyeCYUJB/jFs2xVykI1rnoOpBnHg7FGylRjlPze5ugyDfbGXBaEAX15oWH5l1lf9zgWV6QG1Ta5MytW4PtHm3rEHxKH4eFY36tx49dMwD/N64ajHk1e44sqUZ1uJpAg9T6doPtNe/8Ck5UU2MoaTJ79AG8qlc2FmMXOTSgrF/PQS0ccLRdpmyoKehLKeUsg2dOWewZlo3LFRx/h4eNpsUWwNJyLCUr8aZUDcTLrbr2r0xYYWhAQUeulNWyMcRlQKZnRU7GQcj2565nRtkU1TovsbinsP+zQqmH30VTMxhBVPL7K8WWIgJXWLvvradLvMd7wWNiXe6NQFgckOQ+ULeqcNSyL2E/0ECZps9NHWTYKmqI0e5swgcdxON6LceOaREsR9QifiRbZ0lC+5Hy2UNKpmSt5E/nHMYYRWaZ/kvngLEiHh9z82INlApVR2CwtC/IxdhPOY/GOPrlTloAeDWs0HO2N85JlsUuyLazcKJIbGsTOzqiBzPQtqWE5bFTNQ1DVgQfbKzGpKXDlLjGmyeZWozLr+yKvzKrCsw3GMqfwgb6owNnuoOJbeObbIAylQTnXIKJwmr2uWB19lIIG9Iy+p+cN7rqxxvs0mAtb6qJZrJVv9UZs/Cjn06TW8anlwPTWK7O2hb+ag4j0VKQQFG8oTpOniFlTB5/p5PQYJlF4t0AlwYEQvPqteyRZxa37e+2nw9QD7AFW/SUp2jtEkB9V/j54sBAr6PUHE6o9yedekVWJbjvsCFk68ky9YoWSqjMOWmsRIHPcRVFdkV4V7FSrR1NzG6qMPOMhnl2tfQ3TzRD490rapP6BGUtNFkgcgbk3aerMi0a0iiXuCek/Q6CpQ0NsXDFTJQ4muUh9u4s78KRZsm4IbX9j/qIoW5DCmfGQZZWV4pvrIky8gYfQ78hKTMtA5Ms9EuVU8P70GfgHHHD4Br0VSszDQhEUEFqLh1bxHPgaKk3j/zEKLEsBxAzKTDT6SyCJyUG6iHpyLow3OlR81yPhHX/l7yxBZjaekP7oFZqHeCFKgSDnWAK9LAJwqYljEIEaZzUogZ75CAzj0Eo4gJ7ZXocqAzgAy4TMxTKRoYr+pgAbZFWEbwDEEEm2THSZ+Fe7ZEQUd6BFrCLtmiNskN68eFEn0M7pa+Gt6TWrlXxAsYQ12g2dW3TE3gX+xEsgnh4V+iJ/tVDH163rtyO7pEUriFEoeAnq78x9/+QINClj00pHAqyIkudvSRcituekXSwgCE7QiEDyAx/nnaECf0naNF4C0SA2r1nLbx9sYtR4pSELNVlbl1TVfjU3Y6j4uGx6ImAY0skcsA5w+fQex4k0bKAJe+KGGPh4CQoh36xXWqxrSeCQ3CAYvqrRPZes1vcnefwEGAdx5gXmc0RRNn/g9+BAt158941WMQIDu3hqj+pCCqGc2/boP8EdzzHuAnmbtg3CgQL1gMGatcSrD78qqVUAhVAoClAIM9C/k90BGVMx/FTis9mlAWU1NY0aGEyD58ZCyT4Pd7U5r7Kf2+AIOTP/9s3YpD+YDVM/BxrnbeEP2dB2r+3BmRm2tj/F4pXkm/KGiOwi0J0bgeUaVVss3OGx7FdxV4VX+38htxuA+PkQUOw24d+67Pcawwx0/eCG6SjtqiDl0P0nz/Razdzy7FWT9khkI3wTdRvZ1Ktyip2nOBOPu/GP+ChP898/RyfCTtdlqjsIeva1sbrqKFulqqtqTpUCZ4fBj2ZR7k8pjBcPoDcvc/dOri1RYXye6LZLOZvpata1PjSLM2SQeW6iS0VSwhVetA4ahh2G72UoquncMoVTiKWMnVipCe/fvI09I+qfBwij43T7MNoJq9SqLIyRdsWwqvJt+9MnrObOrXcT2tsoPXwk8CFDp1V1J8uE8bU7PEM8K+Okm2pTAGIkBFv7znpCHT6/EluaU1eR7H8q9JR2l0R3oshtObkcayl7IJZJRWgNWSOly7aEunmAcWrSMCu1HgNy00uEC+HM1/K9LrdeV1zL4+GNp/I9FMzj+N5/K/P2/QoPhD2wwTX/sDgCVgiJ/+sAtShBAmK+//BUImLdz2ZZLlr5x5ZTcm8+32N7+7xtn6OJrqcn8Y+vm/wODST6ICmVuZHN0cmVhbQplbmRvYmoKNyAwIG9iago8PC9Db250ZW50cyA4IDAgUi9NZWRpYUJveFswIDAgNTk1IDg0Ml0vUGFyZW50IDIgMCBSL1Jlc291cmNlczw8L0ZvbnQ8PC9GMSA2IDAgUj4+L1hPYmplY3Q8PC9JbTEgMTEgMCBSPj4+Pi9UcmltQm94WzAgMCA1OTUgODQyXS9UeXBlL1BhZ2U+PgplbmRvYmoKMyAwIG9iago8PC9DcmVhdGlvbkRhdGUoRDoyMDI1MDMxNTIxMzAyOCswNSczMCcpL01vZERhdGUoRDoyMDI1MDMxNTIxMzAyOCswNSczMCcpL1Byb2R1Y2VyKGlUZXh0riBDb3JlIDguMC41IFwoQUdQTCB2ZXJzaW9uXCkgqTIwMDAtMjAyNCBBcHJ5c2UgR3JvdXAgTlYpPj4KZW5kb2JqCjEgMCBvYmoKPDwvUGFnZXMgMiAwIFIvVHlwZS9DYXRhbG9nPj4KZW5kb2JqCjYgMCBvYmoKPDwvQmFzZUZvbnQvSGVsdmV0aWNhL0VuY29kaW5nL1dpbkFuc2lFbmNvZGluZy9TdWJ0eXBlL1R5cGUxL1R5cGUvRm9udD4+CmVuZG9iagoyIDAgb2JqCjw8L0NvdW50IDIvS2lkc1s0IDAgUiA3IDAgUl0vVHlwZS9QYWdlcz4+CmVuZG9iago5IDAgb2JqCjw8L0JpdHNQZXJDb21wb25lbnQgOC9Db2xvclNwYWNlWy9JQ0NCYXNlZCAxMiAwIFJdL0RlY29kZVBhcm1zPDwvQml0c1BlckNvbXBvbmVudCA4L0NvbG9ycyAzL0NvbHVtbnMgMTIwL1ByZWRpY3RvciAxNT4+L0ZpbHRlci9GbGF0ZURlY29kZS9IZWlnaHQgMzcvTGVuZ3RoIDg1MjkvU3VidHlwZS9JbWFnZS9UeXBlL1hPYmplY3QvV2lkdGggMTIwPj5zdHJlYW0KaAW1mgmQXdV5oM/d79t7lVqtRq0NISGEQEICxC4WQwADtuNgD14SD/ZM2Rl7MpUpe4JralY8TlKVuMax4yqPpxhPjAnGhmDACLMbBAIBQgKEBJJodWvp9fXb7n7n+89rYVw1lSpSM7duv77LOf/59+1co5PntlJ2qlSulKUyQ2X6kjtOQz+zujcmr4wkTW3LThPlMDhVqaFiS7UXZqs+RqZxaDPRtAGQJ4Zh5MrIlGkow1TcmIq1OMwUYMpweMscHjAgV1auVwUqp54Iao5GQ5kyLZMVlGkxPs00ziY4y4tTCOt1DXnFoaHpmbFSkSySFvgFZw5H5jACslRmGiDEEhY3SZaaZlNjCu2+BiaLxLlnMzSGDjn1WGB0mQcgoNr841SxMvNMWRAui/J84b9c8747W66YzwFeQp48lpM/y2LpXLDhMFViqvFU7Xrr2KHxqVVLhq7ZMFi2HQ0zDcPQ9zzAMtQURus5sohM1QcDBTy/+pnAlwMGyxU/nN1X+rn+gWpTo7rw/hQ8HmqZnRoJhA+shQhhrHDMRDyazacGduEkaZLkuW+7Ee9tM1Dq3mfeGj85fcbyZeeuPW1JSUGJrQEoo0u9XiA3RIP0UnBMsO4eIrLffZDmwgitx90XIlwZDEIyVHQtUzbCEb1GUkaKvpqZmSdZ5prHlPr39+769b4jdrFodepXnr7065+6dEgpF7GbaKvMluW7zEHGHKaGL9fCyQ9wQ14uHDkKiDaABBotbIc3moyu9nApFsFcYGlwQBNIWkZcM1FmyQheaPL0YPCAh1asXN5CVdc85L8+8jSLLHNGqT/+c/g8ljmlLIyv2XTGnV+6aqmrVJI4IG+aXYNeYG8OSgBAJaDXFCRkXRDhxcItsIVoXvC6i9KpS33HMyCgwAtvZSTm331kOGai1FOvvv343netZWfOVwbV8Mon3x57fO+UCEdzFmayvkxaAAFneRTlBmJgYQMhiJz/L4deSllMgMUytguB0XIBWpn86ZMHCw/zVKjr3nVfCedlBY0EyHDJpGRhTXFpoko8gncqQZtM/Mv9Lx174ciUM7yuU16WLVr7yMsHfvX0HsZYth1nsq6Btz0FQq7AR05Z6H1CQePUojJWXIrGrPtQTxdfzPJQaKK3TLUs0Y6FQ2SFNqkgVomrjs9OO8XSfBRbnh8kHccujc920EY3VRYy0dBlbS0fIdkAYqL1Thw5C3Hg9xZE3x3PYrh2eXNKK7tYypMuICBgd10bEyCCIP+wAy4MT6tzyiR0SggTAZh6dU29wBGOZPJInLSMYT3BRnTjWH2uxXUnN60KfPcLlYNHxmJ1NhBdW5sBcwQ/1uIfs/nl0QI+8karAuaqRSvSFvjdk7fdgxmcpw5LPFoOx08BM0TLAO66/MuWjSz287CCR2nNF5K4mMSLykXEYLriB8VTaVigjcYQOYUWcSY8XdDR366ukeM172AQPEs1F2QGB0+7kwQIJEk87CqWJuwUHaJV8kCPJnLCR6axrF5ZgDhd9eo+5VcsRp7LFW4aPNctH7Ha81UjKyRBIZ7309bo8CBAUQgZmOnoLNjqP1mNP9EAeaTPhf+8FznKa0I0kDXvuJc5PCUmo4LYu0haRkmolzu4nSXKtgQ5uOGq+OLTV24ZOfTS4SOu5fpRcOmygVvO7cebNZPQtz0YRvwQjmrnAR5YiWiyICKmARxuTrF8AUmt35ID6KQmtw0dHgQFACRoXDcPMTHiPLdguEZbYItgOYSOLiyCuX7ygR+wxmQFH+23hCTGGiFzZLZZVOqqVZXPXrzpH55907J8M29eeObSW67Y6kMwyxmGjViEg/ANNUVsHCBGCvXbxU7ZB68Ebw58GjmWFZHS6HvWckTzAENqgg+TgV1CNJsUTMQ3GyxmxjiBhipOK/X4/mB8srGst3rTes/TTkcDE8xdKFkQNQDgMmE00kC9XPwDKMO4hVVY6NRaUA8jOZGFiJXnYMLILkrQV5IrfP2CsLor8ivuQAaT/YkP7o7v/gKE0WDVpZ4LOXPx2aG2uZJ+xSotpR7bk+w98O5pS2of2baY8O6Jupn4LFBBM4SVH4DDFIIsPOwuQYoChguGokfiMnMUGGbhWBnHCPJMTJJbsmPmT7RVKxQtXlpVZaV6ARFnluCboHEt5TeU0VGCKLowqBdoaAy69EAhugBA7FL+pwlLiDabFgpiWhZOsK6XZiTIsbrGMspVhJ+PlN9WBpgcb6p6S2EknquWFGXYAFJMIqFMlBpoItEwzFzPhMfkrUEm2SeIscTRpjoxl7uuMVhWQ0WhgugkRYBemgEwEB2q6eftTIWWmte8gwro6gc3qgZTsEUGsKU7Hrq6MoPLUDE2qWDKkn7V5wiGsAs9106U5XS58T8f2T3WitxSMQ+bo1X3livOm1PquX0zz734Rj1MZsJmlkUDJf+8lafdsGXD6pqJG3ZyN87C1DLu3rHrnSlEUXXjzmq3/blPXPHOial7H96ROr2WU46CcNPaFbdsXYm/acdBxfFF1USPsUTBeDJWf3H3ky3T9z07q08u99QXb70us0zDKMPfN6eiHbte27n3QDPMm4ERpK7vuiODpXNXLL7uvLVnLXaRoigtWiahQ/meGcW56RjtXMXk+JF66Nl3nt79+tHpejtVURTZaXTWspHL1q+58cp1JU/d9+jenfv2uuVqGKleK/3qzVesHCojnu/86OG3ZpLUq+Vpuqxq/dlnL+2xLDTl8V37f7HzQGCWyFayYP5ffv5jy/rVniPJvQ899uqBo8dn6qZpFWxrw6plH7v6su2beqq2GE0W53ZXc18ZP/H2fJo4hSyOVg6Ui7Pqvh27Dh85WXX7W2TOvUPknMdnZg69dujxNw79yac/esmAMluqVPJQ3h1vTe2fV5avjMbkef35jWjlwMAbE8G7cTsiswxnD87ObN+6sp+kyPFE/kQEEmRco2XDyh2vnXhw71hYqPm24cyMf/XKTVhPYtgY2bd/9srjrx0IMsswS/CoWO1JnNJUo3FyvPHqoeP3PP3KRy8570s3rOsxROngeJ4EyMdz3Gaq2pZ6bF/wt/c+9PaJelKs2qUl7bDjVBzX9n49PvPk4V0/fP7g179647MT5i9fniz2poll1tL6Zz9WQGHbhnr6reMvz4aJ3zLDfFUp+1ouS8Cr/cfqD7x4MCwscm0jac9tmlD3PHf4Rz/9hVXqSYyiWe5Ns7yexNMH60/t/uGt12y74wsXQrHnGFJRJsoMbSeDDLOMYhzNwx88uGu62eoZHFbNrOT6M3lMveT2DBI+jjZm7rzr5wOfu2Vj/ylP17M4MjLbLxpGEldTTKFmqW3btu9/8XBYrPpW9eDJd3a+PX3NGoKkhL2ukxMfr9TJVP38mVfiyhKr2tdqTK8YGrn48q3EpfFY/YcfPPb8eMPuGw07UdHzSnmUpkmD3KZaNvJyGvc1lbrryT37Dxz+b1+7bin+IUl8RCRRPk8s45F90bd+dD+GkveO5G6xlcalsttpN8M49HoG8P7vNpv/5tsP91Z7SyMbUtOI8zim5vctnACn0ztoZmFolBzbNCtEFSEWyzGLtaTQF5cGW2FQ6av91V33z9dn7b5lcQ7xkWPaqWFnZpHsBQv/yaPPFzz7G7dtYa7piDsSL4coDMOJUqth2Cc7nbLvZnMnquF0rXOi0jxWDufSsBVmqdvTM5tmv3hqJ74PZ68demLkQZa1DCskt8ZScLLbzx2tWFzHkXJSv2/H83tRXjIGKRY5cc9gptTO/eGByY7hVUmK7Sg4/5wNtZIEjH/9vSefHO+4AyPNZlAtVhqT0+HsXDA53hfNqpn3ZuvTbcNKnEpWHn7pePTlO+/DPxqS4VJQoHfmWyfiO3/8D8fsvjotGd/rdFDMljF9tNY+2RtOWnPvJbNHSy6NmPTE3GwnzTthmsWpEcdmlhIn0AAiRBJ0HKJtFEgdDLFd15xneU6Ism23YLqlk/WO5ZaSoO2E871Zw20etzqzvmUEACz2OYPL7vv1c3veS/GQtmgApux6aQe3IxVxqrKyZ9ba8zddtuWSM/txp68cmX7guZfeC/PYcOaazb5qz8HpqYlYlQwSeJVGYU4TRtlJEtmWB+s5V9bU5tOHH3z9oFkdcAs9r7137PVj6sIl0oeikCF+I1Xczv2/2RWVe+C41a4POPE1F48iv+/97OU3ZzvO0Giz1SzaeTJ5+KLVI+dvPHPF0iIh7sDYxKOvvf3aoQmjsjSz3bg8+M78+N/89Kk//YPL7CR1bRfb//59O07ioXtrbh6mUauaNobLznXbLzpz5Uil5swHau87R+575MmpyDX9/jjTPg1vZTk6nRJfH+OFMlWw/dzOw7hD8IdPHKT2URTi/LDI6amZ3mLBjOa3nr70tlu2r1yipmfVXb94fseuNyt9yxrNNslgFOWvHzy0ftlqktoCAR5HjPL7mfJda649WzXbd3z8hq2LBDT6vmJt/6rhj/zJ3z6irB7fq+SqfWDy6ESgVldUo618x3dNZjsZGKdSMBBtieDXbV37m317AhGfN2k4D+3ed871661UFdENS/zGy+/O7h4/1qkMeypxWtOXnL1kRVHtnsx/vW+fXR6d7zS8PPajmdt/b/OnLh1FeMwD+GVLh2+9YPgnT7371z9/1upbHhiOU+x/cOe+Ky7cvG2ZxM9HD6sn3627lf5GMGNaRlqf+PRFZ/7bT14gThyT0jX3NctGb9j8uX/xrbsn4iAxwd4i+wJPmgN4CUFQkncz474bZHVCLkHX8cjscGJYZ61WtTtTV29ee+ftWyBZUrWSOucrF37tL1uP7Bkr9Q5RiwQN692jx0O1WjIhKVcs3LWdZEkadip5cv3WTZsWSQ5UU0FZReVMnVVV55y+Oup08swMwMsvB6lOB4t4h4gGEyxwHIemjOSPOn3eNGRsGOqNGvOp6UZuedfbh4/FKndxIEjEwNh/+dzuDN9LnDayohXfeOlm5j6z+43J2I5UZqnASerXXngWXCZr7FGqmuZlnFWSDSn1+ctW3nzpZhXWkVnkFmeM0hO79+NbYdNv9k9Mph792aJDHGicv24ZXCZvKwSK8o6LPiJnOz2zqu744q1Wa8pDTbIUAizHwchBXrs3K6NqN216kAW/gAlCIB4gzTLbcUlLeYXHWORn37x9i8ZNFeOkqvG88ZKNNnmGMhud1PTKU3MkijhnYTUhJAYERViWxoOmdfn6YVQS0GZm28quGOJ2B8qekYXI0zQ9K7JpDTEfxaSMN3BjibSe40xyrRaLGJJTX3v2WTaASSGd8lQzfWr3BBEM1pB3vzKldh2espRXMezW3OyGdWesHaBBol5587gqjURZ6lmdAa/96WvXFLAz+i1pLhVpnuI+MDLO225c30OlZcS01LPa4l1vv6cZpN46dMgoEI7oyMSFYOYPb7pKAkmcl5xcHGOAoqqKb3mJumK5unzNcNKcs8khHNxF28UD6qCX5E5qm5GROo4Xh4mEMW2mUt1kVGyO6fpBc+6WSzeSzvtUy/hxi8xCkp/TTxtw3UKbrrzbEwnnMAqZLq0s/Kb0gCzy17jq5L22UCIHfSpKbywOEA5Jc0SDhsVMaelKRSdCAlBO+iLVIkLjIe4DdScfumDN8PKBatZp2KYdW/6O3W+Qk8xnonf3PPHCTF5wC2UriXqt/KbLN4LK7ExSb8WJ4TqeH7Ua60eHlxiqzAvWMI0kwcrzLOqgBJRwQ45av3xxUJ+2bZsU8GQ9mKZ2An6jSaJumU4WRssHetYuESILjvgAlaYO2kKmlUodAVM2rhk10yhN2GeQx1ae6dqKKeQGcgoTREByAIBTfrjPMs/Kq26OFNkDkUE6kYdfRTvzbFQehuo/rRbS6hQoYhrkJB1DtVwnQgocLMLiyCFhXwVGF9H4wMlD4pM8p+uvrQnVYW2pdqXSW+C+2F2uhirqnOX9hXAK/bfL1ddPNp4Zkzpi37Hg5XcmsurAfBJ35qe3jPRtGRDeJWknjucdV0VhYht+b6EHAWv+aDSkE5fLvkIasdnB+F43L+VxUW9EkPE0O5oDUewQ4qUAN6quj10jmBSfCtK21VZpSLfYydu0nnFH/b1xEBQdF2xRFzOX9gvj3axjyS6P1iUkoCnVXDdw53Ye2VloG3mhVMGmpYGB5gmjpSHk22bBSoHgpm2isZPHCA8tFEqky4JXpG+IFAUj0WgtPUE90c1fF2wyZA6jdP4jspFDenKsQKDJMke3AOCHg+HSLsF7bF03aHfyuNPJVODV7v/NPtrqv9q9fy7DNl3cddFMP3H5Frwb0sUsaNlkVA+WlyWmqzBl6dQR9CHSEJ9hEPW5ogRAzC5dH2ww6FBIsvXDILD1HA/3ZhhWnORhlBMewdPGrMkcYLVomXRRbNvkVb0TOY6bAVMrXJcmFhUrllYJDR/p+QBBP4RfQq68BT+Vue5Cvio5ABAEAdMUZLByst4YE+ERWNHlEa9kpq6Vlcy8YqRFK/OFPB7SrNILdH9so6SoBHSHgK09stZu3COzAx59URhEQwB1oI2AAG1HIJ/Tr9YtRu1C0qfcK+0/MXffW+qZQ1OJW4zDyM+ydSOLz1/lwWhXZX2lcsHx6R2LyhnexMRxIETkaySFejMK2Kny0szGy4P9san5TLIdobHsO/1lGTYwMEioYLhX7DlyojExLYwOw6Z0NmSvKPVgeCotdUT18hvvuA4qCMU5IZoxWochkoLbT4xCbLgZEqYTLe13SEN9pVODSDAM10hhkTAQbMQB6B6eJFoW/oEQShZGt4KFRAM5U3G8DtzKTZvGY1d6kKINCpBdX8Vy2JZQJVD1RJkrvMdMTdIJxoti8l6IJwPJMPCrtmyw4qBU8NM0jUz3p0+8OIaNk/EbqRvUr96yAW/uYH9JOlBQI339ZtDJ4phSc9/YyVfGFeUqB4jKWlx5LpqITe0eV68fPm56Rde1405jUX+1p6w8Q50+Mpi1ZvI0IqefTewHn93P+Mwro7Q4OZSdfVA4QsK+f069PT5jOIUwJpnWdilLdcmDj7gBCVw6xUOjIRQc4LJwRXIlrEZ0XcZLhOvqo16FKdLNEcMyxUeIJMTm8YBIKkssUoeYRhiMFkYBULMMP8BdxrYzw8lEDDuBraysh+knJoWVaSEnyTpAT8KN7GtEKMK2dctWLO5LG7N2GsZJMlYPQr+Kg/CS5oah8tUbK2gEm+sIiIvLNp7ltuslJ6NtMV1Z/P3HXh2nX4LtADZLwjxvgpSt8D/fu/dXHb8vNtHR0Epa5529VnAmAp8xOOI1zajRpIU0sOSnT+z62e5j83RiukRBv2mS3Y+F6i9/9MSh2SDGo7pFqdUkTAq/hGV55mRioKwKD+AxjhDFxC4zcgYGgw+/pMULTBB+Y+/aEwBBhwgRAyzHKQvXhInCGmCz4Yan135DM1rLVquSrC0uDkFJpStrCGQ9YOGH6rJIaY2uyUENJw6RrCXDLVyy/vS8fmKgin4rr1TFe2KueXP68o0ryWoBblt+Vz2u3NwzwqjOrO0a5J87Dx/9rz9+/s2OmlJqzrTnDWPeULvn1Ne/+8s9R2dUEYHFTtwcrZjXblsKPoC6YNTdvHLAihqea9fpgNQW/5f/8cB/vmfnnin1Xq4mDeNAoB7YE/3xnQ/sPnKsMLAYzUL+aJUOZeKLgbPAciFZNId/eC9RLBygdtdoXFdhZbCmOE8pEzQjdcSSJgPBFbVgBATSUWJ+mouCejhaes20GbWRBpIkCdQ0SR1iR5S5yg5Sw7XYC8ZyhCrWSJPQtQo8SUiZE5EeB7ZvykYz+ZiNOV+7eemjTyVTQTPPC1aUeAgtaI0MVq66gGJQ6Z6eEMpckrbbrr/oP93zsF8pJuyUlrxHDhzb+ec/P/v00eFFfa5vHxw79so7J2Y7uVUbIu6XrTSbmfijW69dZUvpz8Hv7X9w88vf+l8zQdPxy5HthOWVP35+4p4X/m7JQKWE/Jrh2HRIq9LpG+jEfMHBupKbUUQQfBeIcrx2lkEUZuRAqhzdhEq8M/0OBlKgdZ2qTo1En2UXhdAkkhEPTWmDOQR0YGF0QJ7OSzLoJKFPVrNtz3N4Iz0j8WmyMCKW5eXI6abgE+J2hxSLA6o8Urqw3d2honLlIY1mepXkKnyIQgbAo1FfbTtr1d/vmbAqFYf2QdDI8M7bL6RUw48TSpklm1Q6t73x3MV7xs568KU3in4lNUpmz+KTnejRNyeMvYex4NRwYrfXrZZt7K85pVoTH9t29u9fsByBIXY0A5TO6lN3fOH3v/ndv5tPeo3yYGIW7UotdeL99dk07hQKRdXXC/vmZo5WyjWCk3TTooivUNDfJDfFUeR5sUD9GHlkecQMmkya20I+nEEuWdrpdBwUkGVFu2ESRYt4Trwg2VfJd9qNuapt9vb2oMpmQXnk7ZIYGqFPqm1mjSASuuWQYMxUoDHf9D06w/DbM8yq55copXRH0c6zkp2XC7SXYgIIU9BNvTmEH3fE9ep6advGM6UcYEslCh0jHak42zctI3KasjUiiKIQMJ20Ds/x7z563hcu21JutVUzTALywKJX7vFqg05tuFhbUvOKdrsdz84Ww+Znrtj8jU9uq2iRk2GzFglsn8puOcP/m3/1iTWFljl9pAp1UZh2Agqk3p7FlrKjuel4auzzN1y+dfVQ2pxxqIAt6CAK8cWSGFbUbllse+ZJwchd05CdT1SBIBwn7FV6lknnlmGuI/pLf5X9u4CCX9cWwvuoXTQSdMpM2q3mHHMpa+kwKbcxZTdTp1C2282Sy86DYAwgyVrEAyEtQ9UnvcZJBJwHgRM0zHbkK5eSvhbVrRNTdrnXaswVSj0kWxCMC+/mCawhrgmvyycJFt4wxgnlzebVF6wfZStd4rXkmtgO6ScLiVNiwUz90ZXrVo2e8fePv7Dn0Dh7SxaccN12J6KdUraNQtBev3rlrddde/lKBZcNCmubbo30IvBrYafuOaVLV1e/983b7n7kzRdfPnxitjUXNWzfYzdiUbU8PNp/80e3n79K/ccfvF0ruPNBQBWOweOaQAJdqeXtatCKo1azMVcZqWC+luz6k6m1qvF0Z0q0oxTNZI1pW0m5wxSJWgRaaAiV25lJZuo+ChE1jBDQEuiNAVd9+dpL5zB1kt8oXFbwqjDGklqHaQI+z/oM64b1o6NV9uy8nA92os7aQT44yGsq/8JlGz9tF9E84t6Ao3qFfRKfC/RbqQ8tl1KlaalHX9hD/wGv43q+b6XXbT2D/o4rUsQCJBcSB2WQvUh5UtWbJtevNrevvvCFA+Grbx0YO3ZirtEsLqr0VQpDFe/Cc87cMFpEkRAVSoW3BI6oBVymK1KoEWgQ2ApL/en165pXrxs7ls4n7enpmdP6lwz2u5UeVlPkIc3JyYAGZLXW6rR7+iu9RTQs71XGV265vBkVcstNs7DqpIuonTQnrjl3Vb9vWcUaqXDWmTt/9SIPdxwHtCB8tIMuoOEtqalvfvGTQGUnlwJyuCy1vpFEOD35PAenDLKcpK0QjtsUtGGEMK1F9hpaDmM4GAMNnPTF0T3CI0GTURzQbLLTQSJEYkSfhiRUmXXDeHpSfeO7P+mUBg2vFM3O3Lz1jDuuW92vUlvKUREq+hAlqc1GD8qr7RT9YlsHZ4UX6ogMxFMxFmvjhOwu5agEBoHKYMA0HWLTfHe21aRrVijQN2h1OkMDhT4+cujum+i5yJIu0Sz73K9Of/uH93SKo4Hyotb8Teev+uvPnF1OOw4dJ1RE3K4czMWnEdzoG3ELWP6DDHwgHlArCl7dX8ma7dSk+7hgx8zlZBoKLR/H2MRRSWDwxVmYGXglSGKEAIMIug8U5/qONp2tqxpcPlzAoRXY4su4I5EmpzMdiwn8ByDiXVCcnz31Wt3tM3BNadxvZzdevBqR2IKtNCWkdcWKuk+iVRMPQNJFOZ7FWV4w2PiWCKPJFAJAlcWpxGXnE79vSoXEXmFGrWl637n/2cf2HHK8WoAFOc5Qxf/Kx6+9aI3UyiyFQiBcdPnhvY3/fs+j7eJwbPrMt+LOljUrINm1CInyaR7BWbAjC8aFg59OSBjA5xgxG/RYES0JcSH4C1RKnLUsobWEPqT4Q/19DNB4TnCS7A2/Sc4bSGWAizvFZaZpVwssJjIBYGQRkEnQAz6YMEBUW+5F+8GDU4pZ2q90FLVgD55Mnn/zXbP3tASnMzd17Vkrz6iIVjJb0AFLEIGPbHfKd0SA0d1b3VJA5JDFvolgwjBZVHbRxQS04SFrnoAFGRE5ACtu/8hHHn7jf3fMSugX+FJtcmbuz75/99nLB04b6l08UGNv6vjM/N6jk29N1DtOX2aV8zgpZsHKxaUrNlXACtFxgAN1Of90mbxAqZCcEkVyeAS7BB3J/IRdXAvemiHoCv5H+CJsgxn0aGkKopO6zQdM7YhEid8/tJPmTvJpuCxQwYQ7RncNfGG0PNIiFwFLAqEzTdaW/apnX2tiFLCh2S5m0ccv2ciWAl8d6BkaqhAkwGVvlbJVL6TNXRbRnwFrddZrgQn/mcEBryNFtwEzCz0SWP0t86Yl6p//3hXfufshb2hlhNMv9M6p0pNjc9ahgyoJ6GZHmRnZJbe6gl0K+F7mY436sS/f/oeDjohfGkbSWJciRePVRUzjxI9wVhyIxmXhV9ghE/XRZQvDmCyZLWMM1xAzf/84xdX3H/z2Au7pSfKku8TvXmn2/na4vmIpGHFgKt/1+r6+/tFWMF/Lw/PWLF+3SL4At7oGIGLRbBMNEO+kD3moXwiiC8cHluWye8d4qTbklwpMnAq70IOW+c8uH46iq+566Gm+Eij3LurEuVPpT+Mi5FMJs2vl2F4Uxi6t6Prxipd86TM3XLzW7UeLpTqghnPo6Wi/Jov/duXfReX9592L928/MEqedZ9/kNELA/6f/KNk6hrgjsceCttTpk2XOzPazRtu/izBlgIMlyHWJp0brQN4BnggyvohDkZjt1Ltk3xJ8c9HVxH+Ysgp3H718k2rhr5/z0NvThzwSj3T86FVKKYWhUlCfYIH68F+w/p5a5Z++VM3bhgypH0IhLgtAUnaloKJKOWHQOcfG7rAjn9syD/1HYzuGMYz74zP5F5kV0gXq1ly4Sq/lCrip+R+p6xLdwSgSLuPD0mZxBzNkyxq8YGSMEY8thcZDu1V0qSX31M73zg4Nts4cnK6Q//UcPiSYnSwtqTiXrRh1TkjiEj5aeZTY4nX7fKWyttkV1w2VBc8wj+VC6fm/f9ldGzIZ3PdpJAVqSyIVtLMl9KR7yjxLZJG4lzhELkPY2DUh2O1MIeAwzQgCEBAcSbw1DKBTnjEHWiPIF/G4F8o1nE35LaSIMqXqWSnCzzucjpnB1aMiwZ7Yknv4sNhdIq3v/P//wBkfQfkCmVuZHN0cmVhbQplbmRvYmoKMTAgMCBvYmoKPDwvQml0c1BlckNvbXBvbmVudCA4L0NvbG9yU3BhY2UvRGV2aWNlUkdCL0ZpbHRlci9EQ1REZWNvZGUvSGVpZ2h0IDIwMC9MZW5ndGggNTcwOC9TdWJ0eXBlL0ltYWdlL1R5cGUvWE9iamVjdC9XaWR0aCAxNjA+PnN0cmVhbQr/2P/gABBKRklGAAECAAABAAEAAP/bAEMACAYGBwYFCAcHBwkJCAoMFA0MCwsMGRITDxQdGh8eHRocHCAkLicgIiwjHBwoNyksMDE0NDQfJzk9ODI8LjM0Mv/bAEMBCQkJDAsMGA0NGDIhHCEyMjIyMjIyMjIyMjIyMjIyMjIyMjIyMjIyMjIyMjIyMjIyMjIyMjIyMjIyMjIyMjIyMv/AABEIAMgAoAMBIgACEQEDEQH/xAAfAAABBQEBAQEBAQAAAAAAAAAAAQIDBAUGBwgJCgv/xAC1EAACAQMDAgQDBQUEBAAAAX0BAgMABBEFEiExQQYTUWEHInEUMoGRoQgjQrHBFVLR8CQzYnKCCQoWFxgZGiUmJygpKjQ1Njc4OTpDREVGR0hJSlNUVVZXWFlaY2RlZmdoaWpzdHV2d3h5eoOEhYaHiImKkpOUlZaXmJmaoqOkpaanqKmqsrO0tba3uLm6wsPExcbHyMnK0tPU1dbX2Nna4eLj5OXm5+jp6vHy8/T19vf4+fr/xAAfAQADAQEBAQEBAQEBAAAAAAAAAQIDBAUGBwgJCgv/xAC1EQACAQIEBAMEBwUEBAABAncAAQIDEQQFITEGEkFRB2FxEyIygQgUQpGhscEJIzNS8BVictEKFiQ04SXxFxgZGiYnKCkqNTY3ODk6Q0RFRkdISUpTVFVWV1hZWmNkZWZnaGlqc3R1dnd4eXqCg4SFhoeIiYqSk5SVlpeYmZqio6Slpqeoqaqys7S1tre4ubrCw8TFxsfIycrS09TV1tfY2dri4+Tl5ufo6ery8/T19vf4+fr/2gAMAwEAAhEDEQA/AObApQKXFOrIkMUYpQOaXvikMTHpTgp704D8KcBQA0D0p+2nKuPrUgTgUARhKcE5qULzTlTJosBEE9akWPFSbCPen7e1FhkYTNKE5xUgGTTxHzmnYRCEFPCc9Kk2c08J7UWAhEdNUOYwR171bEXeiKLCD2yKpICJACoIoZc8d6srDgkj8RSmPn8KLCOXwaeopcZNSKvNADAlKE9qnC4GcUFCaVhkaoCaeEqRU9KlEfFFgIlQU8LUioPzp4SiwDFWpBH+VPCDFOC47/hTsAzZTjHx0qVU3deKlEfpQgIEi4qTy8kVMseDmpBFzkCqsBXEODUgjwRVgRZ5p/2ck9KLCIBFz0pywELirMcR6HqKnEGO1FgKAtycfORjrS+RnPBDds1oLBuyGHHalMI3nHXvTsI4VUBNSKlOEe3p0p6qSelSMRUyKds7VLtwKApzQA1Y+1ShBinqvFSKtAEYj9KcI+KpvqBeeRYJIhBA4jmmbkbuPkUZ+8M8k8Dpg844vxB49kjla00qXzIwu1rhhg7uc7cY6cAH2PXg0WGdhqWvaXpMbNd3G1hkKgUkuR1C9jzwecA8EiuWm+JsCTMINKeSMH5WecKSPcbTj864C9vp7+4Nxcyb5CAM4AAAGAABwBgDgVXB59KdgPTbT4mQyTASaVMI+rFJgxUfQgD9RXTaT4s0fVdqxyvDKTjyp02t7c9OfrXh5YEADrnt3qVSV27JCJQ2MelOyCx9GogIBA61MI/avHPDnjm60F1iuppb21ZeUJz5R/2Sfp0zjn8vWtC1/T9et/Ns5VYZwQDyOvUdQeCeRyBxmiwi9HDmpliHerCxbTmpBH3PFAFYQjcDjmpvJyelTbBkU8DFAiERjpjim7cZ/rVgioiuCaoRwYX2pQmDU6KOlSLGByaixREqgjpT1iHNSbMDipUQnrQBEqYokZUtnlMiRgLkPIQFHoSTVgRgHrxXnHjzxDcWl8llblVHlZO4BiM5BypyBkfjg9skEA5LWNdk1CCG1iQQwRgF1XrJJtAZ2PcnH+cmsWlJLEk8k9acqE0XKSGgetFSCImnC3Y9qXMiuVkSjJpTyemPYVZSzY+1Trpztjac5o50PkkZ49CSKvWU8tsRcWszw3MTBkdCVP5jv/8AXqK7sprZwWXAPektNq3C71LK3BGcVSZLVtz37wB4q/4SnTHW4Y/brcjzhtABBJwRjr054GK7DbjivCPA+q22geKILgPsSbMF0rYOxCR827GODgnHUCvfcAD1ptEMi9KDnNScYpRgCgBgHFMI5NTEcYA5qPBB5oEcSi+wqVVpwTipVAIqRjQg4qVARxilA9KeF54pgUtWuBp+kXd4VDCCJn2k43YGcfjXz3eXc1/dy3Vw5eWVizEnPNe++KLGTUPDOo20W7zGhYoF6sV5A/HGPxr59IAOKBokjTcKspHk4AqOFTsz2qdWAXFYSep000rEiQgdQCamSLoagDSE9sVdhHAJ6nmoZvFJhFBuODnitnTrAvKoAyCwHXpWeX/u+tb+kTbAOAWJFC31LSOwHgCPVLIxLiRiM8dvpXnXiXwsNCdo2Rg2cYY8euf0r1fQNcEcscbZVDwSOcVV+KFhBfWFpdfKXBO1gfpwfzrpVrXRjUg2eNWtr5reZvCPGV4PBYEkE59jivpHQL86roFlekbWliBcDPyt0Yc+hBr5slZothizt5JOehPavcfhdqX27woLZh89pK0eSeWU/Nn82YfhVHGzsiCAMUoGTUhptBIvHpUTAhuKeaY5piOTCGpVTvQvWpVGakYzZjmpFHNPxkYNAGO1ACSFUheRsjaCcjrXzVfQJbahPDE4kjjkZUcHO5c8H8q+kb+1e80+e3SRo2kQgMpwQfr2r561jSZtF1hrOYqXRh09+eR+NA0Q4KAL6CnooIyxAA9TUU3UsT1Oark5GSSKy5bm/NY2oEifpKmfc1bEPvx7Vz0LkEdcetbVrOWjC9aiSsbQlzFoIq5LNgfWtOwvrVBsMoBXnnvVb+zHktfOY7UI71zt00e5ljLFR1bNKNmXNygek2Wp2ogUfa1EpJGD684wR7Y/Wuh1KY3/AIbjhnRl2rjnoe2Qf89q8ZsI5ZTuSZUUHG+QlVB9Nx4H412uiaje+U9lKXyOCvr/AIitG0lYUJuTOYnjazvnjdQQrcg9CP8ACvUvhu+qFTEtrZwWKqGkkTl5Tzjv/Mdj17ef+JYgdSRUQl2QbgByeSBXsfgbQ4tL0KGRWYyToGkDY4Pp+HStIO8Vc5KqtJpHSgU9F+XnmjoT9KRSQeasxYjDHSonIweDmpetMYDnjNAHMgc5qVRTACcCpgtIY7HGcUBeRTkxginBc0gAV89eJlLeL9VBySt7N19AxxX0Njb1FeJ+P7VrfxzcOfu3ESyAD02bf5rSlsXDc5JwJRgjpTypmiSNgF8sEKy9cH1qQRjPA4p+zjiseax08l0VNjKgiAGAc5HXNWbXKuozzSshWPOMCnWiE3CYGRnmk3cuELSPSrbRJtS8KQeVzjduA69ua4G80y505prSSIlJD94r+WK9c8NTHT9GiluUZLdz+7codp7HB71leJ7iB58wojJ1K9etCSSujoqU+Y4jwu39nSzrJGhSddsjspLBf9nsD7kH6V1WmwWKXyGxtWhiBUKgYt0GO/c+3rWTDBG77oxgZ4HpXY+E5YrK+3vAruBhdw4BpppvUhQcdjJ8RaTE17LcvKbd1t5GXAzuZRkL7Z559q7r4dyNJ4C0tmznY459BIwH6YrjfGuZrkx7tgYPIxxnYirzwPY16HoEUdpoFhbxDCpboMe+BmtIas58TZK3U1QM0jdaA1NZsDpWpxB0780h6ZpjSAUgb3p6CMNVzQOmDmlQ0c4qRksY+Tnr7VIowKYnTnipOKBiHBHSvMfiVoN7NqlnqdtDLLCE2TMi7ggBJycdBgnnp+leoY45qvfWn23T7m0LbRPE8WfTcCP60NDTsfOpwrbT2NPVhj2psrfv2yD16EVHI2BxXM1qdsZaEsrIcA5O3nA7mrFnLtYEYXPHB/nWaC57YzVuzXJIJ5x370rFxlrodpa+KNSsk+y2du0tsRiVd2VbPX5cfrVvU5hqPlPFbLbsqcqucdenJNc5oM7iR43cRoem84Ga6OUSWyq0gGCM5B4NEY6HRz3WoyztOOB79P0rYtRJbTBQxwOR6fj+VTaV5Utv5qAAhhkVLcIzy7UPBP6VEr3saRta5EdKu9c1mGdFcxwH95hhtZWBBBBOegz+FehRxLDEsaDCoAoFZHhxfLspTswDLhT6gAf1zWtu7ZrqpxtE8rEz5qjRMDnikkbCHBqEPg5z0ps8w29a0OYryy4PWpYpCUyax7q7CSdaqvriwxldwFIZfGQacTg1EWxS7jjrQBKJMDgVKDk5qAHAzmnrJkUgJw3FL/D0qNW4pwYEdaAPEfHOkHSfFFzhT5NyTPEfZjyOOmDkY9Metc1KDgEele2+OdHg1bw1cSyttnso3uInABPC5K/QgfmAecYrxFn4HNZyVnc6KcrqxATLnAP/ANap4YJHwS2BmkGM5qZV44qGzeKNTTLQ3EqLJPtTPzfSugvdGAs/JtNUmcE5I2DH09q5jT4pTOu0Mea7e1hkWJSynkdaV/I6YpSQ3wsbiGNrediTnFdDNOBKFTk5AAHUmsu0X7M5diAe9aWkMtxqBuHAKouUHvnrUpXY5yVOB1dkv2Syihz8yj5ucjJ5P65qYzjHWs17onvVKW7I/irrWh47d3c2Jr1UHBrLvNVCofmxWXd3+1TzXN6jqTsCFPNJyCxe1TXcZCHLVzcuozNJvdyfaoJHLEljk1WlY4NZttjsezh8tjp9adjcDUDbto4JqZTkYGK1JDOFxSqSetG3tQE4wKQD1bHSnhuuTwKq3N1b2Vu89zMkUKDLO7YA/wA9K868WeOFvLGey06cwo5wsgyGlH9FP5kY7EggGZ8QPGr6rO2lWRkis4ZAZD0MxHTP+znkD2BPYDiVcg5FQzmQzt5rZkzljnOTT1qZGsC2jBhwc+1WYnGMEVl8hvSpkeTs3NZuJsps6PS7gJdJ0AUgnNdi+sRJD8zKOODXm9qlxJIAr4J9q63SbGFGWSYmWRecscgVJtGbtoi/9pluGBwyxnoT1b/61aK6oukQpdPC00SuBIiHazKeu09M/Wqk8geTgdOwqp4hkVPDVxu4GUz/AN9rVQ3Cfwu52CXsdzY297bs7WtypeF3TYWAOCCM8EHgjJ9iRgmjc3gGRnmoPBmqLdWwsJLkReH/ACt0/mqpEcnAWRGP3W5weefTJJqHXrNtNvPLiuYru2lBe3uoWykyeo9x0I7e4IJ2mrK6OApXd2zcA81lSZY5NWWBP1qJl4rG4ynIBVOZsA1emXAzis6fvTQHtn8NKuAetV7q/tbCNXurmKENkL5jAbiBkgep9hXJ6r8QrKzl8m0hd5D0llUqnsdv3j6YO361sZq52xPPSsjV/FGnaQBE86SXLbgIUcZGP7x/hGcdefQHBrzDUfEuuau8tu0xmSQELEg2IAexA4IH+1k1R8qRUMJtYQkYHnSuQc9go/lSKsa+oaxfeJLje7+YkYPlpEm1FHdiW/8A1n6DjCLRaheH7dCYBF3Axx2znn+dbEun3NzBHFp9+HvXALxoMYHZAB0+mPT1qfUYbi0ig0G/tlSa5A3ygZ+fOB0/zgZ6GrUdAucHKCLh1PODinqKj6ytgEDPGakFZSNIj8ZpygikHSnD1FZ3NS7ZO6yAgc11lnIyQhnPbNcjaldwzmthbsiPYOKg0i7G/BMXcms/xXdBdEeLIzIygD6HP9KbbXJjG5iMAdK5zXr1r24SMHIB4HvVw3FOfunQQ315ZyfYbSPbp0ybWYjG9D1Bx9eR3H1r0DQtS082reFZ9HF7YOFkgvY+sTno24DI67SScZ4Pyk586t7+bxFax6dDiBYAAZBx+P8A9auj8L6mLMSeFLafZfTSYtpZMFQxyME9AOfQ8Z6nFdcHfRnGzp9S8ATabBaia7jjmnyF3uNrtzjBHTgZI5xyOcZPJalZy6ZeG1uCm/8AhKtkMPUV3XhHU1QXPh/xlepPfIzLDHc/vUcDnaR14IyGGOnX1sr4a1S013/hINIntbaJYS01tPM0yRFvvEjGTH9MdOi0pUk9hcx5VcfcrKl616I2jaa1vLdaoHlluM7U0qdJFDnn5ODk8gkZbAPGTWLN4C1KbSH1ezmtp7HBaNvM2s68Y4I+U4P8RH45FQ6MkPmOOnmluJljvVubi6k/jVtzNjucf409wbF2glSSTcvyxBAcH1J78U99cmfTh58zSqo+XaMMOf73WoINTCRM9hJKkjfea4G8j8f/AK1GgDE+y2xCQXM4vH++3938q0NOGnWrC9ninubO3P8ArG6SyH09fT8z2rMl1UwKY43jlkc/vJQrAn2GQK29N8TPIILJ7U/Zxw6BRjHds5547EfjTja+oM6bwz4bsNTjuPE9vePA1uyhUIPLk4yB14yMYyO3GKiure6XQNWl1/P29w0lnIWJ4yckE9sA4OegI4xXZPonhzxSunaV4aka3KRi7ZAduVVipBxypyCCRjllPPfJ8W6kviGxnhaIK+hMLS5KcYMhCk7enARk9ju7GulJWIZ4pMkRfzIA3lNgfMOjdx/WhRXW3GhDVZJYdG2tb20RkZEG4uygnC9yeDx9faufFljoa4qiszop6oq4pQCOoq59jOOKtw2iuuGHNZGqRQiYCrML+ZKBnpUVzD5LEUtoduWzyaQyzdTlAVBrMgDCc3LRl44+oAzyf8Ov4VZuDhGY1r6Pol3a6d/bL7XtyNwjPP4kf4VrBXZlUdiC6Dpcp/Za7bcnEj/3j3z9a3NTax0+1h1LT2Ml9Eo+YHnjHJx0Ix/nFUba9l123lgjgWFXcqcEA/gfUdaTTFg8P3b217LukPMfHf1A961WhkdLpFvY6ppf9u37v/atuwdYSTucA545ySO3/wBfNdZp/j3SfE1pbx3em20Nxp4JieW5+zNj1RxgDI/h5BxgjBBrysnURdzGFzDbSKxjAbaAw52598f5xVPwxbzS65JDJN5I2tuPXof/AK9aqWxLR7Pd+ILG3hkvdMvNMs4HI8yfTXjadj38yHBVsknPB+vpmQXCeICuowSS3tlZuv2zUriMI+emVi3EZ9M4x0AxXlRia1vLyF74mBCfujBYA4rslK2HwvtP7CvXs7q5uCblC5DOuMZ4PTII9Oe3NNTbYrHMWd7C2iSQWlorSBWC/Lye446nrUWkjULi3lUQKp3d1x1+poorIo5y4SUSlZgFcener+lW105aSOZVUDHJ9f8A9VFFSxnovg3U7zTPC1zqOmxtNrVvOkSnbkeTIzY79mLg/wC+nYVf8aT6ZawW2j2Tq+oajEJrryxjY3RQD2bAx24XP8VFFdCb5EzN/EcdZW9x4c1CztoGEgnnDSsOm0ev9PXFQ6vYJpmtXljG26GKU+Sc5JjPKE+5UqfaiisKq902pP3iGNR04qZlEa5FFFcp0mZdrvbNQouKKKBEUwaeVIUI3OwUZOOtdHdDUbZ7XS7BvOtgcuO34jsBz0oorekYVTQ8WGzNjajSWaK6VcOoOGHI5OO5PORWC0cE8YOpMf7QjXfsYcuB1+p9v8gorSe5mti/ZXE+s24Rx5cURHlvn75AypB9Rjn/ACKxre1S31mVLm5CsQRww+veiiqtaNxJ3ZqaPp621zf3sED3KRKwEm0lQxGQOB16Vf8AFlzpOqnTo8PZ3AixJEDwGJx3HXiiimtIh1P/2QplbmRzdHJlYW0KZW5kb2JqCjExIDAgb2JqCjw8L0JpdHNQZXJDb21wb25lbnQgOC9Db2xvclNwYWNlWy9JQ0NCYXNlZCAxMyAwIFJdL0RlY29kZVBhcm1zPDwvQml0c1BlckNvbXBvbmVudCA4L0NvbG9ycyAzL0NvbHVtbnMgMTIwL1ByZWRpY3RvciAxNT4+L0ZpbHRlci9GbGF0ZURlY29kZS9IZWlnaHQgMzcvTGVuZ3RoIDg1MjkvU3VidHlwZS9JbWFnZS9UeXBlL1hPYmplY3QvV2lkdGggMTIwPj5zdHJlYW0KaAW1mgmQXdV5oM/d79t7lVqtRq0NISGEQEICxC4WQwADtuNgD14SD/ZM2Rl7MpUpe4JralY8TlKVuMax4yqPpxhPjAnGhmDACLMbBAIBQgKEBJJodWvp9fXb7n7n+89rYVw1lSpSM7duv77LOf/59+1co5PntlJ2qlSulKUyQ2X6kjtOQz+zujcmr4wkTW3LThPlMDhVqaFiS7UXZqs+RqZxaDPRtAGQJ4Zh5MrIlGkow1TcmIq1OMwUYMpweMscHjAgV1auVwUqp54Iao5GQ5kyLZMVlGkxPs00ziY4y4tTCOt1DXnFoaHpmbFSkSySFvgFZw5H5jACslRmGiDEEhY3SZaaZlNjCu2+BiaLxLlnMzSGDjn1WGB0mQcgoNr841SxMvNMWRAui/J84b9c8747W66YzwFeQp48lpM/y2LpXLDhMFViqvFU7Xrr2KHxqVVLhq7ZMFi2HQ0zDcPQ9zzAMtQURus5sohM1QcDBTy/+pnAlwMGyxU/nN1X+rn+gWpTo7rw/hQ8HmqZnRoJhA+shQhhrHDMRDyazacGduEkaZLkuW+7Ee9tM1Dq3mfeGj85fcbyZeeuPW1JSUGJrQEoo0u9XiA3RIP0UnBMsO4eIrLffZDmwgitx90XIlwZDEIyVHQtUzbCEb1GUkaKvpqZmSdZ5prHlPr39+769b4jdrFodepXnr7065+6dEgpF7GbaKvMluW7zEHGHKaGL9fCyQ9wQ14uHDkKiDaABBotbIc3moyu9nApFsFcYGlwQBNIWkZcM1FmyQheaPL0YPCAh1asXN5CVdc85L8+8jSLLHNGqT/+c/g8ljmlLIyv2XTGnV+6aqmrVJI4IG+aXYNeYG8OSgBAJaDXFCRkXRDhxcItsIVoXvC6i9KpS33HMyCgwAtvZSTm331kOGai1FOvvv343netZWfOVwbV8Mon3x57fO+UCEdzFmayvkxaAAFneRTlBmJgYQMhiJz/L4deSllMgMUytguB0XIBWpn86ZMHCw/zVKjr3nVfCedlBY0EyHDJpGRhTXFpoko8gncqQZtM/Mv9Lx174ciUM7yuU16WLVr7yMsHfvX0HsZYth1nsq6Btz0FQq7AR05Z6H1CQePUojJWXIrGrPtQTxdfzPJQaKK3TLUs0Y6FQ2SFNqkgVomrjs9OO8XSfBRbnh8kHccujc920EY3VRYy0dBlbS0fIdkAYqL1Thw5C3Hg9xZE3x3PYrh2eXNKK7tYypMuICBgd10bEyCCIP+wAy4MT6tzyiR0SggTAZh6dU29wBGOZPJInLSMYT3BRnTjWH2uxXUnN60KfPcLlYNHxmJ1NhBdW5sBcwQ/1uIfs/nl0QI+8karAuaqRSvSFvjdk7fdgxmcpw5LPFoOx08BM0TLAO66/MuWjSz287CCR2nNF5K4mMSLykXEYLriB8VTaVigjcYQOYUWcSY8XdDR366ukeM172AQPEs1F2QGB0+7kwQIJEk87CqWJuwUHaJV8kCPJnLCR6axrF5ZgDhd9eo+5VcsRp7LFW4aPNctH7Ha81UjKyRBIZ7309bo8CBAUQgZmOnoLNjqP1mNP9EAeaTPhf+8FznKa0I0kDXvuJc5PCUmo4LYu0haRkmolzu4nSXKtgQ5uOGq+OLTV24ZOfTS4SOu5fpRcOmygVvO7cebNZPQtz0YRvwQjmrnAR5YiWiyICKmARxuTrF8AUmt35ID6KQmtw0dHgQFACRoXDcPMTHiPLdguEZbYItgOYSOLiyCuX7ygR+wxmQFH+23hCTGGiFzZLZZVOqqVZXPXrzpH55907J8M29eeObSW67Y6kMwyxmGjViEg/ANNUVsHCBGCvXbxU7ZB68Ebw58GjmWFZHS6HvWckTzAENqgg+TgV1CNJsUTMQ3GyxmxjiBhipOK/X4/mB8srGst3rTes/TTkcDE8xdKFkQNQDgMmE00kC9XPwDKMO4hVVY6NRaUA8jOZGFiJXnYMLILkrQV5IrfP2CsLor8ivuQAaT/YkP7o7v/gKE0WDVpZ4LOXPx2aG2uZJ+xSotpR7bk+w98O5pS2of2baY8O6Jupn4LFBBM4SVH4DDFIIsPOwuQYoChguGokfiMnMUGGbhWBnHCPJMTJJbsmPmT7RVKxQtXlpVZaV6ARFnluCboHEt5TeU0VGCKLowqBdoaAy69EAhugBA7FL+pwlLiDabFgpiWhZOsK6XZiTIsbrGMspVhJ+PlN9WBpgcb6p6S2EknquWFGXYAFJMIqFMlBpoItEwzFzPhMfkrUEm2SeIscTRpjoxl7uuMVhWQ0WhgugkRYBemgEwEB2q6eftTIWWmte8gwro6gc3qgZTsEUGsKU7Hrq6MoPLUDE2qWDKkn7V5wiGsAs9106U5XS58T8f2T3WitxSMQ+bo1X3livOm1PquX0zz734Rj1MZsJmlkUDJf+8lafdsGXD6pqJG3ZyN87C1DLu3rHrnSlEUXXjzmq3/blPXPHOial7H96ROr2WU46CcNPaFbdsXYm/acdBxfFF1USPsUTBeDJWf3H3ky3T9z07q08u99QXb70us0zDKMPfN6eiHbte27n3QDPMm4ERpK7vuiODpXNXLL7uvLVnLXaRoigtWiahQ/meGcW56RjtXMXk+JF66Nl3nt79+tHpejtVURTZaXTWspHL1q+58cp1JU/d9+jenfv2uuVqGKleK/3qzVesHCojnu/86OG3ZpLUq+Vpuqxq/dlnL+2xLDTl8V37f7HzQGCWyFayYP5ffv5jy/rVniPJvQ899uqBo8dn6qZpFWxrw6plH7v6su2beqq2GE0W53ZXc18ZP/H2fJo4hSyOVg6Ui7Pqvh27Dh85WXX7W2TOvUPknMdnZg69dujxNw79yac/esmAMluqVPJQ3h1vTe2fV5avjMbkef35jWjlwMAbE8G7cTsiswxnD87ObN+6sp+kyPFE/kQEEmRco2XDyh2vnXhw71hYqPm24cyMf/XKTVhPYtgY2bd/9srjrx0IMsswS/CoWO1JnNJUo3FyvPHqoeP3PP3KRy8570s3rOsxROngeJ4EyMdz3Gaq2pZ6bF/wt/c+9PaJelKs2qUl7bDjVBzX9n49PvPk4V0/fP7g179647MT5i9fniz2poll1tL6Zz9WQGHbhnr6reMvz4aJ3zLDfFUp+1ouS8Cr/cfqD7x4MCwscm0jac9tmlD3PHf4Rz/9hVXqSYyiWe5Ns7yexNMH60/t/uGt12y74wsXQrHnGFJRJsoMbSeDDLOMYhzNwx88uGu62eoZHFbNrOT6M3lMveT2DBI+jjZm7rzr5wOfu2Vj/ylP17M4MjLbLxpGEldTTKFmqW3btu9/8XBYrPpW9eDJd3a+PX3NGoKkhL2ukxMfr9TJVP38mVfiyhKr2tdqTK8YGrn48q3EpfFY/YcfPPb8eMPuGw07UdHzSnmUpkmD3KZaNvJyGvc1lbrryT37Dxz+b1+7bin+IUl8RCRRPk8s45F90bd+dD+GkveO5G6xlcalsttpN8M49HoG8P7vNpv/5tsP91Z7SyMbUtOI8zim5vctnACn0ztoZmFolBzbNCtEFSEWyzGLtaTQF5cGW2FQ6av91V33z9dn7b5lcQ7xkWPaqWFnZpHsBQv/yaPPFzz7G7dtYa7piDsSL4coDMOJUqth2Cc7nbLvZnMnquF0rXOi0jxWDufSsBVmqdvTM5tmv3hqJ74PZ68demLkQZa1DCskt8ZScLLbzx2tWFzHkXJSv2/H83tRXjIGKRY5cc9gptTO/eGByY7hVUmK7Sg4/5wNtZIEjH/9vSefHO+4AyPNZlAtVhqT0+HsXDA53hfNqpn3ZuvTbcNKnEpWHn7pePTlO+/DPxqS4VJQoHfmWyfiO3/8D8fsvjotGd/rdFDMljF9tNY+2RtOWnPvJbNHSy6NmPTE3GwnzTthmsWpEcdmlhIn0AAiRBJ0HKJtFEgdDLFd15xneU6Ism23YLqlk/WO5ZaSoO2E871Zw20etzqzvmUEACz2OYPL7vv1c3veS/GQtmgApux6aQe3IxVxqrKyZ9ba8zddtuWSM/txp68cmX7guZfeC/PYcOaazb5qz8HpqYlYlQwSeJVGYU4TRtlJEtmWB+s5V9bU5tOHH3z9oFkdcAs9r7137PVj6sIl0oeikCF+I1Xczv2/2RWVe+C41a4POPE1F48iv+/97OU3ZzvO0Giz1SzaeTJ5+KLVI+dvPHPF0iIh7sDYxKOvvf3aoQmjsjSz3bg8+M78+N/89Kk//YPL7CR1bRfb//59O07ioXtrbh6mUauaNobLznXbLzpz5Uil5swHau87R+575MmpyDX9/jjTPg1vZTk6nRJfH+OFMlWw/dzOw7hD8IdPHKT2URTi/LDI6amZ3mLBjOa3nr70tlu2r1yipmfVXb94fseuNyt9yxrNNslgFOWvHzy0ftlqktoCAR5HjPL7mfJda649WzXbd3z8hq2LBDT6vmJt/6rhj/zJ3z6irB7fq+SqfWDy6ESgVldUo618x3dNZjsZGKdSMBBtieDXbV37m317AhGfN2k4D+3ed871661UFdENS/zGy+/O7h4/1qkMeypxWtOXnL1kRVHtnsx/vW+fXR6d7zS8PPajmdt/b/OnLh1FeMwD+GVLh2+9YPgnT7371z9/1upbHhiOU+x/cOe+Ky7cvG2ZxM9HD6sn3627lf5GMGNaRlqf+PRFZ/7bT14gThyT0jX3NctGb9j8uX/xrbsn4iAxwd4i+wJPmgN4CUFQkncz474bZHVCLkHX8cjscGJYZ61WtTtTV29ee+ftWyBZUrWSOucrF37tL1uP7Bkr9Q5RiwQN692jx0O1WjIhKVcs3LWdZEkadip5cv3WTZsWSQ5UU0FZReVMnVVV55y+Oup08swMwMsvB6lOB4t4h4gGEyxwHIemjOSPOn3eNGRsGOqNGvOp6UZuedfbh4/FKndxIEjEwNh/+dzuDN9LnDayohXfeOlm5j6z+43J2I5UZqnASerXXngWXCZr7FGqmuZlnFWSDSn1+ctW3nzpZhXWkVnkFmeM0hO79+NbYdNv9k9Mph792aJDHGicv24ZXCZvKwSK8o6LPiJnOz2zqu744q1Wa8pDTbIUAizHwchBXrs3K6NqN216kAW/gAlCIB4gzTLbcUlLeYXHWORn37x9i8ZNFeOkqvG88ZKNNnmGMhud1PTKU3MkijhnYTUhJAYERViWxoOmdfn6YVQS0GZm28quGOJ2B8qekYXI0zQ9K7JpDTEfxaSMN3BjibSe40xyrRaLGJJTX3v2WTaASSGd8lQzfWr3BBEM1pB3vzKldh2espRXMezW3OyGdWesHaBBol5587gqjURZ6lmdAa/96WvXFLAz+i1pLhVpnuI+MDLO225c30OlZcS01LPa4l1vv6cZpN46dMgoEI7oyMSFYOYPb7pKAkmcl5xcHGOAoqqKb3mJumK5unzNcNKcs8khHNxF28UD6qCX5E5qm5GROo4Xh4mEMW2mUt1kVGyO6fpBc+6WSzeSzvtUy/hxi8xCkp/TTxtw3UKbrrzbEwnnMAqZLq0s/Kb0gCzy17jq5L22UCIHfSpKbywOEA5Jc0SDhsVMaelKRSdCAlBO+iLVIkLjIe4DdScfumDN8PKBatZp2KYdW/6O3W+Qk8xnonf3PPHCTF5wC2UriXqt/KbLN4LK7ExSb8WJ4TqeH7Ua60eHlxiqzAvWMI0kwcrzLOqgBJRwQ45av3xxUJ+2bZsU8GQ9mKZ2An6jSaJumU4WRssHetYuESILjvgAlaYO2kKmlUodAVM2rhk10yhN2GeQx1ae6dqKKeQGcgoTREByAIBTfrjPMs/Kq26OFNkDkUE6kYdfRTvzbFQehuo/rRbS6hQoYhrkJB1DtVwnQgocLMLiyCFhXwVGF9H4wMlD4pM8p+uvrQnVYW2pdqXSW+C+2F2uhirqnOX9hXAK/bfL1ddPNp4Zkzpi37Hg5XcmsurAfBJ35qe3jPRtGRDeJWknjucdV0VhYht+b6EHAWv+aDSkE5fLvkIasdnB+F43L+VxUW9EkPE0O5oDUewQ4qUAN6quj10jmBSfCtK21VZpSLfYydu0nnFH/b1xEBQdF2xRFzOX9gvj3axjyS6P1iUkoCnVXDdw53Ye2VloG3mhVMGmpYGB5gmjpSHk22bBSoHgpm2isZPHCA8tFEqky4JXpG+IFAUj0WgtPUE90c1fF2wyZA6jdP4jspFDenKsQKDJMke3AOCHg+HSLsF7bF03aHfyuNPJVODV7v/NPtrqv9q9fy7DNl3cddFMP3H5Frwb0sUsaNlkVA+WlyWmqzBl6dQR9CHSEJ9hEPW5ogRAzC5dH2ww6FBIsvXDILD1HA/3ZhhWnORhlBMewdPGrMkcYLVomXRRbNvkVb0TOY6bAVMrXJcmFhUrllYJDR/p+QBBP4RfQq68BT+Vue5Cvio5ABAEAdMUZLByst4YE+ERWNHlEa9kpq6Vlcy8YqRFK/OFPB7SrNILdH9so6SoBHSHgK09stZu3COzAx59URhEQwB1oI2AAG1HIJ/Tr9YtRu1C0qfcK+0/MXffW+qZQ1OJW4zDyM+ydSOLz1/lwWhXZX2lcsHx6R2LyhnexMRxIETkaySFejMK2Kny0szGy4P9san5TLIdobHsO/1lGTYwMEioYLhX7DlyojExLYwOw6Z0NmSvKPVgeCotdUT18hvvuA4qCMU5IZoxWochkoLbT4xCbLgZEqYTLe13SEN9pVODSDAM10hhkTAQbMQB6B6eJFoW/oEQShZGt4KFRAM5U3G8DtzKTZvGY1d6kKINCpBdX8Vy2JZQJVD1RJkrvMdMTdIJxoti8l6IJwPJMPCrtmyw4qBU8NM0jUz3p0+8OIaNk/EbqRvUr96yAW/uYH9JOlBQI339ZtDJ4phSc9/YyVfGFeUqB4jKWlx5LpqITe0eV68fPm56Rde1405jUX+1p6w8Q50+Mpi1ZvI0IqefTewHn93P+Mwro7Q4OZSdfVA4QsK+f069PT5jOIUwJpnWdilLdcmDj7gBCVw6xUOjIRQc4LJwRXIlrEZ0XcZLhOvqo16FKdLNEcMyxUeIJMTm8YBIKkssUoeYRhiMFkYBULMMP8BdxrYzw8lEDDuBraysh+knJoWVaSEnyTpAT8KN7GtEKMK2dctWLO5LG7N2GsZJMlYPQr+Kg/CS5oah8tUbK2gEm+sIiIvLNp7ltuslJ6NtMV1Z/P3HXh2nX4LtADZLwjxvgpSt8D/fu/dXHb8vNtHR0Epa5529VnAmAp8xOOI1zajRpIU0sOSnT+z62e5j83RiukRBv2mS3Y+F6i9/9MSh2SDGo7pFqdUkTAq/hGV55mRioKwKD+AxjhDFxC4zcgYGgw+/pMULTBB+Y+/aEwBBhwgRAyzHKQvXhInCGmCz4Yan135DM1rLVquSrC0uDkFJpStrCGQ9YOGH6rJIaY2uyUENJw6RrCXDLVyy/vS8fmKgin4rr1TFe2KueXP68o0ryWoBblt+Vz2u3NwzwqjOrO0a5J87Dx/9rz9+/s2OmlJqzrTnDWPeULvn1Ne/+8s9R2dUEYHFTtwcrZjXblsKPoC6YNTdvHLAihqea9fpgNQW/5f/8cB/vmfnnin1Xq4mDeNAoB7YE/3xnQ/sPnKsMLAYzUL+aJUOZeKLgbPAciFZNId/eC9RLBygdtdoXFdhZbCmOE8pEzQjdcSSJgPBFbVgBATSUWJ+mouCejhaes20GbWRBpIkCdQ0SR1iR5S5yg5Sw7XYC8ZyhCrWSJPQtQo8SUiZE5EeB7ZvykYz+ZiNOV+7eemjTyVTQTPPC1aUeAgtaI0MVq66gGJQ6Z6eEMpckrbbrr/oP93zsF8pJuyUlrxHDhzb+ec/P/v00eFFfa5vHxw79so7J2Y7uVUbIu6XrTSbmfijW69dZUvpz8Hv7X9w88vf+l8zQdPxy5HthOWVP35+4p4X/m7JQKWE/Jrh2HRIq9LpG+jEfMHBupKbUUQQfBeIcrx2lkEUZuRAqhzdhEq8M/0OBlKgdZ2qTo1En2UXhdAkkhEPTWmDOQR0YGF0QJ7OSzLoJKFPVrNtz3N4Iz0j8WmyMCKW5eXI6abgE+J2hxSLA6o8Urqw3d2honLlIY1mepXkKnyIQgbAo1FfbTtr1d/vmbAqFYf2QdDI8M7bL6RUw48TSpklm1Q6t73x3MV7xs568KU3in4lNUpmz+KTnejRNyeMvYex4NRwYrfXrZZt7K85pVoTH9t29u9fsByBIXY0A5TO6lN3fOH3v/ndv5tPeo3yYGIW7UotdeL99dk07hQKRdXXC/vmZo5WyjWCk3TTooivUNDfJDfFUeR5sUD9GHlkecQMmkya20I+nEEuWdrpdBwUkGVFu2ESRYt4Trwg2VfJd9qNuapt9vb2oMpmQXnk7ZIYGqFPqm1mjSASuuWQYMxUoDHf9D06w/DbM8yq55copXRH0c6zkp2XC7SXYgIIU9BNvTmEH3fE9ep6advGM6UcYEslCh0jHak42zctI3KasjUiiKIQMJ20Ds/x7z563hcu21JutVUzTALywKJX7vFqg05tuFhbUvOKdrsdz84Ww+Znrtj8jU9uq2iRk2GzFglsn8puOcP/m3/1iTWFljl9pAp1UZh2Agqk3p7FlrKjuel4auzzN1y+dfVQ2pxxqIAt6CAK8cWSGFbUbllse+ZJwchd05CdT1SBIBwn7FV6lknnlmGuI/pLf5X9u4CCX9cWwvuoXTQSdMpM2q3mHHMpa+kwKbcxZTdTp1C2282Sy86DYAwgyVrEAyEtQ9UnvcZJBJwHgRM0zHbkK5eSvhbVrRNTdrnXaswVSj0kWxCMC+/mCawhrgmvyycJFt4wxgnlzebVF6wfZStd4rXkmtgO6ScLiVNiwUz90ZXrVo2e8fePv7Dn0Dh7SxaccN12J6KdUraNQtBev3rlrddde/lKBZcNCmubbo30IvBrYafuOaVLV1e/983b7n7kzRdfPnxitjUXNWzfYzdiUbU8PNp/80e3n79K/ccfvF0ruPNBQBWOweOaQAJdqeXtatCKo1azMVcZqWC+luz6k6m1qvF0Z0q0oxTNZI1pW0m5wxSJWgRaaAiV25lJZuo+ChE1jBDQEuiNAVd9+dpL5zB1kt8oXFbwqjDGklqHaQI+z/oM64b1o6NV9uy8nA92os7aQT44yGsq/8JlGz9tF9E84t6Ao3qFfRKfC/RbqQ8tl1KlaalHX9hD/wGv43q+b6XXbT2D/o4rUsQCJBcSB2WQvUh5UtWbJtevNrevvvCFA+Grbx0YO3ZirtEsLqr0VQpDFe/Cc87cMFpEkRAVSoW3BI6oBVymK1KoEWgQ2ApL/en165pXrxs7ls4n7enpmdP6lwz2u5UeVlPkIc3JyYAGZLXW6rR7+iu9RTQs71XGV265vBkVcstNs7DqpIuonTQnrjl3Vb9vWcUaqXDWmTt/9SIPdxwHtCB8tIMuoOEtqalvfvGTQGUnlwJyuCy1vpFEOD35PAenDLKcpK0QjtsUtGGEMK1F9hpaDmM4GAMNnPTF0T3CI0GTURzQbLLTQSJEYkSfhiRUmXXDeHpSfeO7P+mUBg2vFM3O3Lz1jDuuW92vUlvKUREq+hAlqc1GD8qr7RT9YlsHZ4UX6ogMxFMxFmvjhOwu5agEBoHKYMA0HWLTfHe21aRrVijQN2h1OkMDhT4+cujum+i5yJIu0Sz73K9Of/uH93SKo4Hyotb8Teev+uvPnF1OOw4dJ1RE3K4czMWnEdzoG3ELWP6DDHwgHlArCl7dX8ma7dSk+7hgx8zlZBoKLR/H2MRRSWDwxVmYGXglSGKEAIMIug8U5/qONp2tqxpcPlzAoRXY4su4I5EmpzMdiwn8ByDiXVCcnz31Wt3tM3BNadxvZzdevBqR2IKtNCWkdcWKuk+iVRMPQNJFOZ7FWV4w2PiWCKPJFAJAlcWpxGXnE79vSoXEXmFGrWl637n/2cf2HHK8WoAFOc5Qxf/Kx6+9aI3UyiyFQiBcdPnhvY3/fs+j7eJwbPrMt+LOljUrINm1CInyaR7BWbAjC8aFg59OSBjA5xgxG/RYES0JcSH4C1RKnLUsobWEPqT4Q/19DNB4TnCS7A2/Sc4bSGWAizvFZaZpVwssJjIBYGQRkEnQAz6YMEBUW+5F+8GDU4pZ2q90FLVgD55Mnn/zXbP3tASnMzd17Vkrz6iIVjJb0AFLEIGPbHfKd0SA0d1b3VJA5JDFvolgwjBZVHbRxQS04SFrnoAFGRE5ACtu/8hHHn7jf3fMSugX+FJtcmbuz75/99nLB04b6l08UGNv6vjM/N6jk29N1DtOX2aV8zgpZsHKxaUrNlXACtFxgAN1Of90mbxAqZCcEkVyeAS7BB3J/IRdXAvemiHoCv5H+CJsgxn0aGkKopO6zQdM7YhEid8/tJPmTvJpuCxQwYQ7RncNfGG0PNIiFwFLAqEzTdaW/apnX2tiFLCh2S5m0ccv2ciWAl8d6BkaqhAkwGVvlbJVL6TNXRbRnwFrddZrgQn/mcEBryNFtwEzCz0SWP0t86Yl6p//3hXfufshb2hlhNMv9M6p0pNjc9ahgyoJ6GZHmRnZJbe6gl0K+F7mY436sS/f/oeDjohfGkbSWJciRePVRUzjxI9wVhyIxmXhV9ghE/XRZQvDmCyZLWMM1xAzf/84xdX3H/z2Au7pSfKku8TvXmn2/na4vmIpGHFgKt/1+r6+/tFWMF/Lw/PWLF+3SL4At7oGIGLRbBMNEO+kD3moXwiiC8cHluWye8d4qTbklwpMnAq70IOW+c8uH46iq+566Gm+Eij3LurEuVPpT+Mi5FMJs2vl2F4Uxi6t6Prxipd86TM3XLzW7UeLpTqghnPo6Wi/Jov/duXfReX9592L928/MEqedZ9/kNELA/6f/KNk6hrgjsceCttTpk2XOzPazRtu/izBlgIMlyHWJp0brQN4BnggyvohDkZjt1Ltk3xJ8c9HVxH+Ysgp3H718k2rhr5/z0NvThzwSj3T86FVKKYWhUlCfYIH68F+w/p5a5Z++VM3bhgypH0IhLgtAUnaloKJKOWHQOcfG7rAjn9syD/1HYzuGMYz74zP5F5kV0gXq1ly4Sq/lCrip+R+p6xLdwSgSLuPD0mZxBzNkyxq8YGSMEY8thcZDu1V0qSX31M73zg4Nts4cnK6Q//UcPiSYnSwtqTiXrRh1TkjiEj5aeZTY4nX7fKWyttkV1w2VBc8wj+VC6fm/f9ldGzIZ3PdpJAVqSyIVtLMl9KR7yjxLZJG4lzhELkPY2DUh2O1MIeAwzQgCEBAcSbw1DKBTnjEHWiPIF/G4F8o1nE35LaSIMqXqWSnCzzucjpnB1aMiwZ7Yknv4sNhdIq3v/P//wBkfQfkCmVuZHN0cmVhbQplbmRvYmoKMTIgMCBvYmoKPDwvQWx0ZXJuYXRlL0RldmljZVJHQi9GaWx0ZXIvRmxhdGVEZWNvZGUvTGVuZ3RoIDMxMzUvTiAzPj5zdHJlYW0KeJyVVwdYU8kWnltSIQQIREBK6E0QkRJASggtgPQiiEpIAoQSY0JQsaOLCq5dRLCiqyCKHRCxYVcWxe5aFgsqK+tiwa68CQF02Ve+N983d/77z5l/zjl35t47ANDb+VJpDqoJQK4kTxYT7M8al5TMInUCFDAAFQCgxhfIpZyoqHCIwUD79/LuJkCU7TUHpdY/+/9r0RKK5AIAkCiI04RyQS7EBwHAmwRSWR4ARCnkzafmSZV4NcQ6MuggxFVKnKHCTUqcpsJX+mziYrgQPwGArM7nyzIA0OiGPCtfkAF16DBa4CQRiiUQ+0Hsk5s7WQjxXIhtoA2ck67UZ6f9oJPxN820QU0+P2MQq2LpK+QAsVyaw5/+f6bjf5fcHMXAHNawqmfKQmKUMcO8PcmeHKbE6hB/kKRFREKsDQCKi4V99krMzFSExKvsURuBnAtzBpgQj5HnxPL6+RghPyAMYkOI0yU5EeH9NoXp4iClDcwfWibO48VBrAdxlUgeGNtvc0I2OWZg3pvpMi6nn3/Ol/X5oNT/psiO56j0Me1MEa9fH3MsyIxLhBiuOywgX5wQAbEGxBHy7NiwfpuUgkxuxICNTBGjjMUCYplIEuyv0sdK02VBMf32O3PlA7FjJzLFvIh+fDUvMy5ElSvsiYDf5z+MBesWSTjxAzoi+bjwgViEooBAVew4WSSJj1XxuJ40zz9GNRa3k+ZE9dvj/qKcYCVvBnGcPD92YGx+HlycKn28SJoXFafyEy/P4odGqfzB94JwwAUBgAUUsKaBySALiFu76rvgnaonCPCBDGQAEXDoZwZGJPb1SOA1FhSAPyESAfngOP++XhHIh/zXIaySEw9yqqsDSO/vU6pkg6cQ54IwkAPvFX1KkkEPEsATyIj/4REfVgGMIQdWZf+/5wfY7wwHMuH9jGJgRhZ9wJIYSAwghhCDiLa4Ae6De+Hh8OoHqzPOxj0G4vhuT3hKaCM8ItwgtBPuTBIXyoZ4ORa0Q/2g/vyk/Zgf3ApquuL+uDdUh8o4EzcADrgLnIeD+8KZXSHL7fdbmRXWEO2/RfDDE+q3ozhRUMowih/FZuhIDTsN10EVZa5/zI/K17TBfHMHe4bOz/0h+0LYhg21xBZhB7Bz2EnsAtaE1QMWdhxrwFqwo0o8uOKe9K24gdli+vzJhjpD18z3J6vMpNypxqnT6YuqL080LU+5GbmTpdNl4ozMPBYHfjFELJ5E4DiC5ezk7AqA8vujer29ie77riDMlu/c/N8B8D7e29t75DsXehyAfe7wlXD4O2fDhp8WNQDOHxYoZPkqDldeCPDNQYe7Tx8YA3NgA+NxBm7AC/iBQBAKIkEcSAITofeZcJ3LwFQwE8wDRaAELAdrQDnYBLaCKrAb7Af1oAmcBGfBJXAF3AB34erpAC9AN3gHPiMIQkJoCAPRR0wQS8QecUbYiA8SiIQjMUgSkopkIBJEgcxE5iMlyEqkHNmCVCP7kMPISeQC0obcQR4inchr5BOKoeqoDmqEWqEjUTbKQcPQOHQCmoFOQQvQBehStAytRHehdehJ9BJ6A21HX6A9GMDUMCZmijlgbIyLRWLJWDomw2ZjxVgpVonVYo3wOV/D2rEu7CNOxBk4C3eAKzgEj8cF+BR8Nr4EL8er8Dr8NH4Nf4h3498INIIhwZ7gSeARxhEyCFMJRYRSwnbCIcIZuJc6CO+IRCKTaE10h3sxiZhFnEFcQtxA3EM8QWwjPib2kEgkfZI9yZsUSeKT8khFpHWkXaTjpKukDtIHshrZhOxMDiInkyXkQnIpeSf5GPkq+Rn5M0WTYknxpERShJTplGWUbZRGymVKB+UzVYtqTfWmxlGzqPOoZdRa6hnqPeobNTU1MzUPtWg1sdpctTK1vWrn1R6qfVTXVrdT56qnqCvUl6rvUD+hfkf9DY1Gs6L50ZJpebSltGraKdoD2gcNhoajBk9DqDFHo0KjTuOqxks6hW5J59An0gvopfQD9Mv0Lk2KppUmV5OvOVuzQvOw5i3NHi2G1iitSK1crSVaO7UuaD3XJmlbaQdqC7UXaG/VPqX9mIExzBlchoAxn7GNcYbRoUPUsdbh6WTplOjs1mnV6dbV1nXRTdCdpluhe1S3nYkxrZg8Zg5zGXM/8ybz0zCjYZxhomGLh9UOuzrsvd5wPT89kV6x3h69G3qf9Fn6gfrZ+iv06/XvG+AGdgbRBlMNNhqcMegarjPca7hgePHw/cN/M0QN7QxjDGcYbjVsMewxMjYKNpIarTM6ZdRlzDT2M84yXm18zLjThGHiYyI2WW1y3OQPli6Lw8phlbFOs7pNDU1DTBWmW0xbTT+bWZvFmxWa7TG7b041Z5unm682bzbvtjCxGGsx06LG4jdLiiXbMtNyreU5y/dW1laJVgut6q2eW+tZ86wLrGus79nQbHxtpthU2ly3JdqybbNtN9hesUPtXO0y7SrsLtuj9m72YvsN9m0jCCM8RkhGVI645aDuwHHId6hxeOjIdAx3LHSsd3w50mJk8sgVI8+N/Obk6pTjtM3p7ijtUaGjCkc1jnrtbOcscK5wvj6aNjpo9JzRDaNfudi7iFw2utx2ZbiOdV3o2uz61c3dTeZW69bpbuGe6r7e/RZbhx3FXsI+70Hw8PeY49Hk8dHTzTPPc7/nX14OXtleO72ej7EeIxqzbcxjbzNvvvcW73Yflk+qz2afdl9TX75vpe8jP3M/od92v2ccW04WZxfnpb+Tv8z/kP97rid3FvdEABYQHFAc0BqoHRgfWB74IMgsKCOoJqg72DV4RvCJEEJIWMiKkFs8I56AV83rDnUPnRV6Okw9LDasPOxRuF24LLxxLDo2dOyqsfciLCMkEfWRIJIXuSryfpR11JSoI9HE6KjoiuinMaNiZsaci2XETordGfsuzj9uWdzdeJt4RXxzAj0hJaE64X1iQOLKxPZxI8fNGncpySBJnNSQTEpOSN6e3DM+cPya8R0prilFKTcnWE+YNuHCRIOJOROPTqJP4k86kEpITUzdmfqFH8mv5Pek8dLWp3ULuIK1ghdCP+FqYafIW7RS9CzdO31l+vMM74xVGZ2ZvpmlmV1irrhc/CorJGtT1vvsyOwd2b05iTl7csm5qbmHJdqSbMnpycaTp01uk9pLi6TtUzynrJnSLQuTbZcj8gnyhjwd+KPforBR/KR4mO+TX5H/YWrC1APTtKZJprVMt5u+ePqzgqCCX2bgMwQzmmeazpw38+Eszqwts5HZabOb55jPWTCnY27w3Kp51HnZ834tdCpcWfh2fuL8xgVGC+YuePxT8E81RRpFsqJbC70WblqELxIval08evG6xd+KhcUXS5xKSku+LBEsufjzqJ/Lfu5dmr60dZnbso3Licsly2+u8F1RtVJrZcHKx6vGrqpbzVpdvPrtmklrLpS6lG5aS12rWNteFl7WsM5i3fJ1X8ozy29U+FfsWW+4fvH69xuEG65u9NtYu8loU8mmT5vFm29vCd5SV2lVWbqVuDV/69NtCdvO/cL+pXq7wfaS7V93SHa0V8VUna52r67eabhzWQ1ao6jp3JWy68rugN0NtQ61W/Yw95TsBXsVe//Yl7rv5v6w/c0H2AdqD1oeXH+Icai4DqmbXtddn1nf3pDU0HY49HBzo1fjoSOOR3Y0mTZVHNU9uuwY9diCY73HC473nJCe6DqZcfJx86Tmu6fGnbp+Ovp065mwM+fPBp09dY5z7vh57/NNFzwvHL7Ivlh/ye1SXYtry6FfXX891OrWWnfZ/XLDFY8rjW1j2o5d9b168lrAtbPXedcv3Yi40XYz/ubtWym32m8Lbz+/k3Pn1W/5v32+O/ce4V7xfc37pQ8MH1T+bvv7nna39qMPAx62PIp9dPex4PGLJ/InXzoWPKU9LX1m8qz6ufPzps6gzit/jP+j44X0xeeuoj+1/lz/0ublwb/8/mrpHtfd8Ur2qvf1kjf6b3a8dXnb3BPV8+Bd7rvP74s/6H+o+sj+eO5T4qdnn6d+IX0p+2r7tfFb2Ld7vbm9vVK+jN/3K4AB5dEmHYDXOwCgJQHAgOdG6njV+bCvIKozbR8C/wmrzpB9xQ2AWvhPH90F/25uAbB3GwBWUJ+eAkAUDYA4D4COHj1YB85yfedOZSHCs8HmiK9puWng3xTVmfQHv4e2QKnqAoa2/wJAMILcCmVuZHN0cmVhbQplbmRvYmoKMTMgMCBvYmoKPDwvQWx0ZXJuYXRlL0RldmljZVJHQi9GaWx0ZXIvRmxhdGVEZWNvZGUvTGVuZ3RoIDMxMzUvTiAzPj5zdHJlYW0KeJyVVwdYU8kWnltSIQQIREBK6E0QkRJASggtgPQiiEpIAoQSY0JQsaOLCq5dRLCiqyCKHRCxYVcWxe5aFgsqK+tiwa68CQF02Ve+N983d/77z5l/zjl35t47ANDb+VJpDqoJQK4kTxYT7M8al5TMInUCFDAAFQCgxhfIpZyoqHCIwUD79/LuJkCU7TUHpdY/+/9r0RKK5AIAkCiI04RyQS7EBwHAmwRSWR4ARCnkzafmSZV4NcQ6MuggxFVKnKHCTUqcpsJX+mziYrgQPwGArM7nyzIA0OiGPCtfkAF16DBa4CQRiiUQ+0Hsk5s7WQjxXIhtoA2ck67UZ6f9oJPxN820QU0+P2MQq2LpK+QAsVyaw5/+f6bjf5fcHMXAHNawqmfKQmKUMcO8PcmeHKbE6hB/kKRFREKsDQCKi4V99krMzFSExKvsURuBnAtzBpgQj5HnxPL6+RghPyAMYkOI0yU5EeH9NoXp4iClDcwfWibO48VBrAdxlUgeGNtvc0I2OWZg3pvpMi6nn3/Ol/X5oNT/psiO56j0Me1MEa9fH3MsyIxLhBiuOywgX5wQAbEGxBHy7NiwfpuUgkxuxICNTBGjjMUCYplIEuyv0sdK02VBMf32O3PlA7FjJzLFvIh+fDUvMy5ElSvsiYDf5z+MBesWSTjxAzoi+bjwgViEooBAVew4WSSJj1XxuJ40zz9GNRa3k+ZE9dvj/qKcYCVvBnGcPD92YGx+HlycKn28SJoXFafyEy/P4odGqfzB94JwwAUBgAUUsKaBySALiFu76rvgnaonCPCBDGQAEXDoZwZGJPb1SOA1FhSAPyESAfngOP++XhHIh/zXIaySEw9yqqsDSO/vU6pkg6cQ54IwkAPvFX1KkkEPEsATyIj/4REfVgGMIQdWZf+/5wfY7wwHMuH9jGJgRhZ9wJIYSAwghhCDiLa4Ae6De+Hh8OoHqzPOxj0G4vhuT3hKaCM8ItwgtBPuTBIXyoZ4ORa0Q/2g/vyk/Zgf3ApquuL+uDdUh8o4EzcADrgLnIeD+8KZXSHL7fdbmRXWEO2/RfDDE+q3ozhRUMowih/FZuhIDTsN10EVZa5/zI/K17TBfHMHe4bOz/0h+0LYhg21xBZhB7Bz2EnsAtaE1QMWdhxrwFqwo0o8uOKe9K24gdli+vzJhjpD18z3J6vMpNypxqnT6YuqL080LU+5GbmTpdNl4ozMPBYHfjFELJ5E4DiC5ezk7AqA8vujer29ie77riDMlu/c/N8B8D7e29t75DsXehyAfe7wlXD4O2fDhp8WNQDOHxYoZPkqDldeCPDNQYe7Tx8YA3NgA+NxBm7AC/iBQBAKIkEcSAITofeZcJ3LwFQwE8wDRaAELAdrQDnYBLaCKrAb7Af1oAmcBGfBJXAF3AB34erpAC9AN3gHPiMIQkJoCAPRR0wQS8QecUbYiA8SiIQjMUgSkopkIBJEgcxE5iMlyEqkHNmCVCP7kMPISeQC0obcQR4inchr5BOKoeqoDmqEWqEjUTbKQcPQOHQCmoFOQQvQBehStAytRHehdehJ9BJ6A21HX6A9GMDUMCZmijlgbIyLRWLJWDomw2ZjxVgpVonVYo3wOV/D2rEu7CNOxBk4C3eAKzgEj8cF+BR8Nr4EL8er8Dr8NH4Nf4h3498INIIhwZ7gSeARxhEyCFMJRYRSwnbCIcIZuJc6CO+IRCKTaE10h3sxiZhFnEFcQtxA3EM8QWwjPib2kEgkfZI9yZsUSeKT8khFpHWkXaTjpKukDtIHshrZhOxMDiInkyXkQnIpeSf5GPkq+Rn5M0WTYknxpERShJTplGWUbZRGymVKB+UzVYtqTfWmxlGzqPOoZdRa6hnqPeobNTU1MzUPtWg1sdpctTK1vWrn1R6qfVTXVrdT56qnqCvUl6rvUD+hfkf9DY1Gs6L50ZJpebSltGraKdoD2gcNhoajBk9DqDFHo0KjTuOqxks6hW5J59An0gvopfQD9Mv0Lk2KppUmV5OvOVuzQvOw5i3NHi2G1iitSK1crSVaO7UuaD3XJmlbaQdqC7UXaG/VPqX9mIExzBlchoAxn7GNcYbRoUPUsdbh6WTplOjs1mnV6dbV1nXRTdCdpluhe1S3nYkxrZg8Zg5zGXM/8ybz0zCjYZxhomGLh9UOuzrsvd5wPT89kV6x3h69G3qf9Fn6gfrZ+iv06/XvG+AGdgbRBlMNNhqcMegarjPca7hgePHw/cN/M0QN7QxjDGcYbjVsMewxMjYKNpIarTM6ZdRlzDT2M84yXm18zLjThGHiYyI2WW1y3OQPli6Lw8phlbFOs7pNDU1DTBWmW0xbTT+bWZvFmxWa7TG7b041Z5unm682bzbvtjCxGGsx06LG4jdLiiXbMtNyreU5y/dW1laJVgut6q2eW+tZ86wLrGus79nQbHxtpthU2ly3JdqybbNtN9hesUPtXO0y7SrsLtuj9m72YvsN9m0jCCM8RkhGVI645aDuwHHId6hxeOjIdAx3LHSsd3w50mJk8sgVI8+N/Obk6pTjtM3p7ijtUaGjCkc1jnrtbOcscK5wvj6aNjpo9JzRDaNfudi7iFw2utx2ZbiOdV3o2uz61c3dTeZW69bpbuGe6r7e/RZbhx3FXsI+70Hw8PeY49Hk8dHTzTPPc7/nX14OXtleO72ej7EeIxqzbcxjbzNvvvcW73Yflk+qz2afdl9TX75vpe8jP3M/od92v2ccW04WZxfnpb+Tv8z/kP97rid3FvdEABYQHFAc0BqoHRgfWB74IMgsKCOoJqg72DV4RvCJEEJIWMiKkFs8I56AV83rDnUPnRV6Okw9LDasPOxRuF24LLxxLDo2dOyqsfciLCMkEfWRIJIXuSryfpR11JSoI9HE6KjoiuinMaNiZsaci2XETordGfsuzj9uWdzdeJt4RXxzAj0hJaE64X1iQOLKxPZxI8fNGncpySBJnNSQTEpOSN6e3DM+cPya8R0prilFKTcnWE+YNuHCRIOJOROPTqJP4k86kEpITUzdmfqFH8mv5Pek8dLWp3ULuIK1ghdCP+FqYafIW7RS9CzdO31l+vMM74xVGZ2ZvpmlmV1irrhc/CorJGtT1vvsyOwd2b05iTl7csm5qbmHJdqSbMnpycaTp01uk9pLi6TtUzynrJnSLQuTbZcj8gnyhjwd+KPforBR/KR4mO+TX5H/YWrC1APTtKZJprVMt5u+ePqzgqCCX2bgMwQzmmeazpw38+Eszqwts5HZabOb55jPWTCnY27w3Kp51HnZ834tdCpcWfh2fuL8xgVGC+YuePxT8E81RRpFsqJbC70WblqELxIval08evG6xd+KhcUXS5xKSku+LBEsufjzqJ/Lfu5dmr60dZnbso3Licsly2+u8F1RtVJrZcHKx6vGrqpbzVpdvPrtmklrLpS6lG5aS12rWNteFl7WsM5i3fJ1X8ozy29U+FfsWW+4fvH69xuEG65u9NtYu8loU8mmT5vFm29vCd5SV2lVWbqVuDV/69NtCdvO/cL+pXq7wfaS7V93SHa0V8VUna52r67eabhzWQ1ao6jp3JWy68rugN0NtQ61W/Yw95TsBXsVe//Yl7rv5v6w/c0H2AdqD1oeXH+Icai4DqmbXtddn1nf3pDU0HY49HBzo1fjoSOOR3Y0mTZVHNU9uuwY9diCY73HC473nJCe6DqZcfJx86Tmu6fGnbp+Ovp065mwM+fPBp09dY5z7vh57/NNFzwvHL7Ivlh/ye1SXYtry6FfXX891OrWWnfZ/XLDFY8rjW1j2o5d9b168lrAtbPXedcv3Yi40XYz/ubtWym32m8Lbz+/k3Pn1W/5v32+O/ce4V7xfc37pQ8MH1T+bvv7nna39qMPAx62PIp9dPex4PGLJ/InXzoWPKU9LX1m8qz6ufPzps6gzit/jP+j44X0xeeuoj+1/lz/0ublwb/8/mrpHtfd8Ur2qvf1kjf6b3a8dXnb3BPV8+Bd7rvP74s/6H+o+sj+eO5T4qdnn6d+IX0p+2r7tfFb2Ld7vbm9vVK+jN/3K4AB5dEmHYDXOwCgJQHAgOdG6njV+bCvIKozbR8C/wmrzpB9xQ2AWvhPH90F/25uAbB3GwBWUJ+eAkAUDYA4D4COHj1YB85yfedOZSHCs8HmiK9puWng3xTVmfQHv4e2QKnqAoa2/wJAMILcCmVuZHN0cmVhbQplbmRvYmoKeHJlZgowIDE0CjAwMDAwMDAwMDAgNjU1MzUgZiAKMDAwMDAxMTE0MyAwMDAwMCBuIAowMDAwMDExMjc2IDAwMDAwIG4gCjAwMDAwMTA5ODAgMDAwMDAgbiAKMDAwMDAwMDk2NyAwMDAwMCBuIAowMDAwMDAwMDE1IDAwMDAwIG4gCjAwMDAwMTExODggMDAwMDAgbiAKMDAwMDAxMDgyNCAwMDAwMCBuIAowMDAwMDAxMTMzIDAwMDAwIG4gCjAwMDAwMTEzMzMgMDAwMDAgbiAKMDAwMDAyMDA5NCAwMDAwMCBuIAowMDAwMDI1OTU3IDAwMDAwIG4gCjAwMDAwMzQ3MTkgMDAwMDAgbiAKMDAwMDAzNzk0NyAwMDAwMCBuIAp0cmFpbGVyCjw8L0lEIFs8M2E1ZTUzZjQxYzVhNmM2NmJmODUyMDk0MTUwODk0NjcxZGRjYTg2ZGI3MTFhMjBhYjI5Yzc4MWI5MzNiMmYxMDJmOTM0NTUyYmI0MjI5MTgyZTRmZmNiNjE3NGUxYTNmMzA1MmI4OWQ5M2ZjNTg3NWQyY2YzNTVlYWQxY2FhYjA+PDNhNWU1M2Y0MWM1YTZjNjZiZjg1MjA5NDE1MDg5NDY3MWRkY2E4NmRiNzExYTIwYWIyOWM3ODFiOTMzYjJmMTAyZjkzNDU1MmJiNDIyOTE4MmU0ZmZjYjYxNzRlMWEzZjMwNTJiODlkOTNmYzU4NzVkMmNmMzU1ZWFkMWNhYWIwPl0vSW5mbyAzIDAgUi9Sb290IDEgMCBSL1NpemUgMTQ+PgolaVRleHQtQ29yZS04LjAuNQpzdGFydHhyZWYKNDExNzUKJSVFT0YK"
            }
        }
    },
    "event": "customer_onboarding",
    "partnerCode": "UC",
    "NiyoLeadID": "29073ca9-0981-4ea4-814d-8c46005b6058"
}
HTTP/1.1 200 OK
Date: Mon, 28 Apr 2025 08:57:02 GMT
Content-Type: application/json; charset=utf-8
Content-Length: 298
Connection: keep-alive
X-Powered-By: Express
Access-Control-Allow-Origin: *
Access-Control-Allow-Credentials: true
ETag: W/"12a-Ui8CIPSP6Q3yv7VNk5QSdbEAkvw"

{
    "statusCode": "200",
    "message": "UBL - callback response",
    "data": {
        "response_code": "200",
        "message": "Data processed successfully",
        "cif": "126615",
        "docs_uploaded": [
            "aadhar_front",
            "aadhar_back",
            "pan",
            "borrower_photo",
            "bureau_report"
        ],
        "docs_failed": [
            
        ],
        "response_timestamp": "2025-04-28T14:27:02.875+05:30"
    }
}
{"statusCode":"200","message":"UBL - callback response","data":{"response_code":"200","message":"Data processed successfully","cif":"126615","docs_uploaded":["aadhar_front","aadhar_back","pan","borrower_photo","bureau_report"],"docs_failed":[],"response_timestamp":"2025-04-28T14:27:02.875+05:30"}}
]]></system-out>
    <system-err><![CDATA[SLF4J: Failed to load class "org.slf4j.impl.StaticLoggerBinder".
SLF4J: Defaulting to no-operation (NOP) logger implementation
SLF4J: See http://www.slf4j.org/codes.html#StaticLoggerBinder for further details.
log4j:WARN No appenders could be found for logger (org.apache.http.impl.conn.BasicClientConnectionManager).
log4j:WARN Please initialize the log4j system properly.
log4j:WARN See http://logging.apache.org/log4j/1.2/faq.html#noconfig for more info.
]]></system-err>
  </testcase>
  <testcase name="createloan" classname="testPartnership.UCpartner" time="3.479">
    <system-out><![CDATA[Request method:	POST
Request URI:	https://pisoauataws.niyogin.in/gates/1.0/sweeps/ubl/callback
Proxy:			<none>
Request params:	<none>
Query params:	<none>
Form params:	<none>
Path params:	<none>
Headers:		Authorization=Basic WnNUOWdMOmNZekNaTQ==
				Accept=*/*
				Content-Type=application/json
Cookies:		<none>
Multiparts:		<none>
Body:
{
    "data": {
        "loan_data": {
            "loan_amount": 30000,
            "tenure": 5,
            "roi": 16,
            "processing_fee": "",
            "other_fee": "",
            "nextRepayDate": "",
            "InterestFrequency": ""
        },
        "loan_account": "s5W)r)r588test",
        "identifiers": {
            "application_id": "s5W)r)r588test",
            "customer_id": "e={3WQ$qOLtest"
        },
        "extended_field": {
            
        }
    },
    "event": "create_loan",
    "partnerCode": "UC"
}
HTTP/1.1 200 OK
Date: Mon, 28 Apr 2025 08:57:06 GMT
Content-Type: application/json; charset=utf-8
Content-Length: 266
Connection: keep-alive
X-Powered-By: Express
Access-Control-Allow-Origin: *
Access-Control-Allow-Credentials: true
ETag: W/"10a-HnYzLc32/K4Wy+p6zjeNkwrQpeY"

{
    "statusCode": "200",
    "message": "UBL - callback response",
    "data": {
        "response_code": "200",
        "message": "Customer created without checking Cibil",
        "docs_uploaded": [
            
        ],
        "docs_failed": [
            
        ],
        "cif": "126615",
        "lrn": "UC0NFL00094117",
        "response_timestamp": "2025-04-28T14:27:06.196+05:30"
    }
}
UC0NFL00094117
Request method:	POST
Request URI:	https://pisoauataws.niyogin.in/gates/1.0/sweeps/ubl/uploadDocs
Proxy:			<none>
Request params:	<none>
Query params:	<none>
Form params:	<none>
Path params:	<none>
Headers:		Authorization=Basic WnNUOWdMOmNZekNaTQ==
				Accept=*/*
				Content-Type=application/json
Cookies:		<none>
Multiparts:		<none>
Body:
{
    "data": {
        "cif": "126615",
        "loan_agreement": {
            "id": "JRMPK7838G",
            "detail": {
                "BASE64STRING": "JVBERi0xLjcKJeLjz9MKNSAwIG9iago8PC9GaWx0ZXIvRmxhdGVEZWNvZGUvTGVuZ3RoIDg4NT4+c3RyZWFtCnicjZdRb9MwEMff8yn8CFLn2o7tJLyVjaGKbsBWIV69JqMZTQJupgHiw3OJndjSqL1NmnTd/f8/93L2OT8TyggaftMMpRJlskC7JlmuG4ouuuRz8jN5u02WlxRRhrb3iWBYIMEpLgq0LZNXF93usanaHvW/f1Svtw/Ju+1zEaM5FtyXVWcrVe6V0uhb1VZa9VWJ7nXXoMv19e1qs0HTv79ebU65mqXQAgs6er43TnXXohIMY4txQkaYOCPpGRWI0TcpeUPSIJMXGSbMfv2n9tCp8iVET/aMyPIwMeODwyC9UsfvUKypPu1jc1fpGNnJf9mfgqcsjIS/RI6aa9VEv5vL/lJVGq3a+oA+qOZOHU5KDYbBY8hNLaGEqLtHb2vd72M8J6NFAbXMoZZhEMnw3CdlvGRz+lXQNs05liZxt+zQAh2XXVggGabpKFiVpa6Ox8hKPAGKpXKOoaVelMokptmY+vDYKnSn4IHdqT/QUk9Kl0guBoO4DckxNVv6Rh33dbv4oPSD6l+mZgXBzBev9o0qW/VN6cWV2isNn/ZavdAsY5gZt3Vb1mrBKedmJ5/Wjo+E8QJnZntsVFs2Sn8P57MMM9Psm26nDnX/O7Y2p/h/tcM8wnFmmv0cWGiJLupjr+tdH8M6oSlwEENzKKB5lp/qFp13ZWzXewpX7NP+osC52Sq3ffy49NK9XvBEZmzdvE8ImD8lAnoJ5oGAfStRY0MqGDokt//LZ1QOi58FNg4oxNAnPsLEIQWBbIkLav2HuWPiwKIIdyLhHAKIlGOeeggTRxCTSDiHAILC6OYewsQRxCQSzuE0gucF5tIhbBxGzCLhHAIICZXMPYSJI4hJJJxDAAFHsPAIYxgBWImY5QF7xoY7hPM3cQQwiYRzOI1ICxitXjfZOIyYRcI5BBAZ3IS8Ktk4gphEwjmcRjAJc9nrJhuHEbNIOIcAgsNg9rrJxhHEJBLOIYCAS2rmEcYwArASMctP21O4kTLvbLJxGDCLhHMIIODqmXndZOMIYhIJ5xBAwHRhXjfZOIKYRMI5TAoqjYYRaLQcDvyC2XciZt6JCCZpAXcNa8zANs1TyAMrOY5dpCswc4ONDoMNbqrD4QFnbT7evGDaafBKpZQZWLy67DTa1E09vAyd13r3eDBvM3/R+cfry/XFu+vteuVeh/4BO3b0vAplbmRzdHJlYW0KZW5kb2JqCjQgMCBvYmoKPDwvQ29udGVudHMgNSAwIFIvTWVkaWFCb3hbMCAwIDU5NSA4NDJdL1BhcmVudCAyIDAgUi9SZXNvdXJjZXM8PC9Gb250PDwvRjEgNiAwIFI+Pi9YT2JqZWN0PDwvSW0xIDkgMCBSL0ltMiAxMCAwIFI+Pj4+L1RyaW1Cb3hbMCAwIDU5NSA4NDJdL1R5cGUvUGFnZT4+CmVuZG9iago4IDAgb2JqCjw8L0ZpbHRlci9GbGF0ZURlY29kZS9MZW5ndGggOTYyMz4+c3RyZWFtCniclXtpk6tIsuX3+hVpt82e9Zi6UuzLTN16xg5CgNgF39jEviOBsPnxE5mqvn27X7+sN5mWKSDBPY6HH/cTytD4C4xAbx/fKPmGEm8kQb8l7S9HpYXf+P4X85fxF9b55SjCbzD95tx++bgFw95p7M1Jf0HenOkX6J1Awdfb+stfs1+ZKC2iaHq7auf/5VS/CM6nhZeDKf8F+CAR4h1H39pfcJz6+0kDTmhwQr5OPnz8OCb/cdPtn439ZOBlDYGQdwj/wxoCwf84+WHun5z+G3t/mGg//P4wB8bzT9Z+OvnJ6e2/QP3Z2A+n/wTuJ8M/O7z9HHf8M+wfFuB3BP8I+19/+8+tbd4e2TSXfff9G7Dw7S3rkj4tu/z7N9cRf6W+/efvvxm3W1N22SUasqnJ5ll9Jm9TdssmcG+mpN+/0RiKAKc4hMI4AqMQQqAw8u3339wy5aMl+v23S1++pX0MXOC/QtSvME3jwBN4EL8RBEZTtwTCoeSGExlFwyhBonB6gxEKAad0hiIYdaPI9IamWIxTCIbAMInfKCLBvr3lWZdm0/dv2rePPPnr20/Z8q+4YfSdJD5xtx8DIRA4Q6IYQm4xQlFpRib0LSUziKARCqJwIsVgEr7hWZTc4jjJEihLb8QNopMbRBDRt7cuagECL8umN6Yrmzc1auOoyb4dP+BGb0k0Zf3t+7dvb0l/75bp+f2b0qUleDAt5+X7N6Zoo7SL8mj69lb09zn7uLWJurSNpvrzuE++f6vuXfQWR8B8HO2AD2s0pW/Et7cB/A2DMQxC/xw3RLwjL9xD//2bFc1F2X17m5doAT61qIgmcGmZoo9rU5YtH87ne/waphpNVbT8qROCpt5J8tPJY0l+ePmIRbH8fqSrI8Ywpl2HJytnWCZnwBl4ZfgjsrI8w+QSmycSa+YyuyYnzsxVnjV1npnPPFvbwkq5stXf5AKKwA35icM6hVNmZVsTlU+GM89sOm9C8jPBL07+vHDYrvPnl22zBvZWYCfXeSt/KtZaaJXy/PHzFSjAFOoT1M8P/I9/zseVYSyO4RVGZXjGVhimEFhmE9gjZTLy+hEEl2VM4eOH+ceXwDGrKYKAKJzZnz/uXSxwORd4ZlUEZnVF8AC4INKMqYDgmRZrKYXmCpIAiwX7PG0ir34BiwJEoD9hsXUkKAqkbqvl2dCNqTXk9MzzWhWLJJCsvjmVSa/aPaQ7AWrwNWFClmjVqWK7g+OJnu/BRei3eh36YRdJzZigFpx2KZZdR75QfKnAylM5qE5z8v0GL8N2VKtB9duBKIdxUvfl7CMLWeJ3MNGbdpU2qjo9l7MD61cfpqsQucsldnAa/H7riWzaqMcFom9fYCNBsr+wxejh0hGvSIPorsLfI/0K3n8baeEj0hy4iWeZ5BVp84R+3rsJAmsLG1ucWNdMi8TSSq0XFFFQrT6WWc7WdvfBeEF3trgiqHVDaCjrM5AtCOugVi6i7zlu1LpguaFsC18AIaj3V+o1qgtbntekge8NVSh5bYgUQ9TpUHoN0UxuiLw3hCKI5FJp1Xow3CaMru2pjfrRqIco6ka1HefJgJY4Qu/nlljni7AlsfzUOhVaLi6cxldE7yLsfqnxLO4Ioxtfgf4jhnQP0lcDdFUsEAPmsvLtqrpcsznj88SLkurybUNiAy9sxFeQ4HcU/sTkYmpGG8yR6xiX0RlavS3Dc6oIWBEwkRECu2ONqOEoCHef0Zmx2Is/iNXmtmuFDgd0sYJQEna7MBJPYWuIsih8QASzYJ21u9iD3ukXLoPFXLFkx+NbTUgz2t9EtC/LNafncrSZ0mRGTpWuFzmb1BU7KUfBHSr8yJVr1VASCNpVctxy2k1mPdnFF7Bw9J1CPmGBDrne2U5kzbYBIxyZtivU2gMjsuTNCriTK144WBl5isiEfmY2bzStY+Os+ebkd+OIuSSjIS62UanaeDp6LcGDhKtwrHJXa+pxEp2znOPgoQRnxonxNj6HFYUSvEDws+hGd6eLXa4lYyW0mswsh427LGQFINvGViBqXH5OOnmvAwJ61OG+ml/Awoh39AULjfWIW+O5KDZkcDgd32ASIjlD9BgQocEp5IVI1Wysu8GtBE8ru9iAbTLhcjWBGN2/LG5vBgMxbSCeJispR7vjLuUYE/m1q33OVkzTUPChxSWywkXp9uAvpwtDBBfDOFNmdgkV3F90taGe2nmJsCAwyM5AJaNjWLqCMV0suiBqJqQhHGm/ptvyBSwU8Ar9hBWEXC+eznVqPgKKkjvmwipTMzzKmKl3jre7umIPXtdxdYVKEHY07swjJrLjnU+uWnswc94AJYQFvSxhAgYTvTW72V3AQwh0ONVavQpt43CXcbMDzZMhhTm6HoTUh7Muw9doTqb1WWPUmOpThl6cjoCxzAccI3AyJRq3Se9Ps3T1Sh6cOZ9v1qhwzFe4ALk+xfRfTWMBbpFp21ccw+8LmwbTGPn04l8bLjm4N7ruiFTD8OMZnszlBh2v022PDc+XEoGhqgmWXTnv6iRPwn5WHtaKj2FQoOM6+9BH8tH7ZrK+oKAMho/xMwHTjqyheGE2UymEgAiw4Y5KNwIOlFGZ8nYUEkmkR/eUw0ZZDW655Unbz66l9grh0kGxu+3+BTQEEOwlWBls9IQTATGW2qonyTuHuKPUAYfzT4G1CKGGAyFgCcrDN4yiTFQcbqfQxz0L9507E1SGmYxJHsoYdolPLGPYcHUNdTMvlqAWNPBo6hFPOzaltEJP27E7TeJg29sJpKPfqYUuPuuilyfLzcvTsC7IJWp2kDOh0D8jl+qGChF9d0ZAwhNEQgZI9wUqGPDrhcqIjJTHT1J2MetygpvLORau4qRR+i6soWw2ziEgj0dGJMo7qUZIIjYrjw5nJ1rWO20/l9XqRLe14TihDxSTqY+DMEAbfJcuQIkrFBabQHslYGZoI2PL+4pg2LRW62Vcll4uSw7jSaHd2VRF+Nmsb/p9q3LstMHMhILGR0exxSsPO8d3twO1PmB6JmC/QAYBir0E5+ZwhuNussQYUbWaWcTKQv+YQXGLEgHMpcmpdQAphtqYQhIM5sXuiixTA/HsTXl0G0Q0E801L0N6MHSE7WQMpmi0QfUbmixwYlybJpi3075fH4+y3GqYX/dRX8Q7tfW+ymaTmJmXbauo6HCzGb7Mo5MCodykWrjBqFXhkho9dl4ubr7QASbq6qbUylfQAMteMld2mXaoS0LqGai4xOI1sFYuG/BRigHhLTOuchybQohYz8+R0fKZhQmva47kY/KPg4CsfC6WlrnQNlTNLMZUsP3UbKwOqoscEx4OYw115s0u0utA7yTpIk8drdJXiL+y8lmWEM+khKoTvVtZBOYVLqLr9dmszhLIRCJTBOFFMBTAit5V3hQdIrSN/3tcOA0o9pIba7U1Gb/67Ik1bgE2ERbEHY2RYMPrIMFDkF+ZnZpSSb70ZnSIT350DoKZzGyn6x1kQmXsGjX0nVI5JLhdInuR665pLnt41FsZ86xtJpU850WVrWElik37vBGesCpx2bWtEQVVvRaj55LQGR49qx0kDQnw0bJ2hwol3gRtzGTqwlOudawgeacQMPUFLgqQ7IULvkKcj/TOuhknBcMlT2b3+/XCHtXHIB2X60O/dAtUR/ogKLyaCDJBj4dsCaA2ttIg2lu1gYL0cuvqW2XqgsHl3CEfCJXTZpMBGkrU4bNAO+2IG1Zdl/Pdxx+7r4+s0hH20KG6v/EklcEJzeGsfJUnH472pl8ffl9PEnRKtohT7/YeyPDkzOcvMJGAXi+JS8BmzKuMh+Mk7B/nDT9f99aAOYNOyFSX72Hw3NzU3+0qbPaklwe9GdNREWVksVTbyg8PQxMy5AJPfWq3+nHlJAwLoTAdMZyQl1o+XqKHFHOG75J164ns9qhPnnlzkow96OnUtz36aC6h3VBVPhHgeWWylpMvcnG9tycMmUkcQ11BRZWLWR0ZZoK/BAa/vzoYFj/Gwt3OH6WuHIvhJOCZS2HkcZcDOkO7Y+krsluDVpDWEsYkXZ17pIxJkHG2aa6ovVarCXZgEIMnbgU02fxDvBr2ONmRBfXixbo1ON4TwtGu3VpuJ81X1g0aT0/tQ11dJ0dicGw32V2RgQx13ZXpmDE425KxbZ3IXGsX1wJlWK+6woi3y7UMv0BFoO/0S/XaaHn0zKSesj29mVri0XyA0Na1vFUHOEKpBOU7ctmEOWdovUUPETTE4ooadsK5AeiU1Bj2dRWwtzPLzY8rS0e1EOyrod5mUNDldk4vp1R0gmev5GwuGxa8ey38nEaNgibFq/aKGeC+0NeWrUN80NFzwUEVNCKQHbsPrpabBEPj3HjE7Z196No9NaII+gIaTrxjL2h1ebLNY6Yem/JxvfDuBh2tfogbyUaT4x1V5Sjb1owOr2WG5dlNU5Vnaj+uk1nXU0+ozaU1FOq8HENoJp5W73bXWCFVe70eQ5I54OyhSb1hFsuGKubY64Pc43rpnLLVA70sBFyvq3U/EFogZSzhIZfC8NXnYyFXlcyDa2IwURTFsOLKcvC8CX696dkTPT9b9AtwGPVOv/RvGmdWs2pk64bcAcmyW3QnDnJS2RmznMMZRwzjZtoae2hVDN2mNsK1jAwk/qklIaKMFMUjOhDhrChHERv4lLmOPsHLjzycbGkybgJiL7Du8rqC+rnu+DFDeGNipsZRV7I2CqBcVCSayPKK9xKIH3J8cHXZUOvwLIEVG3GAbVXj2hOEY1/hAex6Cd/RKfOgWC1o2mWsifhsj4aQ6GLz+VwLvd6VO6YwNlgomMEJJ27DdZQMI5pQeKAX6IAvHAI520XsIJSpDgtvQqS8j4mKQHTlwEFAj7GKkvSc01khWk89T7xdj7pY8ouz+pQZw1nw1cDHLXySPiuJ+7becLjN7xmiwfEMP20uS9IDrW5JGBFy5D/Kyp2+QIaif7yP/NfTZV66eAH6KWiuaePv8OEqE3AMG0FU4c7mPxFS7dSpk6/D07kaEW9gdaajQiQPD4Nt71UjNPO4KGwOtGLGW5JRQAkNj9pMOlWeHR1aRc6u7UOrqyV8nXXYsXGRJvPO8SHKGSUIRRvlNOoOlIhzaCyVJqU69u+WbE+Pqx4WnXXVEvaYBUHse/kX6y8cAeT6Q9CboLdqx+Lau4m9bmcpX0dGZX0LS65PUgUihnli7qFnZDqBp/iORMSYxNZF3bRD1EMOKGbDSVqLNSp4zABLw/ii6Q9/4VuVmu88PPqq2WjtnBH3te78cSKwWQuvCWtL162WOgHTLXF27xgGlLddOmCtA8SgEeXsquED8QxFhUv0zT5+gQYGbHqp3ZVWK++uJhIr+zm/yds+sFC3WQmA4CT1vslIQFUVyHLp4sjTVbdzjJWH6/KoOgvTfUq/CvMUh6Sqk+VpZZz1bj8gRcZzGahTygoP7O4nTYgaZacSsyk88ZU/rrw/ZhJnUcKShwNbGVHrZYZazChILugJ6ZtaPh3S3SkUmvozauXnyzN2vFP3hdLFYcCpl9I1bD3f6Et0D6CD6u7TwsvtHV1APpTuPOCy39yeRqu6tU6dJayoIrQLany7mruT24WLGybDwqfpvIiH3bgGufzwm4E/J1EeFys3nhuWxAlY9RAjaZw8vYZnup77Pjlq/SHulGfmHO5Rq2EbPOkZcSJhu7k/L9hIwH1moCmqlxHtsWv0JHfPHGV89pqvih8EKPXSuelxcSl4z3qiJpnC2e0kn6+LC6OSWTzhBD2P2m7HaNIhI2c9t1OA697gG7wfxwEpz9jtHBA3vwtQBmYQMjK4qHVxiS0X29yLxB3rDkgG0mUNjasZ2t+gAYunmuLGZU99uokfl2Q/iVz+3O8Ic6GYi/0wHmJXFfFz6+bF6DTVSM6KVgzW0XIOofTfo8JoQKkXKmNTFLa9Cfw2HsZ9Gbw6VCZDMiWT5jUL2o8zjjN07iAM1lwVw3I1vNbILEJCDQ/wvYboqLUmZunXIJEvi9eetooVw5sSQ2Mo16S++3EZq7FRQXeMu9opIyqn/Ro8JgH0Se1ZVTmMP6IhsW1GPXCgoyxQuxVWU7enpr52Z1kR7dhqyUh5HKMwLvJEm8Mv3lwDy913+qV0Bdo/Hha/vI/nQVCvzrrowpTbSoHMz25aLs4FHoeLIteY7MzqmCmh6KxwEt/ZRgM8uUWwq68ddb6neUPKCaI/MoQ04CkZr0UKIWLO53l1YVlMed6COjj1qI59CIqRX8OxRL35zNm4cC2OKzOlF3wcLfm0irVV0fA9kbsOetpRARN77MT7E5talVwG87qQ41foANFemlecB60bL0nKGeid49JhfN6rXPXQdEaZix66rW84XpM7dFSGmbrdteHJeE4bM/p1AF0cm4yOhCCWDI+8PeXy5GXEg/TXyiNHvCx40OKDVcLyUJHHW+A9s/EoqM8Zv50W5ZqZ9Cn01IGUYxo7tPxyWGIpuqezswOFBd82a0BqxroYdfNEME6UJas6ULcv2jJGvmq8BVpSBwGCUissb+epnR7neNHCuma5TdFLRp5Ng2OPS6i7N7X2eC72hZPE4tBUy5dAveBuOUmPUZqvaGlj6P3YniQej6zTYllo0DyOjB4ecmwtIb+/FgfUbBkrXbUkBZl+7PztPNB7slpbdLsVJLxyVMRLLGIy6WWoQLZ3sCRhi9Lr7IMEMb5/0bkwgnh/lXqd6qVbt+fphcKkrBhh2Tx37DMvsdTZc2wgyv4wTwHL7Fs7sL5b2cpRipJeAR1hWGnLT3f3jjj3OVdkPQ3Dp1Yr4Y7sVwUZromGT4FPKhXCl72u3LfH6ojoabpQHmpeLbl8ak+tZw7FfrRbBH4G2z2oGNm+JzBBR/RdqNgnk7EkDFqX05EDJOh05oM69gUynH6HXoJXgiqESLUWbpXtYdJmcrvW6QbsMtDZXS76iBb+zdoyhC9C5YxcJgEn9DvzNO5Q3UkZTw3GzZiyY0tZ/px1Jpb7DCMBM2CZdPGn/sgdhnIXusJGOuQKQe058h0WiI6KvZh8B12kbNiuVxaFwm0mbu6DEZB29fsWdGl8oIqUrCIywYDIwyTbSJKvQMHv+EvoVp3kPP3BT+7ttVjifABZo9hTyPOwmMKYBUSquGM3KryODgrCu27ohYRlBkfqNOO0oqgGmI7Vg7S4i54eMZu3T6SPlL6w6LGz61ptxeSmbPV2dGSnX1TvdAmuWuZdZVR9DtmSlXqPtEv8RP2RxcO4MmBd7WzLxPGDk+MX5ST5K7/VcLkD7W230Bfvy2MY9g69BC99nfHpYwXiV/GuT8ZDMrhLY/BHwTqA2m5UJx4HigMf4jIMSDhusftwweA42QOykw/6JZG2tD+5dY2eqdk0ZZa2s6N4uV1PHYSB5Qw0jpcGqXi+OwCxyPHuWjuXwLYHBUU/1lLKUQaL48XqmQ0o1Nmsxd04b8fHckyP6sI7xQCP6yPEBrLdl/3IgLJVzwX9BTj0cxvA5z8drtBRo8f9lHpgEWDoGB7KF/LpquuJLmpueTg3YX9y3DODL0iSGLkbbGhsZJmxyRiEIY+RN1pKO0gk72JktV1itFr1eO49jn/ihpanmVZJWrVsZT+N6L2BeG9Ibzv9SPRT+BTLTOtO7CVmDL7rOUPzEIc4YQnlTgMQxtIgLc86uCOmHDdeMJpJ8lWdRwDBXgUxyfM6wENnR5838T6csWIOMb/kHr3DQXe7k3jFHAx0WIXwEpD3bRpsr5Qy1TkJV+rJ6LgTyDvfo8kN7l0PXrbehH3bl61l8ulFCCWLvZ/n/rQ+ki6nbldk6rYwIKS72k8aoWajelddpgIvt2CvyinR+2kqit23xtpVWmbcuWNr5yHhicl6sDfxHMlfAQMkexXFuJmpttZm1MVN0Yx2hVk7/QmFmXEZGY3qjvx0EP04x6xWjw4VcUqRe3dDngeYTKpE2ffDST6I0eohoScH+T0nruoN8e8IetqUI43R1NFfdheZ08sSpDZYlJ1ulnppWRzbnqBtajd88yTkEabpggcKJhYeqnYsc8FkWPZraAsuPI3QS/YkB36XN5Q2L9kX/1HBYMCzlwj2+lC2CStGjDG6HuPlQB6RKZ5lX6jJjjEyI6mr5Ugx1/3qRzeMBrJfj3wqRYdl4ZMo44Kuud/mPaDdJGCAfM3MJFBWM6KmEyxck61IVgQqZ9CgkVwz0vvtJh8Sz6E0n4Lud9t8OpmtT3EFEx98e/hjM9tQtqO3ktsWLDyjznl3zgb7vGgdBGNIF9BH7asaAgGavbCtXnw67ettIsJaXLuSmUZNqBcy9OOJnmEVq7hLNzTBskk3x9BSRvNwN/ioZVSRHU652ZH96jOGSp7spaDOpHNYJ5g0iHuct7h5N/epAn0BenIXp1t2x0UQddvFLluXvq7FIVKh3MsfT6q7G8ZAwOKgwBy24J7AjSmaJultjFT1CcTwXWiEwQ/Y6xf5iNKAaC8pPKDjcfCW1PDrqvU8ZnverqAHeZblAsV5xnTYoKB9XRKiGubYieB4H4QBweX6qSHGMSwxoMofAyJej1J9aP1ZXHq6JoAU6TcuIqg5QHTIZeh21dK7uB9Fy7qa7cHS9tsmy773SDJZN2cyYgvlhK/QxA+LPB0deHONCeGicPLwYFvuRdlc6s6wg/35xYyhNCDaSwdf7p7aIX0/ceMj1UeHBssuNzXUNrSkuwVGoaan9hqRyO6q57Isc0vUpK6xRU7fZ1FyqulqoSYsIRkM3dd4nwL5XC0HhWTAElpV0UESXegiFiBfkR5q2vLeXPmRL4qn4VR3Z6+9fJHZi8SPjnyAFBglJfmcg3m6xUdFVaHuHk7BA/G2y6TfhSS7ioKFf4GMAjz7Y2sDfjiY2mje3AAHKrucIxR0XDpsbPxuToKQaJcJ7ftx8qvETpGorYhsWRKUJlmGftb2zJ6Wk6tZNQ+KewNmmw0TwhkHiLjwSLoqs20xFFsm6QZjfT9MtpI6R7r+/tvxYzfPb8cf+7rsMu+i5T5lf7Y/CCUBkV6D39qmm79/K5Zl+N/H47qu7yv63k/5EYEg6AjRR3BDOpf5X7697Gep0t3633/joq7vyiRqyj1ayr7TsqXo0zemyfupXIr235l0rA+r8NESuF+B2V8TGOt+/bjysVPtY3fSDwD/E2v/OsBpjn79AjJBv7+04lxE8Icz6+975t5cS/n+DeBzpqibb/3Uzj8d//8NIuseWdMPWfrr/HcsH76OP5vmyzyblxfEP50pAn4nXuP+s3HARwj7GAeA9BeAEcGJD88vZ17U3LPf1R3o/Ep8xCl9U4L8VoxFeTjYhi8WJwaOchG0WUohPXJjQHL9/ORvxx/RAsc/58GPKXvdKNWx0nvabuEpz5ctUt5F6dZgRI75xYFr/HhdvioXOPYOv8QvKZrLZp01tq8s67miMlj8wRnPdu659iRnPHDH5UQIzX/8BUb/DzaSfEBmPn2YXQW56g3FCQYVEuspFOuTW0aYgshtND7UOnQYxwroNMyiacYYmOGeO1hjVWRtrweM3pRPg6KACJd5P9Eo7nRqBQ3R0BaQNN0eA9PwtmhcWM52XfIwDpp5Y9SHHp4396sKjxHvxAvZ0LFCaA2wOKm38cl6eL8hy6dXHO6jswf1yYm8bcvt+pTTFsds+8lDXlrhcJxRfnevFSggU8te04g5l3dBbBsFounpcY18C//4x2m2kdWnwZzM9Y6g5HU4w7cCGTlkka9x3ed4z0UnfCrph35Yv39/TelP0/ibmj1f83vFIfpVXT6O7C8QooBgLw18j6ssWfSozX7n9O+8/ebqiukKbwov6I4iKhzjKIb+xriObFiKE7wZ4pui8wrzBuF/Q97xd+wdh78DAHAM5AwMlg4UBuMIAmEUDoPfCLiWgaV6goEzHAVnFEZj4O84gt0+7v+b7ViC4HxnBRnYfVOZs/KnREMB0V5aV2PAWCxg4zufNUX5x4hg8mNEEIGCYaHQ5zf8N+P7n0P7U88IMP4So59B+Bv3XdF/O36G+6dIfsafy6alvIGyu2S/a4oirxXHseOYM6vCMrkiuHgTaTujs3k9FnUp0SvEMuYsMjzHHnnhrDG1xMCuwBYayF9sMx3myOa695ktLNM7hpDCUSs+g6uZO+A19sU6sFk/8Lc5vNa51XrPVGrm6Do0SffFbk0UBgn/QpUHPl4rgt6HPjwEiDgnT1aLwPGn11Tyas2CVmkNeM80z8Jm8eH1BEV+iEc+3imCCKdS8UjaBsoc4aIx0CcEwdIkbc9XjXchzWJWPg/4T4PAiCKsqZz6Q5G0IqTZwXpiPo2fhA3mYsQC1dFq0nLN3ScrK+LpEfhfIIFAYr9UpzmD0fSx79WBfypCHrR2tpc+vX4MSds0B0R/O3Os7NQhrwjNPWxpKEbTJqmEUuOYz6EzmxaqEjaYCF2HNuvEyAYgNo+403ITEvJPg1r1sYuWycQVemoO89SqAJgHWCsr+rgG/gauJQC/gmqOGGmKnGrmvHLmB9Sv4IBEf2lNUxLW08mphE3jqH/A4Aqt91z85HqeCCAIlou7thueTEgEr7QBYuB5QnFx68b1bfZilezJqa2T+S+z84LhCGCIALGJrfxrFsDseELob33kCLHGvjKSszTbrD3FdnFBERbWEerccUXjvweC0IA3L21pCY0NHl+Vn3JgF7aFNUFrNz0lt0UhB8t8w4I2VhF11hYaDsz7xXTNTd8Z+IMDLKM559oCLPYM2xM9y2ZPluAZL4NCI9muzoLXi1OyrOcBdsOnkyeCYUJB/jFs2xVykI1rnoOpBnHg7FGylRjlPze5ugyDfbGXBaEAX15oWH5l1lf9zgWV6QG1Ta5MytW4PtHm3rEHxKH4eFY36tx49dMwD/N64ajHk1e44sqUZ1uJpAg9T6doPtNe/8Ck5UU2MoaTJ79AG8qlc2FmMXOTSgrF/PQS0ccLRdpmyoKehLKeUsg2dOWewZlo3LFRx/h4eNpsUWwNJyLCUr8aZUDcTLrbr2r0xYYWhAQUeulNWyMcRlQKZnRU7GQcj2565nRtkU1TovsbinsP+zQqmH30VTMxhBVPL7K8WWIgJXWLvvradLvMd7wWNiXe6NQFgckOQ+ULeqcNSyL2E/0ECZps9NHWTYKmqI0e5swgcdxON6LceOaREsR9QifiRbZ0lC+5Hy2UNKpmSt5E/nHMYYRWaZ/kvngLEiHh9z82INlApVR2CwtC/IxdhPOY/GOPrlTloAeDWs0HO2N85JlsUuyLazcKJIbGsTOzqiBzPQtqWE5bFTNQ1DVgQfbKzGpKXDlLjGmyeZWozLr+yKvzKrCsw3GMqfwgb6owNnuoOJbeObbIAylQTnXIKJwmr2uWB19lIIG9Iy+p+cN7rqxxvs0mAtb6qJZrJVv9UZs/Cjn06TW8anlwPTWK7O2hb+ag4j0VKQQFG8oTpOniFlTB5/p5PQYJlF4t0AlwYEQvPqteyRZxa37e+2nw9QD7AFW/SUp2jtEkB9V/j54sBAr6PUHE6o9yedekVWJbjvsCFk68ky9YoWSqjMOWmsRIHPcRVFdkV4V7FSrR1NzG6qMPOMhnl2tfQ3TzRD490rapP6BGUtNFkgcgbk3aerMi0a0iiXuCek/Q6CpQ0NsXDFTJQ4muUh9u4s78KRZsm4IbX9j/qIoW5DCmfGQZZWV4pvrIky8gYfQ78hKTMtA5Ms9EuVU8P70GfgHHHD4Br0VSszDQhEUEFqLh1bxHPgaKk3j/zEKLEsBxAzKTDT6SyCJyUG6iHpyLow3OlR81yPhHX/l7yxBZjaekP7oFZqHeCFKgSDnWAK9LAJwqYljEIEaZzUogZ75CAzj0Eo4gJ7ZXocqAzgAy4TMxTKRoYr+pgAbZFWEbwDEEEm2THSZ+Fe7ZEQUd6BFrCLtmiNskN68eFEn0M7pa+Gt6TWrlXxAsYQ12g2dW3TE3gX+xEsgnh4V+iJ/tVDH163rtyO7pEUriFEoeAnq78x9/+QINClj00pHAqyIkudvSRcituekXSwgCE7QiEDyAx/nnaECf0naNF4C0SA2r1nLbx9sYtR4pSELNVlbl1TVfjU3Y6j4uGx6ImAY0skcsA5w+fQex4k0bKAJe+KGGPh4CQoh36xXWqxrSeCQ3CAYvqrRPZes1vcnefwEGAdx5gXmc0RRNn/g9+BAt158941WMQIDu3hqj+pCCqGc2/boP8EdzzHuAnmbtg3CgQL1gMGatcSrD78qqVUAhVAoClAIM9C/k90BGVMx/FTis9mlAWU1NY0aGEyD58ZCyT4Pd7U5r7Kf2+AIOTP/9s3YpD+YDVM/BxrnbeEP2dB2r+3BmRm2tj/F4pXkm/KGiOwi0J0bgeUaVVss3OGx7FdxV4VX+38htxuA+PkQUOw24d+67Pcawwx0/eCG6SjtqiDl0P0nz/Razdzy7FWT9khkI3wTdRvZ1Ktyip2nOBOPu/GP+ChP898/RyfCTtdlqjsIeva1sbrqKFulqqtqTpUCZ4fBj2ZR7k8pjBcPoDcvc/dOri1RYXye6LZLOZvpata1PjSLM2SQeW6iS0VSwhVetA4ahh2G72UoquncMoVTiKWMnVipCe/fvI09I+qfBwij43T7MNoJq9SqLIyRdsWwqvJt+9MnrObOrXcT2tsoPXwk8CFDp1V1J8uE8bU7PEM8K+Okm2pTAGIkBFv7znpCHT6/EluaU1eR7H8q9JR2l0R3oshtObkcayl7IJZJRWgNWSOly7aEunmAcWrSMCu1HgNy00uEC+HM1/K9LrdeV1zL4+GNp/I9FMzj+N5/K/P2/QoPhD2wwTX/sDgCVgiJ/+sAtShBAmK+//BUImLdz2ZZLlr5x5ZTcm8+32N7+7xtn6OJrqcn8Y+vm/wODST6ICmVuZHN0cmVhbQplbmRvYmoKNyAwIG9iago8PC9Db250ZW50cyA4IDAgUi9NZWRpYUJveFswIDAgNTk1IDg0Ml0vUGFyZW50IDIgMCBSL1Jlc291cmNlczw8L0ZvbnQ8PC9GMSA2IDAgUj4+L1hPYmplY3Q8PC9JbTEgMTEgMCBSPj4+Pi9UcmltQm94WzAgMCA1OTUgODQyXS9UeXBlL1BhZ2U+PgplbmRvYmoKMyAwIG9iago8PC9DcmVhdGlvbkRhdGUoRDoyMDI1MDMxNTIxMzAyOCswNSczMCcpL01vZERhdGUoRDoyMDI1MDMxNTIxMzAyOCswNSczMCcpL1Byb2R1Y2VyKGlUZXh0riBDb3JlIDguMC41IFwoQUdQTCB2ZXJzaW9uXCkgqTIwMDAtMjAyNCBBcHJ5c2UgR3JvdXAgTlYpPj4KZW5kb2JqCjEgMCBvYmoKPDwvUGFnZXMgMiAwIFIvVHlwZS9DYXRhbG9nPj4KZW5kb2JqCjYgMCBvYmoKPDwvQmFzZUZvbnQvSGVsdmV0aWNhL0VuY29kaW5nL1dpbkFuc2lFbmNvZGluZy9TdWJ0eXBlL1R5cGUxL1R5cGUvRm9udD4+CmVuZG9iagoyIDAgb2JqCjw8L0NvdW50IDIvS2lkc1s0IDAgUiA3IDAgUl0vVHlwZS9QYWdlcz4+CmVuZG9iago5IDAgb2JqCjw8L0JpdHNQZXJDb21wb25lbnQgOC9Db2xvclNwYWNlWy9JQ0NCYXNlZCAxMiAwIFJdL0RlY29kZVBhcm1zPDwvQml0c1BlckNvbXBvbmVudCA4L0NvbG9ycyAzL0NvbHVtbnMgMTIwL1ByZWRpY3RvciAxNT4+L0ZpbHRlci9GbGF0ZURlY29kZS9IZWlnaHQgMzcvTGVuZ3RoIDg1MjkvU3VidHlwZS9JbWFnZS9UeXBlL1hPYmplY3QvV2lkdGggMTIwPj5zdHJlYW0KaAW1mgmQXdV5oM/d79t7lVqtRq0NISGEQEICxC4WQwADtuNgD14SD/ZM2Rl7MpUpe4JralY8TlKVuMax4yqPpxhPjAnGhmDACLMbBAIBQgKEBJJodWvp9fXb7n7n+89rYVw1lSpSM7duv77LOf/59+1co5PntlJ2qlSulKUyQ2X6kjtOQz+zujcmr4wkTW3LThPlMDhVqaFiS7UXZqs+RqZxaDPRtAGQJ4Zh5MrIlGkow1TcmIq1OMwUYMpweMscHjAgV1auVwUqp54Iao5GQ5kyLZMVlGkxPs00ziY4y4tTCOt1DXnFoaHpmbFSkSySFvgFZw5H5jACslRmGiDEEhY3SZaaZlNjCu2+BiaLxLlnMzSGDjn1WGB0mQcgoNr841SxMvNMWRAui/J84b9c8747W66YzwFeQp48lpM/y2LpXLDhMFViqvFU7Xrr2KHxqVVLhq7ZMFi2HQ0zDcPQ9zzAMtQURus5sohM1QcDBTy/+pnAlwMGyxU/nN1X+rn+gWpTo7rw/hQ8HmqZnRoJhA+shQhhrHDMRDyazacGduEkaZLkuW+7Ee9tM1Dq3mfeGj85fcbyZeeuPW1JSUGJrQEoo0u9XiA3RIP0UnBMsO4eIrLffZDmwgitx90XIlwZDEIyVHQtUzbCEb1GUkaKvpqZmSdZ5prHlPr39+769b4jdrFodepXnr7065+6dEgpF7GbaKvMluW7zEHGHKaGL9fCyQ9wQ14uHDkKiDaABBotbIc3moyu9nApFsFcYGlwQBNIWkZcM1FmyQheaPL0YPCAh1asXN5CVdc85L8+8jSLLHNGqT/+c/g8ljmlLIyv2XTGnV+6aqmrVJI4IG+aXYNeYG8OSgBAJaDXFCRkXRDhxcItsIVoXvC6i9KpS33HMyCgwAtvZSTm331kOGai1FOvvv343netZWfOVwbV8Mon3x57fO+UCEdzFmayvkxaAAFneRTlBmJgYQMhiJz/L4deSllMgMUytguB0XIBWpn86ZMHCw/zVKjr3nVfCedlBY0EyHDJpGRhTXFpoko8gncqQZtM/Mv9Lx174ciUM7yuU16WLVr7yMsHfvX0HsZYth1nsq6Btz0FQq7AR05Z6H1CQePUojJWXIrGrPtQTxdfzPJQaKK3TLUs0Y6FQ2SFNqkgVomrjs9OO8XSfBRbnh8kHccujc920EY3VRYy0dBlbS0fIdkAYqL1Thw5C3Hg9xZE3x3PYrh2eXNKK7tYypMuICBgd10bEyCCIP+wAy4MT6tzyiR0SggTAZh6dU29wBGOZPJInLSMYT3BRnTjWH2uxXUnN60KfPcLlYNHxmJ1NhBdW5sBcwQ/1uIfs/nl0QI+8karAuaqRSvSFvjdk7fdgxmcpw5LPFoOx08BM0TLAO66/MuWjSz287CCR2nNF5K4mMSLykXEYLriB8VTaVigjcYQOYUWcSY8XdDR366ukeM172AQPEs1F2QGB0+7kwQIJEk87CqWJuwUHaJV8kCPJnLCR6axrF5ZgDhd9eo+5VcsRp7LFW4aPNctH7Ha81UjKyRBIZ7309bo8CBAUQgZmOnoLNjqP1mNP9EAeaTPhf+8FznKa0I0kDXvuJc5PCUmo4LYu0haRkmolzu4nSXKtgQ5uOGq+OLTV24ZOfTS4SOu5fpRcOmygVvO7cebNZPQtz0YRvwQjmrnAR5YiWiyICKmARxuTrF8AUmt35ID6KQmtw0dHgQFACRoXDcPMTHiPLdguEZbYItgOYSOLiyCuX7ygR+wxmQFH+23hCTGGiFzZLZZVOqqVZXPXrzpH55907J8M29eeObSW67Y6kMwyxmGjViEg/ANNUVsHCBGCvXbxU7ZB68Ebw58GjmWFZHS6HvWckTzAENqgg+TgV1CNJsUTMQ3GyxmxjiBhipOK/X4/mB8srGst3rTes/TTkcDE8xdKFkQNQDgMmE00kC9XPwDKMO4hVVY6NRaUA8jOZGFiJXnYMLILkrQV5IrfP2CsLor8ivuQAaT/YkP7o7v/gKE0WDVpZ4LOXPx2aG2uZJ+xSotpR7bk+w98O5pS2of2baY8O6Jupn4LFBBM4SVH4DDFIIsPOwuQYoChguGokfiMnMUGGbhWBnHCPJMTJJbsmPmT7RVKxQtXlpVZaV6ARFnluCboHEt5TeU0VGCKLowqBdoaAy69EAhugBA7FL+pwlLiDabFgpiWhZOsK6XZiTIsbrGMspVhJ+PlN9WBpgcb6p6S2EknquWFGXYAFJMIqFMlBpoItEwzFzPhMfkrUEm2SeIscTRpjoxl7uuMVhWQ0WhgugkRYBemgEwEB2q6eftTIWWmte8gwro6gc3qgZTsEUGsKU7Hrq6MoPLUDE2qWDKkn7V5wiGsAs9106U5XS58T8f2T3WitxSMQ+bo1X3livOm1PquX0zz734Rj1MZsJmlkUDJf+8lafdsGXD6pqJG3ZyN87C1DLu3rHrnSlEUXXjzmq3/blPXPHOial7H96ROr2WU46CcNPaFbdsXYm/acdBxfFF1USPsUTBeDJWf3H3ky3T9z07q08u99QXb70us0zDKMPfN6eiHbte27n3QDPMm4ERpK7vuiODpXNXLL7uvLVnLXaRoigtWiahQ/meGcW56RjtXMXk+JF66Nl3nt79+tHpejtVURTZaXTWspHL1q+58cp1JU/d9+jenfv2uuVqGKleK/3qzVesHCojnu/86OG3ZpLUq+Vpuqxq/dlnL+2xLDTl8V37f7HzQGCWyFayYP5ffv5jy/rVniPJvQ899uqBo8dn6qZpFWxrw6plH7v6su2beqq2GE0W53ZXc18ZP/H2fJo4hSyOVg6Ui7Pqvh27Dh85WXX7W2TOvUPknMdnZg69dujxNw79yac/esmAMluqVPJQ3h1vTe2fV5avjMbkef35jWjlwMAbE8G7cTsiswxnD87ObN+6sp+kyPFE/kQEEmRco2XDyh2vnXhw71hYqPm24cyMf/XKTVhPYtgY2bd/9srjrx0IMsswS/CoWO1JnNJUo3FyvPHqoeP3PP3KRy8570s3rOsxROngeJ4EyMdz3Gaq2pZ6bF/wt/c+9PaJelKs2qUl7bDjVBzX9n49PvPk4V0/fP7g179647MT5i9fniz2poll1tL6Zz9WQGHbhnr6reMvz4aJ3zLDfFUp+1ouS8Cr/cfqD7x4MCwscm0jac9tmlD3PHf4Rz/9hVXqSYyiWe5Ns7yexNMH60/t/uGt12y74wsXQrHnGFJRJsoMbSeDDLOMYhzNwx88uGu62eoZHFbNrOT6M3lMveT2DBI+jjZm7rzr5wOfu2Vj/ylP17M4MjLbLxpGEldTTKFmqW3btu9/8XBYrPpW9eDJd3a+PX3NGoKkhL2ukxMfr9TJVP38mVfiyhKr2tdqTK8YGrn48q3EpfFY/YcfPPb8eMPuGw07UdHzSnmUpkmD3KZaNvJyGvc1lbrryT37Dxz+b1+7bin+IUl8RCRRPk8s45F90bd+dD+GkveO5G6xlcalsttpN8M49HoG8P7vNpv/5tsP91Z7SyMbUtOI8zim5vctnACn0ztoZmFolBzbNCtEFSEWyzGLtaTQF5cGW2FQ6av91V33z9dn7b5lcQ7xkWPaqWFnZpHsBQv/yaPPFzz7G7dtYa7piDsSL4coDMOJUqth2Cc7nbLvZnMnquF0rXOi0jxWDufSsBVmqdvTM5tmv3hqJ74PZ68demLkQZa1DCskt8ZScLLbzx2tWFzHkXJSv2/H83tRXjIGKRY5cc9gptTO/eGByY7hVUmK7Sg4/5wNtZIEjH/9vSefHO+4AyPNZlAtVhqT0+HsXDA53hfNqpn3ZuvTbcNKnEpWHn7pePTlO+/DPxqS4VJQoHfmWyfiO3/8D8fsvjotGd/rdFDMljF9tNY+2RtOWnPvJbNHSy6NmPTE3GwnzTthmsWpEcdmlhIn0AAiRBJ0HKJtFEgdDLFd15xneU6Ism23YLqlk/WO5ZaSoO2E871Zw20etzqzvmUEACz2OYPL7vv1c3veS/GQtmgApux6aQe3IxVxqrKyZ9ba8zddtuWSM/txp68cmX7guZfeC/PYcOaazb5qz8HpqYlYlQwSeJVGYU4TRtlJEtmWB+s5V9bU5tOHH3z9oFkdcAs9r7137PVj6sIl0oeikCF+I1Xczv2/2RWVe+C41a4POPE1F48iv+/97OU3ZzvO0Giz1SzaeTJ5+KLVI+dvPHPF0iIh7sDYxKOvvf3aoQmjsjSz3bg8+M78+N/89Kk//YPL7CR1bRfb//59O07ioXtrbh6mUauaNobLznXbLzpz5Uil5swHau87R+575MmpyDX9/jjTPg1vZTk6nRJfH+OFMlWw/dzOw7hD8IdPHKT2URTi/LDI6amZ3mLBjOa3nr70tlu2r1yipmfVXb94fseuNyt9yxrNNslgFOWvHzy0ftlqktoCAR5HjPL7mfJda649WzXbd3z8hq2LBDT6vmJt/6rhj/zJ3z6irB7fq+SqfWDy6ESgVldUo618x3dNZjsZGKdSMBBtieDXbV37m317AhGfN2k4D+3ed871661UFdENS/zGy+/O7h4/1qkMeypxWtOXnL1kRVHtnsx/vW+fXR6d7zS8PPajmdt/b/OnLh1FeMwD+GVLh2+9YPgnT7371z9/1upbHhiOU+x/cOe+Ky7cvG2ZxM9HD6sn3627lf5GMGNaRlqf+PRFZ/7bT14gThyT0jX3NctGb9j8uX/xrbsn4iAxwd4i+wJPmgN4CUFQkncz474bZHVCLkHX8cjscGJYZ61WtTtTV29ee+ftWyBZUrWSOucrF37tL1uP7Bkr9Q5RiwQN692jx0O1WjIhKVcs3LWdZEkadip5cv3WTZsWSQ5UU0FZReVMnVVV55y+Oup08swMwMsvB6lOB4t4h4gGEyxwHIemjOSPOn3eNGRsGOqNGvOp6UZuedfbh4/FKndxIEjEwNh/+dzuDN9LnDayohXfeOlm5j6z+43J2I5UZqnASerXXngWXCZr7FGqmuZlnFWSDSn1+ctW3nzpZhXWkVnkFmeM0hO79+NbYdNv9k9Mph792aJDHGicv24ZXCZvKwSK8o6LPiJnOz2zqu744q1Wa8pDTbIUAizHwchBXrs3K6NqN216kAW/gAlCIB4gzTLbcUlLeYXHWORn37x9i8ZNFeOkqvG88ZKNNnmGMhud1PTKU3MkijhnYTUhJAYERViWxoOmdfn6YVQS0GZm28quGOJ2B8qekYXI0zQ9K7JpDTEfxaSMN3BjibSe40xyrRaLGJJTX3v2WTaASSGd8lQzfWr3BBEM1pB3vzKldh2espRXMezW3OyGdWesHaBBol5587gqjURZ6lmdAa/96WvXFLAz+i1pLhVpnuI+MDLO225c30OlZcS01LPa4l1vv6cZpN46dMgoEI7oyMSFYOYPb7pKAkmcl5xcHGOAoqqKb3mJumK5unzNcNKcs8khHNxF28UD6qCX5E5qm5GROo4Xh4mEMW2mUt1kVGyO6fpBc+6WSzeSzvtUy/hxi8xCkp/TTxtw3UKbrrzbEwnnMAqZLq0s/Kb0gCzy17jq5L22UCIHfSpKbywOEA5Jc0SDhsVMaelKRSdCAlBO+iLVIkLjIe4DdScfumDN8PKBatZp2KYdW/6O3W+Qk8xnonf3PPHCTF5wC2UriXqt/KbLN4LK7ExSb8WJ4TqeH7Ua60eHlxiqzAvWMI0kwcrzLOqgBJRwQ45av3xxUJ+2bZsU8GQ9mKZ2An6jSaJumU4WRssHetYuESILjvgAlaYO2kKmlUodAVM2rhk10yhN2GeQx1ae6dqKKeQGcgoTREByAIBTfrjPMs/Kq26OFNkDkUE6kYdfRTvzbFQehuo/rRbS6hQoYhrkJB1DtVwnQgocLMLiyCFhXwVGF9H4wMlD4pM8p+uvrQnVYW2pdqXSW+C+2F2uhirqnOX9hXAK/bfL1ddPNp4Zkzpi37Hg5XcmsurAfBJ35qe3jPRtGRDeJWknjucdV0VhYht+b6EHAWv+aDSkE5fLvkIasdnB+F43L+VxUW9EkPE0O5oDUewQ4qUAN6quj10jmBSfCtK21VZpSLfYydu0nnFH/b1xEBQdF2xRFzOX9gvj3axjyS6P1iUkoCnVXDdw53Ye2VloG3mhVMGmpYGB5gmjpSHk22bBSoHgpm2isZPHCA8tFEqky4JXpG+IFAUj0WgtPUE90c1fF2wyZA6jdP4jspFDenKsQKDJMke3AOCHg+HSLsF7bF03aHfyuNPJVODV7v/NPtrqv9q9fy7DNl3cddFMP3H5Frwb0sUsaNlkVA+WlyWmqzBl6dQR9CHSEJ9hEPW5ogRAzC5dH2ww6FBIsvXDILD1HA/3ZhhWnORhlBMewdPGrMkcYLVomXRRbNvkVb0TOY6bAVMrXJcmFhUrllYJDR/p+QBBP4RfQq68BT+Vue5Cvio5ABAEAdMUZLByst4YE+ERWNHlEa9kpq6Vlcy8YqRFK/OFPB7SrNILdH9so6SoBHSHgK09stZu3COzAx59URhEQwB1oI2AAG1HIJ/Tr9YtRu1C0qfcK+0/MXffW+qZQ1OJW4zDyM+ydSOLz1/lwWhXZX2lcsHx6R2LyhnexMRxIETkaySFejMK2Kny0szGy4P9san5TLIdobHsO/1lGTYwMEioYLhX7DlyojExLYwOw6Z0NmSvKPVgeCotdUT18hvvuA4qCMU5IZoxWochkoLbT4xCbLgZEqYTLe13SEN9pVODSDAM10hhkTAQbMQB6B6eJFoW/oEQShZGt4KFRAM5U3G8DtzKTZvGY1d6kKINCpBdX8Vy2JZQJVD1RJkrvMdMTdIJxoti8l6IJwPJMPCrtmyw4qBU8NM0jUz3p0+8OIaNk/EbqRvUr96yAW/uYH9JOlBQI339ZtDJ4phSc9/YyVfGFeUqB4jKWlx5LpqITe0eV68fPm56Rde1405jUX+1p6w8Q50+Mpi1ZvI0IqefTewHn93P+Mwro7Q4OZSdfVA4QsK+f069PT5jOIUwJpnWdilLdcmDj7gBCVw6xUOjIRQc4LJwRXIlrEZ0XcZLhOvqo16FKdLNEcMyxUeIJMTm8YBIKkssUoeYRhiMFkYBULMMP8BdxrYzw8lEDDuBraysh+knJoWVaSEnyTpAT8KN7GtEKMK2dctWLO5LG7N2GsZJMlYPQr+Kg/CS5oah8tUbK2gEm+sIiIvLNp7ltuslJ6NtMV1Z/P3HXh2nX4LtADZLwjxvgpSt8D/fu/dXHb8vNtHR0Epa5529VnAmAp8xOOI1zajRpIU0sOSnT+z62e5j83RiukRBv2mS3Y+F6i9/9MSh2SDGo7pFqdUkTAq/hGV55mRioKwKD+AxjhDFxC4zcgYGgw+/pMULTBB+Y+/aEwBBhwgRAyzHKQvXhInCGmCz4Yan135DM1rLVquSrC0uDkFJpStrCGQ9YOGH6rJIaY2uyUENJw6RrCXDLVyy/vS8fmKgin4rr1TFe2KueXP68o0ryWoBblt+Vz2u3NwzwqjOrO0a5J87Dx/9rz9+/s2OmlJqzrTnDWPeULvn1Ne/+8s9R2dUEYHFTtwcrZjXblsKPoC6YNTdvHLAihqea9fpgNQW/5f/8cB/vmfnnin1Xq4mDeNAoB7YE/3xnQ/sPnKsMLAYzUL+aJUOZeKLgbPAciFZNId/eC9RLBygdtdoXFdhZbCmOE8pEzQjdcSSJgPBFbVgBATSUWJ+mouCejhaes20GbWRBpIkCdQ0SR1iR5S5yg5Sw7XYC8ZyhCrWSJPQtQo8SUiZE5EeB7ZvykYz+ZiNOV+7eemjTyVTQTPPC1aUeAgtaI0MVq66gGJQ6Z6eEMpckrbbrr/oP93zsF8pJuyUlrxHDhzb+ec/P/v00eFFfa5vHxw79so7J2Y7uVUbIu6XrTSbmfijW69dZUvpz8Hv7X9w88vf+l8zQdPxy5HthOWVP35+4p4X/m7JQKWE/Jrh2HRIq9LpG+jEfMHBupKbUUQQfBeIcrx2lkEUZuRAqhzdhEq8M/0OBlKgdZ2qTo1En2UXhdAkkhEPTWmDOQR0YGF0QJ7OSzLoJKFPVrNtz3N4Iz0j8WmyMCKW5eXI6abgE+J2hxSLA6o8Urqw3d2honLlIY1mepXkKnyIQgbAo1FfbTtr1d/vmbAqFYf2QdDI8M7bL6RUw48TSpklm1Q6t73x3MV7xs568KU3in4lNUpmz+KTnejRNyeMvYex4NRwYrfXrZZt7K85pVoTH9t29u9fsByBIXY0A5TO6lN3fOH3v/ndv5tPeo3yYGIW7UotdeL99dk07hQKRdXXC/vmZo5WyjWCk3TTooivUNDfJDfFUeR5sUD9GHlkecQMmkya20I+nEEuWdrpdBwUkGVFu2ESRYt4Trwg2VfJd9qNuapt9vb2oMpmQXnk7ZIYGqFPqm1mjSASuuWQYMxUoDHf9D06w/DbM8yq55copXRH0c6zkp2XC7SXYgIIU9BNvTmEH3fE9ep6advGM6UcYEslCh0jHak42zctI3KasjUiiKIQMJ20Ds/x7z563hcu21JutVUzTALywKJX7vFqg05tuFhbUvOKdrsdz84Ww+Znrtj8jU9uq2iRk2GzFglsn8puOcP/m3/1iTWFljl9pAp1UZh2Agqk3p7FlrKjuel4auzzN1y+dfVQ2pxxqIAt6CAK8cWSGFbUbllse+ZJwchd05CdT1SBIBwn7FV6lknnlmGuI/pLf5X9u4CCX9cWwvuoXTQSdMpM2q3mHHMpa+kwKbcxZTdTp1C2282Sy86DYAwgyVrEAyEtQ9UnvcZJBJwHgRM0zHbkK5eSvhbVrRNTdrnXaswVSj0kWxCMC+/mCawhrgmvyycJFt4wxgnlzebVF6wfZStd4rXkmtgO6ScLiVNiwUz90ZXrVo2e8fePv7Dn0Dh7SxaccN12J6KdUraNQtBev3rlrddde/lKBZcNCmubbo30IvBrYafuOaVLV1e/983b7n7kzRdfPnxitjUXNWzfYzdiUbU8PNp/80e3n79K/ccfvF0ruPNBQBWOweOaQAJdqeXtatCKo1azMVcZqWC+luz6k6m1qvF0Z0q0oxTNZI1pW0m5wxSJWgRaaAiV25lJZuo+ChE1jBDQEuiNAVd9+dpL5zB1kt8oXFbwqjDGklqHaQI+z/oM64b1o6NV9uy8nA92os7aQT44yGsq/8JlGz9tF9E84t6Ao3qFfRKfC/RbqQ8tl1KlaalHX9hD/wGv43q+b6XXbT2D/o4rUsQCJBcSB2WQvUh5UtWbJtevNrevvvCFA+Grbx0YO3ZirtEsLqr0VQpDFe/Cc87cMFpEkRAVSoW3BI6oBVymK1KoEWgQ2ApL/en165pXrxs7ls4n7enpmdP6lwz2u5UeVlPkIc3JyYAGZLXW6rR7+iu9RTQs71XGV265vBkVcstNs7DqpIuonTQnrjl3Vb9vWcUaqXDWmTt/9SIPdxwHtCB8tIMuoOEtqalvfvGTQGUnlwJyuCy1vpFEOD35PAenDLKcpK0QjtsUtGGEMK1F9hpaDmM4GAMNnPTF0T3CI0GTURzQbLLTQSJEYkSfhiRUmXXDeHpSfeO7P+mUBg2vFM3O3Lz1jDuuW92vUlvKUREq+hAlqc1GD8qr7RT9YlsHZ4UX6ogMxFMxFmvjhOwu5agEBoHKYMA0HWLTfHe21aRrVijQN2h1OkMDhT4+cujum+i5yJIu0Sz73K9Of/uH93SKo4Hyotb8Teev+uvPnF1OOw4dJ1RE3K4czMWnEdzoG3ELWP6DDHwgHlArCl7dX8ma7dSk+7hgx8zlZBoKLR/H2MRRSWDwxVmYGXglSGKEAIMIug8U5/qONp2tqxpcPlzAoRXY4su4I5EmpzMdiwn8ByDiXVCcnz31Wt3tM3BNadxvZzdevBqR2IKtNCWkdcWKuk+iVRMPQNJFOZ7FWV4w2PiWCKPJFAJAlcWpxGXnE79vSoXEXmFGrWl637n/2cf2HHK8WoAFOc5Qxf/Kx6+9aI3UyiyFQiBcdPnhvY3/fs+j7eJwbPrMt+LOljUrINm1CInyaR7BWbAjC8aFg59OSBjA5xgxG/RYES0JcSH4C1RKnLUsobWEPqT4Q/19DNB4TnCS7A2/Sc4bSGWAizvFZaZpVwssJjIBYGQRkEnQAz6YMEBUW+5F+8GDU4pZ2q90FLVgD55Mnn/zXbP3tASnMzd17Vkrz6iIVjJb0AFLEIGPbHfKd0SA0d1b3VJA5JDFvolgwjBZVHbRxQS04SFrnoAFGRE5ACtu/8hHHn7jf3fMSugX+FJtcmbuz75/99nLB04b6l08UGNv6vjM/N6jk29N1DtOX2aV8zgpZsHKxaUrNlXACtFxgAN1Of90mbxAqZCcEkVyeAS7BB3J/IRdXAvemiHoCv5H+CJsgxn0aGkKopO6zQdM7YhEid8/tJPmTvJpuCxQwYQ7RncNfGG0PNIiFwFLAqEzTdaW/apnX2tiFLCh2S5m0ccv2ciWAl8d6BkaqhAkwGVvlbJVL6TNXRbRnwFrddZrgQn/mcEBryNFtwEzCz0SWP0t86Yl6p//3hXfufshb2hlhNMv9M6p0pNjc9ahgyoJ6GZHmRnZJbe6gl0K+F7mY436sS/f/oeDjohfGkbSWJciRePVRUzjxI9wVhyIxmXhV9ghE/XRZQvDmCyZLWMM1xAzf/84xdX3H/z2Au7pSfKku8TvXmn2/na4vmIpGHFgKt/1+r6+/tFWMF/Lw/PWLF+3SL4At7oGIGLRbBMNEO+kD3moXwiiC8cHluWye8d4qTbklwpMnAq70IOW+c8uH46iq+566Gm+Eij3LurEuVPpT+Mi5FMJs2vl2F4Uxi6t6Prxipd86TM3XLzW7UeLpTqghnPo6Wi/Jov/duXfReX9592L928/MEqedZ9/kNELA/6f/KNk6hrgjsceCttTpk2XOzPazRtu/izBlgIMlyHWJp0brQN4BnggyvohDkZjt1Ltk3xJ8c9HVxH+Ysgp3H718k2rhr5/z0NvThzwSj3T86FVKKYWhUlCfYIH68F+w/p5a5Z++VM3bhgypH0IhLgtAUnaloKJKOWHQOcfG7rAjn9syD/1HYzuGMYz74zP5F5kV0gXq1ly4Sq/lCrip+R+p6xLdwSgSLuPD0mZxBzNkyxq8YGSMEY8thcZDu1V0qSX31M73zg4Nts4cnK6Q//UcPiSYnSwtqTiXrRh1TkjiEj5aeZTY4nX7fKWyttkV1w2VBc8wj+VC6fm/f9ldGzIZ3PdpJAVqSyIVtLMl9KR7yjxLZJG4lzhELkPY2DUh2O1MIeAwzQgCEBAcSbw1DKBTnjEHWiPIF/G4F8o1nE35LaSIMqXqWSnCzzucjpnB1aMiwZ7Yknv4sNhdIq3v/P//wBkfQfkCmVuZHN0cmVhbQplbmRvYmoKMTAgMCBvYmoKPDwvQml0c1BlckNvbXBvbmVudCA4L0NvbG9yU3BhY2UvRGV2aWNlUkdCL0ZpbHRlci9EQ1REZWNvZGUvSGVpZ2h0IDIwMC9MZW5ndGggNTcwOC9TdWJ0eXBlL0ltYWdlL1R5cGUvWE9iamVjdC9XaWR0aCAxNjA+PnN0cmVhbQr/2P/gABBKRklGAAECAAABAAEAAP/bAEMACAYGBwYFCAcHBwkJCAoMFA0MCwsMGRITDxQdGh8eHRocHCAkLicgIiwjHBwoNyksMDE0NDQfJzk9ODI8LjM0Mv/bAEMBCQkJDAsMGA0NGDIhHCEyMjIyMjIyMjIyMjIyMjIyMjIyMjIyMjIyMjIyMjIyMjIyMjIyMjIyMjIyMjIyMjIyMv/AABEIAMgAoAMBIgACEQEDEQH/xAAfAAABBQEBAQEBAQAAAAAAAAAAAQIDBAUGBwgJCgv/xAC1EAACAQMDAgQDBQUEBAAAAX0BAgMABBEFEiExQQYTUWEHInEUMoGRoQgjQrHBFVLR8CQzYnKCCQoWFxgZGiUmJygpKjQ1Njc4OTpDREVGR0hJSlNUVVZXWFlaY2RlZmdoaWpzdHV2d3h5eoOEhYaHiImKkpOUlZaXmJmaoqOkpaanqKmqsrO0tba3uLm6wsPExcbHyMnK0tPU1dbX2Nna4eLj5OXm5+jp6vHy8/T19vf4+fr/xAAfAQADAQEBAQEBAQEBAAAAAAAAAQIDBAUGBwgJCgv/xAC1EQACAQIEBAMEBwUEBAABAncAAQIDEQQFITEGEkFRB2FxEyIygQgUQpGhscEJIzNS8BVictEKFiQ04SXxFxgZGiYnKCkqNTY3ODk6Q0RFRkdISUpTVFVWV1hZWmNkZWZnaGlqc3R1dnd4eXqCg4SFhoeIiYqSk5SVlpeYmZqio6Slpqeoqaqys7S1tre4ubrCw8TFxsfIycrS09TV1tfY2dri4+Tl5ufo6ery8/T19vf4+fr/2gAMAwEAAhEDEQA/AObApQKXFOrIkMUYpQOaXvikMTHpTgp704D8KcBQA0D0p+2nKuPrUgTgUARhKcE5qULzTlTJosBEE9akWPFSbCPen7e1FhkYTNKE5xUgGTTxHzmnYRCEFPCc9Kk2c08J7UWAhEdNUOYwR171bEXeiKLCD2yKpICJACoIoZc8d6srDgkj8RSmPn8KLCOXwaeopcZNSKvNADAlKE9qnC4GcUFCaVhkaoCaeEqRU9KlEfFFgIlQU8LUioPzp4SiwDFWpBH+VPCDFOC47/hTsAzZTjHx0qVU3deKlEfpQgIEi4qTy8kVMseDmpBFzkCqsBXEODUgjwRVgRZ5p/2ck9KLCIBFz0pywELirMcR6HqKnEGO1FgKAtycfORjrS+RnPBDds1oLBuyGHHalMI3nHXvTsI4VUBNSKlOEe3p0p6qSelSMRUyKds7VLtwKApzQA1Y+1ShBinqvFSKtAEYj9KcI+KpvqBeeRYJIhBA4jmmbkbuPkUZ+8M8k8Dpg844vxB49kjla00qXzIwu1rhhg7uc7cY6cAH2PXg0WGdhqWvaXpMbNd3G1hkKgUkuR1C9jzwecA8EiuWm+JsCTMINKeSMH5WecKSPcbTj864C9vp7+4Nxcyb5CAM4AAAGAABwBgDgVXB59KdgPTbT4mQyTASaVMI+rFJgxUfQgD9RXTaT4s0fVdqxyvDKTjyp02t7c9OfrXh5YEADrnt3qVSV27JCJQ2MelOyCx9GogIBA61MI/avHPDnjm60F1iuppb21ZeUJz5R/2Sfp0zjn8vWtC1/T9et/Ns5VYZwQDyOvUdQeCeRyBxmiwi9HDmpliHerCxbTmpBH3PFAFYQjcDjmpvJyelTbBkU8DFAiERjpjim7cZ/rVgioiuCaoRwYX2pQmDU6KOlSLGByaixREqgjpT1iHNSbMDipUQnrQBEqYokZUtnlMiRgLkPIQFHoSTVgRgHrxXnHjzxDcWl8llblVHlZO4BiM5BypyBkfjg9skEA5LWNdk1CCG1iQQwRgF1XrJJtAZ2PcnH+cmsWlJLEk8k9acqE0XKSGgetFSCImnC3Y9qXMiuVkSjJpTyemPYVZSzY+1Trpztjac5o50PkkZ49CSKvWU8tsRcWszw3MTBkdCVP5jv/8AXqK7sprZwWXAPektNq3C71LK3BGcVSZLVtz37wB4q/4SnTHW4Y/brcjzhtABBJwRjr054GK7DbjivCPA+q22geKILgPsSbMF0rYOxCR827GODgnHUCvfcAD1ptEMi9KDnNScYpRgCgBgHFMI5NTEcYA5qPBB5oEcSi+wqVVpwTipVAIqRjQg4qVARxilA9KeF54pgUtWuBp+kXd4VDCCJn2k43YGcfjXz3eXc1/dy3Vw5eWVizEnPNe++KLGTUPDOo20W7zGhYoF6sV5A/HGPxr59IAOKBokjTcKspHk4AqOFTsz2qdWAXFYSep000rEiQgdQCamSLoagDSE9sVdhHAJ6nmoZvFJhFBuODnitnTrAvKoAyCwHXpWeX/u+tb+kTbAOAWJFC31LSOwHgCPVLIxLiRiM8dvpXnXiXwsNCdo2Rg2cYY8euf0r1fQNcEcscbZVDwSOcVV+KFhBfWFpdfKXBO1gfpwfzrpVrXRjUg2eNWtr5reZvCPGV4PBYEkE59jivpHQL86roFlekbWliBcDPyt0Yc+hBr5slZothizt5JOehPavcfhdqX27woLZh89pK0eSeWU/Nn82YfhVHGzsiCAMUoGTUhptBIvHpUTAhuKeaY5piOTCGpVTvQvWpVGakYzZjmpFHNPxkYNAGO1ACSFUheRsjaCcjrXzVfQJbahPDE4kjjkZUcHO5c8H8q+kb+1e80+e3SRo2kQgMpwQfr2r561jSZtF1hrOYqXRh09+eR+NA0Q4KAL6CnooIyxAA9TUU3UsT1Oark5GSSKy5bm/NY2oEifpKmfc1bEPvx7Vz0LkEdcetbVrOWjC9aiSsbQlzFoIq5LNgfWtOwvrVBsMoBXnnvVb+zHktfOY7UI71zt00e5ljLFR1bNKNmXNygek2Wp2ogUfa1EpJGD684wR7Y/Wuh1KY3/AIbjhnRl2rjnoe2Qf89q8ZsI5ZTuSZUUHG+QlVB9Nx4H412uiaje+U9lKXyOCvr/AIitG0lYUJuTOYnjazvnjdQQrcg9CP8ACvUvhu+qFTEtrZwWKqGkkTl5Tzjv/Mdj17ef+JYgdSRUQl2QbgByeSBXsfgbQ4tL0KGRWYyToGkDY4Pp+HStIO8Vc5KqtJpHSgU9F+XnmjoT9KRSQeasxYjDHSonIweDmpetMYDnjNAHMgc5qVRTACcCpgtIY7HGcUBeRTkxginBc0gAV89eJlLeL9VBySt7N19AxxX0Njb1FeJ+P7VrfxzcOfu3ESyAD02bf5rSlsXDc5JwJRgjpTypmiSNgF8sEKy9cH1qQRjPA4p+zjiseax08l0VNjKgiAGAc5HXNWbXKuozzSshWPOMCnWiE3CYGRnmk3cuELSPSrbRJtS8KQeVzjduA69ua4G80y505prSSIlJD94r+WK9c8NTHT9GiluUZLdz+7codp7HB71leJ7iB58wojJ1K9etCSSujoqU+Y4jwu39nSzrJGhSddsjspLBf9nsD7kH6V1WmwWKXyGxtWhiBUKgYt0GO/c+3rWTDBG77oxgZ4HpXY+E5YrK+3vAruBhdw4BpppvUhQcdjJ8RaTE17LcvKbd1t5GXAzuZRkL7Z559q7r4dyNJ4C0tmznY459BIwH6YrjfGuZrkx7tgYPIxxnYirzwPY16HoEUdpoFhbxDCpboMe+BmtIas58TZK3U1QM0jdaA1NZsDpWpxB0780h6ZpjSAUgb3p6CMNVzQOmDmlQ0c4qRksY+Tnr7VIowKYnTnipOKBiHBHSvMfiVoN7NqlnqdtDLLCE2TMi7ggBJycdBgnnp+leoY45qvfWn23T7m0LbRPE8WfTcCP60NDTsfOpwrbT2NPVhj2psrfv2yD16EVHI2BxXM1qdsZaEsrIcA5O3nA7mrFnLtYEYXPHB/nWaC57YzVuzXJIJ5x370rFxlrodpa+KNSsk+y2du0tsRiVd2VbPX5cfrVvU5hqPlPFbLbsqcqucdenJNc5oM7iR43cRoem84Ga6OUSWyq0gGCM5B4NEY6HRz3WoyztOOB79P0rYtRJbTBQxwOR6fj+VTaV5Utv5qAAhhkVLcIzy7UPBP6VEr3saRta5EdKu9c1mGdFcxwH95hhtZWBBBBOegz+FehRxLDEsaDCoAoFZHhxfLspTswDLhT6gAf1zWtu7ZrqpxtE8rEz5qjRMDnikkbCHBqEPg5z0ps8w29a0OYryy4PWpYpCUyax7q7CSdaqvriwxldwFIZfGQacTg1EWxS7jjrQBKJMDgVKDk5qAHAzmnrJkUgJw3FL/D0qNW4pwYEdaAPEfHOkHSfFFzhT5NyTPEfZjyOOmDkY9Metc1KDgEele2+OdHg1bw1cSyttnso3uInABPC5K/QgfmAecYrxFn4HNZyVnc6KcrqxATLnAP/ANap4YJHwS2BmkGM5qZV44qGzeKNTTLQ3EqLJPtTPzfSugvdGAs/JtNUmcE5I2DH09q5jT4pTOu0Mea7e1hkWJSynkdaV/I6YpSQ3wsbiGNrediTnFdDNOBKFTk5AAHUmsu0X7M5diAe9aWkMtxqBuHAKouUHvnrUpXY5yVOB1dkv2Syihz8yj5ucjJ5P65qYzjHWs17onvVKW7I/irrWh47d3c2Jr1UHBrLvNVCofmxWXd3+1TzXN6jqTsCFPNJyCxe1TXcZCHLVzcuozNJvdyfaoJHLEljk1WlY4NZttjsezh8tjp9adjcDUDbto4JqZTkYGK1JDOFxSqSetG3tQE4wKQD1bHSnhuuTwKq3N1b2Vu89zMkUKDLO7YA/wA9K868WeOFvLGey06cwo5wsgyGlH9FP5kY7EggGZ8QPGr6rO2lWRkis4ZAZD0MxHTP+znkD2BPYDiVcg5FQzmQzt5rZkzljnOTT1qZGsC2jBhwc+1WYnGMEVl8hvSpkeTs3NZuJsps6PS7gJdJ0AUgnNdi+sRJD8zKOODXm9qlxJIAr4J9q63SbGFGWSYmWRecscgVJtGbtoi/9pluGBwyxnoT1b/61aK6oukQpdPC00SuBIiHazKeu09M/Wqk8geTgdOwqp4hkVPDVxu4GUz/AN9rVQ3Cfwu52CXsdzY297bs7WtypeF3TYWAOCCM8EHgjJ9iRgmjc3gGRnmoPBmqLdWwsJLkReH/ACt0/mqpEcnAWRGP3W5weefTJJqHXrNtNvPLiuYru2lBe3uoWykyeo9x0I7e4IJ2mrK6OApXd2zcA81lSZY5NWWBP1qJl4rG4ynIBVOZsA1emXAzis6fvTQHtn8NKuAetV7q/tbCNXurmKENkL5jAbiBkgep9hXJ6r8QrKzl8m0hd5D0llUqnsdv3j6YO361sZq52xPPSsjV/FGnaQBE86SXLbgIUcZGP7x/hGcdefQHBrzDUfEuuau8tu0xmSQELEg2IAexA4IH+1k1R8qRUMJtYQkYHnSuQc9go/lSKsa+oaxfeJLje7+YkYPlpEm1FHdiW/8A1n6DjCLRaheH7dCYBF3Axx2znn+dbEun3NzBHFp9+HvXALxoMYHZAB0+mPT1qfUYbi0ig0G/tlSa5A3ygZ+fOB0/zgZ6GrUdAucHKCLh1PODinqKj6ytgEDPGakFZSNIj8ZpygikHSnD1FZ3NS7ZO6yAgc11lnIyQhnPbNcjaldwzmthbsiPYOKg0i7G/BMXcms/xXdBdEeLIzIygD6HP9KbbXJjG5iMAdK5zXr1r24SMHIB4HvVw3FOfunQQ315ZyfYbSPbp0ybWYjG9D1Bx9eR3H1r0DQtS082reFZ9HF7YOFkgvY+sTno24DI67SScZ4Pyk586t7+bxFax6dDiBYAAZBx+P8A9auj8L6mLMSeFLafZfTSYtpZMFQxyME9AOfQ8Z6nFdcHfRnGzp9S8ATabBaia7jjmnyF3uNrtzjBHTgZI5xyOcZPJalZy6ZeG1uCm/8AhKtkMPUV3XhHU1QXPh/xlepPfIzLDHc/vUcDnaR14IyGGOnX1sr4a1S013/hINIntbaJYS01tPM0yRFvvEjGTH9MdOi0pUk9hcx5VcfcrKl616I2jaa1vLdaoHlluM7U0qdJFDnn5ODk8gkZbAPGTWLN4C1KbSH1ezmtp7HBaNvM2s68Y4I+U4P8RH45FQ6MkPmOOnmluJljvVubi6k/jVtzNjucf409wbF2glSSTcvyxBAcH1J78U99cmfTh58zSqo+XaMMOf73WoINTCRM9hJKkjfea4G8j8f/AK1GgDE+y2xCQXM4vH++3938q0NOGnWrC9ninubO3P8ArG6SyH09fT8z2rMl1UwKY43jlkc/vJQrAn2GQK29N8TPIILJ7U/Zxw6BRjHds5547EfjTja+oM6bwz4bsNTjuPE9vePA1uyhUIPLk4yB14yMYyO3GKiure6XQNWl1/P29w0lnIWJ4yckE9sA4OegI4xXZPonhzxSunaV4aka3KRi7ZAduVVipBxypyCCRjllPPfJ8W6kviGxnhaIK+hMLS5KcYMhCk7enARk9ju7GulJWIZ4pMkRfzIA3lNgfMOjdx/WhRXW3GhDVZJYdG2tb20RkZEG4uygnC9yeDx9faufFljoa4qiszop6oq4pQCOoq59jOOKtw2iuuGHNZGqRQiYCrML+ZKBnpUVzD5LEUtoduWzyaQyzdTlAVBrMgDCc3LRl44+oAzyf8Ov4VZuDhGY1r6Pol3a6d/bL7XtyNwjPP4kf4VrBXZlUdiC6Dpcp/Za7bcnEj/3j3z9a3NTax0+1h1LT2Ml9Eo+YHnjHJx0Ix/nFUba9l123lgjgWFXcqcEA/gfUdaTTFg8P3b217LukPMfHf1A961WhkdLpFvY6ppf9u37v/atuwdYSTucA545ySO3/wBfNdZp/j3SfE1pbx3em20Nxp4JieW5+zNj1RxgDI/h5BxgjBBrysnURdzGFzDbSKxjAbaAw52598f5xVPwxbzS65JDJN5I2tuPXof/AK9aqWxLR7Pd+ILG3hkvdMvNMs4HI8yfTXjadj38yHBVsknPB+vpmQXCeICuowSS3tlZuv2zUriMI+emVi3EZ9M4x0AxXlRia1vLyF74mBCfujBYA4rslK2HwvtP7CvXs7q5uCblC5DOuMZ4PTII9Oe3NNTbYrHMWd7C2iSQWlorSBWC/Lye446nrUWkjULi3lUQKp3d1x1+poorIo5y4SUSlZgFcener+lW105aSOZVUDHJ9f8A9VFFSxnovg3U7zTPC1zqOmxtNrVvOkSnbkeTIzY79mLg/wC+nYVf8aT6ZawW2j2Tq+oajEJrryxjY3RQD2bAx24XP8VFFdCb5EzN/EcdZW9x4c1CztoGEgnnDSsOm0ev9PXFQ6vYJpmtXljG26GKU+Sc5JjPKE+5UqfaiisKq902pP3iGNR04qZlEa5FFFcp0mZdrvbNQouKKKBEUwaeVIUI3OwUZOOtdHdDUbZ7XS7BvOtgcuO34jsBz0oorekYVTQ8WGzNjajSWaK6VcOoOGHI5OO5PORWC0cE8YOpMf7QjXfsYcuB1+p9v8gorSe5mti/ZXE+s24Rx5cURHlvn75AypB9Rjn/ACKxre1S31mVLm5CsQRww+veiiqtaNxJ3ZqaPp621zf3sED3KRKwEm0lQxGQOB16Vf8AFlzpOqnTo8PZ3AixJEDwGJx3HXiiimtIh1P/2QplbmRzdHJlYW0KZW5kb2JqCjExIDAgb2JqCjw8L0JpdHNQZXJDb21wb25lbnQgOC9Db2xvclNwYWNlWy9JQ0NCYXNlZCAxMyAwIFJdL0RlY29kZVBhcm1zPDwvQml0c1BlckNvbXBvbmVudCA4L0NvbG9ycyAzL0NvbHVtbnMgMTIwL1ByZWRpY3RvciAxNT4+L0ZpbHRlci9GbGF0ZURlY29kZS9IZWlnaHQgMzcvTGVuZ3RoIDg1MjkvU3VidHlwZS9JbWFnZS9UeXBlL1hPYmplY3QvV2lkdGggMTIwPj5zdHJlYW0KaAW1mgmQXdV5oM/d79t7lVqtRq0NISGEQEICxC4WQwADtuNgD14SD/ZM2Rl7MpUpe4JralY8TlKVuMax4yqPpxhPjAnGhmDACLMbBAIBQgKEBJJodWvp9fXb7n7n+89rYVw1lSpSM7duv77LOf/59+1co5PntlJ2qlSulKUyQ2X6kjtOQz+zujcmr4wkTW3LThPlMDhVqaFiS7UXZqs+RqZxaDPRtAGQJ4Zh5MrIlGkow1TcmIq1OMwUYMpweMscHjAgV1auVwUqp54Iao5GQ5kyLZMVlGkxPs00ziY4y4tTCOt1DXnFoaHpmbFSkSySFvgFZw5H5jACslRmGiDEEhY3SZaaZlNjCu2+BiaLxLlnMzSGDjn1WGB0mQcgoNr841SxMvNMWRAui/J84b9c8747W66YzwFeQp48lpM/y2LpXLDhMFViqvFU7Xrr2KHxqVVLhq7ZMFi2HQ0zDcPQ9zzAMtQURus5sohM1QcDBTy/+pnAlwMGyxU/nN1X+rn+gWpTo7rw/hQ8HmqZnRoJhA+shQhhrHDMRDyazacGduEkaZLkuW+7Ee9tM1Dq3mfeGj85fcbyZeeuPW1JSUGJrQEoo0u9XiA3RIP0UnBMsO4eIrLffZDmwgitx90XIlwZDEIyVHQtUzbCEb1GUkaKvpqZmSdZ5prHlPr39+769b4jdrFodepXnr7065+6dEgpF7GbaKvMluW7zEHGHKaGL9fCyQ9wQ14uHDkKiDaABBotbIc3moyu9nApFsFcYGlwQBNIWkZcM1FmyQheaPL0YPCAh1asXN5CVdc85L8+8jSLLHNGqT/+c/g8ljmlLIyv2XTGnV+6aqmrVJI4IG+aXYNeYG8OSgBAJaDXFCRkXRDhxcItsIVoXvC6i9KpS33HMyCgwAtvZSTm331kOGai1FOvvv343netZWfOVwbV8Mon3x57fO+UCEdzFmayvkxaAAFneRTlBmJgYQMhiJz/L4deSllMgMUytguB0XIBWpn86ZMHCw/zVKjr3nVfCedlBY0EyHDJpGRhTXFpoko8gncqQZtM/Mv9Lx174ciUM7yuU16WLVr7yMsHfvX0HsZYth1nsq6Btz0FQq7AR05Z6H1CQePUojJWXIrGrPtQTxdfzPJQaKK3TLUs0Y6FQ2SFNqkgVomrjs9OO8XSfBRbnh8kHccujc920EY3VRYy0dBlbS0fIdkAYqL1Thw5C3Hg9xZE3x3PYrh2eXNKK7tYypMuICBgd10bEyCCIP+wAy4MT6tzyiR0SggTAZh6dU29wBGOZPJInLSMYT3BRnTjWH2uxXUnN60KfPcLlYNHxmJ1NhBdW5sBcwQ/1uIfs/nl0QI+8karAuaqRSvSFvjdk7fdgxmcpw5LPFoOx08BM0TLAO66/MuWjSz287CCR2nNF5K4mMSLykXEYLriB8VTaVigjcYQOYUWcSY8XdDR366ukeM172AQPEs1F2QGB0+7kwQIJEk87CqWJuwUHaJV8kCPJnLCR6axrF5ZgDhd9eo+5VcsRp7LFW4aPNctH7Ha81UjKyRBIZ7309bo8CBAUQgZmOnoLNjqP1mNP9EAeaTPhf+8FznKa0I0kDXvuJc5PCUmo4LYu0haRkmolzu4nSXKtgQ5uOGq+OLTV24ZOfTS4SOu5fpRcOmygVvO7cebNZPQtz0YRvwQjmrnAR5YiWiyICKmARxuTrF8AUmt35ID6KQmtw0dHgQFACRoXDcPMTHiPLdguEZbYItgOYSOLiyCuX7ygR+wxmQFH+23hCTGGiFzZLZZVOqqVZXPXrzpH55907J8M29eeObSW67Y6kMwyxmGjViEg/ANNUVsHCBGCvXbxU7ZB68Ebw58GjmWFZHS6HvWckTzAENqgg+TgV1CNJsUTMQ3GyxmxjiBhipOK/X4/mB8srGst3rTes/TTkcDE8xdKFkQNQDgMmE00kC9XPwDKMO4hVVY6NRaUA8jOZGFiJXnYMLILkrQV5IrfP2CsLor8ivuQAaT/YkP7o7v/gKE0WDVpZ4LOXPx2aG2uZJ+xSotpR7bk+w98O5pS2of2baY8O6Jupn4LFBBM4SVH4DDFIIsPOwuQYoChguGokfiMnMUGGbhWBnHCPJMTJJbsmPmT7RVKxQtXlpVZaV6ARFnluCboHEt5TeU0VGCKLowqBdoaAy69EAhugBA7FL+pwlLiDabFgpiWhZOsK6XZiTIsbrGMspVhJ+PlN9WBpgcb6p6S2EknquWFGXYAFJMIqFMlBpoItEwzFzPhMfkrUEm2SeIscTRpjoxl7uuMVhWQ0WhgugkRYBemgEwEB2q6eftTIWWmte8gwro6gc3qgZTsEUGsKU7Hrq6MoPLUDE2qWDKkn7V5wiGsAs9106U5XS58T8f2T3WitxSMQ+bo1X3livOm1PquX0zz734Rj1MZsJmlkUDJf+8lafdsGXD6pqJG3ZyN87C1DLu3rHrnSlEUXXjzmq3/blPXPHOial7H96ROr2WU46CcNPaFbdsXYm/acdBxfFF1USPsUTBeDJWf3H3ky3T9z07q08u99QXb70us0zDKMPfN6eiHbte27n3QDPMm4ERpK7vuiODpXNXLL7uvLVnLXaRoigtWiahQ/meGcW56RjtXMXk+JF66Nl3nt79+tHpejtVURTZaXTWspHL1q+58cp1JU/d9+jenfv2uuVqGKleK/3qzVesHCojnu/86OG3ZpLUq+Vpuqxq/dlnL+2xLDTl8V37f7HzQGCWyFayYP5ffv5jy/rVniPJvQ899uqBo8dn6qZpFWxrw6plH7v6su2beqq2GE0W53ZXc18ZP/H2fJo4hSyOVg6Ui7Pqvh27Dh85WXX7W2TOvUPknMdnZg69dujxNw79yac/esmAMluqVPJQ3h1vTe2fV5avjMbkef35jWjlwMAbE8G7cTsiswxnD87ObN+6sp+kyPFE/kQEEmRco2XDyh2vnXhw71hYqPm24cyMf/XKTVhPYtgY2bd/9srjrx0IMsswS/CoWO1JnNJUo3FyvPHqoeP3PP3KRy8570s3rOsxROngeJ4EyMdz3Gaq2pZ6bF/wt/c+9PaJelKs2qUl7bDjVBzX9n49PvPk4V0/fP7g179647MT5i9fniz2poll1tL6Zz9WQGHbhnr6reMvz4aJ3zLDfFUp+1ouS8Cr/cfqD7x4MCwscm0jac9tmlD3PHf4Rz/9hVXqSYyiWe5Ns7yexNMH60/t/uGt12y74wsXQrHnGFJRJsoMbSeDDLOMYhzNwx88uGu62eoZHFbNrOT6M3lMveT2DBI+jjZm7rzr5wOfu2Vj/ylP17M4MjLbLxpGEldTTKFmqW3btu9/8XBYrPpW9eDJd3a+PX3NGoKkhL2ukxMfr9TJVP38mVfiyhKr2tdqTK8YGrn48q3EpfFY/YcfPPb8eMPuGw07UdHzSnmUpkmD3KZaNvJyGvc1lbrryT37Dxz+b1+7bin+IUl8RCRRPk8s45F90bd+dD+GkveO5G6xlcalsttpN8M49HoG8P7vNpv/5tsP91Z7SyMbUtOI8zim5vctnACn0ztoZmFolBzbNCtEFSEWyzGLtaTQF5cGW2FQ6av91V33z9dn7b5lcQ7xkWPaqWFnZpHsBQv/yaPPFzz7G7dtYa7piDsSL4coDMOJUqth2Cc7nbLvZnMnquF0rXOi0jxWDufSsBVmqdvTM5tmv3hqJ74PZ68demLkQZa1DCskt8ZScLLbzx2tWFzHkXJSv2/H83tRXjIGKRY5cc9gptTO/eGByY7hVUmK7Sg4/5wNtZIEjH/9vSefHO+4AyPNZlAtVhqT0+HsXDA53hfNqpn3ZuvTbcNKnEpWHn7pePTlO+/DPxqS4VJQoHfmWyfiO3/8D8fsvjotGd/rdFDMljF9tNY+2RtOWnPvJbNHSy6NmPTE3GwnzTthmsWpEcdmlhIn0AAiRBJ0HKJtFEgdDLFd15xneU6Ism23YLqlk/WO5ZaSoO2E871Zw20etzqzvmUEACz2OYPL7vv1c3veS/GQtmgApux6aQe3IxVxqrKyZ9ba8zddtuWSM/txp68cmX7guZfeC/PYcOaazb5qz8HpqYlYlQwSeJVGYU4TRtlJEtmWB+s5V9bU5tOHH3z9oFkdcAs9r7137PVj6sIl0oeikCF+I1Xczv2/2RWVe+C41a4POPE1F48iv+/97OU3ZzvO0Giz1SzaeTJ5+KLVI+dvPHPF0iIh7sDYxKOvvf3aoQmjsjSz3bg8+M78+N/89Kk//YPL7CR1bRfb//59O07ioXtrbh6mUauaNobLznXbLzpz5Uil5swHau87R+575MmpyDX9/jjTPg1vZTk6nRJfH+OFMlWw/dzOw7hD8IdPHKT2URTi/LDI6amZ3mLBjOa3nr70tlu2r1yipmfVXb94fseuNyt9yxrNNslgFOWvHzy0ftlqktoCAR5HjPL7mfJda649WzXbd3z8hq2LBDT6vmJt/6rhj/zJ3z6irB7fq+SqfWDy6ESgVldUo618x3dNZjsZGKdSMBBtieDXbV37m317AhGfN2k4D+3ed871661UFdENS/zGy+/O7h4/1qkMeypxWtOXnL1kRVHtnsx/vW+fXR6d7zS8PPajmdt/b/OnLh1FeMwD+GVLh2+9YPgnT7371z9/1upbHhiOU+x/cOe+Ky7cvG2ZxM9HD6sn3627lf5GMGNaRlqf+PRFZ/7bT14gThyT0jX3NctGb9j8uX/xrbsn4iAxwd4i+wJPmgN4CUFQkncz474bZHVCLkHX8cjscGJYZ61WtTtTV29ee+ftWyBZUrWSOucrF37tL1uP7Bkr9Q5RiwQN692jx0O1WjIhKVcs3LWdZEkadip5cv3WTZsWSQ5UU0FZReVMnVVV55y+Oup08swMwMsvB6lOB4t4h4gGEyxwHIemjOSPOn3eNGRsGOqNGvOp6UZuedfbh4/FKndxIEjEwNh/+dzuDN9LnDayohXfeOlm5j6z+43J2I5UZqnASerXXngWXCZr7FGqmuZlnFWSDSn1+ctW3nzpZhXWkVnkFmeM0hO79+NbYdNv9k9Mph792aJDHGicv24ZXCZvKwSK8o6LPiJnOz2zqu744q1Wa8pDTbIUAizHwchBXrs3K6NqN216kAW/gAlCIB4gzTLbcUlLeYXHWORn37x9i8ZNFeOkqvG88ZKNNnmGMhud1PTKU3MkijhnYTUhJAYERViWxoOmdfn6YVQS0GZm28quGOJ2B8qekYXI0zQ9K7JpDTEfxaSMN3BjibSe40xyrRaLGJJTX3v2WTaASSGd8lQzfWr3BBEM1pB3vzKldh2espRXMezW3OyGdWesHaBBol5587gqjURZ6lmdAa/96WvXFLAz+i1pLhVpnuI+MDLO225c30OlZcS01LPa4l1vv6cZpN46dMgoEI7oyMSFYOYPb7pKAkmcl5xcHGOAoqqKb3mJumK5unzNcNKcs8khHNxF28UD6qCX5E5qm5GROo4Xh4mEMW2mUt1kVGyO6fpBc+6WSzeSzvtUy/hxi8xCkp/TTxtw3UKbrrzbEwnnMAqZLq0s/Kb0gCzy17jq5L22UCIHfSpKbywOEA5Jc0SDhsVMaelKRSdCAlBO+iLVIkLjIe4DdScfumDN8PKBatZp2KYdW/6O3W+Qk8xnonf3PPHCTF5wC2UriXqt/KbLN4LK7ExSb8WJ4TqeH7Ua60eHlxiqzAvWMI0kwcrzLOqgBJRwQ45av3xxUJ+2bZsU8GQ9mKZ2An6jSaJumU4WRssHetYuESILjvgAlaYO2kKmlUodAVM2rhk10yhN2GeQx1ae6dqKKeQGcgoTREByAIBTfrjPMs/Kq26OFNkDkUE6kYdfRTvzbFQehuo/rRbS6hQoYhrkJB1DtVwnQgocLMLiyCFhXwVGF9H4wMlD4pM8p+uvrQnVYW2pdqXSW+C+2F2uhirqnOX9hXAK/bfL1ddPNp4Zkzpi37Hg5XcmsurAfBJ35qe3jPRtGRDeJWknjucdV0VhYht+b6EHAWv+aDSkE5fLvkIasdnB+F43L+VxUW9EkPE0O5oDUewQ4qUAN6quj10jmBSfCtK21VZpSLfYydu0nnFH/b1xEBQdF2xRFzOX9gvj3axjyS6P1iUkoCnVXDdw53Ye2VloG3mhVMGmpYGB5gmjpSHk22bBSoHgpm2isZPHCA8tFEqky4JXpG+IFAUj0WgtPUE90c1fF2wyZA6jdP4jspFDenKsQKDJMke3AOCHg+HSLsF7bF03aHfyuNPJVODV7v/NPtrqv9q9fy7DNl3cddFMP3H5Frwb0sUsaNlkVA+WlyWmqzBl6dQR9CHSEJ9hEPW5ogRAzC5dH2ww6FBIsvXDILD1HA/3ZhhWnORhlBMewdPGrMkcYLVomXRRbNvkVb0TOY6bAVMrXJcmFhUrllYJDR/p+QBBP4RfQq68BT+Vue5Cvio5ABAEAdMUZLByst4YE+ERWNHlEa9kpq6Vlcy8YqRFK/OFPB7SrNILdH9so6SoBHSHgK09stZu3COzAx59URhEQwB1oI2AAG1HIJ/Tr9YtRu1C0qfcK+0/MXffW+qZQ1OJW4zDyM+ydSOLz1/lwWhXZX2lcsHx6R2LyhnexMRxIETkaySFejMK2Kny0szGy4P9san5TLIdobHsO/1lGTYwMEioYLhX7DlyojExLYwOw6Z0NmSvKPVgeCotdUT18hvvuA4qCMU5IZoxWochkoLbT4xCbLgZEqYTLe13SEN9pVODSDAM10hhkTAQbMQB6B6eJFoW/oEQShZGt4KFRAM5U3G8DtzKTZvGY1d6kKINCpBdX8Vy2JZQJVD1RJkrvMdMTdIJxoti8l6IJwPJMPCrtmyw4qBU8NM0jUz3p0+8OIaNk/EbqRvUr96yAW/uYH9JOlBQI339ZtDJ4phSc9/YyVfGFeUqB4jKWlx5LpqITe0eV68fPm56Rde1405jUX+1p6w8Q50+Mpi1ZvI0IqefTewHn93P+Mwro7Q4OZSdfVA4QsK+f069PT5jOIUwJpnWdilLdcmDj7gBCVw6xUOjIRQc4LJwRXIlrEZ0XcZLhOvqo16FKdLNEcMyxUeIJMTm8YBIKkssUoeYRhiMFkYBULMMP8BdxrYzw8lEDDuBraysh+knJoWVaSEnyTpAT8KN7GtEKMK2dctWLO5LG7N2GsZJMlYPQr+Kg/CS5oah8tUbK2gEm+sIiIvLNp7ltuslJ6NtMV1Z/P3HXh2nX4LtADZLwjxvgpSt8D/fu/dXHb8vNtHR0Epa5529VnAmAp8xOOI1zajRpIU0sOSnT+z62e5j83RiukRBv2mS3Y+F6i9/9MSh2SDGo7pFqdUkTAq/hGV55mRioKwKD+AxjhDFxC4zcgYGgw+/pMULTBB+Y+/aEwBBhwgRAyzHKQvXhInCGmCz4Yan135DM1rLVquSrC0uDkFJpStrCGQ9YOGH6rJIaY2uyUENJw6RrCXDLVyy/vS8fmKgin4rr1TFe2KueXP68o0ryWoBblt+Vz2u3NwzwqjOrO0a5J87Dx/9rz9+/s2OmlJqzrTnDWPeULvn1Ne/+8s9R2dUEYHFTtwcrZjXblsKPoC6YNTdvHLAihqea9fpgNQW/5f/8cB/vmfnnin1Xq4mDeNAoB7YE/3xnQ/sPnKsMLAYzUL+aJUOZeKLgbPAciFZNId/eC9RLBygdtdoXFdhZbCmOE8pEzQjdcSSJgPBFbVgBATSUWJ+mouCejhaes20GbWRBpIkCdQ0SR1iR5S5yg5Sw7XYC8ZyhCrWSJPQtQo8SUiZE5EeB7ZvykYz+ZiNOV+7eemjTyVTQTPPC1aUeAgtaI0MVq66gGJQ6Z6eEMpckrbbrr/oP93zsF8pJuyUlrxHDhzb+ec/P/v00eFFfa5vHxw79so7J2Y7uVUbIu6XrTSbmfijW69dZUvpz8Hv7X9w88vf+l8zQdPxy5HthOWVP35+4p4X/m7JQKWE/Jrh2HRIq9LpG+jEfMHBupKbUUQQfBeIcrx2lkEUZuRAqhzdhEq8M/0OBlKgdZ2qTo1En2UXhdAkkhEPTWmDOQR0YGF0QJ7OSzLoJKFPVrNtz3N4Iz0j8WmyMCKW5eXI6abgE+J2hxSLA6o8Urqw3d2honLlIY1mepXkKnyIQgbAo1FfbTtr1d/vmbAqFYf2QdDI8M7bL6RUw48TSpklm1Q6t73x3MV7xs568KU3in4lNUpmz+KTnejRNyeMvYex4NRwYrfXrZZt7K85pVoTH9t29u9fsByBIXY0A5TO6lN3fOH3v/ndv5tPeo3yYGIW7UotdeL99dk07hQKRdXXC/vmZo5WyjWCk3TTooivUNDfJDfFUeR5sUD9GHlkecQMmkya20I+nEEuWdrpdBwUkGVFu2ESRYt4Trwg2VfJd9qNuapt9vb2oMpmQXnk7ZIYGqFPqm1mjSASuuWQYMxUoDHf9D06w/DbM8yq55copXRH0c6zkp2XC7SXYgIIU9BNvTmEH3fE9ep6advGM6UcYEslCh0jHak42zctI3KasjUiiKIQMJ20Ds/x7z563hcu21JutVUzTALywKJX7vFqg05tuFhbUvOKdrsdz84Ww+Znrtj8jU9uq2iRk2GzFglsn8puOcP/m3/1iTWFljl9pAp1UZh2Agqk3p7FlrKjuel4auzzN1y+dfVQ2pxxqIAt6CAK8cWSGFbUbllse+ZJwchd05CdT1SBIBwn7FV6lknnlmGuI/pLf5X9u4CCX9cWwvuoXTQSdMpM2q3mHHMpa+kwKbcxZTdTp1C2282Sy86DYAwgyVrEAyEtQ9UnvcZJBJwHgRM0zHbkK5eSvhbVrRNTdrnXaswVSj0kWxCMC+/mCawhrgmvyycJFt4wxgnlzebVF6wfZStd4rXkmtgO6ScLiVNiwUz90ZXrVo2e8fePv7Dn0Dh7SxaccN12J6KdUraNQtBev3rlrddde/lKBZcNCmubbo30IvBrYafuOaVLV1e/983b7n7kzRdfPnxitjUXNWzfYzdiUbU8PNp/80e3n79K/ccfvF0ruPNBQBWOweOaQAJdqeXtatCKo1azMVcZqWC+luz6k6m1qvF0Z0q0oxTNZI1pW0m5wxSJWgRaaAiV25lJZuo+ChE1jBDQEuiNAVd9+dpL5zB1kt8oXFbwqjDGklqHaQI+z/oM64b1o6NV9uy8nA92os7aQT44yGsq/8JlGz9tF9E84t6Ao3qFfRKfC/RbqQ8tl1KlaalHX9hD/wGv43q+b6XXbT2D/o4rUsQCJBcSB2WQvUh5UtWbJtevNrevvvCFA+Grbx0YO3ZirtEsLqr0VQpDFe/Cc87cMFpEkRAVSoW3BI6oBVymK1KoEWgQ2ApL/en165pXrxs7ls4n7enpmdP6lwz2u5UeVlPkIc3JyYAGZLXW6rR7+iu9RTQs71XGV265vBkVcstNs7DqpIuonTQnrjl3Vb9vWcUaqXDWmTt/9SIPdxwHtCB8tIMuoOEtqalvfvGTQGUnlwJyuCy1vpFEOD35PAenDLKcpK0QjtsUtGGEMK1F9hpaDmM4GAMNnPTF0T3CI0GTURzQbLLTQSJEYkSfhiRUmXXDeHpSfeO7P+mUBg2vFM3O3Lz1jDuuW92vUlvKUREq+hAlqc1GD8qr7RT9YlsHZ4UX6ogMxFMxFmvjhOwu5agEBoHKYMA0HWLTfHe21aRrVijQN2h1OkMDhT4+cujum+i5yJIu0Sz73K9Of/uH93SKo4Hyotb8Teev+uvPnF1OOw4dJ1RE3K4czMWnEdzoG3ELWP6DDHwgHlArCl7dX8ma7dSk+7hgx8zlZBoKLR/H2MRRSWDwxVmYGXglSGKEAIMIug8U5/qONp2tqxpcPlzAoRXY4su4I5EmpzMdiwn8ByDiXVCcnz31Wt3tM3BNadxvZzdevBqR2IKtNCWkdcWKuk+iVRMPQNJFOZ7FWV4w2PiWCKPJFAJAlcWpxGXnE79vSoXEXmFGrWl637n/2cf2HHK8WoAFOc5Qxf/Kx6+9aI3UyiyFQiBcdPnhvY3/fs+j7eJwbPrMt+LOljUrINm1CInyaR7BWbAjC8aFg59OSBjA5xgxG/RYES0JcSH4C1RKnLUsobWEPqT4Q/19DNB4TnCS7A2/Sc4bSGWAizvFZaZpVwssJjIBYGQRkEnQAz6YMEBUW+5F+8GDU4pZ2q90FLVgD55Mnn/zXbP3tASnMzd17Vkrz6iIVjJb0AFLEIGPbHfKd0SA0d1b3VJA5JDFvolgwjBZVHbRxQS04SFrnoAFGRE5ACtu/8hHHn7jf3fMSugX+FJtcmbuz75/99nLB04b6l08UGNv6vjM/N6jk29N1DtOX2aV8zgpZsHKxaUrNlXACtFxgAN1Of90mbxAqZCcEkVyeAS7BB3J/IRdXAvemiHoCv5H+CJsgxn0aGkKopO6zQdM7YhEid8/tJPmTvJpuCxQwYQ7RncNfGG0PNIiFwFLAqEzTdaW/apnX2tiFLCh2S5m0ccv2ciWAl8d6BkaqhAkwGVvlbJVL6TNXRbRnwFrddZrgQn/mcEBryNFtwEzCz0SWP0t86Yl6p//3hXfufshb2hlhNMv9M6p0pNjc9ahgyoJ6GZHmRnZJbe6gl0K+F7mY436sS/f/oeDjohfGkbSWJciRePVRUzjxI9wVhyIxmXhV9ghE/XRZQvDmCyZLWMM1xAzf/84xdX3H/z2Au7pSfKku8TvXmn2/na4vmIpGHFgKt/1+r6+/tFWMF/Lw/PWLF+3SL4At7oGIGLRbBMNEO+kD3moXwiiC8cHluWye8d4qTbklwpMnAq70IOW+c8uH46iq+566Gm+Eij3LurEuVPpT+Mi5FMJs2vl2F4Uxi6t6Prxipd86TM3XLzW7UeLpTqghnPo6Wi/Jov/duXfReX9592L928/MEqedZ9/kNELA/6f/KNk6hrgjsceCttTpk2XOzPazRtu/izBlgIMlyHWJp0brQN4BnggyvohDkZjt1Ltk3xJ8c9HVxH+Ysgp3H718k2rhr5/z0NvThzwSj3T86FVKKYWhUlCfYIH68F+w/p5a5Z++VM3bhgypH0IhLgtAUnaloKJKOWHQOcfG7rAjn9syD/1HYzuGMYz74zP5F5kV0gXq1ly4Sq/lCrip+R+p6xLdwSgSLuPD0mZxBzNkyxq8YGSMEY8thcZDu1V0qSX31M73zg4Nts4cnK6Q//UcPiSYnSwtqTiXrRh1TkjiEj5aeZTY4nX7fKWyttkV1w2VBc8wj+VC6fm/f9ldGzIZ3PdpJAVqSyIVtLMl9KR7yjxLZJG4lzhELkPY2DUh2O1MIeAwzQgCEBAcSbw1DKBTnjEHWiPIF/G4F8o1nE35LaSIMqXqWSnCzzucjpnB1aMiwZ7Yknv4sNhdIq3v/P//wBkfQfkCmVuZHN0cmVhbQplbmRvYmoKMTIgMCBvYmoKPDwvQWx0ZXJuYXRlL0RldmljZVJHQi9GaWx0ZXIvRmxhdGVEZWNvZGUvTGVuZ3RoIDMxMzUvTiAzPj5zdHJlYW0KeJyVVwdYU8kWnltSIQQIREBK6E0QkRJASggtgPQiiEpIAoQSY0JQsaOLCq5dRLCiqyCKHRCxYVcWxe5aFgsqK+tiwa68CQF02Ve+N983d/77z5l/zjl35t47ANDb+VJpDqoJQK4kTxYT7M8al5TMInUCFDAAFQCgxhfIpZyoqHCIwUD79/LuJkCU7TUHpdY/+/9r0RKK5AIAkCiI04RyQS7EBwHAmwRSWR4ARCnkzafmSZV4NcQ6MuggxFVKnKHCTUqcpsJX+mziYrgQPwGArM7nyzIA0OiGPCtfkAF16DBa4CQRiiUQ+0Hsk5s7WQjxXIhtoA2ck67UZ6f9oJPxN820QU0+P2MQq2LpK+QAsVyaw5/+f6bjf5fcHMXAHNawqmfKQmKUMcO8PcmeHKbE6hB/kKRFREKsDQCKi4V99krMzFSExKvsURuBnAtzBpgQj5HnxPL6+RghPyAMYkOI0yU5EeH9NoXp4iClDcwfWibO48VBrAdxlUgeGNtvc0I2OWZg3pvpMi6nn3/Ol/X5oNT/psiO56j0Me1MEa9fH3MsyIxLhBiuOywgX5wQAbEGxBHy7NiwfpuUgkxuxICNTBGjjMUCYplIEuyv0sdK02VBMf32O3PlA7FjJzLFvIh+fDUvMy5ElSvsiYDf5z+MBesWSTjxAzoi+bjwgViEooBAVew4WSSJj1XxuJ40zz9GNRa3k+ZE9dvj/qKcYCVvBnGcPD92YGx+HlycKn28SJoXFafyEy/P4odGqfzB94JwwAUBgAUUsKaBySALiFu76rvgnaonCPCBDGQAEXDoZwZGJPb1SOA1FhSAPyESAfngOP++XhHIh/zXIaySEw9yqqsDSO/vU6pkg6cQ54IwkAPvFX1KkkEPEsATyIj/4REfVgGMIQdWZf+/5wfY7wwHMuH9jGJgRhZ9wJIYSAwghhCDiLa4Ae6De+Hh8OoHqzPOxj0G4vhuT3hKaCM8ItwgtBPuTBIXyoZ4ORa0Q/2g/vyk/Zgf3ApquuL+uDdUh8o4EzcADrgLnIeD+8KZXSHL7fdbmRXWEO2/RfDDE+q3ozhRUMowih/FZuhIDTsN10EVZa5/zI/K17TBfHMHe4bOz/0h+0LYhg21xBZhB7Bz2EnsAtaE1QMWdhxrwFqwo0o8uOKe9K24gdli+vzJhjpD18z3J6vMpNypxqnT6YuqL080LU+5GbmTpdNl4ozMPBYHfjFELJ5E4DiC5ezk7AqA8vujer29ie77riDMlu/c/N8B8D7e29t75DsXehyAfe7wlXD4O2fDhp8WNQDOHxYoZPkqDldeCPDNQYe7Tx8YA3NgA+NxBm7AC/iBQBAKIkEcSAITofeZcJ3LwFQwE8wDRaAELAdrQDnYBLaCKrAb7Af1oAmcBGfBJXAF3AB34erpAC9AN3gHPiMIQkJoCAPRR0wQS8QecUbYiA8SiIQjMUgSkopkIBJEgcxE5iMlyEqkHNmCVCP7kMPISeQC0obcQR4inchr5BOKoeqoDmqEWqEjUTbKQcPQOHQCmoFOQQvQBehStAytRHehdehJ9BJ6A21HX6A9GMDUMCZmijlgbIyLRWLJWDomw2ZjxVgpVonVYo3wOV/D2rEu7CNOxBk4C3eAKzgEj8cF+BR8Nr4EL8er8Dr8NH4Nf4h3498INIIhwZ7gSeARxhEyCFMJRYRSwnbCIcIZuJc6CO+IRCKTaE10h3sxiZhFnEFcQtxA3EM8QWwjPib2kEgkfZI9yZsUSeKT8khFpHWkXaTjpKukDtIHshrZhOxMDiInkyXkQnIpeSf5GPkq+Rn5M0WTYknxpERShJTplGWUbZRGymVKB+UzVYtqTfWmxlGzqPOoZdRa6hnqPeobNTU1MzUPtWg1sdpctTK1vWrn1R6qfVTXVrdT56qnqCvUl6rvUD+hfkf9DY1Gs6L50ZJpebSltGraKdoD2gcNhoajBk9DqDFHo0KjTuOqxks6hW5J59An0gvopfQD9Mv0Lk2KppUmV5OvOVuzQvOw5i3NHi2G1iitSK1crSVaO7UuaD3XJmlbaQdqC7UXaG/VPqX9mIExzBlchoAxn7GNcYbRoUPUsdbh6WTplOjs1mnV6dbV1nXRTdCdpluhe1S3nYkxrZg8Zg5zGXM/8ybz0zCjYZxhomGLh9UOuzrsvd5wPT89kV6x3h69G3qf9Fn6gfrZ+iv06/XvG+AGdgbRBlMNNhqcMegarjPca7hgePHw/cN/M0QN7QxjDGcYbjVsMewxMjYKNpIarTM6ZdRlzDT2M84yXm18zLjThGHiYyI2WW1y3OQPli6Lw8phlbFOs7pNDU1DTBWmW0xbTT+bWZvFmxWa7TG7b041Z5unm682bzbvtjCxGGsx06LG4jdLiiXbMtNyreU5y/dW1laJVgut6q2eW+tZ86wLrGus79nQbHxtpthU2ly3JdqybbNtN9hesUPtXO0y7SrsLtuj9m72YvsN9m0jCCM8RkhGVI645aDuwHHId6hxeOjIdAx3LHSsd3w50mJk8sgVI8+N/Obk6pTjtM3p7ijtUaGjCkc1jnrtbOcscK5wvj6aNjpo9JzRDaNfudi7iFw2utx2ZbiOdV3o2uz61c3dTeZW69bpbuGe6r7e/RZbhx3FXsI+70Hw8PeY49Hk8dHTzTPPc7/nX14OXtleO72ej7EeIxqzbcxjbzNvvvcW73Yflk+qz2afdl9TX75vpe8jP3M/od92v2ccW04WZxfnpb+Tv8z/kP97rid3FvdEABYQHFAc0BqoHRgfWB74IMgsKCOoJqg72DV4RvCJEEJIWMiKkFs8I56AV83rDnUPnRV6Okw9LDasPOxRuF24LLxxLDo2dOyqsfciLCMkEfWRIJIXuSryfpR11JSoI9HE6KjoiuinMaNiZsaci2XETordGfsuzj9uWdzdeJt4RXxzAj0hJaE64X1iQOLKxPZxI8fNGncpySBJnNSQTEpOSN6e3DM+cPya8R0prilFKTcnWE+YNuHCRIOJOROPTqJP4k86kEpITUzdmfqFH8mv5Pek8dLWp3ULuIK1ghdCP+FqYafIW7RS9CzdO31l+vMM74xVGZ2ZvpmlmV1irrhc/CorJGtT1vvsyOwd2b05iTl7csm5qbmHJdqSbMnpycaTp01uk9pLi6TtUzynrJnSLQuTbZcj8gnyhjwd+KPforBR/KR4mO+TX5H/YWrC1APTtKZJprVMt5u+ePqzgqCCX2bgMwQzmmeazpw38+Eszqwts5HZabOb55jPWTCnY27w3Kp51HnZ834tdCpcWfh2fuL8xgVGC+YuePxT8E81RRpFsqJbC70WblqELxIval08evG6xd+KhcUXS5xKSku+LBEsufjzqJ/Lfu5dmr60dZnbso3Licsly2+u8F1RtVJrZcHKx6vGrqpbzVpdvPrtmklrLpS6lG5aS12rWNteFl7WsM5i3fJ1X8ozy29U+FfsWW+4fvH69xuEG65u9NtYu8loU8mmT5vFm29vCd5SV2lVWbqVuDV/69NtCdvO/cL+pXq7wfaS7V93SHa0V8VUna52r67eabhzWQ1ao6jp3JWy68rugN0NtQ61W/Yw95TsBXsVe//Yl7rv5v6w/c0H2AdqD1oeXH+Icai4DqmbXtddn1nf3pDU0HY49HBzo1fjoSOOR3Y0mTZVHNU9uuwY9diCY73HC473nJCe6DqZcfJx86Tmu6fGnbp+Ovp065mwM+fPBp09dY5z7vh57/NNFzwvHL7Ivlh/ye1SXYtry6FfXX891OrWWnfZ/XLDFY8rjW1j2o5d9b168lrAtbPXedcv3Yi40XYz/ubtWym32m8Lbz+/k3Pn1W/5v32+O/ce4V7xfc37pQ8MH1T+bvv7nna39qMPAx62PIp9dPex4PGLJ/InXzoWPKU9LX1m8qz6ufPzps6gzit/jP+j44X0xeeuoj+1/lz/0ublwb/8/mrpHtfd8Ur2qvf1kjf6b3a8dXnb3BPV8+Bd7rvP74s/6H+o+sj+eO5T4qdnn6d+IX0p+2r7tfFb2Ld7vbm9vVK+jN/3K4AB5dEmHYDXOwCgJQHAgOdG6njV+bCvIKozbR8C/wmrzpB9xQ2AWvhPH90F/25uAbB3GwBWUJ+eAkAUDYA4D4COHj1YB85yfedOZSHCs8HmiK9puWng3xTVmfQHv4e2QKnqAoa2/wJAMILcCmVuZHN0cmVhbQplbmRvYmoKMTMgMCBvYmoKPDwvQWx0ZXJuYXRlL0RldmljZVJHQi9GaWx0ZXIvRmxhdGVEZWNvZGUvTGVuZ3RoIDMxMzUvTiAzPj5zdHJlYW0KeJyVVwdYU8kWnltSIQQIREBK6E0QkRJASggtgPQiiEpIAoQSY0JQsaOLCq5dRLCiqyCKHRCxYVcWxe5aFgsqK+tiwa68CQF02Ve+N983d/77z5l/zjl35t47ANDb+VJpDqoJQK4kTxYT7M8al5TMInUCFDAAFQCgxhfIpZyoqHCIwUD79/LuJkCU7TUHpdY/+/9r0RKK5AIAkCiI04RyQS7EBwHAmwRSWR4ARCnkzafmSZV4NcQ6MuggxFVKnKHCTUqcpsJX+mziYrgQPwGArM7nyzIA0OiGPCtfkAF16DBa4CQRiiUQ+0Hsk5s7WQjxXIhtoA2ck67UZ6f9oJPxN820QU0+P2MQq2LpK+QAsVyaw5/+f6bjf5fcHMXAHNawqmfKQmKUMcO8PcmeHKbE6hB/kKRFREKsDQCKi4V99krMzFSExKvsURuBnAtzBpgQj5HnxPL6+RghPyAMYkOI0yU5EeH9NoXp4iClDcwfWibO48VBrAdxlUgeGNtvc0I2OWZg3pvpMi6nn3/Ol/X5oNT/psiO56j0Me1MEa9fH3MsyIxLhBiuOywgX5wQAbEGxBHy7NiwfpuUgkxuxICNTBGjjMUCYplIEuyv0sdK02VBMf32O3PlA7FjJzLFvIh+fDUvMy5ElSvsiYDf5z+MBesWSTjxAzoi+bjwgViEooBAVew4WSSJj1XxuJ40zz9GNRa3k+ZE9dvj/qKcYCVvBnGcPD92YGx+HlycKn28SJoXFafyEy/P4odGqfzB94JwwAUBgAUUsKaBySALiFu76rvgnaonCPCBDGQAEXDoZwZGJPb1SOA1FhSAPyESAfngOP++XhHIh/zXIaySEw9yqqsDSO/vU6pkg6cQ54IwkAPvFX1KkkEPEsATyIj/4REfVgGMIQdWZf+/5wfY7wwHMuH9jGJgRhZ9wJIYSAwghhCDiLa4Ae6De+Hh8OoHqzPOxj0G4vhuT3hKaCM8ItwgtBPuTBIXyoZ4ORa0Q/2g/vyk/Zgf3ApquuL+uDdUh8o4EzcADrgLnIeD+8KZXSHL7fdbmRXWEO2/RfDDE+q3ozhRUMowih/FZuhIDTsN10EVZa5/zI/K17TBfHMHe4bOz/0h+0LYhg21xBZhB7Bz2EnsAtaE1QMWdhxrwFqwo0o8uOKe9K24gdli+vzJhjpD18z3J6vMpNypxqnT6YuqL080LU+5GbmTpdNl4ozMPBYHfjFELJ5E4DiC5ezk7AqA8vujer29ie77riDMlu/c/N8B8D7e29t75DsXehyAfe7wlXD4O2fDhp8WNQDOHxYoZPkqDldeCPDNQYe7Tx8YA3NgA+NxBm7AC/iBQBAKIkEcSAITofeZcJ3LwFQwE8wDRaAELAdrQDnYBLaCKrAb7Af1oAmcBGfBJXAF3AB34erpAC9AN3gHPiMIQkJoCAPRR0wQS8QecUbYiA8SiIQjMUgSkopkIBJEgcxE5iMlyEqkHNmCVCP7kMPISeQC0obcQR4inchr5BOKoeqoDmqEWqEjUTbKQcPQOHQCmoFOQQvQBehStAytRHehdehJ9BJ6A21HX6A9GMDUMCZmijlgbIyLRWLJWDomw2ZjxVgpVonVYo3wOV/D2rEu7CNOxBk4C3eAKzgEj8cF+BR8Nr4EL8er8Dr8NH4Nf4h3498INIIhwZ7gSeARxhEyCFMJRYRSwnbCIcIZuJc6CO+IRCKTaE10h3sxiZhFnEFcQtxA3EM8QWwjPib2kEgkfZI9yZsUSeKT8khFpHWkXaTjpKukDtIHshrZhOxMDiInkyXkQnIpeSf5GPkq+Rn5M0WTYknxpERShJTplGWUbZRGymVKB+UzVYtqTfWmxlGzqPOoZdRa6hnqPeobNTU1MzUPtWg1sdpctTK1vWrn1R6qfVTXVrdT56qnqCvUl6rvUD+hfkf9DY1Gs6L50ZJpebSltGraKdoD2gcNhoajBk9DqDFHo0KjTuOqxks6hW5J59An0gvopfQD9Mv0Lk2KppUmV5OvOVuzQvOw5i3NHi2G1iitSK1crSVaO7UuaD3XJmlbaQdqC7UXaG/VPqX9mIExzBlchoAxn7GNcYbRoUPUsdbh6WTplOjs1mnV6dbV1nXRTdCdpluhe1S3nYkxrZg8Zg5zGXM/8ybz0zCjYZxhomGLh9UOuzrsvd5wPT89kV6x3h69G3qf9Fn6gfrZ+iv06/XvG+AGdgbRBlMNNhqcMegarjPca7hgePHw/cN/M0QN7QxjDGcYbjVsMewxMjYKNpIarTM6ZdRlzDT2M84yXm18zLjThGHiYyI2WW1y3OQPli6Lw8phlbFOs7pNDU1DTBWmW0xbTT+bWZvFmxWa7TG7b041Z5unm682bzbvtjCxGGsx06LG4jdLiiXbMtNyreU5y/dW1laJVgut6q2eW+tZ86wLrGus79nQbHxtpthU2ly3JdqybbNtN9hesUPtXO0y7SrsLtuj9m72YvsN9m0jCCM8RkhGVI645aDuwHHId6hxeOjIdAx3LHSsd3w50mJk8sgVI8+N/Obk6pTjtM3p7ijtUaGjCkc1jnrtbOcscK5wvj6aNjpo9JzRDaNfudi7iFw2utx2ZbiOdV3o2uz61c3dTeZW69bpbuGe6r7e/RZbhx3FXsI+70Hw8PeY49Hk8dHTzTPPc7/nX14OXtleO72ej7EeIxqzbcxjbzNvvvcW73Yflk+qz2afdl9TX75vpe8jP3M/od92v2ccW04WZxfnpb+Tv8z/kP97rid3FvdEABYQHFAc0BqoHRgfWB74IMgsKCOoJqg72DV4RvCJEEJIWMiKkFs8I56AV83rDnUPnRV6Okw9LDasPOxRuF24LLxxLDo2dOyqsfciLCMkEfWRIJIXuSryfpR11JSoI9HE6KjoiuinMaNiZsaci2XETordGfsuzj9uWdzdeJt4RXxzAj0hJaE64X1iQOLKxPZxI8fNGncpySBJnNSQTEpOSN6e3DM+cPya8R0prilFKTcnWE+YNuHCRIOJOROPTqJP4k86kEpITUzdmfqFH8mv5Pek8dLWp3ULuIK1ghdCP+FqYafIW7RS9CzdO31l+vMM74xVGZ2ZvpmlmV1irrhc/CorJGtT1vvsyOwd2b05iTl7csm5qbmHJdqSbMnpycaTp01uk9pLi6TtUzynrJnSLQuTbZcj8gnyhjwd+KPforBR/KR4mO+TX5H/YWrC1APTtKZJprVMt5u+ePqzgqCCX2bgMwQzmmeazpw38+Eszqwts5HZabOb55jPWTCnY27w3Kp51HnZ834tdCpcWfh2fuL8xgVGC+YuePxT8E81RRpFsqJbC70WblqELxIval08evG6xd+KhcUXS5xKSku+LBEsufjzqJ/Lfu5dmr60dZnbso3Licsly2+u8F1RtVJrZcHKx6vGrqpbzVpdvPrtmklrLpS6lG5aS12rWNteFl7WsM5i3fJ1X8ozy29U+FfsWW+4fvH69xuEG65u9NtYu8loU8mmT5vFm29vCd5SV2lVWbqVuDV/69NtCdvO/cL+pXq7wfaS7V93SHa0V8VUna52r67eabhzWQ1ao6jp3JWy68rugN0NtQ61W/Yw95TsBXsVe//Yl7rv5v6w/c0H2AdqD1oeXH+Icai4DqmbXtddn1nf3pDU0HY49HBzo1fjoSOOR3Y0mTZVHNU9uuwY9diCY73HC473nJCe6DqZcfJx86Tmu6fGnbp+Ovp065mwM+fPBp09dY5z7vh57/NNFzwvHL7Ivlh/ye1SXYtry6FfXX891OrWWnfZ/XLDFY8rjW1j2o5d9b168lrAtbPXedcv3Yi40XYz/ubtWym32m8Lbz+/k3Pn1W/5v32+O/ce4V7xfc37pQ8MH1T+bvv7nna39qMPAx62PIp9dPex4PGLJ/InXzoWPKU9LX1m8qz6ufPzps6gzit/jP+j44X0xeeuoj+1/lz/0ublwb/8/mrpHtfd8Ur2qvf1kjf6b3a8dXnb3BPV8+Bd7rvP74s/6H+o+sj+eO5T4qdnn6d+IX0p+2r7tfFb2Ld7vbm9vVK+jN/3K4AB5dEmHYDXOwCgJQHAgOdG6njV+bCvIKozbR8C/wmrzpB9xQ2AWvhPH90F/25uAbB3GwBWUJ+eAkAUDYA4D4COHj1YB85yfedOZSHCs8HmiK9puWng3xTVmfQHv4e2QKnqAoa2/wJAMILcCmVuZHN0cmVhbQplbmRvYmoKeHJlZgowIDE0CjAwMDAwMDAwMDAgNjU1MzUgZiAKMDAwMDAxMTE0MyAwMDAwMCBuIAowMDAwMDExMjc2IDAwMDAwIG4gCjAwMDAwMTA5ODAgMDAwMDAgbiAKMDAwMDAwMDk2NyAwMDAwMCBuIAowMDAwMDAwMDE1IDAwMDAwIG4gCjAwMDAwMTExODggMDAwMDAgbiAKMDAwMDAxMDgyNCAwMDAwMCBuIAowMDAwMDAxMTMzIDAwMDAwIG4gCjAwMDAwMTEzMzMgMDAwMDAgbiAKMDAwMDAyMDA5NCAwMDAwMCBuIAowMDAwMDI1OTU3IDAwMDAwIG4gCjAwMDAwMzQ3MTkgMDAwMDAgbiAKMDAwMDAzNzk0NyAwMDAwMCBuIAp0cmFpbGVyCjw8L0lEIFs8M2E1ZTUzZjQxYzVhNmM2NmJmODUyMDk0MTUwODk0NjcxZGRjYTg2ZGI3MTFhMjBhYjI5Yzc4MWI5MzNiMmYxMDJmOTM0NTUyYmI0MjI5MTgyZTRmZmNiNjE3NGUxYTNmMzA1MmI4OWQ5M2ZjNTg3NWQyY2YzNTVlYWQxY2FhYjA+PDNhNWU1M2Y0MWM1YTZjNjZiZjg1MjA5NDE1MDg5NDY3MWRkY2E4NmRiNzExYTIwYWIyOWM3ODFiOTMzYjJmMTAyZjkzNDU1MmJiNDIyOTE4MmU0ZmZjYjYxNzRlMWEzZjMwNTJiODlkOTNmYzU4NzVkMmNmMzU1ZWFkMWNhYWIwPl0vSW5mbyAzIDAgUi9Sb290IDEgMCBSL1NpemUgMTQ+PgolaVRleHQtQ29yZS04LjAuNQpzdGFydHhyZWYKNDExNzUKJSVFT0YK"
            }
        },
        "KFS": {
            "detail": {
                "BASE64STRING": "JVBERi0xLjcKJeLjz9MKNSAwIG9iago8PC9GaWx0ZXIvRmxhdGVEZWNvZGUvTGVuZ3RoIDg4NT4+c3RyZWFtCnicjZdRb9MwEMff8yn8CFLn2o7tJLyVjaGKbsBWIV69JqMZTQJupgHiw3OJndjSqL1NmnTd/f8/93L2OT8TyggaftMMpRJlskC7JlmuG4ouuuRz8jN5u02WlxRRhrb3iWBYIMEpLgq0LZNXF93usanaHvW/f1Svtw/Ju+1zEaM5FtyXVWcrVe6V0uhb1VZa9VWJ7nXXoMv19e1qs0HTv79ebU65mqXQAgs6er43TnXXohIMY4txQkaYOCPpGRWI0TcpeUPSIJMXGSbMfv2n9tCp8iVET/aMyPIwMeODwyC9UsfvUKypPu1jc1fpGNnJf9mfgqcsjIS/RI6aa9VEv5vL/lJVGq3a+oA+qOZOHU5KDYbBY8hNLaGEqLtHb2vd72M8J6NFAbXMoZZhEMnw3CdlvGRz+lXQNs05liZxt+zQAh2XXVggGabpKFiVpa6Ox8hKPAGKpXKOoaVelMokptmY+vDYKnSn4IHdqT/QUk9Kl0guBoO4DckxNVv6Rh33dbv4oPSD6l+mZgXBzBev9o0qW/VN6cWV2isNn/ZavdAsY5gZt3Vb1mrBKedmJ5/Wjo+E8QJnZntsVFs2Sn8P57MMM9Psm26nDnX/O7Y2p/h/tcM8wnFmmv0cWGiJLupjr+tdH8M6oSlwEENzKKB5lp/qFp13ZWzXewpX7NP+osC52Sq3ffy49NK9XvBEZmzdvE8ImD8lAnoJ5oGAfStRY0MqGDokt//LZ1QOi58FNg4oxNAnPsLEIQWBbIkLav2HuWPiwKIIdyLhHAKIlGOeeggTRxCTSDiHAILC6OYewsQRxCQSzuE0gucF5tIhbBxGzCLhHAIICZXMPYSJI4hJJJxDAAFHsPAIYxgBWImY5QF7xoY7hPM3cQQwiYRzOI1ICxitXjfZOIyYRcI5BBAZ3IS8Ktk4gphEwjmcRjAJc9nrJhuHEbNIOIcAgsNg9rrJxhHEJBLOIYCAS2rmEcYwArASMctP21O4kTLvbLJxGDCLhHMIIODqmXndZOMIYhIJ5xBAwHRhXjfZOIKYRMI5TAoqjYYRaLQcDvyC2XciZt6JCCZpAXcNa8zANs1TyAMrOY5dpCswc4ONDoMNbqrD4QFnbT7evGDaafBKpZQZWLy67DTa1E09vAyd13r3eDBvM3/R+cfry/XFu+vteuVeh/4BO3b0vAplbmRzdHJlYW0KZW5kb2JqCjQgMCBvYmoKPDwvQ29udGVudHMgNSAwIFIvTWVkaWFCb3hbMCAwIDU5NSA4NDJdL1BhcmVudCAyIDAgUi9SZXNvdXJjZXM8PC9Gb250PDwvRjEgNiAwIFI+Pi9YT2JqZWN0PDwvSW0xIDkgMCBSL0ltMiAxMCAwIFI+Pj4+L1RyaW1Cb3hbMCAwIDU5NSA4NDJdL1R5cGUvUGFnZT4+CmVuZG9iago4IDAgb2JqCjw8L0ZpbHRlci9GbGF0ZURlY29kZS9MZW5ndGggOTYyMz4+c3RyZWFtCniclXtpk6tIsuX3+hVpt82e9Zi6UuzLTN16xg5CgNgF39jEviOBsPnxE5mqvn27X7+sN5mWKSDBPY6HH/cTytD4C4xAbx/fKPmGEm8kQb8l7S9HpYXf+P4X85fxF9b55SjCbzD95tx++bgFw95p7M1Jf0HenOkX6J1Awdfb+stfs1+ZKC2iaHq7auf/5VS/CM6nhZeDKf8F+CAR4h1H39pfcJz6+0kDTmhwQr5OPnz8OCb/cdPtn439ZOBlDYGQdwj/wxoCwf84+WHun5z+G3t/mGg//P4wB8bzT9Z+OvnJ6e2/QP3Z2A+n/wTuJ8M/O7z9HHf8M+wfFuB3BP8I+19/+8+tbd4e2TSXfff9G7Dw7S3rkj4tu/z7N9cRf6W+/efvvxm3W1N22SUasqnJ5ll9Jm9TdssmcG+mpN+/0RiKAKc4hMI4AqMQQqAw8u3339wy5aMl+v23S1++pX0MXOC/QtSvME3jwBN4EL8RBEZTtwTCoeSGExlFwyhBonB6gxEKAad0hiIYdaPI9IamWIxTCIbAMInfKCLBvr3lWZdm0/dv2rePPPnr20/Z8q+4YfSdJD5xtx8DIRA4Q6IYQm4xQlFpRib0LSUziKARCqJwIsVgEr7hWZTc4jjJEihLb8QNopMbRBDRt7cuagECL8umN6Yrmzc1auOoyb4dP+BGb0k0Zf3t+7dvb0l/75bp+f2b0qUleDAt5+X7N6Zoo7SL8mj69lb09zn7uLWJurSNpvrzuE++f6vuXfQWR8B8HO2AD2s0pW/Et7cB/A2DMQxC/xw3RLwjL9xD//2bFc1F2X17m5doAT61qIgmcGmZoo9rU5YtH87ne/waphpNVbT8qROCpt5J8tPJY0l+ePmIRbH8fqSrI8Ywpl2HJytnWCZnwBl4ZfgjsrI8w+QSmycSa+YyuyYnzsxVnjV1npnPPFvbwkq5stXf5AKKwA35icM6hVNmZVsTlU+GM89sOm9C8jPBL07+vHDYrvPnl22zBvZWYCfXeSt/KtZaaJXy/PHzFSjAFOoT1M8P/I9/zseVYSyO4RVGZXjGVhimEFhmE9gjZTLy+hEEl2VM4eOH+ceXwDGrKYKAKJzZnz/uXSxwORd4ZlUEZnVF8AC4INKMqYDgmRZrKYXmCpIAiwX7PG0ir34BiwJEoD9hsXUkKAqkbqvl2dCNqTXk9MzzWhWLJJCsvjmVSa/aPaQ7AWrwNWFClmjVqWK7g+OJnu/BRei3eh36YRdJzZigFpx2KZZdR75QfKnAylM5qE5z8v0GL8N2VKtB9duBKIdxUvfl7CMLWeJ3MNGbdpU2qjo9l7MD61cfpqsQucsldnAa/H7riWzaqMcFom9fYCNBsr+wxejh0hGvSIPorsLfI/0K3n8baeEj0hy4iWeZ5BVp84R+3rsJAmsLG1ucWNdMi8TSSq0XFFFQrT6WWc7WdvfBeEF3trgiqHVDaCjrM5AtCOugVi6i7zlu1LpguaFsC18AIaj3V+o1qgtbntekge8NVSh5bYgUQ9TpUHoN0UxuiLw3hCKI5FJp1Xow3CaMru2pjfrRqIco6ka1HefJgJY4Qu/nlljni7AlsfzUOhVaLi6cxldE7yLsfqnxLO4Ioxtfgf4jhnQP0lcDdFUsEAPmsvLtqrpcsznj88SLkurybUNiAy9sxFeQ4HcU/sTkYmpGG8yR6xiX0RlavS3Dc6oIWBEwkRECu2ONqOEoCHef0Zmx2Is/iNXmtmuFDgd0sYJQEna7MBJPYWuIsih8QASzYJ21u9iD3ukXLoPFXLFkx+NbTUgz2t9EtC/LNafncrSZ0mRGTpWuFzmb1BU7KUfBHSr8yJVr1VASCNpVctxy2k1mPdnFF7Bw9J1CPmGBDrne2U5kzbYBIxyZtivU2gMjsuTNCriTK144WBl5isiEfmY2bzStY+Os+ebkd+OIuSSjIS62UanaeDp6LcGDhKtwrHJXa+pxEp2znOPgoQRnxonxNj6HFYUSvEDws+hGd6eLXa4lYyW0mswsh427LGQFINvGViBqXH5OOnmvAwJ61OG+ml/Awoh39AULjfWIW+O5KDZkcDgd32ASIjlD9BgQocEp5IVI1Wysu8GtBE8ru9iAbTLhcjWBGN2/LG5vBgMxbSCeJispR7vjLuUYE/m1q33OVkzTUPChxSWywkXp9uAvpwtDBBfDOFNmdgkV3F90taGe2nmJsCAwyM5AJaNjWLqCMV0suiBqJqQhHGm/ptvyBSwU8Ar9hBWEXC+eznVqPgKKkjvmwipTMzzKmKl3jre7umIPXtdxdYVKEHY07swjJrLjnU+uWnswc94AJYQFvSxhAgYTvTW72V3AQwh0ONVavQpt43CXcbMDzZMhhTm6HoTUh7Muw9doTqb1WWPUmOpThl6cjoCxzAccI3AyJRq3Se9Ps3T1Sh6cOZ9v1qhwzFe4ALk+xfRfTWMBbpFp21ccw+8LmwbTGPn04l8bLjm4N7ruiFTD8OMZnszlBh2v022PDc+XEoGhqgmWXTnv6iRPwn5WHtaKj2FQoOM6+9BH8tH7ZrK+oKAMho/xMwHTjqyheGE2UymEgAiw4Y5KNwIOlFGZ8nYUEkmkR/eUw0ZZDW655Unbz66l9grh0kGxu+3+BTQEEOwlWBls9IQTATGW2qonyTuHuKPUAYfzT4G1CKGGAyFgCcrDN4yiTFQcbqfQxz0L9507E1SGmYxJHsoYdolPLGPYcHUNdTMvlqAWNPBo6hFPOzaltEJP27E7TeJg29sJpKPfqYUuPuuilyfLzcvTsC7IJWp2kDOh0D8jl+qGChF9d0ZAwhNEQgZI9wUqGPDrhcqIjJTHT1J2MetygpvLORau4qRR+i6soWw2ziEgj0dGJMo7qUZIIjYrjw5nJ1rWO20/l9XqRLe14TihDxSTqY+DMEAbfJcuQIkrFBabQHslYGZoI2PL+4pg2LRW62Vcll4uSw7jSaHd2VRF+Nmsb/p9q3LstMHMhILGR0exxSsPO8d3twO1PmB6JmC/QAYBir0E5+ZwhuNussQYUbWaWcTKQv+YQXGLEgHMpcmpdQAphtqYQhIM5sXuiixTA/HsTXl0G0Q0E801L0N6MHSE7WQMpmi0QfUbmixwYlybJpi3075fH4+y3GqYX/dRX8Q7tfW+ymaTmJmXbauo6HCzGb7Mo5MCodykWrjBqFXhkho9dl4ubr7QASbq6qbUylfQAMteMld2mXaoS0LqGai4xOI1sFYuG/BRigHhLTOuchybQohYz8+R0fKZhQmva47kY/KPg4CsfC6WlrnQNlTNLMZUsP3UbKwOqoscEx4OYw115s0u0utA7yTpIk8drdJXiL+y8lmWEM+khKoTvVtZBOYVLqLr9dmszhLIRCJTBOFFMBTAit5V3hQdIrSN/3tcOA0o9pIba7U1Gb/67Ik1bgE2ERbEHY2RYMPrIMFDkF+ZnZpSSb70ZnSIT350DoKZzGyn6x1kQmXsGjX0nVI5JLhdInuR665pLnt41FsZ86xtJpU850WVrWElik37vBGesCpx2bWtEQVVvRaj55LQGR49qx0kDQnw0bJ2hwol3gRtzGTqwlOudawgeacQMPUFLgqQ7IULvkKcj/TOuhknBcMlT2b3+/XCHtXHIB2X60O/dAtUR/ogKLyaCDJBj4dsCaA2ttIg2lu1gYL0cuvqW2XqgsHl3CEfCJXTZpMBGkrU4bNAO+2IG1Zdl/Pdxx+7r4+s0hH20KG6v/EklcEJzeGsfJUnH472pl8ffl9PEnRKtohT7/YeyPDkzOcvMJGAXi+JS8BmzKuMh+Mk7B/nDT9f99aAOYNOyFSX72Hw3NzU3+0qbPaklwe9GdNREWVksVTbyg8PQxMy5AJPfWq3+nHlJAwLoTAdMZyQl1o+XqKHFHOG75J164ns9qhPnnlzkow96OnUtz36aC6h3VBVPhHgeWWylpMvcnG9tycMmUkcQ11BRZWLWR0ZZoK/BAa/vzoYFj/Gwt3OH6WuHIvhJOCZS2HkcZcDOkO7Y+krsluDVpDWEsYkXZ17pIxJkHG2aa6ovVarCXZgEIMnbgU02fxDvBr2ONmRBfXixbo1ON4TwtGu3VpuJ81X1g0aT0/tQ11dJ0dicGw32V2RgQx13ZXpmDE425KxbZ3IXGsX1wJlWK+6woi3y7UMv0BFoO/0S/XaaHn0zKSesj29mVri0XyA0Na1vFUHOEKpBOU7ctmEOWdovUUPETTE4ooadsK5AeiU1Bj2dRWwtzPLzY8rS0e1EOyrod5mUNDldk4vp1R0gmev5GwuGxa8ey38nEaNgibFq/aKGeC+0NeWrUN80NFzwUEVNCKQHbsPrpabBEPj3HjE7Z196No9NaII+gIaTrxjL2h1ebLNY6Yem/JxvfDuBh2tfogbyUaT4x1V5Sjb1owOr2WG5dlNU5Vnaj+uk1nXU0+ozaU1FOq8HENoJp5W73bXWCFVe70eQ5I54OyhSb1hFsuGKubY64Pc43rpnLLVA70sBFyvq3U/EFogZSzhIZfC8NXnYyFXlcyDa2IwURTFsOLKcvC8CX696dkTPT9b9AtwGPVOv/RvGmdWs2pk64bcAcmyW3QnDnJS2RmznMMZRwzjZtoae2hVDN2mNsK1jAwk/qklIaKMFMUjOhDhrChHERv4lLmOPsHLjzycbGkybgJiL7Du8rqC+rnu+DFDeGNipsZRV7I2CqBcVCSayPKK9xKIH3J8cHXZUOvwLIEVG3GAbVXj2hOEY1/hAex6Cd/RKfOgWC1o2mWsifhsj4aQ6GLz+VwLvd6VO6YwNlgomMEJJ27DdZQMI5pQeKAX6IAvHAI520XsIJSpDgtvQqS8j4mKQHTlwEFAj7GKkvSc01khWk89T7xdj7pY8ouz+pQZw1nw1cDHLXySPiuJ+7becLjN7xmiwfEMP20uS9IDrW5JGBFy5D/Kyp2+QIaif7yP/NfTZV66eAH6KWiuaePv8OEqE3AMG0FU4c7mPxFS7dSpk6/D07kaEW9gdaajQiQPD4Nt71UjNPO4KGwOtGLGW5JRQAkNj9pMOlWeHR1aRc6u7UOrqyV8nXXYsXGRJvPO8SHKGSUIRRvlNOoOlIhzaCyVJqU69u+WbE+Pqx4WnXXVEvaYBUHse/kX6y8cAeT6Q9CboLdqx+Lau4m9bmcpX0dGZX0LS65PUgUihnli7qFnZDqBp/iORMSYxNZF3bRD1EMOKGbDSVqLNSp4zABLw/ii6Q9/4VuVmu88PPqq2WjtnBH3te78cSKwWQuvCWtL162WOgHTLXF27xgGlLddOmCtA8SgEeXsquED8QxFhUv0zT5+gQYGbHqp3ZVWK++uJhIr+zm/yds+sFC3WQmA4CT1vslIQFUVyHLp4sjTVbdzjJWH6/KoOgvTfUq/CvMUh6Sqk+VpZZz1bj8gRcZzGahTygoP7O4nTYgaZacSsyk88ZU/rrw/ZhJnUcKShwNbGVHrZYZazChILugJ6ZtaPh3S3SkUmvozauXnyzN2vFP3hdLFYcCpl9I1bD3f6Et0D6CD6u7TwsvtHV1APpTuPOCy39yeRqu6tU6dJayoIrQLany7mruT24WLGybDwqfpvIiH3bgGufzwm4E/J1EeFys3nhuWxAlY9RAjaZw8vYZnup77Pjlq/SHulGfmHO5Rq2EbPOkZcSJhu7k/L9hIwH1moCmqlxHtsWv0JHfPHGV89pqvih8EKPXSuelxcSl4z3qiJpnC2e0kn6+LC6OSWTzhBD2P2m7HaNIhI2c9t1OA697gG7wfxwEpz9jtHBA3vwtQBmYQMjK4qHVxiS0X29yLxB3rDkgG0mUNjasZ2t+gAYunmuLGZU99uokfl2Q/iVz+3O8Ic6GYi/0wHmJXFfFz6+bF6DTVSM6KVgzW0XIOofTfo8JoQKkXKmNTFLa9Cfw2HsZ9Gbw6VCZDMiWT5jUL2o8zjjN07iAM1lwVw3I1vNbILEJCDQ/wvYboqLUmZunXIJEvi9eetooVw5sSQ2Mo16S++3EZq7FRQXeMu9opIyqn/Ro8JgH0Se1ZVTmMP6IhsW1GPXCgoyxQuxVWU7enpr52Z1kR7dhqyUh5HKMwLvJEm8Mv3lwDy913+qV0Bdo/Hha/vI/nQVCvzrrowpTbSoHMz25aLs4FHoeLIteY7MzqmCmh6KxwEt/ZRgM8uUWwq68ddb6neUPKCaI/MoQ04CkZr0UKIWLO53l1YVlMed6COjj1qI59CIqRX8OxRL35zNm4cC2OKzOlF3wcLfm0irVV0fA9kbsOetpRARN77MT7E5talVwG87qQ41foANFemlecB60bL0nKGeid49JhfN6rXPXQdEaZix66rW84XpM7dFSGmbrdteHJeE4bM/p1AF0cm4yOhCCWDI+8PeXy5GXEg/TXyiNHvCx40OKDVcLyUJHHW+A9s/EoqM8Zv50W5ZqZ9Cn01IGUYxo7tPxyWGIpuqezswOFBd82a0BqxroYdfNEME6UJas6ULcv2jJGvmq8BVpSBwGCUissb+epnR7neNHCuma5TdFLRp5Ng2OPS6i7N7X2eC72hZPE4tBUy5dAveBuOUmPUZqvaGlj6P3YniQej6zTYllo0DyOjB4ecmwtIb+/FgfUbBkrXbUkBZl+7PztPNB7slpbdLsVJLxyVMRLLGIy6WWoQLZ3sCRhi9Lr7IMEMb5/0bkwgnh/lXqd6qVbt+fphcKkrBhh2Tx37DMvsdTZc2wgyv4wTwHL7Fs7sL5b2cpRipJeAR1hWGnLT3f3jjj3OVdkPQ3Dp1Yr4Y7sVwUZromGT4FPKhXCl72u3LfH6ojoabpQHmpeLbl8ak+tZw7FfrRbBH4G2z2oGNm+JzBBR/RdqNgnk7EkDFqX05EDJOh05oM69gUynH6HXoJXgiqESLUWbpXtYdJmcrvW6QbsMtDZXS76iBb+zdoyhC9C5YxcJgEn9DvzNO5Q3UkZTw3GzZiyY0tZ/px1Jpb7DCMBM2CZdPGn/sgdhnIXusJGOuQKQe058h0WiI6KvZh8B12kbNiuVxaFwm0mbu6DEZB29fsWdGl8oIqUrCIywYDIwyTbSJKvQMHv+EvoVp3kPP3BT+7ttVjifABZo9hTyPOwmMKYBUSquGM3KryODgrCu27ohYRlBkfqNOO0oqgGmI7Vg7S4i54eMZu3T6SPlL6w6LGz61ptxeSmbPV2dGSnX1TvdAmuWuZdZVR9DtmSlXqPtEv8RP2RxcO4MmBd7WzLxPGDk+MX5ST5K7/VcLkD7W230Bfvy2MY9g69BC99nfHpYwXiV/GuT8ZDMrhLY/BHwTqA2m5UJx4HigMf4jIMSDhusftwweA42QOykw/6JZG2tD+5dY2eqdk0ZZa2s6N4uV1PHYSB5Qw0jpcGqXi+OwCxyPHuWjuXwLYHBUU/1lLKUQaL48XqmQ0o1Nmsxd04b8fHckyP6sI7xQCP6yPEBrLdl/3IgLJVzwX9BTj0cxvA5z8drtBRo8f9lHpgEWDoGB7KF/LpquuJLmpueTg3YX9y3DODL0iSGLkbbGhsZJmxyRiEIY+RN1pKO0gk72JktV1itFr1eO49jn/ihpanmVZJWrVsZT+N6L2BeG9Ibzv9SPRT+BTLTOtO7CVmDL7rOUPzEIc4YQnlTgMQxtIgLc86uCOmHDdeMJpJ8lWdRwDBXgUxyfM6wENnR5838T6csWIOMb/kHr3DQXe7k3jFHAx0WIXwEpD3bRpsr5Qy1TkJV+rJ6LgTyDvfo8kN7l0PXrbehH3bl61l8ulFCCWLvZ/n/rQ+ki6nbldk6rYwIKS72k8aoWajelddpgIvt2CvyinR+2kqit23xtpVWmbcuWNr5yHhicl6sDfxHMlfAQMkexXFuJmpttZm1MVN0Yx2hVk7/QmFmXEZGY3qjvx0EP04x6xWjw4VcUqRe3dDngeYTKpE2ffDST6I0eohoScH+T0nruoN8e8IetqUI43R1NFfdheZ08sSpDZYlJ1ulnppWRzbnqBtajd88yTkEabpggcKJhYeqnYsc8FkWPZraAsuPI3QS/YkB36XN5Q2L9kX/1HBYMCzlwj2+lC2CStGjDG6HuPlQB6RKZ5lX6jJjjEyI6mr5Ugx1/3qRzeMBrJfj3wqRYdl4ZMo44Kuud/mPaDdJGCAfM3MJFBWM6KmEyxck61IVgQqZ9CgkVwz0vvtJh8Sz6E0n4Lud9t8OpmtT3EFEx98e/hjM9tQtqO3ktsWLDyjznl3zgb7vGgdBGNIF9BH7asaAgGavbCtXnw67ettIsJaXLuSmUZNqBcy9OOJnmEVq7hLNzTBskk3x9BSRvNwN/ioZVSRHU652ZH96jOGSp7spaDOpHNYJ5g0iHuct7h5N/epAn0BenIXp1t2x0UQddvFLluXvq7FIVKh3MsfT6q7G8ZAwOKgwBy24J7AjSmaJultjFT1CcTwXWiEwQ/Y6xf5iNKAaC8pPKDjcfCW1PDrqvU8ZnverqAHeZblAsV5xnTYoKB9XRKiGubYieB4H4QBweX6qSHGMSwxoMofAyJej1J9aP1ZXHq6JoAU6TcuIqg5QHTIZeh21dK7uB9Fy7qa7cHS9tsmy773SDJZN2cyYgvlhK/QxA+LPB0deHONCeGicPLwYFvuRdlc6s6wg/35xYyhNCDaSwdf7p7aIX0/ceMj1UeHBssuNzXUNrSkuwVGoaan9hqRyO6q57Isc0vUpK6xRU7fZ1FyqulqoSYsIRkM3dd4nwL5XC0HhWTAElpV0UESXegiFiBfkR5q2vLeXPmRL4qn4VR3Z6+9fJHZi8SPjnyAFBglJfmcg3m6xUdFVaHuHk7BA/G2y6TfhSS7ioKFf4GMAjz7Y2sDfjiY2mje3AAHKrucIxR0XDpsbPxuToKQaJcJ7ftx8qvETpGorYhsWRKUJlmGftb2zJ6Wk6tZNQ+KewNmmw0TwhkHiLjwSLoqs20xFFsm6QZjfT9MtpI6R7r+/tvxYzfPb8cf+7rsMu+i5T5lf7Y/CCUBkV6D39qmm79/K5Zl+N/H47qu7yv63k/5EYEg6AjRR3BDOpf5X7697Gep0t3633/joq7vyiRqyj1ayr7TsqXo0zemyfupXIr235l0rA+r8NESuF+B2V8TGOt+/bjysVPtY3fSDwD/E2v/OsBpjn79AjJBv7+04lxE8Icz6+975t5cS/n+DeBzpqibb/3Uzj8d//8NIuseWdMPWfrr/HcsH76OP5vmyzyblxfEP50pAn4nXuP+s3HARwj7GAeA9BeAEcGJD88vZ17U3LPf1R3o/Ep8xCl9U4L8VoxFeTjYhi8WJwaOchG0WUohPXJjQHL9/ORvxx/RAsc/58GPKXvdKNWx0nvabuEpz5ctUt5F6dZgRI75xYFr/HhdvioXOPYOv8QvKZrLZp01tq8s67miMlj8wRnPdu659iRnPHDH5UQIzX/8BUb/DzaSfEBmPn2YXQW56g3FCQYVEuspFOuTW0aYgshtND7UOnQYxwroNMyiacYYmOGeO1hjVWRtrweM3pRPg6KACJd5P9Eo7nRqBQ3R0BaQNN0eA9PwtmhcWM52XfIwDpp5Y9SHHp4396sKjxHvxAvZ0LFCaA2wOKm38cl6eL8hy6dXHO6jswf1yYm8bcvt+pTTFsds+8lDXlrhcJxRfnevFSggU8te04g5l3dBbBsFounpcY18C//4x2m2kdWnwZzM9Y6g5HU4w7cCGTlkka9x3ed4z0UnfCrph35Yv39/TelP0/ibmj1f83vFIfpVXT6O7C8QooBgLw18j6ssWfSozX7n9O+8/ebqiukKbwov6I4iKhzjKIb+xriObFiKE7wZ4pui8wrzBuF/Q97xd+wdh78DAHAM5AwMlg4UBuMIAmEUDoPfCLiWgaV6goEzHAVnFEZj4O84gt0+7v+b7ViC4HxnBRnYfVOZs/KnREMB0V5aV2PAWCxg4zufNUX5x4hg8mNEEIGCYaHQ5zf8N+P7n0P7U88IMP4So59B+Bv3XdF/O36G+6dIfsafy6alvIGyu2S/a4oirxXHseOYM6vCMrkiuHgTaTujs3k9FnUp0SvEMuYsMjzHHnnhrDG1xMCuwBYayF9sMx3myOa695ktLNM7hpDCUSs+g6uZO+A19sU6sFk/8Lc5vNa51XrPVGrm6Do0SffFbk0UBgn/QpUHPl4rgt6HPjwEiDgnT1aLwPGn11Tyas2CVmkNeM80z8Jm8eH1BEV+iEc+3imCCKdS8UjaBsoc4aIx0CcEwdIkbc9XjXchzWJWPg/4T4PAiCKsqZz6Q5G0IqTZwXpiPo2fhA3mYsQC1dFq0nLN3ScrK+LpEfhfIIFAYr9UpzmD0fSx79WBfypCHrR2tpc+vX4MSds0B0R/O3Os7NQhrwjNPWxpKEbTJqmEUuOYz6EzmxaqEjaYCF2HNuvEyAYgNo+403ITEvJPg1r1sYuWycQVemoO89SqAJgHWCsr+rgG/gauJQC/gmqOGGmKnGrmvHLmB9Sv4IBEf2lNUxLW08mphE3jqH/A4Aqt91z85HqeCCAIlou7thueTEgEr7QBYuB5QnFx68b1bfZilezJqa2T+S+z84LhCGCIALGJrfxrFsDseELob33kCLHGvjKSszTbrD3FdnFBERbWEerccUXjvweC0IA3L21pCY0NHl+Vn3JgF7aFNUFrNz0lt0UhB8t8w4I2VhF11hYaDsz7xXTNTd8Z+IMDLKM559oCLPYM2xM9y2ZPluAZL4NCI9muzoLXi1OyrOcBdsOnkyeCYUJB/jFs2xVykI1rnoOpBnHg7FGylRjlPze5ugyDfbGXBaEAX15oWH5l1lf9zgWV6QG1Ta5MytW4PtHm3rEHxKH4eFY36tx49dMwD/N64ajHk1e44sqUZ1uJpAg9T6doPtNe/8Ck5UU2MoaTJ79AG8qlc2FmMXOTSgrF/PQS0ccLRdpmyoKehLKeUsg2dOWewZlo3LFRx/h4eNpsUWwNJyLCUr8aZUDcTLrbr2r0xYYWhAQUeulNWyMcRlQKZnRU7GQcj2565nRtkU1TovsbinsP+zQqmH30VTMxhBVPL7K8WWIgJXWLvvradLvMd7wWNiXe6NQFgckOQ+ULeqcNSyL2E/0ECZps9NHWTYKmqI0e5swgcdxON6LceOaREsR9QifiRbZ0lC+5Hy2UNKpmSt5E/nHMYYRWaZ/kvngLEiHh9z82INlApVR2CwtC/IxdhPOY/GOPrlTloAeDWs0HO2N85JlsUuyLazcKJIbGsTOzqiBzPQtqWE5bFTNQ1DVgQfbKzGpKXDlLjGmyeZWozLr+yKvzKrCsw3GMqfwgb6owNnuoOJbeObbIAylQTnXIKJwmr2uWB19lIIG9Iy+p+cN7rqxxvs0mAtb6qJZrJVv9UZs/Cjn06TW8anlwPTWK7O2hb+ag4j0VKQQFG8oTpOniFlTB5/p5PQYJlF4t0AlwYEQvPqteyRZxa37e+2nw9QD7AFW/SUp2jtEkB9V/j54sBAr6PUHE6o9yedekVWJbjvsCFk68ky9YoWSqjMOWmsRIHPcRVFdkV4V7FSrR1NzG6qMPOMhnl2tfQ3TzRD490rapP6BGUtNFkgcgbk3aerMi0a0iiXuCek/Q6CpQ0NsXDFTJQ4muUh9u4s78KRZsm4IbX9j/qIoW5DCmfGQZZWV4pvrIky8gYfQ78hKTMtA5Ms9EuVU8P70GfgHHHD4Br0VSszDQhEUEFqLh1bxHPgaKk3j/zEKLEsBxAzKTDT6SyCJyUG6iHpyLow3OlR81yPhHX/l7yxBZjaekP7oFZqHeCFKgSDnWAK9LAJwqYljEIEaZzUogZ75CAzj0Eo4gJ7ZXocqAzgAy4TMxTKRoYr+pgAbZFWEbwDEEEm2THSZ+Fe7ZEQUd6BFrCLtmiNskN68eFEn0M7pa+Gt6TWrlXxAsYQ12g2dW3TE3gX+xEsgnh4V+iJ/tVDH163rtyO7pEUriFEoeAnq78x9/+QINClj00pHAqyIkudvSRcituekXSwgCE7QiEDyAx/nnaECf0naNF4C0SA2r1nLbx9sYtR4pSELNVlbl1TVfjU3Y6j4uGx6ImAY0skcsA5w+fQex4k0bKAJe+KGGPh4CQoh36xXWqxrSeCQ3CAYvqrRPZes1vcnefwEGAdx5gXmc0RRNn/g9+BAt158941WMQIDu3hqj+pCCqGc2/boP8EdzzHuAnmbtg3CgQL1gMGatcSrD78qqVUAhVAoClAIM9C/k90BGVMx/FTis9mlAWU1NY0aGEyD58ZCyT4Pd7U5r7Kf2+AIOTP/9s3YpD+YDVM/BxrnbeEP2dB2r+3BmRm2tj/F4pXkm/KGiOwi0J0bgeUaVVss3OGx7FdxV4VX+38htxuA+PkQUOw24d+67Pcawwx0/eCG6SjtqiDl0P0nz/Razdzy7FWT9khkI3wTdRvZ1Ktyip2nOBOPu/GP+ChP898/RyfCTtdlqjsIeva1sbrqKFulqqtqTpUCZ4fBj2ZR7k8pjBcPoDcvc/dOri1RYXye6LZLOZvpata1PjSLM2SQeW6iS0VSwhVetA4ahh2G72UoquncMoVTiKWMnVipCe/fvI09I+qfBwij43T7MNoJq9SqLIyRdsWwqvJt+9MnrObOrXcT2tsoPXwk8CFDp1V1J8uE8bU7PEM8K+Okm2pTAGIkBFv7znpCHT6/EluaU1eR7H8q9JR2l0R3oshtObkcayl7IJZJRWgNWSOly7aEunmAcWrSMCu1HgNy00uEC+HM1/K9LrdeV1zL4+GNp/I9FMzj+N5/K/P2/QoPhD2wwTX/sDgCVgiJ/+sAtShBAmK+//BUImLdz2ZZLlr5x5ZTcm8+32N7+7xtn6OJrqcn8Y+vm/wODST6ICmVuZHN0cmVhbQplbmRvYmoKNyAwIG9iago8PC9Db250ZW50cyA4IDAgUi9NZWRpYUJveFswIDAgNTk1IDg0Ml0vUGFyZW50IDIgMCBSL1Jlc291cmNlczw8L0ZvbnQ8PC9GMSA2IDAgUj4+L1hPYmplY3Q8PC9JbTEgMTEgMCBSPj4+Pi9UcmltQm94WzAgMCA1OTUgODQyXS9UeXBlL1BhZ2U+PgplbmRvYmoKMyAwIG9iago8PC9DcmVhdGlvbkRhdGUoRDoyMDI1MDMxNTIxMzAyOCswNSczMCcpL01vZERhdGUoRDoyMDI1MDMxNTIxMzAyOCswNSczMCcpL1Byb2R1Y2VyKGlUZXh0riBDb3JlIDguMC41IFwoQUdQTCB2ZXJzaW9uXCkgqTIwMDAtMjAyNCBBcHJ5c2UgR3JvdXAgTlYpPj4KZW5kb2JqCjEgMCBvYmoKPDwvUGFnZXMgMiAwIFIvVHlwZS9DYXRhbG9nPj4KZW5kb2JqCjYgMCBvYmoKPDwvQmFzZUZvbnQvSGVsdmV0aWNhL0VuY29kaW5nL1dpbkFuc2lFbmNvZGluZy9TdWJ0eXBlL1R5cGUxL1R5cGUvRm9udD4+CmVuZG9iagoyIDAgb2JqCjw8L0NvdW50IDIvS2lkc1s0IDAgUiA3IDAgUl0vVHlwZS9QYWdlcz4+CmVuZG9iago5IDAgb2JqCjw8L0JpdHNQZXJDb21wb25lbnQgOC9Db2xvclNwYWNlWy9JQ0NCYXNlZCAxMiAwIFJdL0RlY29kZVBhcm1zPDwvQml0c1BlckNvbXBvbmVudCA4L0NvbG9ycyAzL0NvbHVtbnMgMTIwL1ByZWRpY3RvciAxNT4+L0ZpbHRlci9GbGF0ZURlY29kZS9IZWlnaHQgMzcvTGVuZ3RoIDg1MjkvU3VidHlwZS9JbWFnZS9UeXBlL1hPYmplY3QvV2lkdGggMTIwPj5zdHJlYW0KaAW1mgmQXdV5oM/d79t7lVqtRq0NISGEQEICxC4WQwADtuNgD14SD/ZM2Rl7MpUpe4JralY8TlKVuMax4yqPpxhPjAnGhmDACLMbBAIBQgKEBJJodWvp9fXb7n7n+89rYVw1lSpSM7duv77LOf/59+1co5PntlJ2qlSulKUyQ2X6kjtOQz+zujcmr4wkTW3LThPlMDhVqaFiS7UXZqs+RqZxaDPRtAGQJ4Zh5MrIlGkow1TcmIq1OMwUYMpweMscHjAgV1auVwUqp54Iao5GQ5kyLZMVlGkxPs00ziY4y4tTCOt1DXnFoaHpmbFSkSySFvgFZw5H5jACslRmGiDEEhY3SZaaZlNjCu2+BiaLxLlnMzSGDjn1WGB0mQcgoNr841SxMvNMWRAui/J84b9c8747W66YzwFeQp48lpM/y2LpXLDhMFViqvFU7Xrr2KHxqVVLhq7ZMFi2HQ0zDcPQ9zzAMtQURus5sohM1QcDBTy/+pnAlwMGyxU/nN1X+rn+gWpTo7rw/hQ8HmqZnRoJhA+shQhhrHDMRDyazacGduEkaZLkuW+7Ee9tM1Dq3mfeGj85fcbyZeeuPW1JSUGJrQEoo0u9XiA3RIP0UnBMsO4eIrLffZDmwgitx90XIlwZDEIyVHQtUzbCEb1GUkaKvpqZmSdZ5prHlPr39+769b4jdrFodepXnr7065+6dEgpF7GbaKvMluW7zEHGHKaGL9fCyQ9wQ14uHDkKiDaABBotbIc3moyu9nApFsFcYGlwQBNIWkZcM1FmyQheaPL0YPCAh1asXN5CVdc85L8+8jSLLHNGqT/+c/g8ljmlLIyv2XTGnV+6aqmrVJI4IG+aXYNeYG8OSgBAJaDXFCRkXRDhxcItsIVoXvC6i9KpS33HMyCgwAtvZSTm331kOGai1FOvvv343netZWfOVwbV8Mon3x57fO+UCEdzFmayvkxaAAFneRTlBmJgYQMhiJz/L4deSllMgMUytguB0XIBWpn86ZMHCw/zVKjr3nVfCedlBY0EyHDJpGRhTXFpoko8gncqQZtM/Mv9Lx174ciUM7yuU16WLVr7yMsHfvX0HsZYth1nsq6Btz0FQq7AR05Z6H1CQePUojJWXIrGrPtQTxdfzPJQaKK3TLUs0Y6FQ2SFNqkgVomrjs9OO8XSfBRbnh8kHccujc920EY3VRYy0dBlbS0fIdkAYqL1Thw5C3Hg9xZE3x3PYrh2eXNKK7tYypMuICBgd10bEyCCIP+wAy4MT6tzyiR0SggTAZh6dU29wBGOZPJInLSMYT3BRnTjWH2uxXUnN60KfPcLlYNHxmJ1NhBdW5sBcwQ/1uIfs/nl0QI+8karAuaqRSvSFvjdk7fdgxmcpw5LPFoOx08BM0TLAO66/MuWjSz287CCR2nNF5K4mMSLykXEYLriB8VTaVigjcYQOYUWcSY8XdDR366ukeM172AQPEs1F2QGB0+7kwQIJEk87CqWJuwUHaJV8kCPJnLCR6axrF5ZgDhd9eo+5VcsRp7LFW4aPNctH7Ha81UjKyRBIZ7309bo8CBAUQgZmOnoLNjqP1mNP9EAeaTPhf+8FznKa0I0kDXvuJc5PCUmo4LYu0haRkmolzu4nSXKtgQ5uOGq+OLTV24ZOfTS4SOu5fpRcOmygVvO7cebNZPQtz0YRvwQjmrnAR5YiWiyICKmARxuTrF8AUmt35ID6KQmtw0dHgQFACRoXDcPMTHiPLdguEZbYItgOYSOLiyCuX7ygR+wxmQFH+23hCTGGiFzZLZZVOqqVZXPXrzpH55907J8M29eeObSW67Y6kMwyxmGjViEg/ANNUVsHCBGCvXbxU7ZB68Ebw58GjmWFZHS6HvWckTzAENqgg+TgV1CNJsUTMQ3GyxmxjiBhipOK/X4/mB8srGst3rTes/TTkcDE8xdKFkQNQDgMmE00kC9XPwDKMO4hVVY6NRaUA8jOZGFiJXnYMLILkrQV5IrfP2CsLor8ivuQAaT/YkP7o7v/gKE0WDVpZ4LOXPx2aG2uZJ+xSotpR7bk+w98O5pS2of2baY8O6Jupn4LFBBM4SVH4DDFIIsPOwuQYoChguGokfiMnMUGGbhWBnHCPJMTJJbsmPmT7RVKxQtXlpVZaV6ARFnluCboHEt5TeU0VGCKLowqBdoaAy69EAhugBA7FL+pwlLiDabFgpiWhZOsK6XZiTIsbrGMspVhJ+PlN9WBpgcb6p6S2EknquWFGXYAFJMIqFMlBpoItEwzFzPhMfkrUEm2SeIscTRpjoxl7uuMVhWQ0WhgugkRYBemgEwEB2q6eftTIWWmte8gwro6gc3qgZTsEUGsKU7Hrq6MoPLUDE2qWDKkn7V5wiGsAs9106U5XS58T8f2T3WitxSMQ+bo1X3livOm1PquX0zz734Rj1MZsJmlkUDJf+8lafdsGXD6pqJG3ZyN87C1DLu3rHrnSlEUXXjzmq3/blPXPHOial7H96ROr2WU46CcNPaFbdsXYm/acdBxfFF1USPsUTBeDJWf3H3ky3T9z07q08u99QXb70us0zDKMPfN6eiHbte27n3QDPMm4ERpK7vuiODpXNXLL7uvLVnLXaRoigtWiahQ/meGcW56RjtXMXk+JF66Nl3nt79+tHpejtVURTZaXTWspHL1q+58cp1JU/d9+jenfv2uuVqGKleK/3qzVesHCojnu/86OG3ZpLUq+Vpuqxq/dlnL+2xLDTl8V37f7HzQGCWyFayYP5ffv5jy/rVniPJvQ899uqBo8dn6qZpFWxrw6plH7v6su2beqq2GE0W53ZXc18ZP/H2fJo4hSyOVg6Ui7Pqvh27Dh85WXX7W2TOvUPknMdnZg69dujxNw79yac/esmAMluqVPJQ3h1vTe2fV5avjMbkef35jWjlwMAbE8G7cTsiswxnD87ObN+6sp+kyPFE/kQEEmRco2XDyh2vnXhw71hYqPm24cyMf/XKTVhPYtgY2bd/9srjrx0IMsswS/CoWO1JnNJUo3FyvPHqoeP3PP3KRy8570s3rOsxROngeJ4EyMdz3Gaq2pZ6bF/wt/c+9PaJelKs2qUl7bDjVBzX9n49PvPk4V0/fP7g179647MT5i9fniz2poll1tL6Zz9WQGHbhnr6reMvz4aJ3zLDfFUp+1ouS8Cr/cfqD7x4MCwscm0jac9tmlD3PHf4Rz/9hVXqSYyiWe5Ns7yexNMH60/t/uGt12y74wsXQrHnGFJRJsoMbSeDDLOMYhzNwx88uGu62eoZHFbNrOT6M3lMveT2DBI+jjZm7rzr5wOfu2Vj/ylP17M4MjLbLxpGEldTTKFmqW3btu9/8XBYrPpW9eDJd3a+PX3NGoKkhL2ukxMfr9TJVP38mVfiyhKr2tdqTK8YGrn48q3EpfFY/YcfPPb8eMPuGw07UdHzSnmUpkmD3KZaNvJyGvc1lbrryT37Dxz+b1+7bin+IUl8RCRRPk8s45F90bd+dD+GkveO5G6xlcalsttpN8M49HoG8P7vNpv/5tsP91Z7SyMbUtOI8zim5vctnACn0ztoZmFolBzbNCtEFSEWyzGLtaTQF5cGW2FQ6av91V33z9dn7b5lcQ7xkWPaqWFnZpHsBQv/yaPPFzz7G7dtYa7piDsSL4coDMOJUqth2Cc7nbLvZnMnquF0rXOi0jxWDufSsBVmqdvTM5tmv3hqJ74PZ68demLkQZa1DCskt8ZScLLbzx2tWFzHkXJSv2/H83tRXjIGKRY5cc9gptTO/eGByY7hVUmK7Sg4/5wNtZIEjH/9vSefHO+4AyPNZlAtVhqT0+HsXDA53hfNqpn3ZuvTbcNKnEpWHn7pePTlO+/DPxqS4VJQoHfmWyfiO3/8D8fsvjotGd/rdFDMljF9tNY+2RtOWnPvJbNHSy6NmPTE3GwnzTthmsWpEcdmlhIn0AAiRBJ0HKJtFEgdDLFd15xneU6Ism23YLqlk/WO5ZaSoO2E871Zw20etzqzvmUEACz2OYPL7vv1c3veS/GQtmgApux6aQe3IxVxqrKyZ9ba8zddtuWSM/txp68cmX7guZfeC/PYcOaazb5qz8HpqYlYlQwSeJVGYU4TRtlJEtmWB+s5V9bU5tOHH3z9oFkdcAs9r7137PVj6sIl0oeikCF+I1Xczv2/2RWVe+C41a4POPE1F48iv+/97OU3ZzvO0Giz1SzaeTJ5+KLVI+dvPHPF0iIh7sDYxKOvvf3aoQmjsjSz3bg8+M78+N/89Kk//YPL7CR1bRfb//59O07ioXtrbh6mUauaNobLznXbLzpz5Uil5swHau87R+575MmpyDX9/jjTPg1vZTk6nRJfH+OFMlWw/dzOw7hD8IdPHKT2URTi/LDI6amZ3mLBjOa3nr70tlu2r1yipmfVXb94fseuNyt9yxrNNslgFOWvHzy0ftlqktoCAR5HjPL7mfJda649WzXbd3z8hq2LBDT6vmJt/6rhj/zJ3z6irB7fq+SqfWDy6ESgVldUo618x3dNZjsZGKdSMBBtieDXbV37m317AhGfN2k4D+3ed871661UFdENS/zGy+/O7h4/1qkMeypxWtOXnL1kRVHtnsx/vW+fXR6d7zS8PPajmdt/b/OnLh1FeMwD+GVLh2+9YPgnT7371z9/1upbHhiOU+x/cOe+Ky7cvG2ZxM9HD6sn3627lf5GMGNaRlqf+PRFZ/7bT14gThyT0jX3NctGb9j8uX/xrbsn4iAxwd4i+wJPmgN4CUFQkncz474bZHVCLkHX8cjscGJYZ61WtTtTV29ee+ftWyBZUrWSOucrF37tL1uP7Bkr9Q5RiwQN692jx0O1WjIhKVcs3LWdZEkadip5cv3WTZsWSQ5UU0FZReVMnVVV55y+Oup08swMwMsvB6lOB4t4h4gGEyxwHIemjOSPOn3eNGRsGOqNGvOp6UZuedfbh4/FKndxIEjEwNh/+dzuDN9LnDayohXfeOlm5j6z+43J2I5UZqnASerXXngWXCZr7FGqmuZlnFWSDSn1+ctW3nzpZhXWkVnkFmeM0hO79+NbYdNv9k9Mph792aJDHGicv24ZXCZvKwSK8o6LPiJnOz2zqu744q1Wa8pDTbIUAizHwchBXrs3K6NqN216kAW/gAlCIB4gzTLbcUlLeYXHWORn37x9i8ZNFeOkqvG88ZKNNnmGMhud1PTKU3MkijhnYTUhJAYERViWxoOmdfn6YVQS0GZm28quGOJ2B8qekYXI0zQ9K7JpDTEfxaSMN3BjibSe40xyrRaLGJJTX3v2WTaASSGd8lQzfWr3BBEM1pB3vzKldh2espRXMezW3OyGdWesHaBBol5587gqjURZ6lmdAa/96WvXFLAz+i1pLhVpnuI+MDLO225c30OlZcS01LPa4l1vv6cZpN46dMgoEI7oyMSFYOYPb7pKAkmcl5xcHGOAoqqKb3mJumK5unzNcNKcs8khHNxF28UD6qCX5E5qm5GROo4Xh4mEMW2mUt1kVGyO6fpBc+6WSzeSzvtUy/hxi8xCkp/TTxtw3UKbrrzbEwnnMAqZLq0s/Kb0gCzy17jq5L22UCIHfSpKbywOEA5Jc0SDhsVMaelKRSdCAlBO+iLVIkLjIe4DdScfumDN8PKBatZp2KYdW/6O3W+Qk8xnonf3PPHCTF5wC2UriXqt/KbLN4LK7ExSb8WJ4TqeH7Ua60eHlxiqzAvWMI0kwcrzLOqgBJRwQ45av3xxUJ+2bZsU8GQ9mKZ2An6jSaJumU4WRssHetYuESILjvgAlaYO2kKmlUodAVM2rhk10yhN2GeQx1ae6dqKKeQGcgoTREByAIBTfrjPMs/Kq26OFNkDkUE6kYdfRTvzbFQehuo/rRbS6hQoYhrkJB1DtVwnQgocLMLiyCFhXwVGF9H4wMlD4pM8p+uvrQnVYW2pdqXSW+C+2F2uhirqnOX9hXAK/bfL1ddPNp4Zkzpi37Hg5XcmsurAfBJ35qe3jPRtGRDeJWknjucdV0VhYht+b6EHAWv+aDSkE5fLvkIasdnB+F43L+VxUW9EkPE0O5oDUewQ4qUAN6quj10jmBSfCtK21VZpSLfYydu0nnFH/b1xEBQdF2xRFzOX9gvj3axjyS6P1iUkoCnVXDdw53Ye2VloG3mhVMGmpYGB5gmjpSHk22bBSoHgpm2isZPHCA8tFEqky4JXpG+IFAUj0WgtPUE90c1fF2wyZA6jdP4jspFDenKsQKDJMke3AOCHg+HSLsF7bF03aHfyuNPJVODV7v/NPtrqv9q9fy7DNl3cddFMP3H5Frwb0sUsaNlkVA+WlyWmqzBl6dQR9CHSEJ9hEPW5ogRAzC5dH2ww6FBIsvXDILD1HA/3ZhhWnORhlBMewdPGrMkcYLVomXRRbNvkVb0TOY6bAVMrXJcmFhUrllYJDR/p+QBBP4RfQq68BT+Vue5Cvio5ABAEAdMUZLByst4YE+ERWNHlEa9kpq6Vlcy8YqRFK/OFPB7SrNILdH9so6SoBHSHgK09stZu3COzAx59URhEQwB1oI2AAG1HIJ/Tr9YtRu1C0qfcK+0/MXffW+qZQ1OJW4zDyM+ydSOLz1/lwWhXZX2lcsHx6R2LyhnexMRxIETkaySFejMK2Kny0szGy4P9san5TLIdobHsO/1lGTYwMEioYLhX7DlyojExLYwOw6Z0NmSvKPVgeCotdUT18hvvuA4qCMU5IZoxWochkoLbT4xCbLgZEqYTLe13SEN9pVODSDAM10hhkTAQbMQB6B6eJFoW/oEQShZGt4KFRAM5U3G8DtzKTZvGY1d6kKINCpBdX8Vy2JZQJVD1RJkrvMdMTdIJxoti8l6IJwPJMPCrtmyw4qBU8NM0jUz3p0+8OIaNk/EbqRvUr96yAW/uYH9JOlBQI339ZtDJ4phSc9/YyVfGFeUqB4jKWlx5LpqITe0eV68fPm56Rde1405jUX+1p6w8Q50+Mpi1ZvI0IqefTewHn93P+Mwro7Q4OZSdfVA4QsK+f069PT5jOIUwJpnWdilLdcmDj7gBCVw6xUOjIRQc4LJwRXIlrEZ0XcZLhOvqo16FKdLNEcMyxUeIJMTm8YBIKkssUoeYRhiMFkYBULMMP8BdxrYzw8lEDDuBraysh+knJoWVaSEnyTpAT8KN7GtEKMK2dctWLO5LG7N2GsZJMlYPQr+Kg/CS5oah8tUbK2gEm+sIiIvLNp7ltuslJ6NtMV1Z/P3HXh2nX4LtADZLwjxvgpSt8D/fu/dXHb8vNtHR0Epa5529VnAmAp8xOOI1zajRpIU0sOSnT+z62e5j83RiukRBv2mS3Y+F6i9/9MSh2SDGo7pFqdUkTAq/hGV55mRioKwKD+AxjhDFxC4zcgYGgw+/pMULTBB+Y+/aEwBBhwgRAyzHKQvXhInCGmCz4Yan135DM1rLVquSrC0uDkFJpStrCGQ9YOGH6rJIaY2uyUENJw6RrCXDLVyy/vS8fmKgin4rr1TFe2KueXP68o0ryWoBblt+Vz2u3NwzwqjOrO0a5J87Dx/9rz9+/s2OmlJqzrTnDWPeULvn1Ne/+8s9R2dUEYHFTtwcrZjXblsKPoC6YNTdvHLAihqea9fpgNQW/5f/8cB/vmfnnin1Xq4mDeNAoB7YE/3xnQ/sPnKsMLAYzUL+aJUOZeKLgbPAciFZNId/eC9RLBygdtdoXFdhZbCmOE8pEzQjdcSSJgPBFbVgBATSUWJ+mouCejhaes20GbWRBpIkCdQ0SR1iR5S5yg5Sw7XYC8ZyhCrWSJPQtQo8SUiZE5EeB7ZvykYz+ZiNOV+7eemjTyVTQTPPC1aUeAgtaI0MVq66gGJQ6Z6eEMpckrbbrr/oP93zsF8pJuyUlrxHDhzb+ec/P/v00eFFfa5vHxw79so7J2Y7uVUbIu6XrTSbmfijW69dZUvpz8Hv7X9w88vf+l8zQdPxy5HthOWVP35+4p4X/m7JQKWE/Jrh2HRIq9LpG+jEfMHBupKbUUQQfBeIcrx2lkEUZuRAqhzdhEq8M/0OBlKgdZ2qTo1En2UXhdAkkhEPTWmDOQR0YGF0QJ7OSzLoJKFPVrNtz3N4Iz0j8WmyMCKW5eXI6abgE+J2hxSLA6o8Urqw3d2honLlIY1mepXkKnyIQgbAo1FfbTtr1d/vmbAqFYf2QdDI8M7bL6RUw48TSpklm1Q6t73x3MV7xs568KU3in4lNUpmz+KTnejRNyeMvYex4NRwYrfXrZZt7K85pVoTH9t29u9fsByBIXY0A5TO6lN3fOH3v/ndv5tPeo3yYGIW7UotdeL99dk07hQKRdXXC/vmZo5WyjWCk3TTooivUNDfJDfFUeR5sUD9GHlkecQMmkya20I+nEEuWdrpdBwUkGVFu2ESRYt4Trwg2VfJd9qNuapt9vb2oMpmQXnk7ZIYGqFPqm1mjSASuuWQYMxUoDHf9D06w/DbM8yq55copXRH0c6zkp2XC7SXYgIIU9BNvTmEH3fE9ep6advGM6UcYEslCh0jHak42zctI3KasjUiiKIQMJ20Ds/x7z563hcu21JutVUzTALywKJX7vFqg05tuFhbUvOKdrsdz84Ww+Znrtj8jU9uq2iRk2GzFglsn8puOcP/m3/1iTWFljl9pAp1UZh2Agqk3p7FlrKjuel4auzzN1y+dfVQ2pxxqIAt6CAK8cWSGFbUbllse+ZJwchd05CdT1SBIBwn7FV6lknnlmGuI/pLf5X9u4CCX9cWwvuoXTQSdMpM2q3mHHMpa+kwKbcxZTdTp1C2282Sy86DYAwgyVrEAyEtQ9UnvcZJBJwHgRM0zHbkK5eSvhbVrRNTdrnXaswVSj0kWxCMC+/mCawhrgmvyycJFt4wxgnlzebVF6wfZStd4rXkmtgO6ScLiVNiwUz90ZXrVo2e8fePv7Dn0Dh7SxaccN12J6KdUraNQtBev3rlrddde/lKBZcNCmubbo30IvBrYafuOaVLV1e/983b7n7kzRdfPnxitjUXNWzfYzdiUbU8PNp/80e3n79K/ccfvF0ruPNBQBWOweOaQAJdqeXtatCKo1azMVcZqWC+luz6k6m1qvF0Z0q0oxTNZI1pW0m5wxSJWgRaaAiV25lJZuo+ChE1jBDQEuiNAVd9+dpL5zB1kt8oXFbwqjDGklqHaQI+z/oM64b1o6NV9uy8nA92os7aQT44yGsq/8JlGz9tF9E84t6Ao3qFfRKfC/RbqQ8tl1KlaalHX9hD/wGv43q+b6XXbT2D/o4rUsQCJBcSB2WQvUh5UtWbJtevNrevvvCFA+Grbx0YO3ZirtEsLqr0VQpDFe/Cc87cMFpEkRAVSoW3BI6oBVymK1KoEWgQ2ApL/en165pXrxs7ls4n7enpmdP6lwz2u5UeVlPkIc3JyYAGZLXW6rR7+iu9RTQs71XGV265vBkVcstNs7DqpIuonTQnrjl3Vb9vWcUaqXDWmTt/9SIPdxwHtCB8tIMuoOEtqalvfvGTQGUnlwJyuCy1vpFEOD35PAenDLKcpK0QjtsUtGGEMK1F9hpaDmM4GAMNnPTF0T3CI0GTURzQbLLTQSJEYkSfhiRUmXXDeHpSfeO7P+mUBg2vFM3O3Lz1jDuuW92vUlvKUREq+hAlqc1GD8qr7RT9YlsHZ4UX6ogMxFMxFmvjhOwu5agEBoHKYMA0HWLTfHe21aRrVijQN2h1OkMDhT4+cujum+i5yJIu0Sz73K9Of/uH93SKo4Hyotb8Teev+uvPnF1OOw4dJ1RE3K4czMWnEdzoG3ELWP6DDHwgHlArCl7dX8ma7dSk+7hgx8zlZBoKLR/H2MRRSWDwxVmYGXglSGKEAIMIug8U5/qONp2tqxpcPlzAoRXY4su4I5EmpzMdiwn8ByDiXVCcnz31Wt3tM3BNadxvZzdevBqR2IKtNCWkdcWKuk+iVRMPQNJFOZ7FWV4w2PiWCKPJFAJAlcWpxGXnE79vSoXEXmFGrWl637n/2cf2HHK8WoAFOc5Qxf/Kx6+9aI3UyiyFQiBcdPnhvY3/fs+j7eJwbPrMt+LOljUrINm1CInyaR7BWbAjC8aFg59OSBjA5xgxG/RYES0JcSH4C1RKnLUsobWEPqT4Q/19DNB4TnCS7A2/Sc4bSGWAizvFZaZpVwssJjIBYGQRkEnQAz6YMEBUW+5F+8GDU4pZ2q90FLVgD55Mnn/zXbP3tASnMzd17Vkrz6iIVjJb0AFLEIGPbHfKd0SA0d1b3VJA5JDFvolgwjBZVHbRxQS04SFrnoAFGRE5ACtu/8hHHn7jf3fMSugX+FJtcmbuz75/99nLB04b6l08UGNv6vjM/N6jk29N1DtOX2aV8zgpZsHKxaUrNlXACtFxgAN1Of90mbxAqZCcEkVyeAS7BB3J/IRdXAvemiHoCv5H+CJsgxn0aGkKopO6zQdM7YhEid8/tJPmTvJpuCxQwYQ7RncNfGG0PNIiFwFLAqEzTdaW/apnX2tiFLCh2S5m0ccv2ciWAl8d6BkaqhAkwGVvlbJVL6TNXRbRnwFrddZrgQn/mcEBryNFtwEzCz0SWP0t86Yl6p//3hXfufshb2hlhNMv9M6p0pNjc9ahgyoJ6GZHmRnZJbe6gl0K+F7mY436sS/f/oeDjohfGkbSWJciRePVRUzjxI9wVhyIxmXhV9ghE/XRZQvDmCyZLWMM1xAzf/84xdX3H/z2Au7pSfKku8TvXmn2/na4vmIpGHFgKt/1+r6+/tFWMF/Lw/PWLF+3SL4At7oGIGLRbBMNEO+kD3moXwiiC8cHluWye8d4qTbklwpMnAq70IOW+c8uH46iq+566Gm+Eij3LurEuVPpT+Mi5FMJs2vl2F4Uxi6t6Prxipd86TM3XLzW7UeLpTqghnPo6Wi/Jov/duXfReX9592L928/MEqedZ9/kNELA/6f/KNk6hrgjsceCttTpk2XOzPazRtu/izBlgIMlyHWJp0brQN4BnggyvohDkZjt1Ltk3xJ8c9HVxH+Ysgp3H718k2rhr5/z0NvThzwSj3T86FVKKYWhUlCfYIH68F+w/p5a5Z++VM3bhgypH0IhLgtAUnaloKJKOWHQOcfG7rAjn9syD/1HYzuGMYz74zP5F5kV0gXq1ly4Sq/lCrip+R+p6xLdwSgSLuPD0mZxBzNkyxq8YGSMEY8thcZDu1V0qSX31M73zg4Nts4cnK6Q//UcPiSYnSwtqTiXrRh1TkjiEj5aeZTY4nX7fKWyttkV1w2VBc8wj+VC6fm/f9ldGzIZ3PdpJAVqSyIVtLMl9KR7yjxLZJG4lzhELkPY2DUh2O1MIeAwzQgCEBAcSbw1DKBTnjEHWiPIF/G4F8o1nE35LaSIMqXqWSnCzzucjpnB1aMiwZ7Yknv4sNhdIq3v/P//wBkfQfkCmVuZHN0cmVhbQplbmRvYmoKMTAgMCBvYmoKPDwvQml0c1BlckNvbXBvbmVudCA4L0NvbG9yU3BhY2UvRGV2aWNlUkdCL0ZpbHRlci9EQ1REZWNvZGUvSGVpZ2h0IDIwMC9MZW5ndGggNTcwOC9TdWJ0eXBlL0ltYWdlL1R5cGUvWE9iamVjdC9XaWR0aCAxNjA+PnN0cmVhbQr/2P/gABBKRklGAAECAAABAAEAAP/bAEMACAYGBwYFCAcHBwkJCAoMFA0MCwsMGRITDxQdGh8eHRocHCAkLicgIiwjHBwoNyksMDE0NDQfJzk9ODI8LjM0Mv/bAEMBCQkJDAsMGA0NGDIhHCEyMjIyMjIyMjIyMjIyMjIyMjIyMjIyMjIyMjIyMjIyMjIyMjIyMjIyMjIyMjIyMjIyMv/AABEIAMgAoAMBIgACEQEDEQH/xAAfAAABBQEBAQEBAQAAAAAAAAAAAQIDBAUGBwgJCgv/xAC1EAACAQMDAgQDBQUEBAAAAX0BAgMABBEFEiExQQYTUWEHInEUMoGRoQgjQrHBFVLR8CQzYnKCCQoWFxgZGiUmJygpKjQ1Njc4OTpDREVGR0hJSlNUVVZXWFlaY2RlZmdoaWpzdHV2d3h5eoOEhYaHiImKkpOUlZaXmJmaoqOkpaanqKmqsrO0tba3uLm6wsPExcbHyMnK0tPU1dbX2Nna4eLj5OXm5+jp6vHy8/T19vf4+fr/xAAfAQADAQEBAQEBAQEBAAAAAAAAAQIDBAUGBwgJCgv/xAC1EQACAQIEBAMEBwUEBAABAncAAQIDEQQFITEGEkFRB2FxEyIygQgUQpGhscEJIzNS8BVictEKFiQ04SXxFxgZGiYnKCkqNTY3ODk6Q0RFRkdISUpTVFVWV1hZWmNkZWZnaGlqc3R1dnd4eXqCg4SFhoeIiYqSk5SVlpeYmZqio6Slpqeoqaqys7S1tre4ubrCw8TFxsfIycrS09TV1tfY2dri4+Tl5ufo6ery8/T19vf4+fr/2gAMAwEAAhEDEQA/AObApQKXFOrIkMUYpQOaXvikMTHpTgp704D8KcBQA0D0p+2nKuPrUgTgUARhKcE5qULzTlTJosBEE9akWPFSbCPen7e1FhkYTNKE5xUgGTTxHzmnYRCEFPCc9Kk2c08J7UWAhEdNUOYwR171bEXeiKLCD2yKpICJACoIoZc8d6srDgkj8RSmPn8KLCOXwaeopcZNSKvNADAlKE9qnC4GcUFCaVhkaoCaeEqRU9KlEfFFgIlQU8LUioPzp4SiwDFWpBH+VPCDFOC47/hTsAzZTjHx0qVU3deKlEfpQgIEi4qTy8kVMseDmpBFzkCqsBXEODUgjwRVgRZ5p/2ck9KLCIBFz0pywELirMcR6HqKnEGO1FgKAtycfORjrS+RnPBDds1oLBuyGHHalMI3nHXvTsI4VUBNSKlOEe3p0p6qSelSMRUyKds7VLtwKApzQA1Y+1ShBinqvFSKtAEYj9KcI+KpvqBeeRYJIhBA4jmmbkbuPkUZ+8M8k8Dpg844vxB49kjla00qXzIwu1rhhg7uc7cY6cAH2PXg0WGdhqWvaXpMbNd3G1hkKgUkuR1C9jzwecA8EiuWm+JsCTMINKeSMH5WecKSPcbTj864C9vp7+4Nxcyb5CAM4AAAGAABwBgDgVXB59KdgPTbT4mQyTASaVMI+rFJgxUfQgD9RXTaT4s0fVdqxyvDKTjyp02t7c9OfrXh5YEADrnt3qVSV27JCJQ2MelOyCx9GogIBA61MI/avHPDnjm60F1iuppb21ZeUJz5R/2Sfp0zjn8vWtC1/T9et/Ns5VYZwQDyOvUdQeCeRyBxmiwi9HDmpliHerCxbTmpBH3PFAFYQjcDjmpvJyelTbBkU8DFAiERjpjim7cZ/rVgioiuCaoRwYX2pQmDU6KOlSLGByaixREqgjpT1iHNSbMDipUQnrQBEqYokZUtnlMiRgLkPIQFHoSTVgRgHrxXnHjzxDcWl8llblVHlZO4BiM5BypyBkfjg9skEA5LWNdk1CCG1iQQwRgF1XrJJtAZ2PcnH+cmsWlJLEk8k9acqE0XKSGgetFSCImnC3Y9qXMiuVkSjJpTyemPYVZSzY+1Trpztjac5o50PkkZ49CSKvWU8tsRcWszw3MTBkdCVP5jv/8AXqK7sprZwWXAPektNq3C71LK3BGcVSZLVtz37wB4q/4SnTHW4Y/brcjzhtABBJwRjr054GK7DbjivCPA+q22geKILgPsSbMF0rYOxCR827GODgnHUCvfcAD1ptEMi9KDnNScYpRgCgBgHFMI5NTEcYA5qPBB5oEcSi+wqVVpwTipVAIqRjQg4qVARxilA9KeF54pgUtWuBp+kXd4VDCCJn2k43YGcfjXz3eXc1/dy3Vw5eWVizEnPNe++KLGTUPDOo20W7zGhYoF6sV5A/HGPxr59IAOKBokjTcKspHk4AqOFTsz2qdWAXFYSep000rEiQgdQCamSLoagDSE9sVdhHAJ6nmoZvFJhFBuODnitnTrAvKoAyCwHXpWeX/u+tb+kTbAOAWJFC31LSOwHgCPVLIxLiRiM8dvpXnXiXwsNCdo2Rg2cYY8euf0r1fQNcEcscbZVDwSOcVV+KFhBfWFpdfKXBO1gfpwfzrpVrXRjUg2eNWtr5reZvCPGV4PBYEkE59jivpHQL86roFlekbWliBcDPyt0Yc+hBr5slZothizt5JOehPavcfhdqX27woLZh89pK0eSeWU/Nn82YfhVHGzsiCAMUoGTUhptBIvHpUTAhuKeaY5piOTCGpVTvQvWpVGakYzZjmpFHNPxkYNAGO1ACSFUheRsjaCcjrXzVfQJbahPDE4kjjkZUcHO5c8H8q+kb+1e80+e3SRo2kQgMpwQfr2r561jSZtF1hrOYqXRh09+eR+NA0Q4KAL6CnooIyxAA9TUU3UsT1Oark5GSSKy5bm/NY2oEifpKmfc1bEPvx7Vz0LkEdcetbVrOWjC9aiSsbQlzFoIq5LNgfWtOwvrVBsMoBXnnvVb+zHktfOY7UI71zt00e5ljLFR1bNKNmXNygek2Wp2ogUfa1EpJGD684wR7Y/Wuh1KY3/AIbjhnRl2rjnoe2Qf89q8ZsI5ZTuSZUUHG+QlVB9Nx4H412uiaje+U9lKXyOCvr/AIitG0lYUJuTOYnjazvnjdQQrcg9CP8ACvUvhu+qFTEtrZwWKqGkkTl5Tzjv/Mdj17ef+JYgdSRUQl2QbgByeSBXsfgbQ4tL0KGRWYyToGkDY4Pp+HStIO8Vc5KqtJpHSgU9F+XnmjoT9KRSQeasxYjDHSonIweDmpetMYDnjNAHMgc5qVRTACcCpgtIY7HGcUBeRTkxginBc0gAV89eJlLeL9VBySt7N19AxxX0Njb1FeJ+P7VrfxzcOfu3ESyAD02bf5rSlsXDc5JwJRgjpTypmiSNgF8sEKy9cH1qQRjPA4p+zjiseax08l0VNjKgiAGAc5HXNWbXKuozzSshWPOMCnWiE3CYGRnmk3cuELSPSrbRJtS8KQeVzjduA69ua4G80y505prSSIlJD94r+WK9c8NTHT9GiluUZLdz+7codp7HB71leJ7iB58wojJ1K9etCSSujoqU+Y4jwu39nSzrJGhSddsjspLBf9nsD7kH6V1WmwWKXyGxtWhiBUKgYt0GO/c+3rWTDBG77oxgZ4HpXY+E5YrK+3vAruBhdw4BpppvUhQcdjJ8RaTE17LcvKbd1t5GXAzuZRkL7Z559q7r4dyNJ4C0tmznY459BIwH6YrjfGuZrkx7tgYPIxxnYirzwPY16HoEUdpoFhbxDCpboMe+BmtIas58TZK3U1QM0jdaA1NZsDpWpxB0780h6ZpjSAUgb3p6CMNVzQOmDmlQ0c4qRksY+Tnr7VIowKYnTnipOKBiHBHSvMfiVoN7NqlnqdtDLLCE2TMi7ggBJycdBgnnp+leoY45qvfWn23T7m0LbRPE8WfTcCP60NDTsfOpwrbT2NPVhj2psrfv2yD16EVHI2BxXM1qdsZaEsrIcA5O3nA7mrFnLtYEYXPHB/nWaC57YzVuzXJIJ5x370rFxlrodpa+KNSsk+y2du0tsRiVd2VbPX5cfrVvU5hqPlPFbLbsqcqucdenJNc5oM7iR43cRoem84Ga6OUSWyq0gGCM5B4NEY6HRz3WoyztOOB79P0rYtRJbTBQxwOR6fj+VTaV5Utv5qAAhhkVLcIzy7UPBP6VEr3saRta5EdKu9c1mGdFcxwH95hhtZWBBBBOegz+FehRxLDEsaDCoAoFZHhxfLspTswDLhT6gAf1zWtu7ZrqpxtE8rEz5qjRMDnikkbCHBqEPg5z0ps8w29a0OYryy4PWpYpCUyax7q7CSdaqvriwxldwFIZfGQacTg1EWxS7jjrQBKJMDgVKDk5qAHAzmnrJkUgJw3FL/D0qNW4pwYEdaAPEfHOkHSfFFzhT5NyTPEfZjyOOmDkY9Metc1KDgEele2+OdHg1bw1cSyttnso3uInABPC5K/QgfmAecYrxFn4HNZyVnc6KcrqxATLnAP/ANap4YJHwS2BmkGM5qZV44qGzeKNTTLQ3EqLJPtTPzfSugvdGAs/JtNUmcE5I2DH09q5jT4pTOu0Mea7e1hkWJSynkdaV/I6YpSQ3wsbiGNrediTnFdDNOBKFTk5AAHUmsu0X7M5diAe9aWkMtxqBuHAKouUHvnrUpXY5yVOB1dkv2Syihz8yj5ucjJ5P65qYzjHWs17onvVKW7I/irrWh47d3c2Jr1UHBrLvNVCofmxWXd3+1TzXN6jqTsCFPNJyCxe1TXcZCHLVzcuozNJvdyfaoJHLEljk1WlY4NZttjsezh8tjp9adjcDUDbto4JqZTkYGK1JDOFxSqSetG3tQE4wKQD1bHSnhuuTwKq3N1b2Vu89zMkUKDLO7YA/wA9K868WeOFvLGey06cwo5wsgyGlH9FP5kY7EggGZ8QPGr6rO2lWRkis4ZAZD0MxHTP+znkD2BPYDiVcg5FQzmQzt5rZkzljnOTT1qZGsC2jBhwc+1WYnGMEVl8hvSpkeTs3NZuJsps6PS7gJdJ0AUgnNdi+sRJD8zKOODXm9qlxJIAr4J9q63SbGFGWSYmWRecscgVJtGbtoi/9pluGBwyxnoT1b/61aK6oukQpdPC00SuBIiHazKeu09M/Wqk8geTgdOwqp4hkVPDVxu4GUz/AN9rVQ3Cfwu52CXsdzY297bs7WtypeF3TYWAOCCM8EHgjJ9iRgmjc3gGRnmoPBmqLdWwsJLkReH/ACt0/mqpEcnAWRGP3W5weefTJJqHXrNtNvPLiuYru2lBe3uoWykyeo9x0I7e4IJ2mrK6OApXd2zcA81lSZY5NWWBP1qJl4rG4ynIBVOZsA1emXAzis6fvTQHtn8NKuAetV7q/tbCNXurmKENkL5jAbiBkgep9hXJ6r8QrKzl8m0hd5D0llUqnsdv3j6YO361sZq52xPPSsjV/FGnaQBE86SXLbgIUcZGP7x/hGcdefQHBrzDUfEuuau8tu0xmSQELEg2IAexA4IH+1k1R8qRUMJtYQkYHnSuQc9go/lSKsa+oaxfeJLje7+YkYPlpEm1FHdiW/8A1n6DjCLRaheH7dCYBF3Axx2znn+dbEun3NzBHFp9+HvXALxoMYHZAB0+mPT1qfUYbi0ig0G/tlSa5A3ygZ+fOB0/zgZ6GrUdAucHKCLh1PODinqKj6ytgEDPGakFZSNIj8ZpygikHSnD1FZ3NS7ZO6yAgc11lnIyQhnPbNcjaldwzmthbsiPYOKg0i7G/BMXcms/xXdBdEeLIzIygD6HP9KbbXJjG5iMAdK5zXr1r24SMHIB4HvVw3FOfunQQ315ZyfYbSPbp0ybWYjG9D1Bx9eR3H1r0DQtS082reFZ9HF7YOFkgvY+sTno24DI67SScZ4Pyk586t7+bxFax6dDiBYAAZBx+P8A9auj8L6mLMSeFLafZfTSYtpZMFQxyME9AOfQ8Z6nFdcHfRnGzp9S8ATabBaia7jjmnyF3uNrtzjBHTgZI5xyOcZPJalZy6ZeG1uCm/8AhKtkMPUV3XhHU1QXPh/xlepPfIzLDHc/vUcDnaR14IyGGOnX1sr4a1S013/hINIntbaJYS01tPM0yRFvvEjGTH9MdOi0pUk9hcx5VcfcrKl616I2jaa1vLdaoHlluM7U0qdJFDnn5ODk8gkZbAPGTWLN4C1KbSH1ezmtp7HBaNvM2s68Y4I+U4P8RH45FQ6MkPmOOnmluJljvVubi6k/jVtzNjucf409wbF2glSSTcvyxBAcH1J78U99cmfTh58zSqo+XaMMOf73WoINTCRM9hJKkjfea4G8j8f/AK1GgDE+y2xCQXM4vH++3938q0NOGnWrC9ninubO3P8ArG6SyH09fT8z2rMl1UwKY43jlkc/vJQrAn2GQK29N8TPIILJ7U/Zxw6BRjHds5547EfjTja+oM6bwz4bsNTjuPE9vePA1uyhUIPLk4yB14yMYyO3GKiure6XQNWl1/P29w0lnIWJ4yckE9sA4OegI4xXZPonhzxSunaV4aka3KRi7ZAduVVipBxypyCCRjllPPfJ8W6kviGxnhaIK+hMLS5KcYMhCk7enARk9ju7GulJWIZ4pMkRfzIA3lNgfMOjdx/WhRXW3GhDVZJYdG2tb20RkZEG4uygnC9yeDx9faufFljoa4qiszop6oq4pQCOoq59jOOKtw2iuuGHNZGqRQiYCrML+ZKBnpUVzD5LEUtoduWzyaQyzdTlAVBrMgDCc3LRl44+oAzyf8Ov4VZuDhGY1r6Pol3a6d/bL7XtyNwjPP4kf4VrBXZlUdiC6Dpcp/Za7bcnEj/3j3z9a3NTax0+1h1LT2Ml9Eo+YHnjHJx0Ix/nFUba9l123lgjgWFXcqcEA/gfUdaTTFg8P3b217LukPMfHf1A961WhkdLpFvY6ppf9u37v/atuwdYSTucA545ySO3/wBfNdZp/j3SfE1pbx3em20Nxp4JieW5+zNj1RxgDI/h5BxgjBBrysnURdzGFzDbSKxjAbaAw52598f5xVPwxbzS65JDJN5I2tuPXof/AK9aqWxLR7Pd+ILG3hkvdMvNMs4HI8yfTXjadj38yHBVsknPB+vpmQXCeICuowSS3tlZuv2zUriMI+emVi3EZ9M4x0AxXlRia1vLyF74mBCfujBYA4rslK2HwvtP7CvXs7q5uCblC5DOuMZ4PTII9Oe3NNTbYrHMWd7C2iSQWlorSBWC/Lye446nrUWkjULi3lUQKp3d1x1+poorIo5y4SUSlZgFcener+lW105aSOZVUDHJ9f8A9VFFSxnovg3U7zTPC1zqOmxtNrVvOkSnbkeTIzY79mLg/wC+nYVf8aT6ZawW2j2Tq+oajEJrryxjY3RQD2bAx24XP8VFFdCb5EzN/EcdZW9x4c1CztoGEgnnDSsOm0ev9PXFQ6vYJpmtXljG26GKU+Sc5JjPKE+5UqfaiisKq902pP3iGNR04qZlEa5FFFcp0mZdrvbNQouKKKBEUwaeVIUI3OwUZOOtdHdDUbZ7XS7BvOtgcuO34jsBz0oorekYVTQ8WGzNjajSWaK6VcOoOGHI5OO5PORWC0cE8YOpMf7QjXfsYcuB1+p9v8gorSe5mti/ZXE+s24Rx5cURHlvn75AypB9Rjn/ACKxre1S31mVLm5CsQRww+veiiqtaNxJ3ZqaPp621zf3sED3KRKwEm0lQxGQOB16Vf8AFlzpOqnTo8PZ3AixJEDwGJx3HXiiimtIh1P/2QplbmRzdHJlYW0KZW5kb2JqCjExIDAgb2JqCjw8L0JpdHNQZXJDb21wb25lbnQgOC9Db2xvclNwYWNlWy9JQ0NCYXNlZCAxMyAwIFJdL0RlY29kZVBhcm1zPDwvQml0c1BlckNvbXBvbmVudCA4L0NvbG9ycyAzL0NvbHVtbnMgMTIwL1ByZWRpY3RvciAxNT4+L0ZpbHRlci9GbGF0ZURlY29kZS9IZWlnaHQgMzcvTGVuZ3RoIDg1MjkvU3VidHlwZS9JbWFnZS9UeXBlL1hPYmplY3QvV2lkdGggMTIwPj5zdHJlYW0KaAW1mgmQXdV5oM/d79t7lVqtRq0NISGEQEICxC4WQwADtuNgD14SD/ZM2Rl7MpUpe4JralY8TlKVuMax4yqPpxhPjAnGhmDACLMbBAIBQgKEBJJodWvp9fXb7n7n+89rYVw1lSpSM7duv77LOf/59+1co5PntlJ2qlSulKUyQ2X6kjtOQz+zujcmr4wkTW3LThPlMDhVqaFiS7UXZqs+RqZxaDPRtAGQJ4Zh5MrIlGkow1TcmIq1OMwUYMpweMscHjAgV1auVwUqp54Iao5GQ5kyLZMVlGkxPs00ziY4y4tTCOt1DXnFoaHpmbFSkSySFvgFZw5H5jACslRmGiDEEhY3SZaaZlNjCu2+BiaLxLlnMzSGDjn1WGB0mQcgoNr841SxMvNMWRAui/J84b9c8747W66YzwFeQp48lpM/y2LpXLDhMFViqvFU7Xrr2KHxqVVLhq7ZMFi2HQ0zDcPQ9zzAMtQURus5sohM1QcDBTy/+pnAlwMGyxU/nN1X+rn+gWpTo7rw/hQ8HmqZnRoJhA+shQhhrHDMRDyazacGduEkaZLkuW+7Ee9tM1Dq3mfeGj85fcbyZeeuPW1JSUGJrQEoo0u9XiA3RIP0UnBMsO4eIrLffZDmwgitx90XIlwZDEIyVHQtUzbCEb1GUkaKvpqZmSdZ5prHlPr39+769b4jdrFodepXnr7065+6dEgpF7GbaKvMluW7zEHGHKaGL9fCyQ9wQ14uHDkKiDaABBotbIc3moyu9nApFsFcYGlwQBNIWkZcM1FmyQheaPL0YPCAh1asXN5CVdc85L8+8jSLLHNGqT/+c/g8ljmlLIyv2XTGnV+6aqmrVJI4IG+aXYNeYG8OSgBAJaDXFCRkXRDhxcItsIVoXvC6i9KpS33HMyCgwAtvZSTm331kOGai1FOvvv343netZWfOVwbV8Mon3x57fO+UCEdzFmayvkxaAAFneRTlBmJgYQMhiJz/L4deSllMgMUytguB0XIBWpn86ZMHCw/zVKjr3nVfCedlBY0EyHDJpGRhTXFpoko8gncqQZtM/Mv9Lx174ciUM7yuU16WLVr7yMsHfvX0HsZYth1nsq6Btz0FQq7AR05Z6H1CQePUojJWXIrGrPtQTxdfzPJQaKK3TLUs0Y6FQ2SFNqkgVomrjs9OO8XSfBRbnh8kHccujc920EY3VRYy0dBlbS0fIdkAYqL1Thw5C3Hg9xZE3x3PYrh2eXNKK7tYypMuICBgd10bEyCCIP+wAy4MT6tzyiR0SggTAZh6dU29wBGOZPJInLSMYT3BRnTjWH2uxXUnN60KfPcLlYNHxmJ1NhBdW5sBcwQ/1uIfs/nl0QI+8karAuaqRSvSFvjdk7fdgxmcpw5LPFoOx08BM0TLAO66/MuWjSz287CCR2nNF5K4mMSLykXEYLriB8VTaVigjcYQOYUWcSY8XdDR366ukeM172AQPEs1F2QGB0+7kwQIJEk87CqWJuwUHaJV8kCPJnLCR6axrF5ZgDhd9eo+5VcsRp7LFW4aPNctH7Ha81UjKyRBIZ7309bo8CBAUQgZmOnoLNjqP1mNP9EAeaTPhf+8FznKa0I0kDXvuJc5PCUmo4LYu0haRkmolzu4nSXKtgQ5uOGq+OLTV24ZOfTS4SOu5fpRcOmygVvO7cebNZPQtz0YRvwQjmrnAR5YiWiyICKmARxuTrF8AUmt35ID6KQmtw0dHgQFACRoXDcPMTHiPLdguEZbYItgOYSOLiyCuX7ygR+wxmQFH+23hCTGGiFzZLZZVOqqVZXPXrzpH55907J8M29eeObSW67Y6kMwyxmGjViEg/ANNUVsHCBGCvXbxU7ZB68Ebw58GjmWFZHS6HvWckTzAENqgg+TgV1CNJsUTMQ3GyxmxjiBhipOK/X4/mB8srGst3rTes/TTkcDE8xdKFkQNQDgMmE00kC9XPwDKMO4hVVY6NRaUA8jOZGFiJXnYMLILkrQV5IrfP2CsLor8ivuQAaT/YkP7o7v/gKE0WDVpZ4LOXPx2aG2uZJ+xSotpR7bk+w98O5pS2of2baY8O6Jupn4LFBBM4SVH4DDFIIsPOwuQYoChguGokfiMnMUGGbhWBnHCPJMTJJbsmPmT7RVKxQtXlpVZaV6ARFnluCboHEt5TeU0VGCKLowqBdoaAy69EAhugBA7FL+pwlLiDabFgpiWhZOsK6XZiTIsbrGMspVhJ+PlN9WBpgcb6p6S2EknquWFGXYAFJMIqFMlBpoItEwzFzPhMfkrUEm2SeIscTRpjoxl7uuMVhWQ0WhgugkRYBemgEwEB2q6eftTIWWmte8gwro6gc3qgZTsEUGsKU7Hrq6MoPLUDE2qWDKkn7V5wiGsAs9106U5XS58T8f2T3WitxSMQ+bo1X3livOm1PquX0zz734Rj1MZsJmlkUDJf+8lafdsGXD6pqJG3ZyN87C1DLu3rHrnSlEUXXjzmq3/blPXPHOial7H96ROr2WU46CcNPaFbdsXYm/acdBxfFF1USPsUTBeDJWf3H3ky3T9z07q08u99QXb70us0zDKMPfN6eiHbte27n3QDPMm4ERpK7vuiODpXNXLL7uvLVnLXaRoigtWiahQ/meGcW56RjtXMXk+JF66Nl3nt79+tHpejtVURTZaXTWspHL1q+58cp1JU/d9+jenfv2uuVqGKleK/3qzVesHCojnu/86OG3ZpLUq+Vpuqxq/dlnL+2xLDTl8V37f7HzQGCWyFayYP5ffv5jy/rVniPJvQ899uqBo8dn6qZpFWxrw6plH7v6su2beqq2GE0W53ZXc18ZP/H2fJo4hSyOVg6Ui7Pqvh27Dh85WXX7W2TOvUPknMdnZg69dujxNw79yac/esmAMluqVPJQ3h1vTe2fV5avjMbkef35jWjlwMAbE8G7cTsiswxnD87ObN+6sp+kyPFE/kQEEmRco2XDyh2vnXhw71hYqPm24cyMf/XKTVhPYtgY2bd/9srjrx0IMsswS/CoWO1JnNJUo3FyvPHqoeP3PP3KRy8570s3rOsxROngeJ4EyMdz3Gaq2pZ6bF/wt/c+9PaJelKs2qUl7bDjVBzX9n49PvPk4V0/fP7g179647MT5i9fniz2poll1tL6Zz9WQGHbhnr6reMvz4aJ3zLDfFUp+1ouS8Cr/cfqD7x4MCwscm0jac9tmlD3PHf4Rz/9hVXqSYyiWe5Ns7yexNMH60/t/uGt12y74wsXQrHnGFJRJsoMbSeDDLOMYhzNwx88uGu62eoZHFbNrOT6M3lMveT2DBI+jjZm7rzr5wOfu2Vj/ylP17M4MjLbLxpGEldTTKFmqW3btu9/8XBYrPpW9eDJd3a+PX3NGoKkhL2ukxMfr9TJVP38mVfiyhKr2tdqTK8YGrn48q3EpfFY/YcfPPb8eMPuGw07UdHzSnmUpkmD3KZaNvJyGvc1lbrryT37Dxz+b1+7bin+IUl8RCRRPk8s45F90bd+dD+GkveO5G6xlcalsttpN8M49HoG8P7vNpv/5tsP91Z7SyMbUtOI8zim5vctnACn0ztoZmFolBzbNCtEFSEWyzGLtaTQF5cGW2FQ6av91V33z9dn7b5lcQ7xkWPaqWFnZpHsBQv/yaPPFzz7G7dtYa7piDsSL4coDMOJUqth2Cc7nbLvZnMnquF0rXOi0jxWDufSsBVmqdvTM5tmv3hqJ74PZ68demLkQZa1DCskt8ZScLLbzx2tWFzHkXJSv2/H83tRXjIGKRY5cc9gptTO/eGByY7hVUmK7Sg4/5wNtZIEjH/9vSefHO+4AyPNZlAtVhqT0+HsXDA53hfNqpn3ZuvTbcNKnEpWHn7pePTlO+/DPxqS4VJQoHfmWyfiO3/8D8fsvjotGd/rdFDMljF9tNY+2RtOWnPvJbNHSy6NmPTE3GwnzTthmsWpEcdmlhIn0AAiRBJ0HKJtFEgdDLFd15xneU6Ism23YLqlk/WO5ZaSoO2E871Zw20etzqzvmUEACz2OYPL7vv1c3veS/GQtmgApux6aQe3IxVxqrKyZ9ba8zddtuWSM/txp68cmX7guZfeC/PYcOaazb5qz8HpqYlYlQwSeJVGYU4TRtlJEtmWB+s5V9bU5tOHH3z9oFkdcAs9r7137PVj6sIl0oeikCF+I1Xczv2/2RWVe+C41a4POPE1F48iv+/97OU3ZzvO0Giz1SzaeTJ5+KLVI+dvPHPF0iIh7sDYxKOvvf3aoQmjsjSz3bg8+M78+N/89Kk//YPL7CR1bRfb//59O07ioXtrbh6mUauaNobLznXbLzpz5Uil5swHau87R+575MmpyDX9/jjTPg1vZTk6nRJfH+OFMlWw/dzOw7hD8IdPHKT2URTi/LDI6amZ3mLBjOa3nr70tlu2r1yipmfVXb94fseuNyt9yxrNNslgFOWvHzy0ftlqktoCAR5HjPL7mfJda649WzXbd3z8hq2LBDT6vmJt/6rhj/zJ3z6irB7fq+SqfWDy6ESgVldUo618x3dNZjsZGKdSMBBtieDXbV37m317AhGfN2k4D+3ed871661UFdENS/zGy+/O7h4/1qkMeypxWtOXnL1kRVHtnsx/vW+fXR6d7zS8PPajmdt/b/OnLh1FeMwD+GVLh2+9YPgnT7371z9/1upbHhiOU+x/cOe+Ky7cvG2ZxM9HD6sn3627lf5GMGNaRlqf+PRFZ/7bT14gThyT0jX3NctGb9j8uX/xrbsn4iAxwd4i+wJPmgN4CUFQkncz474bZHVCLkHX8cjscGJYZ61WtTtTV29ee+ftWyBZUrWSOucrF37tL1uP7Bkr9Q5RiwQN692jx0O1WjIhKVcs3LWdZEkadip5cv3WTZsWSQ5UU0FZReVMnVVV55y+Oup08swMwMsvB6lOB4t4h4gGEyxwHIemjOSPOn3eNGRsGOqNGvOp6UZuedfbh4/FKndxIEjEwNh/+dzuDN9LnDayohXfeOlm5j6z+43J2I5UZqnASerXXngWXCZr7FGqmuZlnFWSDSn1+ctW3nzpZhXWkVnkFmeM0hO79+NbYdNv9k9Mph792aJDHGicv24ZXCZvKwSK8o6LPiJnOz2zqu744q1Wa8pDTbIUAizHwchBXrs3K6NqN216kAW/gAlCIB4gzTLbcUlLeYXHWORn37x9i8ZNFeOkqvG88ZKNNnmGMhud1PTKU3MkijhnYTUhJAYERViWxoOmdfn6YVQS0GZm28quGOJ2B8qekYXI0zQ9K7JpDTEfxaSMN3BjibSe40xyrRaLGJJTX3v2WTaASSGd8lQzfWr3BBEM1pB3vzKldh2espRXMezW3OyGdWesHaBBol5587gqjURZ6lmdAa/96WvXFLAz+i1pLhVpnuI+MDLO225c30OlZcS01LPa4l1vv6cZpN46dMgoEI7oyMSFYOYPb7pKAkmcl5xcHGOAoqqKb3mJumK5unzNcNKcs8khHNxF28UD6qCX5E5qm5GROo4Xh4mEMW2mUt1kVGyO6fpBc+6WSzeSzvtUy/hxi8xCkp/TTxtw3UKbrrzbEwnnMAqZLq0s/Kb0gCzy17jq5L22UCIHfSpKbywOEA5Jc0SDhsVMaelKRSdCAlBO+iLVIkLjIe4DdScfumDN8PKBatZp2KYdW/6O3W+Qk8xnonf3PPHCTF5wC2UriXqt/KbLN4LK7ExSb8WJ4TqeH7Ua60eHlxiqzAvWMI0kwcrzLOqgBJRwQ45av3xxUJ+2bZsU8GQ9mKZ2An6jSaJumU4WRssHetYuESILjvgAlaYO2kKmlUodAVM2rhk10yhN2GeQx1ae6dqKKeQGcgoTREByAIBTfrjPMs/Kq26OFNkDkUE6kYdfRTvzbFQehuo/rRbS6hQoYhrkJB1DtVwnQgocLMLiyCFhXwVGF9H4wMlD4pM8p+uvrQnVYW2pdqXSW+C+2F2uhirqnOX9hXAK/bfL1ddPNp4Zkzpi37Hg5XcmsurAfBJ35qe3jPRtGRDeJWknjucdV0VhYht+b6EHAWv+aDSkE5fLvkIasdnB+F43L+VxUW9EkPE0O5oDUewQ4qUAN6quj10jmBSfCtK21VZpSLfYydu0nnFH/b1xEBQdF2xRFzOX9gvj3axjyS6P1iUkoCnVXDdw53Ye2VloG3mhVMGmpYGB5gmjpSHk22bBSoHgpm2isZPHCA8tFEqky4JXpG+IFAUj0WgtPUE90c1fF2wyZA6jdP4jspFDenKsQKDJMke3AOCHg+HSLsF7bF03aHfyuNPJVODV7v/NPtrqv9q9fy7DNl3cddFMP3H5Frwb0sUsaNlkVA+WlyWmqzBl6dQR9CHSEJ9hEPW5ogRAzC5dH2ww6FBIsvXDILD1HA/3ZhhWnORhlBMewdPGrMkcYLVomXRRbNvkVb0TOY6bAVMrXJcmFhUrllYJDR/p+QBBP4RfQq68BT+Vue5Cvio5ABAEAdMUZLByst4YE+ERWNHlEa9kpq6Vlcy8YqRFK/OFPB7SrNILdH9so6SoBHSHgK09stZu3COzAx59URhEQwB1oI2AAG1HIJ/Tr9YtRu1C0qfcK+0/MXffW+qZQ1OJW4zDyM+ydSOLz1/lwWhXZX2lcsHx6R2LyhnexMRxIETkaySFejMK2Kny0szGy4P9san5TLIdobHsO/1lGTYwMEioYLhX7DlyojExLYwOw6Z0NmSvKPVgeCotdUT18hvvuA4qCMU5IZoxWochkoLbT4xCbLgZEqYTLe13SEN9pVODSDAM10hhkTAQbMQB6B6eJFoW/oEQShZGt4KFRAM5U3G8DtzKTZvGY1d6kKINCpBdX8Vy2JZQJVD1RJkrvMdMTdIJxoti8l6IJwPJMPCrtmyw4qBU8NM0jUz3p0+8OIaNk/EbqRvUr96yAW/uYH9JOlBQI339ZtDJ4phSc9/YyVfGFeUqB4jKWlx5LpqITe0eV68fPm56Rde1405jUX+1p6w8Q50+Mpi1ZvI0IqefTewHn93P+Mwro7Q4OZSdfVA4QsK+f069PT5jOIUwJpnWdilLdcmDj7gBCVw6xUOjIRQc4LJwRXIlrEZ0XcZLhOvqo16FKdLNEcMyxUeIJMTm8YBIKkssUoeYRhiMFkYBULMMP8BdxrYzw8lEDDuBraysh+knJoWVaSEnyTpAT8KN7GtEKMK2dctWLO5LG7N2GsZJMlYPQr+Kg/CS5oah8tUbK2gEm+sIiIvLNp7ltuslJ6NtMV1Z/P3HXh2nX4LtADZLwjxvgpSt8D/fu/dXHb8vNtHR0Epa5529VnAmAp8xOOI1zajRpIU0sOSnT+z62e5j83RiukRBv2mS3Y+F6i9/9MSh2SDGo7pFqdUkTAq/hGV55mRioKwKD+AxjhDFxC4zcgYGgw+/pMULTBB+Y+/aEwBBhwgRAyzHKQvXhInCGmCz4Yan135DM1rLVquSrC0uDkFJpStrCGQ9YOGH6rJIaY2uyUENJw6RrCXDLVyy/vS8fmKgin4rr1TFe2KueXP68o0ryWoBblt+Vz2u3NwzwqjOrO0a5J87Dx/9rz9+/s2OmlJqzrTnDWPeULvn1Ne/+8s9R2dUEYHFTtwcrZjXblsKPoC6YNTdvHLAihqea9fpgNQW/5f/8cB/vmfnnin1Xq4mDeNAoB7YE/3xnQ/sPnKsMLAYzUL+aJUOZeKLgbPAciFZNId/eC9RLBygdtdoXFdhZbCmOE8pEzQjdcSSJgPBFbVgBATSUWJ+mouCejhaes20GbWRBpIkCdQ0SR1iR5S5yg5Sw7XYC8ZyhCrWSJPQtQo8SUiZE5EeB7ZvykYz+ZiNOV+7eemjTyVTQTPPC1aUeAgtaI0MVq66gGJQ6Z6eEMpckrbbrr/oP93zsF8pJuyUlrxHDhzb+ec/P/v00eFFfa5vHxw79so7J2Y7uVUbIu6XrTSbmfijW69dZUvpz8Hv7X9w88vf+l8zQdPxy5HthOWVP35+4p4X/m7JQKWE/Jrh2HRIq9LpG+jEfMHBupKbUUQQfBeIcrx2lkEUZuRAqhzdhEq8M/0OBlKgdZ2qTo1En2UXhdAkkhEPTWmDOQR0YGF0QJ7OSzLoJKFPVrNtz3N4Iz0j8WmyMCKW5eXI6abgE+J2hxSLA6o8Urqw3d2honLlIY1mepXkKnyIQgbAo1FfbTtr1d/vmbAqFYf2QdDI8M7bL6RUw48TSpklm1Q6t73x3MV7xs568KU3in4lNUpmz+KTnejRNyeMvYex4NRwYrfXrZZt7K85pVoTH9t29u9fsByBIXY0A5TO6lN3fOH3v/ndv5tPeo3yYGIW7UotdeL99dk07hQKRdXXC/vmZo5WyjWCk3TTooivUNDfJDfFUeR5sUD9GHlkecQMmkya20I+nEEuWdrpdBwUkGVFu2ESRYt4Trwg2VfJd9qNuapt9vb2oMpmQXnk7ZIYGqFPqm1mjSASuuWQYMxUoDHf9D06w/DbM8yq55copXRH0c6zkp2XC7SXYgIIU9BNvTmEH3fE9ep6advGM6UcYEslCh0jHak42zctI3KasjUiiKIQMJ20Ds/x7z563hcu21JutVUzTALywKJX7vFqg05tuFhbUvOKdrsdz84Ww+Znrtj8jU9uq2iRk2GzFglsn8puOcP/m3/1iTWFljl9pAp1UZh2Agqk3p7FlrKjuel4auzzN1y+dfVQ2pxxqIAt6CAK8cWSGFbUbllse+ZJwchd05CdT1SBIBwn7FV6lknnlmGuI/pLf5X9u4CCX9cWwvuoXTQSdMpM2q3mHHMpa+kwKbcxZTdTp1C2282Sy86DYAwgyVrEAyEtQ9UnvcZJBJwHgRM0zHbkK5eSvhbVrRNTdrnXaswVSj0kWxCMC+/mCawhrgmvyycJFt4wxgnlzebVF6wfZStd4rXkmtgO6ScLiVNiwUz90ZXrVo2e8fePv7Dn0Dh7SxaccN12J6KdUraNQtBev3rlrddde/lKBZcNCmubbo30IvBrYafuOaVLV1e/983b7n7kzRdfPnxitjUXNWzfYzdiUbU8PNp/80e3n79K/ccfvF0ruPNBQBWOweOaQAJdqeXtatCKo1azMVcZqWC+luz6k6m1qvF0Z0q0oxTNZI1pW0m5wxSJWgRaaAiV25lJZuo+ChE1jBDQEuiNAVd9+dpL5zB1kt8oXFbwqjDGklqHaQI+z/oM64b1o6NV9uy8nA92os7aQT44yGsq/8JlGz9tF9E84t6Ao3qFfRKfC/RbqQ8tl1KlaalHX9hD/wGv43q+b6XXbT2D/o4rUsQCJBcSB2WQvUh5UtWbJtevNrevvvCFA+Grbx0YO3ZirtEsLqr0VQpDFe/Cc87cMFpEkRAVSoW3BI6oBVymK1KoEWgQ2ApL/en165pXrxs7ls4n7enpmdP6lwz2u5UeVlPkIc3JyYAGZLXW6rR7+iu9RTQs71XGV265vBkVcstNs7DqpIuonTQnrjl3Vb9vWcUaqXDWmTt/9SIPdxwHtCB8tIMuoOEtqalvfvGTQGUnlwJyuCy1vpFEOD35PAenDLKcpK0QjtsUtGGEMK1F9hpaDmM4GAMNnPTF0T3CI0GTURzQbLLTQSJEYkSfhiRUmXXDeHpSfeO7P+mUBg2vFM3O3Lz1jDuuW92vUlvKUREq+hAlqc1GD8qr7RT9YlsHZ4UX6ogMxFMxFmvjhOwu5agEBoHKYMA0HWLTfHe21aRrVijQN2h1OkMDhT4+cujum+i5yJIu0Sz73K9Of/uH93SKo4Hyotb8Teev+uvPnF1OOw4dJ1RE3K4czMWnEdzoG3ELWP6DDHwgHlArCl7dX8ma7dSk+7hgx8zlZBoKLR/H2MRRSWDwxVmYGXglSGKEAIMIug8U5/qONp2tqxpcPlzAoRXY4su4I5EmpzMdiwn8ByDiXVCcnz31Wt3tM3BNadxvZzdevBqR2IKtNCWkdcWKuk+iVRMPQNJFOZ7FWV4w2PiWCKPJFAJAlcWpxGXnE79vSoXEXmFGrWl637n/2cf2HHK8WoAFOc5Qxf/Kx6+9aI3UyiyFQiBcdPnhvY3/fs+j7eJwbPrMt+LOljUrINm1CInyaR7BWbAjC8aFg59OSBjA5xgxG/RYES0JcSH4C1RKnLUsobWEPqT4Q/19DNB4TnCS7A2/Sc4bSGWAizvFZaZpVwssJjIBYGQRkEnQAz6YMEBUW+5F+8GDU4pZ2q90FLVgD55Mnn/zXbP3tASnMzd17Vkrz6iIVjJb0AFLEIGPbHfKd0SA0d1b3VJA5JDFvolgwjBZVHbRxQS04SFrnoAFGRE5ACtu/8hHHn7jf3fMSugX+FJtcmbuz75/99nLB04b6l08UGNv6vjM/N6jk29N1DtOX2aV8zgpZsHKxaUrNlXACtFxgAN1Of90mbxAqZCcEkVyeAS7BB3J/IRdXAvemiHoCv5H+CJsgxn0aGkKopO6zQdM7YhEid8/tJPmTvJpuCxQwYQ7RncNfGG0PNIiFwFLAqEzTdaW/apnX2tiFLCh2S5m0ccv2ciWAl8d6BkaqhAkwGVvlbJVL6TNXRbRnwFrddZrgQn/mcEBryNFtwEzCz0SWP0t86Yl6p//3hXfufshb2hlhNMv9M6p0pNjc9ahgyoJ6GZHmRnZJbe6gl0K+F7mY436sS/f/oeDjohfGkbSWJciRePVRUzjxI9wVhyIxmXhV9ghE/XRZQvDmCyZLWMM1xAzf/84xdX3H/z2Au7pSfKku8TvXmn2/na4vmIpGHFgKt/1+r6+/tFWMF/Lw/PWLF+3SL4At7oGIGLRbBMNEO+kD3moXwiiC8cHluWye8d4qTbklwpMnAq70IOW+c8uH46iq+566Gm+Eij3LurEuVPpT+Mi5FMJs2vl2F4Uxi6t6Prxipd86TM3XLzW7UeLpTqghnPo6Wi/Jov/duXfReX9592L928/MEqedZ9/kNELA/6f/KNk6hrgjsceCttTpk2XOzPazRtu/izBlgIMlyHWJp0brQN4BnggyvohDkZjt1Ltk3xJ8c9HVxH+Ysgp3H718k2rhr5/z0NvThzwSj3T86FVKKYWhUlCfYIH68F+w/p5a5Z++VM3bhgypH0IhLgtAUnaloKJKOWHQOcfG7rAjn9syD/1HYzuGMYz74zP5F5kV0gXq1ly4Sq/lCrip+R+p6xLdwSgSLuPD0mZxBzNkyxq8YGSMEY8thcZDu1V0qSX31M73zg4Nts4cnK6Q//UcPiSYnSwtqTiXrRh1TkjiEj5aeZTY4nX7fKWyttkV1w2VBc8wj+VC6fm/f9ldGzIZ3PdpJAVqSyIVtLMl9KR7yjxLZJG4lzhELkPY2DUh2O1MIeAwzQgCEBAcSbw1DKBTnjEHWiPIF/G4F8o1nE35LaSIMqXqWSnCzzucjpnB1aMiwZ7Yknv4sNhdIq3v/P//wBkfQfkCmVuZHN0cmVhbQplbmRvYmoKMTIgMCBvYmoKPDwvQWx0ZXJuYXRlL0RldmljZVJHQi9GaWx0ZXIvRmxhdGVEZWNvZGUvTGVuZ3RoIDMxMzUvTiAzPj5zdHJlYW0KeJyVVwdYU8kWnltSIQQIREBK6E0QkRJASggtgPQiiEpIAoQSY0JQsaOLCq5dRLCiqyCKHRCxYVcWxe5aFgsqK+tiwa68CQF02Ve+N983d/77z5l/zjl35t47ANDb+VJpDqoJQK4kTxYT7M8al5TMInUCFDAAFQCgxhfIpZyoqHCIwUD79/LuJkCU7TUHpdY/+/9r0RKK5AIAkCiI04RyQS7EBwHAmwRSWR4ARCnkzafmSZV4NcQ6MuggxFVKnKHCTUqcpsJX+mziYrgQPwGArM7nyzIA0OiGPCtfkAF16DBa4CQRiiUQ+0Hsk5s7WQjxXIhtoA2ck67UZ6f9oJPxN820QU0+P2MQq2LpK+QAsVyaw5/+f6bjf5fcHMXAHNawqmfKQmKUMcO8PcmeHKbE6hB/kKRFREKsDQCKi4V99krMzFSExKvsURuBnAtzBpgQj5HnxPL6+RghPyAMYkOI0yU5EeH9NoXp4iClDcwfWibO48VBrAdxlUgeGNtvc0I2OWZg3pvpMi6nn3/Ol/X5oNT/psiO56j0Me1MEa9fH3MsyIxLhBiuOywgX5wQAbEGxBHy7NiwfpuUgkxuxICNTBGjjMUCYplIEuyv0sdK02VBMf32O3PlA7FjJzLFvIh+fDUvMy5ElSvsiYDf5z+MBesWSTjxAzoi+bjwgViEooBAVew4WSSJj1XxuJ40zz9GNRa3k+ZE9dvj/qKcYCVvBnGcPD92YGx+HlycKn28SJoXFafyEy/P4odGqfzB94JwwAUBgAUUsKaBySALiFu76rvgnaonCPCBDGQAEXDoZwZGJPb1SOA1FhSAPyESAfngOP++XhHIh/zXIaySEw9yqqsDSO/vU6pkg6cQ54IwkAPvFX1KkkEPEsATyIj/4REfVgGMIQdWZf+/5wfY7wwHMuH9jGJgRhZ9wJIYSAwghhCDiLa4Ae6De+Hh8OoHqzPOxj0G4vhuT3hKaCM8ItwgtBPuTBIXyoZ4ORa0Q/2g/vyk/Zgf3ApquuL+uDdUh8o4EzcADrgLnIeD+8KZXSHL7fdbmRXWEO2/RfDDE+q3ozhRUMowih/FZuhIDTsN10EVZa5/zI/K17TBfHMHe4bOz/0h+0LYhg21xBZhB7Bz2EnsAtaE1QMWdhxrwFqwo0o8uOKe9K24gdli+vzJhjpD18z3J6vMpNypxqnT6YuqL080LU+5GbmTpdNl4ozMPBYHfjFELJ5E4DiC5ezk7AqA8vujer29ie77riDMlu/c/N8B8D7e29t75DsXehyAfe7wlXD4O2fDhp8WNQDOHxYoZPkqDldeCPDNQYe7Tx8YA3NgA+NxBm7AC/iBQBAKIkEcSAITofeZcJ3LwFQwE8wDRaAELAdrQDnYBLaCKrAb7Af1oAmcBGfBJXAF3AB34erpAC9AN3gHPiMIQkJoCAPRR0wQS8QecUbYiA8SiIQjMUgSkopkIBJEgcxE5iMlyEqkHNmCVCP7kMPISeQC0obcQR4inchr5BOKoeqoDmqEWqEjUTbKQcPQOHQCmoFOQQvQBehStAytRHehdehJ9BJ6A21HX6A9GMDUMCZmijlgbIyLRWLJWDomw2ZjxVgpVonVYo3wOV/D2rEu7CNOxBk4C3eAKzgEj8cF+BR8Nr4EL8er8Dr8NH4Nf4h3498INIIhwZ7gSeARxhEyCFMJRYRSwnbCIcIZuJc6CO+IRCKTaE10h3sxiZhFnEFcQtxA3EM8QWwjPib2kEgkfZI9yZsUSeKT8khFpHWkXaTjpKukDtIHshrZhOxMDiInkyXkQnIpeSf5GPkq+Rn5M0WTYknxpERShJTplGWUbZRGymVKB+UzVYtqTfWmxlGzqPOoZdRa6hnqPeobNTU1MzUPtWg1sdpctTK1vWrn1R6qfVTXVrdT56qnqCvUl6rvUD+hfkf9DY1Gs6L50ZJpebSltGraKdoD2gcNhoajBk9DqDFHo0KjTuOqxks6hW5J59An0gvopfQD9Mv0Lk2KppUmV5OvOVuzQvOw5i3NHi2G1iitSK1crSVaO7UuaD3XJmlbaQdqC7UXaG/VPqX9mIExzBlchoAxn7GNcYbRoUPUsdbh6WTplOjs1mnV6dbV1nXRTdCdpluhe1S3nYkxrZg8Zg5zGXM/8ybz0zCjYZxhomGLh9UOuzrsvd5wPT89kV6x3h69G3qf9Fn6gfrZ+iv06/XvG+AGdgbRBlMNNhqcMegarjPca7hgePHw/cN/M0QN7QxjDGcYbjVsMewxMjYKNpIarTM6ZdRlzDT2M84yXm18zLjThGHiYyI2WW1y3OQPli6Lw8phlbFOs7pNDU1DTBWmW0xbTT+bWZvFmxWa7TG7b041Z5unm682bzbvtjCxGGsx06LG4jdLiiXbMtNyreU5y/dW1laJVgut6q2eW+tZ86wLrGus79nQbHxtpthU2ly3JdqybbNtN9hesUPtXO0y7SrsLtuj9m72YvsN9m0jCCM8RkhGVI645aDuwHHId6hxeOjIdAx3LHSsd3w50mJk8sgVI8+N/Obk6pTjtM3p7ijtUaGjCkc1jnrtbOcscK5wvj6aNjpo9JzRDaNfudi7iFw2utx2ZbiOdV3o2uz61c3dTeZW69bpbuGe6r7e/RZbhx3FXsI+70Hw8PeY49Hk8dHTzTPPc7/nX14OXtleO72ej7EeIxqzbcxjbzNvvvcW73Yflk+qz2afdl9TX75vpe8jP3M/od92v2ccW04WZxfnpb+Tv8z/kP97rid3FvdEABYQHFAc0BqoHRgfWB74IMgsKCOoJqg72DV4RvCJEEJIWMiKkFs8I56AV83rDnUPnRV6Okw9LDasPOxRuF24LLxxLDo2dOyqsfciLCMkEfWRIJIXuSryfpR11JSoI9HE6KjoiuinMaNiZsaci2XETordGfsuzj9uWdzdeJt4RXxzAj0hJaE64X1iQOLKxPZxI8fNGncpySBJnNSQTEpOSN6e3DM+cPya8R0prilFKTcnWE+YNuHCRIOJOROPTqJP4k86kEpITUzdmfqFH8mv5Pek8dLWp3ULuIK1ghdCP+FqYafIW7RS9CzdO31l+vMM74xVGZ2ZvpmlmV1irrhc/CorJGtT1vvsyOwd2b05iTl7csm5qbmHJdqSbMnpycaTp01uk9pLi6TtUzynrJnSLQuTbZcj8gnyhjwd+KPforBR/KR4mO+TX5H/YWrC1APTtKZJprVMt5u+ePqzgqCCX2bgMwQzmmeazpw38+Eszqwts5HZabOb55jPWTCnY27w3Kp51HnZ834tdCpcWfh2fuL8xgVGC+YuePxT8E81RRpFsqJbC70WblqELxIval08evG6xd+KhcUXS5xKSku+LBEsufjzqJ/Lfu5dmr60dZnbso3Licsly2+u8F1RtVJrZcHKx6vGrqpbzVpdvPrtmklrLpS6lG5aS12rWNteFl7WsM5i3fJ1X8ozy29U+FfsWW+4fvH69xuEG65u9NtYu8loU8mmT5vFm29vCd5SV2lVWbqVuDV/69NtCdvO/cL+pXq7wfaS7V93SHa0V8VUna52r67eabhzWQ1ao6jp3JWy68rugN0NtQ61W/Yw95TsBXsVe//Yl7rv5v6w/c0H2AdqD1oeXH+Icai4DqmbXtddn1nf3pDU0HY49HBzo1fjoSOOR3Y0mTZVHNU9uuwY9diCY73HC473nJCe6DqZcfJx86Tmu6fGnbp+Ovp065mwM+fPBp09dY5z7vh57/NNFzwvHL7Ivlh/ye1SXYtry6FfXX891OrWWnfZ/XLDFY8rjW1j2o5d9b168lrAtbPXedcv3Yi40XYz/ubtWym32m8Lbz+/k3Pn1W/5v32+O/ce4V7xfc37pQ8MH1T+bvv7nna39qMPAx62PIp9dPex4PGLJ/InXzoWPKU9LX1m8qz6ufPzps6gzit/jP+j44X0xeeuoj+1/lz/0ublwb/8/mrpHtfd8Ur2qvf1kjf6b3a8dXnb3BPV8+Bd7rvP74s/6H+o+sj+eO5T4qdnn6d+IX0p+2r7tfFb2Ld7vbm9vVK+jN/3K4AB5dEmHYDXOwCgJQHAgOdG6njV+bCvIKozbR8C/wmrzpB9xQ2AWvhPH90F/25uAbB3GwBWUJ+eAkAUDYA4D4COHj1YB85yfedOZSHCs8HmiK9puWng3xTVmfQHv4e2QKnqAoa2/wJAMILcCmVuZHN0cmVhbQplbmRvYmoKMTMgMCBvYmoKPDwvQWx0ZXJuYXRlL0RldmljZVJHQi9GaWx0ZXIvRmxhdGVEZWNvZGUvTGVuZ3RoIDMxMzUvTiAzPj5zdHJlYW0KeJyVVwdYU8kWnltSIQQIREBK6E0QkRJASggtgPQiiEpIAoQSY0JQsaOLCq5dRLCiqyCKHRCxYVcWxe5aFgsqK+tiwa68CQF02Ve+N983d/77z5l/zjl35t47ANDb+VJpDqoJQK4kTxYT7M8al5TMInUCFDAAFQCgxhfIpZyoqHCIwUD79/LuJkCU7TUHpdY/+/9r0RKK5AIAkCiI04RyQS7EBwHAmwRSWR4ARCnkzafmSZV4NcQ6MuggxFVKnKHCTUqcpsJX+mziYrgQPwGArM7nyzIA0OiGPCtfkAF16DBa4CQRiiUQ+0Hsk5s7WQjxXIhtoA2ck67UZ6f9oJPxN820QU0+P2MQq2LpK+QAsVyaw5/+f6bjf5fcHMXAHNawqmfKQmKUMcO8PcmeHKbE6hB/kKRFREKsDQCKi4V99krMzFSExKvsURuBnAtzBpgQj5HnxPL6+RghPyAMYkOI0yU5EeH9NoXp4iClDcwfWibO48VBrAdxlUgeGNtvc0I2OWZg3pvpMi6nn3/Ol/X5oNT/psiO56j0Me1MEa9fH3MsyIxLhBiuOywgX5wQAbEGxBHy7NiwfpuUgkxuxICNTBGjjMUCYplIEuyv0sdK02VBMf32O3PlA7FjJzLFvIh+fDUvMy5ElSvsiYDf5z+MBesWSTjxAzoi+bjwgViEooBAVew4WSSJj1XxuJ40zz9GNRa3k+ZE9dvj/qKcYCVvBnGcPD92YGx+HlycKn28SJoXFafyEy/P4odGqfzB94JwwAUBgAUUsKaBySALiFu76rvgnaonCPCBDGQAEXDoZwZGJPb1SOA1FhSAPyESAfngOP++XhHIh/zXIaySEw9yqqsDSO/vU6pkg6cQ54IwkAPvFX1KkkEPEsATyIj/4REfVgGMIQdWZf+/5wfY7wwHMuH9jGJgRhZ9wJIYSAwghhCDiLa4Ae6De+Hh8OoHqzPOxj0G4vhuT3hKaCM8ItwgtBPuTBIXyoZ4ORa0Q/2g/vyk/Zgf3ApquuL+uDdUh8o4EzcADrgLnIeD+8KZXSHL7fdbmRXWEO2/RfDDE+q3ozhRUMowih/FZuhIDTsN10EVZa5/zI/K17TBfHMHe4bOz/0h+0LYhg21xBZhB7Bz2EnsAtaE1QMWdhxrwFqwo0o8uOKe9K24gdli+vzJhjpD18z3J6vMpNypxqnT6YuqL080LU+5GbmTpdNl4ozMPBYHfjFELJ5E4DiC5ezk7AqA8vujer29ie77riDMlu/c/N8B8D7e29t75DsXehyAfe7wlXD4O2fDhp8WNQDOHxYoZPkqDldeCPDNQYe7Tx8YA3NgA+NxBm7AC/iBQBAKIkEcSAITofeZcJ3LwFQwE8wDRaAELAdrQDnYBLaCKrAb7Af1oAmcBGfBJXAF3AB34erpAC9AN3gHPiMIQkJoCAPRR0wQS8QecUbYiA8SiIQjMUgSkopkIBJEgcxE5iMlyEqkHNmCVCP7kMPISeQC0obcQR4inchr5BOKoeqoDmqEWqEjUTbKQcPQOHQCmoFOQQvQBehStAytRHehdehJ9BJ6A21HX6A9GMDUMCZmijlgbIyLRWLJWDomw2ZjxVgpVonVYo3wOV/D2rEu7CNOxBk4C3eAKzgEj8cF+BR8Nr4EL8er8Dr8NH4Nf4h3498INIIhwZ7gSeARxhEyCFMJRYRSwnbCIcIZuJc6CO+IRCKTaE10h3sxiZhFnEFcQtxA3EM8QWwjPib2kEgkfZI9yZsUSeKT8khFpHWkXaTjpKukDtIHshrZhOxMDiInkyXkQnIpeSf5GPkq+Rn5M0WTYknxpERShJTplGWUbZRGymVKB+UzVYtqTfWmxlGzqPOoZdRa6hnqPeobNTU1MzUPtWg1sdpctTK1vWrn1R6qfVTXVrdT56qnqCvUl6rvUD+hfkf9DY1Gs6L50ZJpebSltGraKdoD2gcNhoajBk9DqDFHo0KjTuOqxks6hW5J59An0gvopfQD9Mv0Lk2KppUmV5OvOVuzQvOw5i3NHi2G1iitSK1crSVaO7UuaD3XJmlbaQdqC7UXaG/VPqX9mIExzBlchoAxn7GNcYbRoUPUsdbh6WTplOjs1mnV6dbV1nXRTdCdpluhe1S3nYkxrZg8Zg5zGXM/8ybz0zCjYZxhomGLh9UOuzrsvd5wPT89kV6x3h69G3qf9Fn6gfrZ+iv06/XvG+AGdgbRBlMNNhqcMegarjPca7hgePHw/cN/M0QN7QxjDGcYbjVsMewxMjYKNpIarTM6ZdRlzDT2M84yXm18zLjThGHiYyI2WW1y3OQPli6Lw8phlbFOs7pNDU1DTBWmW0xbTT+bWZvFmxWa7TG7b041Z5unm682bzbvtjCxGGsx06LG4jdLiiXbMtNyreU5y/dW1laJVgut6q2eW+tZ86wLrGus79nQbHxtpthU2ly3JdqybbNtN9hesUPtXO0y7SrsLtuj9m72YvsN9m0jCCM8RkhGVI645aDuwHHId6hxeOjIdAx3LHSsd3w50mJk8sgVI8+N/Obk6pTjtM3p7ijtUaGjCkc1jnrtbOcscK5wvj6aNjpo9JzRDaNfudi7iFw2utx2ZbiOdV3o2uz61c3dTeZW69bpbuGe6r7e/RZbhx3FXsI+70Hw8PeY49Hk8dHTzTPPc7/nX14OXtleO72ej7EeIxqzbcxjbzNvvvcW73Yflk+qz2afdl9TX75vpe8jP3M/od92v2ccW04WZxfnpb+Tv8z/kP97rid3FvdEABYQHFAc0BqoHRgfWB74IMgsKCOoJqg72DV4RvCJEEJIWMiKkFs8I56AV83rDnUPnRV6Okw9LDasPOxRuF24LLxxLDo2dOyqsfciLCMkEfWRIJIXuSryfpR11JSoI9HE6KjoiuinMaNiZsaci2XETordGfsuzj9uWdzdeJt4RXxzAj0hJaE64X1iQOLKxPZxI8fNGncpySBJnNSQTEpOSN6e3DM+cPya8R0prilFKTcnWE+YNuHCRIOJOROPTqJP4k86kEpITUzdmfqFH8mv5Pek8dLWp3ULuIK1ghdCP+FqYafIW7RS9CzdO31l+vMM74xVGZ2ZvpmlmV1irrhc/CorJGtT1vvsyOwd2b05iTl7csm5qbmHJdqSbMnpycaTp01uk9pLi6TtUzynrJnSLQuTbZcj8gnyhjwd+KPforBR/KR4mO+TX5H/YWrC1APTtKZJprVMt5u+ePqzgqCCX2bgMwQzmmeazpw38+Eszqwts5HZabOb55jPWTCnY27w3Kp51HnZ834tdCpcWfh2fuL8xgVGC+YuePxT8E81RRpFsqJbC70WblqELxIval08evG6xd+KhcUXS5xKSku+LBEsufjzqJ/Lfu5dmr60dZnbso3Licsly2+u8F1RtVJrZcHKx6vGrqpbzVpdvPrtmklrLpS6lG5aS12rWNteFl7WsM5i3fJ1X8ozy29U+FfsWW+4fvH69xuEG65u9NtYu8loU8mmT5vFm29vCd5SV2lVWbqVuDV/69NtCdvO/cL+pXq7wfaS7V93SHa0V8VUna52r67eabhzWQ1ao6jp3JWy68rugN0NtQ61W/Yw95TsBXsVe//Yl7rv5v6w/c0H2AdqD1oeXH+Icai4DqmbXtddn1nf3pDU0HY49HBzo1fjoSOOR3Y0mTZVHNU9uuwY9diCY73HC473nJCe6DqZcfJx86Tmu6fGnbp+Ovp065mwM+fPBp09dY5z7vh57/NNFzwvHL7Ivlh/ye1SXYtry6FfXX891OrWWnfZ/XLDFY8rjW1j2o5d9b168lrAtbPXedcv3Yi40XYz/ubtWym32m8Lbz+/k3Pn1W/5v32+O/ce4V7xfc37pQ8MH1T+bvv7nna39qMPAx62PIp9dPex4PGLJ/InXzoWPKU9LX1m8qz6ufPzps6gzit/jP+j44X0xeeuoj+1/lz/0ublwb/8/mrpHtfd8Ur2qvf1kjf6b3a8dXnb3BPV8+Bd7rvP74s/6H+o+sj+eO5T4qdnn6d+IX0p+2r7tfFb2Ld7vbm9vVK+jN/3K4AB5dEmHYDXOwCgJQHAgOdG6njV+bCvIKozbR8C/wmrzpB9xQ2AWvhPH90F/25uAbB3GwBWUJ+eAkAUDYA4D4COHj1YB85yfedOZSHCs8HmiK9puWng3xTVmfQHv4e2QKnqAoa2/wJAMILcCmVuZHN0cmVhbQplbmRvYmoKeHJlZgowIDE0CjAwMDAwMDAwMDAgNjU1MzUgZiAKMDAwMDAxMTE0MyAwMDAwMCBuIAowMDAwMDExMjc2IDAwMDAwIG4gCjAwMDAwMTA5ODAgMDAwMDAgbiAKMDAwMDAwMDk2NyAwMDAwMCBuIAowMDAwMDAwMDE1IDAwMDAwIG4gCjAwMDAwMTExODggMDAwMDAgbiAKMDAwMDAxMDgyNCAwMDAwMCBuIAowMDAwMDAxMTMzIDAwMDAwIG4gCjAwMDAwMTEzMzMgMDAwMDAgbiAKMDAwMDAyMDA5NCAwMDAwMCBuIAowMDAwMDI1OTU3IDAwMDAwIG4gCjAwMDAwMzQ3MTkgMDAwMDAgbiAKMDAwMDAzNzk0NyAwMDAwMCBuIAp0cmFpbGVyCjw8L0lEIFs8M2E1ZTUzZjQxYzVhNmM2NmJmODUyMDk0MTUwODk0NjcxZGRjYTg2ZGI3MTFhMjBhYjI5Yzc4MWI5MzNiMmYxMDJmOTM0NTUyYmI0MjI5MTgyZTRmZmNiNjE3NGUxYTNmMzA1MmI4OWQ5M2ZjNTg3NWQyY2YzNTVlYWQxY2FhYjA+PDNhNWU1M2Y0MWM1YTZjNjZiZjg1MjA5NDE1MDg5NDY3MWRkY2E4NmRiNzExYTIwYWIyOWM3ODFiOTMzYjJmMTAyZjkzNDU1MmJiNDIyOTE4MmU0ZmZjYjYxNzRlMWEzZjMwNTJiODlkOTNmYzU4NzVkMmNmMzU1ZWFkMWNhYWIwPl0vSW5mbyAzIDAgUi9Sb290IDEgMCBSL1NpemUgMTQ+PgolaVRleHQtQ29yZS04LjAuNQpzdGFydHhyZWYKNDExNzUKJSVFT0YK"
            }
        }
    },
    "event": "customer_onboarding",
    "partnerCode": "UC",
    "NiyoLeadID": "29073ca9-0981-4ea4-814d-8c46005b6058"
}
HTTP/1.1 200 OK
Date: Mon, 28 Apr 2025 08:57:06 GMT
Content-Type: application/json; charset=utf-8
Content-Length: 231
Connection: keep-alive
X-Powered-By: Express
Access-Control-Allow-Origin: *
Access-Control-Allow-Credentials: true
ETag: W/"e7-kBqQdH8QKIvFsShMTA4TB0ri+RM"

{
    "statusCode": "200",
    "message": "UBL - callback response",
    "data": {
        "response_code": "200",
        "message": "Data processed successfully",
        "cif": "126615",
        "docs_uploaded": [
            
        ],
        "docs_failed": [
            
        ],
        "response_timestamp": "2025-04-28T14:27:06.368+05:30"
    }
}
{"statusCode":"200","message":"UBL - callback response","data":{"response_code":"200","message":"Data processed successfully","cif":"126615","docs_uploaded":[],"docs_failed":[],"response_timestamp":"2025-04-28T14:27:06.368+05:30"}}
]]></system-out>
  </testcase>
  <testcase name="Customeronboarding" classname="testPartnership.FINSALLUBLpartner" time="19.733">
    <system-out><![CDATA[Request method:	POST
Request URI:	https://pisoauataws.niyogin.in/gates/1.0/sweeps/ubl/callback
Proxy:			<none>
Request params:	<none>
Query params:	<none>
Form params:	<none>
Path params:	<none>
Headers:		Authorization=Basic WnNUOWdMOmNZekNaTQ==
				Accept=*/*
				Content-Type=application/json
Cookies:		<none>
Multiparts:		<none>
Body:
{
    "data": {
        "identifiers": {
            "customer_id": "W(:G(=Ahq4test",
            "mobile": "8530501968"
        },
        "customer_data": {
            "name": "Veer Anil Kambale",
            "dob": "1995-08-15",
            "gender": "M",
            "prefix": "MR",
            "primary_mobile": {
                "detail": "8530501968"
            },
            "primary_email": {
                "detail": "veerkamble11@gmail.com"
            },
            "primary_mailing_address": {
                "address_line": "Juna Bail Bazar",
                "pincode": "414403",
                "city": "Rashin",
                "state": "Maharashtra",
                "country": "India",
                "full_address": "  juna bail bazar ward 6, Rashin,Karjat, Rashin,Ahmadnagar,Maharashtra, India,414403 "
            },
            "business_type": 8
        },
        "bankdetails": {
            "account_name": "VEER ANIL KAMBALE",
            "account_number": "364202010125840",
            "account_type": "SAVINGS",
            "ifsc": "UBIN0536423"
        },
        "pan": {
            "id": "JRMPK7838G"
        },
        "xmlData": {
            "aadharXML": "<?xml version=\"1.0\" encoding=\"UTF-8\"?><OfflinePaperlessKyc referenceId=\"533820250224175050317\"><UidData><Poi dob=\"03-09-1995\" e=\"80f57fa4868fa08e08670be735c1b4f9a0cac2ea89c2f68aae20df1d4d651694\" gender=\"F\" m=\"6f593e2e35a616a979ec38dfbd546a304e6715a691c177613a7fce5f58e05c60\" name=\"Nabanita Karmakar\"/><Poa careof=\"C/o Santosh Karmakar\" country=\"India\" dist=\"Paschim Bardhaman\" house=\"47\" landmark=\"Near Milani Club\" loc=\"B-Zone\" pc=\"713205\" po=\"Durgapur Steel Town East\" state=\"West Bengal\" street=\"Sovapur Avenue\" subdist=\"\" vtc=\"Durgapur (m Corp.)\"/><Pht>/9j/4AAQSkZJRgABAgAAAQABAAD/2wBDAAgGBgcGBQgHBwcJCQgKDBQNDAsLDBkSEw8UHRofHh0aHBwgJC4nICIsIxwcKDcpLDAxNDQ0Hyc5PTgyPC4zNDL/2wBDAQkJCQwLDBgNDRgyIRwhMjIyMjIyMjIyMjIyMjIyMjIyMjIyMjIyMjIyMjIyMjIyMjIyMjIyMjIyMjIyMjIyMjL/wAARCADIAKADASIAAhEBAxEB/8QAHwAAAQUBAQEBAQEAAAAAAAAAAAECAwQFBgcICQoL/8QAtRAAAgEDAwIEAwUFBAQAAAF9AQIDAAQRBRIhMUEGE1FhByJxFDKBkaEII0KxwRVS0fAkM2JyggkKFhcYGRolJicoKSo0NTY3ODk6Q0RFRkdISUpTVFVWV1hZWmNkZWZnaGlqc3R1dnd4eXqDhIWGh4iJipKTlJWWl5iZmqKjpKWmp6ipqrKztLW2t7i5usLDxMXGx8jJytLT1NXW19jZ2uHi4+Tl5ufo6erx8vP09fb3+Pn6/8QAHwEAAwEBAQEBAQEBAQAAAAAAAAECAwQFBgcICQoL/8QAtREAAgECBAQDBAcFBAQAAQJ3AAECAxEEBSExBhJBUQdhcRMiMoEIFEKRobHBCSMzUvAVYnLRChYkNOEl8RcYGRomJygpKjU2Nzg5OkNERUZHSElKU1RVVldYWVpjZGVmZ2hpanN0dXZ3eHl6goOEhYaHiImKkpOUlZaXmJmaoqOkpaanqKmqsrO0tba3uLm6wsPExcbHyMnK0tPU1dbX2Nna4uPk5ebn6Onq8vP09fb3+Pn6/9oADAMBAAIRAxEAPwD0SNeKikRt1W48cUkqgmmSUFUqxBqeMHpSso3VIuKQxUBxS4OacMAcVIpGBTAj2kUpU5qUkcUFlzSAhweKUrxUnmJnHelyCMjHNAEJQkUoUipd6dMikBUntQBEVJBquB61cZsdqrtjdQA5QCvoaytfz5VtHzhlkb8mX/GtdOeAtZesYlSxkAODHJ1HqUNKT0BbnNmI+lKITV4oKUIKAKflGk8o1f2Ck2CmI6SMfLT2GRRFjaM1NximBSdTQoNWWUZ5pgCjtSGIuR9KfzilH3acGAXNADcmqd5ewWC+bPMkSY5LtgfnWT4n8YWmgJs2GW4cErGDjODgkntzx+eM4OPH9R8QX2r3ge8csCfljHCL9B/jzQB6pc+OtHib/XFiB/Ahc/Tjj9azD8RLNmJYXS4ycKkZHb1P6V58btY12xuo45ITJpqzNKduFPuV/wDr0AemW/j7RSB5s0sWBn5oyw6dOM8/l+Nbtj4n0zUVUWl7DJI+dqbsMcex56e1eMLEpRic4A++qjA/z9aybiSSGblgfcUrhY+kRKW7EHHemnOa8S8PeO73SXihnLT2in7hOCgwR8p/Lg8cdq9Y0bX7XWbFLmJsA8MD/CwxkH35/UUAbiAlQR1AzWZqpCvBaAcRQqw/4ESP/Za1omUoD2PBqjrKINSDA5PlKrD0wW/xqZ7DjuYxjJFKsZ4qztBFOCiqEVilJsq5tFIVFMRpRk4xVhelRxAYB9qsADHtQMiYEg46VH65qzxjioyAT9aAIuec9K5Lxr4qXQrALF81xJ9xc8fjjtXUXVykKEtk4HIB618+eJ9Xk1jXLm5dyULkID2UdB+VIZnXeoXWoXTT3ErySyHLMxz+FbmnabJfwxEAgjgnFVdB0gX04eTO0V6hpWkxQQKEUYx6VjUqcppCnzHLL4VjYAvuPqM4qveeHIlYNBEwOecDIr0dbAAYJ4x0oNhGvbNYOo2ddOnGL2PNF0K+mj/dzhUI6baytR0C9gX5wsg9hg17EbVEXoKz7qxikRlKg/hVKs0ROlFu6PDJYnhcghgQeh61saFrdxplwskcpCnAdM8MPeuq1zQUmTcEGR3xXB3kDWdxsI/PvXRGakcsoNHvnhXxBFq0AAPzcDaDyD6c9au6huGsXWejOpH02LXjPhDxB/ZOpRMzERsdr+oFerwagb29dmYMxZgOvbOOvtSqPReoorUtbacoNOBBHIwaeu3OK0JG4NIQan4xRgUxFmJ+BU6uayXle1mUjJjf9DWnFIpAPqKVxkjEkZqJmIBqwRxxUTgbD70MZxvjXUWsvDN7KvLyDyue27gmvEraNry+SP8AvNzXqvxU50O1AJGLn5vf5W/+tXC+ELAXeqFyPliGT9TUydlcaV3Y7bSNNS2hTauABx711VmCEGOawDqCRv5VvE8xXg7BnmrNtq9xF8z6fMqg4JYEVxuMpanWpRidIhwcEZJpxTcemKrWWtafPjezRMezDP8AKuhhtLWddyurA9MHIpcjL50YssZ9MiqMsJOT0Fb18be0jLSMFAGTjtXHal4heR/LsIc/7b9qfKDkhLqFWb/GuY17w0moWzNEAsq8qw9a0xYz3jGS5v5Fz1VCAKV9Pa2Qm0u5Wx1WQ5DfWrjZdTGV30PIpBLa3DROCrqcEHsa9T8FambxbcsfnAIb6gGuO8Y2gFxHfKm3zPlcejCtP4dXQXUfJJ5yWx6cYz+tbS95JmGx6xuJqRc01ACBUyAVqQKucU+nqq07aO1AEaosybXGRTwotlUrnA60QqFYrn3qcqCOgoGSKwZSRUTEnjbn2qSNQBjt+VSBQFIx070AeY/E6KSbR4yi5WGXe/zfdzx/M1zHgiMtaXDDILybCR6YH+Nd747sGvNPeJcZdflGByR7447VxvgiErpsvPPnHp9BWVRqxcFqdil3bafAqJtRVGKrT+IbNgVkkRWHJDuqn9TWJrMNzJJGqh/J3fvGT72PapNU0nTb54Dp11FbKUVZInhbK4/utg8+vI7881jGKerNpSa0SNGG9hnyQuc8+/1yK6zQLxEjChiV9+1c01rAy2r2tsIjFGqeezbWkAGCGjxjPA5zx29tLSom849lJzUz0dkXT1WpZ8TXji3k8lBIemCeMVyg82Zo0SNyZGxHGgyz/wD1veul1uDcgI7jB96xLZJLa5W7iYpOqbAwAOBnPcf5zQvMJJ9Dn31iQ3cdnBbYeWTyxvmAOeByoHHXr9acurSxX0ljcjy5l42k5/IjrWhNZXjai98Hia5fJMxhUHJPXAG3PvimpojT3Pn3DNLL6t0HvjpVy5HsZJS6mVrtkb/SLjA+dRvX6iqPw6tj/arTENwNg/EHP8v1ruHsljtsEdsGuW8NrcWV5cQRsEVZCwyOpGKpO0RNXZ6ZGDtFTLmljQY6VIABiugwFBOKfkgUACngCgBiNg1NvOMVEq5NSY4oGPR8sB61IXIJ5qBVwRjirKqCpzx7igDmvEkXniInI2hjkZ9BXFeFLd4LaWFlIcSnP5CvSdStTc2jxjlgMr9cVxenAxanMDjDYIrnqKzfmbQd0af2Et0GafHpm35jGARWpbqGXgZq9HArH5icmua7OpJWMUWm2Mu3PoPSo7R3N0I48celdHeQwxWMrKMsq8fWuXivY4JFa2gd+cOeOP1zQ0F10NHVLeSW3+UHcOcHvWXYjzGKkZI6iptT8RvNCsMUDM68YVefx/8Ar1Qtb2+a4jb7MkewjLhieB9QO39KpbCbuzZFjGwDbDg0ptVjGVAq/HcrNEN+Dx1qtcShVwDSsiuhj3zbUKnArk9EzPrU6ckNMyAjsM4Jro9RmDHr3rJ8P2jQaujsPvuWH45rWO2pzS3O6ViVFOBNIADT1UHFdZzDkbIqQE5pFQVMFoAr78GplbioiuCalUAigYgY5qxHJ1qs6lTnrU0ZBOTQAkuDyePeuW1K2S2vvNTjIDH2ycfzrq3TdiqV7YxXUJV0BOPlbnKn14+n0qJq60Ki7MzrK5wnNT3GoCFd2azLfMbGNuGBwRUk8XmLyeK4pKzOyL0LL6wrRhWqlJeQI+Xdcn+EVi3unXc8nmRzMsQ/gXv+NMs4LLdsuTJnPJZj/Smo36lRXNobN1fwRxZCo5I5Cg5H51mf2zbAH5zGf9rirrWGi7GdrkE9hluawroW0reTbWqNnuVq+RFumkr3Ne11YyxHY4dR3BzVl7mR0zWdpumx2kQVUCk8kCrc0qpkVFknoYXZRumYEEnNGkXUk93ZNIw+UYABOAOT3+tRBjcXRI+6nzGo/D00Ut5Zxxyo7gDIDZPSr7Gcmd0rZFSqTxTFUZqZVArsOYcrGpNxxTQBUmBQBTMhzjNTJJzxUDJUkY4zQMlZ8jHvQknGO1NK8UAYoAsZz0qJy4GAfzqVMH8abKmOlAHOarDKrm5jXkfex3HrVKO+3qOc101wnyds159Kk1tLKIv3ioxUgdeDXNWitzelLodHHKpXg9e1TLZW91gyRqT2OK5i21ZAcFvqO4rZs9XhKjEg+h6iue1jdF2TQ7Yf8sgVx3FQNaQwKfLRV/CrLazGEx5gxisa91uDBG8H6U9WNj3uBAjE1kXV8ACS3J6Cs++1lWPX6CqEbzXcm7BCj1q0jOx1VrH5Vizk5ZyC1UPDr4tdM9ki/pVy2nSSw2gnchwwPbiqfh2Pfb6YCduEjHPQdKqW6MVrc9AWTgVKJh61QM1nCxSbVLCNwM7XuFBx+Jqe1+z3iF7a/tp1HVopVYD8jXXZmNy2Jec54p/ne9R/ZQFZvPTaASTkYA9etNSAyYMU0bg9Cpzn8qLMLgW468UJJUblUVmYhVUEkk4AFYV34q060Z0QyTuvQxgbSeeMn6dQD1obsaQpym7RVzpPNpTLj0rg7nxzcEj7PawxjHO9i/PtjFUZPG2qNBsHkq3/AD0CfN+vH6VPMjpWBrPoehXuqW+mW7XFzKI4xx7k+gHeuYn+JUCuyx6c7oD8rNNtJ+owcfnXDXl9cX07TXEjSSMcksf84HtVOUbhkHmoc+x2UsvgleerO8m+IIlQqtiI2PRzLuA/DA/nVO1uzJMzuclzkn3rjYwWWt/SZN8e1jypxWVRtomvhY01zQRvXGm214u5lw/Z14NZE2iXKN+7umx2yM1t27lRg1YKhqwuc12clLpGo4/4++PdarHRLx2+e6OO+BXZyRnHGKrmLnmquK7MG20CGJg0hMh9+lWp1WNNkYAHtWlIuBWfMvJzSvqJktowKhT+dSxaYDYyWEcoAaAxB2IJAIIBxxmorcBRk1u6VAs1v5sgJZ2ONpwcdMfzqpy0ISPMdR8OT6fPJbq7XEingqQowQCM5PB5561mz6Reqy7IG5A4Z1znv0NdPc3KTXU9xGpVJJGdVbqATkCoAWb5j1NdMZvl1PTjltNpNtnOf2XqMZx9nYnr8pB/lQbPUh0hk/OulZicRnp1IqeKcRD5UUDrgCnzMieWK3uM6jxfr6pE2mwFvM4MzdMDqF/HjPt65OOMaUsMnIJ7GuhiisgCWVhcFsmaXEu4nqTn/wCvWRqtq9tKvmY+flWHRuAcj9Pzoku5rhoeyXIUN9IWJHFGw570oXFQdyREWwfalyD70pTORTMEUh2ERtrkflWhZXHkzq38J4aqDoSAw6ipoTnrQ0ROCknFnaQudoz+dWlkOKo6P/pNqDn5l+U5rSW2YHBrmaszxJRcZOLIjKemMUwn1q2bQ9xmk+y5pCKDvkVWaMsTxWqbMnntTGtgopolmTKXjiOxcseFX1J4A/Ot3W7iTRfD5hMjuDCsEZ6EkjGc9iME/UVnLHC+tadbyMy5m8zKn+4CRn6nH61F47kJns4Gb94FZnA6EdFP86GuaSR0UKfNKKZyWeAPWnhwqknsM1EBljRICSE7dTXUe6h6Pkbsfe5p3mN/CCx7ADkn0pmMCpowvPXcQQMenf8Az9aa1ZE20ro244nuHEcalmNZXiK6ElwwRwUjO1COmAAAfxAFdRfz21tHJ5M6OGR1jSM5AVgRz6cH8T+dcLeAyMfrWlS3Q4cNUnWvKceW23+ZKsgMYPqKM1WRiYwozkVNGpIrM7UBbDCnHAINMKnNSBcjGKVik7huGKYrBZOOlDJg8flQVyPcUgZ0Xh67EV8I2ICy8c+vb/PvXbJjbyM15jaSMjo6HBUgg+hr0uB1mhWRDlWAYH1FZzR5WOhaSkupIQOBikKKBS00sSMVlY4kRucAiqsmfwq4VyOlVpgFVnYgKoySewpgUdKtWv8AxE9wu0rbAIhA/i6n8ufzrnfFV613r02SpECiIFTn3P6kiut0dGttGWedSGfdcSlf7pyc/kBXnFxK80jyyHdLIxZjjGSadPWbZ6OFjeo320FQjaT60yNtwL/3jn8KjnO1FiU8sP071Iq/KMduK6D0yTdkU+I/v1Hsf6VHjFWLK2a5ukRGXfyArNjcfQe9XHczqPQsyyhQSvQjINZT881q2cImubeJgXTzFDD/AGc8/pUGpWYs76WLcjAHI2NkYqpmKmublM1cAGp42xx60wR4PPrTyMcioSNEx0nrSRuKTkjmo1yDxQyr6k7mmhqcPXFMPBxSKuLA2xivocfhXeeHbvz9NVTnMZK8+nX+tcA4KurDvwa6bwrPtlniPdQw/D/9dRJaHFjI3pvyOy3cYFMzzmmAmlNY2PJuDSDpVW5xMiW+7HnusZPfaT82Pou4/hT35PvSRFWnk5JeJVIGOm4kZ+vBH40nohp6kPi+7Fhp0kJ+RrlAkaA4wM5LfTAAx/tCvOQRuJP3VFb3jS+kuNeW2ckrbwqAc56gH+tc7NlbZh/eFaUlaJ7GEhy0799SKFzLK8x7jCj0FXNwxVSFNq1Pg45rZHSnoSF+OtOtnLXIC/wgk1AQa0tNtbUpulnaGZxu+ZdyMCAV5HI4PpVRMqlS25FuByM9RSG1nWETGJhHgNuPGRnGR+NFFa2uc1Wo6drdWiLNNZgKKKyOsb5gzTUbLUUUdAJQ43EdaY7DPHWiikUnoLIcwkjqBmtLw/dCLU4iTgPlT+NFFJmNbWDv2O7STil83rRRWLR4RGXFR6bC863M8Y/eSOcc5GxPlH67j+NFFZVPhLjszzi7uftuq3twJTKskxCOe6g4X9MUycg8dhRRXVHY92npBDEPHNP38dKKKaLGvukVYoxmRyEUerHgVtXSwxRWr26MYjF5e8nhypIz+W3j3ooq1ucdRv2qP//Z</Pht></UidData><Signature xmlns=\"http://www.w3.org/2000/09/xmldsig#\"><SignedInfo><CanonicalizationMethod Algorithm=\"http://www.w3.org/TR/2001/REC-xml-c14n-20010315\"/><SignatureMethod Algorithm=\"http://www.w3.org/2000/09/xmldsig#rsa-sha1\"/><Reference URI=\"\"><Transforms><Transform Algorithm=\"http://www.w3.org/2000/09/xmldsig#enveloped-signature\"/></Transforms><DigestMethod Algorithm=\"http://www.w3.org/2001/04/xmlenc#sha256\"/><DigestValue>f6K+7TAQcnRYjGFDCJlH140UWaY1NhzC0VKBHH8s89M=</DigestValue></Reference></SignedInfo><SignatureValue>bIHZGipWEAYS5+gfIv/Fj1KsG1l3g4YY69N6f0obgui7nffgTReJlDi4qejBroEhnN5Se+Gd4YaZ&#13;\ni23yLao9LwVhANLhZ95Inwcjz/wN9GrKSksTGX/t+Ps+AjUqJPTj56MNEPvTtuKPRc8fIAjDp66d&#13;\nZ7vMxf2DFjNKlBp9X50Z4AzXrfzaBQ/u+4ieELqQyNJeZsiZU+e2DRbjEqtt+yCDYg3enBOYvWGO&#13;\nDy/0DiuA1kme0syT7z0eMxEfP0NPOQNC/SXpYrFHg/dYWWkc/v+Fyo65t0RsyksYzzw5OZ7cwZJM&#13;\nNG1bU+dMIND5L0KFhqHwTAti881ztzcTwQcwmw==</SignatureValue><KeyInfo><X509Data><X509SubjectName>CN=DS UNIQUE IDENTIFICATION AUTHORITY OF INDIA 05,2.5.4.51=#131b4141444841522048512042414e474c4120534148494220524f4144,STREET=BEHIND KALI MANDIR,ST=Delhi,2.5.4.17=#1306313130303031,O=UNIQUE IDENTIFICATION AUTHORITY OF INDIA,C=IN</X509SubjectName><X509Certificate>MIIHwjCCBqqgAwIBAgIEU5laMzANBgkqhkiG9w0BAQsFADCB/DELMAkGA1UEBhMCSU4xQTA/BgNV&#13;\nBAoTOEd1amFyYXQgTmFybWFkYSBWYWxsZXkgRmVydGlsaXplcnMgYW5kIENoZW1pY2FscyBMaW1p&#13;\ndGVkMR0wGwYDVQQLExRDZXJ0aWZ5aW5nIEF1dGhvcml0eTEPMA0GA1UEERMGMzgwMDU0MRAwDgYD&#13;\nVQQIEwdHdWphcmF0MSYwJAYDVQQJEx1Cb2Rha2RldiwgUyBHIFJvYWQsIEFobWVkYWJhZDEcMBoG&#13;\nA1UEMxMTMzAxLCBHTkZDIEluZm90b3dlcjEiMCAGA1UEAxMZKG4pQ29kZSBTb2x1dGlvbnMgQ0Eg&#13;\nMjAxNDAeFw0yMTAyMjYxMTU0MjRaFw0yNDAyMjcwMDI3MTFaMIHdMQswCQYDVQQGEwJJTjExMC8G&#13;\nA1UEChMoVU5JUVVFIElERU5USUZJQ0FUSU9OIEFVVEhPUklUWSBPRiBJTkRJQTEPMA0GA1UEERMG&#13;\nMTEwMDAxMQ4wDAYDVQQIEwVEZWxoaTEbMBkGA1UECRMSQkVISU5EIEtBTEkgTUFORElSMSQwIgYD&#13;\nVQQzExtBQURIQVIgSFEgQkFOR0xBIFNBSElCIFJPQUQxNzA1BgNVBAMTLkRTIFVOSVFVRSBJREVO&#13;\nVElGSUNBVElPTiBBVVRIT1JJVFkgT0YgSU5ESUEgMDUwggEiMA0GCSqGSIb3DQEBAQUAA4IBDwAw&#13;\nggEKAoIBAQCiciwOXy3lunB+2T8DbsKx8LlVkyOQ+swPC8vyDIChXAiLSIaGa3LrJasL9Vov4Gtp&#13;\n7b1cyDt0x3CdshQebAfGi834WdPa9/P87SQdByBV3BVIhHS0XCyYL6lUqlKqb/+ySBhhxlCF2Etk&#13;\nFY6fQ9nzXKabSM6TAFIhAqTK4JO//UdLCNMtHQQG9of35VvSJqI4S/WKQcOEw5dPHHxRFYGckm3j&#13;\nrfPsu5kExIbx9dUwOXe+pjWENnMptcFor9yVEhcx9/SNQ6988x9pseO755Sdx6ixDAvd66ur3r6g&#13;\ndqHPgWat8GqKQd7fFDv/g129K9W7C2HSRywjSm1EEbybU2CVAgMBAAGjggNnMIIDYzAOBgNVHQ8B&#13;\nAf8EBAMCBsAwKgYDVR0lBCMwIQYIKwYBBQUHAwQGCisGAQQBgjcKAwwGCSqGSIb3LwEBBTCCAQIG&#13;\nA1UdIASB+jCB9zCBhgYGYIJkZAICMHwwegYIKwYBBQUHAgIwbgxsQ2xhc3MgMiBjZXJ0aWZpY2F0&#13;\nZXMgYXJlIHVzZWQgZm9yIGZvcm0gc2lnbmluZywgZm9ybSBhdXRoZW50aWNhdGlvbiBhbmQgc2ln&#13;\nbmluZyBvdGhlciBsb3cgcmlzayB0cmFuc2FjdGlvbnMuMGwGBmCCZGQKATBiMGAGCCsGAQUFBwIC&#13;\nMFQMUlRoaXMgY2VydGlmaWNhdGUgcHJvdmlkZXMgaGlnaGVyIGxldmVsIG9mIGFzc3VyYW5jZSBm&#13;\nb3IgZG9jdW1lbnQgc2lnbmluZyBmdW5jdGlvbi4wDAYDVR0TAQH/BAIwADAjBgNVHREEHDAagRhy&#13;\nYWh1bC5rdW1hckB1aWRhaS5uZXQuaW4wggFuBgNVHR8EggFlMIIBYTCCAR6gggEaoIIBFqSCARIw&#13;\nggEOMQswCQYDVQQGEwJJTjFBMD8GA1UEChM4R3VqYXJhdCBOYXJtYWRhIFZhbGxleSBGZXJ0aWxp&#13;\nemVycyBhbmQgQ2hlbWljYWxzIExpbWl0ZWQxHTAbBgNVBAsTFENlcnRpZnlpbmcgQXV0aG9yaXR5&#13;\nMQ8wDQYDVQQREwYzODAwNTQxEDAOBgNVBAgTB0d1amFyYXQxJjAkBgNVBAkTHUJvZGFrZGV2LCBT&#13;\nIEcgUm9hZCwgQWhtZWRhYmFkMRwwGgYDVQQzExMzMDEsIEdORkMgSW5mb3Rvd2VyMSIwIAYDVQQD&#13;\nExkobilDb2RlIFNvbHV0aW9ucyBDQSAyMDE0MRAwDgYDVQQDEwdDUkw1Njk0MD2gO6A5hjdodHRw&#13;\nczovL3d3dy5uY29kZXNvbHV0aW9ucy5jb20vcmVwb3NpdG9yeS9uY29kZWNhMTQuY3JsMCsGA1Ud&#13;\nEAQkMCKADzIwMjEwMjI2MTE1NDI0WoEPMjAyNDAyMjcwMDI3MTFaMBMGA1UdIwQMMAqACE0HvvGe&#13;\nnfu9MB0GA1UdDgQWBBTpS5Cfqf2zdwqjupLAqMwk/bqX9DAZBgkqhkiG9n0HQQAEDDAKGwRWOC4x&#13;\nAwIDKDANBgkqhkiG9w0BAQsFAAOCAQEAbTlOC4sonzb44+u5+VZ3wGz3OFg0uJGsufbBu5efh7kO&#13;\n2DlYnx7okdEfayQQs6AUzDvsH1yBSBjsaZo3fwBgQUIMaNKdKSrRI0eOTDqilizldHqj113f4eUz&#13;\nU2j4okcNSF7TxQWMjxwyM86QsQ6vxZK7arhBhVjwp443+pxfSIdFUu428K6yH4JBGhZSzWuqD6GN&#13;\nhOhDzS+sS23MkwHFq0GX4erhVfN/W7XLeSjzF4zmjg+O77vTySCNe2VRYDrfFS8EAOcO4q7szc7+&#13;\n6xdg8RlgzoZHoRG/GqUp9inpJUn7OIzhHi2e8MllaMdtXo0nbr150tMe8ZSvY2fMiTCY1w==</X509Certificate></X509Data></KeyInfo></Signature></OfflinePaperlessKyc>"
        }
    },
    "event": "customer_onboarding",
    "partnerCode": "FINSALL"
}
HTTP/1.1 200 OK
Date: Mon, 28 Apr 2025 08:57:17 GMT
Content-Type: application/json; charset=utf-8
Content-Length: 231
Connection: keep-alive
X-Powered-By: Express
Access-Control-Allow-Origin: *
Access-Control-Allow-Credentials: true
ETag: W/"e7-0o+9b6QeCNwjQcQ1e6pTucDi0xI"

{
    "statusCode": "200",
    "message": "UBL - callback response",
    "data": {
        "response_code": "200",
        "message": "Data processed successfully",
        "docs_uploaded": [
            
        ],
        "docs_failed": [
            
        ],
        "cif": "126617",
        "response_timestamp": "2025-04-28T14:27:17.409+05:30"
    }
}
Request method:	POST
Request URI:	https://pisoauataws.niyogin.in/gates/1.0/sweeps/ubl/uploadDocs
Proxy:			<none>
Request params:	<none>
Query params:	<none>
Form params:	<none>
Path params:	<none>
Headers:		Authorization=Basic WnNUOWdMOmNZekNaTQ==
				Accept=*/*
				Content-Type=application/json
Cookies:		<none>
Multiparts:		<none>
Body:
{
    "data": {
        "cif": "126617",
        "pan": {
            "id": "JRMPK7838G",
            "detail": {
                "BASE64STRING": "JVBERi0xLjcKJeLjz9MKNSAwIG9iago8PC9GaWx0ZXIvRmxhdGVEZWNvZGUvTGVuZ3RoIDg4NT4+c3RyZWFtCnicjZdRb9MwEMff8yn8CFLn2o7tJLyVjaGKbsBWIV69JqMZTQJupgHiw3OJndjSqL1NmnTd/f8/93L2OT8TyggaftMMpRJlskC7JlmuG4ouuuRz8jN5u02WlxRRhrb3iWBYIMEpLgq0LZNXF93usanaHvW/f1Svtw/Ju+1zEaM5FtyXVWcrVe6V0uhb1VZa9VWJ7nXXoMv19e1qs0HTv79ebU65mqXQAgs6er43TnXXohIMY4txQkaYOCPpGRWI0TcpeUPSIJMXGSbMfv2n9tCp8iVET/aMyPIwMeODwyC9UsfvUKypPu1jc1fpGNnJf9mfgqcsjIS/RI6aa9VEv5vL/lJVGq3a+oA+qOZOHU5KDYbBY8hNLaGEqLtHb2vd72M8J6NFAbXMoZZhEMnw3CdlvGRz+lXQNs05liZxt+zQAh2XXVggGabpKFiVpa6Ox8hKPAGKpXKOoaVelMokptmY+vDYKnSn4IHdqT/QUk9Kl0guBoO4DckxNVv6Rh33dbv4oPSD6l+mZgXBzBev9o0qW/VN6cWV2isNn/ZavdAsY5gZt3Vb1mrBKedmJ5/Wjo+E8QJnZntsVFs2Sn8P57MMM9Psm26nDnX/O7Y2p/h/tcM8wnFmmv0cWGiJLupjr+tdH8M6oSlwEENzKKB5lp/qFp13ZWzXewpX7NP+osC52Sq3ffy49NK9XvBEZmzdvE8ImD8lAnoJ5oGAfStRY0MqGDokt//LZ1QOi58FNg4oxNAnPsLEIQWBbIkLav2HuWPiwKIIdyLhHAKIlGOeeggTRxCTSDiHAILC6OYewsQRxCQSzuE0gucF5tIhbBxGzCLhHAIICZXMPYSJI4hJJJxDAAFHsPAIYxgBWImY5QF7xoY7hPM3cQQwiYRzOI1ICxitXjfZOIyYRcI5BBAZ3IS8Ktk4gphEwjmcRjAJc9nrJhuHEbNIOIcAgsNg9rrJxhHEJBLOIYCAS2rmEcYwArASMctP21O4kTLvbLJxGDCLhHMIIODqmXndZOMIYhIJ5xBAwHRhXjfZOIKYRMI5TAoqjYYRaLQcDvyC2XciZt6JCCZpAXcNa8zANs1TyAMrOY5dpCswc4ONDoMNbqrD4QFnbT7evGDaafBKpZQZWLy67DTa1E09vAyd13r3eDBvM3/R+cfry/XFu+vteuVeh/4BO3b0vAplbmRzdHJlYW0KZW5kb2JqCjQgMCBvYmoKPDwvQ29udGVudHMgNSAwIFIvTWVkaWFCb3hbMCAwIDU5NSA4NDJdL1BhcmVudCAyIDAgUi9SZXNvdXJjZXM8PC9Gb250PDwvRjEgNiAwIFI+Pi9YT2JqZWN0PDwvSW0xIDkgMCBSL0ltMiAxMCAwIFI+Pj4+L1RyaW1Cb3hbMCAwIDU5NSA4NDJdL1R5cGUvUGFnZT4+CmVuZG9iago4IDAgb2JqCjw8L0ZpbHRlci9GbGF0ZURlY29kZS9MZW5ndGggOTYyMz4+c3RyZWFtCniclXtpk6tIsuX3+hVpt82e9Zi6UuzLTN16xg5CgNgF39jEviOBsPnxE5mqvn27X7+sN5mWKSDBPY6HH/cTytD4C4xAbx/fKPmGEm8kQb8l7S9HpYXf+P4X85fxF9b55SjCbzD95tx++bgFw95p7M1Jf0HenOkX6J1Awdfb+stfs1+ZKC2iaHq7auf/5VS/CM6nhZeDKf8F+CAR4h1H39pfcJz6+0kDTmhwQr5OPnz8OCb/cdPtn439ZOBlDYGQdwj/wxoCwf84+WHun5z+G3t/mGg//P4wB8bzT9Z+OvnJ6e2/QP3Z2A+n/wTuJ8M/O7z9HHf8M+wfFuB3BP8I+19/+8+tbd4e2TSXfff9G7Dw7S3rkj4tu/z7N9cRf6W+/efvvxm3W1N22SUasqnJ5ll9Jm9TdssmcG+mpN+/0RiKAKc4hMI4AqMQQqAw8u3339wy5aMl+v23S1++pX0MXOC/QtSvME3jwBN4EL8RBEZTtwTCoeSGExlFwyhBonB6gxEKAad0hiIYdaPI9IamWIxTCIbAMInfKCLBvr3lWZdm0/dv2rePPPnr20/Z8q+4YfSdJD5xtx8DIRA4Q6IYQm4xQlFpRib0LSUziKARCqJwIsVgEr7hWZTc4jjJEihLb8QNopMbRBDRt7cuagECL8umN6Yrmzc1auOoyb4dP+BGb0k0Zf3t+7dvb0l/75bp+f2b0qUleDAt5+X7N6Zoo7SL8mj69lb09zn7uLWJurSNpvrzuE++f6vuXfQWR8B8HO2AD2s0pW/Et7cB/A2DMQxC/xw3RLwjL9xD//2bFc1F2X17m5doAT61qIgmcGmZoo9rU5YtH87ne/waphpNVbT8qROCpt5J8tPJY0l+ePmIRbH8fqSrI8Ywpl2HJytnWCZnwBl4ZfgjsrI8w+QSmycSa+YyuyYnzsxVnjV1npnPPFvbwkq5stXf5AKKwA35icM6hVNmZVsTlU+GM89sOm9C8jPBL07+vHDYrvPnl22zBvZWYCfXeSt/KtZaaJXy/PHzFSjAFOoT1M8P/I9/zseVYSyO4RVGZXjGVhimEFhmE9gjZTLy+hEEl2VM4eOH+ceXwDGrKYKAKJzZnz/uXSxwORd4ZlUEZnVF8AC4INKMqYDgmRZrKYXmCpIAiwX7PG0ir34BiwJEoD9hsXUkKAqkbqvl2dCNqTXk9MzzWhWLJJCsvjmVSa/aPaQ7AWrwNWFClmjVqWK7g+OJnu/BRei3eh36YRdJzZigFpx2KZZdR75QfKnAylM5qE5z8v0GL8N2VKtB9duBKIdxUvfl7CMLWeJ3MNGbdpU2qjo9l7MD61cfpqsQucsldnAa/H7riWzaqMcFom9fYCNBsr+wxejh0hGvSIPorsLfI/0K3n8baeEj0hy4iWeZ5BVp84R+3rsJAmsLG1ucWNdMi8TSSq0XFFFQrT6WWc7WdvfBeEF3trgiqHVDaCjrM5AtCOugVi6i7zlu1LpguaFsC18AIaj3V+o1qgtbntekge8NVSh5bYgUQ9TpUHoN0UxuiLw3hCKI5FJp1Xow3CaMru2pjfrRqIco6ka1HefJgJY4Qu/nlljni7AlsfzUOhVaLi6cxldE7yLsfqnxLO4Ioxtfgf4jhnQP0lcDdFUsEAPmsvLtqrpcsznj88SLkurybUNiAy9sxFeQ4HcU/sTkYmpGG8yR6xiX0RlavS3Dc6oIWBEwkRECu2ONqOEoCHef0Zmx2Is/iNXmtmuFDgd0sYJQEna7MBJPYWuIsih8QASzYJ21u9iD3ukXLoPFXLFkx+NbTUgz2t9EtC/LNafncrSZ0mRGTpWuFzmb1BU7KUfBHSr8yJVr1VASCNpVctxy2k1mPdnFF7Bw9J1CPmGBDrne2U5kzbYBIxyZtivU2gMjsuTNCriTK144WBl5isiEfmY2bzStY+Os+ebkd+OIuSSjIS62UanaeDp6LcGDhKtwrHJXa+pxEp2znOPgoQRnxonxNj6HFYUSvEDws+hGd6eLXa4lYyW0mswsh427LGQFINvGViBqXH5OOnmvAwJ61OG+ml/Awoh39AULjfWIW+O5KDZkcDgd32ASIjlD9BgQocEp5IVI1Wysu8GtBE8ru9iAbTLhcjWBGN2/LG5vBgMxbSCeJispR7vjLuUYE/m1q33OVkzTUPChxSWywkXp9uAvpwtDBBfDOFNmdgkV3F90taGe2nmJsCAwyM5AJaNjWLqCMV0suiBqJqQhHGm/ptvyBSwU8Ar9hBWEXC+eznVqPgKKkjvmwipTMzzKmKl3jre7umIPXtdxdYVKEHY07swjJrLjnU+uWnswc94AJYQFvSxhAgYTvTW72V3AQwh0ONVavQpt43CXcbMDzZMhhTm6HoTUh7Muw9doTqb1WWPUmOpThl6cjoCxzAccI3AyJRq3Se9Ps3T1Sh6cOZ9v1qhwzFe4ALk+xfRfTWMBbpFp21ccw+8LmwbTGPn04l8bLjm4N7ruiFTD8OMZnszlBh2v022PDc+XEoGhqgmWXTnv6iRPwn5WHtaKj2FQoOM6+9BH8tH7ZrK+oKAMho/xMwHTjqyheGE2UymEgAiw4Y5KNwIOlFGZ8nYUEkmkR/eUw0ZZDW655Unbz66l9grh0kGxu+3+BTQEEOwlWBls9IQTATGW2qonyTuHuKPUAYfzT4G1CKGGAyFgCcrDN4yiTFQcbqfQxz0L9507E1SGmYxJHsoYdolPLGPYcHUNdTMvlqAWNPBo6hFPOzaltEJP27E7TeJg29sJpKPfqYUuPuuilyfLzcvTsC7IJWp2kDOh0D8jl+qGChF9d0ZAwhNEQgZI9wUqGPDrhcqIjJTHT1J2MetygpvLORau4qRR+i6soWw2ziEgj0dGJMo7qUZIIjYrjw5nJ1rWO20/l9XqRLe14TihDxSTqY+DMEAbfJcuQIkrFBabQHslYGZoI2PL+4pg2LRW62Vcll4uSw7jSaHd2VRF+Nmsb/p9q3LstMHMhILGR0exxSsPO8d3twO1PmB6JmC/QAYBir0E5+ZwhuNussQYUbWaWcTKQv+YQXGLEgHMpcmpdQAphtqYQhIM5sXuiixTA/HsTXl0G0Q0E801L0N6MHSE7WQMpmi0QfUbmixwYlybJpi3075fH4+y3GqYX/dRX8Q7tfW+ymaTmJmXbauo6HCzGb7Mo5MCodykWrjBqFXhkho9dl4ubr7QASbq6qbUylfQAMteMld2mXaoS0LqGai4xOI1sFYuG/BRigHhLTOuchybQohYz8+R0fKZhQmva47kY/KPg4CsfC6WlrnQNlTNLMZUsP3UbKwOqoscEx4OYw115s0u0utA7yTpIk8drdJXiL+y8lmWEM+khKoTvVtZBOYVLqLr9dmszhLIRCJTBOFFMBTAit5V3hQdIrSN/3tcOA0o9pIba7U1Gb/67Ik1bgE2ERbEHY2RYMPrIMFDkF+ZnZpSSb70ZnSIT350DoKZzGyn6x1kQmXsGjX0nVI5JLhdInuR665pLnt41FsZ86xtJpU850WVrWElik37vBGesCpx2bWtEQVVvRaj55LQGR49qx0kDQnw0bJ2hwol3gRtzGTqwlOudawgeacQMPUFLgqQ7IULvkKcj/TOuhknBcMlT2b3+/XCHtXHIB2X60O/dAtUR/ogKLyaCDJBj4dsCaA2ttIg2lu1gYL0cuvqW2XqgsHl3CEfCJXTZpMBGkrU4bNAO+2IG1Zdl/Pdxx+7r4+s0hH20KG6v/EklcEJzeGsfJUnH472pl8ffl9PEnRKtohT7/YeyPDkzOcvMJGAXi+JS8BmzKuMh+Mk7B/nDT9f99aAOYNOyFSX72Hw3NzU3+0qbPaklwe9GdNREWVksVTbyg8PQxMy5AJPfWq3+nHlJAwLoTAdMZyQl1o+XqKHFHOG75J164ns9qhPnnlzkow96OnUtz36aC6h3VBVPhHgeWWylpMvcnG9tycMmUkcQ11BRZWLWR0ZZoK/BAa/vzoYFj/Gwt3OH6WuHIvhJOCZS2HkcZcDOkO7Y+krsluDVpDWEsYkXZ17pIxJkHG2aa6ovVarCXZgEIMnbgU02fxDvBr2ONmRBfXixbo1ON4TwtGu3VpuJ81X1g0aT0/tQ11dJ0dicGw32V2RgQx13ZXpmDE425KxbZ3IXGsX1wJlWK+6woi3y7UMv0BFoO/0S/XaaHn0zKSesj29mVri0XyA0Na1vFUHOEKpBOU7ctmEOWdovUUPETTE4ooadsK5AeiU1Bj2dRWwtzPLzY8rS0e1EOyrod5mUNDldk4vp1R0gmev5GwuGxa8ey38nEaNgibFq/aKGeC+0NeWrUN80NFzwUEVNCKQHbsPrpabBEPj3HjE7Z196No9NaII+gIaTrxjL2h1ebLNY6Yem/JxvfDuBh2tfogbyUaT4x1V5Sjb1owOr2WG5dlNU5Vnaj+uk1nXU0+ozaU1FOq8HENoJp5W73bXWCFVe70eQ5I54OyhSb1hFsuGKubY64Pc43rpnLLVA70sBFyvq3U/EFogZSzhIZfC8NXnYyFXlcyDa2IwURTFsOLKcvC8CX696dkTPT9b9AtwGPVOv/RvGmdWs2pk64bcAcmyW3QnDnJS2RmznMMZRwzjZtoae2hVDN2mNsK1jAwk/qklIaKMFMUjOhDhrChHERv4lLmOPsHLjzycbGkybgJiL7Du8rqC+rnu+DFDeGNipsZRV7I2CqBcVCSayPKK9xKIH3J8cHXZUOvwLIEVG3GAbVXj2hOEY1/hAex6Cd/RKfOgWC1o2mWsifhsj4aQ6GLz+VwLvd6VO6YwNlgomMEJJ27DdZQMI5pQeKAX6IAvHAI520XsIJSpDgtvQqS8j4mKQHTlwEFAj7GKkvSc01khWk89T7xdj7pY8ouz+pQZw1nw1cDHLXySPiuJ+7becLjN7xmiwfEMP20uS9IDrW5JGBFy5D/Kyp2+QIaif7yP/NfTZV66eAH6KWiuaePv8OEqE3AMG0FU4c7mPxFS7dSpk6/D07kaEW9gdaajQiQPD4Nt71UjNPO4KGwOtGLGW5JRQAkNj9pMOlWeHR1aRc6u7UOrqyV8nXXYsXGRJvPO8SHKGSUIRRvlNOoOlIhzaCyVJqU69u+WbE+Pqx4WnXXVEvaYBUHse/kX6y8cAeT6Q9CboLdqx+Lau4m9bmcpX0dGZX0LS65PUgUihnli7qFnZDqBp/iORMSYxNZF3bRD1EMOKGbDSVqLNSp4zABLw/ii6Q9/4VuVmu88PPqq2WjtnBH3te78cSKwWQuvCWtL162WOgHTLXF27xgGlLddOmCtA8SgEeXsquED8QxFhUv0zT5+gQYGbHqp3ZVWK++uJhIr+zm/yds+sFC3WQmA4CT1vslIQFUVyHLp4sjTVbdzjJWH6/KoOgvTfUq/CvMUh6Sqk+VpZZz1bj8gRcZzGahTygoP7O4nTYgaZacSsyk88ZU/rrw/ZhJnUcKShwNbGVHrZYZazChILugJ6ZtaPh3S3SkUmvozauXnyzN2vFP3hdLFYcCpl9I1bD3f6Et0D6CD6u7TwsvtHV1APpTuPOCy39yeRqu6tU6dJayoIrQLany7mruT24WLGybDwqfpvIiH3bgGufzwm4E/J1EeFys3nhuWxAlY9RAjaZw8vYZnup77Pjlq/SHulGfmHO5Rq2EbPOkZcSJhu7k/L9hIwH1moCmqlxHtsWv0JHfPHGV89pqvih8EKPXSuelxcSl4z3qiJpnC2e0kn6+LC6OSWTzhBD2P2m7HaNIhI2c9t1OA697gG7wfxwEpz9jtHBA3vwtQBmYQMjK4qHVxiS0X29yLxB3rDkgG0mUNjasZ2t+gAYunmuLGZU99uokfl2Q/iVz+3O8Ic6GYi/0wHmJXFfFz6+bF6DTVSM6KVgzW0XIOofTfo8JoQKkXKmNTFLa9Cfw2HsZ9Gbw6VCZDMiWT5jUL2o8zjjN07iAM1lwVw3I1vNbILEJCDQ/wvYboqLUmZunXIJEvi9eetooVw5sSQ2Mo16S++3EZq7FRQXeMu9opIyqn/Ro8JgH0Se1ZVTmMP6IhsW1GPXCgoyxQuxVWU7enpr52Z1kR7dhqyUh5HKMwLvJEm8Mv3lwDy913+qV0Bdo/Hha/vI/nQVCvzrrowpTbSoHMz25aLs4FHoeLIteY7MzqmCmh6KxwEt/ZRgM8uUWwq68ddb6neUPKCaI/MoQ04CkZr0UKIWLO53l1YVlMed6COjj1qI59CIqRX8OxRL35zNm4cC2OKzOlF3wcLfm0irVV0fA9kbsOetpRARN77MT7E5talVwG87qQ41foANFemlecB60bL0nKGeid49JhfN6rXPXQdEaZix66rW84XpM7dFSGmbrdteHJeE4bM/p1AF0cm4yOhCCWDI+8PeXy5GXEg/TXyiNHvCx40OKDVcLyUJHHW+A9s/EoqM8Zv50W5ZqZ9Cn01IGUYxo7tPxyWGIpuqezswOFBd82a0BqxroYdfNEME6UJas6ULcv2jJGvmq8BVpSBwGCUissb+epnR7neNHCuma5TdFLRp5Ng2OPS6i7N7X2eC72hZPE4tBUy5dAveBuOUmPUZqvaGlj6P3YniQej6zTYllo0DyOjB4ecmwtIb+/FgfUbBkrXbUkBZl+7PztPNB7slpbdLsVJLxyVMRLLGIy6WWoQLZ3sCRhi9Lr7IMEMb5/0bkwgnh/lXqd6qVbt+fphcKkrBhh2Tx37DMvsdTZc2wgyv4wTwHL7Fs7sL5b2cpRipJeAR1hWGnLT3f3jjj3OVdkPQ3Dp1Yr4Y7sVwUZromGT4FPKhXCl72u3LfH6ojoabpQHmpeLbl8ak+tZw7FfrRbBH4G2z2oGNm+JzBBR/RdqNgnk7EkDFqX05EDJOh05oM69gUynH6HXoJXgiqESLUWbpXtYdJmcrvW6QbsMtDZXS76iBb+zdoyhC9C5YxcJgEn9DvzNO5Q3UkZTw3GzZiyY0tZ/px1Jpb7DCMBM2CZdPGn/sgdhnIXusJGOuQKQe058h0WiI6KvZh8B12kbNiuVxaFwm0mbu6DEZB29fsWdGl8oIqUrCIywYDIwyTbSJKvQMHv+EvoVp3kPP3BT+7ttVjifABZo9hTyPOwmMKYBUSquGM3KryODgrCu27ohYRlBkfqNOO0oqgGmI7Vg7S4i54eMZu3T6SPlL6w6LGz61ptxeSmbPV2dGSnX1TvdAmuWuZdZVR9DtmSlXqPtEv8RP2RxcO4MmBd7WzLxPGDk+MX5ST5K7/VcLkD7W230Bfvy2MY9g69BC99nfHpYwXiV/GuT8ZDMrhLY/BHwTqA2m5UJx4HigMf4jIMSDhusftwweA42QOykw/6JZG2tD+5dY2eqdk0ZZa2s6N4uV1PHYSB5Qw0jpcGqXi+OwCxyPHuWjuXwLYHBUU/1lLKUQaL48XqmQ0o1Nmsxd04b8fHckyP6sI7xQCP6yPEBrLdl/3IgLJVzwX9BTj0cxvA5z8drtBRo8f9lHpgEWDoGB7KF/LpquuJLmpueTg3YX9y3DODL0iSGLkbbGhsZJmxyRiEIY+RN1pKO0gk72JktV1itFr1eO49jn/ihpanmVZJWrVsZT+N6L2BeG9Ibzv9SPRT+BTLTOtO7CVmDL7rOUPzEIc4YQnlTgMQxtIgLc86uCOmHDdeMJpJ8lWdRwDBXgUxyfM6wENnR5838T6csWIOMb/kHr3DQXe7k3jFHAx0WIXwEpD3bRpsr5Qy1TkJV+rJ6LgTyDvfo8kN7l0PXrbehH3bl61l8ulFCCWLvZ/n/rQ+ki6nbldk6rYwIKS72k8aoWajelddpgIvt2CvyinR+2kqit23xtpVWmbcuWNr5yHhicl6sDfxHMlfAQMkexXFuJmpttZm1MVN0Yx2hVk7/QmFmXEZGY3qjvx0EP04x6xWjw4VcUqRe3dDngeYTKpE2ffDST6I0eohoScH+T0nruoN8e8IetqUI43R1NFfdheZ08sSpDZYlJ1ulnppWRzbnqBtajd88yTkEabpggcKJhYeqnYsc8FkWPZraAsuPI3QS/YkB36XN5Q2L9kX/1HBYMCzlwj2+lC2CStGjDG6HuPlQB6RKZ5lX6jJjjEyI6mr5Ugx1/3qRzeMBrJfj3wqRYdl4ZMo44Kuud/mPaDdJGCAfM3MJFBWM6KmEyxck61IVgQqZ9CgkVwz0vvtJh8Sz6E0n4Lud9t8OpmtT3EFEx98e/hjM9tQtqO3ktsWLDyjznl3zgb7vGgdBGNIF9BH7asaAgGavbCtXnw67ettIsJaXLuSmUZNqBcy9OOJnmEVq7hLNzTBskk3x9BSRvNwN/ioZVSRHU652ZH96jOGSp7spaDOpHNYJ5g0iHuct7h5N/epAn0BenIXp1t2x0UQddvFLluXvq7FIVKh3MsfT6q7G8ZAwOKgwBy24J7AjSmaJultjFT1CcTwXWiEwQ/Y6xf5iNKAaC8pPKDjcfCW1PDrqvU8ZnverqAHeZblAsV5xnTYoKB9XRKiGubYieB4H4QBweX6qSHGMSwxoMofAyJej1J9aP1ZXHq6JoAU6TcuIqg5QHTIZeh21dK7uB9Fy7qa7cHS9tsmy773SDJZN2cyYgvlhK/QxA+LPB0deHONCeGicPLwYFvuRdlc6s6wg/35xYyhNCDaSwdf7p7aIX0/ceMj1UeHBssuNzXUNrSkuwVGoaan9hqRyO6q57Isc0vUpK6xRU7fZ1FyqulqoSYsIRkM3dd4nwL5XC0HhWTAElpV0UESXegiFiBfkR5q2vLeXPmRL4qn4VR3Z6+9fJHZi8SPjnyAFBglJfmcg3m6xUdFVaHuHk7BA/G2y6TfhSS7ioKFf4GMAjz7Y2sDfjiY2mje3AAHKrucIxR0XDpsbPxuToKQaJcJ7ftx8qvETpGorYhsWRKUJlmGftb2zJ6Wk6tZNQ+KewNmmw0TwhkHiLjwSLoqs20xFFsm6QZjfT9MtpI6R7r+/tvxYzfPb8cf+7rsMu+i5T5lf7Y/CCUBkV6D39qmm79/K5Zl+N/H47qu7yv63k/5EYEg6AjRR3BDOpf5X7697Gep0t3633/joq7vyiRqyj1ayr7TsqXo0zemyfupXIr235l0rA+r8NESuF+B2V8TGOt+/bjysVPtY3fSDwD/E2v/OsBpjn79AjJBv7+04lxE8Icz6+975t5cS/n+DeBzpqibb/3Uzj8d//8NIuseWdMPWfrr/HcsH76OP5vmyzyblxfEP50pAn4nXuP+s3HARwj7GAeA9BeAEcGJD88vZ17U3LPf1R3o/Ep8xCl9U4L8VoxFeTjYhi8WJwaOchG0WUohPXJjQHL9/ORvxx/RAsc/58GPKXvdKNWx0nvabuEpz5ctUt5F6dZgRI75xYFr/HhdvioXOPYOv8QvKZrLZp01tq8s67miMlj8wRnPdu659iRnPHDH5UQIzX/8BUb/DzaSfEBmPn2YXQW56g3FCQYVEuspFOuTW0aYgshtND7UOnQYxwroNMyiacYYmOGeO1hjVWRtrweM3pRPg6KACJd5P9Eo7nRqBQ3R0BaQNN0eA9PwtmhcWM52XfIwDpp5Y9SHHp4396sKjxHvxAvZ0LFCaA2wOKm38cl6eL8hy6dXHO6jswf1yYm8bcvt+pTTFsds+8lDXlrhcJxRfnevFSggU8te04g5l3dBbBsFounpcY18C//4x2m2kdWnwZzM9Y6g5HU4w7cCGTlkka9x3ed4z0UnfCrph35Yv39/TelP0/ibmj1f83vFIfpVXT6O7C8QooBgLw18j6ssWfSozX7n9O+8/ebqiukKbwov6I4iKhzjKIb+xriObFiKE7wZ4pui8wrzBuF/Q97xd+wdh78DAHAM5AwMlg4UBuMIAmEUDoPfCLiWgaV6goEzHAVnFEZj4O84gt0+7v+b7ViC4HxnBRnYfVOZs/KnREMB0V5aV2PAWCxg4zufNUX5x4hg8mNEEIGCYaHQ5zf8N+P7n0P7U88IMP4So59B+Bv3XdF/O36G+6dIfsafy6alvIGyu2S/a4oirxXHseOYM6vCMrkiuHgTaTujs3k9FnUp0SvEMuYsMjzHHnnhrDG1xMCuwBYayF9sMx3myOa695ktLNM7hpDCUSs+g6uZO+A19sU6sFk/8Lc5vNa51XrPVGrm6Do0SffFbk0UBgn/QpUHPl4rgt6HPjwEiDgnT1aLwPGn11Tyas2CVmkNeM80z8Jm8eH1BEV+iEc+3imCCKdS8UjaBsoc4aIx0CcEwdIkbc9XjXchzWJWPg/4T4PAiCKsqZz6Q5G0IqTZwXpiPo2fhA3mYsQC1dFq0nLN3ScrK+LpEfhfIIFAYr9UpzmD0fSx79WBfypCHrR2tpc+vX4MSds0B0R/O3Os7NQhrwjNPWxpKEbTJqmEUuOYz6EzmxaqEjaYCF2HNuvEyAYgNo+403ITEvJPg1r1sYuWycQVemoO89SqAJgHWCsr+rgG/gauJQC/gmqOGGmKnGrmvHLmB9Sv4IBEf2lNUxLW08mphE3jqH/A4Aqt91z85HqeCCAIlou7thueTEgEr7QBYuB5QnFx68b1bfZilezJqa2T+S+z84LhCGCIALGJrfxrFsDseELob33kCLHGvjKSszTbrD3FdnFBERbWEerccUXjvweC0IA3L21pCY0NHl+Vn3JgF7aFNUFrNz0lt0UhB8t8w4I2VhF11hYaDsz7xXTNTd8Z+IMDLKM559oCLPYM2xM9y2ZPluAZL4NCI9muzoLXi1OyrOcBdsOnkyeCYUJB/jFs2xVykI1rnoOpBnHg7FGylRjlPze5ugyDfbGXBaEAX15oWH5l1lf9zgWV6QG1Ta5MytW4PtHm3rEHxKH4eFY36tx49dMwD/N64ajHk1e44sqUZ1uJpAg9T6doPtNe/8Ck5UU2MoaTJ79AG8qlc2FmMXOTSgrF/PQS0ccLRdpmyoKehLKeUsg2dOWewZlo3LFRx/h4eNpsUWwNJyLCUr8aZUDcTLrbr2r0xYYWhAQUeulNWyMcRlQKZnRU7GQcj2565nRtkU1TovsbinsP+zQqmH30VTMxhBVPL7K8WWIgJXWLvvradLvMd7wWNiXe6NQFgckOQ+ULeqcNSyL2E/0ECZps9NHWTYKmqI0e5swgcdxON6LceOaREsR9QifiRbZ0lC+5Hy2UNKpmSt5E/nHMYYRWaZ/kvngLEiHh9z82INlApVR2CwtC/IxdhPOY/GOPrlTloAeDWs0HO2N85JlsUuyLazcKJIbGsTOzqiBzPQtqWE5bFTNQ1DVgQfbKzGpKXDlLjGmyeZWozLr+yKvzKrCsw3GMqfwgb6owNnuoOJbeObbIAylQTnXIKJwmr2uWB19lIIG9Iy+p+cN7rqxxvs0mAtb6qJZrJVv9UZs/Cjn06TW8anlwPTWK7O2hb+ag4j0VKQQFG8oTpOniFlTB5/p5PQYJlF4t0AlwYEQvPqteyRZxa37e+2nw9QD7AFW/SUp2jtEkB9V/j54sBAr6PUHE6o9yedekVWJbjvsCFk68ky9YoWSqjMOWmsRIHPcRVFdkV4V7FSrR1NzG6qMPOMhnl2tfQ3TzRD490rapP6BGUtNFkgcgbk3aerMi0a0iiXuCek/Q6CpQ0NsXDFTJQ4muUh9u4s78KRZsm4IbX9j/qIoW5DCmfGQZZWV4pvrIky8gYfQ78hKTMtA5Ms9EuVU8P70GfgHHHD4Br0VSszDQhEUEFqLh1bxHPgaKk3j/zEKLEsBxAzKTDT6SyCJyUG6iHpyLow3OlR81yPhHX/l7yxBZjaekP7oFZqHeCFKgSDnWAK9LAJwqYljEIEaZzUogZ75CAzj0Eo4gJ7ZXocqAzgAy4TMxTKRoYr+pgAbZFWEbwDEEEm2THSZ+Fe7ZEQUd6BFrCLtmiNskN68eFEn0M7pa+Gt6TWrlXxAsYQ12g2dW3TE3gX+xEsgnh4V+iJ/tVDH163rtyO7pEUriFEoeAnq78x9/+QINClj00pHAqyIkudvSRcituekXSwgCE7QiEDyAx/nnaECf0naNF4C0SA2r1nLbx9sYtR4pSELNVlbl1TVfjU3Y6j4uGx6ImAY0skcsA5w+fQex4k0bKAJe+KGGPh4CQoh36xXWqxrSeCQ3CAYvqrRPZes1vcnefwEGAdx5gXmc0RRNn/g9+BAt158941WMQIDu3hqj+pCCqGc2/boP8EdzzHuAnmbtg3CgQL1gMGatcSrD78qqVUAhVAoClAIM9C/k90BGVMx/FTis9mlAWU1NY0aGEyD58ZCyT4Pd7U5r7Kf2+AIOTP/9s3YpD+YDVM/BxrnbeEP2dB2r+3BmRm2tj/F4pXkm/KGiOwi0J0bgeUaVVss3OGx7FdxV4VX+38htxuA+PkQUOw24d+67Pcawwx0/eCG6SjtqiDl0P0nz/Razdzy7FWT9khkI3wTdRvZ1Ktyip2nOBOPu/GP+ChP898/RyfCTtdlqjsIeva1sbrqKFulqqtqTpUCZ4fBj2ZR7k8pjBcPoDcvc/dOri1RYXye6LZLOZvpata1PjSLM2SQeW6iS0VSwhVetA4ahh2G72UoquncMoVTiKWMnVipCe/fvI09I+qfBwij43T7MNoJq9SqLIyRdsWwqvJt+9MnrObOrXcT2tsoPXwk8CFDp1V1J8uE8bU7PEM8K+Okm2pTAGIkBFv7znpCHT6/EluaU1eR7H8q9JR2l0R3oshtObkcayl7IJZJRWgNWSOly7aEunmAcWrSMCu1HgNy00uEC+HM1/K9LrdeV1zL4+GNp/I9FMzj+N5/K/P2/QoPhD2wwTX/sDgCVgiJ/+sAtShBAmK+//BUImLdz2ZZLlr5x5ZTcm8+32N7+7xtn6OJrqcn8Y+vm/wODST6ICmVuZHN0cmVhbQplbmRvYmoKNyAwIG9iago8PC9Db250ZW50cyA4IDAgUi9NZWRpYUJveFswIDAgNTk1IDg0Ml0vUGFyZW50IDIgMCBSL1Jlc291cmNlczw8L0ZvbnQ8PC9GMSA2IDAgUj4+L1hPYmplY3Q8PC9JbTEgMTEgMCBSPj4+Pi9UcmltQm94WzAgMCA1OTUgODQyXS9UeXBlL1BhZ2U+PgplbmRvYmoKMyAwIG9iago8PC9DcmVhdGlvbkRhdGUoRDoyMDI1MDMxNTIxMzAyOCswNSczMCcpL01vZERhdGUoRDoyMDI1MDMxNTIxMzAyOCswNSczMCcpL1Byb2R1Y2VyKGlUZXh0riBDb3JlIDguMC41IFwoQUdQTCB2ZXJzaW9uXCkgqTIwMDAtMjAyNCBBcHJ5c2UgR3JvdXAgTlYpPj4KZW5kb2JqCjEgMCBvYmoKPDwvUGFnZXMgMiAwIFIvVHlwZS9DYXRhbG9nPj4KZW5kb2JqCjYgMCBvYmoKPDwvQmFzZUZvbnQvSGVsdmV0aWNhL0VuY29kaW5nL1dpbkFuc2lFbmNvZGluZy9TdWJ0eXBlL1R5cGUxL1R5cGUvRm9udD4+CmVuZG9iagoyIDAgb2JqCjw8L0NvdW50IDIvS2lkc1s0IDAgUiA3IDAgUl0vVHlwZS9QYWdlcz4+CmVuZG9iago5IDAgb2JqCjw8L0JpdHNQZXJDb21wb25lbnQgOC9Db2xvclNwYWNlWy9JQ0NCYXNlZCAxMiAwIFJdL0RlY29kZVBhcm1zPDwvQml0c1BlckNvbXBvbmVudCA4L0NvbG9ycyAzL0NvbHVtbnMgMTIwL1ByZWRpY3RvciAxNT4+L0ZpbHRlci9GbGF0ZURlY29kZS9IZWlnaHQgMzcvTGVuZ3RoIDg1MjkvU3VidHlwZS9JbWFnZS9UeXBlL1hPYmplY3QvV2lkdGggMTIwPj5zdHJlYW0KaAW1mgmQXdV5oM/d79t7lVqtRq0NISGEQEICxC4WQwADtuNgD14SD/ZM2Rl7MpUpe4JralY8TlKVuMax4yqPpxhPjAnGhmDACLMbBAIBQgKEBJJodWvp9fXb7n7n+89rYVw1lSpSM7duv77LOf/59+1co5PntlJ2qlSulKUyQ2X6kjtOQz+zujcmr4wkTW3LThPlMDhVqaFiS7UXZqs+RqZxaDPRtAGQJ4Zh5MrIlGkow1TcmIq1OMwUYMpweMscHjAgV1auVwUqp54Iao5GQ5kyLZMVlGkxPs00ziY4y4tTCOt1DXnFoaHpmbFSkSySFvgFZw5H5jACslRmGiDEEhY3SZaaZlNjCu2+BiaLxLlnMzSGDjn1WGB0mQcgoNr841SxMvNMWRAui/J84b9c8747W66YzwFeQp48lpM/y2LpXLDhMFViqvFU7Xrr2KHxqVVLhq7ZMFi2HQ0zDcPQ9zzAMtQURus5sohM1QcDBTy/+pnAlwMGyxU/nN1X+rn+gWpTo7rw/hQ8HmqZnRoJhA+shQhhrHDMRDyazacGduEkaZLkuW+7Ee9tM1Dq3mfeGj85fcbyZeeuPW1JSUGJrQEoo0u9XiA3RIP0UnBMsO4eIrLffZDmwgitx90XIlwZDEIyVHQtUzbCEb1GUkaKvpqZmSdZ5prHlPr39+769b4jdrFodepXnr7065+6dEgpF7GbaKvMluW7zEHGHKaGL9fCyQ9wQ14uHDkKiDaABBotbIc3moyu9nApFsFcYGlwQBNIWkZcM1FmyQheaPL0YPCAh1asXN5CVdc85L8+8jSLLHNGqT/+c/g8ljmlLIyv2XTGnV+6aqmrVJI4IG+aXYNeYG8OSgBAJaDXFCRkXRDhxcItsIVoXvC6i9KpS33HMyCgwAtvZSTm331kOGai1FOvvv343netZWfOVwbV8Mon3x57fO+UCEdzFmayvkxaAAFneRTlBmJgYQMhiJz/L4deSllMgMUytguB0XIBWpn86ZMHCw/zVKjr3nVfCedlBY0EyHDJpGRhTXFpoko8gncqQZtM/Mv9Lx174ciUM7yuU16WLVr7yMsHfvX0HsZYth1nsq6Btz0FQq7AR05Z6H1CQePUojJWXIrGrPtQTxdfzPJQaKK3TLUs0Y6FQ2SFNqkgVomrjs9OO8XSfBRbnh8kHccujc920EY3VRYy0dBlbS0fIdkAYqL1Thw5C3Hg9xZE3x3PYrh2eXNKK7tYypMuICBgd10bEyCCIP+wAy4MT6tzyiR0SggTAZh6dU29wBGOZPJInLSMYT3BRnTjWH2uxXUnN60KfPcLlYNHxmJ1NhBdW5sBcwQ/1uIfs/nl0QI+8karAuaqRSvSFvjdk7fdgxmcpw5LPFoOx08BM0TLAO66/MuWjSz287CCR2nNF5K4mMSLykXEYLriB8VTaVigjcYQOYUWcSY8XdDR366ukeM172AQPEs1F2QGB0+7kwQIJEk87CqWJuwUHaJV8kCPJnLCR6axrF5ZgDhd9eo+5VcsRp7LFW4aPNctH7Ha81UjKyRBIZ7309bo8CBAUQgZmOnoLNjqP1mNP9EAeaTPhf+8FznKa0I0kDXvuJc5PCUmo4LYu0haRkmolzu4nSXKtgQ5uOGq+OLTV24ZOfTS4SOu5fpRcOmygVvO7cebNZPQtz0YRvwQjmrnAR5YiWiyICKmARxuTrF8AUmt35ID6KQmtw0dHgQFACRoXDcPMTHiPLdguEZbYItgOYSOLiyCuX7ygR+wxmQFH+23hCTGGiFzZLZZVOqqVZXPXrzpH55907J8M29eeObSW67Y6kMwyxmGjViEg/ANNUVsHCBGCvXbxU7ZB68Ebw58GjmWFZHS6HvWckTzAENqgg+TgV1CNJsUTMQ3GyxmxjiBhipOK/X4/mB8srGst3rTes/TTkcDE8xdKFkQNQDgMmE00kC9XPwDKMO4hVVY6NRaUA8jOZGFiJXnYMLILkrQV5IrfP2CsLor8ivuQAaT/YkP7o7v/gKE0WDVpZ4LOXPx2aG2uZJ+xSotpR7bk+w98O5pS2of2baY8O6Jupn4LFBBM4SVH4DDFIIsPOwuQYoChguGokfiMnMUGGbhWBnHCPJMTJJbsmPmT7RVKxQtXlpVZaV6ARFnluCboHEt5TeU0VGCKLowqBdoaAy69EAhugBA7FL+pwlLiDabFgpiWhZOsK6XZiTIsbrGMspVhJ+PlN9WBpgcb6p6S2EknquWFGXYAFJMIqFMlBpoItEwzFzPhMfkrUEm2SeIscTRpjoxl7uuMVhWQ0WhgugkRYBemgEwEB2q6eftTIWWmte8gwro6gc3qgZTsEUGsKU7Hrq6MoPLUDE2qWDKkn7V5wiGsAs9106U5XS58T8f2T3WitxSMQ+bo1X3livOm1PquX0zz734Rj1MZsJmlkUDJf+8lafdsGXD6pqJG3ZyN87C1DLu3rHrnSlEUXXjzmq3/blPXPHOial7H96ROr2WU46CcNPaFbdsXYm/acdBxfFF1USPsUTBeDJWf3H3ky3T9z07q08u99QXb70us0zDKMPfN6eiHbte27n3QDPMm4ERpK7vuiODpXNXLL7uvLVnLXaRoigtWiahQ/meGcW56RjtXMXk+JF66Nl3nt79+tHpejtVURTZaXTWspHL1q+58cp1JU/d9+jenfv2uuVqGKleK/3qzVesHCojnu/86OG3ZpLUq+Vpuqxq/dlnL+2xLDTl8V37f7HzQGCWyFayYP5ffv5jy/rVniPJvQ899uqBo8dn6qZpFWxrw6plH7v6su2beqq2GE0W53ZXc18ZP/H2fJo4hSyOVg6Ui7Pqvh27Dh85WXX7W2TOvUPknMdnZg69dujxNw79yac/esmAMluqVPJQ3h1vTe2fV5avjMbkef35jWjlwMAbE8G7cTsiswxnD87ObN+6sp+kyPFE/kQEEmRco2XDyh2vnXhw71hYqPm24cyMf/XKTVhPYtgY2bd/9srjrx0IMsswS/CoWO1JnNJUo3FyvPHqoeP3PP3KRy8570s3rOsxROngeJ4EyMdz3Gaq2pZ6bF/wt/c+9PaJelKs2qUl7bDjVBzX9n49PvPk4V0/fP7g179647MT5i9fniz2poll1tL6Zz9WQGHbhnr6reMvz4aJ3zLDfFUp+1ouS8Cr/cfqD7x4MCwscm0jac9tmlD3PHf4Rz/9hVXqSYyiWe5Ns7yexNMH60/t/uGt12y74wsXQrHnGFJRJsoMbSeDDLOMYhzNwx88uGu62eoZHFbNrOT6M3lMveT2DBI+jjZm7rzr5wOfu2Vj/ylP17M4MjLbLxpGEldTTKFmqW3btu9/8XBYrPpW9eDJd3a+PX3NGoKkhL2ukxMfr9TJVP38mVfiyhKr2tdqTK8YGrn48q3EpfFY/YcfPPb8eMPuGw07UdHzSnmUpkmD3KZaNvJyGvc1lbrryT37Dxz+b1+7bin+IUl8RCRRPk8s45F90bd+dD+GkveO5G6xlcalsttpN8M49HoG8P7vNpv/5tsP91Z7SyMbUtOI8zim5vctnACn0ztoZmFolBzbNCtEFSEWyzGLtaTQF5cGW2FQ6av91V33z9dn7b5lcQ7xkWPaqWFnZpHsBQv/yaPPFzz7G7dtYa7piDsSL4coDMOJUqth2Cc7nbLvZnMnquF0rXOi0jxWDufSsBVmqdvTM5tmv3hqJ74PZ68demLkQZa1DCskt8ZScLLbzx2tWFzHkXJSv2/H83tRXjIGKRY5cc9gptTO/eGByY7hVUmK7Sg4/5wNtZIEjH/9vSefHO+4AyPNZlAtVhqT0+HsXDA53hfNqpn3ZuvTbcNKnEpWHn7pePTlO+/DPxqS4VJQoHfmWyfiO3/8D8fsvjotGd/rdFDMljF9tNY+2RtOWnPvJbNHSy6NmPTE3GwnzTthmsWpEcdmlhIn0AAiRBJ0HKJtFEgdDLFd15xneU6Ism23YLqlk/WO5ZaSoO2E871Zw20etzqzvmUEACz2OYPL7vv1c3veS/GQtmgApux6aQe3IxVxqrKyZ9ba8zddtuWSM/txp68cmX7guZfeC/PYcOaazb5qz8HpqYlYlQwSeJVGYU4TRtlJEtmWB+s5V9bU5tOHH3z9oFkdcAs9r7137PVj6sIl0oeikCF+I1Xczv2/2RWVe+C41a4POPE1F48iv+/97OU3ZzvO0Giz1SzaeTJ5+KLVI+dvPHPF0iIh7sDYxKOvvf3aoQmjsjSz3bg8+M78+N/89Kk//YPL7CR1bRfb//59O07ioXtrbh6mUauaNobLznXbLzpz5Uil5swHau87R+575MmpyDX9/jjTPg1vZTk6nRJfH+OFMlWw/dzOw7hD8IdPHKT2URTi/LDI6amZ3mLBjOa3nr70tlu2r1yipmfVXb94fseuNyt9yxrNNslgFOWvHzy0ftlqktoCAR5HjPL7mfJda649WzXbd3z8hq2LBDT6vmJt/6rhj/zJ3z6irB7fq+SqfWDy6ESgVldUo618x3dNZjsZGKdSMBBtieDXbV37m317AhGfN2k4D+3ed871661UFdENS/zGy+/O7h4/1qkMeypxWtOXnL1kRVHtnsx/vW+fXR6d7zS8PPajmdt/b/OnLh1FeMwD+GVLh2+9YPgnT7371z9/1upbHhiOU+x/cOe+Ky7cvG2ZxM9HD6sn3627lf5GMGNaRlqf+PRFZ/7bT14gThyT0jX3NctGb9j8uX/xrbsn4iAxwd4i+wJPmgN4CUFQkncz474bZHVCLkHX8cjscGJYZ61WtTtTV29ee+ftWyBZUrWSOucrF37tL1uP7Bkr9Q5RiwQN692jx0O1WjIhKVcs3LWdZEkadip5cv3WTZsWSQ5UU0FZReVMnVVV55y+Oup08swMwMsvB6lOB4t4h4gGEyxwHIemjOSPOn3eNGRsGOqNGvOp6UZuedfbh4/FKndxIEjEwNh/+dzuDN9LnDayohXfeOlm5j6z+43J2I5UZqnASerXXngWXCZr7FGqmuZlnFWSDSn1+ctW3nzpZhXWkVnkFmeM0hO79+NbYdNv9k9Mph792aJDHGicv24ZXCZvKwSK8o6LPiJnOz2zqu744q1Wa8pDTbIUAizHwchBXrs3K6NqN216kAW/gAlCIB4gzTLbcUlLeYXHWORn37x9i8ZNFeOkqvG88ZKNNnmGMhud1PTKU3MkijhnYTUhJAYERViWxoOmdfn6YVQS0GZm28quGOJ2B8qekYXI0zQ9K7JpDTEfxaSMN3BjibSe40xyrRaLGJJTX3v2WTaASSGd8lQzfWr3BBEM1pB3vzKldh2espRXMezW3OyGdWesHaBBol5587gqjURZ6lmdAa/96WvXFLAz+i1pLhVpnuI+MDLO225c30OlZcS01LPa4l1vv6cZpN46dMgoEI7oyMSFYOYPb7pKAkmcl5xcHGOAoqqKb3mJumK5unzNcNKcs8khHNxF28UD6qCX5E5qm5GROo4Xh4mEMW2mUt1kVGyO6fpBc+6WSzeSzvtUy/hxi8xCkp/TTxtw3UKbrrzbEwnnMAqZLq0s/Kb0gCzy17jq5L22UCIHfSpKbywOEA5Jc0SDhsVMaelKRSdCAlBO+iLVIkLjIe4DdScfumDN8PKBatZp2KYdW/6O3W+Qk8xnonf3PPHCTF5wC2UriXqt/KbLN4LK7ExSb8WJ4TqeH7Ua60eHlxiqzAvWMI0kwcrzLOqgBJRwQ45av3xxUJ+2bZsU8GQ9mKZ2An6jSaJumU4WRssHetYuESILjvgAlaYO2kKmlUodAVM2rhk10yhN2GeQx1ae6dqKKeQGcgoTREByAIBTfrjPMs/Kq26OFNkDkUE6kYdfRTvzbFQehuo/rRbS6hQoYhrkJB1DtVwnQgocLMLiyCFhXwVGF9H4wMlD4pM8p+uvrQnVYW2pdqXSW+C+2F2uhirqnOX9hXAK/bfL1ddPNp4Zkzpi37Hg5XcmsurAfBJ35qe3jPRtGRDeJWknjucdV0VhYht+b6EHAWv+aDSkE5fLvkIasdnB+F43L+VxUW9EkPE0O5oDUewQ4qUAN6quj10jmBSfCtK21VZpSLfYydu0nnFH/b1xEBQdF2xRFzOX9gvj3axjyS6P1iUkoCnVXDdw53Ye2VloG3mhVMGmpYGB5gmjpSHk22bBSoHgpm2isZPHCA8tFEqky4JXpG+IFAUj0WgtPUE90c1fF2wyZA6jdP4jspFDenKsQKDJMke3AOCHg+HSLsF7bF03aHfyuNPJVODV7v/NPtrqv9q9fy7DNl3cddFMP3H5Frwb0sUsaNlkVA+WlyWmqzBl6dQR9CHSEJ9hEPW5ogRAzC5dH2ww6FBIsvXDILD1HA/3ZhhWnORhlBMewdPGrMkcYLVomXRRbNvkVb0TOY6bAVMrXJcmFhUrllYJDR/p+QBBP4RfQq68BT+Vue5Cvio5ABAEAdMUZLByst4YE+ERWNHlEa9kpq6Vlcy8YqRFK/OFPB7SrNILdH9so6SoBHSHgK09stZu3COzAx59URhEQwB1oI2AAG1HIJ/Tr9YtRu1C0qfcK+0/MXffW+qZQ1OJW4zDyM+ydSOLz1/lwWhXZX2lcsHx6R2LyhnexMRxIETkaySFejMK2Kny0szGy4P9san5TLIdobHsO/1lGTYwMEioYLhX7DlyojExLYwOw6Z0NmSvKPVgeCotdUT18hvvuA4qCMU5IZoxWochkoLbT4xCbLgZEqYTLe13SEN9pVODSDAM10hhkTAQbMQB6B6eJFoW/oEQShZGt4KFRAM5U3G8DtzKTZvGY1d6kKINCpBdX8Vy2JZQJVD1RJkrvMdMTdIJxoti8l6IJwPJMPCrtmyw4qBU8NM0jUz3p0+8OIaNk/EbqRvUr96yAW/uYH9JOlBQI339ZtDJ4phSc9/YyVfGFeUqB4jKWlx5LpqITe0eV68fPm56Rde1405jUX+1p6w8Q50+Mpi1ZvI0IqefTewHn93P+Mwro7Q4OZSdfVA4QsK+f069PT5jOIUwJpnWdilLdcmDj7gBCVw6xUOjIRQc4LJwRXIlrEZ0XcZLhOvqo16FKdLNEcMyxUeIJMTm8YBIKkssUoeYRhiMFkYBULMMP8BdxrYzw8lEDDuBraysh+knJoWVaSEnyTpAT8KN7GtEKMK2dctWLO5LG7N2GsZJMlYPQr+Kg/CS5oah8tUbK2gEm+sIiIvLNp7ltuslJ6NtMV1Z/P3HXh2nX4LtADZLwjxvgpSt8D/fu/dXHb8vNtHR0Epa5529VnAmAp8xOOI1zajRpIU0sOSnT+z62e5j83RiukRBv2mS3Y+F6i9/9MSh2SDGo7pFqdUkTAq/hGV55mRioKwKD+AxjhDFxC4zcgYGgw+/pMULTBB+Y+/aEwBBhwgRAyzHKQvXhInCGmCz4Yan135DM1rLVquSrC0uDkFJpStrCGQ9YOGH6rJIaY2uyUENJw6RrCXDLVyy/vS8fmKgin4rr1TFe2KueXP68o0ryWoBblt+Vz2u3NwzwqjOrO0a5J87Dx/9rz9+/s2OmlJqzrTnDWPeULvn1Ne/+8s9R2dUEYHFTtwcrZjXblsKPoC6YNTdvHLAihqea9fpgNQW/5f/8cB/vmfnnin1Xq4mDeNAoB7YE/3xnQ/sPnKsMLAYzUL+aJUOZeKLgbPAciFZNId/eC9RLBygdtdoXFdhZbCmOE8pEzQjdcSSJgPBFbVgBATSUWJ+mouCejhaes20GbWRBpIkCdQ0SR1iR5S5yg5Sw7XYC8ZyhCrWSJPQtQo8SUiZE5EeB7ZvykYz+ZiNOV+7eemjTyVTQTPPC1aUeAgtaI0MVq66gGJQ6Z6eEMpckrbbrr/oP93zsF8pJuyUlrxHDhzb+ec/P/v00eFFfa5vHxw79so7J2Y7uVUbIu6XrTSbmfijW69dZUvpz8Hv7X9w88vf+l8zQdPxy5HthOWVP35+4p4X/m7JQKWE/Jrh2HRIq9LpG+jEfMHBupKbUUQQfBeIcrx2lkEUZuRAqhzdhEq8M/0OBlKgdZ2qTo1En2UXhdAkkhEPTWmDOQR0YGF0QJ7OSzLoJKFPVrNtz3N4Iz0j8WmyMCKW5eXI6abgE+J2hxSLA6o8Urqw3d2honLlIY1mepXkKnyIQgbAo1FfbTtr1d/vmbAqFYf2QdDI8M7bL6RUw48TSpklm1Q6t73x3MV7xs568KU3in4lNUpmz+KTnejRNyeMvYex4NRwYrfXrZZt7K85pVoTH9t29u9fsByBIXY0A5TO6lN3fOH3v/ndv5tPeo3yYGIW7UotdeL99dk07hQKRdXXC/vmZo5WyjWCk3TTooivUNDfJDfFUeR5sUD9GHlkecQMmkya20I+nEEuWdrpdBwUkGVFu2ESRYt4Trwg2VfJd9qNuapt9vb2oMpmQXnk7ZIYGqFPqm1mjSASuuWQYMxUoDHf9D06w/DbM8yq55copXRH0c6zkp2XC7SXYgIIU9BNvTmEH3fE9ep6advGM6UcYEslCh0jHak42zctI3KasjUiiKIQMJ20Ds/x7z563hcu21JutVUzTALywKJX7vFqg05tuFhbUvOKdrsdz84Ww+Znrtj8jU9uq2iRk2GzFglsn8puOcP/m3/1iTWFljl9pAp1UZh2Agqk3p7FlrKjuel4auzzN1y+dfVQ2pxxqIAt6CAK8cWSGFbUbllse+ZJwchd05CdT1SBIBwn7FV6lknnlmGuI/pLf5X9u4CCX9cWwvuoXTQSdMpM2q3mHHMpa+kwKbcxZTdTp1C2282Sy86DYAwgyVrEAyEtQ9UnvcZJBJwHgRM0zHbkK5eSvhbVrRNTdrnXaswVSj0kWxCMC+/mCawhrgmvyycJFt4wxgnlzebVF6wfZStd4rXkmtgO6ScLiVNiwUz90ZXrVo2e8fePv7Dn0Dh7SxaccN12J6KdUraNQtBev3rlrddde/lKBZcNCmubbo30IvBrYafuOaVLV1e/983b7n7kzRdfPnxitjUXNWzfYzdiUbU8PNp/80e3n79K/ccfvF0ruPNBQBWOweOaQAJdqeXtatCKo1azMVcZqWC+luz6k6m1qvF0Z0q0oxTNZI1pW0m5wxSJWgRaaAiV25lJZuo+ChE1jBDQEuiNAVd9+dpL5zB1kt8oXFbwqjDGklqHaQI+z/oM64b1o6NV9uy8nA92os7aQT44yGsq/8JlGz9tF9E84t6Ao3qFfRKfC/RbqQ8tl1KlaalHX9hD/wGv43q+b6XXbT2D/o4rUsQCJBcSB2WQvUh5UtWbJtevNrevvvCFA+Grbx0YO3ZirtEsLqr0VQpDFe/Cc87cMFpEkRAVSoW3BI6oBVymK1KoEWgQ2ApL/en165pXrxs7ls4n7enpmdP6lwz2u5UeVlPkIc3JyYAGZLXW6rR7+iu9RTQs71XGV265vBkVcstNs7DqpIuonTQnrjl3Vb9vWcUaqXDWmTt/9SIPdxwHtCB8tIMuoOEtqalvfvGTQGUnlwJyuCy1vpFEOD35PAenDLKcpK0QjtsUtGGEMK1F9hpaDmM4GAMNnPTF0T3CI0GTURzQbLLTQSJEYkSfhiRUmXXDeHpSfeO7P+mUBg2vFM3O3Lz1jDuuW92vUlvKUREq+hAlqc1GD8qr7RT9YlsHZ4UX6ogMxFMxFmvjhOwu5agEBoHKYMA0HWLTfHe21aRrVijQN2h1OkMDhT4+cujum+i5yJIu0Sz73K9Of/uH93SKo4Hyotb8Teev+uvPnF1OOw4dJ1RE3K4czMWnEdzoG3ELWP6DDHwgHlArCl7dX8ma7dSk+7hgx8zlZBoKLR/H2MRRSWDwxVmYGXglSGKEAIMIug8U5/qONp2tqxpcPlzAoRXY4su4I5EmpzMdiwn8ByDiXVCcnz31Wt3tM3BNadxvZzdevBqR2IKtNCWkdcWKuk+iVRMPQNJFOZ7FWV4w2PiWCKPJFAJAlcWpxGXnE79vSoXEXmFGrWl637n/2cf2HHK8WoAFOc5Qxf/Kx6+9aI3UyiyFQiBcdPnhvY3/fs+j7eJwbPrMt+LOljUrINm1CInyaR7BWbAjC8aFg59OSBjA5xgxG/RYES0JcSH4C1RKnLUsobWEPqT4Q/19DNB4TnCS7A2/Sc4bSGWAizvFZaZpVwssJjIBYGQRkEnQAz6YMEBUW+5F+8GDU4pZ2q90FLVgD55Mnn/zXbP3tASnMzd17Vkrz6iIVjJb0AFLEIGPbHfKd0SA0d1b3VJA5JDFvolgwjBZVHbRxQS04SFrnoAFGRE5ACtu/8hHHn7jf3fMSugX+FJtcmbuz75/99nLB04b6l08UGNv6vjM/N6jk29N1DtOX2aV8zgpZsHKxaUrNlXACtFxgAN1Of90mbxAqZCcEkVyeAS7BB3J/IRdXAvemiHoCv5H+CJsgxn0aGkKopO6zQdM7YhEid8/tJPmTvJpuCxQwYQ7RncNfGG0PNIiFwFLAqEzTdaW/apnX2tiFLCh2S5m0ccv2ciWAl8d6BkaqhAkwGVvlbJVL6TNXRbRnwFrddZrgQn/mcEBryNFtwEzCz0SWP0t86Yl6p//3hXfufshb2hlhNMv9M6p0pNjc9ahgyoJ6GZHmRnZJbe6gl0K+F7mY436sS/f/oeDjohfGkbSWJciRePVRUzjxI9wVhyIxmXhV9ghE/XRZQvDmCyZLWMM1xAzf/84xdX3H/z2Au7pSfKku8TvXmn2/na4vmIpGHFgKt/1+r6+/tFWMF/Lw/PWLF+3SL4At7oGIGLRbBMNEO+kD3moXwiiC8cHluWye8d4qTbklwpMnAq70IOW+c8uH46iq+566Gm+Eij3LurEuVPpT+Mi5FMJs2vl2F4Uxi6t6Prxipd86TM3XLzW7UeLpTqghnPo6Wi/Jov/duXfReX9592L928/MEqedZ9/kNELA/6f/KNk6hrgjsceCttTpk2XOzPazRtu/izBlgIMlyHWJp0brQN4BnggyvohDkZjt1Ltk3xJ8c9HVxH+Ysgp3H718k2rhr5/z0NvThzwSj3T86FVKKYWhUlCfYIH68F+w/p5a5Z++VM3bhgypH0IhLgtAUnaloKJKOWHQOcfG7rAjn9syD/1HYzuGMYz74zP5F5kV0gXq1ly4Sq/lCrip+R+p6xLdwSgSLuPD0mZxBzNkyxq8YGSMEY8thcZDu1V0qSX31M73zg4Nts4cnK6Q//UcPiSYnSwtqTiXrRh1TkjiEj5aeZTY4nX7fKWyttkV1w2VBc8wj+VC6fm/f9ldGzIZ3PdpJAVqSyIVtLMl9KR7yjxLZJG4lzhELkPY2DUh2O1MIeAwzQgCEBAcSbw1DKBTnjEHWiPIF/G4F8o1nE35LaSIMqXqWSnCzzucjpnB1aMiwZ7Yknv4sNhdIq3v/P//wBkfQfkCmVuZHN0cmVhbQplbmRvYmoKMTAgMCBvYmoKPDwvQml0c1BlckNvbXBvbmVudCA4L0NvbG9yU3BhY2UvRGV2aWNlUkdCL0ZpbHRlci9EQ1REZWNvZGUvSGVpZ2h0IDIwMC9MZW5ndGggNTcwOC9TdWJ0eXBlL0ltYWdlL1R5cGUvWE9iamVjdC9XaWR0aCAxNjA+PnN0cmVhbQr/2P/gABBKRklGAAECAAABAAEAAP/bAEMACAYGBwYFCAcHBwkJCAoMFA0MCwsMGRITDxQdGh8eHRocHCAkLicgIiwjHBwoNyksMDE0NDQfJzk9ODI8LjM0Mv/bAEMBCQkJDAsMGA0NGDIhHCEyMjIyMjIyMjIyMjIyMjIyMjIyMjIyMjIyMjIyMjIyMjIyMjIyMjIyMjIyMjIyMjIyMv/AABEIAMgAoAMBIgACEQEDEQH/xAAfAAABBQEBAQEBAQAAAAAAAAAAAQIDBAUGBwgJCgv/xAC1EAACAQMDAgQDBQUEBAAAAX0BAgMABBEFEiExQQYTUWEHInEUMoGRoQgjQrHBFVLR8CQzYnKCCQoWFxgZGiUmJygpKjQ1Njc4OTpDREVGR0hJSlNUVVZXWFlaY2RlZmdoaWpzdHV2d3h5eoOEhYaHiImKkpOUlZaXmJmaoqOkpaanqKmqsrO0tba3uLm6wsPExcbHyMnK0tPU1dbX2Nna4eLj5OXm5+jp6vHy8/T19vf4+fr/xAAfAQADAQEBAQEBAQEBAAAAAAAAAQIDBAUGBwgJCgv/xAC1EQACAQIEBAMEBwUEBAABAncAAQIDEQQFITEGEkFRB2FxEyIygQgUQpGhscEJIzNS8BVictEKFiQ04SXxFxgZGiYnKCkqNTY3ODk6Q0RFRkdISUpTVFVWV1hZWmNkZWZnaGlqc3R1dnd4eXqCg4SFhoeIiYqSk5SVlpeYmZqio6Slpqeoqaqys7S1tre4ubrCw8TFxsfIycrS09TV1tfY2dri4+Tl5ufo6ery8/T19vf4+fr/2gAMAwEAAhEDEQA/AObApQKXFOrIkMUYpQOaXvikMTHpTgp704D8KcBQA0D0p+2nKuPrUgTgUARhKcE5qULzTlTJosBEE9akWPFSbCPen7e1FhkYTNKE5xUgGTTxHzmnYRCEFPCc9Kk2c08J7UWAhEdNUOYwR171bEXeiKLCD2yKpICJACoIoZc8d6srDgkj8RSmPn8KLCOXwaeopcZNSKvNADAlKE9qnC4GcUFCaVhkaoCaeEqRU9KlEfFFgIlQU8LUioPzp4SiwDFWpBH+VPCDFOC47/hTsAzZTjHx0qVU3deKlEfpQgIEi4qTy8kVMseDmpBFzkCqsBXEODUgjwRVgRZ5p/2ck9KLCIBFz0pywELirMcR6HqKnEGO1FgKAtycfORjrS+RnPBDds1oLBuyGHHalMI3nHXvTsI4VUBNSKlOEe3p0p6qSelSMRUyKds7VLtwKApzQA1Y+1ShBinqvFSKtAEYj9KcI+KpvqBeeRYJIhBA4jmmbkbuPkUZ+8M8k8Dpg844vxB49kjla00qXzIwu1rhhg7uc7cY6cAH2PXg0WGdhqWvaXpMbNd3G1hkKgUkuR1C9jzwecA8EiuWm+JsCTMINKeSMH5WecKSPcbTj864C9vp7+4Nxcyb5CAM4AAAGAABwBgDgVXB59KdgPTbT4mQyTASaVMI+rFJgxUfQgD9RXTaT4s0fVdqxyvDKTjyp02t7c9OfrXh5YEADrnt3qVSV27JCJQ2MelOyCx9GogIBA61MI/avHPDnjm60F1iuppb21ZeUJz5R/2Sfp0zjn8vWtC1/T9et/Ns5VYZwQDyOvUdQeCeRyBxmiwi9HDmpliHerCxbTmpBH3PFAFYQjcDjmpvJyelTbBkU8DFAiERjpjim7cZ/rVgioiuCaoRwYX2pQmDU6KOlSLGByaixREqgjpT1iHNSbMDipUQnrQBEqYokZUtnlMiRgLkPIQFHoSTVgRgHrxXnHjzxDcWl8llblVHlZO4BiM5BypyBkfjg9skEA5LWNdk1CCG1iQQwRgF1XrJJtAZ2PcnH+cmsWlJLEk8k9acqE0XKSGgetFSCImnC3Y9qXMiuVkSjJpTyemPYVZSzY+1Trpztjac5o50PkkZ49CSKvWU8tsRcWszw3MTBkdCVP5jv/8AXqK7sprZwWXAPektNq3C71LK3BGcVSZLVtz37wB4q/4SnTHW4Y/brcjzhtABBJwRjr054GK7DbjivCPA+q22geKILgPsSbMF0rYOxCR827GODgnHUCvfcAD1ptEMi9KDnNScYpRgCgBgHFMI5NTEcYA5qPBB5oEcSi+wqVVpwTipVAIqRjQg4qVARxilA9KeF54pgUtWuBp+kXd4VDCCJn2k43YGcfjXz3eXc1/dy3Vw5eWVizEnPNe++KLGTUPDOo20W7zGhYoF6sV5A/HGPxr59IAOKBokjTcKspHk4AqOFTsz2qdWAXFYSep000rEiQgdQCamSLoagDSE9sVdhHAJ6nmoZvFJhFBuODnitnTrAvKoAyCwHXpWeX/u+tb+kTbAOAWJFC31LSOwHgCPVLIxLiRiM8dvpXnXiXwsNCdo2Rg2cYY8euf0r1fQNcEcscbZVDwSOcVV+KFhBfWFpdfKXBO1gfpwfzrpVrXRjUg2eNWtr5reZvCPGV4PBYEkE59jivpHQL86roFlekbWliBcDPyt0Yc+hBr5slZothizt5JOehPavcfhdqX27woLZh89pK0eSeWU/Nn82YfhVHGzsiCAMUoGTUhptBIvHpUTAhuKeaY5piOTCGpVTvQvWpVGakYzZjmpFHNPxkYNAGO1ACSFUheRsjaCcjrXzVfQJbahPDE4kjjkZUcHO5c8H8q+kb+1e80+e3SRo2kQgMpwQfr2r561jSZtF1hrOYqXRh09+eR+NA0Q4KAL6CnooIyxAA9TUU3UsT1Oark5GSSKy5bm/NY2oEifpKmfc1bEPvx7Vz0LkEdcetbVrOWjC9aiSsbQlzFoIq5LNgfWtOwvrVBsMoBXnnvVb+zHktfOY7UI71zt00e5ljLFR1bNKNmXNygek2Wp2ogUfa1EpJGD684wR7Y/Wuh1KY3/AIbjhnRl2rjnoe2Qf89q8ZsI5ZTuSZUUHG+QlVB9Nx4H412uiaje+U9lKXyOCvr/AIitG0lYUJuTOYnjazvnjdQQrcg9CP8ACvUvhu+qFTEtrZwWKqGkkTl5Tzjv/Mdj17ef+JYgdSRUQl2QbgByeSBXsfgbQ4tL0KGRWYyToGkDY4Pp+HStIO8Vc5KqtJpHSgU9F+XnmjoT9KRSQeasxYjDHSonIweDmpetMYDnjNAHMgc5qVRTACcCpgtIY7HGcUBeRTkxginBc0gAV89eJlLeL9VBySt7N19AxxX0Njb1FeJ+P7VrfxzcOfu3ESyAD02bf5rSlsXDc5JwJRgjpTypmiSNgF8sEKy9cH1qQRjPA4p+zjiseax08l0VNjKgiAGAc5HXNWbXKuozzSshWPOMCnWiE3CYGRnmk3cuELSPSrbRJtS8KQeVzjduA69ua4G80y505prSSIlJD94r+WK9c8NTHT9GiluUZLdz+7codp7HB71leJ7iB58wojJ1K9etCSSujoqU+Y4jwu39nSzrJGhSddsjspLBf9nsD7kH6V1WmwWKXyGxtWhiBUKgYt0GO/c+3rWTDBG77oxgZ4HpXY+E5YrK+3vAruBhdw4BpppvUhQcdjJ8RaTE17LcvKbd1t5GXAzuZRkL7Z559q7r4dyNJ4C0tmznY459BIwH6YrjfGuZrkx7tgYPIxxnYirzwPY16HoEUdpoFhbxDCpboMe+BmtIas58TZK3U1QM0jdaA1NZsDpWpxB0780h6ZpjSAUgb3p6CMNVzQOmDmlQ0c4qRksY+Tnr7VIowKYnTnipOKBiHBHSvMfiVoN7NqlnqdtDLLCE2TMi7ggBJycdBgnnp+leoY45qvfWn23T7m0LbRPE8WfTcCP60NDTsfOpwrbT2NPVhj2psrfv2yD16EVHI2BxXM1qdsZaEsrIcA5O3nA7mrFnLtYEYXPHB/nWaC57YzVuzXJIJ5x370rFxlrodpa+KNSsk+y2du0tsRiVd2VbPX5cfrVvU5hqPlPFbLbsqcqucdenJNc5oM7iR43cRoem84Ga6OUSWyq0gGCM5B4NEY6HRz3WoyztOOB79P0rYtRJbTBQxwOR6fj+VTaV5Utv5qAAhhkVLcIzy7UPBP6VEr3saRta5EdKu9c1mGdFcxwH95hhtZWBBBBOegz+FehRxLDEsaDCoAoFZHhxfLspTswDLhT6gAf1zWtu7ZrqpxtE8rEz5qjRMDnikkbCHBqEPg5z0ps8w29a0OYryy4PWpYpCUyax7q7CSdaqvriwxldwFIZfGQacTg1EWxS7jjrQBKJMDgVKDk5qAHAzmnrJkUgJw3FL/D0qNW4pwYEdaAPEfHOkHSfFFzhT5NyTPEfZjyOOmDkY9Metc1KDgEele2+OdHg1bw1cSyttnso3uInABPC5K/QgfmAecYrxFn4HNZyVnc6KcrqxATLnAP/ANap4YJHwS2BmkGM5qZV44qGzeKNTTLQ3EqLJPtTPzfSugvdGAs/JtNUmcE5I2DH09q5jT4pTOu0Mea7e1hkWJSynkdaV/I6YpSQ3wsbiGNrediTnFdDNOBKFTk5AAHUmsu0X7M5diAe9aWkMtxqBuHAKouUHvnrUpXY5yVOB1dkv2Syihz8yj5ucjJ5P65qYzjHWs17onvVKW7I/irrWh47d3c2Jr1UHBrLvNVCofmxWXd3+1TzXN6jqTsCFPNJyCxe1TXcZCHLVzcuozNJvdyfaoJHLEljk1WlY4NZttjsezh8tjp9adjcDUDbto4JqZTkYGK1JDOFxSqSetG3tQE4wKQD1bHSnhuuTwKq3N1b2Vu89zMkUKDLO7YA/wA9K868WeOFvLGey06cwo5wsgyGlH9FP5kY7EggGZ8QPGr6rO2lWRkis4ZAZD0MxHTP+znkD2BPYDiVcg5FQzmQzt5rZkzljnOTT1qZGsC2jBhwc+1WYnGMEVl8hvSpkeTs3NZuJsps6PS7gJdJ0AUgnNdi+sRJD8zKOODXm9qlxJIAr4J9q63SbGFGWSYmWRecscgVJtGbtoi/9pluGBwyxnoT1b/61aK6oukQpdPC00SuBIiHazKeu09M/Wqk8geTgdOwqp4hkVPDVxu4GUz/AN9rVQ3Cfwu52CXsdzY297bs7WtypeF3TYWAOCCM8EHgjJ9iRgmjc3gGRnmoPBmqLdWwsJLkReH/ACt0/mqpEcnAWRGP3W5weefTJJqHXrNtNvPLiuYru2lBe3uoWykyeo9x0I7e4IJ2mrK6OApXd2zcA81lSZY5NWWBP1qJl4rG4ynIBVOZsA1emXAzis6fvTQHtn8NKuAetV7q/tbCNXurmKENkL5jAbiBkgep9hXJ6r8QrKzl8m0hd5D0llUqnsdv3j6YO361sZq52xPPSsjV/FGnaQBE86SXLbgIUcZGP7x/hGcdefQHBrzDUfEuuau8tu0xmSQELEg2IAexA4IH+1k1R8qRUMJtYQkYHnSuQc9go/lSKsa+oaxfeJLje7+YkYPlpEm1FHdiW/8A1n6DjCLRaheH7dCYBF3Axx2znn+dbEun3NzBHFp9+HvXALxoMYHZAB0+mPT1qfUYbi0ig0G/tlSa5A3ygZ+fOB0/zgZ6GrUdAucHKCLh1PODinqKj6ytgEDPGakFZSNIj8ZpygikHSnD1FZ3NS7ZO6yAgc11lnIyQhnPbNcjaldwzmthbsiPYOKg0i7G/BMXcms/xXdBdEeLIzIygD6HP9KbbXJjG5iMAdK5zXr1r24SMHIB4HvVw3FOfunQQ315ZyfYbSPbp0ybWYjG9D1Bx9eR3H1r0DQtS082reFZ9HF7YOFkgvY+sTno24DI67SScZ4Pyk586t7+bxFax6dDiBYAAZBx+P8A9auj8L6mLMSeFLafZfTSYtpZMFQxyME9AOfQ8Z6nFdcHfRnGzp9S8ATabBaia7jjmnyF3uNrtzjBHTgZI5xyOcZPJalZy6ZeG1uCm/8AhKtkMPUV3XhHU1QXPh/xlepPfIzLDHc/vUcDnaR14IyGGOnX1sr4a1S013/hINIntbaJYS01tPM0yRFvvEjGTH9MdOi0pUk9hcx5VcfcrKl616I2jaa1vLdaoHlluM7U0qdJFDnn5ODk8gkZbAPGTWLN4C1KbSH1ezmtp7HBaNvM2s68Y4I+U4P8RH45FQ6MkPmOOnmluJljvVubi6k/jVtzNjucf409wbF2glSSTcvyxBAcH1J78U99cmfTh58zSqo+XaMMOf73WoINTCRM9hJKkjfea4G8j8f/AK1GgDE+y2xCQXM4vH++3938q0NOGnWrC9ninubO3P8ArG6SyH09fT8z2rMl1UwKY43jlkc/vJQrAn2GQK29N8TPIILJ7U/Zxw6BRjHds5547EfjTja+oM6bwz4bsNTjuPE9vePA1uyhUIPLk4yB14yMYyO3GKiure6XQNWl1/P29w0lnIWJ4yckE9sA4OegI4xXZPonhzxSunaV4aka3KRi7ZAduVVipBxypyCCRjllPPfJ8W6kviGxnhaIK+hMLS5KcYMhCk7enARk9ju7GulJWIZ4pMkRfzIA3lNgfMOjdx/WhRXW3GhDVZJYdG2tb20RkZEG4uygnC9yeDx9faufFljoa4qiszop6oq4pQCOoq59jOOKtw2iuuGHNZGqRQiYCrML+ZKBnpUVzD5LEUtoduWzyaQyzdTlAVBrMgDCc3LRl44+oAzyf8Ov4VZuDhGY1r6Pol3a6d/bL7XtyNwjPP4kf4VrBXZlUdiC6Dpcp/Za7bcnEj/3j3z9a3NTax0+1h1LT2Ml9Eo+YHnjHJx0Ix/nFUba9l123lgjgWFXcqcEA/gfUdaTTFg8P3b217LukPMfHf1A961WhkdLpFvY6ppf9u37v/atuwdYSTucA545ySO3/wBfNdZp/j3SfE1pbx3em20Nxp4JieW5+zNj1RxgDI/h5BxgjBBrysnURdzGFzDbSKxjAbaAw52598f5xVPwxbzS65JDJN5I2tuPXof/AK9aqWxLR7Pd+ILG3hkvdMvNMs4HI8yfTXjadj38yHBVsknPB+vpmQXCeICuowSS3tlZuv2zUriMI+emVi3EZ9M4x0AxXlRia1vLyF74mBCfujBYA4rslK2HwvtP7CvXs7q5uCblC5DOuMZ4PTII9Oe3NNTbYrHMWd7C2iSQWlorSBWC/Lye446nrUWkjULi3lUQKp3d1x1+poorIo5y4SUSlZgFcener+lW105aSOZVUDHJ9f8A9VFFSxnovg3U7zTPC1zqOmxtNrVvOkSnbkeTIzY79mLg/wC+nYVf8aT6ZawW2j2Tq+oajEJrryxjY3RQD2bAx24XP8VFFdCb5EzN/EcdZW9x4c1CztoGEgnnDSsOm0ev9PXFQ6vYJpmtXljG26GKU+Sc5JjPKE+5UqfaiisKq902pP3iGNR04qZlEa5FFFcp0mZdrvbNQouKKKBEUwaeVIUI3OwUZOOtdHdDUbZ7XS7BvOtgcuO34jsBz0oorekYVTQ8WGzNjajSWaK6VcOoOGHI5OO5PORWC0cE8YOpMf7QjXfsYcuB1+p9v8gorSe5mti/ZXE+s24Rx5cURHlvn75AypB9Rjn/ACKxre1S31mVLm5CsQRww+veiiqtaNxJ3ZqaPp621zf3sED3KRKwEm0lQxGQOB16Vf8AFlzpOqnTo8PZ3AixJEDwGJx3HXiiimtIh1P/2QplbmRzdHJlYW0KZW5kb2JqCjExIDAgb2JqCjw8L0JpdHNQZXJDb21wb25lbnQgOC9Db2xvclNwYWNlWy9JQ0NCYXNlZCAxMyAwIFJdL0RlY29kZVBhcm1zPDwvQml0c1BlckNvbXBvbmVudCA4L0NvbG9ycyAzL0NvbHVtbnMgMTIwL1ByZWRpY3RvciAxNT4+L0ZpbHRlci9GbGF0ZURlY29kZS9IZWlnaHQgMzcvTGVuZ3RoIDg1MjkvU3VidHlwZS9JbWFnZS9UeXBlL1hPYmplY3QvV2lkdGggMTIwPj5zdHJlYW0KaAW1mgmQXdV5oM/d79t7lVqtRq0NISGEQEICxC4WQwADtuNgD14SD/ZM2Rl7MpUpe4JralY8TlKVuMax4yqPpxhPjAnGhmDACLMbBAIBQgKEBJJodWvp9fXb7n7n+89rYVw1lSpSM7duv77LOf/59+1co5PntlJ2qlSulKUyQ2X6kjtOQz+zujcmr4wkTW3LThPlMDhVqaFiS7UXZqs+RqZxaDPRtAGQJ4Zh5MrIlGkow1TcmIq1OMwUYMpweMscHjAgV1auVwUqp54Iao5GQ5kyLZMVlGkxPs00ziY4y4tTCOt1DXnFoaHpmbFSkSySFvgFZw5H5jACslRmGiDEEhY3SZaaZlNjCu2+BiaLxLlnMzSGDjn1WGB0mQcgoNr841SxMvNMWRAui/J84b9c8747W66YzwFeQp48lpM/y2LpXLDhMFViqvFU7Xrr2KHxqVVLhq7ZMFi2HQ0zDcPQ9zzAMtQURus5sohM1QcDBTy/+pnAlwMGyxU/nN1X+rn+gWpTo7rw/hQ8HmqZnRoJhA+shQhhrHDMRDyazacGduEkaZLkuW+7Ee9tM1Dq3mfeGj85fcbyZeeuPW1JSUGJrQEoo0u9XiA3RIP0UnBMsO4eIrLffZDmwgitx90XIlwZDEIyVHQtUzbCEb1GUkaKvpqZmSdZ5prHlPr39+769b4jdrFodepXnr7065+6dEgpF7GbaKvMluW7zEHGHKaGL9fCyQ9wQ14uHDkKiDaABBotbIc3moyu9nApFsFcYGlwQBNIWkZcM1FmyQheaPL0YPCAh1asXN5CVdc85L8+8jSLLHNGqT/+c/g8ljmlLIyv2XTGnV+6aqmrVJI4IG+aXYNeYG8OSgBAJaDXFCRkXRDhxcItsIVoXvC6i9KpS33HMyCgwAtvZSTm331kOGai1FOvvv343netZWfOVwbV8Mon3x57fO+UCEdzFmayvkxaAAFneRTlBmJgYQMhiJz/L4deSllMgMUytguB0XIBWpn86ZMHCw/zVKjr3nVfCedlBY0EyHDJpGRhTXFpoko8gncqQZtM/Mv9Lx174ciUM7yuU16WLVr7yMsHfvX0HsZYth1nsq6Btz0FQq7AR05Z6H1CQePUojJWXIrGrPtQTxdfzPJQaKK3TLUs0Y6FQ2SFNqkgVomrjs9OO8XSfBRbnh8kHccujc920EY3VRYy0dBlbS0fIdkAYqL1Thw5C3Hg9xZE3x3PYrh2eXNKK7tYypMuICBgd10bEyCCIP+wAy4MT6tzyiR0SggTAZh6dU29wBGOZPJInLSMYT3BRnTjWH2uxXUnN60KfPcLlYNHxmJ1NhBdW5sBcwQ/1uIfs/nl0QI+8karAuaqRSvSFvjdk7fdgxmcpw5LPFoOx08BM0TLAO66/MuWjSz287CCR2nNF5K4mMSLykXEYLriB8VTaVigjcYQOYUWcSY8XdDR366ukeM172AQPEs1F2QGB0+7kwQIJEk87CqWJuwUHaJV8kCPJnLCR6axrF5ZgDhd9eo+5VcsRp7LFW4aPNctH7Ha81UjKyRBIZ7309bo8CBAUQgZmOnoLNjqP1mNP9EAeaTPhf+8FznKa0I0kDXvuJc5PCUmo4LYu0haRkmolzu4nSXKtgQ5uOGq+OLTV24ZOfTS4SOu5fpRcOmygVvO7cebNZPQtz0YRvwQjmrnAR5YiWiyICKmARxuTrF8AUmt35ID6KQmtw0dHgQFACRoXDcPMTHiPLdguEZbYItgOYSOLiyCuX7ygR+wxmQFH+23hCTGGiFzZLZZVOqqVZXPXrzpH55907J8M29eeObSW67Y6kMwyxmGjViEg/ANNUVsHCBGCvXbxU7ZB68Ebw58GjmWFZHS6HvWckTzAENqgg+TgV1CNJsUTMQ3GyxmxjiBhipOK/X4/mB8srGst3rTes/TTkcDE8xdKFkQNQDgMmE00kC9XPwDKMO4hVVY6NRaUA8jOZGFiJXnYMLILkrQV5IrfP2CsLor8ivuQAaT/YkP7o7v/gKE0WDVpZ4LOXPx2aG2uZJ+xSotpR7bk+w98O5pS2of2baY8O6Jupn4LFBBM4SVH4DDFIIsPOwuQYoChguGokfiMnMUGGbhWBnHCPJMTJJbsmPmT7RVKxQtXlpVZaV6ARFnluCboHEt5TeU0VGCKLowqBdoaAy69EAhugBA7FL+pwlLiDabFgpiWhZOsK6XZiTIsbrGMspVhJ+PlN9WBpgcb6p6S2EknquWFGXYAFJMIqFMlBpoItEwzFzPhMfkrUEm2SeIscTRpjoxl7uuMVhWQ0WhgugkRYBemgEwEB2q6eftTIWWmte8gwro6gc3qgZTsEUGsKU7Hrq6MoPLUDE2qWDKkn7V5wiGsAs9106U5XS58T8f2T3WitxSMQ+bo1X3livOm1PquX0zz734Rj1MZsJmlkUDJf+8lafdsGXD6pqJG3ZyN87C1DLu3rHrnSlEUXXjzmq3/blPXPHOial7H96ROr2WU46CcNPaFbdsXYm/acdBxfFF1USPsUTBeDJWf3H3ky3T9z07q08u99QXb70us0zDKMPfN6eiHbte27n3QDPMm4ERpK7vuiODpXNXLL7uvLVnLXaRoigtWiahQ/meGcW56RjtXMXk+JF66Nl3nt79+tHpejtVURTZaXTWspHL1q+58cp1JU/d9+jenfv2uuVqGKleK/3qzVesHCojnu/86OG3ZpLUq+Vpuqxq/dlnL+2xLDTl8V37f7HzQGCWyFayYP5ffv5jy/rVniPJvQ899uqBo8dn6qZpFWxrw6plH7v6su2beqq2GE0W53ZXc18ZP/H2fJo4hSyOVg6Ui7Pqvh27Dh85WXX7W2TOvUPknMdnZg69dujxNw79yac/esmAMluqVPJQ3h1vTe2fV5avjMbkef35jWjlwMAbE8G7cTsiswxnD87ObN+6sp+kyPFE/kQEEmRco2XDyh2vnXhw71hYqPm24cyMf/XKTVhPYtgY2bd/9srjrx0IMsswS/CoWO1JnNJUo3FyvPHqoeP3PP3KRy8570s3rOsxROngeJ4EyMdz3Gaq2pZ6bF/wt/c+9PaJelKs2qUl7bDjVBzX9n49PvPk4V0/fP7g179647MT5i9fniz2poll1tL6Zz9WQGHbhnr6reMvz4aJ3zLDfFUp+1ouS8Cr/cfqD7x4MCwscm0jac9tmlD3PHf4Rz/9hVXqSYyiWe5Ns7yexNMH60/t/uGt12y74wsXQrHnGFJRJsoMbSeDDLOMYhzNwx88uGu62eoZHFbNrOT6M3lMveT2DBI+jjZm7rzr5wOfu2Vj/ylP17M4MjLbLxpGEldTTKFmqW3btu9/8XBYrPpW9eDJd3a+PX3NGoKkhL2ukxMfr9TJVP38mVfiyhKr2tdqTK8YGrn48q3EpfFY/YcfPPb8eMPuGw07UdHzSnmUpkmD3KZaNvJyGvc1lbrryT37Dxz+b1+7bin+IUl8RCRRPk8s45F90bd+dD+GkveO5G6xlcalsttpN8M49HoG8P7vNpv/5tsP91Z7SyMbUtOI8zim5vctnACn0ztoZmFolBzbNCtEFSEWyzGLtaTQF5cGW2FQ6av91V33z9dn7b5lcQ7xkWPaqWFnZpHsBQv/yaPPFzz7G7dtYa7piDsSL4coDMOJUqth2Cc7nbLvZnMnquF0rXOi0jxWDufSsBVmqdvTM5tmv3hqJ74PZ68demLkQZa1DCskt8ZScLLbzx2tWFzHkXJSv2/H83tRXjIGKRY5cc9gptTO/eGByY7hVUmK7Sg4/5wNtZIEjH/9vSefHO+4AyPNZlAtVhqT0+HsXDA53hfNqpn3ZuvTbcNKnEpWHn7pePTlO+/DPxqS4VJQoHfmWyfiO3/8D8fsvjotGd/rdFDMljF9tNY+2RtOWnPvJbNHSy6NmPTE3GwnzTthmsWpEcdmlhIn0AAiRBJ0HKJtFEgdDLFd15xneU6Ism23YLqlk/WO5ZaSoO2E871Zw20etzqzvmUEACz2OYPL7vv1c3veS/GQtmgApux6aQe3IxVxqrKyZ9ba8zddtuWSM/txp68cmX7guZfeC/PYcOaazb5qz8HpqYlYlQwSeJVGYU4TRtlJEtmWB+s5V9bU5tOHH3z9oFkdcAs9r7137PVj6sIl0oeikCF+I1Xczv2/2RWVe+C41a4POPE1F48iv+/97OU3ZzvO0Giz1SzaeTJ5+KLVI+dvPHPF0iIh7sDYxKOvvf3aoQmjsjSz3bg8+M78+N/89Kk//YPL7CR1bRfb//59O07ioXtrbh6mUauaNobLznXbLzpz5Uil5swHau87R+575MmpyDX9/jjTPg1vZTk6nRJfH+OFMlWw/dzOw7hD8IdPHKT2URTi/LDI6amZ3mLBjOa3nr70tlu2r1yipmfVXb94fseuNyt9yxrNNslgFOWvHzy0ftlqktoCAR5HjPL7mfJda649WzXbd3z8hq2LBDT6vmJt/6rhj/zJ3z6irB7fq+SqfWDy6ESgVldUo618x3dNZjsZGKdSMBBtieDXbV37m317AhGfN2k4D+3ed871661UFdENS/zGy+/O7h4/1qkMeypxWtOXnL1kRVHtnsx/vW+fXR6d7zS8PPajmdt/b/OnLh1FeMwD+GVLh2+9YPgnT7371z9/1upbHhiOU+x/cOe+Ky7cvG2ZxM9HD6sn3627lf5GMGNaRlqf+PRFZ/7bT14gThyT0jX3NctGb9j8uX/xrbsn4iAxwd4i+wJPmgN4CUFQkncz474bZHVCLkHX8cjscGJYZ61WtTtTV29ee+ftWyBZUrWSOucrF37tL1uP7Bkr9Q5RiwQN692jx0O1WjIhKVcs3LWdZEkadip5cv3WTZsWSQ5UU0FZReVMnVVV55y+Oup08swMwMsvB6lOB4t4h4gGEyxwHIemjOSPOn3eNGRsGOqNGvOp6UZuedfbh4/FKndxIEjEwNh/+dzuDN9LnDayohXfeOlm5j6z+43J2I5UZqnASerXXngWXCZr7FGqmuZlnFWSDSn1+ctW3nzpZhXWkVnkFmeM0hO79+NbYdNv9k9Mph792aJDHGicv24ZXCZvKwSK8o6LPiJnOz2zqu744q1Wa8pDTbIUAizHwchBXrs3K6NqN216kAW/gAlCIB4gzTLbcUlLeYXHWORn37x9i8ZNFeOkqvG88ZKNNnmGMhud1PTKU3MkijhnYTUhJAYERViWxoOmdfn6YVQS0GZm28quGOJ2B8qekYXI0zQ9K7JpDTEfxaSMN3BjibSe40xyrRaLGJJTX3v2WTaASSGd8lQzfWr3BBEM1pB3vzKldh2espRXMezW3OyGdWesHaBBol5587gqjURZ6lmdAa/96WvXFLAz+i1pLhVpnuI+MDLO225c30OlZcS01LPa4l1vv6cZpN46dMgoEI7oyMSFYOYPb7pKAkmcl5xcHGOAoqqKb3mJumK5unzNcNKcs8khHNxF28UD6qCX5E5qm5GROo4Xh4mEMW2mUt1kVGyO6fpBc+6WSzeSzvtUy/hxi8xCkp/TTxtw3UKbrrzbEwnnMAqZLq0s/Kb0gCzy17jq5L22UCIHfSpKbywOEA5Jc0SDhsVMaelKRSdCAlBO+iLVIkLjIe4DdScfumDN8PKBatZp2KYdW/6O3W+Qk8xnonf3PPHCTF5wC2UriXqt/KbLN4LK7ExSb8WJ4TqeH7Ua60eHlxiqzAvWMI0kwcrzLOqgBJRwQ45av3xxUJ+2bZsU8GQ9mKZ2An6jSaJumU4WRssHetYuESILjvgAlaYO2kKmlUodAVM2rhk10yhN2GeQx1ae6dqKKeQGcgoTREByAIBTfrjPMs/Kq26OFNkDkUE6kYdfRTvzbFQehuo/rRbS6hQoYhrkJB1DtVwnQgocLMLiyCFhXwVGF9H4wMlD4pM8p+uvrQnVYW2pdqXSW+C+2F2uhirqnOX9hXAK/bfL1ddPNp4Zkzpi37Hg5XcmsurAfBJ35qe3jPRtGRDeJWknjucdV0VhYht+b6EHAWv+aDSkE5fLvkIasdnB+F43L+VxUW9EkPE0O5oDUewQ4qUAN6quj10jmBSfCtK21VZpSLfYydu0nnFH/b1xEBQdF2xRFzOX9gvj3axjyS6P1iUkoCnVXDdw53Ye2VloG3mhVMGmpYGB5gmjpSHk22bBSoHgpm2isZPHCA8tFEqky4JXpG+IFAUj0WgtPUE90c1fF2wyZA6jdP4jspFDenKsQKDJMke3AOCHg+HSLsF7bF03aHfyuNPJVODV7v/NPtrqv9q9fy7DNl3cddFMP3H5Frwb0sUsaNlkVA+WlyWmqzBl6dQR9CHSEJ9hEPW5ogRAzC5dH2ww6FBIsvXDILD1HA/3ZhhWnORhlBMewdPGrMkcYLVomXRRbNvkVb0TOY6bAVMrXJcmFhUrllYJDR/p+QBBP4RfQq68BT+Vue5Cvio5ABAEAdMUZLByst4YE+ERWNHlEa9kpq6Vlcy8YqRFK/OFPB7SrNILdH9so6SoBHSHgK09stZu3COzAx59URhEQwB1oI2AAG1HIJ/Tr9YtRu1C0qfcK+0/MXffW+qZQ1OJW4zDyM+ydSOLz1/lwWhXZX2lcsHx6R2LyhnexMRxIETkaySFejMK2Kny0szGy4P9san5TLIdobHsO/1lGTYwMEioYLhX7DlyojExLYwOw6Z0NmSvKPVgeCotdUT18hvvuA4qCMU5IZoxWochkoLbT4xCbLgZEqYTLe13SEN9pVODSDAM10hhkTAQbMQB6B6eJFoW/oEQShZGt4KFRAM5U3G8DtzKTZvGY1d6kKINCpBdX8Vy2JZQJVD1RJkrvMdMTdIJxoti8l6IJwPJMPCrtmyw4qBU8NM0jUz3p0+8OIaNk/EbqRvUr96yAW/uYH9JOlBQI339ZtDJ4phSc9/YyVfGFeUqB4jKWlx5LpqITe0eV68fPm56Rde1405jUX+1p6w8Q50+Mpi1ZvI0IqefTewHn93P+Mwro7Q4OZSdfVA4QsK+f069PT5jOIUwJpnWdilLdcmDj7gBCVw6xUOjIRQc4LJwRXIlrEZ0XcZLhOvqo16FKdLNEcMyxUeIJMTm8YBIKkssUoeYRhiMFkYBULMMP8BdxrYzw8lEDDuBraysh+knJoWVaSEnyTpAT8KN7GtEKMK2dctWLO5LG7N2GsZJMlYPQr+Kg/CS5oah8tUbK2gEm+sIiIvLNp7ltuslJ6NtMV1Z/P3HXh2nX4LtADZLwjxvgpSt8D/fu/dXHb8vNtHR0Epa5529VnAmAp8xOOI1zajRpIU0sOSnT+z62e5j83RiukRBv2mS3Y+F6i9/9MSh2SDGo7pFqdUkTAq/hGV55mRioKwKD+AxjhDFxC4zcgYGgw+/pMULTBB+Y+/aEwBBhwgRAyzHKQvXhInCGmCz4Yan135DM1rLVquSrC0uDkFJpStrCGQ9YOGH6rJIaY2uyUENJw6RrCXDLVyy/vS8fmKgin4rr1TFe2KueXP68o0ryWoBblt+Vz2u3NwzwqjOrO0a5J87Dx/9rz9+/s2OmlJqzrTnDWPeULvn1Ne/+8s9R2dUEYHFTtwcrZjXblsKPoC6YNTdvHLAihqea9fpgNQW/5f/8cB/vmfnnin1Xq4mDeNAoB7YE/3xnQ/sPnKsMLAYzUL+aJUOZeKLgbPAciFZNId/eC9RLBygdtdoXFdhZbCmOE8pEzQjdcSSJgPBFbVgBATSUWJ+mouCejhaes20GbWRBpIkCdQ0SR1iR5S5yg5Sw7XYC8ZyhCrWSJPQtQo8SUiZE5EeB7ZvykYz+ZiNOV+7eemjTyVTQTPPC1aUeAgtaI0MVq66gGJQ6Z6eEMpckrbbrr/oP93zsF8pJuyUlrxHDhzb+ec/P/v00eFFfa5vHxw79so7J2Y7uVUbIu6XrTSbmfijW69dZUvpz8Hv7X9w88vf+l8zQdPxy5HthOWVP35+4p4X/m7JQKWE/Jrh2HRIq9LpG+jEfMHBupKbUUQQfBeIcrx2lkEUZuRAqhzdhEq8M/0OBlKgdZ2qTo1En2UXhdAkkhEPTWmDOQR0YGF0QJ7OSzLoJKFPVrNtz3N4Iz0j8WmyMCKW5eXI6abgE+J2hxSLA6o8Urqw3d2honLlIY1mepXkKnyIQgbAo1FfbTtr1d/vmbAqFYf2QdDI8M7bL6RUw48TSpklm1Q6t73x3MV7xs568KU3in4lNUpmz+KTnejRNyeMvYex4NRwYrfXrZZt7K85pVoTH9t29u9fsByBIXY0A5TO6lN3fOH3v/ndv5tPeo3yYGIW7UotdeL99dk07hQKRdXXC/vmZo5WyjWCk3TTooivUNDfJDfFUeR5sUD9GHlkecQMmkya20I+nEEuWdrpdBwUkGVFu2ESRYt4Trwg2VfJd9qNuapt9vb2oMpmQXnk7ZIYGqFPqm1mjSASuuWQYMxUoDHf9D06w/DbM8yq55copXRH0c6zkp2XC7SXYgIIU9BNvTmEH3fE9ep6advGM6UcYEslCh0jHak42zctI3KasjUiiKIQMJ20Ds/x7z563hcu21JutVUzTALywKJX7vFqg05tuFhbUvOKdrsdz84Ww+Znrtj8jU9uq2iRk2GzFglsn8puOcP/m3/1iTWFljl9pAp1UZh2Agqk3p7FlrKjuel4auzzN1y+dfVQ2pxxqIAt6CAK8cWSGFbUbllse+ZJwchd05CdT1SBIBwn7FV6lknnlmGuI/pLf5X9u4CCX9cWwvuoXTQSdMpM2q3mHHMpa+kwKbcxZTdTp1C2282Sy86DYAwgyVrEAyEtQ9UnvcZJBJwHgRM0zHbkK5eSvhbVrRNTdrnXaswVSj0kWxCMC+/mCawhrgmvyycJFt4wxgnlzebVF6wfZStd4rXkmtgO6ScLiVNiwUz90ZXrVo2e8fePv7Dn0Dh7SxaccN12J6KdUraNQtBev3rlrddde/lKBZcNCmubbo30IvBrYafuOaVLV1e/983b7n7kzRdfPnxitjUXNWzfYzdiUbU8PNp/80e3n79K/ccfvF0ruPNBQBWOweOaQAJdqeXtatCKo1azMVcZqWC+luz6k6m1qvF0Z0q0oxTNZI1pW0m5wxSJWgRaaAiV25lJZuo+ChE1jBDQEuiNAVd9+dpL5zB1kt8oXFbwqjDGklqHaQI+z/oM64b1o6NV9uy8nA92os7aQT44yGsq/8JlGz9tF9E84t6Ao3qFfRKfC/RbqQ8tl1KlaalHX9hD/wGv43q+b6XXbT2D/o4rUsQCJBcSB2WQvUh5UtWbJtevNrevvvCFA+Grbx0YO3ZirtEsLqr0VQpDFe/Cc87cMFpEkRAVSoW3BI6oBVymK1KoEWgQ2ApL/en165pXrxs7ls4n7enpmdP6lwz2u5UeVlPkIc3JyYAGZLXW6rR7+iu9RTQs71XGV265vBkVcstNs7DqpIuonTQnrjl3Vb9vWcUaqXDWmTt/9SIPdxwHtCB8tIMuoOEtqalvfvGTQGUnlwJyuCy1vpFEOD35PAenDLKcpK0QjtsUtGGEMK1F9hpaDmM4GAMNnPTF0T3CI0GTURzQbLLTQSJEYkSfhiRUmXXDeHpSfeO7P+mUBg2vFM3O3Lz1jDuuW92vUlvKUREq+hAlqc1GD8qr7RT9YlsHZ4UX6ogMxFMxFmvjhOwu5agEBoHKYMA0HWLTfHe21aRrVijQN2h1OkMDhT4+cujum+i5yJIu0Sz73K9Of/uH93SKo4Hyotb8Teev+uvPnF1OOw4dJ1RE3K4czMWnEdzoG3ELWP6DDHwgHlArCl7dX8ma7dSk+7hgx8zlZBoKLR/H2MRRSWDwxVmYGXglSGKEAIMIug8U5/qONp2tqxpcPlzAoRXY4su4I5EmpzMdiwn8ByDiXVCcnz31Wt3tM3BNadxvZzdevBqR2IKtNCWkdcWKuk+iVRMPQNJFOZ7FWV4w2PiWCKPJFAJAlcWpxGXnE79vSoXEXmFGrWl637n/2cf2HHK8WoAFOc5Qxf/Kx6+9aI3UyiyFQiBcdPnhvY3/fs+j7eJwbPrMt+LOljUrINm1CInyaR7BWbAjC8aFg59OSBjA5xgxG/RYES0JcSH4C1RKnLUsobWEPqT4Q/19DNB4TnCS7A2/Sc4bSGWAizvFZaZpVwssJjIBYGQRkEnQAz6YMEBUW+5F+8GDU4pZ2q90FLVgD55Mnn/zXbP3tASnMzd17Vkrz6iIVjJb0AFLEIGPbHfKd0SA0d1b3VJA5JDFvolgwjBZVHbRxQS04SFrnoAFGRE5ACtu/8hHHn7jf3fMSugX+FJtcmbuz75/99nLB04b6l08UGNv6vjM/N6jk29N1DtOX2aV8zgpZsHKxaUrNlXACtFxgAN1Of90mbxAqZCcEkVyeAS7BB3J/IRdXAvemiHoCv5H+CJsgxn0aGkKopO6zQdM7YhEid8/tJPmTvJpuCxQwYQ7RncNfGG0PNIiFwFLAqEzTdaW/apnX2tiFLCh2S5m0ccv2ciWAl8d6BkaqhAkwGVvlbJVL6TNXRbRnwFrddZrgQn/mcEBryNFtwEzCz0SWP0t86Yl6p//3hXfufshb2hlhNMv9M6p0pNjc9ahgyoJ6GZHmRnZJbe6gl0K+F7mY436sS/f/oeDjohfGkbSWJciRePVRUzjxI9wVhyIxmXhV9ghE/XRZQvDmCyZLWMM1xAzf/84xdX3H/z2Au7pSfKku8TvXmn2/na4vmIpGHFgKt/1+r6+/tFWMF/Lw/PWLF+3SL4At7oGIGLRbBMNEO+kD3moXwiiC8cHluWye8d4qTbklwpMnAq70IOW+c8uH46iq+566Gm+Eij3LurEuVPpT+Mi5FMJs2vl2F4Uxi6t6Prxipd86TM3XLzW7UeLpTqghnPo6Wi/Jov/duXfReX9592L928/MEqedZ9/kNELA/6f/KNk6hrgjsceCttTpk2XOzPazRtu/izBlgIMlyHWJp0brQN4BnggyvohDkZjt1Ltk3xJ8c9HVxH+Ysgp3H718k2rhr5/z0NvThzwSj3T86FVKKYWhUlCfYIH68F+w/p5a5Z++VM3bhgypH0IhLgtAUnaloKJKOWHQOcfG7rAjn9syD/1HYzuGMYz74zP5F5kV0gXq1ly4Sq/lCrip+R+p6xLdwSgSLuPD0mZxBzNkyxq8YGSMEY8thcZDu1V0qSX31M73zg4Nts4cnK6Q//UcPiSYnSwtqTiXrRh1TkjiEj5aeZTY4nX7fKWyttkV1w2VBc8wj+VC6fm/f9ldGzIZ3PdpJAVqSyIVtLMl9KR7yjxLZJG4lzhELkPY2DUh2O1MIeAwzQgCEBAcSbw1DKBTnjEHWiPIF/G4F8o1nE35LaSIMqXqWSnCzzucjpnB1aMiwZ7Yknv4sNhdIq3v/P//wBkfQfkCmVuZHN0cmVhbQplbmRvYmoKMTIgMCBvYmoKPDwvQWx0ZXJuYXRlL0RldmljZVJHQi9GaWx0ZXIvRmxhdGVEZWNvZGUvTGVuZ3RoIDMxMzUvTiAzPj5zdHJlYW0KeJyVVwdYU8kWnltSIQQIREBK6E0QkRJASggtgPQiiEpIAoQSY0JQsaOLCq5dRLCiqyCKHRCxYVcWxe5aFgsqK+tiwa68CQF02Ve+N983d/77z5l/zjl35t47ANDb+VJpDqoJQK4kTxYT7M8al5TMInUCFDAAFQCgxhfIpZyoqHCIwUD79/LuJkCU7TUHpdY/+/9r0RKK5AIAkCiI04RyQS7EBwHAmwRSWR4ARCnkzafmSZV4NcQ6MuggxFVKnKHCTUqcpsJX+mziYrgQPwGArM7nyzIA0OiGPCtfkAF16DBa4CQRiiUQ+0Hsk5s7WQjxXIhtoA2ck67UZ6f9oJPxN820QU0+P2MQq2LpK+QAsVyaw5/+f6bjf5fcHMXAHNawqmfKQmKUMcO8PcmeHKbE6hB/kKRFREKsDQCKi4V99krMzFSExKvsURuBnAtzBpgQj5HnxPL6+RghPyAMYkOI0yU5EeH9NoXp4iClDcwfWibO48VBrAdxlUgeGNtvc0I2OWZg3pvpMi6nn3/Ol/X5oNT/psiO56j0Me1MEa9fH3MsyIxLhBiuOywgX5wQAbEGxBHy7NiwfpuUgkxuxICNTBGjjMUCYplIEuyv0sdK02VBMf32O3PlA7FjJzLFvIh+fDUvMy5ElSvsiYDf5z+MBesWSTjxAzoi+bjwgViEooBAVew4WSSJj1XxuJ40zz9GNRa3k+ZE9dvj/qKcYCVvBnGcPD92YGx+HlycKn28SJoXFafyEy/P4odGqfzB94JwwAUBgAUUsKaBySALiFu76rvgnaonCPCBDGQAEXDoZwZGJPb1SOA1FhSAPyESAfngOP++XhHIh/zXIaySEw9yqqsDSO/vU6pkg6cQ54IwkAPvFX1KkkEPEsATyIj/4REfVgGMIQdWZf+/5wfY7wwHMuH9jGJgRhZ9wJIYSAwghhCDiLa4Ae6De+Hh8OoHqzPOxj0G4vhuT3hKaCM8ItwgtBPuTBIXyoZ4ORa0Q/2g/vyk/Zgf3ApquuL+uDdUh8o4EzcADrgLnIeD+8KZXSHL7fdbmRXWEO2/RfDDE+q3ozhRUMowih/FZuhIDTsN10EVZa5/zI/K17TBfHMHe4bOz/0h+0LYhg21xBZhB7Bz2EnsAtaE1QMWdhxrwFqwo0o8uOKe9K24gdli+vzJhjpD18z3J6vMpNypxqnT6YuqL080LU+5GbmTpdNl4ozMPBYHfjFELJ5E4DiC5ezk7AqA8vujer29ie77riDMlu/c/N8B8D7e29t75DsXehyAfe7wlXD4O2fDhp8WNQDOHxYoZPkqDldeCPDNQYe7Tx8YA3NgA+NxBm7AC/iBQBAKIkEcSAITofeZcJ3LwFQwE8wDRaAELAdrQDnYBLaCKrAb7Af1oAmcBGfBJXAF3AB34erpAC9AN3gHPiMIQkJoCAPRR0wQS8QecUbYiA8SiIQjMUgSkopkIBJEgcxE5iMlyEqkHNmCVCP7kMPISeQC0obcQR4inchr5BOKoeqoDmqEWqEjUTbKQcPQOHQCmoFOQQvQBehStAytRHehdehJ9BJ6A21HX6A9GMDUMCZmijlgbIyLRWLJWDomw2ZjxVgpVonVYo3wOV/D2rEu7CNOxBk4C3eAKzgEj8cF+BR8Nr4EL8er8Dr8NH4Nf4h3498INIIhwZ7gSeARxhEyCFMJRYRSwnbCIcIZuJc6CO+IRCKTaE10h3sxiZhFnEFcQtxA3EM8QWwjPib2kEgkfZI9yZsUSeKT8khFpHWkXaTjpKukDtIHshrZhOxMDiInkyXkQnIpeSf5GPkq+Rn5M0WTYknxpERShJTplGWUbZRGymVKB+UzVYtqTfWmxlGzqPOoZdRa6hnqPeobNTU1MzUPtWg1sdpctTK1vWrn1R6qfVTXVrdT56qnqCvUl6rvUD+hfkf9DY1Gs6L50ZJpebSltGraKdoD2gcNhoajBk9DqDFHo0KjTuOqxks6hW5J59An0gvopfQD9Mv0Lk2KppUmV5OvOVuzQvOw5i3NHi2G1iitSK1crSVaO7UuaD3XJmlbaQdqC7UXaG/VPqX9mIExzBlchoAxn7GNcYbRoUPUsdbh6WTplOjs1mnV6dbV1nXRTdCdpluhe1S3nYkxrZg8Zg5zGXM/8ybz0zCjYZxhomGLh9UOuzrsvd5wPT89kV6x3h69G3qf9Fn6gfrZ+iv06/XvG+AGdgbRBlMNNhqcMegarjPca7hgePHw/cN/M0QN7QxjDGcYbjVsMewxMjYKNpIarTM6ZdRlzDT2M84yXm18zLjThGHiYyI2WW1y3OQPli6Lw8phlbFOs7pNDU1DTBWmW0xbTT+bWZvFmxWa7TG7b041Z5unm682bzbvtjCxGGsx06LG4jdLiiXbMtNyreU5y/dW1laJVgut6q2eW+tZ86wLrGus79nQbHxtpthU2ly3JdqybbNtN9hesUPtXO0y7SrsLtuj9m72YvsN9m0jCCM8RkhGVI645aDuwHHId6hxeOjIdAx3LHSsd3w50mJk8sgVI8+N/Obk6pTjtM3p7ijtUaGjCkc1jnrtbOcscK5wvj6aNjpo9JzRDaNfudi7iFw2utx2ZbiOdV3o2uz61c3dTeZW69bpbuGe6r7e/RZbhx3FXsI+70Hw8PeY49Hk8dHTzTPPc7/nX14OXtleO72ej7EeIxqzbcxjbzNvvvcW73Yflk+qz2afdl9TX75vpe8jP3M/od92v2ccW04WZxfnpb+Tv8z/kP97rid3FvdEABYQHFAc0BqoHRgfWB74IMgsKCOoJqg72DV4RvCJEEJIWMiKkFs8I56AV83rDnUPnRV6Okw9LDasPOxRuF24LLxxLDo2dOyqsfciLCMkEfWRIJIXuSryfpR11JSoI9HE6KjoiuinMaNiZsaci2XETordGfsuzj9uWdzdeJt4RXxzAj0hJaE64X1iQOLKxPZxI8fNGncpySBJnNSQTEpOSN6e3DM+cPya8R0prilFKTcnWE+YNuHCRIOJOROPTqJP4k86kEpITUzdmfqFH8mv5Pek8dLWp3ULuIK1ghdCP+FqYafIW7RS9CzdO31l+vMM74xVGZ2ZvpmlmV1irrhc/CorJGtT1vvsyOwd2b05iTl7csm5qbmHJdqSbMnpycaTp01uk9pLi6TtUzynrJnSLQuTbZcj8gnyhjwd+KPforBR/KR4mO+TX5H/YWrC1APTtKZJprVMt5u+ePqzgqCCX2bgMwQzmmeazpw38+Eszqwts5HZabOb55jPWTCnY27w3Kp51HnZ834tdCpcWfh2fuL8xgVGC+YuePxT8E81RRpFsqJbC70WblqELxIval08evG6xd+KhcUXS5xKSku+LBEsufjzqJ/Lfu5dmr60dZnbso3Licsly2+u8F1RtVJrZcHKx6vGrqpbzVpdvPrtmklrLpS6lG5aS12rWNteFl7WsM5i3fJ1X8ozy29U+FfsWW+4fvH69xuEG65u9NtYu8loU8mmT5vFm29vCd5SV2lVWbqVuDV/69NtCdvO/cL+pXq7wfaS7V93SHa0V8VUna52r67eabhzWQ1ao6jp3JWy68rugN0NtQ61W/Yw95TsBXsVe//Yl7rv5v6w/c0H2AdqD1oeXH+Icai4DqmbXtddn1nf3pDU0HY49HBzo1fjoSOOR3Y0mTZVHNU9uuwY9diCY73HC473nJCe6DqZcfJx86Tmu6fGnbp+Ovp065mwM+fPBp09dY5z7vh57/NNFzwvHL7Ivlh/ye1SXYtry6FfXX891OrWWnfZ/XLDFY8rjW1j2o5d9b168lrAtbPXedcv3Yi40XYz/ubtWym32m8Lbz+/k3Pn1W/5v32+O/ce4V7xfc37pQ8MH1T+bvv7nna39qMPAx62PIp9dPex4PGLJ/InXzoWPKU9LX1m8qz6ufPzps6gzit/jP+j44X0xeeuoj+1/lz/0ublwb/8/mrpHtfd8Ur2qvf1kjf6b3a8dXnb3BPV8+Bd7rvP74s/6H+o+sj+eO5T4qdnn6d+IX0p+2r7tfFb2Ld7vbm9vVK+jN/3K4AB5dEmHYDXOwCgJQHAgOdG6njV+bCvIKozbR8C/wmrzpB9xQ2AWvhPH90F/25uAbB3GwBWUJ+eAkAUDYA4D4COHj1YB85yfedOZSHCs8HmiK9puWng3xTVmfQHv4e2QKnqAoa2/wJAMILcCmVuZHN0cmVhbQplbmRvYmoKMTMgMCBvYmoKPDwvQWx0ZXJuYXRlL0RldmljZVJHQi9GaWx0ZXIvRmxhdGVEZWNvZGUvTGVuZ3RoIDMxMzUvTiAzPj5zdHJlYW0KeJyVVwdYU8kWnltSIQQIREBK6E0QkRJASggtgPQiiEpIAoQSY0JQsaOLCq5dRLCiqyCKHRCxYVcWxe5aFgsqK+tiwa68CQF02Ve+N983d/77z5l/zjl35t47ANDb+VJpDqoJQK4kTxYT7M8al5TMInUCFDAAFQCgxhfIpZyoqHCIwUD79/LuJkCU7TUHpdY/+/9r0RKK5AIAkCiI04RyQS7EBwHAmwRSWR4ARCnkzafmSZV4NcQ6MuggxFVKnKHCTUqcpsJX+mziYrgQPwGArM7nyzIA0OiGPCtfkAF16DBa4CQRiiUQ+0Hsk5s7WQjxXIhtoA2ck67UZ6f9oJPxN820QU0+P2MQq2LpK+QAsVyaw5/+f6bjf5fcHMXAHNawqmfKQmKUMcO8PcmeHKbE6hB/kKRFREKsDQCKi4V99krMzFSExKvsURuBnAtzBpgQj5HnxPL6+RghPyAMYkOI0yU5EeH9NoXp4iClDcwfWibO48VBrAdxlUgeGNtvc0I2OWZg3pvpMi6nn3/Ol/X5oNT/psiO56j0Me1MEa9fH3MsyIxLhBiuOywgX5wQAbEGxBHy7NiwfpuUgkxuxICNTBGjjMUCYplIEuyv0sdK02VBMf32O3PlA7FjJzLFvIh+fDUvMy5ElSvsiYDf5z+MBesWSTjxAzoi+bjwgViEooBAVew4WSSJj1XxuJ40zz9GNRa3k+ZE9dvj/qKcYCVvBnGcPD92YGx+HlycKn28SJoXFafyEy/P4odGqfzB94JwwAUBgAUUsKaBySALiFu76rvgnaonCPCBDGQAEXDoZwZGJPb1SOA1FhSAPyESAfngOP++XhHIh/zXIaySEw9yqqsDSO/vU6pkg6cQ54IwkAPvFX1KkkEPEsATyIj/4REfVgGMIQdWZf+/5wfY7wwHMuH9jGJgRhZ9wJIYSAwghhCDiLa4Ae6De+Hh8OoHqzPOxj0G4vhuT3hKaCM8ItwgtBPuTBIXyoZ4ORa0Q/2g/vyk/Zgf3ApquuL+uDdUh8o4EzcADrgLnIeD+8KZXSHL7fdbmRXWEO2/RfDDE+q3ozhRUMowih/FZuhIDTsN10EVZa5/zI/K17TBfHMHe4bOz/0h+0LYhg21xBZhB7Bz2EnsAtaE1QMWdhxrwFqwo0o8uOKe9K24gdli+vzJhjpD18z3J6vMpNypxqnT6YuqL080LU+5GbmTpdNl4ozMPBYHfjFELJ5E4DiC5ezk7AqA8vujer29ie77riDMlu/c/N8B8D7e29t75DsXehyAfe7wlXD4O2fDhp8WNQDOHxYoZPkqDldeCPDNQYe7Tx8YA3NgA+NxBm7AC/iBQBAKIkEcSAITofeZcJ3LwFQwE8wDRaAELAdrQDnYBLaCKrAb7Af1oAmcBGfBJXAF3AB34erpAC9AN3gHPiMIQkJoCAPRR0wQS8QecUbYiA8SiIQjMUgSkopkIBJEgcxE5iMlyEqkHNmCVCP7kMPISeQC0obcQR4inchr5BOKoeqoDmqEWqEjUTbKQcPQOHQCmoFOQQvQBehStAytRHehdehJ9BJ6A21HX6A9GMDUMCZmijlgbIyLRWLJWDomw2ZjxVgpVonVYo3wOV/D2rEu7CNOxBk4C3eAKzgEj8cF+BR8Nr4EL8er8Dr8NH4Nf4h3498INIIhwZ7gSeARxhEyCFMJRYRSwnbCIcIZuJc6CO+IRCKTaE10h3sxiZhFnEFcQtxA3EM8QWwjPib2kEgkfZI9yZsUSeKT8khFpHWkXaTjpKukDtIHshrZhOxMDiInkyXkQnIpeSf5GPkq+Rn5M0WTYknxpERShJTplGWUbZRGymVKB+UzVYtqTfWmxlGzqPOoZdRa6hnqPeobNTU1MzUPtWg1sdpctTK1vWrn1R6qfVTXVrdT56qnqCvUl6rvUD+hfkf9DY1Gs6L50ZJpebSltGraKdoD2gcNhoajBk9DqDFHo0KjTuOqxks6hW5J59An0gvopfQD9Mv0Lk2KppUmV5OvOVuzQvOw5i3NHi2G1iitSK1crSVaO7UuaD3XJmlbaQdqC7UXaG/VPqX9mIExzBlchoAxn7GNcYbRoUPUsdbh6WTplOjs1mnV6dbV1nXRTdCdpluhe1S3nYkxrZg8Zg5zGXM/8ybz0zCjYZxhomGLh9UOuzrsvd5wPT89kV6x3h69G3qf9Fn6gfrZ+iv06/XvG+AGdgbRBlMNNhqcMegarjPca7hgePHw/cN/M0QN7QxjDGcYbjVsMewxMjYKNpIarTM6ZdRlzDT2M84yXm18zLjThGHiYyI2WW1y3OQPli6Lw8phlbFOs7pNDU1DTBWmW0xbTT+bWZvFmxWa7TG7b041Z5unm682bzbvtjCxGGsx06LG4jdLiiXbMtNyreU5y/dW1laJVgut6q2eW+tZ86wLrGus79nQbHxtpthU2ly3JdqybbNtN9hesUPtXO0y7SrsLtuj9m72YvsN9m0jCCM8RkhGVI645aDuwHHId6hxeOjIdAx3LHSsd3w50mJk8sgVI8+N/Obk6pTjtM3p7ijtUaGjCkc1jnrtbOcscK5wvj6aNjpo9JzRDaNfudi7iFw2utx2ZbiOdV3o2uz61c3dTeZW69bpbuGe6r7e/RZbhx3FXsI+70Hw8PeY49Hk8dHTzTPPc7/nX14OXtleO72ej7EeIxqzbcxjbzNvvvcW73Yflk+qz2afdl9TX75vpe8jP3M/od92v2ccW04WZxfnpb+Tv8z/kP97rid3FvdEABYQHFAc0BqoHRgfWB74IMgsKCOoJqg72DV4RvCJEEJIWMiKkFs8I56AV83rDnUPnRV6Okw9LDasPOxRuF24LLxxLDo2dOyqsfciLCMkEfWRIJIXuSryfpR11JSoI9HE6KjoiuinMaNiZsaci2XETordGfsuzj9uWdzdeJt4RXxzAj0hJaE64X1iQOLKxPZxI8fNGncpySBJnNSQTEpOSN6e3DM+cPya8R0prilFKTcnWE+YNuHCRIOJOROPTqJP4k86kEpITUzdmfqFH8mv5Pek8dLWp3ULuIK1ghdCP+FqYafIW7RS9CzdO31l+vMM74xVGZ2ZvpmlmV1irrhc/CorJGtT1vvsyOwd2b05iTl7csm5qbmHJdqSbMnpycaTp01uk9pLi6TtUzynrJnSLQuTbZcj8gnyhjwd+KPforBR/KR4mO+TX5H/YWrC1APTtKZJprVMt5u+ePqzgqCCX2bgMwQzmmeazpw38+Eszqwts5HZabOb55jPWTCnY27w3Kp51HnZ834tdCpcWfh2fuL8xgVGC+YuePxT8E81RRpFsqJbC70WblqELxIval08evG6xd+KhcUXS5xKSku+LBEsufjzqJ/Lfu5dmr60dZnbso3Licsly2+u8F1RtVJrZcHKx6vGrqpbzVpdvPrtmklrLpS6lG5aS12rWNteFl7WsM5i3fJ1X8ozy29U+FfsWW+4fvH69xuEG65u9NtYu8loU8mmT5vFm29vCd5SV2lVWbqVuDV/69NtCdvO/cL+pXq7wfaS7V93SHa0V8VUna52r67eabhzWQ1ao6jp3JWy68rugN0NtQ61W/Yw95TsBXsVe//Yl7rv5v6w/c0H2AdqD1oeXH+Icai4DqmbXtddn1nf3pDU0HY49HBzo1fjoSOOR3Y0mTZVHNU9uuwY9diCY73HC473nJCe6DqZcfJx86Tmu6fGnbp+Ovp065mwM+fPBp09dY5z7vh57/NNFzwvHL7Ivlh/ye1SXYtry6FfXX891OrWWnfZ/XLDFY8rjW1j2o5d9b168lrAtbPXedcv3Yi40XYz/ubtWym32m8Lbz+/k3Pn1W/5v32+O/ce4V7xfc37pQ8MH1T+bvv7nna39qMPAx62PIp9dPex4PGLJ/InXzoWPKU9LX1m8qz6ufPzps6gzit/jP+j44X0xeeuoj+1/lz/0ublwb/8/mrpHtfd8Ur2qvf1kjf6b3a8dXnb3BPV8+Bd7rvP74s/6H+o+sj+eO5T4qdnn6d+IX0p+2r7tfFb2Ld7vbm9vVK+jN/3K4AB5dEmHYDXOwCgJQHAgOdG6njV+bCvIKozbR8C/wmrzpB9xQ2AWvhPH90F/25uAbB3GwBWUJ+eAkAUDYA4D4COHj1YB85yfedOZSHCs8HmiK9puWng3xTVmfQHv4e2QKnqAoa2/wJAMILcCmVuZHN0cmVhbQplbmRvYmoKeHJlZgowIDE0CjAwMDAwMDAwMDAgNjU1MzUgZiAKMDAwMDAxMTE0MyAwMDAwMCBuIAowMDAwMDExMjc2IDAwMDAwIG4gCjAwMDAwMTA5ODAgMDAwMDAgbiAKMDAwMDAwMDk2NyAwMDAwMCBuIAowMDAwMDAwMDE1IDAwMDAwIG4gCjAwMDAwMTExODggMDAwMDAgbiAKMDAwMDAxMDgyNCAwMDAwMCBuIAowMDAwMDAxMTMzIDAwMDAwIG4gCjAwMDAwMTEzMzMgMDAwMDAgbiAKMDAwMDAyMDA5NCAwMDAwMCBuIAowMDAwMDI1OTU3IDAwMDAwIG4gCjAwMDAwMzQ3MTkgMDAwMDAgbiAKMDAwMDAzNzk0NyAwMDAwMCBuIAp0cmFpbGVyCjw8L0lEIFs8M2E1ZTUzZjQxYzVhNmM2NmJmODUyMDk0MTUwODk0NjcxZGRjYTg2ZGI3MTFhMjBhYjI5Yzc4MWI5MzNiMmYxMDJmOTM0NTUyYmI0MjI5MTgyZTRmZmNiNjE3NGUxYTNmMzA1MmI4OWQ5M2ZjNTg3NWQyY2YzNTVlYWQxY2FhYjA+PDNhNWU1M2Y0MWM1YTZjNjZiZjg1MjA5NDE1MDg5NDY3MWRkY2E4NmRiNzExYTIwYWIyOWM3ODFiOTMzYjJmMTAyZjkzNDU1MmJiNDIyOTE4MmU0ZmZjYjYxNzRlMWEzZjMwNTJiODlkOTNmYzU4NzVkMmNmMzU1ZWFkMWNhYWIwPl0vSW5mbyAzIDAgUi9Sb290IDEgMCBSL1NpemUgMTQ+PgolaVRleHQtQ29yZS04LjAuNQpzdGFydHhyZWYKNDExNzUKJSVFT0YK"
            }
        },
        "aadhar": {
            "id": "XXXXXXXX9432",
            "front": {
                "BASE64STRING": "JVBERi0xLjcKJeLjz9MKNSAwIG9iago8PC9GaWx0ZXIvRmxhdGVEZWNvZGUvTGVuZ3RoIDg4NT4+c3RyZWFtCnicjZdRb9MwEMff8yn8CFLn2o7tJLyVjaGKbsBWIV69JqMZTQJupgHiw3OJndjSqL1NmnTd/f8/93L2OT8TyggaftMMpRJlskC7JlmuG4ouuuRz8jN5u02WlxRRhrb3iWBYIMEpLgq0LZNXF93usanaHvW/f1Svtw/Ju+1zEaM5FtyXVWcrVe6V0uhb1VZa9VWJ7nXXoMv19e1qs0HTv79ebU65mqXQAgs6er43TnXXohIMY4txQkaYOCPpGRWI0TcpeUPSIJMXGSbMfv2n9tCp8iVET/aMyPIwMeODwyC9UsfvUKypPu1jc1fpGNnJf9mfgqcsjIS/RI6aa9VEv5vL/lJVGq3a+oA+qOZOHU5KDYbBY8hNLaGEqLtHb2vd72M8J6NFAbXMoZZhEMnw3CdlvGRz+lXQNs05liZxt+zQAh2XXVggGabpKFiVpa6Ox8hKPAGKpXKOoaVelMokptmY+vDYKnSn4IHdqT/QUk9Kl0guBoO4DckxNVv6Rh33dbv4oPSD6l+mZgXBzBev9o0qW/VN6cWV2isNn/ZavdAsY5gZt3Vb1mrBKedmJ5/Wjo+E8QJnZntsVFs2Sn8P57MMM9Psm26nDnX/O7Y2p/h/tcM8wnFmmv0cWGiJLupjr+tdH8M6oSlwEENzKKB5lp/qFp13ZWzXewpX7NP+osC52Sq3ffy49NK9XvBEZmzdvE8ImD8lAnoJ5oGAfStRY0MqGDokt//LZ1QOi58FNg4oxNAnPsLEIQWBbIkLav2HuWPiwKIIdyLhHAKIlGOeeggTRxCTSDiHAILC6OYewsQRxCQSzuE0gucF5tIhbBxGzCLhHAIICZXMPYSJI4hJJJxDAAFHsPAIYxgBWImY5QF7xoY7hPM3cQQwiYRzOI1ICxitXjfZOIyYRcI5BBAZ3IS8Ktk4gphEwjmcRjAJc9nrJhuHEbNIOIcAgsNg9rrJxhHEJBLOIYCAS2rmEcYwArASMctP21O4kTLvbLJxGDCLhHMIIODqmXndZOMIYhIJ5xBAwHRhXjfZOIKYRMI5TAoqjYYRaLQcDvyC2XciZt6JCCZpAXcNa8zANs1TyAMrOY5dpCswc4ONDoMNbqrD4QFnbT7evGDaafBKpZQZWLy67DTa1E09vAyd13r3eDBvM3/R+cfry/XFu+vteuVeh/4BO3b0vAplbmRzdHJlYW0KZW5kb2JqCjQgMCBvYmoKPDwvQ29udGVudHMgNSAwIFIvTWVkaWFCb3hbMCAwIDU5NSA4NDJdL1BhcmVudCAyIDAgUi9SZXNvdXJjZXM8PC9Gb250PDwvRjEgNiAwIFI+Pi9YT2JqZWN0PDwvSW0xIDkgMCBSL0ltMiAxMCAwIFI+Pj4+L1RyaW1Cb3hbMCAwIDU5NSA4NDJdL1R5cGUvUGFnZT4+CmVuZG9iago4IDAgb2JqCjw8L0ZpbHRlci9GbGF0ZURlY29kZS9MZW5ndGggOTYyMz4+c3RyZWFtCniclXtpk6tIsuX3+hVpt82e9Zi6UuzLTN16xg5CgNgF39jEviOBsPnxE5mqvn27X7+sN5mWKSDBPY6HH/cTytD4C4xAbx/fKPmGEm8kQb8l7S9HpYXf+P4X85fxF9b55SjCbzD95tx++bgFw95p7M1Jf0HenOkX6J1Awdfb+stfs1+ZKC2iaHq7auf/5VS/CM6nhZeDKf8F+CAR4h1H39pfcJz6+0kDTmhwQr5OPnz8OCb/cdPtn439ZOBlDYGQdwj/wxoCwf84+WHun5z+G3t/mGg//P4wB8bzT9Z+OvnJ6e2/QP3Z2A+n/wTuJ8M/O7z9HHf8M+wfFuB3BP8I+19/+8+tbd4e2TSXfff9G7Dw7S3rkj4tu/z7N9cRf6W+/efvvxm3W1N22SUasqnJ5ll9Jm9TdssmcG+mpN+/0RiKAKc4hMI4AqMQQqAw8u3339wy5aMl+v23S1++pX0MXOC/QtSvME3jwBN4EL8RBEZTtwTCoeSGExlFwyhBonB6gxEKAad0hiIYdaPI9IamWIxTCIbAMInfKCLBvr3lWZdm0/dv2rePPPnr20/Z8q+4YfSdJD5xtx8DIRA4Q6IYQm4xQlFpRib0LSUziKARCqJwIsVgEr7hWZTc4jjJEihLb8QNopMbRBDRt7cuagECL8umN6Yrmzc1auOoyb4dP+BGb0k0Zf3t+7dvb0l/75bp+f2b0qUleDAt5+X7N6Zoo7SL8mj69lb09zn7uLWJurSNpvrzuE++f6vuXfQWR8B8HO2AD2s0pW/Et7cB/A2DMQxC/xw3RLwjL9xD//2bFc1F2X17m5doAT61qIgmcGmZoo9rU5YtH87ne/waphpNVbT8qROCpt5J8tPJY0l+ePmIRbH8fqSrI8Ywpl2HJytnWCZnwBl4ZfgjsrI8w+QSmycSa+YyuyYnzsxVnjV1npnPPFvbwkq5stXf5AKKwA35icM6hVNmZVsTlU+GM89sOm9C8jPBL07+vHDYrvPnl22zBvZWYCfXeSt/KtZaaJXy/PHzFSjAFOoT1M8P/I9/zseVYSyO4RVGZXjGVhimEFhmE9gjZTLy+hEEl2VM4eOH+ceXwDGrKYKAKJzZnz/uXSxwORd4ZlUEZnVF8AC4INKMqYDgmRZrKYXmCpIAiwX7PG0ir34BiwJEoD9hsXUkKAqkbqvl2dCNqTXk9MzzWhWLJJCsvjmVSa/aPaQ7AWrwNWFClmjVqWK7g+OJnu/BRei3eh36YRdJzZigFpx2KZZdR75QfKnAylM5qE5z8v0GL8N2VKtB9duBKIdxUvfl7CMLWeJ3MNGbdpU2qjo9l7MD61cfpqsQucsldnAa/H7riWzaqMcFom9fYCNBsr+wxejh0hGvSIPorsLfI/0K3n8baeEj0hy4iWeZ5BVp84R+3rsJAmsLG1ucWNdMi8TSSq0XFFFQrT6WWc7WdvfBeEF3trgiqHVDaCjrM5AtCOugVi6i7zlu1LpguaFsC18AIaj3V+o1qgtbntekge8NVSh5bYgUQ9TpUHoN0UxuiLw3hCKI5FJp1Xow3CaMru2pjfrRqIco6ka1HefJgJY4Qu/nlljni7AlsfzUOhVaLi6cxldE7yLsfqnxLO4Ioxtfgf4jhnQP0lcDdFUsEAPmsvLtqrpcsznj88SLkurybUNiAy9sxFeQ4HcU/sTkYmpGG8yR6xiX0RlavS3Dc6oIWBEwkRECu2ONqOEoCHef0Zmx2Is/iNXmtmuFDgd0sYJQEna7MBJPYWuIsih8QASzYJ21u9iD3ukXLoPFXLFkx+NbTUgz2t9EtC/LNafncrSZ0mRGTpWuFzmb1BU7KUfBHSr8yJVr1VASCNpVctxy2k1mPdnFF7Bw9J1CPmGBDrne2U5kzbYBIxyZtivU2gMjsuTNCriTK144WBl5isiEfmY2bzStY+Os+ebkd+OIuSSjIS62UanaeDp6LcGDhKtwrHJXa+pxEp2znOPgoQRnxonxNj6HFYUSvEDws+hGd6eLXa4lYyW0mswsh427LGQFINvGViBqXH5OOnmvAwJ61OG+ml/Awoh39AULjfWIW+O5KDZkcDgd32ASIjlD9BgQocEp5IVI1Wysu8GtBE8ru9iAbTLhcjWBGN2/LG5vBgMxbSCeJispR7vjLuUYE/m1q33OVkzTUPChxSWywkXp9uAvpwtDBBfDOFNmdgkV3F90taGe2nmJsCAwyM5AJaNjWLqCMV0suiBqJqQhHGm/ptvyBSwU8Ar9hBWEXC+eznVqPgKKkjvmwipTMzzKmKl3jre7umIPXtdxdYVKEHY07swjJrLjnU+uWnswc94AJYQFvSxhAgYTvTW72V3AQwh0ONVavQpt43CXcbMDzZMhhTm6HoTUh7Muw9doTqb1WWPUmOpThl6cjoCxzAccI3AyJRq3Se9Ps3T1Sh6cOZ9v1qhwzFe4ALk+xfRfTWMBbpFp21ccw+8LmwbTGPn04l8bLjm4N7ruiFTD8OMZnszlBh2v022PDc+XEoGhqgmWXTnv6iRPwn5WHtaKj2FQoOM6+9BH8tH7ZrK+oKAMho/xMwHTjqyheGE2UymEgAiw4Y5KNwIOlFGZ8nYUEkmkR/eUw0ZZDW655Unbz66l9grh0kGxu+3+BTQEEOwlWBls9IQTATGW2qonyTuHuKPUAYfzT4G1CKGGAyFgCcrDN4yiTFQcbqfQxz0L9507E1SGmYxJHsoYdolPLGPYcHUNdTMvlqAWNPBo6hFPOzaltEJP27E7TeJg29sJpKPfqYUuPuuilyfLzcvTsC7IJWp2kDOh0D8jl+qGChF9d0ZAwhNEQgZI9wUqGPDrhcqIjJTHT1J2MetygpvLORau4qRR+i6soWw2ziEgj0dGJMo7qUZIIjYrjw5nJ1rWO20/l9XqRLe14TihDxSTqY+DMEAbfJcuQIkrFBabQHslYGZoI2PL+4pg2LRW62Vcll4uSw7jSaHd2VRF+Nmsb/p9q3LstMHMhILGR0exxSsPO8d3twO1PmB6JmC/QAYBir0E5+ZwhuNussQYUbWaWcTKQv+YQXGLEgHMpcmpdQAphtqYQhIM5sXuiixTA/HsTXl0G0Q0E801L0N6MHSE7WQMpmi0QfUbmixwYlybJpi3075fH4+y3GqYX/dRX8Q7tfW+ymaTmJmXbauo6HCzGb7Mo5MCodykWrjBqFXhkho9dl4ubr7QASbq6qbUylfQAMteMld2mXaoS0LqGai4xOI1sFYuG/BRigHhLTOuchybQohYz8+R0fKZhQmva47kY/KPg4CsfC6WlrnQNlTNLMZUsP3UbKwOqoscEx4OYw115s0u0utA7yTpIk8drdJXiL+y8lmWEM+khKoTvVtZBOYVLqLr9dmszhLIRCJTBOFFMBTAit5V3hQdIrSN/3tcOA0o9pIba7U1Gb/67Ik1bgE2ERbEHY2RYMPrIMFDkF+ZnZpSSb70ZnSIT350DoKZzGyn6x1kQmXsGjX0nVI5JLhdInuR665pLnt41FsZ86xtJpU850WVrWElik37vBGesCpx2bWtEQVVvRaj55LQGR49qx0kDQnw0bJ2hwol3gRtzGTqwlOudawgeacQMPUFLgqQ7IULvkKcj/TOuhknBcMlT2b3+/XCHtXHIB2X60O/dAtUR/ogKLyaCDJBj4dsCaA2ttIg2lu1gYL0cuvqW2XqgsHl3CEfCJXTZpMBGkrU4bNAO+2IG1Zdl/Pdxx+7r4+s0hH20KG6v/EklcEJzeGsfJUnH472pl8ffl9PEnRKtohT7/YeyPDkzOcvMJGAXi+JS8BmzKuMh+Mk7B/nDT9f99aAOYNOyFSX72Hw3NzU3+0qbPaklwe9GdNREWVksVTbyg8PQxMy5AJPfWq3+nHlJAwLoTAdMZyQl1o+XqKHFHOG75J164ns9qhPnnlzkow96OnUtz36aC6h3VBVPhHgeWWylpMvcnG9tycMmUkcQ11BRZWLWR0ZZoK/BAa/vzoYFj/Gwt3OH6WuHIvhJOCZS2HkcZcDOkO7Y+krsluDVpDWEsYkXZ17pIxJkHG2aa6ovVarCXZgEIMnbgU02fxDvBr2ONmRBfXixbo1ON4TwtGu3VpuJ81X1g0aT0/tQ11dJ0dicGw32V2RgQx13ZXpmDE425KxbZ3IXGsX1wJlWK+6woi3y7UMv0BFoO/0S/XaaHn0zKSesj29mVri0XyA0Na1vFUHOEKpBOU7ctmEOWdovUUPETTE4ooadsK5AeiU1Bj2dRWwtzPLzY8rS0e1EOyrod5mUNDldk4vp1R0gmev5GwuGxa8ey38nEaNgibFq/aKGeC+0NeWrUN80NFzwUEVNCKQHbsPrpabBEPj3HjE7Z196No9NaII+gIaTrxjL2h1ebLNY6Yem/JxvfDuBh2tfogbyUaT4x1V5Sjb1owOr2WG5dlNU5Vnaj+uk1nXU0+ozaU1FOq8HENoJp5W73bXWCFVe70eQ5I54OyhSb1hFsuGKubY64Pc43rpnLLVA70sBFyvq3U/EFogZSzhIZfC8NXnYyFXlcyDa2IwURTFsOLKcvC8CX696dkTPT9b9AtwGPVOv/RvGmdWs2pk64bcAcmyW3QnDnJS2RmznMMZRwzjZtoae2hVDN2mNsK1jAwk/qklIaKMFMUjOhDhrChHERv4lLmOPsHLjzycbGkybgJiL7Du8rqC+rnu+DFDeGNipsZRV7I2CqBcVCSayPKK9xKIH3J8cHXZUOvwLIEVG3GAbVXj2hOEY1/hAex6Cd/RKfOgWC1o2mWsifhsj4aQ6GLz+VwLvd6VO6YwNlgomMEJJ27DdZQMI5pQeKAX6IAvHAI520XsIJSpDgtvQqS8j4mKQHTlwEFAj7GKkvSc01khWk89T7xdj7pY8ouz+pQZw1nw1cDHLXySPiuJ+7becLjN7xmiwfEMP20uS9IDrW5JGBFy5D/Kyp2+QIaif7yP/NfTZV66eAH6KWiuaePv8OEqE3AMG0FU4c7mPxFS7dSpk6/D07kaEW9gdaajQiQPD4Nt71UjNPO4KGwOtGLGW5JRQAkNj9pMOlWeHR1aRc6u7UOrqyV8nXXYsXGRJvPO8SHKGSUIRRvlNOoOlIhzaCyVJqU69u+WbE+Pqx4WnXXVEvaYBUHse/kX6y8cAeT6Q9CboLdqx+Lau4m9bmcpX0dGZX0LS65PUgUihnli7qFnZDqBp/iORMSYxNZF3bRD1EMOKGbDSVqLNSp4zABLw/ii6Q9/4VuVmu88PPqq2WjtnBH3te78cSKwWQuvCWtL162WOgHTLXF27xgGlLddOmCtA8SgEeXsquED8QxFhUv0zT5+gQYGbHqp3ZVWK++uJhIr+zm/yds+sFC3WQmA4CT1vslIQFUVyHLp4sjTVbdzjJWH6/KoOgvTfUq/CvMUh6Sqk+VpZZz1bj8gRcZzGahTygoP7O4nTYgaZacSsyk88ZU/rrw/ZhJnUcKShwNbGVHrZYZazChILugJ6ZtaPh3S3SkUmvozauXnyzN2vFP3hdLFYcCpl9I1bD3f6Et0D6CD6u7TwsvtHV1APpTuPOCy39yeRqu6tU6dJayoIrQLany7mruT24WLGybDwqfpvIiH3bgGufzwm4E/J1EeFys3nhuWxAlY9RAjaZw8vYZnup77Pjlq/SHulGfmHO5Rq2EbPOkZcSJhu7k/L9hIwH1moCmqlxHtsWv0JHfPHGV89pqvih8EKPXSuelxcSl4z3qiJpnC2e0kn6+LC6OSWTzhBD2P2m7HaNIhI2c9t1OA697gG7wfxwEpz9jtHBA3vwtQBmYQMjK4qHVxiS0X29yLxB3rDkgG0mUNjasZ2t+gAYunmuLGZU99uokfl2Q/iVz+3O8Ic6GYi/0wHmJXFfFz6+bF6DTVSM6KVgzW0XIOofTfo8JoQKkXKmNTFLa9Cfw2HsZ9Gbw6VCZDMiWT5jUL2o8zjjN07iAM1lwVw3I1vNbILEJCDQ/wvYboqLUmZunXIJEvi9eetooVw5sSQ2Mo16S++3EZq7FRQXeMu9opIyqn/Ro8JgH0Se1ZVTmMP6IhsW1GPXCgoyxQuxVWU7enpr52Z1kR7dhqyUh5HKMwLvJEm8Mv3lwDy913+qV0Bdo/Hha/vI/nQVCvzrrowpTbSoHMz25aLs4FHoeLIteY7MzqmCmh6KxwEt/ZRgM8uUWwq68ddb6neUPKCaI/MoQ04CkZr0UKIWLO53l1YVlMed6COjj1qI59CIqRX8OxRL35zNm4cC2OKzOlF3wcLfm0irVV0fA9kbsOetpRARN77MT7E5talVwG87qQ41foANFemlecB60bL0nKGeid49JhfN6rXPXQdEaZix66rW84XpM7dFSGmbrdteHJeE4bM/p1AF0cm4yOhCCWDI+8PeXy5GXEg/TXyiNHvCx40OKDVcLyUJHHW+A9s/EoqM8Zv50W5ZqZ9Cn01IGUYxo7tPxyWGIpuqezswOFBd82a0BqxroYdfNEME6UJas6ULcv2jJGvmq8BVpSBwGCUissb+epnR7neNHCuma5TdFLRp5Ng2OPS6i7N7X2eC72hZPE4tBUy5dAveBuOUmPUZqvaGlj6P3YniQej6zTYllo0DyOjB4ecmwtIb+/FgfUbBkrXbUkBZl+7PztPNB7slpbdLsVJLxyVMRLLGIy6WWoQLZ3sCRhi9Lr7IMEMb5/0bkwgnh/lXqd6qVbt+fphcKkrBhh2Tx37DMvsdTZc2wgyv4wTwHL7Fs7sL5b2cpRipJeAR1hWGnLT3f3jjj3OVdkPQ3Dp1Yr4Y7sVwUZromGT4FPKhXCl72u3LfH6ojoabpQHmpeLbl8ak+tZw7FfrRbBH4G2z2oGNm+JzBBR/RdqNgnk7EkDFqX05EDJOh05oM69gUynH6HXoJXgiqESLUWbpXtYdJmcrvW6QbsMtDZXS76iBb+zdoyhC9C5YxcJgEn9DvzNO5Q3UkZTw3GzZiyY0tZ/px1Jpb7DCMBM2CZdPGn/sgdhnIXusJGOuQKQe058h0WiI6KvZh8B12kbNiuVxaFwm0mbu6DEZB29fsWdGl8oIqUrCIywYDIwyTbSJKvQMHv+EvoVp3kPP3BT+7ttVjifABZo9hTyPOwmMKYBUSquGM3KryODgrCu27ohYRlBkfqNOO0oqgGmI7Vg7S4i54eMZu3T6SPlL6w6LGz61ptxeSmbPV2dGSnX1TvdAmuWuZdZVR9DtmSlXqPtEv8RP2RxcO4MmBd7WzLxPGDk+MX5ST5K7/VcLkD7W230Bfvy2MY9g69BC99nfHpYwXiV/GuT8ZDMrhLY/BHwTqA2m5UJx4HigMf4jIMSDhusftwweA42QOykw/6JZG2tD+5dY2eqdk0ZZa2s6N4uV1PHYSB5Qw0jpcGqXi+OwCxyPHuWjuXwLYHBUU/1lLKUQaL48XqmQ0o1Nmsxd04b8fHckyP6sI7xQCP6yPEBrLdl/3IgLJVzwX9BTj0cxvA5z8drtBRo8f9lHpgEWDoGB7KF/LpquuJLmpueTg3YX9y3DODL0iSGLkbbGhsZJmxyRiEIY+RN1pKO0gk72JktV1itFr1eO49jn/ihpanmVZJWrVsZT+N6L2BeG9Ibzv9SPRT+BTLTOtO7CVmDL7rOUPzEIc4YQnlTgMQxtIgLc86uCOmHDdeMJpJ8lWdRwDBXgUxyfM6wENnR5838T6csWIOMb/kHr3DQXe7k3jFHAx0WIXwEpD3bRpsr5Qy1TkJV+rJ6LgTyDvfo8kN7l0PXrbehH3bl61l8ulFCCWLvZ/n/rQ+ki6nbldk6rYwIKS72k8aoWajelddpgIvt2CvyinR+2kqit23xtpVWmbcuWNr5yHhicl6sDfxHMlfAQMkexXFuJmpttZm1MVN0Yx2hVk7/QmFmXEZGY3qjvx0EP04x6xWjw4VcUqRe3dDngeYTKpE2ffDST6I0eohoScH+T0nruoN8e8IetqUI43R1NFfdheZ08sSpDZYlJ1ulnppWRzbnqBtajd88yTkEabpggcKJhYeqnYsc8FkWPZraAsuPI3QS/YkB36XN5Q2L9kX/1HBYMCzlwj2+lC2CStGjDG6HuPlQB6RKZ5lX6jJjjEyI6mr5Ugx1/3qRzeMBrJfj3wqRYdl4ZMo44Kuud/mPaDdJGCAfM3MJFBWM6KmEyxck61IVgQqZ9CgkVwz0vvtJh8Sz6E0n4Lud9t8OpmtT3EFEx98e/hjM9tQtqO3ktsWLDyjznl3zgb7vGgdBGNIF9BH7asaAgGavbCtXnw67ettIsJaXLuSmUZNqBcy9OOJnmEVq7hLNzTBskk3x9BSRvNwN/ioZVSRHU652ZH96jOGSp7spaDOpHNYJ5g0iHuct7h5N/epAn0BenIXp1t2x0UQddvFLluXvq7FIVKh3MsfT6q7G8ZAwOKgwBy24J7AjSmaJultjFT1CcTwXWiEwQ/Y6xf5iNKAaC8pPKDjcfCW1PDrqvU8ZnverqAHeZblAsV5xnTYoKB9XRKiGubYieB4H4QBweX6qSHGMSwxoMofAyJej1J9aP1ZXHq6JoAU6TcuIqg5QHTIZeh21dK7uB9Fy7qa7cHS9tsmy773SDJZN2cyYgvlhK/QxA+LPB0deHONCeGicPLwYFvuRdlc6s6wg/35xYyhNCDaSwdf7p7aIX0/ceMj1UeHBssuNzXUNrSkuwVGoaan9hqRyO6q57Isc0vUpK6xRU7fZ1FyqulqoSYsIRkM3dd4nwL5XC0HhWTAElpV0UESXegiFiBfkR5q2vLeXPmRL4qn4VR3Z6+9fJHZi8SPjnyAFBglJfmcg3m6xUdFVaHuHk7BA/G2y6TfhSS7ioKFf4GMAjz7Y2sDfjiY2mje3AAHKrucIxR0XDpsbPxuToKQaJcJ7ftx8qvETpGorYhsWRKUJlmGftb2zJ6Wk6tZNQ+KewNmmw0TwhkHiLjwSLoqs20xFFsm6QZjfT9MtpI6R7r+/tvxYzfPb8cf+7rsMu+i5T5lf7Y/CCUBkV6D39qmm79/K5Zl+N/H47qu7yv63k/5EYEg6AjRR3BDOpf5X7697Gep0t3633/joq7vyiRqyj1ayr7TsqXo0zemyfupXIr235l0rA+r8NESuF+B2V8TGOt+/bjysVPtY3fSDwD/E2v/OsBpjn79AjJBv7+04lxE8Icz6+975t5cS/n+DeBzpqibb/3Uzj8d//8NIuseWdMPWfrr/HcsH76OP5vmyzyblxfEP50pAn4nXuP+s3HARwj7GAeA9BeAEcGJD88vZ17U3LPf1R3o/Ep8xCl9U4L8VoxFeTjYhi8WJwaOchG0WUohPXJjQHL9/ORvxx/RAsc/58GPKXvdKNWx0nvabuEpz5ctUt5F6dZgRI75xYFr/HhdvioXOPYOv8QvKZrLZp01tq8s67miMlj8wRnPdu659iRnPHDH5UQIzX/8BUb/DzaSfEBmPn2YXQW56g3FCQYVEuspFOuTW0aYgshtND7UOnQYxwroNMyiacYYmOGeO1hjVWRtrweM3pRPg6KACJd5P9Eo7nRqBQ3R0BaQNN0eA9PwtmhcWM52XfIwDpp5Y9SHHp4396sKjxHvxAvZ0LFCaA2wOKm38cl6eL8hy6dXHO6jswf1yYm8bcvt+pTTFsds+8lDXlrhcJxRfnevFSggU8te04g5l3dBbBsFounpcY18C//4x2m2kdWnwZzM9Y6g5HU4w7cCGTlkka9x3ed4z0UnfCrph35Yv39/TelP0/ibmj1f83vFIfpVXT6O7C8QooBgLw18j6ssWfSozX7n9O+8/ebqiukKbwov6I4iKhzjKIb+xriObFiKE7wZ4pui8wrzBuF/Q97xd+wdh78DAHAM5AwMlg4UBuMIAmEUDoPfCLiWgaV6goEzHAVnFEZj4O84gt0+7v+b7ViC4HxnBRnYfVOZs/KnREMB0V5aV2PAWCxg4zufNUX5x4hg8mNEEIGCYaHQ5zf8N+P7n0P7U88IMP4So59B+Bv3XdF/O36G+6dIfsafy6alvIGyu2S/a4oirxXHseOYM6vCMrkiuHgTaTujs3k9FnUp0SvEMuYsMjzHHnnhrDG1xMCuwBYayF9sMx3myOa695ktLNM7hpDCUSs+g6uZO+A19sU6sFk/8Lc5vNa51XrPVGrm6Do0SffFbk0UBgn/QpUHPl4rgt6HPjwEiDgnT1aLwPGn11Tyas2CVmkNeM80z8Jm8eH1BEV+iEc+3imCCKdS8UjaBsoc4aIx0CcEwdIkbc9XjXchzWJWPg/4T4PAiCKsqZz6Q5G0IqTZwXpiPo2fhA3mYsQC1dFq0nLN3ScrK+LpEfhfIIFAYr9UpzmD0fSx79WBfypCHrR2tpc+vX4MSds0B0R/O3Os7NQhrwjNPWxpKEbTJqmEUuOYz6EzmxaqEjaYCF2HNuvEyAYgNo+403ITEvJPg1r1sYuWycQVemoO89SqAJgHWCsr+rgG/gauJQC/gmqOGGmKnGrmvHLmB9Sv4IBEf2lNUxLW08mphE3jqH/A4Aqt91z85HqeCCAIlou7thueTEgEr7QBYuB5QnFx68b1bfZilezJqa2T+S+z84LhCGCIALGJrfxrFsDseELob33kCLHGvjKSszTbrD3FdnFBERbWEerccUXjvweC0IA3L21pCY0NHl+Vn3JgF7aFNUFrNz0lt0UhB8t8w4I2VhF11hYaDsz7xXTNTd8Z+IMDLKM559oCLPYM2xM9y2ZPluAZL4NCI9muzoLXi1OyrOcBdsOnkyeCYUJB/jFs2xVykI1rnoOpBnHg7FGylRjlPze5ugyDfbGXBaEAX15oWH5l1lf9zgWV6QG1Ta5MytW4PtHm3rEHxKH4eFY36tx49dMwD/N64ajHk1e44sqUZ1uJpAg9T6doPtNe/8Ck5UU2MoaTJ79AG8qlc2FmMXOTSgrF/PQS0ccLRdpmyoKehLKeUsg2dOWewZlo3LFRx/h4eNpsUWwNJyLCUr8aZUDcTLrbr2r0xYYWhAQUeulNWyMcRlQKZnRU7GQcj2565nRtkU1TovsbinsP+zQqmH30VTMxhBVPL7K8WWIgJXWLvvradLvMd7wWNiXe6NQFgckOQ+ULeqcNSyL2E/0ECZps9NHWTYKmqI0e5swgcdxON6LceOaREsR9QifiRbZ0lC+5Hy2UNKpmSt5E/nHMYYRWaZ/kvngLEiHh9z82INlApVR2CwtC/IxdhPOY/GOPrlTloAeDWs0HO2N85JlsUuyLazcKJIbGsTOzqiBzPQtqWE5bFTNQ1DVgQfbKzGpKXDlLjGmyeZWozLr+yKvzKrCsw3GMqfwgb6owNnuoOJbeObbIAylQTnXIKJwmr2uWB19lIIG9Iy+p+cN7rqxxvs0mAtb6qJZrJVv9UZs/Cjn06TW8anlwPTWK7O2hb+ag4j0VKQQFG8oTpOniFlTB5/p5PQYJlF4t0AlwYEQvPqteyRZxa37e+2nw9QD7AFW/SUp2jtEkB9V/j54sBAr6PUHE6o9yedekVWJbjvsCFk68ky9YoWSqjMOWmsRIHPcRVFdkV4V7FSrR1NzG6qMPOMhnl2tfQ3TzRD490rapP6BGUtNFkgcgbk3aerMi0a0iiXuCek/Q6CpQ0NsXDFTJQ4muUh9u4s78KRZsm4IbX9j/qIoW5DCmfGQZZWV4pvrIky8gYfQ78hKTMtA5Ms9EuVU8P70GfgHHHD4Br0VSszDQhEUEFqLh1bxHPgaKk3j/zEKLEsBxAzKTDT6SyCJyUG6iHpyLow3OlR81yPhHX/l7yxBZjaekP7oFZqHeCFKgSDnWAK9LAJwqYljEIEaZzUogZ75CAzj0Eo4gJ7ZXocqAzgAy4TMxTKRoYr+pgAbZFWEbwDEEEm2THSZ+Fe7ZEQUd6BFrCLtmiNskN68eFEn0M7pa+Gt6TWrlXxAsYQ12g2dW3TE3gX+xEsgnh4V+iJ/tVDH163rtyO7pEUriFEoeAnq78x9/+QINClj00pHAqyIkudvSRcituekXSwgCE7QiEDyAx/nnaECf0naNF4C0SA2r1nLbx9sYtR4pSELNVlbl1TVfjU3Y6j4uGx6ImAY0skcsA5w+fQex4k0bKAJe+KGGPh4CQoh36xXWqxrSeCQ3CAYvqrRPZes1vcnefwEGAdx5gXmc0RRNn/g9+BAt158941WMQIDu3hqj+pCCqGc2/boP8EdzzHuAnmbtg3CgQL1gMGatcSrD78qqVUAhVAoClAIM9C/k90BGVMx/FTis9mlAWU1NY0aGEyD58ZCyT4Pd7U5r7Kf2+AIOTP/9s3YpD+YDVM/BxrnbeEP2dB2r+3BmRm2tj/F4pXkm/KGiOwi0J0bgeUaVVss3OGx7FdxV4VX+38htxuA+PkQUOw24d+67Pcawwx0/eCG6SjtqiDl0P0nz/Razdzy7FWT9khkI3wTdRvZ1Ktyip2nOBOPu/GP+ChP898/RyfCTtdlqjsIeva1sbrqKFulqqtqTpUCZ4fBj2ZR7k8pjBcPoDcvc/dOri1RYXye6LZLOZvpata1PjSLM2SQeW6iS0VSwhVetA4ahh2G72UoquncMoVTiKWMnVipCe/fvI09I+qfBwij43T7MNoJq9SqLIyRdsWwqvJt+9MnrObOrXcT2tsoPXwk8CFDp1V1J8uE8bU7PEM8K+Okm2pTAGIkBFv7znpCHT6/EluaU1eR7H8q9JR2l0R3oshtObkcayl7IJZJRWgNWSOly7aEunmAcWrSMCu1HgNy00uEC+HM1/K9LrdeV1zL4+GNp/I9FMzj+N5/K/P2/QoPhD2wwTX/sDgCVgiJ/+sAtShBAmK+//BUImLdz2ZZLlr5x5ZTcm8+32N7+7xtn6OJrqcn8Y+vm/wODST6ICmVuZHN0cmVhbQplbmRvYmoKNyAwIG9iago8PC9Db250ZW50cyA4IDAgUi9NZWRpYUJveFswIDAgNTk1IDg0Ml0vUGFyZW50IDIgMCBSL1Jlc291cmNlczw8L0ZvbnQ8PC9GMSA2IDAgUj4+L1hPYmplY3Q8PC9JbTEgMTEgMCBSPj4+Pi9UcmltQm94WzAgMCA1OTUgODQyXS9UeXBlL1BhZ2U+PgplbmRvYmoKMyAwIG9iago8PC9DcmVhdGlvbkRhdGUoRDoyMDI1MDMxNTIxMzAyOCswNSczMCcpL01vZERhdGUoRDoyMDI1MDMxNTIxMzAyOCswNSczMCcpL1Byb2R1Y2VyKGlUZXh0riBDb3JlIDguMC41IFwoQUdQTCB2ZXJzaW9uXCkgqTIwMDAtMjAyNCBBcHJ5c2UgR3JvdXAgTlYpPj4KZW5kb2JqCjEgMCBvYmoKPDwvUGFnZXMgMiAwIFIvVHlwZS9DYXRhbG9nPj4KZW5kb2JqCjYgMCBvYmoKPDwvQmFzZUZvbnQvSGVsdmV0aWNhL0VuY29kaW5nL1dpbkFuc2lFbmNvZGluZy9TdWJ0eXBlL1R5cGUxL1R5cGUvRm9udD4+CmVuZG9iagoyIDAgb2JqCjw8L0NvdW50IDIvS2lkc1s0IDAgUiA3IDAgUl0vVHlwZS9QYWdlcz4+CmVuZG9iago5IDAgb2JqCjw8L0JpdHNQZXJDb21wb25lbnQgOC9Db2xvclNwYWNlWy9JQ0NCYXNlZCAxMiAwIFJdL0RlY29kZVBhcm1zPDwvQml0c1BlckNvbXBvbmVudCA4L0NvbG9ycyAzL0NvbHVtbnMgMTIwL1ByZWRpY3RvciAxNT4+L0ZpbHRlci9GbGF0ZURlY29kZS9IZWlnaHQgMzcvTGVuZ3RoIDg1MjkvU3VidHlwZS9JbWFnZS9UeXBlL1hPYmplY3QvV2lkdGggMTIwPj5zdHJlYW0KaAW1mgmQXdV5oM/d79t7lVqtRq0NISGEQEICxC4WQwADtuNgD14SD/ZM2Rl7MpUpe4JralY8TlKVuMax4yqPpxhPjAnGhmDACLMbBAIBQgKEBJJodWvp9fXb7n7n+89rYVw1lSpSM7duv77LOf/59+1co5PntlJ2qlSulKUyQ2X6kjtOQz+zujcmr4wkTW3LThPlMDhVqaFiS7UXZqs+RqZxaDPRtAGQJ4Zh5MrIlGkow1TcmIq1OMwUYMpweMscHjAgV1auVwUqp54Iao5GQ5kyLZMVlGkxPs00ziY4y4tTCOt1DXnFoaHpmbFSkSySFvgFZw5H5jACslRmGiDEEhY3SZaaZlNjCu2+BiaLxLlnMzSGDjn1WGB0mQcgoNr841SxMvNMWRAui/J84b9c8747W66YzwFeQp48lpM/y2LpXLDhMFViqvFU7Xrr2KHxqVVLhq7ZMFi2HQ0zDcPQ9zzAMtQURus5sohM1QcDBTy/+pnAlwMGyxU/nN1X+rn+gWpTo7rw/hQ8HmqZnRoJhA+shQhhrHDMRDyazacGduEkaZLkuW+7Ee9tM1Dq3mfeGj85fcbyZeeuPW1JSUGJrQEoo0u9XiA3RIP0UnBMsO4eIrLffZDmwgitx90XIlwZDEIyVHQtUzbCEb1GUkaKvpqZmSdZ5prHlPr39+769b4jdrFodepXnr7065+6dEgpF7GbaKvMluW7zEHGHKaGL9fCyQ9wQ14uHDkKiDaABBotbIc3moyu9nApFsFcYGlwQBNIWkZcM1FmyQheaPL0YPCAh1asXN5CVdc85L8+8jSLLHNGqT/+c/g8ljmlLIyv2XTGnV+6aqmrVJI4IG+aXYNeYG8OSgBAJaDXFCRkXRDhxcItsIVoXvC6i9KpS33HMyCgwAtvZSTm331kOGai1FOvvv343netZWfOVwbV8Mon3x57fO+UCEdzFmayvkxaAAFneRTlBmJgYQMhiJz/L4deSllMgMUytguB0XIBWpn86ZMHCw/zVKjr3nVfCedlBY0EyHDJpGRhTXFpoko8gncqQZtM/Mv9Lx174ciUM7yuU16WLVr7yMsHfvX0HsZYth1nsq6Btz0FQq7AR05Z6H1CQePUojJWXIrGrPtQTxdfzPJQaKK3TLUs0Y6FQ2SFNqkgVomrjs9OO8XSfBRbnh8kHccujc920EY3VRYy0dBlbS0fIdkAYqL1Thw5C3Hg9xZE3x3PYrh2eXNKK7tYypMuICBgd10bEyCCIP+wAy4MT6tzyiR0SggTAZh6dU29wBGOZPJInLSMYT3BRnTjWH2uxXUnN60KfPcLlYNHxmJ1NhBdW5sBcwQ/1uIfs/nl0QI+8karAuaqRSvSFvjdk7fdgxmcpw5LPFoOx08BM0TLAO66/MuWjSz287CCR2nNF5K4mMSLykXEYLriB8VTaVigjcYQOYUWcSY8XdDR366ukeM172AQPEs1F2QGB0+7kwQIJEk87CqWJuwUHaJV8kCPJnLCR6axrF5ZgDhd9eo+5VcsRp7LFW4aPNctH7Ha81UjKyRBIZ7309bo8CBAUQgZmOnoLNjqP1mNP9EAeaTPhf+8FznKa0I0kDXvuJc5PCUmo4LYu0haRkmolzu4nSXKtgQ5uOGq+OLTV24ZOfTS4SOu5fpRcOmygVvO7cebNZPQtz0YRvwQjmrnAR5YiWiyICKmARxuTrF8AUmt35ID6KQmtw0dHgQFACRoXDcPMTHiPLdguEZbYItgOYSOLiyCuX7ygR+wxmQFH+23hCTGGiFzZLZZVOqqVZXPXrzpH55907J8M29eeObSW67Y6kMwyxmGjViEg/ANNUVsHCBGCvXbxU7ZB68Ebw58GjmWFZHS6HvWckTzAENqgg+TgV1CNJsUTMQ3GyxmxjiBhipOK/X4/mB8srGst3rTes/TTkcDE8xdKFkQNQDgMmE00kC9XPwDKMO4hVVY6NRaUA8jOZGFiJXnYMLILkrQV5IrfP2CsLor8ivuQAaT/YkP7o7v/gKE0WDVpZ4LOXPx2aG2uZJ+xSotpR7bk+w98O5pS2of2baY8O6Jupn4LFBBM4SVH4DDFIIsPOwuQYoChguGokfiMnMUGGbhWBnHCPJMTJJbsmPmT7RVKxQtXlpVZaV6ARFnluCboHEt5TeU0VGCKLowqBdoaAy69EAhugBA7FL+pwlLiDabFgpiWhZOsK6XZiTIsbrGMspVhJ+PlN9WBpgcb6p6S2EknquWFGXYAFJMIqFMlBpoItEwzFzPhMfkrUEm2SeIscTRpjoxl7uuMVhWQ0WhgugkRYBemgEwEB2q6eftTIWWmte8gwro6gc3qgZTsEUGsKU7Hrq6MoPLUDE2qWDKkn7V5wiGsAs9106U5XS58T8f2T3WitxSMQ+bo1X3livOm1PquX0zz734Rj1MZsJmlkUDJf+8lafdsGXD6pqJG3ZyN87C1DLu3rHrnSlEUXXjzmq3/blPXPHOial7H96ROr2WU46CcNPaFbdsXYm/acdBxfFF1USPsUTBeDJWf3H3ky3T9z07q08u99QXb70us0zDKMPfN6eiHbte27n3QDPMm4ERpK7vuiODpXNXLL7uvLVnLXaRoigtWiahQ/meGcW56RjtXMXk+JF66Nl3nt79+tHpejtVURTZaXTWspHL1q+58cp1JU/d9+jenfv2uuVqGKleK/3qzVesHCojnu/86OG3ZpLUq+Vpuqxq/dlnL+2xLDTl8V37f7HzQGCWyFayYP5ffv5jy/rVniPJvQ899uqBo8dn6qZpFWxrw6plH7v6su2beqq2GE0W53ZXc18ZP/H2fJo4hSyOVg6Ui7Pqvh27Dh85WXX7W2TOvUPknMdnZg69dujxNw79yac/esmAMluqVPJQ3h1vTe2fV5avjMbkef35jWjlwMAbE8G7cTsiswxnD87ObN+6sp+kyPFE/kQEEmRco2XDyh2vnXhw71hYqPm24cyMf/XKTVhPYtgY2bd/9srjrx0IMsswS/CoWO1JnNJUo3FyvPHqoeP3PP3KRy8570s3rOsxROngeJ4EyMdz3Gaq2pZ6bF/wt/c+9PaJelKs2qUl7bDjVBzX9n49PvPk4V0/fP7g179647MT5i9fniz2poll1tL6Zz9WQGHbhnr6reMvz4aJ3zLDfFUp+1ouS8Cr/cfqD7x4MCwscm0jac9tmlD3PHf4Rz/9hVXqSYyiWe5Ns7yexNMH60/t/uGt12y74wsXQrHnGFJRJsoMbSeDDLOMYhzNwx88uGu62eoZHFbNrOT6M3lMveT2DBI+jjZm7rzr5wOfu2Vj/ylP17M4MjLbLxpGEldTTKFmqW3btu9/8XBYrPpW9eDJd3a+PX3NGoKkhL2ukxMfr9TJVP38mVfiyhKr2tdqTK8YGrn48q3EpfFY/YcfPPb8eMPuGw07UdHzSnmUpkmD3KZaNvJyGvc1lbrryT37Dxz+b1+7bin+IUl8RCRRPk8s45F90bd+dD+GkveO5G6xlcalsttpN8M49HoG8P7vNpv/5tsP91Z7SyMbUtOI8zim5vctnACn0ztoZmFolBzbNCtEFSEWyzGLtaTQF5cGW2FQ6av91V33z9dn7b5lcQ7xkWPaqWFnZpHsBQv/yaPPFzz7G7dtYa7piDsSL4coDMOJUqth2Cc7nbLvZnMnquF0rXOi0jxWDufSsBVmqdvTM5tmv3hqJ74PZ68demLkQZa1DCskt8ZScLLbzx2tWFzHkXJSv2/H83tRXjIGKRY5cc9gptTO/eGByY7hVUmK7Sg4/5wNtZIEjH/9vSefHO+4AyPNZlAtVhqT0+HsXDA53hfNqpn3ZuvTbcNKnEpWHn7pePTlO+/DPxqS4VJQoHfmWyfiO3/8D8fsvjotGd/rdFDMljF9tNY+2RtOWnPvJbNHSy6NmPTE3GwnzTthmsWpEcdmlhIn0AAiRBJ0HKJtFEgdDLFd15xneU6Ism23YLqlk/WO5ZaSoO2E871Zw20etzqzvmUEACz2OYPL7vv1c3veS/GQtmgApux6aQe3IxVxqrKyZ9ba8zddtuWSM/txp68cmX7guZfeC/PYcOaazb5qz8HpqYlYlQwSeJVGYU4TRtlJEtmWB+s5V9bU5tOHH3z9oFkdcAs9r7137PVj6sIl0oeikCF+I1Xczv2/2RWVe+C41a4POPE1F48iv+/97OU3ZzvO0Giz1SzaeTJ5+KLVI+dvPHPF0iIh7sDYxKOvvf3aoQmjsjSz3bg8+M78+N/89Kk//YPL7CR1bRfb//59O07ioXtrbh6mUauaNobLznXbLzpz5Uil5swHau87R+575MmpyDX9/jjTPg1vZTk6nRJfH+OFMlWw/dzOw7hD8IdPHKT2URTi/LDI6amZ3mLBjOa3nr70tlu2r1yipmfVXb94fseuNyt9yxrNNslgFOWvHzy0ftlqktoCAR5HjPL7mfJda649WzXbd3z8hq2LBDT6vmJt/6rhj/zJ3z6irB7fq+SqfWDy6ESgVldUo618x3dNZjsZGKdSMBBtieDXbV37m317AhGfN2k4D+3ed871661UFdENS/zGy+/O7h4/1qkMeypxWtOXnL1kRVHtnsx/vW+fXR6d7zS8PPajmdt/b/OnLh1FeMwD+GVLh2+9YPgnT7371z9/1upbHhiOU+x/cOe+Ky7cvG2ZxM9HD6sn3627lf5GMGNaRlqf+PRFZ/7bT14gThyT0jX3NctGb9j8uX/xrbsn4iAxwd4i+wJPmgN4CUFQkncz474bZHVCLkHX8cjscGJYZ61WtTtTV29ee+ftWyBZUrWSOucrF37tL1uP7Bkr9Q5RiwQN692jx0O1WjIhKVcs3LWdZEkadip5cv3WTZsWSQ5UU0FZReVMnVVV55y+Oup08swMwMsvB6lOB4t4h4gGEyxwHIemjOSPOn3eNGRsGOqNGvOp6UZuedfbh4/FKndxIEjEwNh/+dzuDN9LnDayohXfeOlm5j6z+43J2I5UZqnASerXXngWXCZr7FGqmuZlnFWSDSn1+ctW3nzpZhXWkVnkFmeM0hO79+NbYdNv9k9Mph792aJDHGicv24ZXCZvKwSK8o6LPiJnOz2zqu744q1Wa8pDTbIUAizHwchBXrs3K6NqN216kAW/gAlCIB4gzTLbcUlLeYXHWORn37x9i8ZNFeOkqvG88ZKNNnmGMhud1PTKU3MkijhnYTUhJAYERViWxoOmdfn6YVQS0GZm28quGOJ2B8qekYXI0zQ9K7JpDTEfxaSMN3BjibSe40xyrRaLGJJTX3v2WTaASSGd8lQzfWr3BBEM1pB3vzKldh2espRXMezW3OyGdWesHaBBol5587gqjURZ6lmdAa/96WvXFLAz+i1pLhVpnuI+MDLO225c30OlZcS01LPa4l1vv6cZpN46dMgoEI7oyMSFYOYPb7pKAkmcl5xcHGOAoqqKb3mJumK5unzNcNKcs8khHNxF28UD6qCX5E5qm5GROo4Xh4mEMW2mUt1kVGyO6fpBc+6WSzeSzvtUy/hxi8xCkp/TTxtw3UKbrrzbEwnnMAqZLq0s/Kb0gCzy17jq5L22UCIHfSpKbywOEA5Jc0SDhsVMaelKRSdCAlBO+iLVIkLjIe4DdScfumDN8PKBatZp2KYdW/6O3W+Qk8xnonf3PPHCTF5wC2UriXqt/KbLN4LK7ExSb8WJ4TqeH7Ua60eHlxiqzAvWMI0kwcrzLOqgBJRwQ45av3xxUJ+2bZsU8GQ9mKZ2An6jSaJumU4WRssHetYuESILjvgAlaYO2kKmlUodAVM2rhk10yhN2GeQx1ae6dqKKeQGcgoTREByAIBTfrjPMs/Kq26OFNkDkUE6kYdfRTvzbFQehuo/rRbS6hQoYhrkJB1DtVwnQgocLMLiyCFhXwVGF9H4wMlD4pM8p+uvrQnVYW2pdqXSW+C+2F2uhirqnOX9hXAK/bfL1ddPNp4Zkzpi37Hg5XcmsurAfBJ35qe3jPRtGRDeJWknjucdV0VhYht+b6EHAWv+aDSkE5fLvkIasdnB+F43L+VxUW9EkPE0O5oDUewQ4qUAN6quj10jmBSfCtK21VZpSLfYydu0nnFH/b1xEBQdF2xRFzOX9gvj3axjyS6P1iUkoCnVXDdw53Ye2VloG3mhVMGmpYGB5gmjpSHk22bBSoHgpm2isZPHCA8tFEqky4JXpG+IFAUj0WgtPUE90c1fF2wyZA6jdP4jspFDenKsQKDJMke3AOCHg+HSLsF7bF03aHfyuNPJVODV7v/NPtrqv9q9fy7DNl3cddFMP3H5Frwb0sUsaNlkVA+WlyWmqzBl6dQR9CHSEJ9hEPW5ogRAzC5dH2ww6FBIsvXDILD1HA/3ZhhWnORhlBMewdPGrMkcYLVomXRRbNvkVb0TOY6bAVMrXJcmFhUrllYJDR/p+QBBP4RfQq68BT+Vue5Cvio5ABAEAdMUZLByst4YE+ERWNHlEa9kpq6Vlcy8YqRFK/OFPB7SrNILdH9so6SoBHSHgK09stZu3COzAx59URhEQwB1oI2AAG1HIJ/Tr9YtRu1C0qfcK+0/MXffW+qZQ1OJW4zDyM+ydSOLz1/lwWhXZX2lcsHx6R2LyhnexMRxIETkaySFejMK2Kny0szGy4P9san5TLIdobHsO/1lGTYwMEioYLhX7DlyojExLYwOw6Z0NmSvKPVgeCotdUT18hvvuA4qCMU5IZoxWochkoLbT4xCbLgZEqYTLe13SEN9pVODSDAM10hhkTAQbMQB6B6eJFoW/oEQShZGt4KFRAM5U3G8DtzKTZvGY1d6kKINCpBdX8Vy2JZQJVD1RJkrvMdMTdIJxoti8l6IJwPJMPCrtmyw4qBU8NM0jUz3p0+8OIaNk/EbqRvUr96yAW/uYH9JOlBQI339ZtDJ4phSc9/YyVfGFeUqB4jKWlx5LpqITe0eV68fPm56Rde1405jUX+1p6w8Q50+Mpi1ZvI0IqefTewHn93P+Mwro7Q4OZSdfVA4QsK+f069PT5jOIUwJpnWdilLdcmDj7gBCVw6xUOjIRQc4LJwRXIlrEZ0XcZLhOvqo16FKdLNEcMyxUeIJMTm8YBIKkssUoeYRhiMFkYBULMMP8BdxrYzw8lEDDuBraysh+knJoWVaSEnyTpAT8KN7GtEKMK2dctWLO5LG7N2GsZJMlYPQr+Kg/CS5oah8tUbK2gEm+sIiIvLNp7ltuslJ6NtMV1Z/P3HXh2nX4LtADZLwjxvgpSt8D/fu/dXHb8vNtHR0Epa5529VnAmAp8xOOI1zajRpIU0sOSnT+z62e5j83RiukRBv2mS3Y+F6i9/9MSh2SDGo7pFqdUkTAq/hGV55mRioKwKD+AxjhDFxC4zcgYGgw+/pMULTBB+Y+/aEwBBhwgRAyzHKQvXhInCGmCz4Yan135DM1rLVquSrC0uDkFJpStrCGQ9YOGH6rJIaY2uyUENJw6RrCXDLVyy/vS8fmKgin4rr1TFe2KueXP68o0ryWoBblt+Vz2u3NwzwqjOrO0a5J87Dx/9rz9+/s2OmlJqzrTnDWPeULvn1Ne/+8s9R2dUEYHFTtwcrZjXblsKPoC6YNTdvHLAihqea9fpgNQW/5f/8cB/vmfnnin1Xq4mDeNAoB7YE/3xnQ/sPnKsMLAYzUL+aJUOZeKLgbPAciFZNId/eC9RLBygdtdoXFdhZbCmOE8pEzQjdcSSJgPBFbVgBATSUWJ+mouCejhaes20GbWRBpIkCdQ0SR1iR5S5yg5Sw7XYC8ZyhCrWSJPQtQo8SUiZE5EeB7ZvykYz+ZiNOV+7eemjTyVTQTPPC1aUeAgtaI0MVq66gGJQ6Z6eEMpckrbbrr/oP93zsF8pJuyUlrxHDhzb+ec/P/v00eFFfa5vHxw79so7J2Y7uVUbIu6XrTSbmfijW69dZUvpz8Hv7X9w88vf+l8zQdPxy5HthOWVP35+4p4X/m7JQKWE/Jrh2HRIq9LpG+jEfMHBupKbUUQQfBeIcrx2lkEUZuRAqhzdhEq8M/0OBlKgdZ2qTo1En2UXhdAkkhEPTWmDOQR0YGF0QJ7OSzLoJKFPVrNtz3N4Iz0j8WmyMCKW5eXI6abgE+J2hxSLA6o8Urqw3d2honLlIY1mepXkKnyIQgbAo1FfbTtr1d/vmbAqFYf2QdDI8M7bL6RUw48TSpklm1Q6t73x3MV7xs568KU3in4lNUpmz+KTnejRNyeMvYex4NRwYrfXrZZt7K85pVoTH9t29u9fsByBIXY0A5TO6lN3fOH3v/ndv5tPeo3yYGIW7UotdeL99dk07hQKRdXXC/vmZo5WyjWCk3TTooivUNDfJDfFUeR5sUD9GHlkecQMmkya20I+nEEuWdrpdBwUkGVFu2ESRYt4Trwg2VfJd9qNuapt9vb2oMpmQXnk7ZIYGqFPqm1mjSASuuWQYMxUoDHf9D06w/DbM8yq55copXRH0c6zkp2XC7SXYgIIU9BNvTmEH3fE9ep6advGM6UcYEslCh0jHak42zctI3KasjUiiKIQMJ20Ds/x7z563hcu21JutVUzTALywKJX7vFqg05tuFhbUvOKdrsdz84Ww+Znrtj8jU9uq2iRk2GzFglsn8puOcP/m3/1iTWFljl9pAp1UZh2Agqk3p7FlrKjuel4auzzN1y+dfVQ2pxxqIAt6CAK8cWSGFbUbllse+ZJwchd05CdT1SBIBwn7FV6lknnlmGuI/pLf5X9u4CCX9cWwvuoXTQSdMpM2q3mHHMpa+kwKbcxZTdTp1C2282Sy86DYAwgyVrEAyEtQ9UnvcZJBJwHgRM0zHbkK5eSvhbVrRNTdrnXaswVSj0kWxCMC+/mCawhrgmvyycJFt4wxgnlzebVF6wfZStd4rXkmtgO6ScLiVNiwUz90ZXrVo2e8fePv7Dn0Dh7SxaccN12J6KdUraNQtBev3rlrddde/lKBZcNCmubbo30IvBrYafuOaVLV1e/983b7n7kzRdfPnxitjUXNWzfYzdiUbU8PNp/80e3n79K/ccfvF0ruPNBQBWOweOaQAJdqeXtatCKo1azMVcZqWC+luz6k6m1qvF0Z0q0oxTNZI1pW0m5wxSJWgRaaAiV25lJZuo+ChE1jBDQEuiNAVd9+dpL5zB1kt8oXFbwqjDGklqHaQI+z/oM64b1o6NV9uy8nA92os7aQT44yGsq/8JlGz9tF9E84t6Ao3qFfRKfC/RbqQ8tl1KlaalHX9hD/wGv43q+b6XXbT2D/o4rUsQCJBcSB2WQvUh5UtWbJtevNrevvvCFA+Grbx0YO3ZirtEsLqr0VQpDFe/Cc87cMFpEkRAVSoW3BI6oBVymK1KoEWgQ2ApL/en165pXrxs7ls4n7enpmdP6lwz2u5UeVlPkIc3JyYAGZLXW6rR7+iu9RTQs71XGV265vBkVcstNs7DqpIuonTQnrjl3Vb9vWcUaqXDWmTt/9SIPdxwHtCB8tIMuoOEtqalvfvGTQGUnlwJyuCy1vpFEOD35PAenDLKcpK0QjtsUtGGEMK1F9hpaDmM4GAMNnPTF0T3CI0GTURzQbLLTQSJEYkSfhiRUmXXDeHpSfeO7P+mUBg2vFM3O3Lz1jDuuW92vUlvKUREq+hAlqc1GD8qr7RT9YlsHZ4UX6ogMxFMxFmvjhOwu5agEBoHKYMA0HWLTfHe21aRrVijQN2h1OkMDhT4+cujum+i5yJIu0Sz73K9Of/uH93SKo4Hyotb8Teev+uvPnF1OOw4dJ1RE3K4czMWnEdzoG3ELWP6DDHwgHlArCl7dX8ma7dSk+7hgx8zlZBoKLR/H2MRRSWDwxVmYGXglSGKEAIMIug8U5/qONp2tqxpcPlzAoRXY4su4I5EmpzMdiwn8ByDiXVCcnz31Wt3tM3BNadxvZzdevBqR2IKtNCWkdcWKuk+iVRMPQNJFOZ7FWV4w2PiWCKPJFAJAlcWpxGXnE79vSoXEXmFGrWl637n/2cf2HHK8WoAFOc5Qxf/Kx6+9aI3UyiyFQiBcdPnhvY3/fs+j7eJwbPrMt+LOljUrINm1CInyaR7BWbAjC8aFg59OSBjA5xgxG/RYES0JcSH4C1RKnLUsobWEPqT4Q/19DNB4TnCS7A2/Sc4bSGWAizvFZaZpVwssJjIBYGQRkEnQAz6YMEBUW+5F+8GDU4pZ2q90FLVgD55Mnn/zXbP3tASnMzd17Vkrz6iIVjJb0AFLEIGPbHfKd0SA0d1b3VJA5JDFvolgwjBZVHbRxQS04SFrnoAFGRE5ACtu/8hHHn7jf3fMSugX+FJtcmbuz75/99nLB04b6l08UGNv6vjM/N6jk29N1DtOX2aV8zgpZsHKxaUrNlXACtFxgAN1Of90mbxAqZCcEkVyeAS7BB3J/IRdXAvemiHoCv5H+CJsgxn0aGkKopO6zQdM7YhEid8/tJPmTvJpuCxQwYQ7RncNfGG0PNIiFwFLAqEzTdaW/apnX2tiFLCh2S5m0ccv2ciWAl8d6BkaqhAkwGVvlbJVL6TNXRbRnwFrddZrgQn/mcEBryNFtwEzCz0SWP0t86Yl6p//3hXfufshb2hlhNMv9M6p0pNjc9ahgyoJ6GZHmRnZJbe6gl0K+F7mY436sS/f/oeDjohfGkbSWJciRePVRUzjxI9wVhyIxmXhV9ghE/XRZQvDmCyZLWMM1xAzf/84xdX3H/z2Au7pSfKku8TvXmn2/na4vmIpGHFgKt/1+r6+/tFWMF/Lw/PWLF+3SL4At7oGIGLRbBMNEO+kD3moXwiiC8cHluWye8d4qTbklwpMnAq70IOW+c8uH46iq+566Gm+Eij3LurEuVPpT+Mi5FMJs2vl2F4Uxi6t6Prxipd86TM3XLzW7UeLpTqghnPo6Wi/Jov/duXfReX9592L928/MEqedZ9/kNELA/6f/KNk6hrgjsceCttTpk2XOzPazRtu/izBlgIMlyHWJp0brQN4BnggyvohDkZjt1Ltk3xJ8c9HVxH+Ysgp3H718k2rhr5/z0NvThzwSj3T86FVKKYWhUlCfYIH68F+w/p5a5Z++VM3bhgypH0IhLgtAUnaloKJKOWHQOcfG7rAjn9syD/1HYzuGMYz74zP5F5kV0gXq1ly4Sq/lCrip+R+p6xLdwSgSLuPD0mZxBzNkyxq8YGSMEY8thcZDu1V0qSX31M73zg4Nts4cnK6Q//UcPiSYnSwtqTiXrRh1TkjiEj5aeZTY4nX7fKWyttkV1w2VBc8wj+VC6fm/f9ldGzIZ3PdpJAVqSyIVtLMl9KR7yjxLZJG4lzhELkPY2DUh2O1MIeAwzQgCEBAcSbw1DKBTnjEHWiPIF/G4F8o1nE35LaSIMqXqWSnCzzucjpnB1aMiwZ7Yknv4sNhdIq3v/P//wBkfQfkCmVuZHN0cmVhbQplbmRvYmoKMTAgMCBvYmoKPDwvQml0c1BlckNvbXBvbmVudCA4L0NvbG9yU3BhY2UvRGV2aWNlUkdCL0ZpbHRlci9EQ1REZWNvZGUvSGVpZ2h0IDIwMC9MZW5ndGggNTcwOC9TdWJ0eXBlL0ltYWdlL1R5cGUvWE9iamVjdC9XaWR0aCAxNjA+PnN0cmVhbQr/2P/gABBKRklGAAECAAABAAEAAP/bAEMACAYGBwYFCAcHBwkJCAoMFA0MCwsMGRITDxQdGh8eHRocHCAkLicgIiwjHBwoNyksMDE0NDQfJzk9ODI8LjM0Mv/bAEMBCQkJDAsMGA0NGDIhHCEyMjIyMjIyMjIyMjIyMjIyMjIyMjIyMjIyMjIyMjIyMjIyMjIyMjIyMjIyMjIyMjIyMv/AABEIAMgAoAMBIgACEQEDEQH/xAAfAAABBQEBAQEBAQAAAAAAAAAAAQIDBAUGBwgJCgv/xAC1EAACAQMDAgQDBQUEBAAAAX0BAgMABBEFEiExQQYTUWEHInEUMoGRoQgjQrHBFVLR8CQzYnKCCQoWFxgZGiUmJygpKjQ1Njc4OTpDREVGR0hJSlNUVVZXWFlaY2RlZmdoaWpzdHV2d3h5eoOEhYaHiImKkpOUlZaXmJmaoqOkpaanqKmqsrO0tba3uLm6wsPExcbHyMnK0tPU1dbX2Nna4eLj5OXm5+jp6vHy8/T19vf4+fr/xAAfAQADAQEBAQEBAQEBAAAAAAAAAQIDBAUGBwgJCgv/xAC1EQACAQIEBAMEBwUEBAABAncAAQIDEQQFITEGEkFRB2FxEyIygQgUQpGhscEJIzNS8BVictEKFiQ04SXxFxgZGiYnKCkqNTY3ODk6Q0RFRkdISUpTVFVWV1hZWmNkZWZnaGlqc3R1dnd4eXqCg4SFhoeIiYqSk5SVlpeYmZqio6Slpqeoqaqys7S1tre4ubrCw8TFxsfIycrS09TV1tfY2dri4+Tl5ufo6ery8/T19vf4+fr/2gAMAwEAAhEDEQA/AObApQKXFOrIkMUYpQOaXvikMTHpTgp704D8KcBQA0D0p+2nKuPrUgTgUARhKcE5qULzTlTJosBEE9akWPFSbCPen7e1FhkYTNKE5xUgGTTxHzmnYRCEFPCc9Kk2c08J7UWAhEdNUOYwR171bEXeiKLCD2yKpICJACoIoZc8d6srDgkj8RSmPn8KLCOXwaeopcZNSKvNADAlKE9qnC4GcUFCaVhkaoCaeEqRU9KlEfFFgIlQU8LUioPzp4SiwDFWpBH+VPCDFOC47/hTsAzZTjHx0qVU3deKlEfpQgIEi4qTy8kVMseDmpBFzkCqsBXEODUgjwRVgRZ5p/2ck9KLCIBFz0pywELirMcR6HqKnEGO1FgKAtycfORjrS+RnPBDds1oLBuyGHHalMI3nHXvTsI4VUBNSKlOEe3p0p6qSelSMRUyKds7VLtwKApzQA1Y+1ShBinqvFSKtAEYj9KcI+KpvqBeeRYJIhBA4jmmbkbuPkUZ+8M8k8Dpg844vxB49kjla00qXzIwu1rhhg7uc7cY6cAH2PXg0WGdhqWvaXpMbNd3G1hkKgUkuR1C9jzwecA8EiuWm+JsCTMINKeSMH5WecKSPcbTj864C9vp7+4Nxcyb5CAM4AAAGAABwBgDgVXB59KdgPTbT4mQyTASaVMI+rFJgxUfQgD9RXTaT4s0fVdqxyvDKTjyp02t7c9OfrXh5YEADrnt3qVSV27JCJQ2MelOyCx9GogIBA61MI/avHPDnjm60F1iuppb21ZeUJz5R/2Sfp0zjn8vWtC1/T9et/Ns5VYZwQDyOvUdQeCeRyBxmiwi9HDmpliHerCxbTmpBH3PFAFYQjcDjmpvJyelTbBkU8DFAiERjpjim7cZ/rVgioiuCaoRwYX2pQmDU6KOlSLGByaixREqgjpT1iHNSbMDipUQnrQBEqYokZUtnlMiRgLkPIQFHoSTVgRgHrxXnHjzxDcWl8llblVHlZO4BiM5BypyBkfjg9skEA5LWNdk1CCG1iQQwRgF1XrJJtAZ2PcnH+cmsWlJLEk8k9acqE0XKSGgetFSCImnC3Y9qXMiuVkSjJpTyemPYVZSzY+1Trpztjac5o50PkkZ49CSKvWU8tsRcWszw3MTBkdCVP5jv/8AXqK7sprZwWXAPektNq3C71LK3BGcVSZLVtz37wB4q/4SnTHW4Y/brcjzhtABBJwRjr054GK7DbjivCPA+q22geKILgPsSbMF0rYOxCR827GODgnHUCvfcAD1ptEMi9KDnNScYpRgCgBgHFMI5NTEcYA5qPBB5oEcSi+wqVVpwTipVAIqRjQg4qVARxilA9KeF54pgUtWuBp+kXd4VDCCJn2k43YGcfjXz3eXc1/dy3Vw5eWVizEnPNe++KLGTUPDOo20W7zGhYoF6sV5A/HGPxr59IAOKBokjTcKspHk4AqOFTsz2qdWAXFYSep000rEiQgdQCamSLoagDSE9sVdhHAJ6nmoZvFJhFBuODnitnTrAvKoAyCwHXpWeX/u+tb+kTbAOAWJFC31LSOwHgCPVLIxLiRiM8dvpXnXiXwsNCdo2Rg2cYY8euf0r1fQNcEcscbZVDwSOcVV+KFhBfWFpdfKXBO1gfpwfzrpVrXRjUg2eNWtr5reZvCPGV4PBYEkE59jivpHQL86roFlekbWliBcDPyt0Yc+hBr5slZothizt5JOehPavcfhdqX27woLZh89pK0eSeWU/Nn82YfhVHGzsiCAMUoGTUhptBIvHpUTAhuKeaY5piOTCGpVTvQvWpVGakYzZjmpFHNPxkYNAGO1ACSFUheRsjaCcjrXzVfQJbahPDE4kjjkZUcHO5c8H8q+kb+1e80+e3SRo2kQgMpwQfr2r561jSZtF1hrOYqXRh09+eR+NA0Q4KAL6CnooIyxAA9TUU3UsT1Oark5GSSKy5bm/NY2oEifpKmfc1bEPvx7Vz0LkEdcetbVrOWjC9aiSsbQlzFoIq5LNgfWtOwvrVBsMoBXnnvVb+zHktfOY7UI71zt00e5ljLFR1bNKNmXNygek2Wp2ogUfa1EpJGD684wR7Y/Wuh1KY3/AIbjhnRl2rjnoe2Qf89q8ZsI5ZTuSZUUHG+QlVB9Nx4H412uiaje+U9lKXyOCvr/AIitG0lYUJuTOYnjazvnjdQQrcg9CP8ACvUvhu+qFTEtrZwWKqGkkTl5Tzjv/Mdj17ef+JYgdSRUQl2QbgByeSBXsfgbQ4tL0KGRWYyToGkDY4Pp+HStIO8Vc5KqtJpHSgU9F+XnmjoT9KRSQeasxYjDHSonIweDmpetMYDnjNAHMgc5qVRTACcCpgtIY7HGcUBeRTkxginBc0gAV89eJlLeL9VBySt7N19AxxX0Njb1FeJ+P7VrfxzcOfu3ESyAD02bf5rSlsXDc5JwJRgjpTypmiSNgF8sEKy9cH1qQRjPA4p+zjiseax08l0VNjKgiAGAc5HXNWbXKuozzSshWPOMCnWiE3CYGRnmk3cuELSPSrbRJtS8KQeVzjduA69ua4G80y505prSSIlJD94r+WK9c8NTHT9GiluUZLdz+7codp7HB71leJ7iB58wojJ1K9etCSSujoqU+Y4jwu39nSzrJGhSddsjspLBf9nsD7kH6V1WmwWKXyGxtWhiBUKgYt0GO/c+3rWTDBG77oxgZ4HpXY+E5YrK+3vAruBhdw4BpppvUhQcdjJ8RaTE17LcvKbd1t5GXAzuZRkL7Z559q7r4dyNJ4C0tmznY459BIwH6YrjfGuZrkx7tgYPIxxnYirzwPY16HoEUdpoFhbxDCpboMe+BmtIas58TZK3U1QM0jdaA1NZsDpWpxB0780h6ZpjSAUgb3p6CMNVzQOmDmlQ0c4qRksY+Tnr7VIowKYnTnipOKBiHBHSvMfiVoN7NqlnqdtDLLCE2TMi7ggBJycdBgnnp+leoY45qvfWn23T7m0LbRPE8WfTcCP60NDTsfOpwrbT2NPVhj2psrfv2yD16EVHI2BxXM1qdsZaEsrIcA5O3nA7mrFnLtYEYXPHB/nWaC57YzVuzXJIJ5x370rFxlrodpa+KNSsk+y2du0tsRiVd2VbPX5cfrVvU5hqPlPFbLbsqcqucdenJNc5oM7iR43cRoem84Ga6OUSWyq0gGCM5B4NEY6HRz3WoyztOOB79P0rYtRJbTBQxwOR6fj+VTaV5Utv5qAAhhkVLcIzy7UPBP6VEr3saRta5EdKu9c1mGdFcxwH95hhtZWBBBBOegz+FehRxLDEsaDCoAoFZHhxfLspTswDLhT6gAf1zWtu7ZrqpxtE8rEz5qjRMDnikkbCHBqEPg5z0ps8w29a0OYryy4PWpYpCUyax7q7CSdaqvriwxldwFIZfGQacTg1EWxS7jjrQBKJMDgVKDk5qAHAzmnrJkUgJw3FL/D0qNW4pwYEdaAPEfHOkHSfFFzhT5NyTPEfZjyOOmDkY9Metc1KDgEele2+OdHg1bw1cSyttnso3uInABPC5K/QgfmAecYrxFn4HNZyVnc6KcrqxATLnAP/ANap4YJHwS2BmkGM5qZV44qGzeKNTTLQ3EqLJPtTPzfSugvdGAs/JtNUmcE5I2DH09q5jT4pTOu0Mea7e1hkWJSynkdaV/I6YpSQ3wsbiGNrediTnFdDNOBKFTk5AAHUmsu0X7M5diAe9aWkMtxqBuHAKouUHvnrUpXY5yVOB1dkv2Syihz8yj5ucjJ5P65qYzjHWs17onvVKW7I/irrWh47d3c2Jr1UHBrLvNVCofmxWXd3+1TzXN6jqTsCFPNJyCxe1TXcZCHLVzcuozNJvdyfaoJHLEljk1WlY4NZttjsezh8tjp9adjcDUDbto4JqZTkYGK1JDOFxSqSetG3tQE4wKQD1bHSnhuuTwKq3N1b2Vu89zMkUKDLO7YA/wA9K868WeOFvLGey06cwo5wsgyGlH9FP5kY7EggGZ8QPGr6rO2lWRkis4ZAZD0MxHTP+znkD2BPYDiVcg5FQzmQzt5rZkzljnOTT1qZGsC2jBhwc+1WYnGMEVl8hvSpkeTs3NZuJsps6PS7gJdJ0AUgnNdi+sRJD8zKOODXm9qlxJIAr4J9q63SbGFGWSYmWRecscgVJtGbtoi/9pluGBwyxnoT1b/61aK6oukQpdPC00SuBIiHazKeu09M/Wqk8geTgdOwqp4hkVPDVxu4GUz/AN9rVQ3Cfwu52CXsdzY297bs7WtypeF3TYWAOCCM8EHgjJ9iRgmjc3gGRnmoPBmqLdWwsJLkReH/ACt0/mqpEcnAWRGP3W5weefTJJqHXrNtNvPLiuYru2lBe3uoWykyeo9x0I7e4IJ2mrK6OApXd2zcA81lSZY5NWWBP1qJl4rG4ynIBVOZsA1emXAzis6fvTQHtn8NKuAetV7q/tbCNXurmKENkL5jAbiBkgep9hXJ6r8QrKzl8m0hd5D0llUqnsdv3j6YO361sZq52xPPSsjV/FGnaQBE86SXLbgIUcZGP7x/hGcdefQHBrzDUfEuuau8tu0xmSQELEg2IAexA4IH+1k1R8qRUMJtYQkYHnSuQc9go/lSKsa+oaxfeJLje7+YkYPlpEm1FHdiW/8A1n6DjCLRaheH7dCYBF3Axx2znn+dbEun3NzBHFp9+HvXALxoMYHZAB0+mPT1qfUYbi0ig0G/tlSa5A3ygZ+fOB0/zgZ6GrUdAucHKCLh1PODinqKj6ytgEDPGakFZSNIj8ZpygikHSnD1FZ3NS7ZO6yAgc11lnIyQhnPbNcjaldwzmthbsiPYOKg0i7G/BMXcms/xXdBdEeLIzIygD6HP9KbbXJjG5iMAdK5zXr1r24SMHIB4HvVw3FOfunQQ315ZyfYbSPbp0ybWYjG9D1Bx9eR3H1r0DQtS082reFZ9HF7YOFkgvY+sTno24DI67SScZ4Pyk586t7+bxFax6dDiBYAAZBx+P8A9auj8L6mLMSeFLafZfTSYtpZMFQxyME9AOfQ8Z6nFdcHfRnGzp9S8ATabBaia7jjmnyF3uNrtzjBHTgZI5xyOcZPJalZy6ZeG1uCm/8AhKtkMPUV3XhHU1QXPh/xlepPfIzLDHc/vUcDnaR14IyGGOnX1sr4a1S013/hINIntbaJYS01tPM0yRFvvEjGTH9MdOi0pUk9hcx5VcfcrKl616I2jaa1vLdaoHlluM7U0qdJFDnn5ODk8gkZbAPGTWLN4C1KbSH1ezmtp7HBaNvM2s68Y4I+U4P8RH45FQ6MkPmOOnmluJljvVubi6k/jVtzNjucf409wbF2glSSTcvyxBAcH1J78U99cmfTh58zSqo+XaMMOf73WoINTCRM9hJKkjfea4G8j8f/AK1GgDE+y2xCQXM4vH++3938q0NOGnWrC9ninubO3P8ArG6SyH09fT8z2rMl1UwKY43jlkc/vJQrAn2GQK29N8TPIILJ7U/Zxw6BRjHds5547EfjTja+oM6bwz4bsNTjuPE9vePA1uyhUIPLk4yB14yMYyO3GKiure6XQNWl1/P29w0lnIWJ4yckE9sA4OegI4xXZPonhzxSunaV4aka3KRi7ZAduVVipBxypyCCRjllPPfJ8W6kviGxnhaIK+hMLS5KcYMhCk7enARk9ju7GulJWIZ4pMkRfzIA3lNgfMOjdx/WhRXW3GhDVZJYdG2tb20RkZEG4uygnC9yeDx9faufFljoa4qiszop6oq4pQCOoq59jOOKtw2iuuGHNZGqRQiYCrML+ZKBnpUVzD5LEUtoduWzyaQyzdTlAVBrMgDCc3LRl44+oAzyf8Ov4VZuDhGY1r6Pol3a6d/bL7XtyNwjPP4kf4VrBXZlUdiC6Dpcp/Za7bcnEj/3j3z9a3NTax0+1h1LT2Ml9Eo+YHnjHJx0Ix/nFUba9l123lgjgWFXcqcEA/gfUdaTTFg8P3b217LukPMfHf1A961WhkdLpFvY6ppf9u37v/atuwdYSTucA545ySO3/wBfNdZp/j3SfE1pbx3em20Nxp4JieW5+zNj1RxgDI/h5BxgjBBrysnURdzGFzDbSKxjAbaAw52598f5xVPwxbzS65JDJN5I2tuPXof/AK9aqWxLR7Pd+ILG3hkvdMvNMs4HI8yfTXjadj38yHBVsknPB+vpmQXCeICuowSS3tlZuv2zUriMI+emVi3EZ9M4x0AxXlRia1vLyF74mBCfujBYA4rslK2HwvtP7CvXs7q5uCblC5DOuMZ4PTII9Oe3NNTbYrHMWd7C2iSQWlorSBWC/Lye446nrUWkjULi3lUQKp3d1x1+poorIo5y4SUSlZgFcener+lW105aSOZVUDHJ9f8A9VFFSxnovg3U7zTPC1zqOmxtNrVvOkSnbkeTIzY79mLg/wC+nYVf8aT6ZawW2j2Tq+oajEJrryxjY3RQD2bAx24XP8VFFdCb5EzN/EcdZW9x4c1CztoGEgnnDSsOm0ev9PXFQ6vYJpmtXljG26GKU+Sc5JjPKE+5UqfaiisKq902pP3iGNR04qZlEa5FFFcp0mZdrvbNQouKKKBEUwaeVIUI3OwUZOOtdHdDUbZ7XS7BvOtgcuO34jsBz0oorekYVTQ8WGzNjajSWaK6VcOoOGHI5OO5PORWC0cE8YOpMf7QjXfsYcuB1+p9v8gorSe5mti/ZXE+s24Rx5cURHlvn75AypB9Rjn/ACKxre1S31mVLm5CsQRww+veiiqtaNxJ3ZqaPp621zf3sED3KRKwEm0lQxGQOB16Vf8AFlzpOqnTo8PZ3AixJEDwGJx3HXiiimtIh1P/2QplbmRzdHJlYW0KZW5kb2JqCjExIDAgb2JqCjw8L0JpdHNQZXJDb21wb25lbnQgOC9Db2xvclNwYWNlWy9JQ0NCYXNlZCAxMyAwIFJdL0RlY29kZVBhcm1zPDwvQml0c1BlckNvbXBvbmVudCA4L0NvbG9ycyAzL0NvbHVtbnMgMTIwL1ByZWRpY3RvciAxNT4+L0ZpbHRlci9GbGF0ZURlY29kZS9IZWlnaHQgMzcvTGVuZ3RoIDg1MjkvU3VidHlwZS9JbWFnZS9UeXBlL1hPYmplY3QvV2lkdGggMTIwPj5zdHJlYW0KaAW1mgmQXdV5oM/d79t7lVqtRq0NISGEQEICxC4WQwADtuNgD14SD/ZM2Rl7MpUpe4JralY8TlKVuMax4yqPpxhPjAnGhmDACLMbBAIBQgKEBJJodWvp9fXb7n7n+89rYVw1lSpSM7duv77LOf/59+1co5PntlJ2qlSulKUyQ2X6kjtOQz+zujcmr4wkTW3LThPlMDhVqaFiS7UXZqs+RqZxaDPRtAGQJ4Zh5MrIlGkow1TcmIq1OMwUYMpweMscHjAgV1auVwUqp54Iao5GQ5kyLZMVlGkxPs00ziY4y4tTCOt1DXnFoaHpmbFSkSySFvgFZw5H5jACslRmGiDEEhY3SZaaZlNjCu2+BiaLxLlnMzSGDjn1WGB0mQcgoNr841SxMvNMWRAui/J84b9c8747W66YzwFeQp48lpM/y2LpXLDhMFViqvFU7Xrr2KHxqVVLhq7ZMFi2HQ0zDcPQ9zzAMtQURus5sohM1QcDBTy/+pnAlwMGyxU/nN1X+rn+gWpTo7rw/hQ8HmqZnRoJhA+shQhhrHDMRDyazacGduEkaZLkuW+7Ee9tM1Dq3mfeGj85fcbyZeeuPW1JSUGJrQEoo0u9XiA3RIP0UnBMsO4eIrLffZDmwgitx90XIlwZDEIyVHQtUzbCEb1GUkaKvpqZmSdZ5prHlPr39+769b4jdrFodepXnr7065+6dEgpF7GbaKvMluW7zEHGHKaGL9fCyQ9wQ14uHDkKiDaABBotbIc3moyu9nApFsFcYGlwQBNIWkZcM1FmyQheaPL0YPCAh1asXN5CVdc85L8+8jSLLHNGqT/+c/g8ljmlLIyv2XTGnV+6aqmrVJI4IG+aXYNeYG8OSgBAJaDXFCRkXRDhxcItsIVoXvC6i9KpS33HMyCgwAtvZSTm331kOGai1FOvvv343netZWfOVwbV8Mon3x57fO+UCEdzFmayvkxaAAFneRTlBmJgYQMhiJz/L4deSllMgMUytguB0XIBWpn86ZMHCw/zVKjr3nVfCedlBY0EyHDJpGRhTXFpoko8gncqQZtM/Mv9Lx174ciUM7yuU16WLVr7yMsHfvX0HsZYth1nsq6Btz0FQq7AR05Z6H1CQePUojJWXIrGrPtQTxdfzPJQaKK3TLUs0Y6FQ2SFNqkgVomrjs9OO8XSfBRbnh8kHccujc920EY3VRYy0dBlbS0fIdkAYqL1Thw5C3Hg9xZE3x3PYrh2eXNKK7tYypMuICBgd10bEyCCIP+wAy4MT6tzyiR0SggTAZh6dU29wBGOZPJInLSMYT3BRnTjWH2uxXUnN60KfPcLlYNHxmJ1NhBdW5sBcwQ/1uIfs/nl0QI+8karAuaqRSvSFvjdk7fdgxmcpw5LPFoOx08BM0TLAO66/MuWjSz287CCR2nNF5K4mMSLykXEYLriB8VTaVigjcYQOYUWcSY8XdDR366ukeM172AQPEs1F2QGB0+7kwQIJEk87CqWJuwUHaJV8kCPJnLCR6axrF5ZgDhd9eo+5VcsRp7LFW4aPNctH7Ha81UjKyRBIZ7309bo8CBAUQgZmOnoLNjqP1mNP9EAeaTPhf+8FznKa0I0kDXvuJc5PCUmo4LYu0haRkmolzu4nSXKtgQ5uOGq+OLTV24ZOfTS4SOu5fpRcOmygVvO7cebNZPQtz0YRvwQjmrnAR5YiWiyICKmARxuTrF8AUmt35ID6KQmtw0dHgQFACRoXDcPMTHiPLdguEZbYItgOYSOLiyCuX7ygR+wxmQFH+23hCTGGiFzZLZZVOqqVZXPXrzpH55907J8M29eeObSW67Y6kMwyxmGjViEg/ANNUVsHCBGCvXbxU7ZB68Ebw58GjmWFZHS6HvWckTzAENqgg+TgV1CNJsUTMQ3GyxmxjiBhipOK/X4/mB8srGst3rTes/TTkcDE8xdKFkQNQDgMmE00kC9XPwDKMO4hVVY6NRaUA8jOZGFiJXnYMLILkrQV5IrfP2CsLor8ivuQAaT/YkP7o7v/gKE0WDVpZ4LOXPx2aG2uZJ+xSotpR7bk+w98O5pS2of2baY8O6Jupn4LFBBM4SVH4DDFIIsPOwuQYoChguGokfiMnMUGGbhWBnHCPJMTJJbsmPmT7RVKxQtXlpVZaV6ARFnluCboHEt5TeU0VGCKLowqBdoaAy69EAhugBA7FL+pwlLiDabFgpiWhZOsK6XZiTIsbrGMspVhJ+PlN9WBpgcb6p6S2EknquWFGXYAFJMIqFMlBpoItEwzFzPhMfkrUEm2SeIscTRpjoxl7uuMVhWQ0WhgugkRYBemgEwEB2q6eftTIWWmte8gwro6gc3qgZTsEUGsKU7Hrq6MoPLUDE2qWDKkn7V5wiGsAs9106U5XS58T8f2T3WitxSMQ+bo1X3livOm1PquX0zz734Rj1MZsJmlkUDJf+8lafdsGXD6pqJG3ZyN87C1DLu3rHrnSlEUXXjzmq3/blPXPHOial7H96ROr2WU46CcNPaFbdsXYm/acdBxfFF1USPsUTBeDJWf3H3ky3T9z07q08u99QXb70us0zDKMPfN6eiHbte27n3QDPMm4ERpK7vuiODpXNXLL7uvLVnLXaRoigtWiahQ/meGcW56RjtXMXk+JF66Nl3nt79+tHpejtVURTZaXTWspHL1q+58cp1JU/d9+jenfv2uuVqGKleK/3qzVesHCojnu/86OG3ZpLUq+Vpuqxq/dlnL+2xLDTl8V37f7HzQGCWyFayYP5ffv5jy/rVniPJvQ899uqBo8dn6qZpFWxrw6plH7v6su2beqq2GE0W53ZXc18ZP/H2fJo4hSyOVg6Ui7Pqvh27Dh85WXX7W2TOvUPknMdnZg69dujxNw79yac/esmAMluqVPJQ3h1vTe2fV5avjMbkef35jWjlwMAbE8G7cTsiswxnD87ObN+6sp+kyPFE/kQEEmRco2XDyh2vnXhw71hYqPm24cyMf/XKTVhPYtgY2bd/9srjrx0IMsswS/CoWO1JnNJUo3FyvPHqoeP3PP3KRy8570s3rOsxROngeJ4EyMdz3Gaq2pZ6bF/wt/c+9PaJelKs2qUl7bDjVBzX9n49PvPk4V0/fP7g179647MT5i9fniz2poll1tL6Zz9WQGHbhnr6reMvz4aJ3zLDfFUp+1ouS8Cr/cfqD7x4MCwscm0jac9tmlD3PHf4Rz/9hVXqSYyiWe5Ns7yexNMH60/t/uGt12y74wsXQrHnGFJRJsoMbSeDDLOMYhzNwx88uGu62eoZHFbNrOT6M3lMveT2DBI+jjZm7rzr5wOfu2Vj/ylP17M4MjLbLxpGEldTTKFmqW3btu9/8XBYrPpW9eDJd3a+PX3NGoKkhL2ukxMfr9TJVP38mVfiyhKr2tdqTK8YGrn48q3EpfFY/YcfPPb8eMPuGw07UdHzSnmUpkmD3KZaNvJyGvc1lbrryT37Dxz+b1+7bin+IUl8RCRRPk8s45F90bd+dD+GkveO5G6xlcalsttpN8M49HoG8P7vNpv/5tsP91Z7SyMbUtOI8zim5vctnACn0ztoZmFolBzbNCtEFSEWyzGLtaTQF5cGW2FQ6av91V33z9dn7b5lcQ7xkWPaqWFnZpHsBQv/yaPPFzz7G7dtYa7piDsSL4coDMOJUqth2Cc7nbLvZnMnquF0rXOi0jxWDufSsBVmqdvTM5tmv3hqJ74PZ68demLkQZa1DCskt8ZScLLbzx2tWFzHkXJSv2/H83tRXjIGKRY5cc9gptTO/eGByY7hVUmK7Sg4/5wNtZIEjH/9vSefHO+4AyPNZlAtVhqT0+HsXDA53hfNqpn3ZuvTbcNKnEpWHn7pePTlO+/DPxqS4VJQoHfmWyfiO3/8D8fsvjotGd/rdFDMljF9tNY+2RtOWnPvJbNHSy6NmPTE3GwnzTthmsWpEcdmlhIn0AAiRBJ0HKJtFEgdDLFd15xneU6Ism23YLqlk/WO5ZaSoO2E871Zw20etzqzvmUEACz2OYPL7vv1c3veS/GQtmgApux6aQe3IxVxqrKyZ9ba8zddtuWSM/txp68cmX7guZfeC/PYcOaazb5qz8HpqYlYlQwSeJVGYU4TRtlJEtmWB+s5V9bU5tOHH3z9oFkdcAs9r7137PVj6sIl0oeikCF+I1Xczv2/2RWVe+C41a4POPE1F48iv+/97OU3ZzvO0Giz1SzaeTJ5+KLVI+dvPHPF0iIh7sDYxKOvvf3aoQmjsjSz3bg8+M78+N/89Kk//YPL7CR1bRfb//59O07ioXtrbh6mUauaNobLznXbLzpz5Uil5swHau87R+575MmpyDX9/jjTPg1vZTk6nRJfH+OFMlWw/dzOw7hD8IdPHKT2URTi/LDI6amZ3mLBjOa3nr70tlu2r1yipmfVXb94fseuNyt9yxrNNslgFOWvHzy0ftlqktoCAR5HjPL7mfJda649WzXbd3z8hq2LBDT6vmJt/6rhj/zJ3z6irB7fq+SqfWDy6ESgVldUo618x3dNZjsZGKdSMBBtieDXbV37m317AhGfN2k4D+3ed871661UFdENS/zGy+/O7h4/1qkMeypxWtOXnL1kRVHtnsx/vW+fXR6d7zS8PPajmdt/b/OnLh1FeMwD+GVLh2+9YPgnT7371z9/1upbHhiOU+x/cOe+Ky7cvG2ZxM9HD6sn3627lf5GMGNaRlqf+PRFZ/7bT14gThyT0jX3NctGb9j8uX/xrbsn4iAxwd4i+wJPmgN4CUFQkncz474bZHVCLkHX8cjscGJYZ61WtTtTV29ee+ftWyBZUrWSOucrF37tL1uP7Bkr9Q5RiwQN692jx0O1WjIhKVcs3LWdZEkadip5cv3WTZsWSQ5UU0FZReVMnVVV55y+Oup08swMwMsvB6lOB4t4h4gGEyxwHIemjOSPOn3eNGRsGOqNGvOp6UZuedfbh4/FKndxIEjEwNh/+dzuDN9LnDayohXfeOlm5j6z+43J2I5UZqnASerXXngWXCZr7FGqmuZlnFWSDSn1+ctW3nzpZhXWkVnkFmeM0hO79+NbYdNv9k9Mph792aJDHGicv24ZXCZvKwSK8o6LPiJnOz2zqu744q1Wa8pDTbIUAizHwchBXrs3K6NqN216kAW/gAlCIB4gzTLbcUlLeYXHWORn37x9i8ZNFeOkqvG88ZKNNnmGMhud1PTKU3MkijhnYTUhJAYERViWxoOmdfn6YVQS0GZm28quGOJ2B8qekYXI0zQ9K7JpDTEfxaSMN3BjibSe40xyrRaLGJJTX3v2WTaASSGd8lQzfWr3BBEM1pB3vzKldh2espRXMezW3OyGdWesHaBBol5587gqjURZ6lmdAa/96WvXFLAz+i1pLhVpnuI+MDLO225c30OlZcS01LPa4l1vv6cZpN46dMgoEI7oyMSFYOYPb7pKAkmcl5xcHGOAoqqKb3mJumK5unzNcNKcs8khHNxF28UD6qCX5E5qm5GROo4Xh4mEMW2mUt1kVGyO6fpBc+6WSzeSzvtUy/hxi8xCkp/TTxtw3UKbrrzbEwnnMAqZLq0s/Kb0gCzy17jq5L22UCIHfSpKbywOEA5Jc0SDhsVMaelKRSdCAlBO+iLVIkLjIe4DdScfumDN8PKBatZp2KYdW/6O3W+Qk8xnonf3PPHCTF5wC2UriXqt/KbLN4LK7ExSb8WJ4TqeH7Ua60eHlxiqzAvWMI0kwcrzLOqgBJRwQ45av3xxUJ+2bZsU8GQ9mKZ2An6jSaJumU4WRssHetYuESILjvgAlaYO2kKmlUodAVM2rhk10yhN2GeQx1ae6dqKKeQGcgoTREByAIBTfrjPMs/Kq26OFNkDkUE6kYdfRTvzbFQehuo/rRbS6hQoYhrkJB1DtVwnQgocLMLiyCFhXwVGF9H4wMlD4pM8p+uvrQnVYW2pdqXSW+C+2F2uhirqnOX9hXAK/bfL1ddPNp4Zkzpi37Hg5XcmsurAfBJ35qe3jPRtGRDeJWknjucdV0VhYht+b6EHAWv+aDSkE5fLvkIasdnB+F43L+VxUW9EkPE0O5oDUewQ4qUAN6quj10jmBSfCtK21VZpSLfYydu0nnFH/b1xEBQdF2xRFzOX9gvj3axjyS6P1iUkoCnVXDdw53Ye2VloG3mhVMGmpYGB5gmjpSHk22bBSoHgpm2isZPHCA8tFEqky4JXpG+IFAUj0WgtPUE90c1fF2wyZA6jdP4jspFDenKsQKDJMke3AOCHg+HSLsF7bF03aHfyuNPJVODV7v/NPtrqv9q9fy7DNl3cddFMP3H5Frwb0sUsaNlkVA+WlyWmqzBl6dQR9CHSEJ9hEPW5ogRAzC5dH2ww6FBIsvXDILD1HA/3ZhhWnORhlBMewdPGrMkcYLVomXRRbNvkVb0TOY6bAVMrXJcmFhUrllYJDR/p+QBBP4RfQq68BT+Vue5Cvio5ABAEAdMUZLByst4YE+ERWNHlEa9kpq6Vlcy8YqRFK/OFPB7SrNILdH9so6SoBHSHgK09stZu3COzAx59URhEQwB1oI2AAG1HIJ/Tr9YtRu1C0qfcK+0/MXffW+qZQ1OJW4zDyM+ydSOLz1/lwWhXZX2lcsHx6R2LyhnexMRxIETkaySFejMK2Kny0szGy4P9san5TLIdobHsO/1lGTYwMEioYLhX7DlyojExLYwOw6Z0NmSvKPVgeCotdUT18hvvuA4qCMU5IZoxWochkoLbT4xCbLgZEqYTLe13SEN9pVODSDAM10hhkTAQbMQB6B6eJFoW/oEQShZGt4KFRAM5U3G8DtzKTZvGY1d6kKINCpBdX8Vy2JZQJVD1RJkrvMdMTdIJxoti8l6IJwPJMPCrtmyw4qBU8NM0jUz3p0+8OIaNk/EbqRvUr96yAW/uYH9JOlBQI339ZtDJ4phSc9/YyVfGFeUqB4jKWlx5LpqITe0eV68fPm56Rde1405jUX+1p6w8Q50+Mpi1ZvI0IqefTewHn93P+Mwro7Q4OZSdfVA4QsK+f069PT5jOIUwJpnWdilLdcmDj7gBCVw6xUOjIRQc4LJwRXIlrEZ0XcZLhOvqo16FKdLNEcMyxUeIJMTm8YBIKkssUoeYRhiMFkYBULMMP8BdxrYzw8lEDDuBraysh+knJoWVaSEnyTpAT8KN7GtEKMK2dctWLO5LG7N2GsZJMlYPQr+Kg/CS5oah8tUbK2gEm+sIiIvLNp7ltuslJ6NtMV1Z/P3HXh2nX4LtADZLwjxvgpSt8D/fu/dXHb8vNtHR0Epa5529VnAmAp8xOOI1zajRpIU0sOSnT+z62e5j83RiukRBv2mS3Y+F6i9/9MSh2SDGo7pFqdUkTAq/hGV55mRioKwKD+AxjhDFxC4zcgYGgw+/pMULTBB+Y+/aEwBBhwgRAyzHKQvXhInCGmCz4Yan135DM1rLVquSrC0uDkFJpStrCGQ9YOGH6rJIaY2uyUENJw6RrCXDLVyy/vS8fmKgin4rr1TFe2KueXP68o0ryWoBblt+Vz2u3NwzwqjOrO0a5J87Dx/9rz9+/s2OmlJqzrTnDWPeULvn1Ne/+8s9R2dUEYHFTtwcrZjXblsKPoC6YNTdvHLAihqea9fpgNQW/5f/8cB/vmfnnin1Xq4mDeNAoB7YE/3xnQ/sPnKsMLAYzUL+aJUOZeKLgbPAciFZNId/eC9RLBygdtdoXFdhZbCmOE8pEzQjdcSSJgPBFbVgBATSUWJ+mouCejhaes20GbWRBpIkCdQ0SR1iR5S5yg5Sw7XYC8ZyhCrWSJPQtQo8SUiZE5EeB7ZvykYz+ZiNOV+7eemjTyVTQTPPC1aUeAgtaI0MVq66gGJQ6Z6eEMpckrbbrr/oP93zsF8pJuyUlrxHDhzb+ec/P/v00eFFfa5vHxw79so7J2Y7uVUbIu6XrTSbmfijW69dZUvpz8Hv7X9w88vf+l8zQdPxy5HthOWVP35+4p4X/m7JQKWE/Jrh2HRIq9LpG+jEfMHBupKbUUQQfBeIcrx2lkEUZuRAqhzdhEq8M/0OBlKgdZ2qTo1En2UXhdAkkhEPTWmDOQR0YGF0QJ7OSzLoJKFPVrNtz3N4Iz0j8WmyMCKW5eXI6abgE+J2hxSLA6o8Urqw3d2honLlIY1mepXkKnyIQgbAo1FfbTtr1d/vmbAqFYf2QdDI8M7bL6RUw48TSpklm1Q6t73x3MV7xs568KU3in4lNUpmz+KTnejRNyeMvYex4NRwYrfXrZZt7K85pVoTH9t29u9fsByBIXY0A5TO6lN3fOH3v/ndv5tPeo3yYGIW7UotdeL99dk07hQKRdXXC/vmZo5WyjWCk3TTooivUNDfJDfFUeR5sUD9GHlkecQMmkya20I+nEEuWdrpdBwUkGVFu2ESRYt4Trwg2VfJd9qNuapt9vb2oMpmQXnk7ZIYGqFPqm1mjSASuuWQYMxUoDHf9D06w/DbM8yq55copXRH0c6zkp2XC7SXYgIIU9BNvTmEH3fE9ep6advGM6UcYEslCh0jHak42zctI3KasjUiiKIQMJ20Ds/x7z563hcu21JutVUzTALywKJX7vFqg05tuFhbUvOKdrsdz84Ww+Znrtj8jU9uq2iRk2GzFglsn8puOcP/m3/1iTWFljl9pAp1UZh2Agqk3p7FlrKjuel4auzzN1y+dfVQ2pxxqIAt6CAK8cWSGFbUbllse+ZJwchd05CdT1SBIBwn7FV6lknnlmGuI/pLf5X9u4CCX9cWwvuoXTQSdMpM2q3mHHMpa+kwKbcxZTdTp1C2282Sy86DYAwgyVrEAyEtQ9UnvcZJBJwHgRM0zHbkK5eSvhbVrRNTdrnXaswVSj0kWxCMC+/mCawhrgmvyycJFt4wxgnlzebVF6wfZStd4rXkmtgO6ScLiVNiwUz90ZXrVo2e8fePv7Dn0Dh7SxaccN12J6KdUraNQtBev3rlrddde/lKBZcNCmubbo30IvBrYafuOaVLV1e/983b7n7kzRdfPnxitjUXNWzfYzdiUbU8PNp/80e3n79K/ccfvF0ruPNBQBWOweOaQAJdqeXtatCKo1azMVcZqWC+luz6k6m1qvF0Z0q0oxTNZI1pW0m5wxSJWgRaaAiV25lJZuo+ChE1jBDQEuiNAVd9+dpL5zB1kt8oXFbwqjDGklqHaQI+z/oM64b1o6NV9uy8nA92os7aQT44yGsq/8JlGz9tF9E84t6Ao3qFfRKfC/RbqQ8tl1KlaalHX9hD/wGv43q+b6XXbT2D/o4rUsQCJBcSB2WQvUh5UtWbJtevNrevvvCFA+Grbx0YO3ZirtEsLqr0VQpDFe/Cc87cMFpEkRAVSoW3BI6oBVymK1KoEWgQ2ApL/en165pXrxs7ls4n7enpmdP6lwz2u5UeVlPkIc3JyYAGZLXW6rR7+iu9RTQs71XGV265vBkVcstNs7DqpIuonTQnrjl3Vb9vWcUaqXDWmTt/9SIPdxwHtCB8tIMuoOEtqalvfvGTQGUnlwJyuCy1vpFEOD35PAenDLKcpK0QjtsUtGGEMK1F9hpaDmM4GAMNnPTF0T3CI0GTURzQbLLTQSJEYkSfhiRUmXXDeHpSfeO7P+mUBg2vFM3O3Lz1jDuuW92vUlvKUREq+hAlqc1GD8qr7RT9YlsHZ4UX6ogMxFMxFmvjhOwu5agEBoHKYMA0HWLTfHe21aRrVijQN2h1OkMDhT4+cujum+i5yJIu0Sz73K9Of/uH93SKo4Hyotb8Teev+uvPnF1OOw4dJ1RE3K4czMWnEdzoG3ELWP6DDHwgHlArCl7dX8ma7dSk+7hgx8zlZBoKLR/H2MRRSWDwxVmYGXglSGKEAIMIug8U5/qONp2tqxpcPlzAoRXY4su4I5EmpzMdiwn8ByDiXVCcnz31Wt3tM3BNadxvZzdevBqR2IKtNCWkdcWKuk+iVRMPQNJFOZ7FWV4w2PiWCKPJFAJAlcWpxGXnE79vSoXEXmFGrWl637n/2cf2HHK8WoAFOc5Qxf/Kx6+9aI3UyiyFQiBcdPnhvY3/fs+j7eJwbPrMt+LOljUrINm1CInyaR7BWbAjC8aFg59OSBjA5xgxG/RYES0JcSH4C1RKnLUsobWEPqT4Q/19DNB4TnCS7A2/Sc4bSGWAizvFZaZpVwssJjIBYGQRkEnQAz6YMEBUW+5F+8GDU4pZ2q90FLVgD55Mnn/zXbP3tASnMzd17Vkrz6iIVjJb0AFLEIGPbHfKd0SA0d1b3VJA5JDFvolgwjBZVHbRxQS04SFrnoAFGRE5ACtu/8hHHn7jf3fMSugX+FJtcmbuz75/99nLB04b6l08UGNv6vjM/N6jk29N1DtOX2aV8zgpZsHKxaUrNlXACtFxgAN1Of90mbxAqZCcEkVyeAS7BB3J/IRdXAvemiHoCv5H+CJsgxn0aGkKopO6zQdM7YhEid8/tJPmTvJpuCxQwYQ7RncNfGG0PNIiFwFLAqEzTdaW/apnX2tiFLCh2S5m0ccv2ciWAl8d6BkaqhAkwGVvlbJVL6TNXRbRnwFrddZrgQn/mcEBryNFtwEzCz0SWP0t86Yl6p//3hXfufshb2hlhNMv9M6p0pNjc9ahgyoJ6GZHmRnZJbe6gl0K+F7mY436sS/f/oeDjohfGkbSWJciRePVRUzjxI9wVhyIxmXhV9ghE/XRZQvDmCyZLWMM1xAzf/84xdX3H/z2Au7pSfKku8TvXmn2/na4vmIpGHFgKt/1+r6+/tFWMF/Lw/PWLF+3SL4At7oGIGLRbBMNEO+kD3moXwiiC8cHluWye8d4qTbklwpMnAq70IOW+c8uH46iq+566Gm+Eij3LurEuVPpT+Mi5FMJs2vl2F4Uxi6t6Prxipd86TM3XLzW7UeLpTqghnPo6Wi/Jov/duXfReX9592L928/MEqedZ9/kNELA/6f/KNk6hrgjsceCttTpk2XOzPazRtu/izBlgIMlyHWJp0brQN4BnggyvohDkZjt1Ltk3xJ8c9HVxH+Ysgp3H718k2rhr5/z0NvThzwSj3T86FVKKYWhUlCfYIH68F+w/p5a5Z++VM3bhgypH0IhLgtAUnaloKJKOWHQOcfG7rAjn9syD/1HYzuGMYz74zP5F5kV0gXq1ly4Sq/lCrip+R+p6xLdwSgSLuPD0mZxBzNkyxq8YGSMEY8thcZDu1V0qSX31M73zg4Nts4cnK6Q//UcPiSYnSwtqTiXrRh1TkjiEj5aeZTY4nX7fKWyttkV1w2VBc8wj+VC6fm/f9ldGzIZ3PdpJAVqSyIVtLMl9KR7yjxLZJG4lzhELkPY2DUh2O1MIeAwzQgCEBAcSbw1DKBTnjEHWiPIF/G4F8o1nE35LaSIMqXqWSnCzzucjpnB1aMiwZ7Yknv4sNhdIq3v/P//wBkfQfkCmVuZHN0cmVhbQplbmRvYmoKMTIgMCBvYmoKPDwvQWx0ZXJuYXRlL0RldmljZVJHQi9GaWx0ZXIvRmxhdGVEZWNvZGUvTGVuZ3RoIDMxMzUvTiAzPj5zdHJlYW0KeJyVVwdYU8kWnltSIQQIREBK6E0QkRJASggtgPQiiEpIAoQSY0JQsaOLCq5dRLCiqyCKHRCxYVcWxe5aFgsqK+tiwa68CQF02Ve+N983d/77z5l/zjl35t47ANDb+VJpDqoJQK4kTxYT7M8al5TMInUCFDAAFQCgxhfIpZyoqHCIwUD79/LuJkCU7TUHpdY/+/9r0RKK5AIAkCiI04RyQS7EBwHAmwRSWR4ARCnkzafmSZV4NcQ6MuggxFVKnKHCTUqcpsJX+mziYrgQPwGArM7nyzIA0OiGPCtfkAF16DBa4CQRiiUQ+0Hsk5s7WQjxXIhtoA2ck67UZ6f9oJPxN820QU0+P2MQq2LpK+QAsVyaw5/+f6bjf5fcHMXAHNawqmfKQmKUMcO8PcmeHKbE6hB/kKRFREKsDQCKi4V99krMzFSExKvsURuBnAtzBpgQj5HnxPL6+RghPyAMYkOI0yU5EeH9NoXp4iClDcwfWibO48VBrAdxlUgeGNtvc0I2OWZg3pvpMi6nn3/Ol/X5oNT/psiO56j0Me1MEa9fH3MsyIxLhBiuOywgX5wQAbEGxBHy7NiwfpuUgkxuxICNTBGjjMUCYplIEuyv0sdK02VBMf32O3PlA7FjJzLFvIh+fDUvMy5ElSvsiYDf5z+MBesWSTjxAzoi+bjwgViEooBAVew4WSSJj1XxuJ40zz9GNRa3k+ZE9dvj/qKcYCVvBnGcPD92YGx+HlycKn28SJoXFafyEy/P4odGqfzB94JwwAUBgAUUsKaBySALiFu76rvgnaonCPCBDGQAEXDoZwZGJPb1SOA1FhSAPyESAfngOP++XhHIh/zXIaySEw9yqqsDSO/vU6pkg6cQ54IwkAPvFX1KkkEPEsATyIj/4REfVgGMIQdWZf+/5wfY7wwHMuH9jGJgRhZ9wJIYSAwghhCDiLa4Ae6De+Hh8OoHqzPOxj0G4vhuT3hKaCM8ItwgtBPuTBIXyoZ4ORa0Q/2g/vyk/Zgf3ApquuL+uDdUh8o4EzcADrgLnIeD+8KZXSHL7fdbmRXWEO2/RfDDE+q3ozhRUMowih/FZuhIDTsN10EVZa5/zI/K17TBfHMHe4bOz/0h+0LYhg21xBZhB7Bz2EnsAtaE1QMWdhxrwFqwo0o8uOKe9K24gdli+vzJhjpD18z3J6vMpNypxqnT6YuqL080LU+5GbmTpdNl4ozMPBYHfjFELJ5E4DiC5ezk7AqA8vujer29ie77riDMlu/c/N8B8D7e29t75DsXehyAfe7wlXD4O2fDhp8WNQDOHxYoZPkqDldeCPDNQYe7Tx8YA3NgA+NxBm7AC/iBQBAKIkEcSAITofeZcJ3LwFQwE8wDRaAELAdrQDnYBLaCKrAb7Af1oAmcBGfBJXAF3AB34erpAC9AN3gHPiMIQkJoCAPRR0wQS8QecUbYiA8SiIQjMUgSkopkIBJEgcxE5iMlyEqkHNmCVCP7kMPISeQC0obcQR4inchr5BOKoeqoDmqEWqEjUTbKQcPQOHQCmoFOQQvQBehStAytRHehdehJ9BJ6A21HX6A9GMDUMCZmijlgbIyLRWLJWDomw2ZjxVgpVonVYo3wOV/D2rEu7CNOxBk4C3eAKzgEj8cF+BR8Nr4EL8er8Dr8NH4Nf4h3498INIIhwZ7gSeARxhEyCFMJRYRSwnbCIcIZuJc6CO+IRCKTaE10h3sxiZhFnEFcQtxA3EM8QWwjPib2kEgkfZI9yZsUSeKT8khFpHWkXaTjpKukDtIHshrZhOxMDiInkyXkQnIpeSf5GPkq+Rn5M0WTYknxpERShJTplGWUbZRGymVKB+UzVYtqTfWmxlGzqPOoZdRa6hnqPeobNTU1MzUPtWg1sdpctTK1vWrn1R6qfVTXVrdT56qnqCvUl6rvUD+hfkf9DY1Gs6L50ZJpebSltGraKdoD2gcNhoajBk9DqDFHo0KjTuOqxks6hW5J59An0gvopfQD9Mv0Lk2KppUmV5OvOVuzQvOw5i3NHi2G1iitSK1crSVaO7UuaD3XJmlbaQdqC7UXaG/VPqX9mIExzBlchoAxn7GNcYbRoUPUsdbh6WTplOjs1mnV6dbV1nXRTdCdpluhe1S3nYkxrZg8Zg5zGXM/8ybz0zCjYZxhomGLh9UOuzrsvd5wPT89kV6x3h69G3qf9Fn6gfrZ+iv06/XvG+AGdgbRBlMNNhqcMegarjPca7hgePHw/cN/M0QN7QxjDGcYbjVsMewxMjYKNpIarTM6ZdRlzDT2M84yXm18zLjThGHiYyI2WW1y3OQPli6Lw8phlbFOs7pNDU1DTBWmW0xbTT+bWZvFmxWa7TG7b041Z5unm682bzbvtjCxGGsx06LG4jdLiiXbMtNyreU5y/dW1laJVgut6q2eW+tZ86wLrGus79nQbHxtpthU2ly3JdqybbNtN9hesUPtXO0y7SrsLtuj9m72YvsN9m0jCCM8RkhGVI645aDuwHHId6hxeOjIdAx3LHSsd3w50mJk8sgVI8+N/Obk6pTjtM3p7ijtUaGjCkc1jnrtbOcscK5wvj6aNjpo9JzRDaNfudi7iFw2utx2ZbiOdV3o2uz61c3dTeZW69bpbuGe6r7e/RZbhx3FXsI+70Hw8PeY49Hk8dHTzTPPc7/nX14OXtleO72ej7EeIxqzbcxjbzNvvvcW73Yflk+qz2afdl9TX75vpe8jP3M/od92v2ccW04WZxfnpb+Tv8z/kP97rid3FvdEABYQHFAc0BqoHRgfWB74IMgsKCOoJqg72DV4RvCJEEJIWMiKkFs8I56AV83rDnUPnRV6Okw9LDasPOxRuF24LLxxLDo2dOyqsfciLCMkEfWRIJIXuSryfpR11JSoI9HE6KjoiuinMaNiZsaci2XETordGfsuzj9uWdzdeJt4RXxzAj0hJaE64X1iQOLKxPZxI8fNGncpySBJnNSQTEpOSN6e3DM+cPya8R0prilFKTcnWE+YNuHCRIOJOROPTqJP4k86kEpITUzdmfqFH8mv5Pek8dLWp3ULuIK1ghdCP+FqYafIW7RS9CzdO31l+vMM74xVGZ2ZvpmlmV1irrhc/CorJGtT1vvsyOwd2b05iTl7csm5qbmHJdqSbMnpycaTp01uk9pLi6TtUzynrJnSLQuTbZcj8gnyhjwd+KPforBR/KR4mO+TX5H/YWrC1APTtKZJprVMt5u+ePqzgqCCX2bgMwQzmmeazpw38+Eszqwts5HZabOb55jPWTCnY27w3Kp51HnZ834tdCpcWfh2fuL8xgVGC+YuePxT8E81RRpFsqJbC70WblqELxIval08evG6xd+KhcUXS5xKSku+LBEsufjzqJ/Lfu5dmr60dZnbso3Licsly2+u8F1RtVJrZcHKx6vGrqpbzVpdvPrtmklrLpS6lG5aS12rWNteFl7WsM5i3fJ1X8ozy29U+FfsWW+4fvH69xuEG65u9NtYu8loU8mmT5vFm29vCd5SV2lVWbqVuDV/69NtCdvO/cL+pXq7wfaS7V93SHa0V8VUna52r67eabhzWQ1ao6jp3JWy68rugN0NtQ61W/Yw95TsBXsVe//Yl7rv5v6w/c0H2AdqD1oeXH+Icai4DqmbXtddn1nf3pDU0HY49HBzo1fjoSOOR3Y0mTZVHNU9uuwY9diCY73HC473nJCe6DqZcfJx86Tmu6fGnbp+Ovp065mwM+fPBp09dY5z7vh57/NNFzwvHL7Ivlh/ye1SXYtry6FfXX891OrWWnfZ/XLDFY8rjW1j2o5d9b168lrAtbPXedcv3Yi40XYz/ubtWym32m8Lbz+/k3Pn1W/5v32+O/ce4V7xfc37pQ8MH1T+bvv7nna39qMPAx62PIp9dPex4PGLJ/InXzoWPKU9LX1m8qz6ufPzps6gzit/jP+j44X0xeeuoj+1/lz/0ublwb/8/mrpHtfd8Ur2qvf1kjf6b3a8dXnb3BPV8+Bd7rvP74s/6H+o+sj+eO5T4qdnn6d+IX0p+2r7tfFb2Ld7vbm9vVK+jN/3K4AB5dEmHYDXOwCgJQHAgOdG6njV+bCvIKozbR8C/wmrzpB9xQ2AWvhPH90F/25uAbB3GwBWUJ+eAkAUDYA4D4COHj1YB85yfedOZSHCs8HmiK9puWng3xTVmfQHv4e2QKnqAoa2/wJAMILcCmVuZHN0cmVhbQplbmRvYmoKMTMgMCBvYmoKPDwvQWx0ZXJuYXRlL0RldmljZVJHQi9GaWx0ZXIvRmxhdGVEZWNvZGUvTGVuZ3RoIDMxMzUvTiAzPj5zdHJlYW0KeJyVVwdYU8kWnltSIQQIREBK6E0QkRJASggtgPQiiEpIAoQSY0JQsaOLCq5dRLCiqyCKHRCxYVcWxe5aFgsqK+tiwa68CQF02Ve+N983d/77z5l/zjl35t47ANDb+VJpDqoJQK4kTxYT7M8al5TMInUCFDAAFQCgxhfIpZyoqHCIwUD79/LuJkCU7TUHpdY/+/9r0RKK5AIAkCiI04RyQS7EBwHAmwRSWR4ARCnkzafmSZV4NcQ6MuggxFVKnKHCTUqcpsJX+mziYrgQPwGArM7nyzIA0OiGPCtfkAF16DBa4CQRiiUQ+0Hsk5s7WQjxXIhtoA2ck67UZ6f9oJPxN820QU0+P2MQq2LpK+QAsVyaw5/+f6bjf5fcHMXAHNawqmfKQmKUMcO8PcmeHKbE6hB/kKRFREKsDQCKi4V99krMzFSExKvsURuBnAtzBpgQj5HnxPL6+RghPyAMYkOI0yU5EeH9NoXp4iClDcwfWibO48VBrAdxlUgeGNtvc0I2OWZg3pvpMi6nn3/Ol/X5oNT/psiO56j0Me1MEa9fH3MsyIxLhBiuOywgX5wQAbEGxBHy7NiwfpuUgkxuxICNTBGjjMUCYplIEuyv0sdK02VBMf32O3PlA7FjJzLFvIh+fDUvMy5ElSvsiYDf5z+MBesWSTjxAzoi+bjwgViEooBAVew4WSSJj1XxuJ40zz9GNRa3k+ZE9dvj/qKcYCVvBnGcPD92YGx+HlycKn28SJoXFafyEy/P4odGqfzB94JwwAUBgAUUsKaBySALiFu76rvgnaonCPCBDGQAEXDoZwZGJPb1SOA1FhSAPyESAfngOP++XhHIh/zXIaySEw9yqqsDSO/vU6pkg6cQ54IwkAPvFX1KkkEPEsATyIj/4REfVgGMIQdWZf+/5wfY7wwHMuH9jGJgRhZ9wJIYSAwghhCDiLa4Ae6De+Hh8OoHqzPOxj0G4vhuT3hKaCM8ItwgtBPuTBIXyoZ4ORa0Q/2g/vyk/Zgf3ApquuL+uDdUh8o4EzcADrgLnIeD+8KZXSHL7fdbmRXWEO2/RfDDE+q3ozhRUMowih/FZuhIDTsN10EVZa5/zI/K17TBfHMHe4bOz/0h+0LYhg21xBZhB7Bz2EnsAtaE1QMWdhxrwFqwo0o8uOKe9K24gdli+vzJhjpD18z3J6vMpNypxqnT6YuqL080LU+5GbmTpdNl4ozMPBYHfjFELJ5E4DiC5ezk7AqA8vujer29ie77riDMlu/c/N8B8D7e29t75DsXehyAfe7wlXD4O2fDhp8WNQDOHxYoZPkqDldeCPDNQYe7Tx8YA3NgA+NxBm7AC/iBQBAKIkEcSAITofeZcJ3LwFQwE8wDRaAELAdrQDnYBLaCKrAb7Af1oAmcBGfBJXAF3AB34erpAC9AN3gHPiMIQkJoCAPRR0wQS8QecUbYiA8SiIQjMUgSkopkIBJEgcxE5iMlyEqkHNmCVCP7kMPISeQC0obcQR4inchr5BOKoeqoDmqEWqEjUTbKQcPQOHQCmoFOQQvQBehStAytRHehdehJ9BJ6A21HX6A9GMDUMCZmijlgbIyLRWLJWDomw2ZjxVgpVonVYo3wOV/D2rEu7CNOxBk4C3eAKzgEj8cF+BR8Nr4EL8er8Dr8NH4Nf4h3498INIIhwZ7gSeARxhEyCFMJRYRSwnbCIcIZuJc6CO+IRCKTaE10h3sxiZhFnEFcQtxA3EM8QWwjPib2kEgkfZI9yZsUSeKT8khFpHWkXaTjpKukDtIHshrZhOxMDiInkyXkQnIpeSf5GPkq+Rn5M0WTYknxpERShJTplGWUbZRGymVKB+UzVYtqTfWmxlGzqPOoZdRa6hnqPeobNTU1MzUPtWg1sdpctTK1vWrn1R6qfVTXVrdT56qnqCvUl6rvUD+hfkf9DY1Gs6L50ZJpebSltGraKdoD2gcNhoajBk9DqDFHo0KjTuOqxks6hW5J59An0gvopfQD9Mv0Lk2KppUmV5OvOVuzQvOw5i3NHi2G1iitSK1crSVaO7UuaD3XJmlbaQdqC7UXaG/VPqX9mIExzBlchoAxn7GNcYbRoUPUsdbh6WTplOjs1mnV6dbV1nXRTdCdpluhe1S3nYkxrZg8Zg5zGXM/8ybz0zCjYZxhomGLh9UOuzrsvd5wPT89kV6x3h69G3qf9Fn6gfrZ+iv06/XvG+AGdgbRBlMNNhqcMegarjPca7hgePHw/cN/M0QN7QxjDGcYbjVsMewxMjYKNpIarTM6ZdRlzDT2M84yXm18zLjThGHiYyI2WW1y3OQPli6Lw8phlbFOs7pNDU1DTBWmW0xbTT+bWZvFmxWa7TG7b041Z5unm682bzbvtjCxGGsx06LG4jdLiiXbMtNyreU5y/dW1laJVgut6q2eW+tZ86wLrGus79nQbHxtpthU2ly3JdqybbNtN9hesUPtXO0y7SrsLtuj9m72YvsN9m0jCCM8RkhGVI645aDuwHHId6hxeOjIdAx3LHSsd3w50mJk8sgVI8+N/Obk6pTjtM3p7ijtUaGjCkc1jnrtbOcscK5wvj6aNjpo9JzRDaNfudi7iFw2utx2ZbiOdV3o2uz61c3dTeZW69bpbuGe6r7e/RZbhx3FXsI+70Hw8PeY49Hk8dHTzTPPc7/nX14OXtleO72ej7EeIxqzbcxjbzNvvvcW73Yflk+qz2afdl9TX75vpe8jP3M/od92v2ccW04WZxfnpb+Tv8z/kP97rid3FvdEABYQHFAc0BqoHRgfWB74IMgsKCOoJqg72DV4RvCJEEJIWMiKkFs8I56AV83rDnUPnRV6Okw9LDasPOxRuF24LLxxLDo2dOyqsfciLCMkEfWRIJIXuSryfpR11JSoI9HE6KjoiuinMaNiZsaci2XETordGfsuzj9uWdzdeJt4RXxzAj0hJaE64X1iQOLKxPZxI8fNGncpySBJnNSQTEpOSN6e3DM+cPya8R0prilFKTcnWE+YNuHCRIOJOROPTqJP4k86kEpITUzdmfqFH8mv5Pek8dLWp3ULuIK1ghdCP+FqYafIW7RS9CzdO31l+vMM74xVGZ2ZvpmlmV1irrhc/CorJGtT1vvsyOwd2b05iTl7csm5qbmHJdqSbMnpycaTp01uk9pLi6TtUzynrJnSLQuTbZcj8gnyhjwd+KPforBR/KR4mO+TX5H/YWrC1APTtKZJprVMt5u+ePqzgqCCX2bgMwQzmmeazpw38+Eszqwts5HZabOb55jPWTCnY27w3Kp51HnZ834tdCpcWfh2fuL8xgVGC+YuePxT8E81RRpFsqJbC70WblqELxIval08evG6xd+KhcUXS5xKSku+LBEsufjzqJ/Lfu5dmr60dZnbso3Licsly2+u8F1RtVJrZcHKx6vGrqpbzVpdvPrtmklrLpS6lG5aS12rWNteFl7WsM5i3fJ1X8ozy29U+FfsWW+4fvH69xuEG65u9NtYu8loU8mmT5vFm29vCd5SV2lVWbqVuDV/69NtCdvO/cL+pXq7wfaS7V93SHa0V8VUna52r67eabhzWQ1ao6jp3JWy68rugN0NtQ61W/Yw95TsBXsVe//Yl7rv5v6w/c0H2AdqD1oeXH+Icai4DqmbXtddn1nf3pDU0HY49HBzo1fjoSOOR3Y0mTZVHNU9uuwY9diCY73HC473nJCe6DqZcfJx86Tmu6fGnbp+Ovp065mwM+fPBp09dY5z7vh57/NNFzwvHL7Ivlh/ye1SXYtry6FfXX891OrWWnfZ/XLDFY8rjW1j2o5d9b168lrAtbPXedcv3Yi40XYz/ubtWym32m8Lbz+/k3Pn1W/5v32+O/ce4V7xfc37pQ8MH1T+bvv7nna39qMPAx62PIp9dPex4PGLJ/InXzoWPKU9LX1m8qz6ufPzps6gzit/jP+j44X0xeeuoj+1/lz/0ublwb/8/mrpHtfd8Ur2qvf1kjf6b3a8dXnb3BPV8+Bd7rvP74s/6H+o+sj+eO5T4qdnn6d+IX0p+2r7tfFb2Ld7vbm9vVK+jN/3K4AB5dEmHYDXOwCgJQHAgOdG6njV+bCvIKozbR8C/wmrzpB9xQ2AWvhPH90F/25uAbB3GwBWUJ+eAkAUDYA4D4COHj1YB85yfedOZSHCs8HmiK9puWng3xTVmfQHv4e2QKnqAoa2/wJAMILcCmVuZHN0cmVhbQplbmRvYmoKeHJlZgowIDE0CjAwMDAwMDAwMDAgNjU1MzUgZiAKMDAwMDAxMTE0MyAwMDAwMCBuIAowMDAwMDExMjc2IDAwMDAwIG4gCjAwMDAwMTA5ODAgMDAwMDAgbiAKMDAwMDAwMDk2NyAwMDAwMCBuIAowMDAwMDAwMDE1IDAwMDAwIG4gCjAwMDAwMTExODggMDAwMDAgbiAKMDAwMDAxMDgyNCAwMDAwMCBuIAowMDAwMDAxMTMzIDAwMDAwIG4gCjAwMDAwMTEzMzMgMDAwMDAgbiAKMDAwMDAyMDA5NCAwMDAwMCBuIAowMDAwMDI1OTU3IDAwMDAwIG4gCjAwMDAwMzQ3MTkgMDAwMDAgbiAKMDAwMDAzNzk0NyAwMDAwMCBuIAp0cmFpbGVyCjw8L0lEIFs8M2E1ZTUzZjQxYzVhNmM2NmJmODUyMDk0MTUwODk0NjcxZGRjYTg2ZGI3MTFhMjBhYjI5Yzc4MWI5MzNiMmYxMDJmOTM0NTUyYmI0MjI5MTgyZTRmZmNiNjE3NGUxYTNmMzA1MmI4OWQ5M2ZjNTg3NWQyY2YzNTVlYWQxY2FhYjA+PDNhNWU1M2Y0MWM1YTZjNjZiZjg1MjA5NDE1MDg5NDY3MWRkY2E4NmRiNzExYTIwYWIyOWM3ODFiOTMzYjJmMTAyZjkzNDU1MmJiNDIyOTE4MmU0ZmZjYjYxNzRlMWEzZjMwNTJiODlkOTNmYzU4NzVkMmNmMzU1ZWFkMWNhYWIwPl0vSW5mbyAzIDAgUi9Sb290IDEgMCBSL1NpemUgMTQ+PgolaVRleHQtQ29yZS04LjAuNQpzdGFydHhyZWYKNDExNzUKJSVFT0YK"
            },
            "back": {
                "BASE64STRING": "JVBERi0xLjcKJeLjz9MKNSAwIG9iago8PC9GaWx0ZXIvRmxhdGVEZWNvZGUvTGVuZ3RoIDg4NT4+c3RyZWFtCnicjZdRb9MwEMff8yn8CFLn2o7tJLyVjaGKbsBWIV69JqMZTQJupgHiw3OJndjSqL1NmnTd/f8/93L2OT8TyggaftMMpRJlskC7JlmuG4ouuuRz8jN5u02WlxRRhrb3iWBYIMEpLgq0LZNXF93usanaHvW/f1Svtw/Ju+1zEaM5FtyXVWcrVe6V0uhb1VZa9VWJ7nXXoMv19e1qs0HTv79ebU65mqXQAgs6er43TnXXohIMY4txQkaYOCPpGRWI0TcpeUPSIJMXGSbMfv2n9tCp8iVET/aMyPIwMeODwyC9UsfvUKypPu1jc1fpGNnJf9mfgqcsjIS/RI6aa9VEv5vL/lJVGq3a+oA+qOZOHU5KDYbBY8hNLaGEqLtHb2vd72M8J6NFAbXMoZZhEMnw3CdlvGRz+lXQNs05liZxt+zQAh2XXVggGabpKFiVpa6Ox8hKPAGKpXKOoaVelMokptmY+vDYKnSn4IHdqT/QUk9Kl0guBoO4DckxNVv6Rh33dbv4oPSD6l+mZgXBzBev9o0qW/VN6cWV2isNn/ZavdAsY5gZt3Vb1mrBKedmJ5/Wjo+E8QJnZntsVFs2Sn8P57MMM9Psm26nDnX/O7Y2p/h/tcM8wnFmmv0cWGiJLupjr+tdH8M6oSlwEENzKKB5lp/qFp13ZWzXewpX7NP+osC52Sq3ffy49NK9XvBEZmzdvE8ImD8lAnoJ5oGAfStRY0MqGDokt//LZ1QOi58FNg4oxNAnPsLEIQWBbIkLav2HuWPiwKIIdyLhHAKIlGOeeggTRxCTSDiHAILC6OYewsQRxCQSzuE0gucF5tIhbBxGzCLhHAIICZXMPYSJI4hJJJxDAAFHsPAIYxgBWImY5QF7xoY7hPM3cQQwiYRzOI1ICxitXjfZOIyYRcI5BBAZ3IS8Ktk4gphEwjmcRjAJc9nrJhuHEbNIOIcAgsNg9rrJxhHEJBLOIYCAS2rmEcYwArASMctP21O4kTLvbLJxGDCLhHMIIODqmXndZOMIYhIJ5xBAwHRhXjfZOIKYRMI5TAoqjYYRaLQcDvyC2XciZt6JCCZpAXcNa8zANs1TyAMrOY5dpCswc4ONDoMNbqrD4QFnbT7evGDaafBKpZQZWLy67DTa1E09vAyd13r3eDBvM3/R+cfry/XFu+vteuVeh/4BO3b0vAplbmRzdHJlYW0KZW5kb2JqCjQgMCBvYmoKPDwvQ29udGVudHMgNSAwIFIvTWVkaWFCb3hbMCAwIDU5NSA4NDJdL1BhcmVudCAyIDAgUi9SZXNvdXJjZXM8PC9Gb250PDwvRjEgNiAwIFI+Pi9YT2JqZWN0PDwvSW0xIDkgMCBSL0ltMiAxMCAwIFI+Pj4+L1RyaW1Cb3hbMCAwIDU5NSA4NDJdL1R5cGUvUGFnZT4+CmVuZG9iago4IDAgb2JqCjw8L0ZpbHRlci9GbGF0ZURlY29kZS9MZW5ndGggOTYyMz4+c3RyZWFtCniclXtpk6tIsuX3+hVpt82e9Zi6UuzLTN16xg5CgNgF39jEviOBsPnxE5mqvn27X7+sN5mWKSDBPY6HH/cTytD4C4xAbx/fKPmGEm8kQb8l7S9HpYXf+P4X85fxF9b55SjCbzD95tx++bgFw95p7M1Jf0HenOkX6J1Awdfb+stfs1+ZKC2iaHq7auf/5VS/CM6nhZeDKf8F+CAR4h1H39pfcJz6+0kDTmhwQr5OPnz8OCb/cdPtn439ZOBlDYGQdwj/wxoCwf84+WHun5z+G3t/mGg//P4wB8bzT9Z+OvnJ6e2/QP3Z2A+n/wTuJ8M/O7z9HHf8M+wfFuB3BP8I+19/+8+tbd4e2TSXfff9G7Dw7S3rkj4tu/z7N9cRf6W+/efvvxm3W1N22SUasqnJ5ll9Jm9TdssmcG+mpN+/0RiKAKc4hMI4AqMQQqAw8u3339wy5aMl+v23S1++pX0MXOC/QtSvME3jwBN4EL8RBEZTtwTCoeSGExlFwyhBonB6gxEKAad0hiIYdaPI9IamWIxTCIbAMInfKCLBvr3lWZdm0/dv2rePPPnr20/Z8q+4YfSdJD5xtx8DIRA4Q6IYQm4xQlFpRib0LSUziKARCqJwIsVgEr7hWZTc4jjJEihLb8QNopMbRBDRt7cuagECL8umN6Yrmzc1auOoyb4dP+BGb0k0Zf3t+7dvb0l/75bp+f2b0qUleDAt5+X7N6Zoo7SL8mj69lb09zn7uLWJurSNpvrzuE++f6vuXfQWR8B8HO2AD2s0pW/Et7cB/A2DMQxC/xw3RLwjL9xD//2bFc1F2X17m5doAT61qIgmcGmZoo9rU5YtH87ne/waphpNVbT8qROCpt5J8tPJY0l+ePmIRbH8fqSrI8Ywpl2HJytnWCZnwBl4ZfgjsrI8w+QSmycSa+YyuyYnzsxVnjV1npnPPFvbwkq5stXf5AKKwA35icM6hVNmZVsTlU+GM89sOm9C8jPBL07+vHDYrvPnl22zBvZWYCfXeSt/KtZaaJXy/PHzFSjAFOoT1M8P/I9/zseVYSyO4RVGZXjGVhimEFhmE9gjZTLy+hEEl2VM4eOH+ceXwDGrKYKAKJzZnz/uXSxwORd4ZlUEZnVF8AC4INKMqYDgmRZrKYXmCpIAiwX7PG0ir34BiwJEoD9hsXUkKAqkbqvl2dCNqTXk9MzzWhWLJJCsvjmVSa/aPaQ7AWrwNWFClmjVqWK7g+OJnu/BRei3eh36YRdJzZigFpx2KZZdR75QfKnAylM5qE5z8v0GL8N2VKtB9duBKIdxUvfl7CMLWeJ3MNGbdpU2qjo9l7MD61cfpqsQucsldnAa/H7riWzaqMcFom9fYCNBsr+wxejh0hGvSIPorsLfI/0K3n8baeEj0hy4iWeZ5BVp84R+3rsJAmsLG1ucWNdMi8TSSq0XFFFQrT6WWc7WdvfBeEF3trgiqHVDaCjrM5AtCOugVi6i7zlu1LpguaFsC18AIaj3V+o1qgtbntekge8NVSh5bYgUQ9TpUHoN0UxuiLw3hCKI5FJp1Xow3CaMru2pjfrRqIco6ka1HefJgJY4Qu/nlljni7AlsfzUOhVaLi6cxldE7yLsfqnxLO4Ioxtfgf4jhnQP0lcDdFUsEAPmsvLtqrpcsznj88SLkurybUNiAy9sxFeQ4HcU/sTkYmpGG8yR6xiX0RlavS3Dc6oIWBEwkRECu2ONqOEoCHef0Zmx2Is/iNXmtmuFDgd0sYJQEna7MBJPYWuIsih8QASzYJ21u9iD3ukXLoPFXLFkx+NbTUgz2t9EtC/LNafncrSZ0mRGTpWuFzmb1BU7KUfBHSr8yJVr1VASCNpVctxy2k1mPdnFF7Bw9J1CPmGBDrne2U5kzbYBIxyZtivU2gMjsuTNCriTK144WBl5isiEfmY2bzStY+Os+ebkd+OIuSSjIS62UanaeDp6LcGDhKtwrHJXa+pxEp2znOPgoQRnxonxNj6HFYUSvEDws+hGd6eLXa4lYyW0mswsh427LGQFINvGViBqXH5OOnmvAwJ61OG+ml/Awoh39AULjfWIW+O5KDZkcDgd32ASIjlD9BgQocEp5IVI1Wysu8GtBE8ru9iAbTLhcjWBGN2/LG5vBgMxbSCeJispR7vjLuUYE/m1q33OVkzTUPChxSWywkXp9uAvpwtDBBfDOFNmdgkV3F90taGe2nmJsCAwyM5AJaNjWLqCMV0suiBqJqQhHGm/ptvyBSwU8Ar9hBWEXC+eznVqPgKKkjvmwipTMzzKmKl3jre7umIPXtdxdYVKEHY07swjJrLjnU+uWnswc94AJYQFvSxhAgYTvTW72V3AQwh0ONVavQpt43CXcbMDzZMhhTm6HoTUh7Muw9doTqb1WWPUmOpThl6cjoCxzAccI3AyJRq3Se9Ps3T1Sh6cOZ9v1qhwzFe4ALk+xfRfTWMBbpFp21ccw+8LmwbTGPn04l8bLjm4N7ruiFTD8OMZnszlBh2v022PDc+XEoGhqgmWXTnv6iRPwn5WHtaKj2FQoOM6+9BH8tH7ZrK+oKAMho/xMwHTjqyheGE2UymEgAiw4Y5KNwIOlFGZ8nYUEkmkR/eUw0ZZDW655Unbz66l9grh0kGxu+3+BTQEEOwlWBls9IQTATGW2qonyTuHuKPUAYfzT4G1CKGGAyFgCcrDN4yiTFQcbqfQxz0L9507E1SGmYxJHsoYdolPLGPYcHUNdTMvlqAWNPBo6hFPOzaltEJP27E7TeJg29sJpKPfqYUuPuuilyfLzcvTsC7IJWp2kDOh0D8jl+qGChF9d0ZAwhNEQgZI9wUqGPDrhcqIjJTHT1J2MetygpvLORau4qRR+i6soWw2ziEgj0dGJMo7qUZIIjYrjw5nJ1rWO20/l9XqRLe14TihDxSTqY+DMEAbfJcuQIkrFBabQHslYGZoI2PL+4pg2LRW62Vcll4uSw7jSaHd2VRF+Nmsb/p9q3LstMHMhILGR0exxSsPO8d3twO1PmB6JmC/QAYBir0E5+ZwhuNussQYUbWaWcTKQv+YQXGLEgHMpcmpdQAphtqYQhIM5sXuiixTA/HsTXl0G0Q0E801L0N6MHSE7WQMpmi0QfUbmixwYlybJpi3075fH4+y3GqYX/dRX8Q7tfW+ymaTmJmXbauo6HCzGb7Mo5MCodykWrjBqFXhkho9dl4ubr7QASbq6qbUylfQAMteMld2mXaoS0LqGai4xOI1sFYuG/BRigHhLTOuchybQohYz8+R0fKZhQmva47kY/KPg4CsfC6WlrnQNlTNLMZUsP3UbKwOqoscEx4OYw115s0u0utA7yTpIk8drdJXiL+y8lmWEM+khKoTvVtZBOYVLqLr9dmszhLIRCJTBOFFMBTAit5V3hQdIrSN/3tcOA0o9pIba7U1Gb/67Ik1bgE2ERbEHY2RYMPrIMFDkF+ZnZpSSb70ZnSIT350DoKZzGyn6x1kQmXsGjX0nVI5JLhdInuR665pLnt41FsZ86xtJpU850WVrWElik37vBGesCpx2bWtEQVVvRaj55LQGR49qx0kDQnw0bJ2hwol3gRtzGTqwlOudawgeacQMPUFLgqQ7IULvkKcj/TOuhknBcMlT2b3+/XCHtXHIB2X60O/dAtUR/ogKLyaCDJBj4dsCaA2ttIg2lu1gYL0cuvqW2XqgsHl3CEfCJXTZpMBGkrU4bNAO+2IG1Zdl/Pdxx+7r4+s0hH20KG6v/EklcEJzeGsfJUnH472pl8ffl9PEnRKtohT7/YeyPDkzOcvMJGAXi+JS8BmzKuMh+Mk7B/nDT9f99aAOYNOyFSX72Hw3NzU3+0qbPaklwe9GdNREWVksVTbyg8PQxMy5AJPfWq3+nHlJAwLoTAdMZyQl1o+XqKHFHOG75J164ns9qhPnnlzkow96OnUtz36aC6h3VBVPhHgeWWylpMvcnG9tycMmUkcQ11BRZWLWR0ZZoK/BAa/vzoYFj/Gwt3OH6WuHIvhJOCZS2HkcZcDOkO7Y+krsluDVpDWEsYkXZ17pIxJkHG2aa6ovVarCXZgEIMnbgU02fxDvBr2ONmRBfXixbo1ON4TwtGu3VpuJ81X1g0aT0/tQ11dJ0dicGw32V2RgQx13ZXpmDE425KxbZ3IXGsX1wJlWK+6woi3y7UMv0BFoO/0S/XaaHn0zKSesj29mVri0XyA0Na1vFUHOEKpBOU7ctmEOWdovUUPETTE4ooadsK5AeiU1Bj2dRWwtzPLzY8rS0e1EOyrod5mUNDldk4vp1R0gmev5GwuGxa8ey38nEaNgibFq/aKGeC+0NeWrUN80NFzwUEVNCKQHbsPrpabBEPj3HjE7Z196No9NaII+gIaTrxjL2h1ebLNY6Yem/JxvfDuBh2tfogbyUaT4x1V5Sjb1owOr2WG5dlNU5Vnaj+uk1nXU0+ozaU1FOq8HENoJp5W73bXWCFVe70eQ5I54OyhSb1hFsuGKubY64Pc43rpnLLVA70sBFyvq3U/EFogZSzhIZfC8NXnYyFXlcyDa2IwURTFsOLKcvC8CX696dkTPT9b9AtwGPVOv/RvGmdWs2pk64bcAcmyW3QnDnJS2RmznMMZRwzjZtoae2hVDN2mNsK1jAwk/qklIaKMFMUjOhDhrChHERv4lLmOPsHLjzycbGkybgJiL7Du8rqC+rnu+DFDeGNipsZRV7I2CqBcVCSayPKK9xKIH3J8cHXZUOvwLIEVG3GAbVXj2hOEY1/hAex6Cd/RKfOgWC1o2mWsifhsj4aQ6GLz+VwLvd6VO6YwNlgomMEJJ27DdZQMI5pQeKAX6IAvHAI520XsIJSpDgtvQqS8j4mKQHTlwEFAj7GKkvSc01khWk89T7xdj7pY8ouz+pQZw1nw1cDHLXySPiuJ+7becLjN7xmiwfEMP20uS9IDrW5JGBFy5D/Kyp2+QIaif7yP/NfTZV66eAH6KWiuaePv8OEqE3AMG0FU4c7mPxFS7dSpk6/D07kaEW9gdaajQiQPD4Nt71UjNPO4KGwOtGLGW5JRQAkNj9pMOlWeHR1aRc6u7UOrqyV8nXXYsXGRJvPO8SHKGSUIRRvlNOoOlIhzaCyVJqU69u+WbE+Pqx4WnXXVEvaYBUHse/kX6y8cAeT6Q9CboLdqx+Lau4m9bmcpX0dGZX0LS65PUgUihnli7qFnZDqBp/iORMSYxNZF3bRD1EMOKGbDSVqLNSp4zABLw/ii6Q9/4VuVmu88PPqq2WjtnBH3te78cSKwWQuvCWtL162WOgHTLXF27xgGlLddOmCtA8SgEeXsquED8QxFhUv0zT5+gQYGbHqp3ZVWK++uJhIr+zm/yds+sFC3WQmA4CT1vslIQFUVyHLp4sjTVbdzjJWH6/KoOgvTfUq/CvMUh6Sqk+VpZZz1bj8gRcZzGahTygoP7O4nTYgaZacSsyk88ZU/rrw/ZhJnUcKShwNbGVHrZYZazChILugJ6ZtaPh3S3SkUmvozauXnyzN2vFP3hdLFYcCpl9I1bD3f6Et0D6CD6u7TwsvtHV1APpTuPOCy39yeRqu6tU6dJayoIrQLany7mruT24WLGybDwqfpvIiH3bgGufzwm4E/J1EeFys3nhuWxAlY9RAjaZw8vYZnup77Pjlq/SHulGfmHO5Rq2EbPOkZcSJhu7k/L9hIwH1moCmqlxHtsWv0JHfPHGV89pqvih8EKPXSuelxcSl4z3qiJpnC2e0kn6+LC6OSWTzhBD2P2m7HaNIhI2c9t1OA697gG7wfxwEpz9jtHBA3vwtQBmYQMjK4qHVxiS0X29yLxB3rDkgG0mUNjasZ2t+gAYunmuLGZU99uokfl2Q/iVz+3O8Ic6GYi/0wHmJXFfFz6+bF6DTVSM6KVgzW0XIOofTfo8JoQKkXKmNTFLa9Cfw2HsZ9Gbw6VCZDMiWT5jUL2o8zjjN07iAM1lwVw3I1vNbILEJCDQ/wvYboqLUmZunXIJEvi9eetooVw5sSQ2Mo16S++3EZq7FRQXeMu9opIyqn/Ro8JgH0Se1ZVTmMP6IhsW1GPXCgoyxQuxVWU7enpr52Z1kR7dhqyUh5HKMwLvJEm8Mv3lwDy913+qV0Bdo/Hha/vI/nQVCvzrrowpTbSoHMz25aLs4FHoeLIteY7MzqmCmh6KxwEt/ZRgM8uUWwq68ddb6neUPKCaI/MoQ04CkZr0UKIWLO53l1YVlMed6COjj1qI59CIqRX8OxRL35zNm4cC2OKzOlF3wcLfm0irVV0fA9kbsOetpRARN77MT7E5talVwG87qQ41foANFemlecB60bL0nKGeid49JhfN6rXPXQdEaZix66rW84XpM7dFSGmbrdteHJeE4bM/p1AF0cm4yOhCCWDI+8PeXy5GXEg/TXyiNHvCx40OKDVcLyUJHHW+A9s/EoqM8Zv50W5ZqZ9Cn01IGUYxo7tPxyWGIpuqezswOFBd82a0BqxroYdfNEME6UJas6ULcv2jJGvmq8BVpSBwGCUissb+epnR7neNHCuma5TdFLRp5Ng2OPS6i7N7X2eC72hZPE4tBUy5dAveBuOUmPUZqvaGlj6P3YniQej6zTYllo0DyOjB4ecmwtIb+/FgfUbBkrXbUkBZl+7PztPNB7slpbdLsVJLxyVMRLLGIy6WWoQLZ3sCRhi9Lr7IMEMb5/0bkwgnh/lXqd6qVbt+fphcKkrBhh2Tx37DMvsdTZc2wgyv4wTwHL7Fs7sL5b2cpRipJeAR1hWGnLT3f3jjj3OVdkPQ3Dp1Yr4Y7sVwUZromGT4FPKhXCl72u3LfH6ojoabpQHmpeLbl8ak+tZw7FfrRbBH4G2z2oGNm+JzBBR/RdqNgnk7EkDFqX05EDJOh05oM69gUynH6HXoJXgiqESLUWbpXtYdJmcrvW6QbsMtDZXS76iBb+zdoyhC9C5YxcJgEn9DvzNO5Q3UkZTw3GzZiyY0tZ/px1Jpb7DCMBM2CZdPGn/sgdhnIXusJGOuQKQe058h0WiI6KvZh8B12kbNiuVxaFwm0mbu6DEZB29fsWdGl8oIqUrCIywYDIwyTbSJKvQMHv+EvoVp3kPP3BT+7ttVjifABZo9hTyPOwmMKYBUSquGM3KryODgrCu27ohYRlBkfqNOO0oqgGmI7Vg7S4i54eMZu3T6SPlL6w6LGz61ptxeSmbPV2dGSnX1TvdAmuWuZdZVR9DtmSlXqPtEv8RP2RxcO4MmBd7WzLxPGDk+MX5ST5K7/VcLkD7W230Bfvy2MY9g69BC99nfHpYwXiV/GuT8ZDMrhLY/BHwTqA2m5UJx4HigMf4jIMSDhusftwweA42QOykw/6JZG2tD+5dY2eqdk0ZZa2s6N4uV1PHYSB5Qw0jpcGqXi+OwCxyPHuWjuXwLYHBUU/1lLKUQaL48XqmQ0o1Nmsxd04b8fHckyP6sI7xQCP6yPEBrLdl/3IgLJVzwX9BTj0cxvA5z8drtBRo8f9lHpgEWDoGB7KF/LpquuJLmpueTg3YX9y3DODL0iSGLkbbGhsZJmxyRiEIY+RN1pKO0gk72JktV1itFr1eO49jn/ihpanmVZJWrVsZT+N6L2BeG9Ibzv9SPRT+BTLTOtO7CVmDL7rOUPzEIc4YQnlTgMQxtIgLc86uCOmHDdeMJpJ8lWdRwDBXgUxyfM6wENnR5838T6csWIOMb/kHr3DQXe7k3jFHAx0WIXwEpD3bRpsr5Qy1TkJV+rJ6LgTyDvfo8kN7l0PXrbehH3bl61l8ulFCCWLvZ/n/rQ+ki6nbldk6rYwIKS72k8aoWajelddpgIvt2CvyinR+2kqit23xtpVWmbcuWNr5yHhicl6sDfxHMlfAQMkexXFuJmpttZm1MVN0Yx2hVk7/QmFmXEZGY3qjvx0EP04x6xWjw4VcUqRe3dDngeYTKpE2ffDST6I0eohoScH+T0nruoN8e8IetqUI43R1NFfdheZ08sSpDZYlJ1ulnppWRzbnqBtajd88yTkEabpggcKJhYeqnYsc8FkWPZraAsuPI3QS/YkB36XN5Q2L9kX/1HBYMCzlwj2+lC2CStGjDG6HuPlQB6RKZ5lX6jJjjEyI6mr5Ugx1/3qRzeMBrJfj3wqRYdl4ZMo44Kuud/mPaDdJGCAfM3MJFBWM6KmEyxck61IVgQqZ9CgkVwz0vvtJh8Sz6E0n4Lud9t8OpmtT3EFEx98e/hjM9tQtqO3ktsWLDyjznl3zgb7vGgdBGNIF9BH7asaAgGavbCtXnw67ettIsJaXLuSmUZNqBcy9OOJnmEVq7hLNzTBskk3x9BSRvNwN/ioZVSRHU652ZH96jOGSp7spaDOpHNYJ5g0iHuct7h5N/epAn0BenIXp1t2x0UQddvFLluXvq7FIVKh3MsfT6q7G8ZAwOKgwBy24J7AjSmaJultjFT1CcTwXWiEwQ/Y6xf5iNKAaC8pPKDjcfCW1PDrqvU8ZnverqAHeZblAsV5xnTYoKB9XRKiGubYieB4H4QBweX6qSHGMSwxoMofAyJej1J9aP1ZXHq6JoAU6TcuIqg5QHTIZeh21dK7uB9Fy7qa7cHS9tsmy773SDJZN2cyYgvlhK/QxA+LPB0deHONCeGicPLwYFvuRdlc6s6wg/35xYyhNCDaSwdf7p7aIX0/ceMj1UeHBssuNzXUNrSkuwVGoaan9hqRyO6q57Isc0vUpK6xRU7fZ1FyqulqoSYsIRkM3dd4nwL5XC0HhWTAElpV0UESXegiFiBfkR5q2vLeXPmRL4qn4VR3Z6+9fJHZi8SPjnyAFBglJfmcg3m6xUdFVaHuHk7BA/G2y6TfhSS7ioKFf4GMAjz7Y2sDfjiY2mje3AAHKrucIxR0XDpsbPxuToKQaJcJ7ftx8qvETpGorYhsWRKUJlmGftb2zJ6Wk6tZNQ+KewNmmw0TwhkHiLjwSLoqs20xFFsm6QZjfT9MtpI6R7r+/tvxYzfPb8cf+7rsMu+i5T5lf7Y/CCUBkV6D39qmm79/K5Zl+N/H47qu7yv63k/5EYEg6AjRR3BDOpf5X7697Gep0t3633/joq7vyiRqyj1ayr7TsqXo0zemyfupXIr235l0rA+r8NESuF+B2V8TGOt+/bjysVPtY3fSDwD/E2v/OsBpjn79AjJBv7+04lxE8Icz6+975t5cS/n+DeBzpqibb/3Uzj8d//8NIuseWdMPWfrr/HcsH76OP5vmyzyblxfEP50pAn4nXuP+s3HARwj7GAeA9BeAEcGJD88vZ17U3LPf1R3o/Ep8xCl9U4L8VoxFeTjYhi8WJwaOchG0WUohPXJjQHL9/ORvxx/RAsc/58GPKXvdKNWx0nvabuEpz5ctUt5F6dZgRI75xYFr/HhdvioXOPYOv8QvKZrLZp01tq8s67miMlj8wRnPdu659iRnPHDH5UQIzX/8BUb/DzaSfEBmPn2YXQW56g3FCQYVEuspFOuTW0aYgshtND7UOnQYxwroNMyiacYYmOGeO1hjVWRtrweM3pRPg6KACJd5P9Eo7nRqBQ3R0BaQNN0eA9PwtmhcWM52XfIwDpp5Y9SHHp4396sKjxHvxAvZ0LFCaA2wOKm38cl6eL8hy6dXHO6jswf1yYm8bcvt+pTTFsds+8lDXlrhcJxRfnevFSggU8te04g5l3dBbBsFounpcY18C//4x2m2kdWnwZzM9Y6g5HU4w7cCGTlkka9x3ed4z0UnfCrph35Yv39/TelP0/ibmj1f83vFIfpVXT6O7C8QooBgLw18j6ssWfSozX7n9O+8/ebqiukKbwov6I4iKhzjKIb+xriObFiKE7wZ4pui8wrzBuF/Q97xd+wdh78DAHAM5AwMlg4UBuMIAmEUDoPfCLiWgaV6goEzHAVnFEZj4O84gt0+7v+b7ViC4HxnBRnYfVOZs/KnREMB0V5aV2PAWCxg4zufNUX5x4hg8mNEEIGCYaHQ5zf8N+P7n0P7U88IMP4So59B+Bv3XdF/O36G+6dIfsafy6alvIGyu2S/a4oirxXHseOYM6vCMrkiuHgTaTujs3k9FnUp0SvEMuYsMjzHHnnhrDG1xMCuwBYayF9sMx3myOa695ktLNM7hpDCUSs+g6uZO+A19sU6sFk/8Lc5vNa51XrPVGrm6Do0SffFbk0UBgn/QpUHPl4rgt6HPjwEiDgnT1aLwPGn11Tyas2CVmkNeM80z8Jm8eH1BEV+iEc+3imCCKdS8UjaBsoc4aIx0CcEwdIkbc9XjXchzWJWPg/4T4PAiCKsqZz6Q5G0IqTZwXpiPo2fhA3mYsQC1dFq0nLN3ScrK+LpEfhfIIFAYr9UpzmD0fSx79WBfypCHrR2tpc+vX4MSds0B0R/O3Os7NQhrwjNPWxpKEbTJqmEUuOYz6EzmxaqEjaYCF2HNuvEyAYgNo+403ITEvJPg1r1sYuWycQVemoO89SqAJgHWCsr+rgG/gauJQC/gmqOGGmKnGrmvHLmB9Sv4IBEf2lNUxLW08mphE3jqH/A4Aqt91z85HqeCCAIlou7thueTEgEr7QBYuB5QnFx68b1bfZilezJqa2T+S+z84LhCGCIALGJrfxrFsDseELob33kCLHGvjKSszTbrD3FdnFBERbWEerccUXjvweC0IA3L21pCY0NHl+Vn3JgF7aFNUFrNz0lt0UhB8t8w4I2VhF11hYaDsz7xXTNTd8Z+IMDLKM559oCLPYM2xM9y2ZPluAZL4NCI9muzoLXi1OyrOcBdsOnkyeCYUJB/jFs2xVykI1rnoOpBnHg7FGylRjlPze5ugyDfbGXBaEAX15oWH5l1lf9zgWV6QG1Ta5MytW4PtHm3rEHxKH4eFY36tx49dMwD/N64ajHk1e44sqUZ1uJpAg9T6doPtNe/8Ck5UU2MoaTJ79AG8qlc2FmMXOTSgrF/PQS0ccLRdpmyoKehLKeUsg2dOWewZlo3LFRx/h4eNpsUWwNJyLCUr8aZUDcTLrbr2r0xYYWhAQUeulNWyMcRlQKZnRU7GQcj2565nRtkU1TovsbinsP+zQqmH30VTMxhBVPL7K8WWIgJXWLvvradLvMd7wWNiXe6NQFgckOQ+ULeqcNSyL2E/0ECZps9NHWTYKmqI0e5swgcdxON6LceOaREsR9QifiRbZ0lC+5Hy2UNKpmSt5E/nHMYYRWaZ/kvngLEiHh9z82INlApVR2CwtC/IxdhPOY/GOPrlTloAeDWs0HO2N85JlsUuyLazcKJIbGsTOzqiBzPQtqWE5bFTNQ1DVgQfbKzGpKXDlLjGmyeZWozLr+yKvzKrCsw3GMqfwgb6owNnuoOJbeObbIAylQTnXIKJwmr2uWB19lIIG9Iy+p+cN7rqxxvs0mAtb6qJZrJVv9UZs/Cjn06TW8anlwPTWK7O2hb+ag4j0VKQQFG8oTpOniFlTB5/p5PQYJlF4t0AlwYEQvPqteyRZxa37e+2nw9QD7AFW/SUp2jtEkB9V/j54sBAr6PUHE6o9yedekVWJbjvsCFk68ky9YoWSqjMOWmsRIHPcRVFdkV4V7FSrR1NzG6qMPOMhnl2tfQ3TzRD490rapP6BGUtNFkgcgbk3aerMi0a0iiXuCek/Q6CpQ0NsXDFTJQ4muUh9u4s78KRZsm4IbX9j/qIoW5DCmfGQZZWV4pvrIky8gYfQ78hKTMtA5Ms9EuVU8P70GfgHHHD4Br0VSszDQhEUEFqLh1bxHPgaKk3j/zEKLEsBxAzKTDT6SyCJyUG6iHpyLow3OlR81yPhHX/l7yxBZjaekP7oFZqHeCFKgSDnWAK9LAJwqYljEIEaZzUogZ75CAzj0Eo4gJ7ZXocqAzgAy4TMxTKRoYr+pgAbZFWEbwDEEEm2THSZ+Fe7ZEQUd6BFrCLtmiNskN68eFEn0M7pa+Gt6TWrlXxAsYQ12g2dW3TE3gX+xEsgnh4V+iJ/tVDH163rtyO7pEUriFEoeAnq78x9/+QINClj00pHAqyIkudvSRcituekXSwgCE7QiEDyAx/nnaECf0naNF4C0SA2r1nLbx9sYtR4pSELNVlbl1TVfjU3Y6j4uGx6ImAY0skcsA5w+fQex4k0bKAJe+KGGPh4CQoh36xXWqxrSeCQ3CAYvqrRPZes1vcnefwEGAdx5gXmc0RRNn/g9+BAt158941WMQIDu3hqj+pCCqGc2/boP8EdzzHuAnmbtg3CgQL1gMGatcSrD78qqVUAhVAoClAIM9C/k90BGVMx/FTis9mlAWU1NY0aGEyD58ZCyT4Pd7U5r7Kf2+AIOTP/9s3YpD+YDVM/BxrnbeEP2dB2r+3BmRm2tj/F4pXkm/KGiOwi0J0bgeUaVVss3OGx7FdxV4VX+38htxuA+PkQUOw24d+67Pcawwx0/eCG6SjtqiDl0P0nz/Razdzy7FWT9khkI3wTdRvZ1Ktyip2nOBOPu/GP+ChP898/RyfCTtdlqjsIeva1sbrqKFulqqtqTpUCZ4fBj2ZR7k8pjBcPoDcvc/dOri1RYXye6LZLOZvpata1PjSLM2SQeW6iS0VSwhVetA4ahh2G72UoquncMoVTiKWMnVipCe/fvI09I+qfBwij43T7MNoJq9SqLIyRdsWwqvJt+9MnrObOrXcT2tsoPXwk8CFDp1V1J8uE8bU7PEM8K+Okm2pTAGIkBFv7znpCHT6/EluaU1eR7H8q9JR2l0R3oshtObkcayl7IJZJRWgNWSOly7aEunmAcWrSMCu1HgNy00uEC+HM1/K9LrdeV1zL4+GNp/I9FMzj+N5/K/P2/QoPhD2wwTX/sDgCVgiJ/+sAtShBAmK+//BUImLdz2ZZLlr5x5ZTcm8+32N7+7xtn6OJrqcn8Y+vm/wODST6ICmVuZHN0cmVhbQplbmRvYmoKNyAwIG9iago8PC9Db250ZW50cyA4IDAgUi9NZWRpYUJveFswIDAgNTk1IDg0Ml0vUGFyZW50IDIgMCBSL1Jlc291cmNlczw8L0ZvbnQ8PC9GMSA2IDAgUj4+L1hPYmplY3Q8PC9JbTEgMTEgMCBSPj4+Pi9UcmltQm94WzAgMCA1OTUgODQyXS9UeXBlL1BhZ2U+PgplbmRvYmoKMyAwIG9iago8PC9DcmVhdGlvbkRhdGUoRDoyMDI1MDMxNTIxMzAyOCswNSczMCcpL01vZERhdGUoRDoyMDI1MDMxNTIxMzAyOCswNSczMCcpL1Byb2R1Y2VyKGlUZXh0riBDb3JlIDguMC41IFwoQUdQTCB2ZXJzaW9uXCkgqTIwMDAtMjAyNCBBcHJ5c2UgR3JvdXAgTlYpPj4KZW5kb2JqCjEgMCBvYmoKPDwvUGFnZXMgMiAwIFIvVHlwZS9DYXRhbG9nPj4KZW5kb2JqCjYgMCBvYmoKPDwvQmFzZUZvbnQvSGVsdmV0aWNhL0VuY29kaW5nL1dpbkFuc2lFbmNvZGluZy9TdWJ0eXBlL1R5cGUxL1R5cGUvRm9udD4+CmVuZG9iagoyIDAgb2JqCjw8L0NvdW50IDIvS2lkc1s0IDAgUiA3IDAgUl0vVHlwZS9QYWdlcz4+CmVuZG9iago5IDAgb2JqCjw8L0JpdHNQZXJDb21wb25lbnQgOC9Db2xvclNwYWNlWy9JQ0NCYXNlZCAxMiAwIFJdL0RlY29kZVBhcm1zPDwvQml0c1BlckNvbXBvbmVudCA4L0NvbG9ycyAzL0NvbHVtbnMgMTIwL1ByZWRpY3RvciAxNT4+L0ZpbHRlci9GbGF0ZURlY29kZS9IZWlnaHQgMzcvTGVuZ3RoIDg1MjkvU3VidHlwZS9JbWFnZS9UeXBlL1hPYmplY3QvV2lkdGggMTIwPj5zdHJlYW0KaAW1mgmQXdV5oM/d79t7lVqtRq0NISGEQEICxC4WQwADtuNgD14SD/ZM2Rl7MpUpe4JralY8TlKVuMax4yqPpxhPjAnGhmDACLMbBAIBQgKEBJJodWvp9fXb7n7n+89rYVw1lSpSM7duv77LOf/59+1co5PntlJ2qlSulKUyQ2X6kjtOQz+zujcmr4wkTW3LThPlMDhVqaFiS7UXZqs+RqZxaDPRtAGQJ4Zh5MrIlGkow1TcmIq1OMwUYMpweMscHjAgV1auVwUqp54Iao5GQ5kyLZMVlGkxPs00ziY4y4tTCOt1DXnFoaHpmbFSkSySFvgFZw5H5jACslRmGiDEEhY3SZaaZlNjCu2+BiaLxLlnMzSGDjn1WGB0mQcgoNr841SxMvNMWRAui/J84b9c8747W66YzwFeQp48lpM/y2LpXLDhMFViqvFU7Xrr2KHxqVVLhq7ZMFi2HQ0zDcPQ9zzAMtQURus5sohM1QcDBTy/+pnAlwMGyxU/nN1X+rn+gWpTo7rw/hQ8HmqZnRoJhA+shQhhrHDMRDyazacGduEkaZLkuW+7Ee9tM1Dq3mfeGj85fcbyZeeuPW1JSUGJrQEoo0u9XiA3RIP0UnBMsO4eIrLffZDmwgitx90XIlwZDEIyVHQtUzbCEb1GUkaKvpqZmSdZ5prHlPr39+769b4jdrFodepXnr7065+6dEgpF7GbaKvMluW7zEHGHKaGL9fCyQ9wQ14uHDkKiDaABBotbIc3moyu9nApFsFcYGlwQBNIWkZcM1FmyQheaPL0YPCAh1asXN5CVdc85L8+8jSLLHNGqT/+c/g8ljmlLIyv2XTGnV+6aqmrVJI4IG+aXYNeYG8OSgBAJaDXFCRkXRDhxcItsIVoXvC6i9KpS33HMyCgwAtvZSTm331kOGai1FOvvv343netZWfOVwbV8Mon3x57fO+UCEdzFmayvkxaAAFneRTlBmJgYQMhiJz/L4deSllMgMUytguB0XIBWpn86ZMHCw/zVKjr3nVfCedlBY0EyHDJpGRhTXFpoko8gncqQZtM/Mv9Lx174ciUM7yuU16WLVr7yMsHfvX0HsZYth1nsq6Btz0FQq7AR05Z6H1CQePUojJWXIrGrPtQTxdfzPJQaKK3TLUs0Y6FQ2SFNqkgVomrjs9OO8XSfBRbnh8kHccujc920EY3VRYy0dBlbS0fIdkAYqL1Thw5C3Hg9xZE3x3PYrh2eXNKK7tYypMuICBgd10bEyCCIP+wAy4MT6tzyiR0SggTAZh6dU29wBGOZPJInLSMYT3BRnTjWH2uxXUnN60KfPcLlYNHxmJ1NhBdW5sBcwQ/1uIfs/nl0QI+8karAuaqRSvSFvjdk7fdgxmcpw5LPFoOx08BM0TLAO66/MuWjSz287CCR2nNF5K4mMSLykXEYLriB8VTaVigjcYQOYUWcSY8XdDR366ukeM172AQPEs1F2QGB0+7kwQIJEk87CqWJuwUHaJV8kCPJnLCR6axrF5ZgDhd9eo+5VcsRp7LFW4aPNctH7Ha81UjKyRBIZ7309bo8CBAUQgZmOnoLNjqP1mNP9EAeaTPhf+8FznKa0I0kDXvuJc5PCUmo4LYu0haRkmolzu4nSXKtgQ5uOGq+OLTV24ZOfTS4SOu5fpRcOmygVvO7cebNZPQtz0YRvwQjmrnAR5YiWiyICKmARxuTrF8AUmt35ID6KQmtw0dHgQFACRoXDcPMTHiPLdguEZbYItgOYSOLiyCuX7ygR+wxmQFH+23hCTGGiFzZLZZVOqqVZXPXrzpH55907J8M29eeObSW67Y6kMwyxmGjViEg/ANNUVsHCBGCvXbxU7ZB68Ebw58GjmWFZHS6HvWckTzAENqgg+TgV1CNJsUTMQ3GyxmxjiBhipOK/X4/mB8srGst3rTes/TTkcDE8xdKFkQNQDgMmE00kC9XPwDKMO4hVVY6NRaUA8jOZGFiJXnYMLILkrQV5IrfP2CsLor8ivuQAaT/YkP7o7v/gKE0WDVpZ4LOXPx2aG2uZJ+xSotpR7bk+w98O5pS2of2baY8O6Jupn4LFBBM4SVH4DDFIIsPOwuQYoChguGokfiMnMUGGbhWBnHCPJMTJJbsmPmT7RVKxQtXlpVZaV6ARFnluCboHEt5TeU0VGCKLowqBdoaAy69EAhugBA7FL+pwlLiDabFgpiWhZOsK6XZiTIsbrGMspVhJ+PlN9WBpgcb6p6S2EknquWFGXYAFJMIqFMlBpoItEwzFzPhMfkrUEm2SeIscTRpjoxl7uuMVhWQ0WhgugkRYBemgEwEB2q6eftTIWWmte8gwro6gc3qgZTsEUGsKU7Hrq6MoPLUDE2qWDKkn7V5wiGsAs9106U5XS58T8f2T3WitxSMQ+bo1X3livOm1PquX0zz734Rj1MZsJmlkUDJf+8lafdsGXD6pqJG3ZyN87C1DLu3rHrnSlEUXXjzmq3/blPXPHOial7H96ROr2WU46CcNPaFbdsXYm/acdBxfFF1USPsUTBeDJWf3H3ky3T9z07q08u99QXb70us0zDKMPfN6eiHbte27n3QDPMm4ERpK7vuiODpXNXLL7uvLVnLXaRoigtWiahQ/meGcW56RjtXMXk+JF66Nl3nt79+tHpejtVURTZaXTWspHL1q+58cp1JU/d9+jenfv2uuVqGKleK/3qzVesHCojnu/86OG3ZpLUq+Vpuqxq/dlnL+2xLDTl8V37f7HzQGCWyFayYP5ffv5jy/rVniPJvQ899uqBo8dn6qZpFWxrw6plH7v6su2beqq2GE0W53ZXc18ZP/H2fJo4hSyOVg6Ui7Pqvh27Dh85WXX7W2TOvUPknMdnZg69dujxNw79yac/esmAMluqVPJQ3h1vTe2fV5avjMbkef35jWjlwMAbE8G7cTsiswxnD87ObN+6sp+kyPFE/kQEEmRco2XDyh2vnXhw71hYqPm24cyMf/XKTVhPYtgY2bd/9srjrx0IMsswS/CoWO1JnNJUo3FyvPHqoeP3PP3KRy8570s3rOsxROngeJ4EyMdz3Gaq2pZ6bF/wt/c+9PaJelKs2qUl7bDjVBzX9n49PvPk4V0/fP7g179647MT5i9fniz2poll1tL6Zz9WQGHbhnr6reMvz4aJ3zLDfFUp+1ouS8Cr/cfqD7x4MCwscm0jac9tmlD3PHf4Rz/9hVXqSYyiWe5Ns7yexNMH60/t/uGt12y74wsXQrHnGFJRJsoMbSeDDLOMYhzNwx88uGu62eoZHFbNrOT6M3lMveT2DBI+jjZm7rzr5wOfu2Vj/ylP17M4MjLbLxpGEldTTKFmqW3btu9/8XBYrPpW9eDJd3a+PX3NGoKkhL2ukxMfr9TJVP38mVfiyhKr2tdqTK8YGrn48q3EpfFY/YcfPPb8eMPuGw07UdHzSnmUpkmD3KZaNvJyGvc1lbrryT37Dxz+b1+7bin+IUl8RCRRPk8s45F90bd+dD+GkveO5G6xlcalsttpN8M49HoG8P7vNpv/5tsP91Z7SyMbUtOI8zim5vctnACn0ztoZmFolBzbNCtEFSEWyzGLtaTQF5cGW2FQ6av91V33z9dn7b5lcQ7xkWPaqWFnZpHsBQv/yaPPFzz7G7dtYa7piDsSL4coDMOJUqth2Cc7nbLvZnMnquF0rXOi0jxWDufSsBVmqdvTM5tmv3hqJ74PZ68demLkQZa1DCskt8ZScLLbzx2tWFzHkXJSv2/H83tRXjIGKRY5cc9gptTO/eGByY7hVUmK7Sg4/5wNtZIEjH/9vSefHO+4AyPNZlAtVhqT0+HsXDA53hfNqpn3ZuvTbcNKnEpWHn7pePTlO+/DPxqS4VJQoHfmWyfiO3/8D8fsvjotGd/rdFDMljF9tNY+2RtOWnPvJbNHSy6NmPTE3GwnzTthmsWpEcdmlhIn0AAiRBJ0HKJtFEgdDLFd15xneU6Ism23YLqlk/WO5ZaSoO2E871Zw20etzqzvmUEACz2OYPL7vv1c3veS/GQtmgApux6aQe3IxVxqrKyZ9ba8zddtuWSM/txp68cmX7guZfeC/PYcOaazb5qz8HpqYlYlQwSeJVGYU4TRtlJEtmWB+s5V9bU5tOHH3z9oFkdcAs9r7137PVj6sIl0oeikCF+I1Xczv2/2RWVe+C41a4POPE1F48iv+/97OU3ZzvO0Giz1SzaeTJ5+KLVI+dvPHPF0iIh7sDYxKOvvf3aoQmjsjSz3bg8+M78+N/89Kk//YPL7CR1bRfb//59O07ioXtrbh6mUauaNobLznXbLzpz5Uil5swHau87R+575MmpyDX9/jjTPg1vZTk6nRJfH+OFMlWw/dzOw7hD8IdPHKT2URTi/LDI6amZ3mLBjOa3nr70tlu2r1yipmfVXb94fseuNyt9yxrNNslgFOWvHzy0ftlqktoCAR5HjPL7mfJda649WzXbd3z8hq2LBDT6vmJt/6rhj/zJ3z6irB7fq+SqfWDy6ESgVldUo618x3dNZjsZGKdSMBBtieDXbV37m317AhGfN2k4D+3ed871661UFdENS/zGy+/O7h4/1qkMeypxWtOXnL1kRVHtnsx/vW+fXR6d7zS8PPajmdt/b/OnLh1FeMwD+GVLh2+9YPgnT7371z9/1upbHhiOU+x/cOe+Ky7cvG2ZxM9HD6sn3627lf5GMGNaRlqf+PRFZ/7bT14gThyT0jX3NctGb9j8uX/xrbsn4iAxwd4i+wJPmgN4CUFQkncz474bZHVCLkHX8cjscGJYZ61WtTtTV29ee+ftWyBZUrWSOucrF37tL1uP7Bkr9Q5RiwQN692jx0O1WjIhKVcs3LWdZEkadip5cv3WTZsWSQ5UU0FZReVMnVVV55y+Oup08swMwMsvB6lOB4t4h4gGEyxwHIemjOSPOn3eNGRsGOqNGvOp6UZuedfbh4/FKndxIEjEwNh/+dzuDN9LnDayohXfeOlm5j6z+43J2I5UZqnASerXXngWXCZr7FGqmuZlnFWSDSn1+ctW3nzpZhXWkVnkFmeM0hO79+NbYdNv9k9Mph792aJDHGicv24ZXCZvKwSK8o6LPiJnOz2zqu744q1Wa8pDTbIUAizHwchBXrs3K6NqN216kAW/gAlCIB4gzTLbcUlLeYXHWORn37x9i8ZNFeOkqvG88ZKNNnmGMhud1PTKU3MkijhnYTUhJAYERViWxoOmdfn6YVQS0GZm28quGOJ2B8qekYXI0zQ9K7JpDTEfxaSMN3BjibSe40xyrRaLGJJTX3v2WTaASSGd8lQzfWr3BBEM1pB3vzKldh2espRXMezW3OyGdWesHaBBol5587gqjURZ6lmdAa/96WvXFLAz+i1pLhVpnuI+MDLO225c30OlZcS01LPa4l1vv6cZpN46dMgoEI7oyMSFYOYPb7pKAkmcl5xcHGOAoqqKb3mJumK5unzNcNKcs8khHNxF28UD6qCX5E5qm5GROo4Xh4mEMW2mUt1kVGyO6fpBc+6WSzeSzvtUy/hxi8xCkp/TTxtw3UKbrrzbEwnnMAqZLq0s/Kb0gCzy17jq5L22UCIHfSpKbywOEA5Jc0SDhsVMaelKRSdCAlBO+iLVIkLjIe4DdScfumDN8PKBatZp2KYdW/6O3W+Qk8xnonf3PPHCTF5wC2UriXqt/KbLN4LK7ExSb8WJ4TqeH7Ua60eHlxiqzAvWMI0kwcrzLOqgBJRwQ45av3xxUJ+2bZsU8GQ9mKZ2An6jSaJumU4WRssHetYuESILjvgAlaYO2kKmlUodAVM2rhk10yhN2GeQx1ae6dqKKeQGcgoTREByAIBTfrjPMs/Kq26OFNkDkUE6kYdfRTvzbFQehuo/rRbS6hQoYhrkJB1DtVwnQgocLMLiyCFhXwVGF9H4wMlD4pM8p+uvrQnVYW2pdqXSW+C+2F2uhirqnOX9hXAK/bfL1ddPNp4Zkzpi37Hg5XcmsurAfBJ35qe3jPRtGRDeJWknjucdV0VhYht+b6EHAWv+aDSkE5fLvkIasdnB+F43L+VxUW9EkPE0O5oDUewQ4qUAN6quj10jmBSfCtK21VZpSLfYydu0nnFH/b1xEBQdF2xRFzOX9gvj3axjyS6P1iUkoCnVXDdw53Ye2VloG3mhVMGmpYGB5gmjpSHk22bBSoHgpm2isZPHCA8tFEqky4JXpG+IFAUj0WgtPUE90c1fF2wyZA6jdP4jspFDenKsQKDJMke3AOCHg+HSLsF7bF03aHfyuNPJVODV7v/NPtrqv9q9fy7DNl3cddFMP3H5Frwb0sUsaNlkVA+WlyWmqzBl6dQR9CHSEJ9hEPW5ogRAzC5dH2ww6FBIsvXDILD1HA/3ZhhWnORhlBMewdPGrMkcYLVomXRRbNvkVb0TOY6bAVMrXJcmFhUrllYJDR/p+QBBP4RfQq68BT+Vue5Cvio5ABAEAdMUZLByst4YE+ERWNHlEa9kpq6Vlcy8YqRFK/OFPB7SrNILdH9so6SoBHSHgK09stZu3COzAx59URhEQwB1oI2AAG1HIJ/Tr9YtRu1C0qfcK+0/MXffW+qZQ1OJW4zDyM+ydSOLz1/lwWhXZX2lcsHx6R2LyhnexMRxIETkaySFejMK2Kny0szGy4P9san5TLIdobHsO/1lGTYwMEioYLhX7DlyojExLYwOw6Z0NmSvKPVgeCotdUT18hvvuA4qCMU5IZoxWochkoLbT4xCbLgZEqYTLe13SEN9pVODSDAM10hhkTAQbMQB6B6eJFoW/oEQShZGt4KFRAM5U3G8DtzKTZvGY1d6kKINCpBdX8Vy2JZQJVD1RJkrvMdMTdIJxoti8l6IJwPJMPCrtmyw4qBU8NM0jUz3p0+8OIaNk/EbqRvUr96yAW/uYH9JOlBQI339ZtDJ4phSc9/YyVfGFeUqB4jKWlx5LpqITe0eV68fPm56Rde1405jUX+1p6w8Q50+Mpi1ZvI0IqefTewHn93P+Mwro7Q4OZSdfVA4QsK+f069PT5jOIUwJpnWdilLdcmDj7gBCVw6xUOjIRQc4LJwRXIlrEZ0XcZLhOvqo16FKdLNEcMyxUeIJMTm8YBIKkssUoeYRhiMFkYBULMMP8BdxrYzw8lEDDuBraysh+knJoWVaSEnyTpAT8KN7GtEKMK2dctWLO5LG7N2GsZJMlYPQr+Kg/CS5oah8tUbK2gEm+sIiIvLNp7ltuslJ6NtMV1Z/P3HXh2nX4LtADZLwjxvgpSt8D/fu/dXHb8vNtHR0Epa5529VnAmAp8xOOI1zajRpIU0sOSnT+z62e5j83RiukRBv2mS3Y+F6i9/9MSh2SDGo7pFqdUkTAq/hGV55mRioKwKD+AxjhDFxC4zcgYGgw+/pMULTBB+Y+/aEwBBhwgRAyzHKQvXhInCGmCz4Yan135DM1rLVquSrC0uDkFJpStrCGQ9YOGH6rJIaY2uyUENJw6RrCXDLVyy/vS8fmKgin4rr1TFe2KueXP68o0ryWoBblt+Vz2u3NwzwqjOrO0a5J87Dx/9rz9+/s2OmlJqzrTnDWPeULvn1Ne/+8s9R2dUEYHFTtwcrZjXblsKPoC6YNTdvHLAihqea9fpgNQW/5f/8cB/vmfnnin1Xq4mDeNAoB7YE/3xnQ/sPnKsMLAYzUL+aJUOZeKLgbPAciFZNId/eC9RLBygdtdoXFdhZbCmOE8pEzQjdcSSJgPBFbVgBATSUWJ+mouCejhaes20GbWRBpIkCdQ0SR1iR5S5yg5Sw7XYC8ZyhCrWSJPQtQo8SUiZE5EeB7ZvykYz+ZiNOV+7eemjTyVTQTPPC1aUeAgtaI0MVq66gGJQ6Z6eEMpckrbbrr/oP93zsF8pJuyUlrxHDhzb+ec/P/v00eFFfa5vHxw79so7J2Y7uVUbIu6XrTSbmfijW69dZUvpz8Hv7X9w88vf+l8zQdPxy5HthOWVP35+4p4X/m7JQKWE/Jrh2HRIq9LpG+jEfMHBupKbUUQQfBeIcrx2lkEUZuRAqhzdhEq8M/0OBlKgdZ2qTo1En2UXhdAkkhEPTWmDOQR0YGF0QJ7OSzLoJKFPVrNtz3N4Iz0j8WmyMCKW5eXI6abgE+J2hxSLA6o8Urqw3d2honLlIY1mepXkKnyIQgbAo1FfbTtr1d/vmbAqFYf2QdDI8M7bL6RUw48TSpklm1Q6t73x3MV7xs568KU3in4lNUpmz+KTnejRNyeMvYex4NRwYrfXrZZt7K85pVoTH9t29u9fsByBIXY0A5TO6lN3fOH3v/ndv5tPeo3yYGIW7UotdeL99dk07hQKRdXXC/vmZo5WyjWCk3TTooivUNDfJDfFUeR5sUD9GHlkecQMmkya20I+nEEuWdrpdBwUkGVFu2ESRYt4Trwg2VfJd9qNuapt9vb2oMpmQXnk7ZIYGqFPqm1mjSASuuWQYMxUoDHf9D06w/DbM8yq55copXRH0c6zkp2XC7SXYgIIU9BNvTmEH3fE9ep6advGM6UcYEslCh0jHak42zctI3KasjUiiKIQMJ20Ds/x7z563hcu21JutVUzTALywKJX7vFqg05tuFhbUvOKdrsdz84Ww+Znrtj8jU9uq2iRk2GzFglsn8puOcP/m3/1iTWFljl9pAp1UZh2Agqk3p7FlrKjuel4auzzN1y+dfVQ2pxxqIAt6CAK8cWSGFbUbllse+ZJwchd05CdT1SBIBwn7FV6lknnlmGuI/pLf5X9u4CCX9cWwvuoXTQSdMpM2q3mHHMpa+kwKbcxZTdTp1C2282Sy86DYAwgyVrEAyEtQ9UnvcZJBJwHgRM0zHbkK5eSvhbVrRNTdrnXaswVSj0kWxCMC+/mCawhrgmvyycJFt4wxgnlzebVF6wfZStd4rXkmtgO6ScLiVNiwUz90ZXrVo2e8fePv7Dn0Dh7SxaccN12J6KdUraNQtBev3rlrddde/lKBZcNCmubbo30IvBrYafuOaVLV1e/983b7n7kzRdfPnxitjUXNWzfYzdiUbU8PNp/80e3n79K/ccfvF0ruPNBQBWOweOaQAJdqeXtatCKo1azMVcZqWC+luz6k6m1qvF0Z0q0oxTNZI1pW0m5wxSJWgRaaAiV25lJZuo+ChE1jBDQEuiNAVd9+dpL5zB1kt8oXFbwqjDGklqHaQI+z/oM64b1o6NV9uy8nA92os7aQT44yGsq/8JlGz9tF9E84t6Ao3qFfRKfC/RbqQ8tl1KlaalHX9hD/wGv43q+b6XXbT2D/o4rUsQCJBcSB2WQvUh5UtWbJtevNrevvvCFA+Grbx0YO3ZirtEsLqr0VQpDFe/Cc87cMFpEkRAVSoW3BI6oBVymK1KoEWgQ2ApL/en165pXrxs7ls4n7enpmdP6lwz2u5UeVlPkIc3JyYAGZLXW6rR7+iu9RTQs71XGV265vBkVcstNs7DqpIuonTQnrjl3Vb9vWcUaqXDWmTt/9SIPdxwHtCB8tIMuoOEtqalvfvGTQGUnlwJyuCy1vpFEOD35PAenDLKcpK0QjtsUtGGEMK1F9hpaDmM4GAMNnPTF0T3CI0GTURzQbLLTQSJEYkSfhiRUmXXDeHpSfeO7P+mUBg2vFM3O3Lz1jDuuW92vUlvKUREq+hAlqc1GD8qr7RT9YlsHZ4UX6ogMxFMxFmvjhOwu5agEBoHKYMA0HWLTfHe21aRrVijQN2h1OkMDhT4+cujum+i5yJIu0Sz73K9Of/uH93SKo4Hyotb8Teev+uvPnF1OOw4dJ1RE3K4czMWnEdzoG3ELWP6DDHwgHlArCl7dX8ma7dSk+7hgx8zlZBoKLR/H2MRRSWDwxVmYGXglSGKEAIMIug8U5/qONp2tqxpcPlzAoRXY4su4I5EmpzMdiwn8ByDiXVCcnz31Wt3tM3BNadxvZzdevBqR2IKtNCWkdcWKuk+iVRMPQNJFOZ7FWV4w2PiWCKPJFAJAlcWpxGXnE79vSoXEXmFGrWl637n/2cf2HHK8WoAFOc5Qxf/Kx6+9aI3UyiyFQiBcdPnhvY3/fs+j7eJwbPrMt+LOljUrINm1CInyaR7BWbAjC8aFg59OSBjA5xgxG/RYES0JcSH4C1RKnLUsobWEPqT4Q/19DNB4TnCS7A2/Sc4bSGWAizvFZaZpVwssJjIBYGQRkEnQAz6YMEBUW+5F+8GDU4pZ2q90FLVgD55Mnn/zXbP3tASnMzd17Vkrz6iIVjJb0AFLEIGPbHfKd0SA0d1b3VJA5JDFvolgwjBZVHbRxQS04SFrnoAFGRE5ACtu/8hHHn7jf3fMSugX+FJtcmbuz75/99nLB04b6l08UGNv6vjM/N6jk29N1DtOX2aV8zgpZsHKxaUrNlXACtFxgAN1Of90mbxAqZCcEkVyeAS7BB3J/IRdXAvemiHoCv5H+CJsgxn0aGkKopO6zQdM7YhEid8/tJPmTvJpuCxQwYQ7RncNfGG0PNIiFwFLAqEzTdaW/apnX2tiFLCh2S5m0ccv2ciWAl8d6BkaqhAkwGVvlbJVL6TNXRbRnwFrddZrgQn/mcEBryNFtwEzCz0SWP0t86Yl6p//3hXfufshb2hlhNMv9M6p0pNjc9ahgyoJ6GZHmRnZJbe6gl0K+F7mY436sS/f/oeDjohfGkbSWJciRePVRUzjxI9wVhyIxmXhV9ghE/XRZQvDmCyZLWMM1xAzf/84xdX3H/z2Au7pSfKku8TvXmn2/na4vmIpGHFgKt/1+r6+/tFWMF/Lw/PWLF+3SL4At7oGIGLRbBMNEO+kD3moXwiiC8cHluWye8d4qTbklwpMnAq70IOW+c8uH46iq+566Gm+Eij3LurEuVPpT+Mi5FMJs2vl2F4Uxi6t6Prxipd86TM3XLzW7UeLpTqghnPo6Wi/Jov/duXfReX9592L928/MEqedZ9/kNELA/6f/KNk6hrgjsceCttTpk2XOzPazRtu/izBlgIMlyHWJp0brQN4BnggyvohDkZjt1Ltk3xJ8c9HVxH+Ysgp3H718k2rhr5/z0NvThzwSj3T86FVKKYWhUlCfYIH68F+w/p5a5Z++VM3bhgypH0IhLgtAUnaloKJKOWHQOcfG7rAjn9syD/1HYzuGMYz74zP5F5kV0gXq1ly4Sq/lCrip+R+p6xLdwSgSLuPD0mZxBzNkyxq8YGSMEY8thcZDu1V0qSX31M73zg4Nts4cnK6Q//UcPiSYnSwtqTiXrRh1TkjiEj5aeZTY4nX7fKWyttkV1w2VBc8wj+VC6fm/f9ldGzIZ3PdpJAVqSyIVtLMl9KR7yjxLZJG4lzhELkPY2DUh2O1MIeAwzQgCEBAcSbw1DKBTnjEHWiPIF/G4F8o1nE35LaSIMqXqWSnCzzucjpnB1aMiwZ7Yknv4sNhdIq3v/P//wBkfQfkCmVuZHN0cmVhbQplbmRvYmoKMTAgMCBvYmoKPDwvQml0c1BlckNvbXBvbmVudCA4L0NvbG9yU3BhY2UvRGV2aWNlUkdCL0ZpbHRlci9EQ1REZWNvZGUvSGVpZ2h0IDIwMC9MZW5ndGggNTcwOC9TdWJ0eXBlL0ltYWdlL1R5cGUvWE9iamVjdC9XaWR0aCAxNjA+PnN0cmVhbQr/2P/gABBKRklGAAECAAABAAEAAP/bAEMACAYGBwYFCAcHBwkJCAoMFA0MCwsMGRITDxQdGh8eHRocHCAkLicgIiwjHBwoNyksMDE0NDQfJzk9ODI8LjM0Mv/bAEMBCQkJDAsMGA0NGDIhHCEyMjIyMjIyMjIyMjIyMjIyMjIyMjIyMjIyMjIyMjIyMjIyMjIyMjIyMjIyMjIyMjIyMv/AABEIAMgAoAMBIgACEQEDEQH/xAAfAAABBQEBAQEBAQAAAAAAAAAAAQIDBAUGBwgJCgv/xAC1EAACAQMDAgQDBQUEBAAAAX0BAgMABBEFEiExQQYTUWEHInEUMoGRoQgjQrHBFVLR8CQzYnKCCQoWFxgZGiUmJygpKjQ1Njc4OTpDREVGR0hJSlNUVVZXWFlaY2RlZmdoaWpzdHV2d3h5eoOEhYaHiImKkpOUlZaXmJmaoqOkpaanqKmqsrO0tba3uLm6wsPExcbHyMnK0tPU1dbX2Nna4eLj5OXm5+jp6vHy8/T19vf4+fr/xAAfAQADAQEBAQEBAQEBAAAAAAAAAQIDBAUGBwgJCgv/xAC1EQACAQIEBAMEBwUEBAABAncAAQIDEQQFITEGEkFRB2FxEyIygQgUQpGhscEJIzNS8BVictEKFiQ04SXxFxgZGiYnKCkqNTY3ODk6Q0RFRkdISUpTVFVWV1hZWmNkZWZnaGlqc3R1dnd4eXqCg4SFhoeIiYqSk5SVlpeYmZqio6Slpqeoqaqys7S1tre4ubrCw8TFxsfIycrS09TV1tfY2dri4+Tl5ufo6ery8/T19vf4+fr/2gAMAwEAAhEDEQA/AObApQKXFOrIkMUYpQOaXvikMTHpTgp704D8KcBQA0D0p+2nKuPrUgTgUARhKcE5qULzTlTJosBEE9akWPFSbCPen7e1FhkYTNKE5xUgGTTxHzmnYRCEFPCc9Kk2c08J7UWAhEdNUOYwR171bEXeiKLCD2yKpICJACoIoZc8d6srDgkj8RSmPn8KLCOXwaeopcZNSKvNADAlKE9qnC4GcUFCaVhkaoCaeEqRU9KlEfFFgIlQU8LUioPzp4SiwDFWpBH+VPCDFOC47/hTsAzZTjHx0qVU3deKlEfpQgIEi4qTy8kVMseDmpBFzkCqsBXEODUgjwRVgRZ5p/2ck9KLCIBFz0pywELirMcR6HqKnEGO1FgKAtycfORjrS+RnPBDds1oLBuyGHHalMI3nHXvTsI4VUBNSKlOEe3p0p6qSelSMRUyKds7VLtwKApzQA1Y+1ShBinqvFSKtAEYj9KcI+KpvqBeeRYJIhBA4jmmbkbuPkUZ+8M8k8Dpg844vxB49kjla00qXzIwu1rhhg7uc7cY6cAH2PXg0WGdhqWvaXpMbNd3G1hkKgUkuR1C9jzwecA8EiuWm+JsCTMINKeSMH5WecKSPcbTj864C9vp7+4Nxcyb5CAM4AAAGAABwBgDgVXB59KdgPTbT4mQyTASaVMI+rFJgxUfQgD9RXTaT4s0fVdqxyvDKTjyp02t7c9OfrXh5YEADrnt3qVSV27JCJQ2MelOyCx9GogIBA61MI/avHPDnjm60F1iuppb21ZeUJz5R/2Sfp0zjn8vWtC1/T9et/Ns5VYZwQDyOvUdQeCeRyBxmiwi9HDmpliHerCxbTmpBH3PFAFYQjcDjmpvJyelTbBkU8DFAiERjpjim7cZ/rVgioiuCaoRwYX2pQmDU6KOlSLGByaixREqgjpT1iHNSbMDipUQnrQBEqYokZUtnlMiRgLkPIQFHoSTVgRgHrxXnHjzxDcWl8llblVHlZO4BiM5BypyBkfjg9skEA5LWNdk1CCG1iQQwRgF1XrJJtAZ2PcnH+cmsWlJLEk8k9acqE0XKSGgetFSCImnC3Y9qXMiuVkSjJpTyemPYVZSzY+1Trpztjac5o50PkkZ49CSKvWU8tsRcWszw3MTBkdCVP5jv/8AXqK7sprZwWXAPektNq3C71LK3BGcVSZLVtz37wB4q/4SnTHW4Y/brcjzhtABBJwRjr054GK7DbjivCPA+q22geKILgPsSbMF0rYOxCR827GODgnHUCvfcAD1ptEMi9KDnNScYpRgCgBgHFMI5NTEcYA5qPBB5oEcSi+wqVVpwTipVAIqRjQg4qVARxilA9KeF54pgUtWuBp+kXd4VDCCJn2k43YGcfjXz3eXc1/dy3Vw5eWVizEnPNe++KLGTUPDOo20W7zGhYoF6sV5A/HGPxr59IAOKBokjTcKspHk4AqOFTsz2qdWAXFYSep000rEiQgdQCamSLoagDSE9sVdhHAJ6nmoZvFJhFBuODnitnTrAvKoAyCwHXpWeX/u+tb+kTbAOAWJFC31LSOwHgCPVLIxLiRiM8dvpXnXiXwsNCdo2Rg2cYY8euf0r1fQNcEcscbZVDwSOcVV+KFhBfWFpdfKXBO1gfpwfzrpVrXRjUg2eNWtr5reZvCPGV4PBYEkE59jivpHQL86roFlekbWliBcDPyt0Yc+hBr5slZothizt5JOehPavcfhdqX27woLZh89pK0eSeWU/Nn82YfhVHGzsiCAMUoGTUhptBIvHpUTAhuKeaY5piOTCGpVTvQvWpVGakYzZjmpFHNPxkYNAGO1ACSFUheRsjaCcjrXzVfQJbahPDE4kjjkZUcHO5c8H8q+kb+1e80+e3SRo2kQgMpwQfr2r561jSZtF1hrOYqXRh09+eR+NA0Q4KAL6CnooIyxAA9TUU3UsT1Oark5GSSKy5bm/NY2oEifpKmfc1bEPvx7Vz0LkEdcetbVrOWjC9aiSsbQlzFoIq5LNgfWtOwvrVBsMoBXnnvVb+zHktfOY7UI71zt00e5ljLFR1bNKNmXNygek2Wp2ogUfa1EpJGD684wR7Y/Wuh1KY3/AIbjhnRl2rjnoe2Qf89q8ZsI5ZTuSZUUHG+QlVB9Nx4H412uiaje+U9lKXyOCvr/AIitG0lYUJuTOYnjazvnjdQQrcg9CP8ACvUvhu+qFTEtrZwWKqGkkTl5Tzjv/Mdj17ef+JYgdSRUQl2QbgByeSBXsfgbQ4tL0KGRWYyToGkDY4Pp+HStIO8Vc5KqtJpHSgU9F+XnmjoT9KRSQeasxYjDHSonIweDmpetMYDnjNAHMgc5qVRTACcCpgtIY7HGcUBeRTkxginBc0gAV89eJlLeL9VBySt7N19AxxX0Njb1FeJ+P7VrfxzcOfu3ESyAD02bf5rSlsXDc5JwJRgjpTypmiSNgF8sEKy9cH1qQRjPA4p+zjiseax08l0VNjKgiAGAc5HXNWbXKuozzSshWPOMCnWiE3CYGRnmk3cuELSPSrbRJtS8KQeVzjduA69ua4G80y505prSSIlJD94r+WK9c8NTHT9GiluUZLdz+7codp7HB71leJ7iB58wojJ1K9etCSSujoqU+Y4jwu39nSzrJGhSddsjspLBf9nsD7kH6V1WmwWKXyGxtWhiBUKgYt0GO/c+3rWTDBG77oxgZ4HpXY+E5YrK+3vAruBhdw4BpppvUhQcdjJ8RaTE17LcvKbd1t5GXAzuZRkL7Z559q7r4dyNJ4C0tmznY459BIwH6YrjfGuZrkx7tgYPIxxnYirzwPY16HoEUdpoFhbxDCpboMe+BmtIas58TZK3U1QM0jdaA1NZsDpWpxB0780h6ZpjSAUgb3p6CMNVzQOmDmlQ0c4qRksY+Tnr7VIowKYnTnipOKBiHBHSvMfiVoN7NqlnqdtDLLCE2TMi7ggBJycdBgnnp+leoY45qvfWn23T7m0LbRPE8WfTcCP60NDTsfOpwrbT2NPVhj2psrfv2yD16EVHI2BxXM1qdsZaEsrIcA5O3nA7mrFnLtYEYXPHB/nWaC57YzVuzXJIJ5x370rFxlrodpa+KNSsk+y2du0tsRiVd2VbPX5cfrVvU5hqPlPFbLbsqcqucdenJNc5oM7iR43cRoem84Ga6OUSWyq0gGCM5B4NEY6HRz3WoyztOOB79P0rYtRJbTBQxwOR6fj+VTaV5Utv5qAAhhkVLcIzy7UPBP6VEr3saRta5EdKu9c1mGdFcxwH95hhtZWBBBBOegz+FehRxLDEsaDCoAoFZHhxfLspTswDLhT6gAf1zWtu7ZrqpxtE8rEz5qjRMDnikkbCHBqEPg5z0ps8w29a0OYryy4PWpYpCUyax7q7CSdaqvriwxldwFIZfGQacTg1EWxS7jjrQBKJMDgVKDk5qAHAzmnrJkUgJw3FL/D0qNW4pwYEdaAPEfHOkHSfFFzhT5NyTPEfZjyOOmDkY9Metc1KDgEele2+OdHg1bw1cSyttnso3uInABPC5K/QgfmAecYrxFn4HNZyVnc6KcrqxATLnAP/ANap4YJHwS2BmkGM5qZV44qGzeKNTTLQ3EqLJPtTPzfSugvdGAs/JtNUmcE5I2DH09q5jT4pTOu0Mea7e1hkWJSynkdaV/I6YpSQ3wsbiGNrediTnFdDNOBKFTk5AAHUmsu0X7M5diAe9aWkMtxqBuHAKouUHvnrUpXY5yVOB1dkv2Syihz8yj5ucjJ5P65qYzjHWs17onvVKW7I/irrWh47d3c2Jr1UHBrLvNVCofmxWXd3+1TzXN6jqTsCFPNJyCxe1TXcZCHLVzcuozNJvdyfaoJHLEljk1WlY4NZttjsezh8tjp9adjcDUDbto4JqZTkYGK1JDOFxSqSetG3tQE4wKQD1bHSnhuuTwKq3N1b2Vu89zMkUKDLO7YA/wA9K868WeOFvLGey06cwo5wsgyGlH9FP5kY7EggGZ8QPGr6rO2lWRkis4ZAZD0MxHTP+znkD2BPYDiVcg5FQzmQzt5rZkzljnOTT1qZGsC2jBhwc+1WYnGMEVl8hvSpkeTs3NZuJsps6PS7gJdJ0AUgnNdi+sRJD8zKOODXm9qlxJIAr4J9q63SbGFGWSYmWRecscgVJtGbtoi/9pluGBwyxnoT1b/61aK6oukQpdPC00SuBIiHazKeu09M/Wqk8geTgdOwqp4hkVPDVxu4GUz/AN9rVQ3Cfwu52CXsdzY297bs7WtypeF3TYWAOCCM8EHgjJ9iRgmjc3gGRnmoPBmqLdWwsJLkReH/ACt0/mqpEcnAWRGP3W5weefTJJqHXrNtNvPLiuYru2lBe3uoWykyeo9x0I7e4IJ2mrK6OApXd2zcA81lSZY5NWWBP1qJl4rG4ynIBVOZsA1emXAzis6fvTQHtn8NKuAetV7q/tbCNXurmKENkL5jAbiBkgep9hXJ6r8QrKzl8m0hd5D0llUqnsdv3j6YO361sZq52xPPSsjV/FGnaQBE86SXLbgIUcZGP7x/hGcdefQHBrzDUfEuuau8tu0xmSQELEg2IAexA4IH+1k1R8qRUMJtYQkYHnSuQc9go/lSKsa+oaxfeJLje7+YkYPlpEm1FHdiW/8A1n6DjCLRaheH7dCYBF3Axx2znn+dbEun3NzBHFp9+HvXALxoMYHZAB0+mPT1qfUYbi0ig0G/tlSa5A3ygZ+fOB0/zgZ6GrUdAucHKCLh1PODinqKj6ytgEDPGakFZSNIj8ZpygikHSnD1FZ3NS7ZO6yAgc11lnIyQhnPbNcjaldwzmthbsiPYOKg0i7G/BMXcms/xXdBdEeLIzIygD6HP9KbbXJjG5iMAdK5zXr1r24SMHIB4HvVw3FOfunQQ315ZyfYbSPbp0ybWYjG9D1Bx9eR3H1r0DQtS082reFZ9HF7YOFkgvY+sTno24DI67SScZ4Pyk586t7+bxFax6dDiBYAAZBx+P8A9auj8L6mLMSeFLafZfTSYtpZMFQxyME9AOfQ8Z6nFdcHfRnGzp9S8ATabBaia7jjmnyF3uNrtzjBHTgZI5xyOcZPJalZy6ZeG1uCm/8AhKtkMPUV3XhHU1QXPh/xlepPfIzLDHc/vUcDnaR14IyGGOnX1sr4a1S013/hINIntbaJYS01tPM0yRFvvEjGTH9MdOi0pUk9hcx5VcfcrKl616I2jaa1vLdaoHlluM7U0qdJFDnn5ODk8gkZbAPGTWLN4C1KbSH1ezmtp7HBaNvM2s68Y4I+U4P8RH45FQ6MkPmOOnmluJljvVubi6k/jVtzNjucf409wbF2glSSTcvyxBAcH1J78U99cmfTh58zSqo+XaMMOf73WoINTCRM9hJKkjfea4G8j8f/AK1GgDE+y2xCQXM4vH++3938q0NOGnWrC9ninubO3P8ArG6SyH09fT8z2rMl1UwKY43jlkc/vJQrAn2GQK29N8TPIILJ7U/Zxw6BRjHds5547EfjTja+oM6bwz4bsNTjuPE9vePA1uyhUIPLk4yB14yMYyO3GKiure6XQNWl1/P29w0lnIWJ4yckE9sA4OegI4xXZPonhzxSunaV4aka3KRi7ZAduVVipBxypyCCRjllPPfJ8W6kviGxnhaIK+hMLS5KcYMhCk7enARk9ju7GulJWIZ4pMkRfzIA3lNgfMOjdx/WhRXW3GhDVZJYdG2tb20RkZEG4uygnC9yeDx9faufFljoa4qiszop6oq4pQCOoq59jOOKtw2iuuGHNZGqRQiYCrML+ZKBnpUVzD5LEUtoduWzyaQyzdTlAVBrMgDCc3LRl44+oAzyf8Ov4VZuDhGY1r6Pol3a6d/bL7XtyNwjPP4kf4VrBXZlUdiC6Dpcp/Za7bcnEj/3j3z9a3NTax0+1h1LT2Ml9Eo+YHnjHJx0Ix/nFUba9l123lgjgWFXcqcEA/gfUdaTTFg8P3b217LukPMfHf1A961WhkdLpFvY6ppf9u37v/atuwdYSTucA545ySO3/wBfNdZp/j3SfE1pbx3em20Nxp4JieW5+zNj1RxgDI/h5BxgjBBrysnURdzGFzDbSKxjAbaAw52598f5xVPwxbzS65JDJN5I2tuPXof/AK9aqWxLR7Pd+ILG3hkvdMvNMs4HI8yfTXjadj38yHBVsknPB+vpmQXCeICuowSS3tlZuv2zUriMI+emVi3EZ9M4x0AxXlRia1vLyF74mBCfujBYA4rslK2HwvtP7CvXs7q5uCblC5DOuMZ4PTII9Oe3NNTbYrHMWd7C2iSQWlorSBWC/Lye446nrUWkjULi3lUQKp3d1x1+poorIo5y4SUSlZgFcener+lW105aSOZVUDHJ9f8A9VFFSxnovg3U7zTPC1zqOmxtNrVvOkSnbkeTIzY79mLg/wC+nYVf8aT6ZawW2j2Tq+oajEJrryxjY3RQD2bAx24XP8VFFdCb5EzN/EcdZW9x4c1CztoGEgnnDSsOm0ev9PXFQ6vYJpmtXljG26GKU+Sc5JjPKE+5UqfaiisKq902pP3iGNR04qZlEa5FFFcp0mZdrvbNQouKKKBEUwaeVIUI3OwUZOOtdHdDUbZ7XS7BvOtgcuO34jsBz0oorekYVTQ8WGzNjajSWaK6VcOoOGHI5OO5PORWC0cE8YOpMf7QjXfsYcuB1+p9v8gorSe5mti/ZXE+s24Rx5cURHlvn75AypB9Rjn/ACKxre1S31mVLm5CsQRww+veiiqtaNxJ3ZqaPp621zf3sED3KRKwEm0lQxGQOB16Vf8AFlzpOqnTo8PZ3AixJEDwGJx3HXiiimtIh1P/2QplbmRzdHJlYW0KZW5kb2JqCjExIDAgb2JqCjw8L0JpdHNQZXJDb21wb25lbnQgOC9Db2xvclNwYWNlWy9JQ0NCYXNlZCAxMyAwIFJdL0RlY29kZVBhcm1zPDwvQml0c1BlckNvbXBvbmVudCA4L0NvbG9ycyAzL0NvbHVtbnMgMTIwL1ByZWRpY3RvciAxNT4+L0ZpbHRlci9GbGF0ZURlY29kZS9IZWlnaHQgMzcvTGVuZ3RoIDg1MjkvU3VidHlwZS9JbWFnZS9UeXBlL1hPYmplY3QvV2lkdGggMTIwPj5zdHJlYW0KaAW1mgmQXdV5oM/d79t7lVqtRq0NISGEQEICxC4WQwADtuNgD14SD/ZM2Rl7MpUpe4JralY8TlKVuMax4yqPpxhPjAnGhmDACLMbBAIBQgKEBJJodWvp9fXb7n7n+89rYVw1lSpSM7duv77LOf/59+1co5PntlJ2qlSulKUyQ2X6kjtOQz+zujcmr4wkTW3LThPlMDhVqaFiS7UXZqs+RqZxaDPRtAGQJ4Zh5MrIlGkow1TcmIq1OMwUYMpweMscHjAgV1auVwUqp54Iao5GQ5kyLZMVlGkxPs00ziY4y4tTCOt1DXnFoaHpmbFSkSySFvgFZw5H5jACslRmGiDEEhY3SZaaZlNjCu2+BiaLxLlnMzSGDjn1WGB0mQcgoNr841SxMvNMWRAui/J84b9c8747W66YzwFeQp48lpM/y2LpXLDhMFViqvFU7Xrr2KHxqVVLhq7ZMFi2HQ0zDcPQ9zzAMtQURus5sohM1QcDBTy/+pnAlwMGyxU/nN1X+rn+gWpTo7rw/hQ8HmqZnRoJhA+shQhhrHDMRDyazacGduEkaZLkuW+7Ee9tM1Dq3mfeGj85fcbyZeeuPW1JSUGJrQEoo0u9XiA3RIP0UnBMsO4eIrLffZDmwgitx90XIlwZDEIyVHQtUzbCEb1GUkaKvpqZmSdZ5prHlPr39+769b4jdrFodepXnr7065+6dEgpF7GbaKvMluW7zEHGHKaGL9fCyQ9wQ14uHDkKiDaABBotbIc3moyu9nApFsFcYGlwQBNIWkZcM1FmyQheaPL0YPCAh1asXN5CVdc85L8+8jSLLHNGqT/+c/g8ljmlLIyv2XTGnV+6aqmrVJI4IG+aXYNeYG8OSgBAJaDXFCRkXRDhxcItsIVoXvC6i9KpS33HMyCgwAtvZSTm331kOGai1FOvvv343netZWfOVwbV8Mon3x57fO+UCEdzFmayvkxaAAFneRTlBmJgYQMhiJz/L4deSllMgMUytguB0XIBWpn86ZMHCw/zVKjr3nVfCedlBY0EyHDJpGRhTXFpoko8gncqQZtM/Mv9Lx174ciUM7yuU16WLVr7yMsHfvX0HsZYth1nsq6Btz0FQq7AR05Z6H1CQePUojJWXIrGrPtQTxdfzPJQaKK3TLUs0Y6FQ2SFNqkgVomrjs9OO8XSfBRbnh8kHccujc920EY3VRYy0dBlbS0fIdkAYqL1Thw5C3Hg9xZE3x3PYrh2eXNKK7tYypMuICBgd10bEyCCIP+wAy4MT6tzyiR0SggTAZh6dU29wBGOZPJInLSMYT3BRnTjWH2uxXUnN60KfPcLlYNHxmJ1NhBdW5sBcwQ/1uIfs/nl0QI+8karAuaqRSvSFvjdk7fdgxmcpw5LPFoOx08BM0TLAO66/MuWjSz287CCR2nNF5K4mMSLykXEYLriB8VTaVigjcYQOYUWcSY8XdDR366ukeM172AQPEs1F2QGB0+7kwQIJEk87CqWJuwUHaJV8kCPJnLCR6axrF5ZgDhd9eo+5VcsRp7LFW4aPNctH7Ha81UjKyRBIZ7309bo8CBAUQgZmOnoLNjqP1mNP9EAeaTPhf+8FznKa0I0kDXvuJc5PCUmo4LYu0haRkmolzu4nSXKtgQ5uOGq+OLTV24ZOfTS4SOu5fpRcOmygVvO7cebNZPQtz0YRvwQjmrnAR5YiWiyICKmARxuTrF8AUmt35ID6KQmtw0dHgQFACRoXDcPMTHiPLdguEZbYItgOYSOLiyCuX7ygR+wxmQFH+23hCTGGiFzZLZZVOqqVZXPXrzpH55907J8M29eeObSW67Y6kMwyxmGjViEg/ANNUVsHCBGCvXbxU7ZB68Ebw58GjmWFZHS6HvWckTzAENqgg+TgV1CNJsUTMQ3GyxmxjiBhipOK/X4/mB8srGst3rTes/TTkcDE8xdKFkQNQDgMmE00kC9XPwDKMO4hVVY6NRaUA8jOZGFiJXnYMLILkrQV5IrfP2CsLor8ivuQAaT/YkP7o7v/gKE0WDVpZ4LOXPx2aG2uZJ+xSotpR7bk+w98O5pS2of2baY8O6Jupn4LFBBM4SVH4DDFIIsPOwuQYoChguGokfiMnMUGGbhWBnHCPJMTJJbsmPmT7RVKxQtXlpVZaV6ARFnluCboHEt5TeU0VGCKLowqBdoaAy69EAhugBA7FL+pwlLiDabFgpiWhZOsK6XZiTIsbrGMspVhJ+PlN9WBpgcb6p6S2EknquWFGXYAFJMIqFMlBpoItEwzFzPhMfkrUEm2SeIscTRpjoxl7uuMVhWQ0WhgugkRYBemgEwEB2q6eftTIWWmte8gwro6gc3qgZTsEUGsKU7Hrq6MoPLUDE2qWDKkn7V5wiGsAs9106U5XS58T8f2T3WitxSMQ+bo1X3livOm1PquX0zz734Rj1MZsJmlkUDJf+8lafdsGXD6pqJG3ZyN87C1DLu3rHrnSlEUXXjzmq3/blPXPHOial7H96ROr2WU46CcNPaFbdsXYm/acdBxfFF1USPsUTBeDJWf3H3ky3T9z07q08u99QXb70us0zDKMPfN6eiHbte27n3QDPMm4ERpK7vuiODpXNXLL7uvLVnLXaRoigtWiahQ/meGcW56RjtXMXk+JF66Nl3nt79+tHpejtVURTZaXTWspHL1q+58cp1JU/d9+jenfv2uuVqGKleK/3qzVesHCojnu/86OG3ZpLUq+Vpuqxq/dlnL+2xLDTl8V37f7HzQGCWyFayYP5ffv5jy/rVniPJvQ899uqBo8dn6qZpFWxrw6plH7v6su2beqq2GE0W53ZXc18ZP/H2fJo4hSyOVg6Ui7Pqvh27Dh85WXX7W2TOvUPknMdnZg69dujxNw79yac/esmAMluqVPJQ3h1vTe2fV5avjMbkef35jWjlwMAbE8G7cTsiswxnD87ObN+6sp+kyPFE/kQEEmRco2XDyh2vnXhw71hYqPm24cyMf/XKTVhPYtgY2bd/9srjrx0IMsswS/CoWO1JnNJUo3FyvPHqoeP3PP3KRy8570s3rOsxROngeJ4EyMdz3Gaq2pZ6bF/wt/c+9PaJelKs2qUl7bDjVBzX9n49PvPk4V0/fP7g179647MT5i9fniz2poll1tL6Zz9WQGHbhnr6reMvz4aJ3zLDfFUp+1ouS8Cr/cfqD7x4MCwscm0jac9tmlD3PHf4Rz/9hVXqSYyiWe5Ns7yexNMH60/t/uGt12y74wsXQrHnGFJRJsoMbSeDDLOMYhzNwx88uGu62eoZHFbNrOT6M3lMveT2DBI+jjZm7rzr5wOfu2Vj/ylP17M4MjLbLxpGEldTTKFmqW3btu9/8XBYrPpW9eDJd3a+PX3NGoKkhL2ukxMfr9TJVP38mVfiyhKr2tdqTK8YGrn48q3EpfFY/YcfPPb8eMPuGw07UdHzSnmUpkmD3KZaNvJyGvc1lbrryT37Dxz+b1+7bin+IUl8RCRRPk8s45F90bd+dD+GkveO5G6xlcalsttpN8M49HoG8P7vNpv/5tsP91Z7SyMbUtOI8zim5vctnACn0ztoZmFolBzbNCtEFSEWyzGLtaTQF5cGW2FQ6av91V33z9dn7b5lcQ7xkWPaqWFnZpHsBQv/yaPPFzz7G7dtYa7piDsSL4coDMOJUqth2Cc7nbLvZnMnquF0rXOi0jxWDufSsBVmqdvTM5tmv3hqJ74PZ68demLkQZa1DCskt8ZScLLbzx2tWFzHkXJSv2/H83tRXjIGKRY5cc9gptTO/eGByY7hVUmK7Sg4/5wNtZIEjH/9vSefHO+4AyPNZlAtVhqT0+HsXDA53hfNqpn3ZuvTbcNKnEpWHn7pePTlO+/DPxqS4VJQoHfmWyfiO3/8D8fsvjotGd/rdFDMljF9tNY+2RtOWnPvJbNHSy6NmPTE3GwnzTthmsWpEcdmlhIn0AAiRBJ0HKJtFEgdDLFd15xneU6Ism23YLqlk/WO5ZaSoO2E871Zw20etzqzvmUEACz2OYPL7vv1c3veS/GQtmgApux6aQe3IxVxqrKyZ9ba8zddtuWSM/txp68cmX7guZfeC/PYcOaazb5qz8HpqYlYlQwSeJVGYU4TRtlJEtmWB+s5V9bU5tOHH3z9oFkdcAs9r7137PVj6sIl0oeikCF+I1Xczv2/2RWVe+C41a4POPE1F48iv+/97OU3ZzvO0Giz1SzaeTJ5+KLVI+dvPHPF0iIh7sDYxKOvvf3aoQmjsjSz3bg8+M78+N/89Kk//YPL7CR1bRfb//59O07ioXtrbh6mUauaNobLznXbLzpz5Uil5swHau87R+575MmpyDX9/jjTPg1vZTk6nRJfH+OFMlWw/dzOw7hD8IdPHKT2URTi/LDI6amZ3mLBjOa3nr70tlu2r1yipmfVXb94fseuNyt9yxrNNslgFOWvHzy0ftlqktoCAR5HjPL7mfJda649WzXbd3z8hq2LBDT6vmJt/6rhj/zJ3z6irB7fq+SqfWDy6ESgVldUo618x3dNZjsZGKdSMBBtieDXbV37m317AhGfN2k4D+3ed871661UFdENS/zGy+/O7h4/1qkMeypxWtOXnL1kRVHtnsx/vW+fXR6d7zS8PPajmdt/b/OnLh1FeMwD+GVLh2+9YPgnT7371z9/1upbHhiOU+x/cOe+Ky7cvG2ZxM9HD6sn3627lf5GMGNaRlqf+PRFZ/7bT14gThyT0jX3NctGb9j8uX/xrbsn4iAxwd4i+wJPmgN4CUFQkncz474bZHVCLkHX8cjscGJYZ61WtTtTV29ee+ftWyBZUrWSOucrF37tL1uP7Bkr9Q5RiwQN692jx0O1WjIhKVcs3LWdZEkadip5cv3WTZsWSQ5UU0FZReVMnVVV55y+Oup08swMwMsvB6lOB4t4h4gGEyxwHIemjOSPOn3eNGRsGOqNGvOp6UZuedfbh4/FKndxIEjEwNh/+dzuDN9LnDayohXfeOlm5j6z+43J2I5UZqnASerXXngWXCZr7FGqmuZlnFWSDSn1+ctW3nzpZhXWkVnkFmeM0hO79+NbYdNv9k9Mph792aJDHGicv24ZXCZvKwSK8o6LPiJnOz2zqu744q1Wa8pDTbIUAizHwchBXrs3K6NqN216kAW/gAlCIB4gzTLbcUlLeYXHWORn37x9i8ZNFeOkqvG88ZKNNnmGMhud1PTKU3MkijhnYTUhJAYERViWxoOmdfn6YVQS0GZm28quGOJ2B8qekYXI0zQ9K7JpDTEfxaSMN3BjibSe40xyrRaLGJJTX3v2WTaASSGd8lQzfWr3BBEM1pB3vzKldh2espRXMezW3OyGdWesHaBBol5587gqjURZ6lmdAa/96WvXFLAz+i1pLhVpnuI+MDLO225c30OlZcS01LPa4l1vv6cZpN46dMgoEI7oyMSFYOYPb7pKAkmcl5xcHGOAoqqKb3mJumK5unzNcNKcs8khHNxF28UD6qCX5E5qm5GROo4Xh4mEMW2mUt1kVGyO6fpBc+6WSzeSzvtUy/hxi8xCkp/TTxtw3UKbrrzbEwnnMAqZLq0s/Kb0gCzy17jq5L22UCIHfSpKbywOEA5Jc0SDhsVMaelKRSdCAlBO+iLVIkLjIe4DdScfumDN8PKBatZp2KYdW/6O3W+Qk8xnonf3PPHCTF5wC2UriXqt/KbLN4LK7ExSb8WJ4TqeH7Ua60eHlxiqzAvWMI0kwcrzLOqgBJRwQ45av3xxUJ+2bZsU8GQ9mKZ2An6jSaJumU4WRssHetYuESILjvgAlaYO2kKmlUodAVM2rhk10yhN2GeQx1ae6dqKKeQGcgoTREByAIBTfrjPMs/Kq26OFNkDkUE6kYdfRTvzbFQehuo/rRbS6hQoYhrkJB1DtVwnQgocLMLiyCFhXwVGF9H4wMlD4pM8p+uvrQnVYW2pdqXSW+C+2F2uhirqnOX9hXAK/bfL1ddPNp4Zkzpi37Hg5XcmsurAfBJ35qe3jPRtGRDeJWknjucdV0VhYht+b6EHAWv+aDSkE5fLvkIasdnB+F43L+VxUW9EkPE0O5oDUewQ4qUAN6quj10jmBSfCtK21VZpSLfYydu0nnFH/b1xEBQdF2xRFzOX9gvj3axjyS6P1iUkoCnVXDdw53Ye2VloG3mhVMGmpYGB5gmjpSHk22bBSoHgpm2isZPHCA8tFEqky4JXpG+IFAUj0WgtPUE90c1fF2wyZA6jdP4jspFDenKsQKDJMke3AOCHg+HSLsF7bF03aHfyuNPJVODV7v/NPtrqv9q9fy7DNl3cddFMP3H5Frwb0sUsaNlkVA+WlyWmqzBl6dQR9CHSEJ9hEPW5ogRAzC5dH2ww6FBIsvXDILD1HA/3ZhhWnORhlBMewdPGrMkcYLVomXRRbNvkVb0TOY6bAVMrXJcmFhUrllYJDR/p+QBBP4RfQq68BT+Vue5Cvio5ABAEAdMUZLByst4YE+ERWNHlEa9kpq6Vlcy8YqRFK/OFPB7SrNILdH9so6SoBHSHgK09stZu3COzAx59URhEQwB1oI2AAG1HIJ/Tr9YtRu1C0qfcK+0/MXffW+qZQ1OJW4zDyM+ydSOLz1/lwWhXZX2lcsHx6R2LyhnexMRxIETkaySFejMK2Kny0szGy4P9san5TLIdobHsO/1lGTYwMEioYLhX7DlyojExLYwOw6Z0NmSvKPVgeCotdUT18hvvuA4qCMU5IZoxWochkoLbT4xCbLgZEqYTLe13SEN9pVODSDAM10hhkTAQbMQB6B6eJFoW/oEQShZGt4KFRAM5U3G8DtzKTZvGY1d6kKINCpBdX8Vy2JZQJVD1RJkrvMdMTdIJxoti8l6IJwPJMPCrtmyw4qBU8NM0jUz3p0+8OIaNk/EbqRvUr96yAW/uYH9JOlBQI339ZtDJ4phSc9/YyVfGFeUqB4jKWlx5LpqITe0eV68fPm56Rde1405jUX+1p6w8Q50+Mpi1ZvI0IqefTewHn93P+Mwro7Q4OZSdfVA4QsK+f069PT5jOIUwJpnWdilLdcmDj7gBCVw6xUOjIRQc4LJwRXIlrEZ0XcZLhOvqo16FKdLNEcMyxUeIJMTm8YBIKkssUoeYRhiMFkYBULMMP8BdxrYzw8lEDDuBraysh+knJoWVaSEnyTpAT8KN7GtEKMK2dctWLO5LG7N2GsZJMlYPQr+Kg/CS5oah8tUbK2gEm+sIiIvLNp7ltuslJ6NtMV1Z/P3HXh2nX4LtADZLwjxvgpSt8D/fu/dXHb8vNtHR0Epa5529VnAmAp8xOOI1zajRpIU0sOSnT+z62e5j83RiukRBv2mS3Y+F6i9/9MSh2SDGo7pFqdUkTAq/hGV55mRioKwKD+AxjhDFxC4zcgYGgw+/pMULTBB+Y+/aEwBBhwgRAyzHKQvXhInCGmCz4Yan135DM1rLVquSrC0uDkFJpStrCGQ9YOGH6rJIaY2uyUENJw6RrCXDLVyy/vS8fmKgin4rr1TFe2KueXP68o0ryWoBblt+Vz2u3NwzwqjOrO0a5J87Dx/9rz9+/s2OmlJqzrTnDWPeULvn1Ne/+8s9R2dUEYHFTtwcrZjXblsKPoC6YNTdvHLAihqea9fpgNQW/5f/8cB/vmfnnin1Xq4mDeNAoB7YE/3xnQ/sPnKsMLAYzUL+aJUOZeKLgbPAciFZNId/eC9RLBygdtdoXFdhZbCmOE8pEzQjdcSSJgPBFbVgBATSUWJ+mouCejhaes20GbWRBpIkCdQ0SR1iR5S5yg5Sw7XYC8ZyhCrWSJPQtQo8SUiZE5EeB7ZvykYz+ZiNOV+7eemjTyVTQTPPC1aUeAgtaI0MVq66gGJQ6Z6eEMpckrbbrr/oP93zsF8pJuyUlrxHDhzb+ec/P/v00eFFfa5vHxw79so7J2Y7uVUbIu6XrTSbmfijW69dZUvpz8Hv7X9w88vf+l8zQdPxy5HthOWVP35+4p4X/m7JQKWE/Jrh2HRIq9LpG+jEfMHBupKbUUQQfBeIcrx2lkEUZuRAqhzdhEq8M/0OBlKgdZ2qTo1En2UXhdAkkhEPTWmDOQR0YGF0QJ7OSzLoJKFPVrNtz3N4Iz0j8WmyMCKW5eXI6abgE+J2hxSLA6o8Urqw3d2honLlIY1mepXkKnyIQgbAo1FfbTtr1d/vmbAqFYf2QdDI8M7bL6RUw48TSpklm1Q6t73x3MV7xs568KU3in4lNUpmz+KTnejRNyeMvYex4NRwYrfXrZZt7K85pVoTH9t29u9fsByBIXY0A5TO6lN3fOH3v/ndv5tPeo3yYGIW7UotdeL99dk07hQKRdXXC/vmZo5WyjWCk3TTooivUNDfJDfFUeR5sUD9GHlkecQMmkya20I+nEEuWdrpdBwUkGVFu2ESRYt4Trwg2VfJd9qNuapt9vb2oMpmQXnk7ZIYGqFPqm1mjSASuuWQYMxUoDHf9D06w/DbM8yq55copXRH0c6zkp2XC7SXYgIIU9BNvTmEH3fE9ep6advGM6UcYEslCh0jHak42zctI3KasjUiiKIQMJ20Ds/x7z563hcu21JutVUzTALywKJX7vFqg05tuFhbUvOKdrsdz84Ww+Znrtj8jU9uq2iRk2GzFglsn8puOcP/m3/1iTWFljl9pAp1UZh2Agqk3p7FlrKjuel4auzzN1y+dfVQ2pxxqIAt6CAK8cWSGFbUbllse+ZJwchd05CdT1SBIBwn7FV6lknnlmGuI/pLf5X9u4CCX9cWwvuoXTQSdMpM2q3mHHMpa+kwKbcxZTdTp1C2282Sy86DYAwgyVrEAyEtQ9UnvcZJBJwHgRM0zHbkK5eSvhbVrRNTdrnXaswVSj0kWxCMC+/mCawhrgmvyycJFt4wxgnlzebVF6wfZStd4rXkmtgO6ScLiVNiwUz90ZXrVo2e8fePv7Dn0Dh7SxaccN12J6KdUraNQtBev3rlrddde/lKBZcNCmubbo30IvBrYafuOaVLV1e/983b7n7kzRdfPnxitjUXNWzfYzdiUbU8PNp/80e3n79K/ccfvF0ruPNBQBWOweOaQAJdqeXtatCKo1azMVcZqWC+luz6k6m1qvF0Z0q0oxTNZI1pW0m5wxSJWgRaaAiV25lJZuo+ChE1jBDQEuiNAVd9+dpL5zB1kt8oXFbwqjDGklqHaQI+z/oM64b1o6NV9uy8nA92os7aQT44yGsq/8JlGz9tF9E84t6Ao3qFfRKfC/RbqQ8tl1KlaalHX9hD/wGv43q+b6XXbT2D/o4rUsQCJBcSB2WQvUh5UtWbJtevNrevvvCFA+Grbx0YO3ZirtEsLqr0VQpDFe/Cc87cMFpEkRAVSoW3BI6oBVymK1KoEWgQ2ApL/en165pXrxs7ls4n7enpmdP6lwz2u5UeVlPkIc3JyYAGZLXW6rR7+iu9RTQs71XGV265vBkVcstNs7DqpIuonTQnrjl3Vb9vWcUaqXDWmTt/9SIPdxwHtCB8tIMuoOEtqalvfvGTQGUnlwJyuCy1vpFEOD35PAenDLKcpK0QjtsUtGGEMK1F9hpaDmM4GAMNnPTF0T3CI0GTURzQbLLTQSJEYkSfhiRUmXXDeHpSfeO7P+mUBg2vFM3O3Lz1jDuuW92vUlvKUREq+hAlqc1GD8qr7RT9YlsHZ4UX6ogMxFMxFmvjhOwu5agEBoHKYMA0HWLTfHe21aRrVijQN2h1OkMDhT4+cujum+i5yJIu0Sz73K9Of/uH93SKo4Hyotb8Teev+uvPnF1OOw4dJ1RE3K4czMWnEdzoG3ELWP6DDHwgHlArCl7dX8ma7dSk+7hgx8zlZBoKLR/H2MRRSWDwxVmYGXglSGKEAIMIug8U5/qONp2tqxpcPlzAoRXY4su4I5EmpzMdiwn8ByDiXVCcnz31Wt3tM3BNadxvZzdevBqR2IKtNCWkdcWKuk+iVRMPQNJFOZ7FWV4w2PiWCKPJFAJAlcWpxGXnE79vSoXEXmFGrWl637n/2cf2HHK8WoAFOc5Qxf/Kx6+9aI3UyiyFQiBcdPnhvY3/fs+j7eJwbPrMt+LOljUrINm1CInyaR7BWbAjC8aFg59OSBjA5xgxG/RYES0JcSH4C1RKnLUsobWEPqT4Q/19DNB4TnCS7A2/Sc4bSGWAizvFZaZpVwssJjIBYGQRkEnQAz6YMEBUW+5F+8GDU4pZ2q90FLVgD55Mnn/zXbP3tASnMzd17Vkrz6iIVjJb0AFLEIGPbHfKd0SA0d1b3VJA5JDFvolgwjBZVHbRxQS04SFrnoAFGRE5ACtu/8hHHn7jf3fMSugX+FJtcmbuz75/99nLB04b6l08UGNv6vjM/N6jk29N1DtOX2aV8zgpZsHKxaUrNlXACtFxgAN1Of90mbxAqZCcEkVyeAS7BB3J/IRdXAvemiHoCv5H+CJsgxn0aGkKopO6zQdM7YhEid8/tJPmTvJpuCxQwYQ7RncNfGG0PNIiFwFLAqEzTdaW/apnX2tiFLCh2S5m0ccv2ciWAl8d6BkaqhAkwGVvlbJVL6TNXRbRnwFrddZrgQn/mcEBryNFtwEzCz0SWP0t86Yl6p//3hXfufshb2hlhNMv9M6p0pNjc9ahgyoJ6GZHmRnZJbe6gl0K+F7mY436sS/f/oeDjohfGkbSWJciRePVRUzjxI9wVhyIxmXhV9ghE/XRZQvDmCyZLWMM1xAzf/84xdX3H/z2Au7pSfKku8TvXmn2/na4vmIpGHFgKt/1+r6+/tFWMF/Lw/PWLF+3SL4At7oGIGLRbBMNEO+kD3moXwiiC8cHluWye8d4qTbklwpMnAq70IOW+c8uH46iq+566Gm+Eij3LurEuVPpT+Mi5FMJs2vl2F4Uxi6t6Prxipd86TM3XLzW7UeLpTqghnPo6Wi/Jov/duXfReX9592L928/MEqedZ9/kNELA/6f/KNk6hrgjsceCttTpk2XOzPazRtu/izBlgIMlyHWJp0brQN4BnggyvohDkZjt1Ltk3xJ8c9HVxH+Ysgp3H718k2rhr5/z0NvThzwSj3T86FVKKYWhUlCfYIH68F+w/p5a5Z++VM3bhgypH0IhLgtAUnaloKJKOWHQOcfG7rAjn9syD/1HYzuGMYz74zP5F5kV0gXq1ly4Sq/lCrip+R+p6xLdwSgSLuPD0mZxBzNkyxq8YGSMEY8thcZDu1V0qSX31M73zg4Nts4cnK6Q//UcPiSYnSwtqTiXrRh1TkjiEj5aeZTY4nX7fKWyttkV1w2VBc8wj+VC6fm/f9ldGzIZ3PdpJAVqSyIVtLMl9KR7yjxLZJG4lzhELkPY2DUh2O1MIeAwzQgCEBAcSbw1DKBTnjEHWiPIF/G4F8o1nE35LaSIMqXqWSnCzzucjpnB1aMiwZ7Yknv4sNhdIq3v/P//wBkfQfkCmVuZHN0cmVhbQplbmRvYmoKMTIgMCBvYmoKPDwvQWx0ZXJuYXRlL0RldmljZVJHQi9GaWx0ZXIvRmxhdGVEZWNvZGUvTGVuZ3RoIDMxMzUvTiAzPj5zdHJlYW0KeJyVVwdYU8kWnltSIQQIREBK6E0QkRJASggtgPQiiEpIAoQSY0JQsaOLCq5dRLCiqyCKHRCxYVcWxe5aFgsqK+tiwa68CQF02Ve+N983d/77z5l/zjl35t47ANDb+VJpDqoJQK4kTxYT7M8al5TMInUCFDAAFQCgxhfIpZyoqHCIwUD79/LuJkCU7TUHpdY/+/9r0RKK5AIAkCiI04RyQS7EBwHAmwRSWR4ARCnkzafmSZV4NcQ6MuggxFVKnKHCTUqcpsJX+mziYrgQPwGArM7nyzIA0OiGPCtfkAF16DBa4CQRiiUQ+0Hsk5s7WQjxXIhtoA2ck67UZ6f9oJPxN820QU0+P2MQq2LpK+QAsVyaw5/+f6bjf5fcHMXAHNawqmfKQmKUMcO8PcmeHKbE6hB/kKRFREKsDQCKi4V99krMzFSExKvsURuBnAtzBpgQj5HnxPL6+RghPyAMYkOI0yU5EeH9NoXp4iClDcwfWibO48VBrAdxlUgeGNtvc0I2OWZg3pvpMi6nn3/Ol/X5oNT/psiO56j0Me1MEa9fH3MsyIxLhBiuOywgX5wQAbEGxBHy7NiwfpuUgkxuxICNTBGjjMUCYplIEuyv0sdK02VBMf32O3PlA7FjJzLFvIh+fDUvMy5ElSvsiYDf5z+MBesWSTjxAzoi+bjwgViEooBAVew4WSSJj1XxuJ40zz9GNRa3k+ZE9dvj/qKcYCVvBnGcPD92YGx+HlycKn28SJoXFafyEy/P4odGqfzB94JwwAUBgAUUsKaBySALiFu76rvgnaonCPCBDGQAEXDoZwZGJPb1SOA1FhSAPyESAfngOP++XhHIh/zXIaySEw9yqqsDSO/vU6pkg6cQ54IwkAPvFX1KkkEPEsATyIj/4REfVgGMIQdWZf+/5wfY7wwHMuH9jGJgRhZ9wJIYSAwghhCDiLa4Ae6De+Hh8OoHqzPOxj0G4vhuT3hKaCM8ItwgtBPuTBIXyoZ4ORa0Q/2g/vyk/Zgf3ApquuL+uDdUh8o4EzcADrgLnIeD+8KZXSHL7fdbmRXWEO2/RfDDE+q3ozhRUMowih/FZuhIDTsN10EVZa5/zI/K17TBfHMHe4bOz/0h+0LYhg21xBZhB7Bz2EnsAtaE1QMWdhxrwFqwo0o8uOKe9K24gdli+vzJhjpD18z3J6vMpNypxqnT6YuqL080LU+5GbmTpdNl4ozMPBYHfjFELJ5E4DiC5ezk7AqA8vujer29ie77riDMlu/c/N8B8D7e29t75DsXehyAfe7wlXD4O2fDhp8WNQDOHxYoZPkqDldeCPDNQYe7Tx8YA3NgA+NxBm7AC/iBQBAKIkEcSAITofeZcJ3LwFQwE8wDRaAELAdrQDnYBLaCKrAb7Af1oAmcBGfBJXAF3AB34erpAC9AN3gHPiMIQkJoCAPRR0wQS8QecUbYiA8SiIQjMUgSkopkIBJEgcxE5iMlyEqkHNmCVCP7kMPISeQC0obcQR4inchr5BOKoeqoDmqEWqEjUTbKQcPQOHQCmoFOQQvQBehStAytRHehdehJ9BJ6A21HX6A9GMDUMCZmijlgbIyLRWLJWDomw2ZjxVgpVonVYo3wOV/D2rEu7CNOxBk4C3eAKzgEj8cF+BR8Nr4EL8er8Dr8NH4Nf4h3498INIIhwZ7gSeARxhEyCFMJRYRSwnbCIcIZuJc6CO+IRCKTaE10h3sxiZhFnEFcQtxA3EM8QWwjPib2kEgkfZI9yZsUSeKT8khFpHWkXaTjpKukDtIHshrZhOxMDiInkyXkQnIpeSf5GPkq+Rn5M0WTYknxpERShJTplGWUbZRGymVKB+UzVYtqTfWmxlGzqPOoZdRa6hnqPeobNTU1MzUPtWg1sdpctTK1vWrn1R6qfVTXVrdT56qnqCvUl6rvUD+hfkf9DY1Gs6L50ZJpebSltGraKdoD2gcNhoajBk9DqDFHo0KjTuOqxks6hW5J59An0gvopfQD9Mv0Lk2KppUmV5OvOVuzQvOw5i3NHi2G1iitSK1crSVaO7UuaD3XJmlbaQdqC7UXaG/VPqX9mIExzBlchoAxn7GNcYbRoUPUsdbh6WTplOjs1mnV6dbV1nXRTdCdpluhe1S3nYkxrZg8Zg5zGXM/8ybz0zCjYZxhomGLh9UOuzrsvd5wPT89kV6x3h69G3qf9Fn6gfrZ+iv06/XvG+AGdgbRBlMNNhqcMegarjPca7hgePHw/cN/M0QN7QxjDGcYbjVsMewxMjYKNpIarTM6ZdRlzDT2M84yXm18zLjThGHiYyI2WW1y3OQPli6Lw8phlbFOs7pNDU1DTBWmW0xbTT+bWZvFmxWa7TG7b041Z5unm682bzbvtjCxGGsx06LG4jdLiiXbMtNyreU5y/dW1laJVgut6q2eW+tZ86wLrGus79nQbHxtpthU2ly3JdqybbNtN9hesUPtXO0y7SrsLtuj9m72YvsN9m0jCCM8RkhGVI645aDuwHHId6hxeOjIdAx3LHSsd3w50mJk8sgVI8+N/Obk6pTjtM3p7ijtUaGjCkc1jnrtbOcscK5wvj6aNjpo9JzRDaNfudi7iFw2utx2ZbiOdV3o2uz61c3dTeZW69bpbuGe6r7e/RZbhx3FXsI+70Hw8PeY49Hk8dHTzTPPc7/nX14OXtleO72ej7EeIxqzbcxjbzNvvvcW73Yflk+qz2afdl9TX75vpe8jP3M/od92v2ccW04WZxfnpb+Tv8z/kP97rid3FvdEABYQHFAc0BqoHRgfWB74IMgsKCOoJqg72DV4RvCJEEJIWMiKkFs8I56AV83rDnUPnRV6Okw9LDasPOxRuF24LLxxLDo2dOyqsfciLCMkEfWRIJIXuSryfpR11JSoI9HE6KjoiuinMaNiZsaci2XETordGfsuzj9uWdzdeJt4RXxzAj0hJaE64X1iQOLKxPZxI8fNGncpySBJnNSQTEpOSN6e3DM+cPya8R0prilFKTcnWE+YNuHCRIOJOROPTqJP4k86kEpITUzdmfqFH8mv5Pek8dLWp3ULuIK1ghdCP+FqYafIW7RS9CzdO31l+vMM74xVGZ2ZvpmlmV1irrhc/CorJGtT1vvsyOwd2b05iTl7csm5qbmHJdqSbMnpycaTp01uk9pLi6TtUzynrJnSLQuTbZcj8gnyhjwd+KPforBR/KR4mO+TX5H/YWrC1APTtKZJprVMt5u+ePqzgqCCX2bgMwQzmmeazpw38+Eszqwts5HZabOb55jPWTCnY27w3Kp51HnZ834tdCpcWfh2fuL8xgVGC+YuePxT8E81RRpFsqJbC70WblqELxIval08evG6xd+KhcUXS5xKSku+LBEsufjzqJ/Lfu5dmr60dZnbso3Licsly2+u8F1RtVJrZcHKx6vGrqpbzVpdvPrtmklrLpS6lG5aS12rWNteFl7WsM5i3fJ1X8ozy29U+FfsWW+4fvH69xuEG65u9NtYu8loU8mmT5vFm29vCd5SV2lVWbqVuDV/69NtCdvO/cL+pXq7wfaS7V93SHa0V8VUna52r67eabhzWQ1ao6jp3JWy68rugN0NtQ61W/Yw95TsBXsVe//Yl7rv5v6w/c0H2AdqD1oeXH+Icai4DqmbXtddn1nf3pDU0HY49HBzo1fjoSOOR3Y0mTZVHNU9uuwY9diCY73HC473nJCe6DqZcfJx86Tmu6fGnbp+Ovp065mwM+fPBp09dY5z7vh57/NNFzwvHL7Ivlh/ye1SXYtry6FfXX891OrWWnfZ/XLDFY8rjW1j2o5d9b168lrAtbPXedcv3Yi40XYz/ubtWym32m8Lbz+/k3Pn1W/5v32+O/ce4V7xfc37pQ8MH1T+bvv7nna39qMPAx62PIp9dPex4PGLJ/InXzoWPKU9LX1m8qz6ufPzps6gzit/jP+j44X0xeeuoj+1/lz/0ublwb/8/mrpHtfd8Ur2qvf1kjf6b3a8dXnb3BPV8+Bd7rvP74s/6H+o+sj+eO5T4qdnn6d+IX0p+2r7tfFb2Ld7vbm9vVK+jN/3K4AB5dEmHYDXOwCgJQHAgOdG6njV+bCvIKozbR8C/wmrzpB9xQ2AWvhPH90F/25uAbB3GwBWUJ+eAkAUDYA4D4COHj1YB85yfedOZSHCs8HmiK9puWng3xTVmfQHv4e2QKnqAoa2/wJAMILcCmVuZHN0cmVhbQplbmRvYmoKMTMgMCBvYmoKPDwvQWx0ZXJuYXRlL0RldmljZVJHQi9GaWx0ZXIvRmxhdGVEZWNvZGUvTGVuZ3RoIDMxMzUvTiAzPj5zdHJlYW0KeJyVVwdYU8kWnltSIQQIREBK6E0QkRJASggtgPQiiEpIAoQSY0JQsaOLCq5dRLCiqyCKHRCxYVcWxe5aFgsqK+tiwa68CQF02Ve+N983d/77z5l/zjl35t47ANDb+VJpDqoJQK4kTxYT7M8al5TMInUCFDAAFQCgxhfIpZyoqHCIwUD79/LuJkCU7TUHpdY/+/9r0RKK5AIAkCiI04RyQS7EBwHAmwRSWR4ARCnkzafmSZV4NcQ6MuggxFVKnKHCTUqcpsJX+mziYrgQPwGArM7nyzIA0OiGPCtfkAF16DBa4CQRiiUQ+0Hsk5s7WQjxXIhtoA2ck67UZ6f9oJPxN820QU0+P2MQq2LpK+QAsVyaw5/+f6bjf5fcHMXAHNawqmfKQmKUMcO8PcmeHKbE6hB/kKRFREKsDQCKi4V99krMzFSExKvsURuBnAtzBpgQj5HnxPL6+RghPyAMYkOI0yU5EeH9NoXp4iClDcwfWibO48VBrAdxlUgeGNtvc0I2OWZg3pvpMi6nn3/Ol/X5oNT/psiO56j0Me1MEa9fH3MsyIxLhBiuOywgX5wQAbEGxBHy7NiwfpuUgkxuxICNTBGjjMUCYplIEuyv0sdK02VBMf32O3PlA7FjJzLFvIh+fDUvMy5ElSvsiYDf5z+MBesWSTjxAzoi+bjwgViEooBAVew4WSSJj1XxuJ40zz9GNRa3k+ZE9dvj/qKcYCVvBnGcPD92YGx+HlycKn28SJoXFafyEy/P4odGqfzB94JwwAUBgAUUsKaBySALiFu76rvgnaonCPCBDGQAEXDoZwZGJPb1SOA1FhSAPyESAfngOP++XhHIh/zXIaySEw9yqqsDSO/vU6pkg6cQ54IwkAPvFX1KkkEPEsATyIj/4REfVgGMIQdWZf+/5wfY7wwHMuH9jGJgRhZ9wJIYSAwghhCDiLa4Ae6De+Hh8OoHqzPOxj0G4vhuT3hKaCM8ItwgtBPuTBIXyoZ4ORa0Q/2g/vyk/Zgf3ApquuL+uDdUh8o4EzcADrgLnIeD+8KZXSHL7fdbmRXWEO2/RfDDE+q3ozhRUMowih/FZuhIDTsN10EVZa5/zI/K17TBfHMHe4bOz/0h+0LYhg21xBZhB7Bz2EnsAtaE1QMWdhxrwFqwo0o8uOKe9K24gdli+vzJhjpD18z3J6vMpNypxqnT6YuqL080LU+5GbmTpdNl4ozMPBYHfjFELJ5E4DiC5ezk7AqA8vujer29ie77riDMlu/c/N8B8D7e29t75DsXehyAfe7wlXD4O2fDhp8WNQDOHxYoZPkqDldeCPDNQYe7Tx8YA3NgA+NxBm7AC/iBQBAKIkEcSAITofeZcJ3LwFQwE8wDRaAELAdrQDnYBLaCKrAb7Af1oAmcBGfBJXAF3AB34erpAC9AN3gHPiMIQkJoCAPRR0wQS8QecUbYiA8SiIQjMUgSkopkIBJEgcxE5iMlyEqkHNmCVCP7kMPISeQC0obcQR4inchr5BOKoeqoDmqEWqEjUTbKQcPQOHQCmoFOQQvQBehStAytRHehdehJ9BJ6A21HX6A9GMDUMCZmijlgbIyLRWLJWDomw2ZjxVgpVonVYo3wOV/D2rEu7CNOxBk4C3eAKzgEj8cF+BR8Nr4EL8er8Dr8NH4Nf4h3498INIIhwZ7gSeARxhEyCFMJRYRSwnbCIcIZuJc6CO+IRCKTaE10h3sxiZhFnEFcQtxA3EM8QWwjPib2kEgkfZI9yZsUSeKT8khFpHWkXaTjpKukDtIHshrZhOxMDiInkyXkQnIpeSf5GPkq+Rn5M0WTYknxpERShJTplGWUbZRGymVKB+UzVYtqTfWmxlGzqPOoZdRa6hnqPeobNTU1MzUPtWg1sdpctTK1vWrn1R6qfVTXVrdT56qnqCvUl6rvUD+hfkf9DY1Gs6L50ZJpebSltGraKdoD2gcNhoajBk9DqDFHo0KjTuOqxks6hW5J59An0gvopfQD9Mv0Lk2KppUmV5OvOVuzQvOw5i3NHi2G1iitSK1crSVaO7UuaD3XJmlbaQdqC7UXaG/VPqX9mIExzBlchoAxn7GNcYbRoUPUsdbh6WTplOjs1mnV6dbV1nXRTdCdpluhe1S3nYkxrZg8Zg5zGXM/8ybz0zCjYZxhomGLh9UOuzrsvd5wPT89kV6x3h69G3qf9Fn6gfrZ+iv06/XvG+AGdgbRBlMNNhqcMegarjPca7hgePHw/cN/M0QN7QxjDGcYbjVsMewxMjYKNpIarTM6ZdRlzDT2M84yXm18zLjThGHiYyI2WW1y3OQPli6Lw8phlbFOs7pNDU1DTBWmW0xbTT+bWZvFmxWa7TG7b041Z5unm682bzbvtjCxGGsx06LG4jdLiiXbMtNyreU5y/dW1laJVgut6q2eW+tZ86wLrGus79nQbHxtpthU2ly3JdqybbNtN9hesUPtXO0y7SrsLtuj9m72YvsN9m0jCCM8RkhGVI645aDuwHHId6hxeOjIdAx3LHSsd3w50mJk8sgVI8+N/Obk6pTjtM3p7ijtUaGjCkc1jnrtbOcscK5wvj6aNjpo9JzRDaNfudi7iFw2utx2ZbiOdV3o2uz61c3dTeZW69bpbuGe6r7e/RZbhx3FXsI+70Hw8PeY49Hk8dHTzTPPc7/nX14OXtleO72ej7EeIxqzbcxjbzNvvvcW73Yflk+qz2afdl9TX75vpe8jP3M/od92v2ccW04WZxfnpb+Tv8z/kP97rid3FvdEABYQHFAc0BqoHRgfWB74IMgsKCOoJqg72DV4RvCJEEJIWMiKkFs8I56AV83rDnUPnRV6Okw9LDasPOxRuF24LLxxLDo2dOyqsfciLCMkEfWRIJIXuSryfpR11JSoI9HE6KjoiuinMaNiZsaci2XETordGfsuzj9uWdzdeJt4RXxzAj0hJaE64X1iQOLKxPZxI8fNGncpySBJnNSQTEpOSN6e3DM+cPya8R0prilFKTcnWE+YNuHCRIOJOROPTqJP4k86kEpITUzdmfqFH8mv5Pek8dLWp3ULuIK1ghdCP+FqYafIW7RS9CzdO31l+vMM74xVGZ2ZvpmlmV1irrhc/CorJGtT1vvsyOwd2b05iTl7csm5qbmHJdqSbMnpycaTp01uk9pLi6TtUzynrJnSLQuTbZcj8gnyhjwd+KPforBR/KR4mO+TX5H/YWrC1APTtKZJprVMt5u+ePqzgqCCX2bgMwQzmmeazpw38+Eszqwts5HZabOb55jPWTCnY27w3Kp51HnZ834tdCpcWfh2fuL8xgVGC+YuePxT8E81RRpFsqJbC70WblqELxIval08evG6xd+KhcUXS5xKSku+LBEsufjzqJ/Lfu5dmr60dZnbso3Licsly2+u8F1RtVJrZcHKx6vGrqpbzVpdvPrtmklrLpS6lG5aS12rWNteFl7WsM5i3fJ1X8ozy29U+FfsWW+4fvH69xuEG65u9NtYu8loU8mmT5vFm29vCd5SV2lVWbqVuDV/69NtCdvO/cL+pXq7wfaS7V93SHa0V8VUna52r67eabhzWQ1ao6jp3JWy68rugN0NtQ61W/Yw95TsBXsVe//Yl7rv5v6w/c0H2AdqD1oeXH+Icai4DqmbXtddn1nf3pDU0HY49HBzo1fjoSOOR3Y0mTZVHNU9uuwY9diCY73HC473nJCe6DqZcfJx86Tmu6fGnbp+Ovp065mwM+fPBp09dY5z7vh57/NNFzwvHL7Ivlh/ye1SXYtry6FfXX891OrWWnfZ/XLDFY8rjW1j2o5d9b168lrAtbPXedcv3Yi40XYz/ubtWym32m8Lbz+/k3Pn1W/5v32+O/ce4V7xfc37pQ8MH1T+bvv7nna39qMPAx62PIp9dPex4PGLJ/InXzoWPKU9LX1m8qz6ufPzps6gzit/jP+j44X0xeeuoj+1/lz/0ublwb/8/mrpHtfd8Ur2qvf1kjf6b3a8dXnb3BPV8+Bd7rvP74s/6H+o+sj+eO5T4qdnn6d+IX0p+2r7tfFb2Ld7vbm9vVK+jN/3K4AB5dEmHYDXOwCgJQHAgOdG6njV+bCvIKozbR8C/wmrzpB9xQ2AWvhPH90F/25uAbB3GwBWUJ+eAkAUDYA4D4COHj1YB85yfedOZSHCs8HmiK9puWng3xTVmfQHv4e2QKnqAoa2/wJAMILcCmVuZHN0cmVhbQplbmRvYmoKeHJlZgowIDE0CjAwMDAwMDAwMDAgNjU1MzUgZiAKMDAwMDAxMTE0MyAwMDAwMCBuIAowMDAwMDExMjc2IDAwMDAwIG4gCjAwMDAwMTA5ODAgMDAwMDAgbiAKMDAwMDAwMDk2NyAwMDAwMCBuIAowMDAwMDAwMDE1IDAwMDAwIG4gCjAwMDAwMTExODggMDAwMDAgbiAKMDAwMDAxMDgyNCAwMDAwMCBuIAowMDAwMDAxMTMzIDAwMDAwIG4gCjAwMDAwMTEzMzMgMDAwMDAgbiAKMDAwMDAyMDA5NCAwMDAwMCBuIAowMDAwMDI1OTU3IDAwMDAwIG4gCjAwMDAwMzQ3MTkgMDAwMDAgbiAKMDAwMDAzNzk0NyAwMDAwMCBuIAp0cmFpbGVyCjw8L0lEIFs8M2E1ZTUzZjQxYzVhNmM2NmJmODUyMDk0MTUwODk0NjcxZGRjYTg2ZGI3MTFhMjBhYjI5Yzc4MWI5MzNiMmYxMDJmOTM0NTUyYmI0MjI5MTgyZTRmZmNiNjE3NGUxYTNmMzA1MmI4OWQ5M2ZjNTg3NWQyY2YzNTVlYWQxY2FhYjA+PDNhNWU1M2Y0MWM1YTZjNjZiZjg1MjA5NDE1MDg5NDY3MWRkY2E4NmRiNzExYTIwYWIyOWM3ODFiOTMzYjJmMTAyZjkzNDU1MmJiNDIyOTE4MmU0ZmZjYjYxNzRlMWEzZjMwNTJiODlkOTNmYzU4NzVkMmNmMzU1ZWFkMWNhYWIwPl0vSW5mbyAzIDAgUi9Sb290IDEgMCBSL1NpemUgMTQ+PgolaVRleHQtQ29yZS04LjAuNQpzdGFydHhyZWYKNDExNzUKJSVFT0YK"
            }
        },
        "borrower_photo": {
            "detail": {
                "BASE64STRING": "JVBERi0xLjcKJeLjz9MKNSAwIG9iago8PC9GaWx0ZXIvRmxhdGVEZWNvZGUvTGVuZ3RoIDg4NT4+c3RyZWFtCnicjZdRb9MwEMff8yn8CFLn2o7tJLyVjaGKbsBWIV69JqMZTQJupgHiw3OJndjSqL1NmnTd/f8/93L2OT8TyggaftMMpRJlskC7JlmuG4ouuuRz8jN5u02WlxRRhrb3iWBYIMEpLgq0LZNXF93usanaHvW/f1Svtw/Ju+1zEaM5FtyXVWcrVe6V0uhb1VZa9VWJ7nXXoMv19e1qs0HTv79ebU65mqXQAgs6er43TnXXohIMY4txQkaYOCPpGRWI0TcpeUPSIJMXGSbMfv2n9tCp8iVET/aMyPIwMeODwyC9UsfvUKypPu1jc1fpGNnJf9mfgqcsjIS/RI6aa9VEv5vL/lJVGq3a+oA+qOZOHU5KDYbBY8hNLaGEqLtHb2vd72M8J6NFAbXMoZZhEMnw3CdlvGRz+lXQNs05liZxt+zQAh2XXVggGabpKFiVpa6Ox8hKPAGKpXKOoaVelMokptmY+vDYKnSn4IHdqT/QUk9Kl0guBoO4DckxNVv6Rh33dbv4oPSD6l+mZgXBzBev9o0qW/VN6cWV2isNn/ZavdAsY5gZt3Vb1mrBKedmJ5/Wjo+E8QJnZntsVFs2Sn8P57MMM9Psm26nDnX/O7Y2p/h/tcM8wnFmmv0cWGiJLupjr+tdH8M6oSlwEENzKKB5lp/qFp13ZWzXewpX7NP+osC52Sq3ffy49NK9XvBEZmzdvE8ImD8lAnoJ5oGAfStRY0MqGDokt//LZ1QOi58FNg4oxNAnPsLEIQWBbIkLav2HuWPiwKIIdyLhHAKIlGOeeggTRxCTSDiHAILC6OYewsQRxCQSzuE0gucF5tIhbBxGzCLhHAIICZXMPYSJI4hJJJxDAAFHsPAIYxgBWImY5QF7xoY7hPM3cQQwiYRzOI1ICxitXjfZOIyYRcI5BBAZ3IS8Ktk4gphEwjmcRjAJc9nrJhuHEbNIOIcAgsNg9rrJxhHEJBLOIYCAS2rmEcYwArASMctP21O4kTLvbLJxGDCLhHMIIODqmXndZOMIYhIJ5xBAwHRhXjfZOIKYRMI5TAoqjYYRaLQcDvyC2XciZt6JCCZpAXcNa8zANs1TyAMrOY5dpCswc4ONDoMNbqrD4QFnbT7evGDaafBKpZQZWLy67DTa1E09vAyd13r3eDBvM3/R+cfry/XFu+vteuVeh/4BO3b0vAplbmRzdHJlYW0KZW5kb2JqCjQgMCBvYmoKPDwvQ29udGVudHMgNSAwIFIvTWVkaWFCb3hbMCAwIDU5NSA4NDJdL1BhcmVudCAyIDAgUi9SZXNvdXJjZXM8PC9Gb250PDwvRjEgNiAwIFI+Pi9YT2JqZWN0PDwvSW0xIDkgMCBSL0ltMiAxMCAwIFI+Pj4+L1RyaW1Cb3hbMCAwIDU5NSA4NDJdL1R5cGUvUGFnZT4+CmVuZG9iago4IDAgb2JqCjw8L0ZpbHRlci9GbGF0ZURlY29kZS9MZW5ndGggOTYyMz4+c3RyZWFtCniclXtpk6tIsuX3+hVpt82e9Zi6UuzLTN16xg5CgNgF39jEviOBsPnxE5mqvn27X7+sN5mWKSDBPY6HH/cTytD4C4xAbx/fKPmGEm8kQb8l7S9HpYXf+P4X85fxF9b55SjCbzD95tx++bgFw95p7M1Jf0HenOkX6J1Awdfb+stfs1+ZKC2iaHq7auf/5VS/CM6nhZeDKf8F+CAR4h1H39pfcJz6+0kDTmhwQr5OPnz8OCb/cdPtn439ZOBlDYGQdwj/wxoCwf84+WHun5z+G3t/mGg//P4wB8bzT9Z+OvnJ6e2/QP3Z2A+n/wTuJ8M/O7z9HHf8M+wfFuB3BP8I+19/+8+tbd4e2TSXfff9G7Dw7S3rkj4tu/z7N9cRf6W+/efvvxm3W1N22SUasqnJ5ll9Jm9TdssmcG+mpN+/0RiKAKc4hMI4AqMQQqAw8u3339wy5aMl+v23S1++pX0MXOC/QtSvME3jwBN4EL8RBEZTtwTCoeSGExlFwyhBonB6gxEKAad0hiIYdaPI9IamWIxTCIbAMInfKCLBvr3lWZdm0/dv2rePPPnr20/Z8q+4YfSdJD5xtx8DIRA4Q6IYQm4xQlFpRib0LSUziKARCqJwIsVgEr7hWZTc4jjJEihLb8QNopMbRBDRt7cuagECL8umN6Yrmzc1auOoyb4dP+BGb0k0Zf3t+7dvb0l/75bp+f2b0qUleDAt5+X7N6Zoo7SL8mj69lb09zn7uLWJurSNpvrzuE++f6vuXfQWR8B8HO2AD2s0pW/Et7cB/A2DMQxC/xw3RLwjL9xD//2bFc1F2X17m5doAT61qIgmcGmZoo9rU5YtH87ne/waphpNVbT8qROCpt5J8tPJY0l+ePmIRbH8fqSrI8Ywpl2HJytnWCZnwBl4ZfgjsrI8w+QSmycSa+YyuyYnzsxVnjV1npnPPFvbwkq5stXf5AKKwA35icM6hVNmZVsTlU+GM89sOm9C8jPBL07+vHDYrvPnl22zBvZWYCfXeSt/KtZaaJXy/PHzFSjAFOoT1M8P/I9/zseVYSyO4RVGZXjGVhimEFhmE9gjZTLy+hEEl2VM4eOH+ceXwDGrKYKAKJzZnz/uXSxwORd4ZlUEZnVF8AC4INKMqYDgmRZrKYXmCpIAiwX7PG0ir34BiwJEoD9hsXUkKAqkbqvl2dCNqTXk9MzzWhWLJJCsvjmVSa/aPaQ7AWrwNWFClmjVqWK7g+OJnu/BRei3eh36YRdJzZigFpx2KZZdR75QfKnAylM5qE5z8v0GL8N2VKtB9duBKIdxUvfl7CMLWeJ3MNGbdpU2qjo9l7MD61cfpqsQucsldnAa/H7riWzaqMcFom9fYCNBsr+wxejh0hGvSIPorsLfI/0K3n8baeEj0hy4iWeZ5BVp84R+3rsJAmsLG1ucWNdMi8TSSq0XFFFQrT6WWc7WdvfBeEF3trgiqHVDaCjrM5AtCOugVi6i7zlu1LpguaFsC18AIaj3V+o1qgtbntekge8NVSh5bYgUQ9TpUHoN0UxuiLw3hCKI5FJp1Xow3CaMru2pjfrRqIco6ka1HefJgJY4Qu/nlljni7AlsfzUOhVaLi6cxldE7yLsfqnxLO4Ioxtfgf4jhnQP0lcDdFUsEAPmsvLtqrpcsznj88SLkurybUNiAy9sxFeQ4HcU/sTkYmpGG8yR6xiX0RlavS3Dc6oIWBEwkRECu2ONqOEoCHef0Zmx2Is/iNXmtmuFDgd0sYJQEna7MBJPYWuIsih8QASzYJ21u9iD3ukXLoPFXLFkx+NbTUgz2t9EtC/LNafncrSZ0mRGTpWuFzmb1BU7KUfBHSr8yJVr1VASCNpVctxy2k1mPdnFF7Bw9J1CPmGBDrne2U5kzbYBIxyZtivU2gMjsuTNCriTK144WBl5isiEfmY2bzStY+Os+ebkd+OIuSSjIS62UanaeDp6LcGDhKtwrHJXa+pxEp2znOPgoQRnxonxNj6HFYUSvEDws+hGd6eLXa4lYyW0mswsh427LGQFINvGViBqXH5OOnmvAwJ61OG+ml/Awoh39AULjfWIW+O5KDZkcDgd32ASIjlD9BgQocEp5IVI1Wysu8GtBE8ru9iAbTLhcjWBGN2/LG5vBgMxbSCeJispR7vjLuUYE/m1q33OVkzTUPChxSWywkXp9uAvpwtDBBfDOFNmdgkV3F90taGe2nmJsCAwyM5AJaNjWLqCMV0suiBqJqQhHGm/ptvyBSwU8Ar9hBWEXC+eznVqPgKKkjvmwipTMzzKmKl3jre7umIPXtdxdYVKEHY07swjJrLjnU+uWnswc94AJYQFvSxhAgYTvTW72V3AQwh0ONVavQpt43CXcbMDzZMhhTm6HoTUh7Muw9doTqb1WWPUmOpThl6cjoCxzAccI3AyJRq3Se9Ps3T1Sh6cOZ9v1qhwzFe4ALk+xfRfTWMBbpFp21ccw+8LmwbTGPn04l8bLjm4N7ruiFTD8OMZnszlBh2v022PDc+XEoGhqgmWXTnv6iRPwn5WHtaKj2FQoOM6+9BH8tH7ZrK+oKAMho/xMwHTjqyheGE2UymEgAiw4Y5KNwIOlFGZ8nYUEkmkR/eUw0ZZDW655Unbz66l9grh0kGxu+3+BTQEEOwlWBls9IQTATGW2qonyTuHuKPUAYfzT4G1CKGGAyFgCcrDN4yiTFQcbqfQxz0L9507E1SGmYxJHsoYdolPLGPYcHUNdTMvlqAWNPBo6hFPOzaltEJP27E7TeJg29sJpKPfqYUuPuuilyfLzcvTsC7IJWp2kDOh0D8jl+qGChF9d0ZAwhNEQgZI9wUqGPDrhcqIjJTHT1J2MetygpvLORau4qRR+i6soWw2ziEgj0dGJMo7qUZIIjYrjw5nJ1rWO20/l9XqRLe14TihDxSTqY+DMEAbfJcuQIkrFBabQHslYGZoI2PL+4pg2LRW62Vcll4uSw7jSaHd2VRF+Nmsb/p9q3LstMHMhILGR0exxSsPO8d3twO1PmB6JmC/QAYBir0E5+ZwhuNussQYUbWaWcTKQv+YQXGLEgHMpcmpdQAphtqYQhIM5sXuiixTA/HsTXl0G0Q0E801L0N6MHSE7WQMpmi0QfUbmixwYlybJpi3075fH4+y3GqYX/dRX8Q7tfW+ymaTmJmXbauo6HCzGb7Mo5MCodykWrjBqFXhkho9dl4ubr7QASbq6qbUylfQAMteMld2mXaoS0LqGai4xOI1sFYuG/BRigHhLTOuchybQohYz8+R0fKZhQmva47kY/KPg4CsfC6WlrnQNlTNLMZUsP3UbKwOqoscEx4OYw115s0u0utA7yTpIk8drdJXiL+y8lmWEM+khKoTvVtZBOYVLqLr9dmszhLIRCJTBOFFMBTAit5V3hQdIrSN/3tcOA0o9pIba7U1Gb/67Ik1bgE2ERbEHY2RYMPrIMFDkF+ZnZpSSb70ZnSIT350DoKZzGyn6x1kQmXsGjX0nVI5JLhdInuR665pLnt41FsZ86xtJpU850WVrWElik37vBGesCpx2bWtEQVVvRaj55LQGR49qx0kDQnw0bJ2hwol3gRtzGTqwlOudawgeacQMPUFLgqQ7IULvkKcj/TOuhknBcMlT2b3+/XCHtXHIB2X60O/dAtUR/ogKLyaCDJBj4dsCaA2ttIg2lu1gYL0cuvqW2XqgsHl3CEfCJXTZpMBGkrU4bNAO+2IG1Zdl/Pdxx+7r4+s0hH20KG6v/EklcEJzeGsfJUnH472pl8ffl9PEnRKtohT7/YeyPDkzOcvMJGAXi+JS8BmzKuMh+Mk7B/nDT9f99aAOYNOyFSX72Hw3NzU3+0qbPaklwe9GdNREWVksVTbyg8PQxMy5AJPfWq3+nHlJAwLoTAdMZyQl1o+XqKHFHOG75J164ns9qhPnnlzkow96OnUtz36aC6h3VBVPhHgeWWylpMvcnG9tycMmUkcQ11BRZWLWR0ZZoK/BAa/vzoYFj/Gwt3OH6WuHIvhJOCZS2HkcZcDOkO7Y+krsluDVpDWEsYkXZ17pIxJkHG2aa6ovVarCXZgEIMnbgU02fxDvBr2ONmRBfXixbo1ON4TwtGu3VpuJ81X1g0aT0/tQ11dJ0dicGw32V2RgQx13ZXpmDE425KxbZ3IXGsX1wJlWK+6woi3y7UMv0BFoO/0S/XaaHn0zKSesj29mVri0XyA0Na1vFUHOEKpBOU7ctmEOWdovUUPETTE4ooadsK5AeiU1Bj2dRWwtzPLzY8rS0e1EOyrod5mUNDldk4vp1R0gmev5GwuGxa8ey38nEaNgibFq/aKGeC+0NeWrUN80NFzwUEVNCKQHbsPrpabBEPj3HjE7Z196No9NaII+gIaTrxjL2h1ebLNY6Yem/JxvfDuBh2tfogbyUaT4x1V5Sjb1owOr2WG5dlNU5Vnaj+uk1nXU0+ozaU1FOq8HENoJp5W73bXWCFVe70eQ5I54OyhSb1hFsuGKubY64Pc43rpnLLVA70sBFyvq3U/EFogZSzhIZfC8NXnYyFXlcyDa2IwURTFsOLKcvC8CX696dkTPT9b9AtwGPVOv/RvGmdWs2pk64bcAcmyW3QnDnJS2RmznMMZRwzjZtoae2hVDN2mNsK1jAwk/qklIaKMFMUjOhDhrChHERv4lLmOPsHLjzycbGkybgJiL7Du8rqC+rnu+DFDeGNipsZRV7I2CqBcVCSayPKK9xKIH3J8cHXZUOvwLIEVG3GAbVXj2hOEY1/hAex6Cd/RKfOgWC1o2mWsifhsj4aQ6GLz+VwLvd6VO6YwNlgomMEJJ27DdZQMI5pQeKAX6IAvHAI520XsIJSpDgtvQqS8j4mKQHTlwEFAj7GKkvSc01khWk89T7xdj7pY8ouz+pQZw1nw1cDHLXySPiuJ+7becLjN7xmiwfEMP20uS9IDrW5JGBFy5D/Kyp2+QIaif7yP/NfTZV66eAH6KWiuaePv8OEqE3AMG0FU4c7mPxFS7dSpk6/D07kaEW9gdaajQiQPD4Nt71UjNPO4KGwOtGLGW5JRQAkNj9pMOlWeHR1aRc6u7UOrqyV8nXXYsXGRJvPO8SHKGSUIRRvlNOoOlIhzaCyVJqU69u+WbE+Pqx4WnXXVEvaYBUHse/kX6y8cAeT6Q9CboLdqx+Lau4m9bmcpX0dGZX0LS65PUgUihnli7qFnZDqBp/iORMSYxNZF3bRD1EMOKGbDSVqLNSp4zABLw/ii6Q9/4VuVmu88PPqq2WjtnBH3te78cSKwWQuvCWtL162WOgHTLXF27xgGlLddOmCtA8SgEeXsquED8QxFhUv0zT5+gQYGbHqp3ZVWK++uJhIr+zm/yds+sFC3WQmA4CT1vslIQFUVyHLp4sjTVbdzjJWH6/KoOgvTfUq/CvMUh6Sqk+VpZZz1bj8gRcZzGahTygoP7O4nTYgaZacSsyk88ZU/rrw/ZhJnUcKShwNbGVHrZYZazChILugJ6ZtaPh3S3SkUmvozauXnyzN2vFP3hdLFYcCpl9I1bD3f6Et0D6CD6u7TwsvtHV1APpTuPOCy39yeRqu6tU6dJayoIrQLany7mruT24WLGybDwqfpvIiH3bgGufzwm4E/J1EeFys3nhuWxAlY9RAjaZw8vYZnup77Pjlq/SHulGfmHO5Rq2EbPOkZcSJhu7k/L9hIwH1moCmqlxHtsWv0JHfPHGV89pqvih8EKPXSuelxcSl4z3qiJpnC2e0kn6+LC6OSWTzhBD2P2m7HaNIhI2c9t1OA697gG7wfxwEpz9jtHBA3vwtQBmYQMjK4qHVxiS0X29yLxB3rDkgG0mUNjasZ2t+gAYunmuLGZU99uokfl2Q/iVz+3O8Ic6GYi/0wHmJXFfFz6+bF6DTVSM6KVgzW0XIOofTfo8JoQKkXKmNTFLa9Cfw2HsZ9Gbw6VCZDMiWT5jUL2o8zjjN07iAM1lwVw3I1vNbILEJCDQ/wvYboqLUmZunXIJEvi9eetooVw5sSQ2Mo16S++3EZq7FRQXeMu9opIyqn/Ro8JgH0Se1ZVTmMP6IhsW1GPXCgoyxQuxVWU7enpr52Z1kR7dhqyUh5HKMwLvJEm8Mv3lwDy913+qV0Bdo/Hha/vI/nQVCvzrrowpTbSoHMz25aLs4FHoeLIteY7MzqmCmh6KxwEt/ZRgM8uUWwq68ddb6neUPKCaI/MoQ04CkZr0UKIWLO53l1YVlMed6COjj1qI59CIqRX8OxRL35zNm4cC2OKzOlF3wcLfm0irVV0fA9kbsOetpRARN77MT7E5talVwG87qQ41foANFemlecB60bL0nKGeid49JhfN6rXPXQdEaZix66rW84XpM7dFSGmbrdteHJeE4bM/p1AF0cm4yOhCCWDI+8PeXy5GXEg/TXyiNHvCx40OKDVcLyUJHHW+A9s/EoqM8Zv50W5ZqZ9Cn01IGUYxo7tPxyWGIpuqezswOFBd82a0BqxroYdfNEME6UJas6ULcv2jJGvmq8BVpSBwGCUissb+epnR7neNHCuma5TdFLRp5Ng2OPS6i7N7X2eC72hZPE4tBUy5dAveBuOUmPUZqvaGlj6P3YniQej6zTYllo0DyOjB4ecmwtIb+/FgfUbBkrXbUkBZl+7PztPNB7slpbdLsVJLxyVMRLLGIy6WWoQLZ3sCRhi9Lr7IMEMb5/0bkwgnh/lXqd6qVbt+fphcKkrBhh2Tx37DMvsdTZc2wgyv4wTwHL7Fs7sL5b2cpRipJeAR1hWGnLT3f3jjj3OVdkPQ3Dp1Yr4Y7sVwUZromGT4FPKhXCl72u3LfH6ojoabpQHmpeLbl8ak+tZw7FfrRbBH4G2z2oGNm+JzBBR/RdqNgnk7EkDFqX05EDJOh05oM69gUynH6HXoJXgiqESLUWbpXtYdJmcrvW6QbsMtDZXS76iBb+zdoyhC9C5YxcJgEn9DvzNO5Q3UkZTw3GzZiyY0tZ/px1Jpb7DCMBM2CZdPGn/sgdhnIXusJGOuQKQe058h0WiI6KvZh8B12kbNiuVxaFwm0mbu6DEZB29fsWdGl8oIqUrCIywYDIwyTbSJKvQMHv+EvoVp3kPP3BT+7ttVjifABZo9hTyPOwmMKYBUSquGM3KryODgrCu27ohYRlBkfqNOO0oqgGmI7Vg7S4i54eMZu3T6SPlL6w6LGz61ptxeSmbPV2dGSnX1TvdAmuWuZdZVR9DtmSlXqPtEv8RP2RxcO4MmBd7WzLxPGDk+MX5ST5K7/VcLkD7W230Bfvy2MY9g69BC99nfHpYwXiV/GuT8ZDMrhLY/BHwTqA2m5UJx4HigMf4jIMSDhusftwweA42QOykw/6JZG2tD+5dY2eqdk0ZZa2s6N4uV1PHYSB5Qw0jpcGqXi+OwCxyPHuWjuXwLYHBUU/1lLKUQaL48XqmQ0o1Nmsxd04b8fHckyP6sI7xQCP6yPEBrLdl/3IgLJVzwX9BTj0cxvA5z8drtBRo8f9lHpgEWDoGB7KF/LpquuJLmpueTg3YX9y3DODL0iSGLkbbGhsZJmxyRiEIY+RN1pKO0gk72JktV1itFr1eO49jn/ihpanmVZJWrVsZT+N6L2BeG9Ibzv9SPRT+BTLTOtO7CVmDL7rOUPzEIc4YQnlTgMQxtIgLc86uCOmHDdeMJpJ8lWdRwDBXgUxyfM6wENnR5838T6csWIOMb/kHr3DQXe7k3jFHAx0WIXwEpD3bRpsr5Qy1TkJV+rJ6LgTyDvfo8kN7l0PXrbehH3bl61l8ulFCCWLvZ/n/rQ+ki6nbldk6rYwIKS72k8aoWajelddpgIvt2CvyinR+2kqit23xtpVWmbcuWNr5yHhicl6sDfxHMlfAQMkexXFuJmpttZm1MVN0Yx2hVk7/QmFmXEZGY3qjvx0EP04x6xWjw4VcUqRe3dDngeYTKpE2ffDST6I0eohoScH+T0nruoN8e8IetqUI43R1NFfdheZ08sSpDZYlJ1ulnppWRzbnqBtajd88yTkEabpggcKJhYeqnYsc8FkWPZraAsuPI3QS/YkB36XN5Q2L9kX/1HBYMCzlwj2+lC2CStGjDG6HuPlQB6RKZ5lX6jJjjEyI6mr5Ugx1/3qRzeMBrJfj3wqRYdl4ZMo44Kuud/mPaDdJGCAfM3MJFBWM6KmEyxck61IVgQqZ9CgkVwz0vvtJh8Sz6E0n4Lud9t8OpmtT3EFEx98e/hjM9tQtqO3ktsWLDyjznl3zgb7vGgdBGNIF9BH7asaAgGavbCtXnw67ettIsJaXLuSmUZNqBcy9OOJnmEVq7hLNzTBskk3x9BSRvNwN/ioZVSRHU652ZH96jOGSp7spaDOpHNYJ5g0iHuct7h5N/epAn0BenIXp1t2x0UQddvFLluXvq7FIVKh3MsfT6q7G8ZAwOKgwBy24J7AjSmaJultjFT1CcTwXWiEwQ/Y6xf5iNKAaC8pPKDjcfCW1PDrqvU8ZnverqAHeZblAsV5xnTYoKB9XRKiGubYieB4H4QBweX6qSHGMSwxoMofAyJej1J9aP1ZXHq6JoAU6TcuIqg5QHTIZeh21dK7uB9Fy7qa7cHS9tsmy773SDJZN2cyYgvlhK/QxA+LPB0deHONCeGicPLwYFvuRdlc6s6wg/35xYyhNCDaSwdf7p7aIX0/ceMj1UeHBssuNzXUNrSkuwVGoaan9hqRyO6q57Isc0vUpK6xRU7fZ1FyqulqoSYsIRkM3dd4nwL5XC0HhWTAElpV0UESXegiFiBfkR5q2vLeXPmRL4qn4VR3Z6+9fJHZi8SPjnyAFBglJfmcg3m6xUdFVaHuHk7BA/G2y6TfhSS7ioKFf4GMAjz7Y2sDfjiY2mje3AAHKrucIxR0XDpsbPxuToKQaJcJ7ftx8qvETpGorYhsWRKUJlmGftb2zJ6Wk6tZNQ+KewNmmw0TwhkHiLjwSLoqs20xFFsm6QZjfT9MtpI6R7r+/tvxYzfPb8cf+7rsMu+i5T5lf7Y/CCUBkV6D39qmm79/K5Zl+N/H47qu7yv63k/5EYEg6AjRR3BDOpf5X7697Gep0t3633/joq7vyiRqyj1ayr7TsqXo0zemyfupXIr235l0rA+r8NESuF+B2V8TGOt+/bjysVPtY3fSDwD/E2v/OsBpjn79AjJBv7+04lxE8Icz6+975t5cS/n+DeBzpqibb/3Uzj8d//8NIuseWdMPWfrr/HcsH76OP5vmyzyblxfEP50pAn4nXuP+s3HARwj7GAeA9BeAEcGJD88vZ17U3LPf1R3o/Ep8xCl9U4L8VoxFeTjYhi8WJwaOchG0WUohPXJjQHL9/ORvxx/RAsc/58GPKXvdKNWx0nvabuEpz5ctUt5F6dZgRI75xYFr/HhdvioXOPYOv8QvKZrLZp01tq8s67miMlj8wRnPdu659iRnPHDH5UQIzX/8BUb/DzaSfEBmPn2YXQW56g3FCQYVEuspFOuTW0aYgshtND7UOnQYxwroNMyiacYYmOGeO1hjVWRtrweM3pRPg6KACJd5P9Eo7nRqBQ3R0BaQNN0eA9PwtmhcWM52XfIwDpp5Y9SHHp4396sKjxHvxAvZ0LFCaA2wOKm38cl6eL8hy6dXHO6jswf1yYm8bcvt+pTTFsds+8lDXlrhcJxRfnevFSggU8te04g5l3dBbBsFounpcY18C//4x2m2kdWnwZzM9Y6g5HU4w7cCGTlkka9x3ed4z0UnfCrph35Yv39/TelP0/ibmj1f83vFIfpVXT6O7C8QooBgLw18j6ssWfSozX7n9O+8/ebqiukKbwov6I4iKhzjKIb+xriObFiKE7wZ4pui8wrzBuF/Q97xd+wdh78DAHAM5AwMlg4UBuMIAmEUDoPfCLiWgaV6goEzHAVnFEZj4O84gt0+7v+b7ViC4HxnBRnYfVOZs/KnREMB0V5aV2PAWCxg4zufNUX5x4hg8mNEEIGCYaHQ5zf8N+P7n0P7U88IMP4So59B+Bv3XdF/O36G+6dIfsafy6alvIGyu2S/a4oirxXHseOYM6vCMrkiuHgTaTujs3k9FnUp0SvEMuYsMjzHHnnhrDG1xMCuwBYayF9sMx3myOa695ktLNM7hpDCUSs+g6uZO+A19sU6sFk/8Lc5vNa51XrPVGrm6Do0SffFbk0UBgn/QpUHPl4rgt6HPjwEiDgnT1aLwPGn11Tyas2CVmkNeM80z8Jm8eH1BEV+iEc+3imCCKdS8UjaBsoc4aIx0CcEwdIkbc9XjXchzWJWPg/4T4PAiCKsqZz6Q5G0IqTZwXpiPo2fhA3mYsQC1dFq0nLN3ScrK+LpEfhfIIFAYr9UpzmD0fSx79WBfypCHrR2tpc+vX4MSds0B0R/O3Os7NQhrwjNPWxpKEbTJqmEUuOYz6EzmxaqEjaYCF2HNuvEyAYgNo+403ITEvJPg1r1sYuWycQVemoO89SqAJgHWCsr+rgG/gauJQC/gmqOGGmKnGrmvHLmB9Sv4IBEf2lNUxLW08mphE3jqH/A4Aqt91z85HqeCCAIlou7thueTEgEr7QBYuB5QnFx68b1bfZilezJqa2T+S+z84LhCGCIALGJrfxrFsDseELob33kCLHGvjKSszTbrD3FdnFBERbWEerccUXjvweC0IA3L21pCY0NHl+Vn3JgF7aFNUFrNz0lt0UhB8t8w4I2VhF11hYaDsz7xXTNTd8Z+IMDLKM559oCLPYM2xM9y2ZPluAZL4NCI9muzoLXi1OyrOcBdsOnkyeCYUJB/jFs2xVykI1rnoOpBnHg7FGylRjlPze5ugyDfbGXBaEAX15oWH5l1lf9zgWV6QG1Ta5MytW4PtHm3rEHxKH4eFY36tx49dMwD/N64ajHk1e44sqUZ1uJpAg9T6doPtNe/8Ck5UU2MoaTJ79AG8qlc2FmMXOTSgrF/PQS0ccLRdpmyoKehLKeUsg2dOWewZlo3LFRx/h4eNpsUWwNJyLCUr8aZUDcTLrbr2r0xYYWhAQUeulNWyMcRlQKZnRU7GQcj2565nRtkU1TovsbinsP+zQqmH30VTMxhBVPL7K8WWIgJXWLvvradLvMd7wWNiXe6NQFgckOQ+ULeqcNSyL2E/0ECZps9NHWTYKmqI0e5swgcdxON6LceOaREsR9QifiRbZ0lC+5Hy2UNKpmSt5E/nHMYYRWaZ/kvngLEiHh9z82INlApVR2CwtC/IxdhPOY/GOPrlTloAeDWs0HO2N85JlsUuyLazcKJIbGsTOzqiBzPQtqWE5bFTNQ1DVgQfbKzGpKXDlLjGmyeZWozLr+yKvzKrCsw3GMqfwgb6owNnuoOJbeObbIAylQTnXIKJwmr2uWB19lIIG9Iy+p+cN7rqxxvs0mAtb6qJZrJVv9UZs/Cjn06TW8anlwPTWK7O2hb+ag4j0VKQQFG8oTpOniFlTB5/p5PQYJlF4t0AlwYEQvPqteyRZxa37e+2nw9QD7AFW/SUp2jtEkB9V/j54sBAr6PUHE6o9yedekVWJbjvsCFk68ky9YoWSqjMOWmsRIHPcRVFdkV4V7FSrR1NzG6qMPOMhnl2tfQ3TzRD490rapP6BGUtNFkgcgbk3aerMi0a0iiXuCek/Q6CpQ0NsXDFTJQ4muUh9u4s78KRZsm4IbX9j/qIoW5DCmfGQZZWV4pvrIky8gYfQ78hKTMtA5Ms9EuVU8P70GfgHHHD4Br0VSszDQhEUEFqLh1bxHPgaKk3j/zEKLEsBxAzKTDT6SyCJyUG6iHpyLow3OlR81yPhHX/l7yxBZjaekP7oFZqHeCFKgSDnWAK9LAJwqYljEIEaZzUogZ75CAzj0Eo4gJ7ZXocqAzgAy4TMxTKRoYr+pgAbZFWEbwDEEEm2THSZ+Fe7ZEQUd6BFrCLtmiNskN68eFEn0M7pa+Gt6TWrlXxAsYQ12g2dW3TE3gX+xEsgnh4V+iJ/tVDH163rtyO7pEUriFEoeAnq78x9/+QINClj00pHAqyIkudvSRcituekXSwgCE7QiEDyAx/nnaECf0naNF4C0SA2r1nLbx9sYtR4pSELNVlbl1TVfjU3Y6j4uGx6ImAY0skcsA5w+fQex4k0bKAJe+KGGPh4CQoh36xXWqxrSeCQ3CAYvqrRPZes1vcnefwEGAdx5gXmc0RRNn/g9+BAt158941WMQIDu3hqj+pCCqGc2/boP8EdzzHuAnmbtg3CgQL1gMGatcSrD78qqVUAhVAoClAIM9C/k90BGVMx/FTis9mlAWU1NY0aGEyD58ZCyT4Pd7U5r7Kf2+AIOTP/9s3YpD+YDVM/BxrnbeEP2dB2r+3BmRm2tj/F4pXkm/KGiOwi0J0bgeUaVVss3OGx7FdxV4VX+38htxuA+PkQUOw24d+67Pcawwx0/eCG6SjtqiDl0P0nz/Razdzy7FWT9khkI3wTdRvZ1Ktyip2nOBOPu/GP+ChP898/RyfCTtdlqjsIeva1sbrqKFulqqtqTpUCZ4fBj2ZR7k8pjBcPoDcvc/dOri1RYXye6LZLOZvpata1PjSLM2SQeW6iS0VSwhVetA4ahh2G72UoquncMoVTiKWMnVipCe/fvI09I+qfBwij43T7MNoJq9SqLIyRdsWwqvJt+9MnrObOrXcT2tsoPXwk8CFDp1V1J8uE8bU7PEM8K+Okm2pTAGIkBFv7znpCHT6/EluaU1eR7H8q9JR2l0R3oshtObkcayl7IJZJRWgNWSOly7aEunmAcWrSMCu1HgNy00uEC+HM1/K9LrdeV1zL4+GNp/I9FMzj+N5/K/P2/QoPhD2wwTX/sDgCVgiJ/+sAtShBAmK+//BUImLdz2ZZLlr5x5ZTcm8+32N7+7xtn6OJrqcn8Y+vm/wODST6ICmVuZHN0cmVhbQplbmRvYmoKNyAwIG9iago8PC9Db250ZW50cyA4IDAgUi9NZWRpYUJveFswIDAgNTk1IDg0Ml0vUGFyZW50IDIgMCBSL1Jlc291cmNlczw8L0ZvbnQ8PC9GMSA2IDAgUj4+L1hPYmplY3Q8PC9JbTEgMTEgMCBSPj4+Pi9UcmltQm94WzAgMCA1OTUgODQyXS9UeXBlL1BhZ2U+PgplbmRvYmoKMyAwIG9iago8PC9DcmVhdGlvbkRhdGUoRDoyMDI1MDMxNTIxMzAyOCswNSczMCcpL01vZERhdGUoRDoyMDI1MDMxNTIxMzAyOCswNSczMCcpL1Byb2R1Y2VyKGlUZXh0riBDb3JlIDguMC41IFwoQUdQTCB2ZXJzaW9uXCkgqTIwMDAtMjAyNCBBcHJ5c2UgR3JvdXAgTlYpPj4KZW5kb2JqCjEgMCBvYmoKPDwvUGFnZXMgMiAwIFIvVHlwZS9DYXRhbG9nPj4KZW5kb2JqCjYgMCBvYmoKPDwvQmFzZUZvbnQvSGVsdmV0aWNhL0VuY29kaW5nL1dpbkFuc2lFbmNvZGluZy9TdWJ0eXBlL1R5cGUxL1R5cGUvRm9udD4+CmVuZG9iagoyIDAgb2JqCjw8L0NvdW50IDIvS2lkc1s0IDAgUiA3IDAgUl0vVHlwZS9QYWdlcz4+CmVuZG9iago5IDAgb2JqCjw8L0JpdHNQZXJDb21wb25lbnQgOC9Db2xvclNwYWNlWy9JQ0NCYXNlZCAxMiAwIFJdL0RlY29kZVBhcm1zPDwvQml0c1BlckNvbXBvbmVudCA4L0NvbG9ycyAzL0NvbHVtbnMgMTIwL1ByZWRpY3RvciAxNT4+L0ZpbHRlci9GbGF0ZURlY29kZS9IZWlnaHQgMzcvTGVuZ3RoIDg1MjkvU3VidHlwZS9JbWFnZS9UeXBlL1hPYmplY3QvV2lkdGggMTIwPj5zdHJlYW0KaAW1mgmQXdV5oM/d79t7lVqtRq0NISGEQEICxC4WQwADtuNgD14SD/ZM2Rl7MpUpe4JralY8TlKVuMax4yqPpxhPjAnGhmDACLMbBAIBQgKEBJJodWvp9fXb7n7n+89rYVw1lSpSM7duv77LOf/59+1co5PntlJ2qlSulKUyQ2X6kjtOQz+zujcmr4wkTW3LThPlMDhVqaFiS7UXZqs+RqZxaDPRtAGQJ4Zh5MrIlGkow1TcmIq1OMwUYMpweMscHjAgV1auVwUqp54Iao5GQ5kyLZMVlGkxPs00ziY4y4tTCOt1DXnFoaHpmbFSkSySFvgFZw5H5jACslRmGiDEEhY3SZaaZlNjCu2+BiaLxLlnMzSGDjn1WGB0mQcgoNr841SxMvNMWRAui/J84b9c8747W66YzwFeQp48lpM/y2LpXLDhMFViqvFU7Xrr2KHxqVVLhq7ZMFi2HQ0zDcPQ9zzAMtQURus5sohM1QcDBTy/+pnAlwMGyxU/nN1X+rn+gWpTo7rw/hQ8HmqZnRoJhA+shQhhrHDMRDyazacGduEkaZLkuW+7Ee9tM1Dq3mfeGj85fcbyZeeuPW1JSUGJrQEoo0u9XiA3RIP0UnBMsO4eIrLffZDmwgitx90XIlwZDEIyVHQtUzbCEb1GUkaKvpqZmSdZ5prHlPr39+769b4jdrFodepXnr7065+6dEgpF7GbaKvMluW7zEHGHKaGL9fCyQ9wQ14uHDkKiDaABBotbIc3moyu9nApFsFcYGlwQBNIWkZcM1FmyQheaPL0YPCAh1asXN5CVdc85L8+8jSLLHNGqT/+c/g8ljmlLIyv2XTGnV+6aqmrVJI4IG+aXYNeYG8OSgBAJaDXFCRkXRDhxcItsIVoXvC6i9KpS33HMyCgwAtvZSTm331kOGai1FOvvv343netZWfOVwbV8Mon3x57fO+UCEdzFmayvkxaAAFneRTlBmJgYQMhiJz/L4deSllMgMUytguB0XIBWpn86ZMHCw/zVKjr3nVfCedlBY0EyHDJpGRhTXFpoko8gncqQZtM/Mv9Lx174ciUM7yuU16WLVr7yMsHfvX0HsZYth1nsq6Btz0FQq7AR05Z6H1CQePUojJWXIrGrPtQTxdfzPJQaKK3TLUs0Y6FQ2SFNqkgVomrjs9OO8XSfBRbnh8kHccujc920EY3VRYy0dBlbS0fIdkAYqL1Thw5C3Hg9xZE3x3PYrh2eXNKK7tYypMuICBgd10bEyCCIP+wAy4MT6tzyiR0SggTAZh6dU29wBGOZPJInLSMYT3BRnTjWH2uxXUnN60KfPcLlYNHxmJ1NhBdW5sBcwQ/1uIfs/nl0QI+8karAuaqRSvSFvjdk7fdgxmcpw5LPFoOx08BM0TLAO66/MuWjSz287CCR2nNF5K4mMSLykXEYLriB8VTaVigjcYQOYUWcSY8XdDR366ukeM172AQPEs1F2QGB0+7kwQIJEk87CqWJuwUHaJV8kCPJnLCR6axrF5ZgDhd9eo+5VcsRp7LFW4aPNctH7Ha81UjKyRBIZ7309bo8CBAUQgZmOnoLNjqP1mNP9EAeaTPhf+8FznKa0I0kDXvuJc5PCUmo4LYu0haRkmolzu4nSXKtgQ5uOGq+OLTV24ZOfTS4SOu5fpRcOmygVvO7cebNZPQtz0YRvwQjmrnAR5YiWiyICKmARxuTrF8AUmt35ID6KQmtw0dHgQFACRoXDcPMTHiPLdguEZbYItgOYSOLiyCuX7ygR+wxmQFH+23hCTGGiFzZLZZVOqqVZXPXrzpH55907J8M29eeObSW67Y6kMwyxmGjViEg/ANNUVsHCBGCvXbxU7ZB68Ebw58GjmWFZHS6HvWckTzAENqgg+TgV1CNJsUTMQ3GyxmxjiBhipOK/X4/mB8srGst3rTes/TTkcDE8xdKFkQNQDgMmE00kC9XPwDKMO4hVVY6NRaUA8jOZGFiJXnYMLILkrQV5IrfP2CsLor8ivuQAaT/YkP7o7v/gKE0WDVpZ4LOXPx2aG2uZJ+xSotpR7bk+w98O5pS2of2baY8O6Jupn4LFBBM4SVH4DDFIIsPOwuQYoChguGokfiMnMUGGbhWBnHCPJMTJJbsmPmT7RVKxQtXlpVZaV6ARFnluCboHEt5TeU0VGCKLowqBdoaAy69EAhugBA7FL+pwlLiDabFgpiWhZOsK6XZiTIsbrGMspVhJ+PlN9WBpgcb6p6S2EknquWFGXYAFJMIqFMlBpoItEwzFzPhMfkrUEm2SeIscTRpjoxl7uuMVhWQ0WhgugkRYBemgEwEB2q6eftTIWWmte8gwro6gc3qgZTsEUGsKU7Hrq6MoPLUDE2qWDKkn7V5wiGsAs9106U5XS58T8f2T3WitxSMQ+bo1X3livOm1PquX0zz734Rj1MZsJmlkUDJf+8lafdsGXD6pqJG3ZyN87C1DLu3rHrnSlEUXXjzmq3/blPXPHOial7H96ROr2WU46CcNPaFbdsXYm/acdBxfFF1USPsUTBeDJWf3H3ky3T9z07q08u99QXb70us0zDKMPfN6eiHbte27n3QDPMm4ERpK7vuiODpXNXLL7uvLVnLXaRoigtWiahQ/meGcW56RjtXMXk+JF66Nl3nt79+tHpejtVURTZaXTWspHL1q+58cp1JU/d9+jenfv2uuVqGKleK/3qzVesHCojnu/86OG3ZpLUq+Vpuqxq/dlnL+2xLDTl8V37f7HzQGCWyFayYP5ffv5jy/rVniPJvQ899uqBo8dn6qZpFWxrw6plH7v6su2beqq2GE0W53ZXc18ZP/H2fJo4hSyOVg6Ui7Pqvh27Dh85WXX7W2TOvUPknMdnZg69dujxNw79yac/esmAMluqVPJQ3h1vTe2fV5avjMbkef35jWjlwMAbE8G7cTsiswxnD87ObN+6sp+kyPFE/kQEEmRco2XDyh2vnXhw71hYqPm24cyMf/XKTVhPYtgY2bd/9srjrx0IMsswS/CoWO1JnNJUo3FyvPHqoeP3PP3KRy8570s3rOsxROngeJ4EyMdz3Gaq2pZ6bF/wt/c+9PaJelKs2qUl7bDjVBzX9n49PvPk4V0/fP7g179647MT5i9fniz2poll1tL6Zz9WQGHbhnr6reMvz4aJ3zLDfFUp+1ouS8Cr/cfqD7x4MCwscm0jac9tmlD3PHf4Rz/9hVXqSYyiWe5Ns7yexNMH60/t/uGt12y74wsXQrHnGFJRJsoMbSeDDLOMYhzNwx88uGu62eoZHFbNrOT6M3lMveT2DBI+jjZm7rzr5wOfu2Vj/ylP17M4MjLbLxpGEldTTKFmqW3btu9/8XBYrPpW9eDJd3a+PX3NGoKkhL2ukxMfr9TJVP38mVfiyhKr2tdqTK8YGrn48q3EpfFY/YcfPPb8eMPuGw07UdHzSnmUpkmD3KZaNvJyGvc1lbrryT37Dxz+b1+7bin+IUl8RCRRPk8s45F90bd+dD+GkveO5G6xlcalsttpN8M49HoG8P7vNpv/5tsP91Z7SyMbUtOI8zim5vctnACn0ztoZmFolBzbNCtEFSEWyzGLtaTQF5cGW2FQ6av91V33z9dn7b5lcQ7xkWPaqWFnZpHsBQv/yaPPFzz7G7dtYa7piDsSL4coDMOJUqth2Cc7nbLvZnMnquF0rXOi0jxWDufSsBVmqdvTM5tmv3hqJ74PZ68demLkQZa1DCskt8ZScLLbzx2tWFzHkXJSv2/H83tRXjIGKRY5cc9gptTO/eGByY7hVUmK7Sg4/5wNtZIEjH/9vSefHO+4AyPNZlAtVhqT0+HsXDA53hfNqpn3ZuvTbcNKnEpWHn7pePTlO+/DPxqS4VJQoHfmWyfiO3/8D8fsvjotGd/rdFDMljF9tNY+2RtOWnPvJbNHSy6NmPTE3GwnzTthmsWpEcdmlhIn0AAiRBJ0HKJtFEgdDLFd15xneU6Ism23YLqlk/WO5ZaSoO2E871Zw20etzqzvmUEACz2OYPL7vv1c3veS/GQtmgApux6aQe3IxVxqrKyZ9ba8zddtuWSM/txp68cmX7guZfeC/PYcOaazb5qz8HpqYlYlQwSeJVGYU4TRtlJEtmWB+s5V9bU5tOHH3z9oFkdcAs9r7137PVj6sIl0oeikCF+I1Xczv2/2RWVe+C41a4POPE1F48iv+/97OU3ZzvO0Giz1SzaeTJ5+KLVI+dvPHPF0iIh7sDYxKOvvf3aoQmjsjSz3bg8+M78+N/89Kk//YPL7CR1bRfb//59O07ioXtrbh6mUauaNobLznXbLzpz5Uil5swHau87R+575MmpyDX9/jjTPg1vZTk6nRJfH+OFMlWw/dzOw7hD8IdPHKT2URTi/LDI6amZ3mLBjOa3nr70tlu2r1yipmfVXb94fseuNyt9yxrNNslgFOWvHzy0ftlqktoCAR5HjPL7mfJda649WzXbd3z8hq2LBDT6vmJt/6rhj/zJ3z6irB7fq+SqfWDy6ESgVldUo618x3dNZjsZGKdSMBBtieDXbV37m317AhGfN2k4D+3ed871661UFdENS/zGy+/O7h4/1qkMeypxWtOXnL1kRVHtnsx/vW+fXR6d7zS8PPajmdt/b/OnLh1FeMwD+GVLh2+9YPgnT7371z9/1upbHhiOU+x/cOe+Ky7cvG2ZxM9HD6sn3627lf5GMGNaRlqf+PRFZ/7bT14gThyT0jX3NctGb9j8uX/xrbsn4iAxwd4i+wJPmgN4CUFQkncz474bZHVCLkHX8cjscGJYZ61WtTtTV29ee+ftWyBZUrWSOucrF37tL1uP7Bkr9Q5RiwQN692jx0O1WjIhKVcs3LWdZEkadip5cv3WTZsWSQ5UU0FZReVMnVVV55y+Oup08swMwMsvB6lOB4t4h4gGEyxwHIemjOSPOn3eNGRsGOqNGvOp6UZuedfbh4/FKndxIEjEwNh/+dzuDN9LnDayohXfeOlm5j6z+43J2I5UZqnASerXXngWXCZr7FGqmuZlnFWSDSn1+ctW3nzpZhXWkVnkFmeM0hO79+NbYdNv9k9Mph792aJDHGicv24ZXCZvKwSK8o6LPiJnOz2zqu744q1Wa8pDTbIUAizHwchBXrs3K6NqN216kAW/gAlCIB4gzTLbcUlLeYXHWORn37x9i8ZNFeOkqvG88ZKNNnmGMhud1PTKU3MkijhnYTUhJAYERViWxoOmdfn6YVQS0GZm28quGOJ2B8qekYXI0zQ9K7JpDTEfxaSMN3BjibSe40xyrRaLGJJTX3v2WTaASSGd8lQzfWr3BBEM1pB3vzKldh2espRXMezW3OyGdWesHaBBol5587gqjURZ6lmdAa/96WvXFLAz+i1pLhVpnuI+MDLO225c30OlZcS01LPa4l1vv6cZpN46dMgoEI7oyMSFYOYPb7pKAkmcl5xcHGOAoqqKb3mJumK5unzNcNKcs8khHNxF28UD6qCX5E5qm5GROo4Xh4mEMW2mUt1kVGyO6fpBc+6WSzeSzvtUy/hxi8xCkp/TTxtw3UKbrrzbEwnnMAqZLq0s/Kb0gCzy17jq5L22UCIHfSpKbywOEA5Jc0SDhsVMaelKRSdCAlBO+iLVIkLjIe4DdScfumDN8PKBatZp2KYdW/6O3W+Qk8xnonf3PPHCTF5wC2UriXqt/KbLN4LK7ExSb8WJ4TqeH7Ua60eHlxiqzAvWMI0kwcrzLOqgBJRwQ45av3xxUJ+2bZsU8GQ9mKZ2An6jSaJumU4WRssHetYuESILjvgAlaYO2kKmlUodAVM2rhk10yhN2GeQx1ae6dqKKeQGcgoTREByAIBTfrjPMs/Kq26OFNkDkUE6kYdfRTvzbFQehuo/rRbS6hQoYhrkJB1DtVwnQgocLMLiyCFhXwVGF9H4wMlD4pM8p+uvrQnVYW2pdqXSW+C+2F2uhirqnOX9hXAK/bfL1ddPNp4Zkzpi37Hg5XcmsurAfBJ35qe3jPRtGRDeJWknjucdV0VhYht+b6EHAWv+aDSkE5fLvkIasdnB+F43L+VxUW9EkPE0O5oDUewQ4qUAN6quj10jmBSfCtK21VZpSLfYydu0nnFH/b1xEBQdF2xRFzOX9gvj3axjyS6P1iUkoCnVXDdw53Ye2VloG3mhVMGmpYGB5gmjpSHk22bBSoHgpm2isZPHCA8tFEqky4JXpG+IFAUj0WgtPUE90c1fF2wyZA6jdP4jspFDenKsQKDJMke3AOCHg+HSLsF7bF03aHfyuNPJVODV7v/NPtrqv9q9fy7DNl3cddFMP3H5Frwb0sUsaNlkVA+WlyWmqzBl6dQR9CHSEJ9hEPW5ogRAzC5dH2ww6FBIsvXDILD1HA/3ZhhWnORhlBMewdPGrMkcYLVomXRRbNvkVb0TOY6bAVMrXJcmFhUrllYJDR/p+QBBP4RfQq68BT+Vue5Cvio5ABAEAdMUZLByst4YE+ERWNHlEa9kpq6Vlcy8YqRFK/OFPB7SrNILdH9so6SoBHSHgK09stZu3COzAx59URhEQwB1oI2AAG1HIJ/Tr9YtRu1C0qfcK+0/MXffW+qZQ1OJW4zDyM+ydSOLz1/lwWhXZX2lcsHx6R2LyhnexMRxIETkaySFejMK2Kny0szGy4P9san5TLIdobHsO/1lGTYwMEioYLhX7DlyojExLYwOw6Z0NmSvKPVgeCotdUT18hvvuA4qCMU5IZoxWochkoLbT4xCbLgZEqYTLe13SEN9pVODSDAM10hhkTAQbMQB6B6eJFoW/oEQShZGt4KFRAM5U3G8DtzKTZvGY1d6kKINCpBdX8Vy2JZQJVD1RJkrvMdMTdIJxoti8l6IJwPJMPCrtmyw4qBU8NM0jUz3p0+8OIaNk/EbqRvUr96yAW/uYH9JOlBQI339ZtDJ4phSc9/YyVfGFeUqB4jKWlx5LpqITe0eV68fPm56Rde1405jUX+1p6w8Q50+Mpi1ZvI0IqefTewHn93P+Mwro7Q4OZSdfVA4QsK+f069PT5jOIUwJpnWdilLdcmDj7gBCVw6xUOjIRQc4LJwRXIlrEZ0XcZLhOvqo16FKdLNEcMyxUeIJMTm8YBIKkssUoeYRhiMFkYBULMMP8BdxrYzw8lEDDuBraysh+knJoWVaSEnyTpAT8KN7GtEKMK2dctWLO5LG7N2GsZJMlYPQr+Kg/CS5oah8tUbK2gEm+sIiIvLNp7ltuslJ6NtMV1Z/P3HXh2nX4LtADZLwjxvgpSt8D/fu/dXHb8vNtHR0Epa5529VnAmAp8xOOI1zajRpIU0sOSnT+z62e5j83RiukRBv2mS3Y+F6i9/9MSh2SDGo7pFqdUkTAq/hGV55mRioKwKD+AxjhDFxC4zcgYGgw+/pMULTBB+Y+/aEwBBhwgRAyzHKQvXhInCGmCz4Yan135DM1rLVquSrC0uDkFJpStrCGQ9YOGH6rJIaY2uyUENJw6RrCXDLVyy/vS8fmKgin4rr1TFe2KueXP68o0ryWoBblt+Vz2u3NwzwqjOrO0a5J87Dx/9rz9+/s2OmlJqzrTnDWPeULvn1Ne/+8s9R2dUEYHFTtwcrZjXblsKPoC6YNTdvHLAihqea9fpgNQW/5f/8cB/vmfnnin1Xq4mDeNAoB7YE/3xnQ/sPnKsMLAYzUL+aJUOZeKLgbPAciFZNId/eC9RLBygdtdoXFdhZbCmOE8pEzQjdcSSJgPBFbVgBATSUWJ+mouCejhaes20GbWRBpIkCdQ0SR1iR5S5yg5Sw7XYC8ZyhCrWSJPQtQo8SUiZE5EeB7ZvykYz+ZiNOV+7eemjTyVTQTPPC1aUeAgtaI0MVq66gGJQ6Z6eEMpckrbbrr/oP93zsF8pJuyUlrxHDhzb+ec/P/v00eFFfa5vHxw79so7J2Y7uVUbIu6XrTSbmfijW69dZUvpz8Hv7X9w88vf+l8zQdPxy5HthOWVP35+4p4X/m7JQKWE/Jrh2HRIq9LpG+jEfMHBupKbUUQQfBeIcrx2lkEUZuRAqhzdhEq8M/0OBlKgdZ2qTo1En2UXhdAkkhEPTWmDOQR0YGF0QJ7OSzLoJKFPVrNtz3N4Iz0j8WmyMCKW5eXI6abgE+J2hxSLA6o8Urqw3d2honLlIY1mepXkKnyIQgbAo1FfbTtr1d/vmbAqFYf2QdDI8M7bL6RUw48TSpklm1Q6t73x3MV7xs568KU3in4lNUpmz+KTnejRNyeMvYex4NRwYrfXrZZt7K85pVoTH9t29u9fsByBIXY0A5TO6lN3fOH3v/ndv5tPeo3yYGIW7UotdeL99dk07hQKRdXXC/vmZo5WyjWCk3TTooivUNDfJDfFUeR5sUD9GHlkecQMmkya20I+nEEuWdrpdBwUkGVFu2ESRYt4Trwg2VfJd9qNuapt9vb2oMpmQXnk7ZIYGqFPqm1mjSASuuWQYMxUoDHf9D06w/DbM8yq55copXRH0c6zkp2XC7SXYgIIU9BNvTmEH3fE9ep6advGM6UcYEslCh0jHak42zctI3KasjUiiKIQMJ20Ds/x7z563hcu21JutVUzTALywKJX7vFqg05tuFhbUvOKdrsdz84Ww+Znrtj8jU9uq2iRk2GzFglsn8puOcP/m3/1iTWFljl9pAp1UZh2Agqk3p7FlrKjuel4auzzN1y+dfVQ2pxxqIAt6CAK8cWSGFbUbllse+ZJwchd05CdT1SBIBwn7FV6lknnlmGuI/pLf5X9u4CCX9cWwvuoXTQSdMpM2q3mHHMpa+kwKbcxZTdTp1C2282Sy86DYAwgyVrEAyEtQ9UnvcZJBJwHgRM0zHbkK5eSvhbVrRNTdrnXaswVSj0kWxCMC+/mCawhrgmvyycJFt4wxgnlzebVF6wfZStd4rXkmtgO6ScLiVNiwUz90ZXrVo2e8fePv7Dn0Dh7SxaccN12J6KdUraNQtBev3rlrddde/lKBZcNCmubbo30IvBrYafuOaVLV1e/983b7n7kzRdfPnxitjUXNWzfYzdiUbU8PNp/80e3n79K/ccfvF0ruPNBQBWOweOaQAJdqeXtatCKo1azMVcZqWC+luz6k6m1qvF0Z0q0oxTNZI1pW0m5wxSJWgRaaAiV25lJZuo+ChE1jBDQEuiNAVd9+dpL5zB1kt8oXFbwqjDGklqHaQI+z/oM64b1o6NV9uy8nA92os7aQT44yGsq/8JlGz9tF9E84t6Ao3qFfRKfC/RbqQ8tl1KlaalHX9hD/wGv43q+b6XXbT2D/o4rUsQCJBcSB2WQvUh5UtWbJtevNrevvvCFA+Grbx0YO3ZirtEsLqr0VQpDFe/Cc87cMFpEkRAVSoW3BI6oBVymK1KoEWgQ2ApL/en165pXrxs7ls4n7enpmdP6lwz2u5UeVlPkIc3JyYAGZLXW6rR7+iu9RTQs71XGV265vBkVcstNs7DqpIuonTQnrjl3Vb9vWcUaqXDWmTt/9SIPdxwHtCB8tIMuoOEtqalvfvGTQGUnlwJyuCy1vpFEOD35PAenDLKcpK0QjtsUtGGEMK1F9hpaDmM4GAMNnPTF0T3CI0GTURzQbLLTQSJEYkSfhiRUmXXDeHpSfeO7P+mUBg2vFM3O3Lz1jDuuW92vUlvKUREq+hAlqc1GD8qr7RT9YlsHZ4UX6ogMxFMxFmvjhOwu5agEBoHKYMA0HWLTfHe21aRrVijQN2h1OkMDhT4+cujum+i5yJIu0Sz73K9Of/uH93SKo4Hyotb8Teev+uvPnF1OOw4dJ1RE3K4czMWnEdzoG3ELWP6DDHwgHlArCl7dX8ma7dSk+7hgx8zlZBoKLR/H2MRRSWDwxVmYGXglSGKEAIMIug8U5/qONp2tqxpcPlzAoRXY4su4I5EmpzMdiwn8ByDiXVCcnz31Wt3tM3BNadxvZzdevBqR2IKtNCWkdcWKuk+iVRMPQNJFOZ7FWV4w2PiWCKPJFAJAlcWpxGXnE79vSoXEXmFGrWl637n/2cf2HHK8WoAFOc5Qxf/Kx6+9aI3UyiyFQiBcdPnhvY3/fs+j7eJwbPrMt+LOljUrINm1CInyaR7BWbAjC8aFg59OSBjA5xgxG/RYES0JcSH4C1RKnLUsobWEPqT4Q/19DNB4TnCS7A2/Sc4bSGWAizvFZaZpVwssJjIBYGQRkEnQAz6YMEBUW+5F+8GDU4pZ2q90FLVgD55Mnn/zXbP3tASnMzd17Vkrz6iIVjJb0AFLEIGPbHfKd0SA0d1b3VJA5JDFvolgwjBZVHbRxQS04SFrnoAFGRE5ACtu/8hHHn7jf3fMSugX+FJtcmbuz75/99nLB04b6l08UGNv6vjM/N6jk29N1DtOX2aV8zgpZsHKxaUrNlXACtFxgAN1Of90mbxAqZCcEkVyeAS7BB3J/IRdXAvemiHoCv5H+CJsgxn0aGkKopO6zQdM7YhEid8/tJPmTvJpuCxQwYQ7RncNfGG0PNIiFwFLAqEzTdaW/apnX2tiFLCh2S5m0ccv2ciWAl8d6BkaqhAkwGVvlbJVL6TNXRbRnwFrddZrgQn/mcEBryNFtwEzCz0SWP0t86Yl6p//3hXfufshb2hlhNMv9M6p0pNjc9ahgyoJ6GZHmRnZJbe6gl0K+F7mY436sS/f/oeDjohfGkbSWJciRePVRUzjxI9wVhyIxmXhV9ghE/XRZQvDmCyZLWMM1xAzf/84xdX3H/z2Au7pSfKku8TvXmn2/na4vmIpGHFgKt/1+r6+/tFWMF/Lw/PWLF+3SL4At7oGIGLRbBMNEO+kD3moXwiiC8cHluWye8d4qTbklwpMnAq70IOW+c8uH46iq+566Gm+Eij3LurEuVPpT+Mi5FMJs2vl2F4Uxi6t6Prxipd86TM3XLzW7UeLpTqghnPo6Wi/Jov/duXfReX9592L928/MEqedZ9/kNELA/6f/KNk6hrgjsceCttTpk2XOzPazRtu/izBlgIMlyHWJp0brQN4BnggyvohDkZjt1Ltk3xJ8c9HVxH+Ysgp3H718k2rhr5/z0NvThzwSj3T86FVKKYWhUlCfYIH68F+w/p5a5Z++VM3bhgypH0IhLgtAUnaloKJKOWHQOcfG7rAjn9syD/1HYzuGMYz74zP5F5kV0gXq1ly4Sq/lCrip+R+p6xLdwSgSLuPD0mZxBzNkyxq8YGSMEY8thcZDu1V0qSX31M73zg4Nts4cnK6Q//UcPiSYnSwtqTiXrRh1TkjiEj5aeZTY4nX7fKWyttkV1w2VBc8wj+VC6fm/f9ldGzIZ3PdpJAVqSyIVtLMl9KR7yjxLZJG4lzhELkPY2DUh2O1MIeAwzQgCEBAcSbw1DKBTnjEHWiPIF/G4F8o1nE35LaSIMqXqWSnCzzucjpnB1aMiwZ7Yknv4sNhdIq3v/P//wBkfQfkCmVuZHN0cmVhbQplbmRvYmoKMTAgMCBvYmoKPDwvQml0c1BlckNvbXBvbmVudCA4L0NvbG9yU3BhY2UvRGV2aWNlUkdCL0ZpbHRlci9EQ1REZWNvZGUvSGVpZ2h0IDIwMC9MZW5ndGggNTcwOC9TdWJ0eXBlL0ltYWdlL1R5cGUvWE9iamVjdC9XaWR0aCAxNjA+PnN0cmVhbQr/2P/gABBKRklGAAECAAABAAEAAP/bAEMACAYGBwYFCAcHBwkJCAoMFA0MCwsMGRITDxQdGh8eHRocHCAkLicgIiwjHBwoNyksMDE0NDQfJzk9ODI8LjM0Mv/bAEMBCQkJDAsMGA0NGDIhHCEyMjIyMjIyMjIyMjIyMjIyMjIyMjIyMjIyMjIyMjIyMjIyMjIyMjIyMjIyMjIyMjIyMv/AABEIAMgAoAMBIgACEQEDEQH/xAAfAAABBQEBAQEBAQAAAAAAAAAAAQIDBAUGBwgJCgv/xAC1EAACAQMDAgQDBQUEBAAAAX0BAgMABBEFEiExQQYTUWEHInEUMoGRoQgjQrHBFVLR8CQzYnKCCQoWFxgZGiUmJygpKjQ1Njc4OTpDREVGR0hJSlNUVVZXWFlaY2RlZmdoaWpzdHV2d3h5eoOEhYaHiImKkpOUlZaXmJmaoqOkpaanqKmqsrO0tba3uLm6wsPExcbHyMnK0tPU1dbX2Nna4eLj5OXm5+jp6vHy8/T19vf4+fr/xAAfAQADAQEBAQEBAQEBAAAAAAAAAQIDBAUGBwgJCgv/xAC1EQACAQIEBAMEBwUEBAABAncAAQIDEQQFITEGEkFRB2FxEyIygQgUQpGhscEJIzNS8BVictEKFiQ04SXxFxgZGiYnKCkqNTY3ODk6Q0RFRkdISUpTVFVWV1hZWmNkZWZnaGlqc3R1dnd4eXqCg4SFhoeIiYqSk5SVlpeYmZqio6Slpqeoqaqys7S1tre4ubrCw8TFxsfIycrS09TV1tfY2dri4+Tl5ufo6ery8/T19vf4+fr/2gAMAwEAAhEDEQA/AObApQKXFOrIkMUYpQOaXvikMTHpTgp704D8KcBQA0D0p+2nKuPrUgTgUARhKcE5qULzTlTJosBEE9akWPFSbCPen7e1FhkYTNKE5xUgGTTxHzmnYRCEFPCc9Kk2c08J7UWAhEdNUOYwR171bEXeiKLCD2yKpICJACoIoZc8d6srDgkj8RSmPn8KLCOXwaeopcZNSKvNADAlKE9qnC4GcUFCaVhkaoCaeEqRU9KlEfFFgIlQU8LUioPzp4SiwDFWpBH+VPCDFOC47/hTsAzZTjHx0qVU3deKlEfpQgIEi4qTy8kVMseDmpBFzkCqsBXEODUgjwRVgRZ5p/2ck9KLCIBFz0pywELirMcR6HqKnEGO1FgKAtycfORjrS+RnPBDds1oLBuyGHHalMI3nHXvTsI4VUBNSKlOEe3p0p6qSelSMRUyKds7VLtwKApzQA1Y+1ShBinqvFSKtAEYj9KcI+KpvqBeeRYJIhBA4jmmbkbuPkUZ+8M8k8Dpg844vxB49kjla00qXzIwu1rhhg7uc7cY6cAH2PXg0WGdhqWvaXpMbNd3G1hkKgUkuR1C9jzwecA8EiuWm+JsCTMINKeSMH5WecKSPcbTj864C9vp7+4Nxcyb5CAM4AAAGAABwBgDgVXB59KdgPTbT4mQyTASaVMI+rFJgxUfQgD9RXTaT4s0fVdqxyvDKTjyp02t7c9OfrXh5YEADrnt3qVSV27JCJQ2MelOyCx9GogIBA61MI/avHPDnjm60F1iuppb21ZeUJz5R/2Sfp0zjn8vWtC1/T9et/Ns5VYZwQDyOvUdQeCeRyBxmiwi9HDmpliHerCxbTmpBH3PFAFYQjcDjmpvJyelTbBkU8DFAiERjpjim7cZ/rVgioiuCaoRwYX2pQmDU6KOlSLGByaixREqgjpT1iHNSbMDipUQnrQBEqYokZUtnlMiRgLkPIQFHoSTVgRgHrxXnHjzxDcWl8llblVHlZO4BiM5BypyBkfjg9skEA5LWNdk1CCG1iQQwRgF1XrJJtAZ2PcnH+cmsWlJLEk8k9acqE0XKSGgetFSCImnC3Y9qXMiuVkSjJpTyemPYVZSzY+1Trpztjac5o50PkkZ49CSKvWU8tsRcWszw3MTBkdCVP5jv/8AXqK7sprZwWXAPektNq3C71LK3BGcVSZLVtz37wB4q/4SnTHW4Y/brcjzhtABBJwRjr054GK7DbjivCPA+q22geKILgPsSbMF0rYOxCR827GODgnHUCvfcAD1ptEMi9KDnNScYpRgCgBgHFMI5NTEcYA5qPBB5oEcSi+wqVVpwTipVAIqRjQg4qVARxilA9KeF54pgUtWuBp+kXd4VDCCJn2k43YGcfjXz3eXc1/dy3Vw5eWVizEnPNe++KLGTUPDOo20W7zGhYoF6sV5A/HGPxr59IAOKBokjTcKspHk4AqOFTsz2qdWAXFYSep000rEiQgdQCamSLoagDSE9sVdhHAJ6nmoZvFJhFBuODnitnTrAvKoAyCwHXpWeX/u+tb+kTbAOAWJFC31LSOwHgCPVLIxLiRiM8dvpXnXiXwsNCdo2Rg2cYY8euf0r1fQNcEcscbZVDwSOcVV+KFhBfWFpdfKXBO1gfpwfzrpVrXRjUg2eNWtr5reZvCPGV4PBYEkE59jivpHQL86roFlekbWliBcDPyt0Yc+hBr5slZothizt5JOehPavcfhdqX27woLZh89pK0eSeWU/Nn82YfhVHGzsiCAMUoGTUhptBIvHpUTAhuKeaY5piOTCGpVTvQvWpVGakYzZjmpFHNPxkYNAGO1ACSFUheRsjaCcjrXzVfQJbahPDE4kjjkZUcHO5c8H8q+kb+1e80+e3SRo2kQgMpwQfr2r561jSZtF1hrOYqXRh09+eR+NA0Q4KAL6CnooIyxAA9TUU3UsT1Oark5GSSKy5bm/NY2oEifpKmfc1bEPvx7Vz0LkEdcetbVrOWjC9aiSsbQlzFoIq5LNgfWtOwvrVBsMoBXnnvVb+zHktfOY7UI71zt00e5ljLFR1bNKNmXNygek2Wp2ogUfa1EpJGD684wR7Y/Wuh1KY3/AIbjhnRl2rjnoe2Qf89q8ZsI5ZTuSZUUHG+QlVB9Nx4H412uiaje+U9lKXyOCvr/AIitG0lYUJuTOYnjazvnjdQQrcg9CP8ACvUvhu+qFTEtrZwWKqGkkTl5Tzjv/Mdj17ef+JYgdSRUQl2QbgByeSBXsfgbQ4tL0KGRWYyToGkDY4Pp+HStIO8Vc5KqtJpHSgU9F+XnmjoT9KRSQeasxYjDHSonIweDmpetMYDnjNAHMgc5qVRTACcCpgtIY7HGcUBeRTkxginBc0gAV89eJlLeL9VBySt7N19AxxX0Njb1FeJ+P7VrfxzcOfu3ESyAD02bf5rSlsXDc5JwJRgjpTypmiSNgF8sEKy9cH1qQRjPA4p+zjiseax08l0VNjKgiAGAc5HXNWbXKuozzSshWPOMCnWiE3CYGRnmk3cuELSPSrbRJtS8KQeVzjduA69ua4G80y505prSSIlJD94r+WK9c8NTHT9GiluUZLdz+7codp7HB71leJ7iB58wojJ1K9etCSSujoqU+Y4jwu39nSzrJGhSddsjspLBf9nsD7kH6V1WmwWKXyGxtWhiBUKgYt0GO/c+3rWTDBG77oxgZ4HpXY+E5YrK+3vAruBhdw4BpppvUhQcdjJ8RaTE17LcvKbd1t5GXAzuZRkL7Z559q7r4dyNJ4C0tmznY459BIwH6YrjfGuZrkx7tgYPIxxnYirzwPY16HoEUdpoFhbxDCpboMe+BmtIas58TZK3U1QM0jdaA1NZsDpWpxB0780h6ZpjSAUgb3p6CMNVzQOmDmlQ0c4qRksY+Tnr7VIowKYnTnipOKBiHBHSvMfiVoN7NqlnqdtDLLCE2TMi7ggBJycdBgnnp+leoY45qvfWn23T7m0LbRPE8WfTcCP60NDTsfOpwrbT2NPVhj2psrfv2yD16EVHI2BxXM1qdsZaEsrIcA5O3nA7mrFnLtYEYXPHB/nWaC57YzVuzXJIJ5x370rFxlrodpa+KNSsk+y2du0tsRiVd2VbPX5cfrVvU5hqPlPFbLbsqcqucdenJNc5oM7iR43cRoem84Ga6OUSWyq0gGCM5B4NEY6HRz3WoyztOOB79P0rYtRJbTBQxwOR6fj+VTaV5Utv5qAAhhkVLcIzy7UPBP6VEr3saRta5EdKu9c1mGdFcxwH95hhtZWBBBBOegz+FehRxLDEsaDCoAoFZHhxfLspTswDLhT6gAf1zWtu7ZrqpxtE8rEz5qjRMDnikkbCHBqEPg5z0ps8w29a0OYryy4PWpYpCUyax7q7CSdaqvriwxldwFIZfGQacTg1EWxS7jjrQBKJMDgVKDk5qAHAzmnrJkUgJw3FL/D0qNW4pwYEdaAPEfHOkHSfFFzhT5NyTPEfZjyOOmDkY9Metc1KDgEele2+OdHg1bw1cSyttnso3uInABPC5K/QgfmAecYrxFn4HNZyVnc6KcrqxATLnAP/ANap4YJHwS2BmkGM5qZV44qGzeKNTTLQ3EqLJPtTPzfSugvdGAs/JtNUmcE5I2DH09q5jT4pTOu0Mea7e1hkWJSynkdaV/I6YpSQ3wsbiGNrediTnFdDNOBKFTk5AAHUmsu0X7M5diAe9aWkMtxqBuHAKouUHvnrUpXY5yVOB1dkv2Syihz8yj5ucjJ5P65qYzjHWs17onvVKW7I/irrWh47d3c2Jr1UHBrLvNVCofmxWXd3+1TzXN6jqTsCFPNJyCxe1TXcZCHLVzcuozNJvdyfaoJHLEljk1WlY4NZttjsezh8tjp9adjcDUDbto4JqZTkYGK1JDOFxSqSetG3tQE4wKQD1bHSnhuuTwKq3N1b2Vu89zMkUKDLO7YA/wA9K868WeOFvLGey06cwo5wsgyGlH9FP5kY7EggGZ8QPGr6rO2lWRkis4ZAZD0MxHTP+znkD2BPYDiVcg5FQzmQzt5rZkzljnOTT1qZGsC2jBhwc+1WYnGMEVl8hvSpkeTs3NZuJsps6PS7gJdJ0AUgnNdi+sRJD8zKOODXm9qlxJIAr4J9q63SbGFGWSYmWRecscgVJtGbtoi/9pluGBwyxnoT1b/61aK6oukQpdPC00SuBIiHazKeu09M/Wqk8geTgdOwqp4hkVPDVxu4GUz/AN9rVQ3Cfwu52CXsdzY297bs7WtypeF3TYWAOCCM8EHgjJ9iRgmjc3gGRnmoPBmqLdWwsJLkReH/ACt0/mqpEcnAWRGP3W5weefTJJqHXrNtNvPLiuYru2lBe3uoWykyeo9x0I7e4IJ2mrK6OApXd2zcA81lSZY5NWWBP1qJl4rG4ynIBVOZsA1emXAzis6fvTQHtn8NKuAetV7q/tbCNXurmKENkL5jAbiBkgep9hXJ6r8QrKzl8m0hd5D0llUqnsdv3j6YO361sZq52xPPSsjV/FGnaQBE86SXLbgIUcZGP7x/hGcdefQHBrzDUfEuuau8tu0xmSQELEg2IAexA4IH+1k1R8qRUMJtYQkYHnSuQc9go/lSKsa+oaxfeJLje7+YkYPlpEm1FHdiW/8A1n6DjCLRaheH7dCYBF3Axx2znn+dbEun3NzBHFp9+HvXALxoMYHZAB0+mPT1qfUYbi0ig0G/tlSa5A3ygZ+fOB0/zgZ6GrUdAucHKCLh1PODinqKj6ytgEDPGakFZSNIj8ZpygikHSnD1FZ3NS7ZO6yAgc11lnIyQhnPbNcjaldwzmthbsiPYOKg0i7G/BMXcms/xXdBdEeLIzIygD6HP9KbbXJjG5iMAdK5zXr1r24SMHIB4HvVw3FOfunQQ315ZyfYbSPbp0ybWYjG9D1Bx9eR3H1r0DQtS082reFZ9HF7YOFkgvY+sTno24DI67SScZ4Pyk586t7+bxFax6dDiBYAAZBx+P8A9auj8L6mLMSeFLafZfTSYtpZMFQxyME9AOfQ8Z6nFdcHfRnGzp9S8ATabBaia7jjmnyF3uNrtzjBHTgZI5xyOcZPJalZy6ZeG1uCm/8AhKtkMPUV3XhHU1QXPh/xlepPfIzLDHc/vUcDnaR14IyGGOnX1sr4a1S013/hINIntbaJYS01tPM0yRFvvEjGTH9MdOi0pUk9hcx5VcfcrKl616I2jaa1vLdaoHlluM7U0qdJFDnn5ODk8gkZbAPGTWLN4C1KbSH1ezmtp7HBaNvM2s68Y4I+U4P8RH45FQ6MkPmOOnmluJljvVubi6k/jVtzNjucf409wbF2glSSTcvyxBAcH1J78U99cmfTh58zSqo+XaMMOf73WoINTCRM9hJKkjfea4G8j8f/AK1GgDE+y2xCQXM4vH++3938q0NOGnWrC9ninubO3P8ArG6SyH09fT8z2rMl1UwKY43jlkc/vJQrAn2GQK29N8TPIILJ7U/Zxw6BRjHds5547EfjTja+oM6bwz4bsNTjuPE9vePA1uyhUIPLk4yB14yMYyO3GKiure6XQNWl1/P29w0lnIWJ4yckE9sA4OegI4xXZPonhzxSunaV4aka3KRi7ZAduVVipBxypyCCRjllPPfJ8W6kviGxnhaIK+hMLS5KcYMhCk7enARk9ju7GulJWIZ4pMkRfzIA3lNgfMOjdx/WhRXW3GhDVZJYdG2tb20RkZEG4uygnC9yeDx9faufFljoa4qiszop6oq4pQCOoq59jOOKtw2iuuGHNZGqRQiYCrML+ZKBnpUVzD5LEUtoduWzyaQyzdTlAVBrMgDCc3LRl44+oAzyf8Ov4VZuDhGY1r6Pol3a6d/bL7XtyNwjPP4kf4VrBXZlUdiC6Dpcp/Za7bcnEj/3j3z9a3NTax0+1h1LT2Ml9Eo+YHnjHJx0Ix/nFUba9l123lgjgWFXcqcEA/gfUdaTTFg8P3b217LukPMfHf1A961WhkdLpFvY6ppf9u37v/atuwdYSTucA545ySO3/wBfNdZp/j3SfE1pbx3em20Nxp4JieW5+zNj1RxgDI/h5BxgjBBrysnURdzGFzDbSKxjAbaAw52598f5xVPwxbzS65JDJN5I2tuPXof/AK9aqWxLR7Pd+ILG3hkvdMvNMs4HI8yfTXjadj38yHBVsknPB+vpmQXCeICuowSS3tlZuv2zUriMI+emVi3EZ9M4x0AxXlRia1vLyF74mBCfujBYA4rslK2HwvtP7CvXs7q5uCblC5DOuMZ4PTII9Oe3NNTbYrHMWd7C2iSQWlorSBWC/Lye446nrUWkjULi3lUQKp3d1x1+poorIo5y4SUSlZgFcener+lW105aSOZVUDHJ9f8A9VFFSxnovg3U7zTPC1zqOmxtNrVvOkSnbkeTIzY79mLg/wC+nYVf8aT6ZawW2j2Tq+oajEJrryxjY3RQD2bAx24XP8VFFdCb5EzN/EcdZW9x4c1CztoGEgnnDSsOm0ev9PXFQ6vYJpmtXljG26GKU+Sc5JjPKE+5UqfaiisKq902pP3iGNR04qZlEa5FFFcp0mZdrvbNQouKKKBEUwaeVIUI3OwUZOOtdHdDUbZ7XS7BvOtgcuO34jsBz0oorekYVTQ8WGzNjajSWaK6VcOoOGHI5OO5PORWC0cE8YOpMf7QjXfsYcuB1+p9v8gorSe5mti/ZXE+s24Rx5cURHlvn75AypB9Rjn/ACKxre1S31mVLm5CsQRww+veiiqtaNxJ3ZqaPp621zf3sED3KRKwEm0lQxGQOB16Vf8AFlzpOqnTo8PZ3AixJEDwGJx3HXiiimtIh1P/2QplbmRzdHJlYW0KZW5kb2JqCjExIDAgb2JqCjw8L0JpdHNQZXJDb21wb25lbnQgOC9Db2xvclNwYWNlWy9JQ0NCYXNlZCAxMyAwIFJdL0RlY29kZVBhcm1zPDwvQml0c1BlckNvbXBvbmVudCA4L0NvbG9ycyAzL0NvbHVtbnMgMTIwL1ByZWRpY3RvciAxNT4+L0ZpbHRlci9GbGF0ZURlY29kZS9IZWlnaHQgMzcvTGVuZ3RoIDg1MjkvU3VidHlwZS9JbWFnZS9UeXBlL1hPYmplY3QvV2lkdGggMTIwPj5zdHJlYW0KaAW1mgmQXdV5oM/d79t7lVqtRq0NISGEQEICxC4WQwADtuNgD14SD/ZM2Rl7MpUpe4JralY8TlKVuMax4yqPpxhPjAnGhmDACLMbBAIBQgKEBJJodWvp9fXb7n7n+89rYVw1lSpSM7duv77LOf/59+1co5PntlJ2qlSulKUyQ2X6kjtOQz+zujcmr4wkTW3LThPlMDhVqaFiS7UXZqs+RqZxaDPRtAGQJ4Zh5MrIlGkow1TcmIq1OMwUYMpweMscHjAgV1auVwUqp54Iao5GQ5kyLZMVlGkxPs00ziY4y4tTCOt1DXnFoaHpmbFSkSySFvgFZw5H5jACslRmGiDEEhY3SZaaZlNjCu2+BiaLxLlnMzSGDjn1WGB0mQcgoNr841SxMvNMWRAui/J84b9c8747W66YzwFeQp48lpM/y2LpXLDhMFViqvFU7Xrr2KHxqVVLhq7ZMFi2HQ0zDcPQ9zzAMtQURus5sohM1QcDBTy/+pnAlwMGyxU/nN1X+rn+gWpTo7rw/hQ8HmqZnRoJhA+shQhhrHDMRDyazacGduEkaZLkuW+7Ee9tM1Dq3mfeGj85fcbyZeeuPW1JSUGJrQEoo0u9XiA3RIP0UnBMsO4eIrLffZDmwgitx90XIlwZDEIyVHQtUzbCEb1GUkaKvpqZmSdZ5prHlPr39+769b4jdrFodepXnr7065+6dEgpF7GbaKvMluW7zEHGHKaGL9fCyQ9wQ14uHDkKiDaABBotbIc3moyu9nApFsFcYGlwQBNIWkZcM1FmyQheaPL0YPCAh1asXN5CVdc85L8+8jSLLHNGqT/+c/g8ljmlLIyv2XTGnV+6aqmrVJI4IG+aXYNeYG8OSgBAJaDXFCRkXRDhxcItsIVoXvC6i9KpS33HMyCgwAtvZSTm331kOGai1FOvvv343netZWfOVwbV8Mon3x57fO+UCEdzFmayvkxaAAFneRTlBmJgYQMhiJz/L4deSllMgMUytguB0XIBWpn86ZMHCw/zVKjr3nVfCedlBY0EyHDJpGRhTXFpoko8gncqQZtM/Mv9Lx174ciUM7yuU16WLVr7yMsHfvX0HsZYth1nsq6Btz0FQq7AR05Z6H1CQePUojJWXIrGrPtQTxdfzPJQaKK3TLUs0Y6FQ2SFNqkgVomrjs9OO8XSfBRbnh8kHccujc920EY3VRYy0dBlbS0fIdkAYqL1Thw5C3Hg9xZE3x3PYrh2eXNKK7tYypMuICBgd10bEyCCIP+wAy4MT6tzyiR0SggTAZh6dU29wBGOZPJInLSMYT3BRnTjWH2uxXUnN60KfPcLlYNHxmJ1NhBdW5sBcwQ/1uIfs/nl0QI+8karAuaqRSvSFvjdk7fdgxmcpw5LPFoOx08BM0TLAO66/MuWjSz287CCR2nNF5K4mMSLykXEYLriB8VTaVigjcYQOYUWcSY8XdDR366ukeM172AQPEs1F2QGB0+7kwQIJEk87CqWJuwUHaJV8kCPJnLCR6axrF5ZgDhd9eo+5VcsRp7LFW4aPNctH7Ha81UjKyRBIZ7309bo8CBAUQgZmOnoLNjqP1mNP9EAeaTPhf+8FznKa0I0kDXvuJc5PCUmo4LYu0haRkmolzu4nSXKtgQ5uOGq+OLTV24ZOfTS4SOu5fpRcOmygVvO7cebNZPQtz0YRvwQjmrnAR5YiWiyICKmARxuTrF8AUmt35ID6KQmtw0dHgQFACRoXDcPMTHiPLdguEZbYItgOYSOLiyCuX7ygR+wxmQFH+23hCTGGiFzZLZZVOqqVZXPXrzpH55907J8M29eeObSW67Y6kMwyxmGjViEg/ANNUVsHCBGCvXbxU7ZB68Ebw58GjmWFZHS6HvWckTzAENqgg+TgV1CNJsUTMQ3GyxmxjiBhipOK/X4/mB8srGst3rTes/TTkcDE8xdKFkQNQDgMmE00kC9XPwDKMO4hVVY6NRaUA8jOZGFiJXnYMLILkrQV5IrfP2CsLor8ivuQAaT/YkP7o7v/gKE0WDVpZ4LOXPx2aG2uZJ+xSotpR7bk+w98O5pS2of2baY8O6Jupn4LFBBM4SVH4DDFIIsPOwuQYoChguGokfiMnMUGGbhWBnHCPJMTJJbsmPmT7RVKxQtXlpVZaV6ARFnluCboHEt5TeU0VGCKLowqBdoaAy69EAhugBA7FL+pwlLiDabFgpiWhZOsK6XZiTIsbrGMspVhJ+PlN9WBpgcb6p6S2EknquWFGXYAFJMIqFMlBpoItEwzFzPhMfkrUEm2SeIscTRpjoxl7uuMVhWQ0WhgugkRYBemgEwEB2q6eftTIWWmte8gwro6gc3qgZTsEUGsKU7Hrq6MoPLUDE2qWDKkn7V5wiGsAs9106U5XS58T8f2T3WitxSMQ+bo1X3livOm1PquX0zz734Rj1MZsJmlkUDJf+8lafdsGXD6pqJG3ZyN87C1DLu3rHrnSlEUXXjzmq3/blPXPHOial7H96ROr2WU46CcNPaFbdsXYm/acdBxfFF1USPsUTBeDJWf3H3ky3T9z07q08u99QXb70us0zDKMPfN6eiHbte27n3QDPMm4ERpK7vuiODpXNXLL7uvLVnLXaRoigtWiahQ/meGcW56RjtXMXk+JF66Nl3nt79+tHpejtVURTZaXTWspHL1q+58cp1JU/d9+jenfv2uuVqGKleK/3qzVesHCojnu/86OG3ZpLUq+Vpuqxq/dlnL+2xLDTl8V37f7HzQGCWyFayYP5ffv5jy/rVniPJvQ899uqBo8dn6qZpFWxrw6plH7v6su2beqq2GE0W53ZXc18ZP/H2fJo4hSyOVg6Ui7Pqvh27Dh85WXX7W2TOvUPknMdnZg69dujxNw79yac/esmAMluqVPJQ3h1vTe2fV5avjMbkef35jWjlwMAbE8G7cTsiswxnD87ObN+6sp+kyPFE/kQEEmRco2XDyh2vnXhw71hYqPm24cyMf/XKTVhPYtgY2bd/9srjrx0IMsswS/CoWO1JnNJUo3FyvPHqoeP3PP3KRy8570s3rOsxROngeJ4EyMdz3Gaq2pZ6bF/wt/c+9PaJelKs2qUl7bDjVBzX9n49PvPk4V0/fP7g179647MT5i9fniz2poll1tL6Zz9WQGHbhnr6reMvz4aJ3zLDfFUp+1ouS8Cr/cfqD7x4MCwscm0jac9tmlD3PHf4Rz/9hVXqSYyiWe5Ns7yexNMH60/t/uGt12y74wsXQrHnGFJRJsoMbSeDDLOMYhzNwx88uGu62eoZHFbNrOT6M3lMveT2DBI+jjZm7rzr5wOfu2Vj/ylP17M4MjLbLxpGEldTTKFmqW3btu9/8XBYrPpW9eDJd3a+PX3NGoKkhL2ukxMfr9TJVP38mVfiyhKr2tdqTK8YGrn48q3EpfFY/YcfPPb8eMPuGw07UdHzSnmUpkmD3KZaNvJyGvc1lbrryT37Dxz+b1+7bin+IUl8RCRRPk8s45F90bd+dD+GkveO5G6xlcalsttpN8M49HoG8P7vNpv/5tsP91Z7SyMbUtOI8zim5vctnACn0ztoZmFolBzbNCtEFSEWyzGLtaTQF5cGW2FQ6av91V33z9dn7b5lcQ7xkWPaqWFnZpHsBQv/yaPPFzz7G7dtYa7piDsSL4coDMOJUqth2Cc7nbLvZnMnquF0rXOi0jxWDufSsBVmqdvTM5tmv3hqJ74PZ68demLkQZa1DCskt8ZScLLbzx2tWFzHkXJSv2/H83tRXjIGKRY5cc9gptTO/eGByY7hVUmK7Sg4/5wNtZIEjH/9vSefHO+4AyPNZlAtVhqT0+HsXDA53hfNqpn3ZuvTbcNKnEpWHn7pePTlO+/DPxqS4VJQoHfmWyfiO3/8D8fsvjotGd/rdFDMljF9tNY+2RtOWnPvJbNHSy6NmPTE3GwnzTthmsWpEcdmlhIn0AAiRBJ0HKJtFEgdDLFd15xneU6Ism23YLqlk/WO5ZaSoO2E871Zw20etzqzvmUEACz2OYPL7vv1c3veS/GQtmgApux6aQe3IxVxqrKyZ9ba8zddtuWSM/txp68cmX7guZfeC/PYcOaazb5qz8HpqYlYlQwSeJVGYU4TRtlJEtmWB+s5V9bU5tOHH3z9oFkdcAs9r7137PVj6sIl0oeikCF+I1Xczv2/2RWVe+C41a4POPE1F48iv+/97OU3ZzvO0Giz1SzaeTJ5+KLVI+dvPHPF0iIh7sDYxKOvvf3aoQmjsjSz3bg8+M78+N/89Kk//YPL7CR1bRfb//59O07ioXtrbh6mUauaNobLznXbLzpz5Uil5swHau87R+575MmpyDX9/jjTPg1vZTk6nRJfH+OFMlWw/dzOw7hD8IdPHKT2URTi/LDI6amZ3mLBjOa3nr70tlu2r1yipmfVXb94fseuNyt9yxrNNslgFOWvHzy0ftlqktoCAR5HjPL7mfJda649WzXbd3z8hq2LBDT6vmJt/6rhj/zJ3z6irB7fq+SqfWDy6ESgVldUo618x3dNZjsZGKdSMBBtieDXbV37m317AhGfN2k4D+3ed871661UFdENS/zGy+/O7h4/1qkMeypxWtOXnL1kRVHtnsx/vW+fXR6d7zS8PPajmdt/b/OnLh1FeMwD+GVLh2+9YPgnT7371z9/1upbHhiOU+x/cOe+Ky7cvG2ZxM9HD6sn3627lf5GMGNaRlqf+PRFZ/7bT14gThyT0jX3NctGb9j8uX/xrbsn4iAxwd4i+wJPmgN4CUFQkncz474bZHVCLkHX8cjscGJYZ61WtTtTV29ee+ftWyBZUrWSOucrF37tL1uP7Bkr9Q5RiwQN692jx0O1WjIhKVcs3LWdZEkadip5cv3WTZsWSQ5UU0FZReVMnVVV55y+Oup08swMwMsvB6lOB4t4h4gGEyxwHIemjOSPOn3eNGRsGOqNGvOp6UZuedfbh4/FKndxIEjEwNh/+dzuDN9LnDayohXfeOlm5j6z+43J2I5UZqnASerXXngWXCZr7FGqmuZlnFWSDSn1+ctW3nzpZhXWkVnkFmeM0hO79+NbYdNv9k9Mph792aJDHGicv24ZXCZvKwSK8o6LPiJnOz2zqu744q1Wa8pDTbIUAizHwchBXrs3K6NqN216kAW/gAlCIB4gzTLbcUlLeYXHWORn37x9i8ZNFeOkqvG88ZKNNnmGMhud1PTKU3MkijhnYTUhJAYERViWxoOmdfn6YVQS0GZm28quGOJ2B8qekYXI0zQ9K7JpDTEfxaSMN3BjibSe40xyrRaLGJJTX3v2WTaASSGd8lQzfWr3BBEM1pB3vzKldh2espRXMezW3OyGdWesHaBBol5587gqjURZ6lmdAa/96WvXFLAz+i1pLhVpnuI+MDLO225c30OlZcS01LPa4l1vv6cZpN46dMgoEI7oyMSFYOYPb7pKAkmcl5xcHGOAoqqKb3mJumK5unzNcNKcs8khHNxF28UD6qCX5E5qm5GROo4Xh4mEMW2mUt1kVGyO6fpBc+6WSzeSzvtUy/hxi8xCkp/TTxtw3UKbrrzbEwnnMAqZLq0s/Kb0gCzy17jq5L22UCIHfSpKbywOEA5Jc0SDhsVMaelKRSdCAlBO+iLVIkLjIe4DdScfumDN8PKBatZp2KYdW/6O3W+Qk8xnonf3PPHCTF5wC2UriXqt/KbLN4LK7ExSb8WJ4TqeH7Ua60eHlxiqzAvWMI0kwcrzLOqgBJRwQ45av3xxUJ+2bZsU8GQ9mKZ2An6jSaJumU4WRssHetYuESILjvgAlaYO2kKmlUodAVM2rhk10yhN2GeQx1ae6dqKKeQGcgoTREByAIBTfrjPMs/Kq26OFNkDkUE6kYdfRTvzbFQehuo/rRbS6hQoYhrkJB1DtVwnQgocLMLiyCFhXwVGF9H4wMlD4pM8p+uvrQnVYW2pdqXSW+C+2F2uhirqnOX9hXAK/bfL1ddPNp4Zkzpi37Hg5XcmsurAfBJ35qe3jPRtGRDeJWknjucdV0VhYht+b6EHAWv+aDSkE5fLvkIasdnB+F43L+VxUW9EkPE0O5oDUewQ4qUAN6quj10jmBSfCtK21VZpSLfYydu0nnFH/b1xEBQdF2xRFzOX9gvj3axjyS6P1iUkoCnVXDdw53Ye2VloG3mhVMGmpYGB5gmjpSHk22bBSoHgpm2isZPHCA8tFEqky4JXpG+IFAUj0WgtPUE90c1fF2wyZA6jdP4jspFDenKsQKDJMke3AOCHg+HSLsF7bF03aHfyuNPJVODV7v/NPtrqv9q9fy7DNl3cddFMP3H5Frwb0sUsaNlkVA+WlyWmqzBl6dQR9CHSEJ9hEPW5ogRAzC5dH2ww6FBIsvXDILD1HA/3ZhhWnORhlBMewdPGrMkcYLVomXRRbNvkVb0TOY6bAVMrXJcmFhUrllYJDR/p+QBBP4RfQq68BT+Vue5Cvio5ABAEAdMUZLByst4YE+ERWNHlEa9kpq6Vlcy8YqRFK/OFPB7SrNILdH9so6SoBHSHgK09stZu3COzAx59URhEQwB1oI2AAG1HIJ/Tr9YtRu1C0qfcK+0/MXffW+qZQ1OJW4zDyM+ydSOLz1/lwWhXZX2lcsHx6R2LyhnexMRxIETkaySFejMK2Kny0szGy4P9san5TLIdobHsO/1lGTYwMEioYLhX7DlyojExLYwOw6Z0NmSvKPVgeCotdUT18hvvuA4qCMU5IZoxWochkoLbT4xCbLgZEqYTLe13SEN9pVODSDAM10hhkTAQbMQB6B6eJFoW/oEQShZGt4KFRAM5U3G8DtzKTZvGY1d6kKINCpBdX8Vy2JZQJVD1RJkrvMdMTdIJxoti8l6IJwPJMPCrtmyw4qBU8NM0jUz3p0+8OIaNk/EbqRvUr96yAW/uYH9JOlBQI339ZtDJ4phSc9/YyVfGFeUqB4jKWlx5LpqITe0eV68fPm56Rde1405jUX+1p6w8Q50+Mpi1ZvI0IqefTewHn93P+Mwro7Q4OZSdfVA4QsK+f069PT5jOIUwJpnWdilLdcmDj7gBCVw6xUOjIRQc4LJwRXIlrEZ0XcZLhOvqo16FKdLNEcMyxUeIJMTm8YBIKkssUoeYRhiMFkYBULMMP8BdxrYzw8lEDDuBraysh+knJoWVaSEnyTpAT8KN7GtEKMK2dctWLO5LG7N2GsZJMlYPQr+Kg/CS5oah8tUbK2gEm+sIiIvLNp7ltuslJ6NtMV1Z/P3HXh2nX4LtADZLwjxvgpSt8D/fu/dXHb8vNtHR0Epa5529VnAmAp8xOOI1zajRpIU0sOSnT+z62e5j83RiukRBv2mS3Y+F6i9/9MSh2SDGo7pFqdUkTAq/hGV55mRioKwKD+AxjhDFxC4zcgYGgw+/pMULTBB+Y+/aEwBBhwgRAyzHKQvXhInCGmCz4Yan135DM1rLVquSrC0uDkFJpStrCGQ9YOGH6rJIaY2uyUENJw6RrCXDLVyy/vS8fmKgin4rr1TFe2KueXP68o0ryWoBblt+Vz2u3NwzwqjOrO0a5J87Dx/9rz9+/s2OmlJqzrTnDWPeULvn1Ne/+8s9R2dUEYHFTtwcrZjXblsKPoC6YNTdvHLAihqea9fpgNQW/5f/8cB/vmfnnin1Xq4mDeNAoB7YE/3xnQ/sPnKsMLAYzUL+aJUOZeKLgbPAciFZNId/eC9RLBygdtdoXFdhZbCmOE8pEzQjdcSSJgPBFbVgBATSUWJ+mouCejhaes20GbWRBpIkCdQ0SR1iR5S5yg5Sw7XYC8ZyhCrWSJPQtQo8SUiZE5EeB7ZvykYz+ZiNOV+7eemjTyVTQTPPC1aUeAgtaI0MVq66gGJQ6Z6eEMpckrbbrr/oP93zsF8pJuyUlrxHDhzb+ec/P/v00eFFfa5vHxw79so7J2Y7uVUbIu6XrTSbmfijW69dZUvpz8Hv7X9w88vf+l8zQdPxy5HthOWVP35+4p4X/m7JQKWE/Jrh2HRIq9LpG+jEfMHBupKbUUQQfBeIcrx2lkEUZuRAqhzdhEq8M/0OBlKgdZ2qTo1En2UXhdAkkhEPTWmDOQR0YGF0QJ7OSzLoJKFPVrNtz3N4Iz0j8WmyMCKW5eXI6abgE+J2hxSLA6o8Urqw3d2honLlIY1mepXkKnyIQgbAo1FfbTtr1d/vmbAqFYf2QdDI8M7bL6RUw48TSpklm1Q6t73x3MV7xs568KU3in4lNUpmz+KTnejRNyeMvYex4NRwYrfXrZZt7K85pVoTH9t29u9fsByBIXY0A5TO6lN3fOH3v/ndv5tPeo3yYGIW7UotdeL99dk07hQKRdXXC/vmZo5WyjWCk3TTooivUNDfJDfFUeR5sUD9GHlkecQMmkya20I+nEEuWdrpdBwUkGVFu2ESRYt4Trwg2VfJd9qNuapt9vb2oMpmQXnk7ZIYGqFPqm1mjSASuuWQYMxUoDHf9D06w/DbM8yq55copXRH0c6zkp2XC7SXYgIIU9BNvTmEH3fE9ep6advGM6UcYEslCh0jHak42zctI3KasjUiiKIQMJ20Ds/x7z563hcu21JutVUzTALywKJX7vFqg05tuFhbUvOKdrsdz84Ww+Znrtj8jU9uq2iRk2GzFglsn8puOcP/m3/1iTWFljl9pAp1UZh2Agqk3p7FlrKjuel4auzzN1y+dfVQ2pxxqIAt6CAK8cWSGFbUbllse+ZJwchd05CdT1SBIBwn7FV6lknnlmGuI/pLf5X9u4CCX9cWwvuoXTQSdMpM2q3mHHMpa+kwKbcxZTdTp1C2282Sy86DYAwgyVrEAyEtQ9UnvcZJBJwHgRM0zHbkK5eSvhbVrRNTdrnXaswVSj0kWxCMC+/mCawhrgmvyycJFt4wxgnlzebVF6wfZStd4rXkmtgO6ScLiVNiwUz90ZXrVo2e8fePv7Dn0Dh7SxaccN12J6KdUraNQtBev3rlrddde/lKBZcNCmubbo30IvBrYafuOaVLV1e/983b7n7kzRdfPnxitjUXNWzfYzdiUbU8PNp/80e3n79K/ccfvF0ruPNBQBWOweOaQAJdqeXtatCKo1azMVcZqWC+luz6k6m1qvF0Z0q0oxTNZI1pW0m5wxSJWgRaaAiV25lJZuo+ChE1jBDQEuiNAVd9+dpL5zB1kt8oXFbwqjDGklqHaQI+z/oM64b1o6NV9uy8nA92os7aQT44yGsq/8JlGz9tF9E84t6Ao3qFfRKfC/RbqQ8tl1KlaalHX9hD/wGv43q+b6XXbT2D/o4rUsQCJBcSB2WQvUh5UtWbJtevNrevvvCFA+Grbx0YO3ZirtEsLqr0VQpDFe/Cc87cMFpEkRAVSoW3BI6oBVymK1KoEWgQ2ApL/en165pXrxs7ls4n7enpmdP6lwz2u5UeVlPkIc3JyYAGZLXW6rR7+iu9RTQs71XGV265vBkVcstNs7DqpIuonTQnrjl3Vb9vWcUaqXDWmTt/9SIPdxwHtCB8tIMuoOEtqalvfvGTQGUnlwJyuCy1vpFEOD35PAenDLKcpK0QjtsUtGGEMK1F9hpaDmM4GAMNnPTF0T3CI0GTURzQbLLTQSJEYkSfhiRUmXXDeHpSfeO7P+mUBg2vFM3O3Lz1jDuuW92vUlvKUREq+hAlqc1GD8qr7RT9YlsHZ4UX6ogMxFMxFmvjhOwu5agEBoHKYMA0HWLTfHe21aRrVijQN2h1OkMDhT4+cujum+i5yJIu0Sz73K9Of/uH93SKo4Hyotb8Teev+uvPnF1OOw4dJ1RE3K4czMWnEdzoG3ELWP6DDHwgHlArCl7dX8ma7dSk+7hgx8zlZBoKLR/H2MRRSWDwxVmYGXglSGKEAIMIug8U5/qONp2tqxpcPlzAoRXY4su4I5EmpzMdiwn8ByDiXVCcnz31Wt3tM3BNadxvZzdevBqR2IKtNCWkdcWKuk+iVRMPQNJFOZ7FWV4w2PiWCKPJFAJAlcWpxGXnE79vSoXEXmFGrWl637n/2cf2HHK8WoAFOc5Qxf/Kx6+9aI3UyiyFQiBcdPnhvY3/fs+j7eJwbPrMt+LOljUrINm1CInyaR7BWbAjC8aFg59OSBjA5xgxG/RYES0JcSH4C1RKnLUsobWEPqT4Q/19DNB4TnCS7A2/Sc4bSGWAizvFZaZpVwssJjIBYGQRkEnQAz6YMEBUW+5F+8GDU4pZ2q90FLVgD55Mnn/zXbP3tASnMzd17Vkrz6iIVjJb0AFLEIGPbHfKd0SA0d1b3VJA5JDFvolgwjBZVHbRxQS04SFrnoAFGRE5ACtu/8hHHn7jf3fMSugX+FJtcmbuz75/99nLB04b6l08UGNv6vjM/N6jk29N1DtOX2aV8zgpZsHKxaUrNlXACtFxgAN1Of90mbxAqZCcEkVyeAS7BB3J/IRdXAvemiHoCv5H+CJsgxn0aGkKopO6zQdM7YhEid8/tJPmTvJpuCxQwYQ7RncNfGG0PNIiFwFLAqEzTdaW/apnX2tiFLCh2S5m0ccv2ciWAl8d6BkaqhAkwGVvlbJVL6TNXRbRnwFrddZrgQn/mcEBryNFtwEzCz0SWP0t86Yl6p//3hXfufshb2hlhNMv9M6p0pNjc9ahgyoJ6GZHmRnZJbe6gl0K+F7mY436sS/f/oeDjohfGkbSWJciRePVRUzjxI9wVhyIxmXhV9ghE/XRZQvDmCyZLWMM1xAzf/84xdX3H/z2Au7pSfKku8TvXmn2/na4vmIpGHFgKt/1+r6+/tFWMF/Lw/PWLF+3SL4At7oGIGLRbBMNEO+kD3moXwiiC8cHluWye8d4qTbklwpMnAq70IOW+c8uH46iq+566Gm+Eij3LurEuVPpT+Mi5FMJs2vl2F4Uxi6t6Prxipd86TM3XLzW7UeLpTqghnPo6Wi/Jov/duXfReX9592L928/MEqedZ9/kNELA/6f/KNk6hrgjsceCttTpk2XOzPazRtu/izBlgIMlyHWJp0brQN4BnggyvohDkZjt1Ltk3xJ8c9HVxH+Ysgp3H718k2rhr5/z0NvThzwSj3T86FVKKYWhUlCfYIH68F+w/p5a5Z++VM3bhgypH0IhLgtAUnaloKJKOWHQOcfG7rAjn9syD/1HYzuGMYz74zP5F5kV0gXq1ly4Sq/lCrip+R+p6xLdwSgSLuPD0mZxBzNkyxq8YGSMEY8thcZDu1V0qSX31M73zg4Nts4cnK6Q//UcPiSYnSwtqTiXrRh1TkjiEj5aeZTY4nX7fKWyttkV1w2VBc8wj+VC6fm/f9ldGzIZ3PdpJAVqSyIVtLMl9KR7yjxLZJG4lzhELkPY2DUh2O1MIeAwzQgCEBAcSbw1DKBTnjEHWiPIF/G4F8o1nE35LaSIMqXqWSnCzzucjpnB1aMiwZ7Yknv4sNhdIq3v/P//wBkfQfkCmVuZHN0cmVhbQplbmRvYmoKMTIgMCBvYmoKPDwvQWx0ZXJuYXRlL0RldmljZVJHQi9GaWx0ZXIvRmxhdGVEZWNvZGUvTGVuZ3RoIDMxMzUvTiAzPj5zdHJlYW0KeJyVVwdYU8kWnltSIQQIREBK6E0QkRJASggtgPQiiEpIAoQSY0JQsaOLCq5dRLCiqyCKHRCxYVcWxe5aFgsqK+tiwa68CQF02Ve+N983d/77z5l/zjl35t47ANDb+VJpDqoJQK4kTxYT7M8al5TMInUCFDAAFQCgxhfIpZyoqHCIwUD79/LuJkCU7TUHpdY/+/9r0RKK5AIAkCiI04RyQS7EBwHAmwRSWR4ARCnkzafmSZV4NcQ6MuggxFVKnKHCTUqcpsJX+mziYrgQPwGArM7nyzIA0OiGPCtfkAF16DBa4CQRiiUQ+0Hsk5s7WQjxXIhtoA2ck67UZ6f9oJPxN820QU0+P2MQq2LpK+QAsVyaw5/+f6bjf5fcHMXAHNawqmfKQmKUMcO8PcmeHKbE6hB/kKRFREKsDQCKi4V99krMzFSExKvsURuBnAtzBpgQj5HnxPL6+RghPyAMYkOI0yU5EeH9NoXp4iClDcwfWibO48VBrAdxlUgeGNtvc0I2OWZg3pvpMi6nn3/Ol/X5oNT/psiO56j0Me1MEa9fH3MsyIxLhBiuOywgX5wQAbEGxBHy7NiwfpuUgkxuxICNTBGjjMUCYplIEuyv0sdK02VBMf32O3PlA7FjJzLFvIh+fDUvMy5ElSvsiYDf5z+MBesWSTjxAzoi+bjwgViEooBAVew4WSSJj1XxuJ40zz9GNRa3k+ZE9dvj/qKcYCVvBnGcPD92YGx+HlycKn28SJoXFafyEy/P4odGqfzB94JwwAUBgAUUsKaBySALiFu76rvgnaonCPCBDGQAEXDoZwZGJPb1SOA1FhSAPyESAfngOP++XhHIh/zXIaySEw9yqqsDSO/vU6pkg6cQ54IwkAPvFX1KkkEPEsATyIj/4REfVgGMIQdWZf+/5wfY7wwHMuH9jGJgRhZ9wJIYSAwghhCDiLa4Ae6De+Hh8OoHqzPOxj0G4vhuT3hKaCM8ItwgtBPuTBIXyoZ4ORa0Q/2g/vyk/Zgf3ApquuL+uDdUh8o4EzcADrgLnIeD+8KZXSHL7fdbmRXWEO2/RfDDE+q3ozhRUMowih/FZuhIDTsN10EVZa5/zI/K17TBfHMHe4bOz/0h+0LYhg21xBZhB7Bz2EnsAtaE1QMWdhxrwFqwo0o8uOKe9K24gdli+vzJhjpD18z3J6vMpNypxqnT6YuqL080LU+5GbmTpdNl4ozMPBYHfjFELJ5E4DiC5ezk7AqA8vujer29ie77riDMlu/c/N8B8D7e29t75DsXehyAfe7wlXD4O2fDhp8WNQDOHxYoZPkqDldeCPDNQYe7Tx8YA3NgA+NxBm7AC/iBQBAKIkEcSAITofeZcJ3LwFQwE8wDRaAELAdrQDnYBLaCKrAb7Af1oAmcBGfBJXAF3AB34erpAC9AN3gHPiMIQkJoCAPRR0wQS8QecUbYiA8SiIQjMUgSkopkIBJEgcxE5iMlyEqkHNmCVCP7kMPISeQC0obcQR4inchr5BOKoeqoDmqEWqEjUTbKQcPQOHQCmoFOQQvQBehStAytRHehdehJ9BJ6A21HX6A9GMDUMCZmijlgbIyLRWLJWDomw2ZjxVgpVonVYo3wOV/D2rEu7CNOxBk4C3eAKzgEj8cF+BR8Nr4EL8er8Dr8NH4Nf4h3498INIIhwZ7gSeARxhEyCFMJRYRSwnbCIcIZuJc6CO+IRCKTaE10h3sxiZhFnEFcQtxA3EM8QWwjPib2kEgkfZI9yZsUSeKT8khFpHWkXaTjpKukDtIHshrZhOxMDiInkyXkQnIpeSf5GPkq+Rn5M0WTYknxpERShJTplGWUbZRGymVKB+UzVYtqTfWmxlGzqPOoZdRa6hnqPeobNTU1MzUPtWg1sdpctTK1vWrn1R6qfVTXVrdT56qnqCvUl6rvUD+hfkf9DY1Gs6L50ZJpebSltGraKdoD2gcNhoajBk9DqDFHo0KjTuOqxks6hW5J59An0gvopfQD9Mv0Lk2KppUmV5OvOVuzQvOw5i3NHi2G1iitSK1crSVaO7UuaD3XJmlbaQdqC7UXaG/VPqX9mIExzBlchoAxn7GNcYbRoUPUsdbh6WTplOjs1mnV6dbV1nXRTdCdpluhe1S3nYkxrZg8Zg5zGXM/8ybz0zCjYZxhomGLh9UOuzrsvd5wPT89kV6x3h69G3qf9Fn6gfrZ+iv06/XvG+AGdgbRBlMNNhqcMegarjPca7hgePHw/cN/M0QN7QxjDGcYbjVsMewxMjYKNpIarTM6ZdRlzDT2M84yXm18zLjThGHiYyI2WW1y3OQPli6Lw8phlbFOs7pNDU1DTBWmW0xbTT+bWZvFmxWa7TG7b041Z5unm682bzbvtjCxGGsx06LG4jdLiiXbMtNyreU5y/dW1laJVgut6q2eW+tZ86wLrGus79nQbHxtpthU2ly3JdqybbNtN9hesUPtXO0y7SrsLtuj9m72YvsN9m0jCCM8RkhGVI645aDuwHHId6hxeOjIdAx3LHSsd3w50mJk8sgVI8+N/Obk6pTjtM3p7ijtUaGjCkc1jnrtbOcscK5wvj6aNjpo9JzRDaNfudi7iFw2utx2ZbiOdV3o2uz61c3dTeZW69bpbuGe6r7e/RZbhx3FXsI+70Hw8PeY49Hk8dHTzTPPc7/nX14OXtleO72ej7EeIxqzbcxjbzNvvvcW73Yflk+qz2afdl9TX75vpe8jP3M/od92v2ccW04WZxfnpb+Tv8z/kP97rid3FvdEABYQHFAc0BqoHRgfWB74IMgsKCOoJqg72DV4RvCJEEJIWMiKkFs8I56AV83rDnUPnRV6Okw9LDasPOxRuF24LLxxLDo2dOyqsfciLCMkEfWRIJIXuSryfpR11JSoI9HE6KjoiuinMaNiZsaci2XETordGfsuzj9uWdzdeJt4RXxzAj0hJaE64X1iQOLKxPZxI8fNGncpySBJnNSQTEpOSN6e3DM+cPya8R0prilFKTcnWE+YNuHCRIOJOROPTqJP4k86kEpITUzdmfqFH8mv5Pek8dLWp3ULuIK1ghdCP+FqYafIW7RS9CzdO31l+vMM74xVGZ2ZvpmlmV1irrhc/CorJGtT1vvsyOwd2b05iTl7csm5qbmHJdqSbMnpycaTp01uk9pLi6TtUzynrJnSLQuTbZcj8gnyhjwd+KPforBR/KR4mO+TX5H/YWrC1APTtKZJprVMt5u+ePqzgqCCX2bgMwQzmmeazpw38+Eszqwts5HZabOb55jPWTCnY27w3Kp51HnZ834tdCpcWfh2fuL8xgVGC+YuePxT8E81RRpFsqJbC70WblqELxIval08evG6xd+KhcUXS5xKSku+LBEsufjzqJ/Lfu5dmr60dZnbso3Licsly2+u8F1RtVJrZcHKx6vGrqpbzVpdvPrtmklrLpS6lG5aS12rWNteFl7WsM5i3fJ1X8ozy29U+FfsWW+4fvH69xuEG65u9NtYu8loU8mmT5vFm29vCd5SV2lVWbqVuDV/69NtCdvO/cL+pXq7wfaS7V93SHa0V8VUna52r67eabhzWQ1ao6jp3JWy68rugN0NtQ61W/Yw95TsBXsVe//Yl7rv5v6w/c0H2AdqD1oeXH+Icai4DqmbXtddn1nf3pDU0HY49HBzo1fjoSOOR3Y0mTZVHNU9uuwY9diCY73HC473nJCe6DqZcfJx86Tmu6fGnbp+Ovp065mwM+fPBp09dY5z7vh57/NNFzwvHL7Ivlh/ye1SXYtry6FfXX891OrWWnfZ/XLDFY8rjW1j2o5d9b168lrAtbPXedcv3Yi40XYz/ubtWym32m8Lbz+/k3Pn1W/5v32+O/ce4V7xfc37pQ8MH1T+bvv7nna39qMPAx62PIp9dPex4PGLJ/InXzoWPKU9LX1m8qz6ufPzps6gzit/jP+j44X0xeeuoj+1/lz/0ublwb/8/mrpHtfd8Ur2qvf1kjf6b3a8dXnb3BPV8+Bd7rvP74s/6H+o+sj+eO5T4qdnn6d+IX0p+2r7tfFb2Ld7vbm9vVK+jN/3K4AB5dEmHYDXOwCgJQHAgOdG6njV+bCvIKozbR8C/wmrzpB9xQ2AWvhPH90F/25uAbB3GwBWUJ+eAkAUDYA4D4COHj1YB85yfedOZSHCs8HmiK9puWng3xTVmfQHv4e2QKnqAoa2/wJAMILcCmVuZHN0cmVhbQplbmRvYmoKMTMgMCBvYmoKPDwvQWx0ZXJuYXRlL0RldmljZVJHQi9GaWx0ZXIvRmxhdGVEZWNvZGUvTGVuZ3RoIDMxMzUvTiAzPj5zdHJlYW0KeJyVVwdYU8kWnltSIQQIREBK6E0QkRJASggtgPQiiEpIAoQSY0JQsaOLCq5dRLCiqyCKHRCxYVcWxe5aFgsqK+tiwa68CQF02Ve+N983d/77z5l/zjl35t47ANDb+VJpDqoJQK4kTxYT7M8al5TMInUCFDAAFQCgxhfIpZyoqHCIwUD79/LuJkCU7TUHpdY/+/9r0RKK5AIAkCiI04RyQS7EBwHAmwRSWR4ARCnkzafmSZV4NcQ6MuggxFVKnKHCTUqcpsJX+mziYrgQPwGArM7nyzIA0OiGPCtfkAF16DBa4CQRiiUQ+0Hsk5s7WQjxXIhtoA2ck67UZ6f9oJPxN820QU0+P2MQq2LpK+QAsVyaw5/+f6bjf5fcHMXAHNawqmfKQmKUMcO8PcmeHKbE6hB/kKRFREKsDQCKi4V99krMzFSExKvsURuBnAtzBpgQj5HnxPL6+RghPyAMYkOI0yU5EeH9NoXp4iClDcwfWibO48VBrAdxlUgeGNtvc0I2OWZg3pvpMi6nn3/Ol/X5oNT/psiO56j0Me1MEa9fH3MsyIxLhBiuOywgX5wQAbEGxBHy7NiwfpuUgkxuxICNTBGjjMUCYplIEuyv0sdK02VBMf32O3PlA7FjJzLFvIh+fDUvMy5ElSvsiYDf5z+MBesWSTjxAzoi+bjwgViEooBAVew4WSSJj1XxuJ40zz9GNRa3k+ZE9dvj/qKcYCVvBnGcPD92YGx+HlycKn28SJoXFafyEy/P4odGqfzB94JwwAUBgAUUsKaBySALiFu76rvgnaonCPCBDGQAEXDoZwZGJPb1SOA1FhSAPyESAfngOP++XhHIh/zXIaySEw9yqqsDSO/vU6pkg6cQ54IwkAPvFX1KkkEPEsATyIj/4REfVgGMIQdWZf+/5wfY7wwHMuH9jGJgRhZ9wJIYSAwghhCDiLa4Ae6De+Hh8OoHqzPOxj0G4vhuT3hKaCM8ItwgtBPuTBIXyoZ4ORa0Q/2g/vyk/Zgf3ApquuL+uDdUh8o4EzcADrgLnIeD+8KZXSHL7fdbmRXWEO2/RfDDE+q3ozhRUMowih/FZuhIDTsN10EVZa5/zI/K17TBfHMHe4bOz/0h+0LYhg21xBZhB7Bz2EnsAtaE1QMWdhxrwFqwo0o8uOKe9K24gdli+vzJhjpD18z3J6vMpNypxqnT6YuqL080LU+5GbmTpdNl4ozMPBYHfjFELJ5E4DiC5ezk7AqA8vujer29ie77riDMlu/c/N8B8D7e29t75DsXehyAfe7wlXD4O2fDhp8WNQDOHxYoZPkqDldeCPDNQYe7Tx8YA3NgA+NxBm7AC/iBQBAKIkEcSAITofeZcJ3LwFQwE8wDRaAELAdrQDnYBLaCKrAb7Af1oAmcBGfBJXAF3AB34erpAC9AN3gHPiMIQkJoCAPRR0wQS8QecUbYiA8SiIQjMUgSkopkIBJEgcxE5iMlyEqkHNmCVCP7kMPISeQC0obcQR4inchr5BOKoeqoDmqEWqEjUTbKQcPQOHQCmoFOQQvQBehStAytRHehdehJ9BJ6A21HX6A9GMDUMCZmijlgbIyLRWLJWDomw2ZjxVgpVonVYo3wOV/D2rEu7CNOxBk4C3eAKzgEj8cF+BR8Nr4EL8er8Dr8NH4Nf4h3498INIIhwZ7gSeARxhEyCFMJRYRSwnbCIcIZuJc6CO+IRCKTaE10h3sxiZhFnEFcQtxA3EM8QWwjPib2kEgkfZI9yZsUSeKT8khFpHWkXaTjpKukDtIHshrZhOxMDiInkyXkQnIpeSf5GPkq+Rn5M0WTYknxpERShJTplGWUbZRGymVKB+UzVYtqTfWmxlGzqPOoZdRa6hnqPeobNTU1MzUPtWg1sdpctTK1vWrn1R6qfVTXVrdT56qnqCvUl6rvUD+hfkf9DY1Gs6L50ZJpebSltGraKdoD2gcNhoajBk9DqDFHo0KjTuOqxks6hW5J59An0gvopfQD9Mv0Lk2KppUmV5OvOVuzQvOw5i3NHi2G1iitSK1crSVaO7UuaD3XJmlbaQdqC7UXaG/VPqX9mIExzBlchoAxn7GNcYbRoUPUsdbh6WTplOjs1mnV6dbV1nXRTdCdpluhe1S3nYkxrZg8Zg5zGXM/8ybz0zCjYZxhomGLh9UOuzrsvd5wPT89kV6x3h69G3qf9Fn6gfrZ+iv06/XvG+AGdgbRBlMNNhqcMegarjPca7hgePHw/cN/M0QN7QxjDGcYbjVsMewxMjYKNpIarTM6ZdRlzDT2M84yXm18zLjThGHiYyI2WW1y3OQPli6Lw8phlbFOs7pNDU1DTBWmW0xbTT+bWZvFmxWa7TG7b041Z5unm682bzbvtjCxGGsx06LG4jdLiiXbMtNyreU5y/dW1laJVgut6q2eW+tZ86wLrGus79nQbHxtpthU2ly3JdqybbNtN9hesUPtXO0y7SrsLtuj9m72YvsN9m0jCCM8RkhGVI645aDuwHHId6hxeOjIdAx3LHSsd3w50mJk8sgVI8+N/Obk6pTjtM3p7ijtUaGjCkc1jnrtbOcscK5wvj6aNjpo9JzRDaNfudi7iFw2utx2ZbiOdV3o2uz61c3dTeZW69bpbuGe6r7e/RZbhx3FXsI+70Hw8PeY49Hk8dHTzTPPc7/nX14OXtleO72ej7EeIxqzbcxjbzNvvvcW73Yflk+qz2afdl9TX75vpe8jP3M/od92v2ccW04WZxfnpb+Tv8z/kP97rid3FvdEABYQHFAc0BqoHRgfWB74IMgsKCOoJqg72DV4RvCJEEJIWMiKkFs8I56AV83rDnUPnRV6Okw9LDasPOxRuF24LLxxLDo2dOyqsfciLCMkEfWRIJIXuSryfpR11JSoI9HE6KjoiuinMaNiZsaci2XETordGfsuzj9uWdzdeJt4RXxzAj0hJaE64X1iQOLKxPZxI8fNGncpySBJnNSQTEpOSN6e3DM+cPya8R0prilFKTcnWE+YNuHCRIOJOROPTqJP4k86kEpITUzdmfqFH8mv5Pek8dLWp3ULuIK1ghdCP+FqYafIW7RS9CzdO31l+vMM74xVGZ2ZvpmlmV1irrhc/CorJGtT1vvsyOwd2b05iTl7csm5qbmHJdqSbMnpycaTp01uk9pLi6TtUzynrJnSLQuTbZcj8gnyhjwd+KPforBR/KR4mO+TX5H/YWrC1APTtKZJprVMt5u+ePqzgqCCX2bgMwQzmmeazpw38+Eszqwts5HZabOb55jPWTCnY27w3Kp51HnZ834tdCpcWfh2fuL8xgVGC+YuePxT8E81RRpFsqJbC70WblqELxIval08evG6xd+KhcUXS5xKSku+LBEsufjzqJ/Lfu5dmr60dZnbso3Licsly2+u8F1RtVJrZcHKx6vGrqpbzVpdvPrtmklrLpS6lG5aS12rWNteFl7WsM5i3fJ1X8ozy29U+FfsWW+4fvH69xuEG65u9NtYu8loU8mmT5vFm29vCd5SV2lVWbqVuDV/69NtCdvO/cL+pXq7wfaS7V93SHa0V8VUna52r67eabhzWQ1ao6jp3JWy68rugN0NtQ61W/Yw95TsBXsVe//Yl7rv5v6w/c0H2AdqD1oeXH+Icai4DqmbXtddn1nf3pDU0HY49HBzo1fjoSOOR3Y0mTZVHNU9uuwY9diCY73HC473nJCe6DqZcfJx86Tmu6fGnbp+Ovp065mwM+fPBp09dY5z7vh57/NNFzwvHL7Ivlh/ye1SXYtry6FfXX891OrWWnfZ/XLDFY8rjW1j2o5d9b168lrAtbPXedcv3Yi40XYz/ubtWym32m8Lbz+/k3Pn1W/5v32+O/ce4V7xfc37pQ8MH1T+bvv7nna39qMPAx62PIp9dPex4PGLJ/InXzoWPKU9LX1m8qz6ufPzps6gzit/jP+j44X0xeeuoj+1/lz/0ublwb/8/mrpHtfd8Ur2qvf1kjf6b3a8dXnb3BPV8+Bd7rvP74s/6H+o+sj+eO5T4qdnn6d+IX0p+2r7tfFb2Ld7vbm9vVK+jN/3K4AB5dEmHYDXOwCgJQHAgOdG6njV+bCvIKozbR8C/wmrzpB9xQ2AWvhPH90F/25uAbB3GwBWUJ+eAkAUDYA4D4COHj1YB85yfedOZSHCs8HmiK9puWng3xTVmfQHv4e2QKnqAoa2/wJAMILcCmVuZHN0cmVhbQplbmRvYmoKeHJlZgowIDE0CjAwMDAwMDAwMDAgNjU1MzUgZiAKMDAwMDAxMTE0MyAwMDAwMCBuIAowMDAwMDExMjc2IDAwMDAwIG4gCjAwMDAwMTA5ODAgMDAwMDAgbiAKMDAwMDAwMDk2NyAwMDAwMCBuIAowMDAwMDAwMDE1IDAwMDAwIG4gCjAwMDAwMTExODggMDAwMDAgbiAKMDAwMDAxMDgyNCAwMDAwMCBuIAowMDAwMDAxMTMzIDAwMDAwIG4gCjAwMDAwMTEzMzMgMDAwMDAgbiAKMDAwMDAyMDA5NCAwMDAwMCBuIAowMDAwMDI1OTU3IDAwMDAwIG4gCjAwMDAwMzQ3MTkgMDAwMDAgbiAKMDAwMDAzNzk0NyAwMDAwMCBuIAp0cmFpbGVyCjw8L0lEIFs8M2E1ZTUzZjQxYzVhNmM2NmJmODUyMDk0MTUwODk0NjcxZGRjYTg2ZGI3MTFhMjBhYjI5Yzc4MWI5MzNiMmYxMDJmOTM0NTUyYmI0MjI5MTgyZTRmZmNiNjE3NGUxYTNmMzA1MmI4OWQ5M2ZjNTg3NWQyY2YzNTVlYWQxY2FhYjA+PDNhNWU1M2Y0MWM1YTZjNjZiZjg1MjA5NDE1MDg5NDY3MWRkY2E4NmRiNzExYTIwYWIyOWM3ODFiOTMzYjJmMTAyZjkzNDU1MmJiNDIyOTE4MmU0ZmZjYjYxNzRlMWEzZjMwNTJiODlkOTNmYzU4NzVkMmNmMzU1ZWFkMWNhYWIwPl0vSW5mbyAzIDAgUi9Sb290IDEgMCBSL1NpemUgMTQ+PgolaVRleHQtQ29yZS04LjAuNQpzdGFydHhyZWYKNDExNzUKJSVFT0YK"
            }
        },
        "bureau_report": {
            "detail": {
                "BASE64STRING": "JVBERi0xLjcKJeLjz9MKNSAwIG9iago8PC9GaWx0ZXIvRmxhdGVEZWNvZGUvTGVuZ3RoIDg4NT4+c3RyZWFtCnicjZdRb9MwEMff8yn8CFLn2o7tJLyVjaGKbsBWIV69JqMZTQJupgHiw3OJndjSqL1NmnTd/f8/93L2OT8TyggaftMMpRJlskC7JlmuG4ouuuRz8jN5u02WlxRRhrb3iWBYIMEpLgq0LZNXF93usanaHvW/f1Svtw/Ju+1zEaM5FtyXVWcrVe6V0uhb1VZa9VWJ7nXXoMv19e1qs0HTv79ebU65mqXQAgs6er43TnXXohIMY4txQkaYOCPpGRWI0TcpeUPSIJMXGSbMfv2n9tCp8iVET/aMyPIwMeODwyC9UsfvUKypPu1jc1fpGNnJf9mfgqcsjIS/RI6aa9VEv5vL/lJVGq3a+oA+qOZOHU5KDYbBY8hNLaGEqLtHb2vd72M8J6NFAbXMoZZhEMnw3CdlvGRz+lXQNs05liZxt+zQAh2XXVggGabpKFiVpa6Ox8hKPAGKpXKOoaVelMokptmY+vDYKnSn4IHdqT/QUk9Kl0guBoO4DckxNVv6Rh33dbv4oPSD6l+mZgXBzBev9o0qW/VN6cWV2isNn/ZavdAsY5gZt3Vb1mrBKedmJ5/Wjo+E8QJnZntsVFs2Sn8P57MMM9Psm26nDnX/O7Y2p/h/tcM8wnFmmv0cWGiJLupjr+tdH8M6oSlwEENzKKB5lp/qFp13ZWzXewpX7NP+osC52Sq3ffy49NK9XvBEZmzdvE8ImD8lAnoJ5oGAfStRY0MqGDokt//LZ1QOi58FNg4oxNAnPsLEIQWBbIkLav2HuWPiwKIIdyLhHAKIlGOeeggTRxCTSDiHAILC6OYewsQRxCQSzuE0gucF5tIhbBxGzCLhHAIICZXMPYSJI4hJJJxDAAFHsPAIYxgBWImY5QF7xoY7hPM3cQQwiYRzOI1ICxitXjfZOIyYRcI5BBAZ3IS8Ktk4gphEwjmcRjAJc9nrJhuHEbNIOIcAgsNg9rrJxhHEJBLOIYCAS2rmEcYwArASMctP21O4kTLvbLJxGDCLhHMIIODqmXndZOMIYhIJ5xBAwHRhXjfZOIKYRMI5TAoqjYYRaLQcDvyC2XciZt6JCCZpAXcNa8zANs1TyAMrOY5dpCswc4ONDoMNbqrD4QFnbT7evGDaafBKpZQZWLy67DTa1E09vAyd13r3eDBvM3/R+cfry/XFu+vteuVeh/4BO3b0vAplbmRzdHJlYW0KZW5kb2JqCjQgMCBvYmoKPDwvQ29udGVudHMgNSAwIFIvTWVkaWFCb3hbMCAwIDU5NSA4NDJdL1BhcmVudCAyIDAgUi9SZXNvdXJjZXM8PC9Gb250PDwvRjEgNiAwIFI+Pi9YT2JqZWN0PDwvSW0xIDkgMCBSL0ltMiAxMCAwIFI+Pj4+L1RyaW1Cb3hbMCAwIDU5NSA4NDJdL1R5cGUvUGFnZT4+CmVuZG9iago4IDAgb2JqCjw8L0ZpbHRlci9GbGF0ZURlY29kZS9MZW5ndGggOTYyMz4+c3RyZWFtCniclXtpk6tIsuX3+hVpt82e9Zi6UuzLTN16xg5CgNgF39jEviOBsPnxE5mqvn27X7+sN5mWKSDBPY6HH/cTytD4C4xAbx/fKPmGEm8kQb8l7S9HpYXf+P4X85fxF9b55SjCbzD95tx++bgFw95p7M1Jf0HenOkX6J1Awdfb+stfs1+ZKC2iaHq7auf/5VS/CM6nhZeDKf8F+CAR4h1H39pfcJz6+0kDTmhwQr5OPnz8OCb/cdPtn439ZOBlDYGQdwj/wxoCwf84+WHun5z+G3t/mGg//P4wB8bzT9Z+OvnJ6e2/QP3Z2A+n/wTuJ8M/O7z9HHf8M+wfFuB3BP8I+19/+8+tbd4e2TSXfff9G7Dw7S3rkj4tu/z7N9cRf6W+/efvvxm3W1N22SUasqnJ5ll9Jm9TdssmcG+mpN+/0RiKAKc4hMI4AqMQQqAw8u3339wy5aMl+v23S1++pX0MXOC/QtSvME3jwBN4EL8RBEZTtwTCoeSGExlFwyhBonB6gxEKAad0hiIYdaPI9IamWIxTCIbAMInfKCLBvr3lWZdm0/dv2rePPPnr20/Z8q+4YfSdJD5xtx8DIRA4Q6IYQm4xQlFpRib0LSUziKARCqJwIsVgEr7hWZTc4jjJEihLb8QNopMbRBDRt7cuagECL8umN6Yrmzc1auOoyb4dP+BGb0k0Zf3t+7dvb0l/75bp+f2b0qUleDAt5+X7N6Zoo7SL8mj69lb09zn7uLWJurSNpvrzuE++f6vuXfQWR8B8HO2AD2s0pW/Et7cB/A2DMQxC/xw3RLwjL9xD//2bFc1F2X17m5doAT61qIgmcGmZoo9rU5YtH87ne/waphpNVbT8qROCpt5J8tPJY0l+ePmIRbH8fqSrI8Ywpl2HJytnWCZnwBl4ZfgjsrI8w+QSmycSa+YyuyYnzsxVnjV1npnPPFvbwkq5stXf5AKKwA35icM6hVNmZVsTlU+GM89sOm9C8jPBL07+vHDYrvPnl22zBvZWYCfXeSt/KtZaaJXy/PHzFSjAFOoT1M8P/I9/zseVYSyO4RVGZXjGVhimEFhmE9gjZTLy+hEEl2VM4eOH+ceXwDGrKYKAKJzZnz/uXSxwORd4ZlUEZnVF8AC4INKMqYDgmRZrKYXmCpIAiwX7PG0ir34BiwJEoD9hsXUkKAqkbqvl2dCNqTXk9MzzWhWLJJCsvjmVSa/aPaQ7AWrwNWFClmjVqWK7g+OJnu/BRei3eh36YRdJzZigFpx2KZZdR75QfKnAylM5qE5z8v0GL8N2VKtB9duBKIdxUvfl7CMLWeJ3MNGbdpU2qjo9l7MD61cfpqsQucsldnAa/H7riWzaqMcFom9fYCNBsr+wxejh0hGvSIPorsLfI/0K3n8baeEj0hy4iWeZ5BVp84R+3rsJAmsLG1ucWNdMi8TSSq0XFFFQrT6WWc7WdvfBeEF3trgiqHVDaCjrM5AtCOugVi6i7zlu1LpguaFsC18AIaj3V+o1qgtbntekge8NVSh5bYgUQ9TpUHoN0UxuiLw3hCKI5FJp1Xow3CaMru2pjfrRqIco6ka1HefJgJY4Qu/nlljni7AlsfzUOhVaLi6cxldE7yLsfqnxLO4Ioxtfgf4jhnQP0lcDdFUsEAPmsvLtqrpcsznj88SLkurybUNiAy9sxFeQ4HcU/sTkYmpGG8yR6xiX0RlavS3Dc6oIWBEwkRECu2ONqOEoCHef0Zmx2Is/iNXmtmuFDgd0sYJQEna7MBJPYWuIsih8QASzYJ21u9iD3ukXLoPFXLFkx+NbTUgz2t9EtC/LNafncrSZ0mRGTpWuFzmb1BU7KUfBHSr8yJVr1VASCNpVctxy2k1mPdnFF7Bw9J1CPmGBDrne2U5kzbYBIxyZtivU2gMjsuTNCriTK144WBl5isiEfmY2bzStY+Os+ebkd+OIuSSjIS62UanaeDp6LcGDhKtwrHJXa+pxEp2znOPgoQRnxonxNj6HFYUSvEDws+hGd6eLXa4lYyW0mswsh427LGQFINvGViBqXH5OOnmvAwJ61OG+ml/Awoh39AULjfWIW+O5KDZkcDgd32ASIjlD9BgQocEp5IVI1Wysu8GtBE8ru9iAbTLhcjWBGN2/LG5vBgMxbSCeJispR7vjLuUYE/m1q33OVkzTUPChxSWywkXp9uAvpwtDBBfDOFNmdgkV3F90taGe2nmJsCAwyM5AJaNjWLqCMV0suiBqJqQhHGm/ptvyBSwU8Ar9hBWEXC+eznVqPgKKkjvmwipTMzzKmKl3jre7umIPXtdxdYVKEHY07swjJrLjnU+uWnswc94AJYQFvSxhAgYTvTW72V3AQwh0ONVavQpt43CXcbMDzZMhhTm6HoTUh7Muw9doTqb1WWPUmOpThl6cjoCxzAccI3AyJRq3Se9Ps3T1Sh6cOZ9v1qhwzFe4ALk+xfRfTWMBbpFp21ccw+8LmwbTGPn04l8bLjm4N7ruiFTD8OMZnszlBh2v022PDc+XEoGhqgmWXTnv6iRPwn5WHtaKj2FQoOM6+9BH8tH7ZrK+oKAMho/xMwHTjqyheGE2UymEgAiw4Y5KNwIOlFGZ8nYUEkmkR/eUw0ZZDW655Unbz66l9grh0kGxu+3+BTQEEOwlWBls9IQTATGW2qonyTuHuKPUAYfzT4G1CKGGAyFgCcrDN4yiTFQcbqfQxz0L9507E1SGmYxJHsoYdolPLGPYcHUNdTMvlqAWNPBo6hFPOzaltEJP27E7TeJg29sJpKPfqYUuPuuilyfLzcvTsC7IJWp2kDOh0D8jl+qGChF9d0ZAwhNEQgZI9wUqGPDrhcqIjJTHT1J2MetygpvLORau4qRR+i6soWw2ziEgj0dGJMo7qUZIIjYrjw5nJ1rWO20/l9XqRLe14TihDxSTqY+DMEAbfJcuQIkrFBabQHslYGZoI2PL+4pg2LRW62Vcll4uSw7jSaHd2VRF+Nmsb/p9q3LstMHMhILGR0exxSsPO8d3twO1PmB6JmC/QAYBir0E5+ZwhuNussQYUbWaWcTKQv+YQXGLEgHMpcmpdQAphtqYQhIM5sXuiixTA/HsTXl0G0Q0E801L0N6MHSE7WQMpmi0QfUbmixwYlybJpi3075fH4+y3GqYX/dRX8Q7tfW+ymaTmJmXbauo6HCzGb7Mo5MCodykWrjBqFXhkho9dl4ubr7QASbq6qbUylfQAMteMld2mXaoS0LqGai4xOI1sFYuG/BRigHhLTOuchybQohYz8+R0fKZhQmva47kY/KPg4CsfC6WlrnQNlTNLMZUsP3UbKwOqoscEx4OYw115s0u0utA7yTpIk8drdJXiL+y8lmWEM+khKoTvVtZBOYVLqLr9dmszhLIRCJTBOFFMBTAit5V3hQdIrSN/3tcOA0o9pIba7U1Gb/67Ik1bgE2ERbEHY2RYMPrIMFDkF+ZnZpSSb70ZnSIT350DoKZzGyn6x1kQmXsGjX0nVI5JLhdInuR665pLnt41FsZ86xtJpU850WVrWElik37vBGesCpx2bWtEQVVvRaj55LQGR49qx0kDQnw0bJ2hwol3gRtzGTqwlOudawgeacQMPUFLgqQ7IULvkKcj/TOuhknBcMlT2b3+/XCHtXHIB2X60O/dAtUR/ogKLyaCDJBj4dsCaA2ttIg2lu1gYL0cuvqW2XqgsHl3CEfCJXTZpMBGkrU4bNAO+2IG1Zdl/Pdxx+7r4+s0hH20KG6v/EklcEJzeGsfJUnH472pl8ffl9PEnRKtohT7/YeyPDkzOcvMJGAXi+JS8BmzKuMh+Mk7B/nDT9f99aAOYNOyFSX72Hw3NzU3+0qbPaklwe9GdNREWVksVTbyg8PQxMy5AJPfWq3+nHlJAwLoTAdMZyQl1o+XqKHFHOG75J164ns9qhPnnlzkow96OnUtz36aC6h3VBVPhHgeWWylpMvcnG9tycMmUkcQ11BRZWLWR0ZZoK/BAa/vzoYFj/Gwt3OH6WuHIvhJOCZS2HkcZcDOkO7Y+krsluDVpDWEsYkXZ17pIxJkHG2aa6ovVarCXZgEIMnbgU02fxDvBr2ONmRBfXixbo1ON4TwtGu3VpuJ81X1g0aT0/tQ11dJ0dicGw32V2RgQx13ZXpmDE425KxbZ3IXGsX1wJlWK+6woi3y7UMv0BFoO/0S/XaaHn0zKSesj29mVri0XyA0Na1vFUHOEKpBOU7ctmEOWdovUUPETTE4ooadsK5AeiU1Bj2dRWwtzPLzY8rS0e1EOyrod5mUNDldk4vp1R0gmev5GwuGxa8ey38nEaNgibFq/aKGeC+0NeWrUN80NFzwUEVNCKQHbsPrpabBEPj3HjE7Z196No9NaII+gIaTrxjL2h1ebLNY6Yem/JxvfDuBh2tfogbyUaT4x1V5Sjb1owOr2WG5dlNU5Vnaj+uk1nXU0+ozaU1FOq8HENoJp5W73bXWCFVe70eQ5I54OyhSb1hFsuGKubY64Pc43rpnLLVA70sBFyvq3U/EFogZSzhIZfC8NXnYyFXlcyDa2IwURTFsOLKcvC8CX696dkTPT9b9AtwGPVOv/RvGmdWs2pk64bcAcmyW3QnDnJS2RmznMMZRwzjZtoae2hVDN2mNsK1jAwk/qklIaKMFMUjOhDhrChHERv4lLmOPsHLjzycbGkybgJiL7Du8rqC+rnu+DFDeGNipsZRV7I2CqBcVCSayPKK9xKIH3J8cHXZUOvwLIEVG3GAbVXj2hOEY1/hAex6Cd/RKfOgWC1o2mWsifhsj4aQ6GLz+VwLvd6VO6YwNlgomMEJJ27DdZQMI5pQeKAX6IAvHAI520XsIJSpDgtvQqS8j4mKQHTlwEFAj7GKkvSc01khWk89T7xdj7pY8ouz+pQZw1nw1cDHLXySPiuJ+7becLjN7xmiwfEMP20uS9IDrW5JGBFy5D/Kyp2+QIaif7yP/NfTZV66eAH6KWiuaePv8OEqE3AMG0FU4c7mPxFS7dSpk6/D07kaEW9gdaajQiQPD4Nt71UjNPO4KGwOtGLGW5JRQAkNj9pMOlWeHR1aRc6u7UOrqyV8nXXYsXGRJvPO8SHKGSUIRRvlNOoOlIhzaCyVJqU69u+WbE+Pqx4WnXXVEvaYBUHse/kX6y8cAeT6Q9CboLdqx+Lau4m9bmcpX0dGZX0LS65PUgUihnli7qFnZDqBp/iORMSYxNZF3bRD1EMOKGbDSVqLNSp4zABLw/ii6Q9/4VuVmu88PPqq2WjtnBH3te78cSKwWQuvCWtL162WOgHTLXF27xgGlLddOmCtA8SgEeXsquED8QxFhUv0zT5+gQYGbHqp3ZVWK++uJhIr+zm/yds+sFC3WQmA4CT1vslIQFUVyHLp4sjTVbdzjJWH6/KoOgvTfUq/CvMUh6Sqk+VpZZz1bj8gRcZzGahTygoP7O4nTYgaZacSsyk88ZU/rrw/ZhJnUcKShwNbGVHrZYZazChILugJ6ZtaPh3S3SkUmvozauXnyzN2vFP3hdLFYcCpl9I1bD3f6Et0D6CD6u7TwsvtHV1APpTuPOCy39yeRqu6tU6dJayoIrQLany7mruT24WLGybDwqfpvIiH3bgGufzwm4E/J1EeFys3nhuWxAlY9RAjaZw8vYZnup77Pjlq/SHulGfmHO5Rq2EbPOkZcSJhu7k/L9hIwH1moCmqlxHtsWv0JHfPHGV89pqvih8EKPXSuelxcSl4z3qiJpnC2e0kn6+LC6OSWTzhBD2P2m7HaNIhI2c9t1OA697gG7wfxwEpz9jtHBA3vwtQBmYQMjK4qHVxiS0X29yLxB3rDkgG0mUNjasZ2t+gAYunmuLGZU99uokfl2Q/iVz+3O8Ic6GYi/0wHmJXFfFz6+bF6DTVSM6KVgzW0XIOofTfo8JoQKkXKmNTFLa9Cfw2HsZ9Gbw6VCZDMiWT5jUL2o8zjjN07iAM1lwVw3I1vNbILEJCDQ/wvYboqLUmZunXIJEvi9eetooVw5sSQ2Mo16S++3EZq7FRQXeMu9opIyqn/Ro8JgH0Se1ZVTmMP6IhsW1GPXCgoyxQuxVWU7enpr52Z1kR7dhqyUh5HKMwLvJEm8Mv3lwDy913+qV0Bdo/Hha/vI/nQVCvzrrowpTbSoHMz25aLs4FHoeLIteY7MzqmCmh6KxwEt/ZRgM8uUWwq68ddb6neUPKCaI/MoQ04CkZr0UKIWLO53l1YVlMed6COjj1qI59CIqRX8OxRL35zNm4cC2OKzOlF3wcLfm0irVV0fA9kbsOetpRARN77MT7E5talVwG87qQ41foANFemlecB60bL0nKGeid49JhfN6rXPXQdEaZix66rW84XpM7dFSGmbrdteHJeE4bM/p1AF0cm4yOhCCWDI+8PeXy5GXEg/TXyiNHvCx40OKDVcLyUJHHW+A9s/EoqM8Zv50W5ZqZ9Cn01IGUYxo7tPxyWGIpuqezswOFBd82a0BqxroYdfNEME6UJas6ULcv2jJGvmq8BVpSBwGCUissb+epnR7neNHCuma5TdFLRp5Ng2OPS6i7N7X2eC72hZPE4tBUy5dAveBuOUmPUZqvaGlj6P3YniQej6zTYllo0DyOjB4ecmwtIb+/FgfUbBkrXbUkBZl+7PztPNB7slpbdLsVJLxyVMRLLGIy6WWoQLZ3sCRhi9Lr7IMEMb5/0bkwgnh/lXqd6qVbt+fphcKkrBhh2Tx37DMvsdTZc2wgyv4wTwHL7Fs7sL5b2cpRipJeAR1hWGnLT3f3jjj3OVdkPQ3Dp1Yr4Y7sVwUZromGT4FPKhXCl72u3LfH6ojoabpQHmpeLbl8ak+tZw7FfrRbBH4G2z2oGNm+JzBBR/RdqNgnk7EkDFqX05EDJOh05oM69gUynH6HXoJXgiqESLUWbpXtYdJmcrvW6QbsMtDZXS76iBb+zdoyhC9C5YxcJgEn9DvzNO5Q3UkZTw3GzZiyY0tZ/px1Jpb7DCMBM2CZdPGn/sgdhnIXusJGOuQKQe058h0WiI6KvZh8B12kbNiuVxaFwm0mbu6DEZB29fsWdGl8oIqUrCIywYDIwyTbSJKvQMHv+EvoVp3kPP3BT+7ttVjifABZo9hTyPOwmMKYBUSquGM3KryODgrCu27ohYRlBkfqNOO0oqgGmI7Vg7S4i54eMZu3T6SPlL6w6LGz61ptxeSmbPV2dGSnX1TvdAmuWuZdZVR9DtmSlXqPtEv8RP2RxcO4MmBd7WzLxPGDk+MX5ST5K7/VcLkD7W230Bfvy2MY9g69BC99nfHpYwXiV/GuT8ZDMrhLY/BHwTqA2m5UJx4HigMf4jIMSDhusftwweA42QOykw/6JZG2tD+5dY2eqdk0ZZa2s6N4uV1PHYSB5Qw0jpcGqXi+OwCxyPHuWjuXwLYHBUU/1lLKUQaL48XqmQ0o1Nmsxd04b8fHckyP6sI7xQCP6yPEBrLdl/3IgLJVzwX9BTj0cxvA5z8drtBRo8f9lHpgEWDoGB7KF/LpquuJLmpueTg3YX9y3DODL0iSGLkbbGhsZJmxyRiEIY+RN1pKO0gk72JktV1itFr1eO49jn/ihpanmVZJWrVsZT+N6L2BeG9Ibzv9SPRT+BTLTOtO7CVmDL7rOUPzEIc4YQnlTgMQxtIgLc86uCOmHDdeMJpJ8lWdRwDBXgUxyfM6wENnR5838T6csWIOMb/kHr3DQXe7k3jFHAx0WIXwEpD3bRpsr5Qy1TkJV+rJ6LgTyDvfo8kN7l0PXrbehH3bl61l8ulFCCWLvZ/n/rQ+ki6nbldk6rYwIKS72k8aoWajelddpgIvt2CvyinR+2kqit23xtpVWmbcuWNr5yHhicl6sDfxHMlfAQMkexXFuJmpttZm1MVN0Yx2hVk7/QmFmXEZGY3qjvx0EP04x6xWjw4VcUqRe3dDngeYTKpE2ffDST6I0eohoScH+T0nruoN8e8IetqUI43R1NFfdheZ08sSpDZYlJ1ulnppWRzbnqBtajd88yTkEabpggcKJhYeqnYsc8FkWPZraAsuPI3QS/YkB36XN5Q2L9kX/1HBYMCzlwj2+lC2CStGjDG6HuPlQB6RKZ5lX6jJjjEyI6mr5Ugx1/3qRzeMBrJfj3wqRYdl4ZMo44Kuud/mPaDdJGCAfM3MJFBWM6KmEyxck61IVgQqZ9CgkVwz0vvtJh8Sz6E0n4Lud9t8OpmtT3EFEx98e/hjM9tQtqO3ktsWLDyjznl3zgb7vGgdBGNIF9BH7asaAgGavbCtXnw67ettIsJaXLuSmUZNqBcy9OOJnmEVq7hLNzTBskk3x9BSRvNwN/ioZVSRHU652ZH96jOGSp7spaDOpHNYJ5g0iHuct7h5N/epAn0BenIXp1t2x0UQddvFLluXvq7FIVKh3MsfT6q7G8ZAwOKgwBy24J7AjSmaJultjFT1CcTwXWiEwQ/Y6xf5iNKAaC8pPKDjcfCW1PDrqvU8ZnverqAHeZblAsV5xnTYoKB9XRKiGubYieB4H4QBweX6qSHGMSwxoMofAyJej1J9aP1ZXHq6JoAU6TcuIqg5QHTIZeh21dK7uB9Fy7qa7cHS9tsmy773SDJZN2cyYgvlhK/QxA+LPB0deHONCeGicPLwYFvuRdlc6s6wg/35xYyhNCDaSwdf7p7aIX0/ceMj1UeHBssuNzXUNrSkuwVGoaan9hqRyO6q57Isc0vUpK6xRU7fZ1FyqulqoSYsIRkM3dd4nwL5XC0HhWTAElpV0UESXegiFiBfkR5q2vLeXPmRL4qn4VR3Z6+9fJHZi8SPjnyAFBglJfmcg3m6xUdFVaHuHk7BA/G2y6TfhSS7ioKFf4GMAjz7Y2sDfjiY2mje3AAHKrucIxR0XDpsbPxuToKQaJcJ7ftx8qvETpGorYhsWRKUJlmGftb2zJ6Wk6tZNQ+KewNmmw0TwhkHiLjwSLoqs20xFFsm6QZjfT9MtpI6R7r+/tvxYzfPb8cf+7rsMu+i5T5lf7Y/CCUBkV6D39qmm79/K5Zl+N/H47qu7yv63k/5EYEg6AjRR3BDOpf5X7697Gep0t3633/joq7vyiRqyj1ayr7TsqXo0zemyfupXIr235l0rA+r8NESuF+B2V8TGOt+/bjysVPtY3fSDwD/E2v/OsBpjn79AjJBv7+04lxE8Icz6+975t5cS/n+DeBzpqibb/3Uzj8d//8NIuseWdMPWfrr/HcsH76OP5vmyzyblxfEP50pAn4nXuP+s3HARwj7GAeA9BeAEcGJD88vZ17U3LPf1R3o/Ep8xCl9U4L8VoxFeTjYhi8WJwaOchG0WUohPXJjQHL9/ORvxx/RAsc/58GPKXvdKNWx0nvabuEpz5ctUt5F6dZgRI75xYFr/HhdvioXOPYOv8QvKZrLZp01tq8s67miMlj8wRnPdu659iRnPHDH5UQIzX/8BUb/DzaSfEBmPn2YXQW56g3FCQYVEuspFOuTW0aYgshtND7UOnQYxwroNMyiacYYmOGeO1hjVWRtrweM3pRPg6KACJd5P9Eo7nRqBQ3R0BaQNN0eA9PwtmhcWM52XfIwDpp5Y9SHHp4396sKjxHvxAvZ0LFCaA2wOKm38cl6eL8hy6dXHO6jswf1yYm8bcvt+pTTFsds+8lDXlrhcJxRfnevFSggU8te04g5l3dBbBsFounpcY18C//4x2m2kdWnwZzM9Y6g5HU4w7cCGTlkka9x3ed4z0UnfCrph35Yv39/TelP0/ibmj1f83vFIfpVXT6O7C8QooBgLw18j6ssWfSozX7n9O+8/ebqiukKbwov6I4iKhzjKIb+xriObFiKE7wZ4pui8wrzBuF/Q97xd+wdh78DAHAM5AwMlg4UBuMIAmEUDoPfCLiWgaV6goEzHAVnFEZj4O84gt0+7v+b7ViC4HxnBRnYfVOZs/KnREMB0V5aV2PAWCxg4zufNUX5x4hg8mNEEIGCYaHQ5zf8N+P7n0P7U88IMP4So59B+Bv3XdF/O36G+6dIfsafy6alvIGyu2S/a4oirxXHseOYM6vCMrkiuHgTaTujs3k9FnUp0SvEMuYsMjzHHnnhrDG1xMCuwBYayF9sMx3myOa695ktLNM7hpDCUSs+g6uZO+A19sU6sFk/8Lc5vNa51XrPVGrm6Do0SffFbk0UBgn/QpUHPl4rgt6HPjwEiDgnT1aLwPGn11Tyas2CVmkNeM80z8Jm8eH1BEV+iEc+3imCCKdS8UjaBsoc4aIx0CcEwdIkbc9XjXchzWJWPg/4T4PAiCKsqZz6Q5G0IqTZwXpiPo2fhA3mYsQC1dFq0nLN3ScrK+LpEfhfIIFAYr9UpzmD0fSx79WBfypCHrR2tpc+vX4MSds0B0R/O3Os7NQhrwjNPWxpKEbTJqmEUuOYz6EzmxaqEjaYCF2HNuvEyAYgNo+403ITEvJPg1r1sYuWycQVemoO89SqAJgHWCsr+rgG/gauJQC/gmqOGGmKnGrmvHLmB9Sv4IBEf2lNUxLW08mphE3jqH/A4Aqt91z85HqeCCAIlou7thueTEgEr7QBYuB5QnFx68b1bfZilezJqa2T+S+z84LhCGCIALGJrfxrFsDseELob33kCLHGvjKSszTbrD3FdnFBERbWEerccUXjvweC0IA3L21pCY0NHl+Vn3JgF7aFNUFrNz0lt0UhB8t8w4I2VhF11hYaDsz7xXTNTd8Z+IMDLKM559oCLPYM2xM9y2ZPluAZL4NCI9muzoLXi1OyrOcBdsOnkyeCYUJB/jFs2xVykI1rnoOpBnHg7FGylRjlPze5ugyDfbGXBaEAX15oWH5l1lf9zgWV6QG1Ta5MytW4PtHm3rEHxKH4eFY36tx49dMwD/N64ajHk1e44sqUZ1uJpAg9T6doPtNe/8Ck5UU2MoaTJ79AG8qlc2FmMXOTSgrF/PQS0ccLRdpmyoKehLKeUsg2dOWewZlo3LFRx/h4eNpsUWwNJyLCUr8aZUDcTLrbr2r0xYYWhAQUeulNWyMcRlQKZnRU7GQcj2565nRtkU1TovsbinsP+zQqmH30VTMxhBVPL7K8WWIgJXWLvvradLvMd7wWNiXe6NQFgckOQ+ULeqcNSyL2E/0ECZps9NHWTYKmqI0e5swgcdxON6LceOaREsR9QifiRbZ0lC+5Hy2UNKpmSt5E/nHMYYRWaZ/kvngLEiHh9z82INlApVR2CwtC/IxdhPOY/GOPrlTloAeDWs0HO2N85JlsUuyLazcKJIbGsTOzqiBzPQtqWE5bFTNQ1DVgQfbKzGpKXDlLjGmyeZWozLr+yKvzKrCsw3GMqfwgb6owNnuoOJbeObbIAylQTnXIKJwmr2uWB19lIIG9Iy+p+cN7rqxxvs0mAtb6qJZrJVv9UZs/Cjn06TW8anlwPTWK7O2hb+ag4j0VKQQFG8oTpOniFlTB5/p5PQYJlF4t0AlwYEQvPqteyRZxa37e+2nw9QD7AFW/SUp2jtEkB9V/j54sBAr6PUHE6o9yedekVWJbjvsCFk68ky9YoWSqjMOWmsRIHPcRVFdkV4V7FSrR1NzG6qMPOMhnl2tfQ3TzRD490rapP6BGUtNFkgcgbk3aerMi0a0iiXuCek/Q6CpQ0NsXDFTJQ4muUh9u4s78KRZsm4IbX9j/qIoW5DCmfGQZZWV4pvrIky8gYfQ78hKTMtA5Ms9EuVU8P70GfgHHHD4Br0VSszDQhEUEFqLh1bxHPgaKk3j/zEKLEsBxAzKTDT6SyCJyUG6iHpyLow3OlR81yPhHX/l7yxBZjaekP7oFZqHeCFKgSDnWAK9LAJwqYljEIEaZzUogZ75CAzj0Eo4gJ7ZXocqAzgAy4TMxTKRoYr+pgAbZFWEbwDEEEm2THSZ+Fe7ZEQUd6BFrCLtmiNskN68eFEn0M7pa+Gt6TWrlXxAsYQ12g2dW3TE3gX+xEsgnh4V+iJ/tVDH163rtyO7pEUriFEoeAnq78x9/+QINClj00pHAqyIkudvSRcituekXSwgCE7QiEDyAx/nnaECf0naNF4C0SA2r1nLbx9sYtR4pSELNVlbl1TVfjU3Y6j4uGx6ImAY0skcsA5w+fQex4k0bKAJe+KGGPh4CQoh36xXWqxrSeCQ3CAYvqrRPZes1vcnefwEGAdx5gXmc0RRNn/g9+BAt158941WMQIDu3hqj+pCCqGc2/boP8EdzzHuAnmbtg3CgQL1gMGatcSrD78qqVUAhVAoClAIM9C/k90BGVMx/FTis9mlAWU1NY0aGEyD58ZCyT4Pd7U5r7Kf2+AIOTP/9s3YpD+YDVM/BxrnbeEP2dB2r+3BmRm2tj/F4pXkm/KGiOwi0J0bgeUaVVss3OGx7FdxV4VX+38htxuA+PkQUOw24d+67Pcawwx0/eCG6SjtqiDl0P0nz/Razdzy7FWT9khkI3wTdRvZ1Ktyip2nOBOPu/GP+ChP898/RyfCTtdlqjsIeva1sbrqKFulqqtqTpUCZ4fBj2ZR7k8pjBcPoDcvc/dOri1RYXye6LZLOZvpata1PjSLM2SQeW6iS0VSwhVetA4ahh2G72UoquncMoVTiKWMnVipCe/fvI09I+qfBwij43T7MNoJq9SqLIyRdsWwqvJt+9MnrObOrXcT2tsoPXwk8CFDp1V1J8uE8bU7PEM8K+Okm2pTAGIkBFv7znpCHT6/EluaU1eR7H8q9JR2l0R3oshtObkcayl7IJZJRWgNWSOly7aEunmAcWrSMCu1HgNy00uEC+HM1/K9LrdeV1zL4+GNp/I9FMzj+N5/K/P2/QoPhD2wwTX/sDgCVgiJ/+sAtShBAmK+//BUImLdz2ZZLlr5x5ZTcm8+32N7+7xtn6OJrqcn8Y+vm/wODST6ICmVuZHN0cmVhbQplbmRvYmoKNyAwIG9iago8PC9Db250ZW50cyA4IDAgUi9NZWRpYUJveFswIDAgNTk1IDg0Ml0vUGFyZW50IDIgMCBSL1Jlc291cmNlczw8L0ZvbnQ8PC9GMSA2IDAgUj4+L1hPYmplY3Q8PC9JbTEgMTEgMCBSPj4+Pi9UcmltQm94WzAgMCA1OTUgODQyXS9UeXBlL1BhZ2U+PgplbmRvYmoKMyAwIG9iago8PC9DcmVhdGlvbkRhdGUoRDoyMDI1MDMxNTIxMzAyOCswNSczMCcpL01vZERhdGUoRDoyMDI1MDMxNTIxMzAyOCswNSczMCcpL1Byb2R1Y2VyKGlUZXh0riBDb3JlIDguMC41IFwoQUdQTCB2ZXJzaW9uXCkgqTIwMDAtMjAyNCBBcHJ5c2UgR3JvdXAgTlYpPj4KZW5kb2JqCjEgMCBvYmoKPDwvUGFnZXMgMiAwIFIvVHlwZS9DYXRhbG9nPj4KZW5kb2JqCjYgMCBvYmoKPDwvQmFzZUZvbnQvSGVsdmV0aWNhL0VuY29kaW5nL1dpbkFuc2lFbmNvZGluZy9TdWJ0eXBlL1R5cGUxL1R5cGUvRm9udD4+CmVuZG9iagoyIDAgb2JqCjw8L0NvdW50IDIvS2lkc1s0IDAgUiA3IDAgUl0vVHlwZS9QYWdlcz4+CmVuZG9iago5IDAgb2JqCjw8L0JpdHNQZXJDb21wb25lbnQgOC9Db2xvclNwYWNlWy9JQ0NCYXNlZCAxMiAwIFJdL0RlY29kZVBhcm1zPDwvQml0c1BlckNvbXBvbmVudCA4L0NvbG9ycyAzL0NvbHVtbnMgMTIwL1ByZWRpY3RvciAxNT4+L0ZpbHRlci9GbGF0ZURlY29kZS9IZWlnaHQgMzcvTGVuZ3RoIDg1MjkvU3VidHlwZS9JbWFnZS9UeXBlL1hPYmplY3QvV2lkdGggMTIwPj5zdHJlYW0KaAW1mgmQXdV5oM/d79t7lVqtRq0NISGEQEICxC4WQwADtuNgD14SD/ZM2Rl7MpUpe4JralY8TlKVuMax4yqPpxhPjAnGhmDACLMbBAIBQgKEBJJodWvp9fXb7n7n+89rYVw1lSpSM7duv77LOf/59+1co5PntlJ2qlSulKUyQ2X6kjtOQz+zujcmr4wkTW3LThPlMDhVqaFiS7UXZqs+RqZxaDPRtAGQJ4Zh5MrIlGkow1TcmIq1OMwUYMpweMscHjAgV1auVwUqp54Iao5GQ5kyLZMVlGkxPs00ziY4y4tTCOt1DXnFoaHpmbFSkSySFvgFZw5H5jACslRmGiDEEhY3SZaaZlNjCu2+BiaLxLlnMzSGDjn1WGB0mQcgoNr841SxMvNMWRAui/J84b9c8747W66YzwFeQp48lpM/y2LpXLDhMFViqvFU7Xrr2KHxqVVLhq7ZMFi2HQ0zDcPQ9zzAMtQURus5sohM1QcDBTy/+pnAlwMGyxU/nN1X+rn+gWpTo7rw/hQ8HmqZnRoJhA+shQhhrHDMRDyazacGduEkaZLkuW+7Ee9tM1Dq3mfeGj85fcbyZeeuPW1JSUGJrQEoo0u9XiA3RIP0UnBMsO4eIrLffZDmwgitx90XIlwZDEIyVHQtUzbCEb1GUkaKvpqZmSdZ5prHlPr39+769b4jdrFodepXnr7065+6dEgpF7GbaKvMluW7zEHGHKaGL9fCyQ9wQ14uHDkKiDaABBotbIc3moyu9nApFsFcYGlwQBNIWkZcM1FmyQheaPL0YPCAh1asXN5CVdc85L8+8jSLLHNGqT/+c/g8ljmlLIyv2XTGnV+6aqmrVJI4IG+aXYNeYG8OSgBAJaDXFCRkXRDhxcItsIVoXvC6i9KpS33HMyCgwAtvZSTm331kOGai1FOvvv343netZWfOVwbV8Mon3x57fO+UCEdzFmayvkxaAAFneRTlBmJgYQMhiJz/L4deSllMgMUytguB0XIBWpn86ZMHCw/zVKjr3nVfCedlBY0EyHDJpGRhTXFpoko8gncqQZtM/Mv9Lx174ciUM7yuU16WLVr7yMsHfvX0HsZYth1nsq6Btz0FQq7AR05Z6H1CQePUojJWXIrGrPtQTxdfzPJQaKK3TLUs0Y6FQ2SFNqkgVomrjs9OO8XSfBRbnh8kHccujc920EY3VRYy0dBlbS0fIdkAYqL1Thw5C3Hg9xZE3x3PYrh2eXNKK7tYypMuICBgd10bEyCCIP+wAy4MT6tzyiR0SggTAZh6dU29wBGOZPJInLSMYT3BRnTjWH2uxXUnN60KfPcLlYNHxmJ1NhBdW5sBcwQ/1uIfs/nl0QI+8karAuaqRSvSFvjdk7fdgxmcpw5LPFoOx08BM0TLAO66/MuWjSz287CCR2nNF5K4mMSLykXEYLriB8VTaVigjcYQOYUWcSY8XdDR366ukeM172AQPEs1F2QGB0+7kwQIJEk87CqWJuwUHaJV8kCPJnLCR6axrF5ZgDhd9eo+5VcsRp7LFW4aPNctH7Ha81UjKyRBIZ7309bo8CBAUQgZmOnoLNjqP1mNP9EAeaTPhf+8FznKa0I0kDXvuJc5PCUmo4LYu0haRkmolzu4nSXKtgQ5uOGq+OLTV24ZOfTS4SOu5fpRcOmygVvO7cebNZPQtz0YRvwQjmrnAR5YiWiyICKmARxuTrF8AUmt35ID6KQmtw0dHgQFACRoXDcPMTHiPLdguEZbYItgOYSOLiyCuX7ygR+wxmQFH+23hCTGGiFzZLZZVOqqVZXPXrzpH55907J8M29eeObSW67Y6kMwyxmGjViEg/ANNUVsHCBGCvXbxU7ZB68Ebw58GjmWFZHS6HvWckTzAENqgg+TgV1CNJsUTMQ3GyxmxjiBhipOK/X4/mB8srGst3rTes/TTkcDE8xdKFkQNQDgMmE00kC9XPwDKMO4hVVY6NRaUA8jOZGFiJXnYMLILkrQV5IrfP2CsLor8ivuQAaT/YkP7o7v/gKE0WDVpZ4LOXPx2aG2uZJ+xSotpR7bk+w98O5pS2of2baY8O6Jupn4LFBBM4SVH4DDFIIsPOwuQYoChguGokfiMnMUGGbhWBnHCPJMTJJbsmPmT7RVKxQtXlpVZaV6ARFnluCboHEt5TeU0VGCKLowqBdoaAy69EAhugBA7FL+pwlLiDabFgpiWhZOsK6XZiTIsbrGMspVhJ+PlN9WBpgcb6p6S2EknquWFGXYAFJMIqFMlBpoItEwzFzPhMfkrUEm2SeIscTRpjoxl7uuMVhWQ0WhgugkRYBemgEwEB2q6eftTIWWmte8gwro6gc3qgZTsEUGsKU7Hrq6MoPLUDE2qWDKkn7V5wiGsAs9106U5XS58T8f2T3WitxSMQ+bo1X3livOm1PquX0zz734Rj1MZsJmlkUDJf+8lafdsGXD6pqJG3ZyN87C1DLu3rHrnSlEUXXjzmq3/blPXPHOial7H96ROr2WU46CcNPaFbdsXYm/acdBxfFF1USPsUTBeDJWf3H3ky3T9z07q08u99QXb70us0zDKMPfN6eiHbte27n3QDPMm4ERpK7vuiODpXNXLL7uvLVnLXaRoigtWiahQ/meGcW56RjtXMXk+JF66Nl3nt79+tHpejtVURTZaXTWspHL1q+58cp1JU/d9+jenfv2uuVqGKleK/3qzVesHCojnu/86OG3ZpLUq+Vpuqxq/dlnL+2xLDTl8V37f7HzQGCWyFayYP5ffv5jy/rVniPJvQ899uqBo8dn6qZpFWxrw6plH7v6su2beqq2GE0W53ZXc18ZP/H2fJo4hSyOVg6Ui7Pqvh27Dh85WXX7W2TOvUPknMdnZg69dujxNw79yac/esmAMluqVPJQ3h1vTe2fV5avjMbkef35jWjlwMAbE8G7cTsiswxnD87ObN+6sp+kyPFE/kQEEmRco2XDyh2vnXhw71hYqPm24cyMf/XKTVhPYtgY2bd/9srjrx0IMsswS/CoWO1JnNJUo3FyvPHqoeP3PP3KRy8570s3rOsxROngeJ4EyMdz3Gaq2pZ6bF/wt/c+9PaJelKs2qUl7bDjVBzX9n49PvPk4V0/fP7g179647MT5i9fniz2poll1tL6Zz9WQGHbhnr6reMvz4aJ3zLDfFUp+1ouS8Cr/cfqD7x4MCwscm0jac9tmlD3PHf4Rz/9hVXqSYyiWe5Ns7yexNMH60/t/uGt12y74wsXQrHnGFJRJsoMbSeDDLOMYhzNwx88uGu62eoZHFbNrOT6M3lMveT2DBI+jjZm7rzr5wOfu2Vj/ylP17M4MjLbLxpGEldTTKFmqW3btu9/8XBYrPpW9eDJd3a+PX3NGoKkhL2ukxMfr9TJVP38mVfiyhKr2tdqTK8YGrn48q3EpfFY/YcfPPb8eMPuGw07UdHzSnmUpkmD3KZaNvJyGvc1lbrryT37Dxz+b1+7bin+IUl8RCRRPk8s45F90bd+dD+GkveO5G6xlcalsttpN8M49HoG8P7vNpv/5tsP91Z7SyMbUtOI8zim5vctnACn0ztoZmFolBzbNCtEFSEWyzGLtaTQF5cGW2FQ6av91V33z9dn7b5lcQ7xkWPaqWFnZpHsBQv/yaPPFzz7G7dtYa7piDsSL4coDMOJUqth2Cc7nbLvZnMnquF0rXOi0jxWDufSsBVmqdvTM5tmv3hqJ74PZ68demLkQZa1DCskt8ZScLLbzx2tWFzHkXJSv2/H83tRXjIGKRY5cc9gptTO/eGByY7hVUmK7Sg4/5wNtZIEjH/9vSefHO+4AyPNZlAtVhqT0+HsXDA53hfNqpn3ZuvTbcNKnEpWHn7pePTlO+/DPxqS4VJQoHfmWyfiO3/8D8fsvjotGd/rdFDMljF9tNY+2RtOWnPvJbNHSy6NmPTE3GwnzTthmsWpEcdmlhIn0AAiRBJ0HKJtFEgdDLFd15xneU6Ism23YLqlk/WO5ZaSoO2E871Zw20etzqzvmUEACz2OYPL7vv1c3veS/GQtmgApux6aQe3IxVxqrKyZ9ba8zddtuWSM/txp68cmX7guZfeC/PYcOaazb5qz8HpqYlYlQwSeJVGYU4TRtlJEtmWB+s5V9bU5tOHH3z9oFkdcAs9r7137PVj6sIl0oeikCF+I1Xczv2/2RWVe+C41a4POPE1F48iv+/97OU3ZzvO0Giz1SzaeTJ5+KLVI+dvPHPF0iIh7sDYxKOvvf3aoQmjsjSz3bg8+M78+N/89Kk//YPL7CR1bRfb//59O07ioXtrbh6mUauaNobLznXbLzpz5Uil5swHau87R+575MmpyDX9/jjTPg1vZTk6nRJfH+OFMlWw/dzOw7hD8IdPHKT2URTi/LDI6amZ3mLBjOa3nr70tlu2r1yipmfVXb94fseuNyt9yxrNNslgFOWvHzy0ftlqktoCAR5HjPL7mfJda649WzXbd3z8hq2LBDT6vmJt/6rhj/zJ3z6irB7fq+SqfWDy6ESgVldUo618x3dNZjsZGKdSMBBtieDXbV37m317AhGfN2k4D+3ed871661UFdENS/zGy+/O7h4/1qkMeypxWtOXnL1kRVHtnsx/vW+fXR6d7zS8PPajmdt/b/OnLh1FeMwD+GVLh2+9YPgnT7371z9/1upbHhiOU+x/cOe+Ky7cvG2ZxM9HD6sn3627lf5GMGNaRlqf+PRFZ/7bT14gThyT0jX3NctGb9j8uX/xrbsn4iAxwd4i+wJPmgN4CUFQkncz474bZHVCLkHX8cjscGJYZ61WtTtTV29ee+ftWyBZUrWSOucrF37tL1uP7Bkr9Q5RiwQN692jx0O1WjIhKVcs3LWdZEkadip5cv3WTZsWSQ5UU0FZReVMnVVV55y+Oup08swMwMsvB6lOB4t4h4gGEyxwHIemjOSPOn3eNGRsGOqNGvOp6UZuedfbh4/FKndxIEjEwNh/+dzuDN9LnDayohXfeOlm5j6z+43J2I5UZqnASerXXngWXCZr7FGqmuZlnFWSDSn1+ctW3nzpZhXWkVnkFmeM0hO79+NbYdNv9k9Mph792aJDHGicv24ZXCZvKwSK8o6LPiJnOz2zqu744q1Wa8pDTbIUAizHwchBXrs3K6NqN216kAW/gAlCIB4gzTLbcUlLeYXHWORn37x9i8ZNFeOkqvG88ZKNNnmGMhud1PTKU3MkijhnYTUhJAYERViWxoOmdfn6YVQS0GZm28quGOJ2B8qekYXI0zQ9K7JpDTEfxaSMN3BjibSe40xyrRaLGJJTX3v2WTaASSGd8lQzfWr3BBEM1pB3vzKldh2espRXMezW3OyGdWesHaBBol5587gqjURZ6lmdAa/96WvXFLAz+i1pLhVpnuI+MDLO225c30OlZcS01LPa4l1vv6cZpN46dMgoEI7oyMSFYOYPb7pKAkmcl5xcHGOAoqqKb3mJumK5unzNcNKcs8khHNxF28UD6qCX5E5qm5GROo4Xh4mEMW2mUt1kVGyO6fpBc+6WSzeSzvtUy/hxi8xCkp/TTxtw3UKbrrzbEwnnMAqZLq0s/Kb0gCzy17jq5L22UCIHfSpKbywOEA5Jc0SDhsVMaelKRSdCAlBO+iLVIkLjIe4DdScfumDN8PKBatZp2KYdW/6O3W+Qk8xnonf3PPHCTF5wC2UriXqt/KbLN4LK7ExSb8WJ4TqeH7Ua60eHlxiqzAvWMI0kwcrzLOqgBJRwQ45av3xxUJ+2bZsU8GQ9mKZ2An6jSaJumU4WRssHetYuESILjvgAlaYO2kKmlUodAVM2rhk10yhN2GeQx1ae6dqKKeQGcgoTREByAIBTfrjPMs/Kq26OFNkDkUE6kYdfRTvzbFQehuo/rRbS6hQoYhrkJB1DtVwnQgocLMLiyCFhXwVGF9H4wMlD4pM8p+uvrQnVYW2pdqXSW+C+2F2uhirqnOX9hXAK/bfL1ddPNp4Zkzpi37Hg5XcmsurAfBJ35qe3jPRtGRDeJWknjucdV0VhYht+b6EHAWv+aDSkE5fLvkIasdnB+F43L+VxUW9EkPE0O5oDUewQ4qUAN6quj10jmBSfCtK21VZpSLfYydu0nnFH/b1xEBQdF2xRFzOX9gvj3axjyS6P1iUkoCnVXDdw53Ye2VloG3mhVMGmpYGB5gmjpSHk22bBSoHgpm2isZPHCA8tFEqky4JXpG+IFAUj0WgtPUE90c1fF2wyZA6jdP4jspFDenKsQKDJMke3AOCHg+HSLsF7bF03aHfyuNPJVODV7v/NPtrqv9q9fy7DNl3cddFMP3H5Frwb0sUsaNlkVA+WlyWmqzBl6dQR9CHSEJ9hEPW5ogRAzC5dH2ww6FBIsvXDILD1HA/3ZhhWnORhlBMewdPGrMkcYLVomXRRbNvkVb0TOY6bAVMrXJcmFhUrllYJDR/p+QBBP4RfQq68BT+Vue5Cvio5ABAEAdMUZLByst4YE+ERWNHlEa9kpq6Vlcy8YqRFK/OFPB7SrNILdH9so6SoBHSHgK09stZu3COzAx59URhEQwB1oI2AAG1HIJ/Tr9YtRu1C0qfcK+0/MXffW+qZQ1OJW4zDyM+ydSOLz1/lwWhXZX2lcsHx6R2LyhnexMRxIETkaySFejMK2Kny0szGy4P9san5TLIdobHsO/1lGTYwMEioYLhX7DlyojExLYwOw6Z0NmSvKPVgeCotdUT18hvvuA4qCMU5IZoxWochkoLbT4xCbLgZEqYTLe13SEN9pVODSDAM10hhkTAQbMQB6B6eJFoW/oEQShZGt4KFRAM5U3G8DtzKTZvGY1d6kKINCpBdX8Vy2JZQJVD1RJkrvMdMTdIJxoti8l6IJwPJMPCrtmyw4qBU8NM0jUz3p0+8OIaNk/EbqRvUr96yAW/uYH9JOlBQI339ZtDJ4phSc9/YyVfGFeUqB4jKWlx5LpqITe0eV68fPm56Rde1405jUX+1p6w8Q50+Mpi1ZvI0IqefTewHn93P+Mwro7Q4OZSdfVA4QsK+f069PT5jOIUwJpnWdilLdcmDj7gBCVw6xUOjIRQc4LJwRXIlrEZ0XcZLhOvqo16FKdLNEcMyxUeIJMTm8YBIKkssUoeYRhiMFkYBULMMP8BdxrYzw8lEDDuBraysh+knJoWVaSEnyTpAT8KN7GtEKMK2dctWLO5LG7N2GsZJMlYPQr+Kg/CS5oah8tUbK2gEm+sIiIvLNp7ltuslJ6NtMV1Z/P3HXh2nX4LtADZLwjxvgpSt8D/fu/dXHb8vNtHR0Epa5529VnAmAp8xOOI1zajRpIU0sOSnT+z62e5j83RiukRBv2mS3Y+F6i9/9MSh2SDGo7pFqdUkTAq/hGV55mRioKwKD+AxjhDFxC4zcgYGgw+/pMULTBB+Y+/aEwBBhwgRAyzHKQvXhInCGmCz4Yan135DM1rLVquSrC0uDkFJpStrCGQ9YOGH6rJIaY2uyUENJw6RrCXDLVyy/vS8fmKgin4rr1TFe2KueXP68o0ryWoBblt+Vz2u3NwzwqjOrO0a5J87Dx/9rz9+/s2OmlJqzrTnDWPeULvn1Ne/+8s9R2dUEYHFTtwcrZjXblsKPoC6YNTdvHLAihqea9fpgNQW/5f/8cB/vmfnnin1Xq4mDeNAoB7YE/3xnQ/sPnKsMLAYzUL+aJUOZeKLgbPAciFZNId/eC9RLBygdtdoXFdhZbCmOE8pEzQjdcSSJgPBFbVgBATSUWJ+mouCejhaes20GbWRBpIkCdQ0SR1iR5S5yg5Sw7XYC8ZyhCrWSJPQtQo8SUiZE5EeB7ZvykYz+ZiNOV+7eemjTyVTQTPPC1aUeAgtaI0MVq66gGJQ6Z6eEMpckrbbrr/oP93zsF8pJuyUlrxHDhzb+ec/P/v00eFFfa5vHxw79so7J2Y7uVUbIu6XrTSbmfijW69dZUvpz8Hv7X9w88vf+l8zQdPxy5HthOWVP35+4p4X/m7JQKWE/Jrh2HRIq9LpG+jEfMHBupKbUUQQfBeIcrx2lkEUZuRAqhzdhEq8M/0OBlKgdZ2qTo1En2UXhdAkkhEPTWmDOQR0YGF0QJ7OSzLoJKFPVrNtz3N4Iz0j8WmyMCKW5eXI6abgE+J2hxSLA6o8Urqw3d2honLlIY1mepXkKnyIQgbAo1FfbTtr1d/vmbAqFYf2QdDI8M7bL6RUw48TSpklm1Q6t73x3MV7xs568KU3in4lNUpmz+KTnejRNyeMvYex4NRwYrfXrZZt7K85pVoTH9t29u9fsByBIXY0A5TO6lN3fOH3v/ndv5tPeo3yYGIW7UotdeL99dk07hQKRdXXC/vmZo5WyjWCk3TTooivUNDfJDfFUeR5sUD9GHlkecQMmkya20I+nEEuWdrpdBwUkGVFu2ESRYt4Trwg2VfJd9qNuapt9vb2oMpmQXnk7ZIYGqFPqm1mjSASuuWQYMxUoDHf9D06w/DbM8yq55copXRH0c6zkp2XC7SXYgIIU9BNvTmEH3fE9ep6advGM6UcYEslCh0jHak42zctI3KasjUiiKIQMJ20Ds/x7z563hcu21JutVUzTALywKJX7vFqg05tuFhbUvOKdrsdz84Ww+Znrtj8jU9uq2iRk2GzFglsn8puOcP/m3/1iTWFljl9pAp1UZh2Agqk3p7FlrKjuel4auzzN1y+dfVQ2pxxqIAt6CAK8cWSGFbUbllse+ZJwchd05CdT1SBIBwn7FV6lknnlmGuI/pLf5X9u4CCX9cWwvuoXTQSdMpM2q3mHHMpa+kwKbcxZTdTp1C2282Sy86DYAwgyVrEAyEtQ9UnvcZJBJwHgRM0zHbkK5eSvhbVrRNTdrnXaswVSj0kWxCMC+/mCawhrgmvyycJFt4wxgnlzebVF6wfZStd4rXkmtgO6ScLiVNiwUz90ZXrVo2e8fePv7Dn0Dh7SxaccN12J6KdUraNQtBev3rlrddde/lKBZcNCmubbo30IvBrYafuOaVLV1e/983b7n7kzRdfPnxitjUXNWzfYzdiUbU8PNp/80e3n79K/ccfvF0ruPNBQBWOweOaQAJdqeXtatCKo1azMVcZqWC+luz6k6m1qvF0Z0q0oxTNZI1pW0m5wxSJWgRaaAiV25lJZuo+ChE1jBDQEuiNAVd9+dpL5zB1kt8oXFbwqjDGklqHaQI+z/oM64b1o6NV9uy8nA92os7aQT44yGsq/8JlGz9tF9E84t6Ao3qFfRKfC/RbqQ8tl1KlaalHX9hD/wGv43q+b6XXbT2D/o4rUsQCJBcSB2WQvUh5UtWbJtevNrevvvCFA+Grbx0YO3ZirtEsLqr0VQpDFe/Cc87cMFpEkRAVSoW3BI6oBVymK1KoEWgQ2ApL/en165pXrxs7ls4n7enpmdP6lwz2u5UeVlPkIc3JyYAGZLXW6rR7+iu9RTQs71XGV265vBkVcstNs7DqpIuonTQnrjl3Vb9vWcUaqXDWmTt/9SIPdxwHtCB8tIMuoOEtqalvfvGTQGUnlwJyuCy1vpFEOD35PAenDLKcpK0QjtsUtGGEMK1F9hpaDmM4GAMNnPTF0T3CI0GTURzQbLLTQSJEYkSfhiRUmXXDeHpSfeO7P+mUBg2vFM3O3Lz1jDuuW92vUlvKUREq+hAlqc1GD8qr7RT9YlsHZ4UX6ogMxFMxFmvjhOwu5agEBoHKYMA0HWLTfHe21aRrVijQN2h1OkMDhT4+cujum+i5yJIu0Sz73K9Of/uH93SKo4Hyotb8Teev+uvPnF1OOw4dJ1RE3K4czMWnEdzoG3ELWP6DDHwgHlArCl7dX8ma7dSk+7hgx8zlZBoKLR/H2MRRSWDwxVmYGXglSGKEAIMIug8U5/qONp2tqxpcPlzAoRXY4su4I5EmpzMdiwn8ByDiXVCcnz31Wt3tM3BNadxvZzdevBqR2IKtNCWkdcWKuk+iVRMPQNJFOZ7FWV4w2PiWCKPJFAJAlcWpxGXnE79vSoXEXmFGrWl637n/2cf2HHK8WoAFOc5Qxf/Kx6+9aI3UyiyFQiBcdPnhvY3/fs+j7eJwbPrMt+LOljUrINm1CInyaR7BWbAjC8aFg59OSBjA5xgxG/RYES0JcSH4C1RKnLUsobWEPqT4Q/19DNB4TnCS7A2/Sc4bSGWAizvFZaZpVwssJjIBYGQRkEnQAz6YMEBUW+5F+8GDU4pZ2q90FLVgD55Mnn/zXbP3tASnMzd17Vkrz6iIVjJb0AFLEIGPbHfKd0SA0d1b3VJA5JDFvolgwjBZVHbRxQS04SFrnoAFGRE5ACtu/8hHHn7jf3fMSugX+FJtcmbuz75/99nLB04b6l08UGNv6vjM/N6jk29N1DtOX2aV8zgpZsHKxaUrNlXACtFxgAN1Of90mbxAqZCcEkVyeAS7BB3J/IRdXAvemiHoCv5H+CJsgxn0aGkKopO6zQdM7YhEid8/tJPmTvJpuCxQwYQ7RncNfGG0PNIiFwFLAqEzTdaW/apnX2tiFLCh2S5m0ccv2ciWAl8d6BkaqhAkwGVvlbJVL6TNXRbRnwFrddZrgQn/mcEBryNFtwEzCz0SWP0t86Yl6p//3hXfufshb2hlhNMv9M6p0pNjc9ahgyoJ6GZHmRnZJbe6gl0K+F7mY436sS/f/oeDjohfGkbSWJciRePVRUzjxI9wVhyIxmXhV9ghE/XRZQvDmCyZLWMM1xAzf/84xdX3H/z2Au7pSfKku8TvXmn2/na4vmIpGHFgKt/1+r6+/tFWMF/Lw/PWLF+3SL4At7oGIGLRbBMNEO+kD3moXwiiC8cHluWye8d4qTbklwpMnAq70IOW+c8uH46iq+566Gm+Eij3LurEuVPpT+Mi5FMJs2vl2F4Uxi6t6Prxipd86TM3XLzW7UeLpTqghnPo6Wi/Jov/duXfReX9592L928/MEqedZ9/kNELA/6f/KNk6hrgjsceCttTpk2XOzPazRtu/izBlgIMlyHWJp0brQN4BnggyvohDkZjt1Ltk3xJ8c9HVxH+Ysgp3H718k2rhr5/z0NvThzwSj3T86FVKKYWhUlCfYIH68F+w/p5a5Z++VM3bhgypH0IhLgtAUnaloKJKOWHQOcfG7rAjn9syD/1HYzuGMYz74zP5F5kV0gXq1ly4Sq/lCrip+R+p6xLdwSgSLuPD0mZxBzNkyxq8YGSMEY8thcZDu1V0qSX31M73zg4Nts4cnK6Q//UcPiSYnSwtqTiXrRh1TkjiEj5aeZTY4nX7fKWyttkV1w2VBc8wj+VC6fm/f9ldGzIZ3PdpJAVqSyIVtLMl9KR7yjxLZJG4lzhELkPY2DUh2O1MIeAwzQgCEBAcSbw1DKBTnjEHWiPIF/G4F8o1nE35LaSIMqXqWSnCzzucjpnB1aMiwZ7Yknv4sNhdIq3v/P//wBkfQfkCmVuZHN0cmVhbQplbmRvYmoKMTAgMCBvYmoKPDwvQml0c1BlckNvbXBvbmVudCA4L0NvbG9yU3BhY2UvRGV2aWNlUkdCL0ZpbHRlci9EQ1REZWNvZGUvSGVpZ2h0IDIwMC9MZW5ndGggNTcwOC9TdWJ0eXBlL0ltYWdlL1R5cGUvWE9iamVjdC9XaWR0aCAxNjA+PnN0cmVhbQr/2P/gABBKRklGAAECAAABAAEAAP/bAEMACAYGBwYFCAcHBwkJCAoMFA0MCwsMGRITDxQdGh8eHRocHCAkLicgIiwjHBwoNyksMDE0NDQfJzk9ODI8LjM0Mv/bAEMBCQkJDAsMGA0NGDIhHCEyMjIyMjIyMjIyMjIyMjIyMjIyMjIyMjIyMjIyMjIyMjIyMjIyMjIyMjIyMjIyMjIyMv/AABEIAMgAoAMBIgACEQEDEQH/xAAfAAABBQEBAQEBAQAAAAAAAAAAAQIDBAUGBwgJCgv/xAC1EAACAQMDAgQDBQUEBAAAAX0BAgMABBEFEiExQQYTUWEHInEUMoGRoQgjQrHBFVLR8CQzYnKCCQoWFxgZGiUmJygpKjQ1Njc4OTpDREVGR0hJSlNUVVZXWFlaY2RlZmdoaWpzdHV2d3h5eoOEhYaHiImKkpOUlZaXmJmaoqOkpaanqKmqsrO0tba3uLm6wsPExcbHyMnK0tPU1dbX2Nna4eLj5OXm5+jp6vHy8/T19vf4+fr/xAAfAQADAQEBAQEBAQEBAAAAAAAAAQIDBAUGBwgJCgv/xAC1EQACAQIEBAMEBwUEBAABAncAAQIDEQQFITEGEkFRB2FxEyIygQgUQpGhscEJIzNS8BVictEKFiQ04SXxFxgZGiYnKCkqNTY3ODk6Q0RFRkdISUpTVFVWV1hZWmNkZWZnaGlqc3R1dnd4eXqCg4SFhoeIiYqSk5SVlpeYmZqio6Slpqeoqaqys7S1tre4ubrCw8TFxsfIycrS09TV1tfY2dri4+Tl5ufo6ery8/T19vf4+fr/2gAMAwEAAhEDEQA/AObApQKXFOrIkMUYpQOaXvikMTHpTgp704D8KcBQA0D0p+2nKuPrUgTgUARhKcE5qULzTlTJosBEE9akWPFSbCPen7e1FhkYTNKE5xUgGTTxHzmnYRCEFPCc9Kk2c08J7UWAhEdNUOYwR171bEXeiKLCD2yKpICJACoIoZc8d6srDgkj8RSmPn8KLCOXwaeopcZNSKvNADAlKE9qnC4GcUFCaVhkaoCaeEqRU9KlEfFFgIlQU8LUioPzp4SiwDFWpBH+VPCDFOC47/hTsAzZTjHx0qVU3deKlEfpQgIEi4qTy8kVMseDmpBFzkCqsBXEODUgjwRVgRZ5p/2ck9KLCIBFz0pywELirMcR6HqKnEGO1FgKAtycfORjrS+RnPBDds1oLBuyGHHalMI3nHXvTsI4VUBNSKlOEe3p0p6qSelSMRUyKds7VLtwKApzQA1Y+1ShBinqvFSKtAEYj9KcI+KpvqBeeRYJIhBA4jmmbkbuPkUZ+8M8k8Dpg844vxB49kjla00qXzIwu1rhhg7uc7cY6cAH2PXg0WGdhqWvaXpMbNd3G1hkKgUkuR1C9jzwecA8EiuWm+JsCTMINKeSMH5WecKSPcbTj864C9vp7+4Nxcyb5CAM4AAAGAABwBgDgVXB59KdgPTbT4mQyTASaVMI+rFJgxUfQgD9RXTaT4s0fVdqxyvDKTjyp02t7c9OfrXh5YEADrnt3qVSV27JCJQ2MelOyCx9GogIBA61MI/avHPDnjm60F1iuppb21ZeUJz5R/2Sfp0zjn8vWtC1/T9et/Ns5VYZwQDyOvUdQeCeRyBxmiwi9HDmpliHerCxbTmpBH3PFAFYQjcDjmpvJyelTbBkU8DFAiERjpjim7cZ/rVgioiuCaoRwYX2pQmDU6KOlSLGByaixREqgjpT1iHNSbMDipUQnrQBEqYokZUtnlMiRgLkPIQFHoSTVgRgHrxXnHjzxDcWl8llblVHlZO4BiM5BypyBkfjg9skEA5LWNdk1CCG1iQQwRgF1XrJJtAZ2PcnH+cmsWlJLEk8k9acqE0XKSGgetFSCImnC3Y9qXMiuVkSjJpTyemPYVZSzY+1Trpztjac5o50PkkZ49CSKvWU8tsRcWszw3MTBkdCVP5jv/8AXqK7sprZwWXAPektNq3C71LK3BGcVSZLVtz37wB4q/4SnTHW4Y/brcjzhtABBJwRjr054GK7DbjivCPA+q22geKILgPsSbMF0rYOxCR827GODgnHUCvfcAD1ptEMi9KDnNScYpRgCgBgHFMI5NTEcYA5qPBB5oEcSi+wqVVpwTipVAIqRjQg4qVARxilA9KeF54pgUtWuBp+kXd4VDCCJn2k43YGcfjXz3eXc1/dy3Vw5eWVizEnPNe++KLGTUPDOo20W7zGhYoF6sV5A/HGPxr59IAOKBokjTcKspHk4AqOFTsz2qdWAXFYSep000rEiQgdQCamSLoagDSE9sVdhHAJ6nmoZvFJhFBuODnitnTrAvKoAyCwHXpWeX/u+tb+kTbAOAWJFC31LSOwHgCPVLIxLiRiM8dvpXnXiXwsNCdo2Rg2cYY8euf0r1fQNcEcscbZVDwSOcVV+KFhBfWFpdfKXBO1gfpwfzrpVrXRjUg2eNWtr5reZvCPGV4PBYEkE59jivpHQL86roFlekbWliBcDPyt0Yc+hBr5slZothizt5JOehPavcfhdqX27woLZh89pK0eSeWU/Nn82YfhVHGzsiCAMUoGTUhptBIvHpUTAhuKeaY5piOTCGpVTvQvWpVGakYzZjmpFHNPxkYNAGO1ACSFUheRsjaCcjrXzVfQJbahPDE4kjjkZUcHO5c8H8q+kb+1e80+e3SRo2kQgMpwQfr2r561jSZtF1hrOYqXRh09+eR+NA0Q4KAL6CnooIyxAA9TUU3UsT1Oark5GSSKy5bm/NY2oEifpKmfc1bEPvx7Vz0LkEdcetbVrOWjC9aiSsbQlzFoIq5LNgfWtOwvrVBsMoBXnnvVb+zHktfOY7UI71zt00e5ljLFR1bNKNmXNygek2Wp2ogUfa1EpJGD684wR7Y/Wuh1KY3/AIbjhnRl2rjnoe2Qf89q8ZsI5ZTuSZUUHG+QlVB9Nx4H412uiaje+U9lKXyOCvr/AIitG0lYUJuTOYnjazvnjdQQrcg9CP8ACvUvhu+qFTEtrZwWKqGkkTl5Tzjv/Mdj17ef+JYgdSRUQl2QbgByeSBXsfgbQ4tL0KGRWYyToGkDY4Pp+HStIO8Vc5KqtJpHSgU9F+XnmjoT9KRSQeasxYjDHSonIweDmpetMYDnjNAHMgc5qVRTACcCpgtIY7HGcUBeRTkxginBc0gAV89eJlLeL9VBySt7N19AxxX0Njb1FeJ+P7VrfxzcOfu3ESyAD02bf5rSlsXDc5JwJRgjpTypmiSNgF8sEKy9cH1qQRjPA4p+zjiseax08l0VNjKgiAGAc5HXNWbXKuozzSshWPOMCnWiE3CYGRnmk3cuELSPSrbRJtS8KQeVzjduA69ua4G80y505prSSIlJD94r+WK9c8NTHT9GiluUZLdz+7codp7HB71leJ7iB58wojJ1K9etCSSujoqU+Y4jwu39nSzrJGhSddsjspLBf9nsD7kH6V1WmwWKXyGxtWhiBUKgYt0GO/c+3rWTDBG77oxgZ4HpXY+E5YrK+3vAruBhdw4BpppvUhQcdjJ8RaTE17LcvKbd1t5GXAzuZRkL7Z559q7r4dyNJ4C0tmznY459BIwH6YrjfGuZrkx7tgYPIxxnYirzwPY16HoEUdpoFhbxDCpboMe+BmtIas58TZK3U1QM0jdaA1NZsDpWpxB0780h6ZpjSAUgb3p6CMNVzQOmDmlQ0c4qRksY+Tnr7VIowKYnTnipOKBiHBHSvMfiVoN7NqlnqdtDLLCE2TMi7ggBJycdBgnnp+leoY45qvfWn23T7m0LbRPE8WfTcCP60NDTsfOpwrbT2NPVhj2psrfv2yD16EVHI2BxXM1qdsZaEsrIcA5O3nA7mrFnLtYEYXPHB/nWaC57YzVuzXJIJ5x370rFxlrodpa+KNSsk+y2du0tsRiVd2VbPX5cfrVvU5hqPlPFbLbsqcqucdenJNc5oM7iR43cRoem84Ga6OUSWyq0gGCM5B4NEY6HRz3WoyztOOB79P0rYtRJbTBQxwOR6fj+VTaV5Utv5qAAhhkVLcIzy7UPBP6VEr3saRta5EdKu9c1mGdFcxwH95hhtZWBBBBOegz+FehRxLDEsaDCoAoFZHhxfLspTswDLhT6gAf1zWtu7ZrqpxtE8rEz5qjRMDnikkbCHBqEPg5z0ps8w29a0OYryy4PWpYpCUyax7q7CSdaqvriwxldwFIZfGQacTg1EWxS7jjrQBKJMDgVKDk5qAHAzmnrJkUgJw3FL/D0qNW4pwYEdaAPEfHOkHSfFFzhT5NyTPEfZjyOOmDkY9Metc1KDgEele2+OdHg1bw1cSyttnso3uInABPC5K/QgfmAecYrxFn4HNZyVnc6KcrqxATLnAP/ANap4YJHwS2BmkGM5qZV44qGzeKNTTLQ3EqLJPtTPzfSugvdGAs/JtNUmcE5I2DH09q5jT4pTOu0Mea7e1hkWJSynkdaV/I6YpSQ3wsbiGNrediTnFdDNOBKFTk5AAHUmsu0X7M5diAe9aWkMtxqBuHAKouUHvnrUpXY5yVOB1dkv2Syihz8yj5ucjJ5P65qYzjHWs17onvVKW7I/irrWh47d3c2Jr1UHBrLvNVCofmxWXd3+1TzXN6jqTsCFPNJyCxe1TXcZCHLVzcuozNJvdyfaoJHLEljk1WlY4NZttjsezh8tjp9adjcDUDbto4JqZTkYGK1JDOFxSqSetG3tQE4wKQD1bHSnhuuTwKq3N1b2Vu89zMkUKDLO7YA/wA9K868WeOFvLGey06cwo5wsgyGlH9FP5kY7EggGZ8QPGr6rO2lWRkis4ZAZD0MxHTP+znkD2BPYDiVcg5FQzmQzt5rZkzljnOTT1qZGsC2jBhwc+1WYnGMEVl8hvSpkeTs3NZuJsps6PS7gJdJ0AUgnNdi+sRJD8zKOODXm9qlxJIAr4J9q63SbGFGWSYmWRecscgVJtGbtoi/9pluGBwyxnoT1b/61aK6oukQpdPC00SuBIiHazKeu09M/Wqk8geTgdOwqp4hkVPDVxu4GUz/AN9rVQ3Cfwu52CXsdzY297bs7WtypeF3TYWAOCCM8EHgjJ9iRgmjc3gGRnmoPBmqLdWwsJLkReH/ACt0/mqpEcnAWRGP3W5weefTJJqHXrNtNvPLiuYru2lBe3uoWykyeo9x0I7e4IJ2mrK6OApXd2zcA81lSZY5NWWBP1qJl4rG4ynIBVOZsA1emXAzis6fvTQHtn8NKuAetV7q/tbCNXurmKENkL5jAbiBkgep9hXJ6r8QrKzl8m0hd5D0llUqnsdv3j6YO361sZq52xPPSsjV/FGnaQBE86SXLbgIUcZGP7x/hGcdefQHBrzDUfEuuau8tu0xmSQELEg2IAexA4IH+1k1R8qRUMJtYQkYHnSuQc9go/lSKsa+oaxfeJLje7+YkYPlpEm1FHdiW/8A1n6DjCLRaheH7dCYBF3Axx2znn+dbEun3NzBHFp9+HvXALxoMYHZAB0+mPT1qfUYbi0ig0G/tlSa5A3ygZ+fOB0/zgZ6GrUdAucHKCLh1PODinqKj6ytgEDPGakFZSNIj8ZpygikHSnD1FZ3NS7ZO6yAgc11lnIyQhnPbNcjaldwzmthbsiPYOKg0i7G/BMXcms/xXdBdEeLIzIygD6HP9KbbXJjG5iMAdK5zXr1r24SMHIB4HvVw3FOfunQQ315ZyfYbSPbp0ybWYjG9D1Bx9eR3H1r0DQtS082reFZ9HF7YOFkgvY+sTno24DI67SScZ4Pyk586t7+bxFax6dDiBYAAZBx+P8A9auj8L6mLMSeFLafZfTSYtpZMFQxyME9AOfQ8Z6nFdcHfRnGzp9S8ATabBaia7jjmnyF3uNrtzjBHTgZI5xyOcZPJalZy6ZeG1uCm/8AhKtkMPUV3XhHU1QXPh/xlepPfIzLDHc/vUcDnaR14IyGGOnX1sr4a1S013/hINIntbaJYS01tPM0yRFvvEjGTH9MdOi0pUk9hcx5VcfcrKl616I2jaa1vLdaoHlluM7U0qdJFDnn5ODk8gkZbAPGTWLN4C1KbSH1ezmtp7HBaNvM2s68Y4I+U4P8RH45FQ6MkPmOOnmluJljvVubi6k/jVtzNjucf409wbF2glSSTcvyxBAcH1J78U99cmfTh58zSqo+XaMMOf73WoINTCRM9hJKkjfea4G8j8f/AK1GgDE+y2xCQXM4vH++3938q0NOGnWrC9ninubO3P8ArG6SyH09fT8z2rMl1UwKY43jlkc/vJQrAn2GQK29N8TPIILJ7U/Zxw6BRjHds5547EfjTja+oM6bwz4bsNTjuPE9vePA1uyhUIPLk4yB14yMYyO3GKiure6XQNWl1/P29w0lnIWJ4yckE9sA4OegI4xXZPonhzxSunaV4aka3KRi7ZAduVVipBxypyCCRjllPPfJ8W6kviGxnhaIK+hMLS5KcYMhCk7enARk9ju7GulJWIZ4pMkRfzIA3lNgfMOjdx/WhRXW3GhDVZJYdG2tb20RkZEG4uygnC9yeDx9faufFljoa4qiszop6oq4pQCOoq59jOOKtw2iuuGHNZGqRQiYCrML+ZKBnpUVzD5LEUtoduWzyaQyzdTlAVBrMgDCc3LRl44+oAzyf8Ov4VZuDhGY1r6Pol3a6d/bL7XtyNwjPP4kf4VrBXZlUdiC6Dpcp/Za7bcnEj/3j3z9a3NTax0+1h1LT2Ml9Eo+YHnjHJx0Ix/nFUba9l123lgjgWFXcqcEA/gfUdaTTFg8P3b217LukPMfHf1A961WhkdLpFvY6ppf9u37v/atuwdYSTucA545ySO3/wBfNdZp/j3SfE1pbx3em20Nxp4JieW5+zNj1RxgDI/h5BxgjBBrysnURdzGFzDbSKxjAbaAw52598f5xVPwxbzS65JDJN5I2tuPXof/AK9aqWxLR7Pd+ILG3hkvdMvNMs4HI8yfTXjadj38yHBVsknPB+vpmQXCeICuowSS3tlZuv2zUriMI+emVi3EZ9M4x0AxXlRia1vLyF74mBCfujBYA4rslK2HwvtP7CvXs7q5uCblC5DOuMZ4PTII9Oe3NNTbYrHMWd7C2iSQWlorSBWC/Lye446nrUWkjULi3lUQKp3d1x1+poorIo5y4SUSlZgFcener+lW105aSOZVUDHJ9f8A9VFFSxnovg3U7zTPC1zqOmxtNrVvOkSnbkeTIzY79mLg/wC+nYVf8aT6ZawW2j2Tq+oajEJrryxjY3RQD2bAx24XP8VFFdCb5EzN/EcdZW9x4c1CztoGEgnnDSsOm0ev9PXFQ6vYJpmtXljG26GKU+Sc5JjPKE+5UqfaiisKq902pP3iGNR04qZlEa5FFFcp0mZdrvbNQouKKKBEUwaeVIUI3OwUZOOtdHdDUbZ7XS7BvOtgcuO34jsBz0oorekYVTQ8WGzNjajSWaK6VcOoOGHI5OO5PORWC0cE8YOpMf7QjXfsYcuB1+p9v8gorSe5mti/ZXE+s24Rx5cURHlvn75AypB9Rjn/ACKxre1S31mVLm5CsQRww+veiiqtaNxJ3ZqaPp621zf3sED3KRKwEm0lQxGQOB16Vf8AFlzpOqnTo8PZ3AixJEDwGJx3HXiiimtIh1P/2QplbmRzdHJlYW0KZW5kb2JqCjExIDAgb2JqCjw8L0JpdHNQZXJDb21wb25lbnQgOC9Db2xvclNwYWNlWy9JQ0NCYXNlZCAxMyAwIFJdL0RlY29kZVBhcm1zPDwvQml0c1BlckNvbXBvbmVudCA4L0NvbG9ycyAzL0NvbHVtbnMgMTIwL1ByZWRpY3RvciAxNT4+L0ZpbHRlci9GbGF0ZURlY29kZS9IZWlnaHQgMzcvTGVuZ3RoIDg1MjkvU3VidHlwZS9JbWFnZS9UeXBlL1hPYmplY3QvV2lkdGggMTIwPj5zdHJlYW0KaAW1mgmQXdV5oM/d79t7lVqtRq0NISGEQEICxC4WQwADtuNgD14SD/ZM2Rl7MpUpe4JralY8TlKVuMax4yqPpxhPjAnGhmDACLMbBAIBQgKEBJJodWvp9fXb7n7n+89rYVw1lSpSM7duv77LOf/59+1co5PntlJ2qlSulKUyQ2X6kjtOQz+zujcmr4wkTW3LThPlMDhVqaFiS7UXZqs+RqZxaDPRtAGQJ4Zh5MrIlGkow1TcmIq1OMwUYMpweMscHjAgV1auVwUqp54Iao5GQ5kyLZMVlGkxPs00ziY4y4tTCOt1DXnFoaHpmbFSkSySFvgFZw5H5jACslRmGiDEEhY3SZaaZlNjCu2+BiaLxLlnMzSGDjn1WGB0mQcgoNr841SxMvNMWRAui/J84b9c8747W66YzwFeQp48lpM/y2LpXLDhMFViqvFU7Xrr2KHxqVVLhq7ZMFi2HQ0zDcPQ9zzAMtQURus5sohM1QcDBTy/+pnAlwMGyxU/nN1X+rn+gWpTo7rw/hQ8HmqZnRoJhA+shQhhrHDMRDyazacGduEkaZLkuW+7Ee9tM1Dq3mfeGj85fcbyZeeuPW1JSUGJrQEoo0u9XiA3RIP0UnBMsO4eIrLffZDmwgitx90XIlwZDEIyVHQtUzbCEb1GUkaKvpqZmSdZ5prHlPr39+769b4jdrFodepXnr7065+6dEgpF7GbaKvMluW7zEHGHKaGL9fCyQ9wQ14uHDkKiDaABBotbIc3moyu9nApFsFcYGlwQBNIWkZcM1FmyQheaPL0YPCAh1asXN5CVdc85L8+8jSLLHNGqT/+c/g8ljmlLIyv2XTGnV+6aqmrVJI4IG+aXYNeYG8OSgBAJaDXFCRkXRDhxcItsIVoXvC6i9KpS33HMyCgwAtvZSTm331kOGai1FOvvv343netZWfOVwbV8Mon3x57fO+UCEdzFmayvkxaAAFneRTlBmJgYQMhiJz/L4deSllMgMUytguB0XIBWpn86ZMHCw/zVKjr3nVfCedlBY0EyHDJpGRhTXFpoko8gncqQZtM/Mv9Lx174ciUM7yuU16WLVr7yMsHfvX0HsZYth1nsq6Btz0FQq7AR05Z6H1CQePUojJWXIrGrPtQTxdfzPJQaKK3TLUs0Y6FQ2SFNqkgVomrjs9OO8XSfBRbnh8kHccujc920EY3VRYy0dBlbS0fIdkAYqL1Thw5C3Hg9xZE3x3PYrh2eXNKK7tYypMuICBgd10bEyCCIP+wAy4MT6tzyiR0SggTAZh6dU29wBGOZPJInLSMYT3BRnTjWH2uxXUnN60KfPcLlYNHxmJ1NhBdW5sBcwQ/1uIfs/nl0QI+8karAuaqRSvSFvjdk7fdgxmcpw5LPFoOx08BM0TLAO66/MuWjSz287CCR2nNF5K4mMSLykXEYLriB8VTaVigjcYQOYUWcSY8XdDR366ukeM172AQPEs1F2QGB0+7kwQIJEk87CqWJuwUHaJV8kCPJnLCR6axrF5ZgDhd9eo+5VcsRp7LFW4aPNctH7Ha81UjKyRBIZ7309bo8CBAUQgZmOnoLNjqP1mNP9EAeaTPhf+8FznKa0I0kDXvuJc5PCUmo4LYu0haRkmolzu4nSXKtgQ5uOGq+OLTV24ZOfTS4SOu5fpRcOmygVvO7cebNZPQtz0YRvwQjmrnAR5YiWiyICKmARxuTrF8AUmt35ID6KQmtw0dHgQFACRoXDcPMTHiPLdguEZbYItgOYSOLiyCuX7ygR+wxmQFH+23hCTGGiFzZLZZVOqqVZXPXrzpH55907J8M29eeObSW67Y6kMwyxmGjViEg/ANNUVsHCBGCvXbxU7ZB68Ebw58GjmWFZHS6HvWckTzAENqgg+TgV1CNJsUTMQ3GyxmxjiBhipOK/X4/mB8srGst3rTes/TTkcDE8xdKFkQNQDgMmE00kC9XPwDKMO4hVVY6NRaUA8jOZGFiJXnYMLILkrQV5IrfP2CsLor8ivuQAaT/YkP7o7v/gKE0WDVpZ4LOXPx2aG2uZJ+xSotpR7bk+w98O5pS2of2baY8O6Jupn4LFBBM4SVH4DDFIIsPOwuQYoChguGokfiMnMUGGbhWBnHCPJMTJJbsmPmT7RVKxQtXlpVZaV6ARFnluCboHEt5TeU0VGCKLowqBdoaAy69EAhugBA7FL+pwlLiDabFgpiWhZOsK6XZiTIsbrGMspVhJ+PlN9WBpgcb6p6S2EknquWFGXYAFJMIqFMlBpoItEwzFzPhMfkrUEm2SeIscTRpjoxl7uuMVhWQ0WhgugkRYBemgEwEB2q6eftTIWWmte8gwro6gc3qgZTsEUGsKU7Hrq6MoPLUDE2qWDKkn7V5wiGsAs9106U5XS58T8f2T3WitxSMQ+bo1X3livOm1PquX0zz734Rj1MZsJmlkUDJf+8lafdsGXD6pqJG3ZyN87C1DLu3rHrnSlEUXXjzmq3/blPXPHOial7H96ROr2WU46CcNPaFbdsXYm/acdBxfFF1USPsUTBeDJWf3H3ky3T9z07q08u99QXb70us0zDKMPfN6eiHbte27n3QDPMm4ERpK7vuiODpXNXLL7uvLVnLXaRoigtWiahQ/meGcW56RjtXMXk+JF66Nl3nt79+tHpejtVURTZaXTWspHL1q+58cp1JU/d9+jenfv2uuVqGKleK/3qzVesHCojnu/86OG3ZpLUq+Vpuqxq/dlnL+2xLDTl8V37f7HzQGCWyFayYP5ffv5jy/rVniPJvQ899uqBo8dn6qZpFWxrw6plH7v6su2beqq2GE0W53ZXc18ZP/H2fJo4hSyOVg6Ui7Pqvh27Dh85WXX7W2TOvUPknMdnZg69dujxNw79yac/esmAMluqVPJQ3h1vTe2fV5avjMbkef35jWjlwMAbE8G7cTsiswxnD87ObN+6sp+kyPFE/kQEEmRco2XDyh2vnXhw71hYqPm24cyMf/XKTVhPYtgY2bd/9srjrx0IMsswS/CoWO1JnNJUo3FyvPHqoeP3PP3KRy8570s3rOsxROngeJ4EyMdz3Gaq2pZ6bF/wt/c+9PaJelKs2qUl7bDjVBzX9n49PvPk4V0/fP7g179647MT5i9fniz2poll1tL6Zz9WQGHbhnr6reMvz4aJ3zLDfFUp+1ouS8Cr/cfqD7x4MCwscm0jac9tmlD3PHf4Rz/9hVXqSYyiWe5Ns7yexNMH60/t/uGt12y74wsXQrHnGFJRJsoMbSeDDLOMYhzNwx88uGu62eoZHFbNrOT6M3lMveT2DBI+jjZm7rzr5wOfu2Vj/ylP17M4MjLbLxpGEldTTKFmqW3btu9/8XBYrPpW9eDJd3a+PX3NGoKkhL2ukxMfr9TJVP38mVfiyhKr2tdqTK8YGrn48q3EpfFY/YcfPPb8eMPuGw07UdHzSnmUpkmD3KZaNvJyGvc1lbrryT37Dxz+b1+7bin+IUl8RCRRPk8s45F90bd+dD+GkveO5G6xlcalsttpN8M49HoG8P7vNpv/5tsP91Z7SyMbUtOI8zim5vctnACn0ztoZmFolBzbNCtEFSEWyzGLtaTQF5cGW2FQ6av91V33z9dn7b5lcQ7xkWPaqWFnZpHsBQv/yaPPFzz7G7dtYa7piDsSL4coDMOJUqth2Cc7nbLvZnMnquF0rXOi0jxWDufSsBVmqdvTM5tmv3hqJ74PZ68demLkQZa1DCskt8ZScLLbzx2tWFzHkXJSv2/H83tRXjIGKRY5cc9gptTO/eGByY7hVUmK7Sg4/5wNtZIEjH/9vSefHO+4AyPNZlAtVhqT0+HsXDA53hfNqpn3ZuvTbcNKnEpWHn7pePTlO+/DPxqS4VJQoHfmWyfiO3/8D8fsvjotGd/rdFDMljF9tNY+2RtOWnPvJbNHSy6NmPTE3GwnzTthmsWpEcdmlhIn0AAiRBJ0HKJtFEgdDLFd15xneU6Ism23YLqlk/WO5ZaSoO2E871Zw20etzqzvmUEACz2OYPL7vv1c3veS/GQtmgApux6aQe3IxVxqrKyZ9ba8zddtuWSM/txp68cmX7guZfeC/PYcOaazb5qz8HpqYlYlQwSeJVGYU4TRtlJEtmWB+s5V9bU5tOHH3z9oFkdcAs9r7137PVj6sIl0oeikCF+I1Xczv2/2RWVe+C41a4POPE1F48iv+/97OU3ZzvO0Giz1SzaeTJ5+KLVI+dvPHPF0iIh7sDYxKOvvf3aoQmjsjSz3bg8+M78+N/89Kk//YPL7CR1bRfb//59O07ioXtrbh6mUauaNobLznXbLzpz5Uil5swHau87R+575MmpyDX9/jjTPg1vZTk6nRJfH+OFMlWw/dzOw7hD8IdPHKT2URTi/LDI6amZ3mLBjOa3nr70tlu2r1yipmfVXb94fseuNyt9yxrNNslgFOWvHzy0ftlqktoCAR5HjPL7mfJda649WzXbd3z8hq2LBDT6vmJt/6rhj/zJ3z6irB7fq+SqfWDy6ESgVldUo618x3dNZjsZGKdSMBBtieDXbV37m317AhGfN2k4D+3ed871661UFdENS/zGy+/O7h4/1qkMeypxWtOXnL1kRVHtnsx/vW+fXR6d7zS8PPajmdt/b/OnLh1FeMwD+GVLh2+9YPgnT7371z9/1upbHhiOU+x/cOe+Ky7cvG2ZxM9HD6sn3627lf5GMGNaRlqf+PRFZ/7bT14gThyT0jX3NctGb9j8uX/xrbsn4iAxwd4i+wJPmgN4CUFQkncz474bZHVCLkHX8cjscGJYZ61WtTtTV29ee+ftWyBZUrWSOucrF37tL1uP7Bkr9Q5RiwQN692jx0O1WjIhKVcs3LWdZEkadip5cv3WTZsWSQ5UU0FZReVMnVVV55y+Oup08swMwMsvB6lOB4t4h4gGEyxwHIemjOSPOn3eNGRsGOqNGvOp6UZuedfbh4/FKndxIEjEwNh/+dzuDN9LnDayohXfeOlm5j6z+43J2I5UZqnASerXXngWXCZr7FGqmuZlnFWSDSn1+ctW3nzpZhXWkVnkFmeM0hO79+NbYdNv9k9Mph792aJDHGicv24ZXCZvKwSK8o6LPiJnOz2zqu744q1Wa8pDTbIUAizHwchBXrs3K6NqN216kAW/gAlCIB4gzTLbcUlLeYXHWORn37x9i8ZNFeOkqvG88ZKNNnmGMhud1PTKU3MkijhnYTUhJAYERViWxoOmdfn6YVQS0GZm28quGOJ2B8qekYXI0zQ9K7JpDTEfxaSMN3BjibSe40xyrRaLGJJTX3v2WTaASSGd8lQzfWr3BBEM1pB3vzKldh2espRXMezW3OyGdWesHaBBol5587gqjURZ6lmdAa/96WvXFLAz+i1pLhVpnuI+MDLO225c30OlZcS01LPa4l1vv6cZpN46dMgoEI7oyMSFYOYPb7pKAkmcl5xcHGOAoqqKb3mJumK5unzNcNKcs8khHNxF28UD6qCX5E5qm5GROo4Xh4mEMW2mUt1kVGyO6fpBc+6WSzeSzvtUy/hxi8xCkp/TTxtw3UKbrrzbEwnnMAqZLq0s/Kb0gCzy17jq5L22UCIHfSpKbywOEA5Jc0SDhsVMaelKRSdCAlBO+iLVIkLjIe4DdScfumDN8PKBatZp2KYdW/6O3W+Qk8xnonf3PPHCTF5wC2UriXqt/KbLN4LK7ExSb8WJ4TqeH7Ua60eHlxiqzAvWMI0kwcrzLOqgBJRwQ45av3xxUJ+2bZsU8GQ9mKZ2An6jSaJumU4WRssHetYuESILjvgAlaYO2kKmlUodAVM2rhk10yhN2GeQx1ae6dqKKeQGcgoTREByAIBTfrjPMs/Kq26OFNkDkUE6kYdfRTvzbFQehuo/rRbS6hQoYhrkJB1DtVwnQgocLMLiyCFhXwVGF9H4wMlD4pM8p+uvrQnVYW2pdqXSW+C+2F2uhirqnOX9hXAK/bfL1ddPNp4Zkzpi37Hg5XcmsurAfBJ35qe3jPRtGRDeJWknjucdV0VhYht+b6EHAWv+aDSkE5fLvkIasdnB+F43L+VxUW9EkPE0O5oDUewQ4qUAN6quj10jmBSfCtK21VZpSLfYydu0nnFH/b1xEBQdF2xRFzOX9gvj3axjyS6P1iUkoCnVXDdw53Ye2VloG3mhVMGmpYGB5gmjpSHk22bBSoHgpm2isZPHCA8tFEqky4JXpG+IFAUj0WgtPUE90c1fF2wyZA6jdP4jspFDenKsQKDJMke3AOCHg+HSLsF7bF03aHfyuNPJVODV7v/NPtrqv9q9fy7DNl3cddFMP3H5Frwb0sUsaNlkVA+WlyWmqzBl6dQR9CHSEJ9hEPW5ogRAzC5dH2ww6FBIsvXDILD1HA/3ZhhWnORhlBMewdPGrMkcYLVomXRRbNvkVb0TOY6bAVMrXJcmFhUrllYJDR/p+QBBP4RfQq68BT+Vue5Cvio5ABAEAdMUZLByst4YE+ERWNHlEa9kpq6Vlcy8YqRFK/OFPB7SrNILdH9so6SoBHSHgK09stZu3COzAx59URhEQwB1oI2AAG1HIJ/Tr9YtRu1C0qfcK+0/MXffW+qZQ1OJW4zDyM+ydSOLz1/lwWhXZX2lcsHx6R2LyhnexMRxIETkaySFejMK2Kny0szGy4P9san5TLIdobHsO/1lGTYwMEioYLhX7DlyojExLYwOw6Z0NmSvKPVgeCotdUT18hvvuA4qCMU5IZoxWochkoLbT4xCbLgZEqYTLe13SEN9pVODSDAM10hhkTAQbMQB6B6eJFoW/oEQShZGt4KFRAM5U3G8DtzKTZvGY1d6kKINCpBdX8Vy2JZQJVD1RJkrvMdMTdIJxoti8l6IJwPJMPCrtmyw4qBU8NM0jUz3p0+8OIaNk/EbqRvUr96yAW/uYH9JOlBQI339ZtDJ4phSc9/YyVfGFeUqB4jKWlx5LpqITe0eV68fPm56Rde1405jUX+1p6w8Q50+Mpi1ZvI0IqefTewHn93P+Mwro7Q4OZSdfVA4QsK+f069PT5jOIUwJpnWdilLdcmDj7gBCVw6xUOjIRQc4LJwRXIlrEZ0XcZLhOvqo16FKdLNEcMyxUeIJMTm8YBIKkssUoeYRhiMFkYBULMMP8BdxrYzw8lEDDuBraysh+knJoWVaSEnyTpAT8KN7GtEKMK2dctWLO5LG7N2GsZJMlYPQr+Kg/CS5oah8tUbK2gEm+sIiIvLNp7ltuslJ6NtMV1Z/P3HXh2nX4LtADZLwjxvgpSt8D/fu/dXHb8vNtHR0Epa5529VnAmAp8xOOI1zajRpIU0sOSnT+z62e5j83RiukRBv2mS3Y+F6i9/9MSh2SDGo7pFqdUkTAq/hGV55mRioKwKD+AxjhDFxC4zcgYGgw+/pMULTBB+Y+/aEwBBhwgRAyzHKQvXhInCGmCz4Yan135DM1rLVquSrC0uDkFJpStrCGQ9YOGH6rJIaY2uyUENJw6RrCXDLVyy/vS8fmKgin4rr1TFe2KueXP68o0ryWoBblt+Vz2u3NwzwqjOrO0a5J87Dx/9rz9+/s2OmlJqzrTnDWPeULvn1Ne/+8s9R2dUEYHFTtwcrZjXblsKPoC6YNTdvHLAihqea9fpgNQW/5f/8cB/vmfnnin1Xq4mDeNAoB7YE/3xnQ/sPnKsMLAYzUL+aJUOZeKLgbPAciFZNId/eC9RLBygdtdoXFdhZbCmOE8pEzQjdcSSJgPBFbVgBATSUWJ+mouCejhaes20GbWRBpIkCdQ0SR1iR5S5yg5Sw7XYC8ZyhCrWSJPQtQo8SUiZE5EeB7ZvykYz+ZiNOV+7eemjTyVTQTPPC1aUeAgtaI0MVq66gGJQ6Z6eEMpckrbbrr/oP93zsF8pJuyUlrxHDhzb+ec/P/v00eFFfa5vHxw79so7J2Y7uVUbIu6XrTSbmfijW69dZUvpz8Hv7X9w88vf+l8zQdPxy5HthOWVP35+4p4X/m7JQKWE/Jrh2HRIq9LpG+jEfMHBupKbUUQQfBeIcrx2lkEUZuRAqhzdhEq8M/0OBlKgdZ2qTo1En2UXhdAkkhEPTWmDOQR0YGF0QJ7OSzLoJKFPVrNtz3N4Iz0j8WmyMCKW5eXI6abgE+J2hxSLA6o8Urqw3d2honLlIY1mepXkKnyIQgbAo1FfbTtr1d/vmbAqFYf2QdDI8M7bL6RUw48TSpklm1Q6t73x3MV7xs568KU3in4lNUpmz+KTnejRNyeMvYex4NRwYrfXrZZt7K85pVoTH9t29u9fsByBIXY0A5TO6lN3fOH3v/ndv5tPeo3yYGIW7UotdeL99dk07hQKRdXXC/vmZo5WyjWCk3TTooivUNDfJDfFUeR5sUD9GHlkecQMmkya20I+nEEuWdrpdBwUkGVFu2ESRYt4Trwg2VfJd9qNuapt9vb2oMpmQXnk7ZIYGqFPqm1mjSASuuWQYMxUoDHf9D06w/DbM8yq55copXRH0c6zkp2XC7SXYgIIU9BNvTmEH3fE9ep6advGM6UcYEslCh0jHak42zctI3KasjUiiKIQMJ20Ds/x7z563hcu21JutVUzTALywKJX7vFqg05tuFhbUvOKdrsdz84Ww+Znrtj8jU9uq2iRk2GzFglsn8puOcP/m3/1iTWFljl9pAp1UZh2Agqk3p7FlrKjuel4auzzN1y+dfVQ2pxxqIAt6CAK8cWSGFbUbllse+ZJwchd05CdT1SBIBwn7FV6lknnlmGuI/pLf5X9u4CCX9cWwvuoXTQSdMpM2q3mHHMpa+kwKbcxZTdTp1C2282Sy86DYAwgyVrEAyEtQ9UnvcZJBJwHgRM0zHbkK5eSvhbVrRNTdrnXaswVSj0kWxCMC+/mCawhrgmvyycJFt4wxgnlzebVF6wfZStd4rXkmtgO6ScLiVNiwUz90ZXrVo2e8fePv7Dn0Dh7SxaccN12J6KdUraNQtBev3rlrddde/lKBZcNCmubbo30IvBrYafuOaVLV1e/983b7n7kzRdfPnxitjUXNWzfYzdiUbU8PNp/80e3n79K/ccfvF0ruPNBQBWOweOaQAJdqeXtatCKo1azMVcZqWC+luz6k6m1qvF0Z0q0oxTNZI1pW0m5wxSJWgRaaAiV25lJZuo+ChE1jBDQEuiNAVd9+dpL5zB1kt8oXFbwqjDGklqHaQI+z/oM64b1o6NV9uy8nA92os7aQT44yGsq/8JlGz9tF9E84t6Ao3qFfRKfC/RbqQ8tl1KlaalHX9hD/wGv43q+b6XXbT2D/o4rUsQCJBcSB2WQvUh5UtWbJtevNrevvvCFA+Grbx0YO3ZirtEsLqr0VQpDFe/Cc87cMFpEkRAVSoW3BI6oBVymK1KoEWgQ2ApL/en165pXrxs7ls4n7enpmdP6lwz2u5UeVlPkIc3JyYAGZLXW6rR7+iu9RTQs71XGV265vBkVcstNs7DqpIuonTQnrjl3Vb9vWcUaqXDWmTt/9SIPdxwHtCB8tIMuoOEtqalvfvGTQGUnlwJyuCy1vpFEOD35PAenDLKcpK0QjtsUtGGEMK1F9hpaDmM4GAMNnPTF0T3CI0GTURzQbLLTQSJEYkSfhiRUmXXDeHpSfeO7P+mUBg2vFM3O3Lz1jDuuW92vUlvKUREq+hAlqc1GD8qr7RT9YlsHZ4UX6ogMxFMxFmvjhOwu5agEBoHKYMA0HWLTfHe21aRrVijQN2h1OkMDhT4+cujum+i5yJIu0Sz73K9Of/uH93SKo4Hyotb8Teev+uvPnF1OOw4dJ1RE3K4czMWnEdzoG3ELWP6DDHwgHlArCl7dX8ma7dSk+7hgx8zlZBoKLR/H2MRRSWDwxVmYGXglSGKEAIMIug8U5/qONp2tqxpcPlzAoRXY4su4I5EmpzMdiwn8ByDiXVCcnz31Wt3tM3BNadxvZzdevBqR2IKtNCWkdcWKuk+iVRMPQNJFOZ7FWV4w2PiWCKPJFAJAlcWpxGXnE79vSoXEXmFGrWl637n/2cf2HHK8WoAFOc5Qxf/Kx6+9aI3UyiyFQiBcdPnhvY3/fs+j7eJwbPrMt+LOljUrINm1CInyaR7BWbAjC8aFg59OSBjA5xgxG/RYES0JcSH4C1RKnLUsobWEPqT4Q/19DNB4TnCS7A2/Sc4bSGWAizvFZaZpVwssJjIBYGQRkEnQAz6YMEBUW+5F+8GDU4pZ2q90FLVgD55Mnn/zXbP3tASnMzd17Vkrz6iIVjJb0AFLEIGPbHfKd0SA0d1b3VJA5JDFvolgwjBZVHbRxQS04SFrnoAFGRE5ACtu/8hHHn7jf3fMSugX+FJtcmbuz75/99nLB04b6l08UGNv6vjM/N6jk29N1DtOX2aV8zgpZsHKxaUrNlXACtFxgAN1Of90mbxAqZCcEkVyeAS7BB3J/IRdXAvemiHoCv5H+CJsgxn0aGkKopO6zQdM7YhEid8/tJPmTvJpuCxQwYQ7RncNfGG0PNIiFwFLAqEzTdaW/apnX2tiFLCh2S5m0ccv2ciWAl8d6BkaqhAkwGVvlbJVL6TNXRbRnwFrddZrgQn/mcEBryNFtwEzCz0SWP0t86Yl6p//3hXfufshb2hlhNMv9M6p0pNjc9ahgyoJ6GZHmRnZJbe6gl0K+F7mY436sS/f/oeDjohfGkbSWJciRePVRUzjxI9wVhyIxmXhV9ghE/XRZQvDmCyZLWMM1xAzf/84xdX3H/z2Au7pSfKku8TvXmn2/na4vmIpGHFgKt/1+r6+/tFWMF/Lw/PWLF+3SL4At7oGIGLRbBMNEO+kD3moXwiiC8cHluWye8d4qTbklwpMnAq70IOW+c8uH46iq+566Gm+Eij3LurEuVPpT+Mi5FMJs2vl2F4Uxi6t6Prxipd86TM3XLzW7UeLpTqghnPo6Wi/Jov/duXfReX9592L928/MEqedZ9/kNELA/6f/KNk6hrgjsceCttTpk2XOzPazRtu/izBlgIMlyHWJp0brQN4BnggyvohDkZjt1Ltk3xJ8c9HVxH+Ysgp3H718k2rhr5/z0NvThzwSj3T86FVKKYWhUlCfYIH68F+w/p5a5Z++VM3bhgypH0IhLgtAUnaloKJKOWHQOcfG7rAjn9syD/1HYzuGMYz74zP5F5kV0gXq1ly4Sq/lCrip+R+p6xLdwSgSLuPD0mZxBzNkyxq8YGSMEY8thcZDu1V0qSX31M73zg4Nts4cnK6Q//UcPiSYnSwtqTiXrRh1TkjiEj5aeZTY4nX7fKWyttkV1w2VBc8wj+VC6fm/f9ldGzIZ3PdpJAVqSyIVtLMl9KR7yjxLZJG4lzhELkPY2DUh2O1MIeAwzQgCEBAcSbw1DKBTnjEHWiPIF/G4F8o1nE35LaSIMqXqWSnCzzucjpnB1aMiwZ7Yknv4sNhdIq3v/P//wBkfQfkCmVuZHN0cmVhbQplbmRvYmoKMTIgMCBvYmoKPDwvQWx0ZXJuYXRlL0RldmljZVJHQi9GaWx0ZXIvRmxhdGVEZWNvZGUvTGVuZ3RoIDMxMzUvTiAzPj5zdHJlYW0KeJyVVwdYU8kWnltSIQQIREBK6E0QkRJASggtgPQiiEpIAoQSY0JQsaOLCq5dRLCiqyCKHRCxYVcWxe5aFgsqK+tiwa68CQF02Ve+N983d/77z5l/zjl35t47ANDb+VJpDqoJQK4kTxYT7M8al5TMInUCFDAAFQCgxhfIpZyoqHCIwUD79/LuJkCU7TUHpdY/+/9r0RKK5AIAkCiI04RyQS7EBwHAmwRSWR4ARCnkzafmSZV4NcQ6MuggxFVKnKHCTUqcpsJX+mziYrgQPwGArM7nyzIA0OiGPCtfkAF16DBa4CQRiiUQ+0Hsk5s7WQjxXIhtoA2ck67UZ6f9oJPxN820QU0+P2MQq2LpK+QAsVyaw5/+f6bjf5fcHMXAHNawqmfKQmKUMcO8PcmeHKbE6hB/kKRFREKsDQCKi4V99krMzFSExKvsURuBnAtzBpgQj5HnxPL6+RghPyAMYkOI0yU5EeH9NoXp4iClDcwfWibO48VBrAdxlUgeGNtvc0I2OWZg3pvpMi6nn3/Ol/X5oNT/psiO56j0Me1MEa9fH3MsyIxLhBiuOywgX5wQAbEGxBHy7NiwfpuUgkxuxICNTBGjjMUCYplIEuyv0sdK02VBMf32O3PlA7FjJzLFvIh+fDUvMy5ElSvsiYDf5z+MBesWSTjxAzoi+bjwgViEooBAVew4WSSJj1XxuJ40zz9GNRa3k+ZE9dvj/qKcYCVvBnGcPD92YGx+HlycKn28SJoXFafyEy/P4odGqfzB94JwwAUBgAUUsKaBySALiFu76rvgnaonCPCBDGQAEXDoZwZGJPb1SOA1FhSAPyESAfngOP++XhHIh/zXIaySEw9yqqsDSO/vU6pkg6cQ54IwkAPvFX1KkkEPEsATyIj/4REfVgGMIQdWZf+/5wfY7wwHMuH9jGJgRhZ9wJIYSAwghhCDiLa4Ae6De+Hh8OoHqzPOxj0G4vhuT3hKaCM8ItwgtBPuTBIXyoZ4ORa0Q/2g/vyk/Zgf3ApquuL+uDdUh8o4EzcADrgLnIeD+8KZXSHL7fdbmRXWEO2/RfDDE+q3ozhRUMowih/FZuhIDTsN10EVZa5/zI/K17TBfHMHe4bOz/0h+0LYhg21xBZhB7Bz2EnsAtaE1QMWdhxrwFqwo0o8uOKe9K24gdli+vzJhjpD18z3J6vMpNypxqnT6YuqL080LU+5GbmTpdNl4ozMPBYHfjFELJ5E4DiC5ezk7AqA8vujer29ie77riDMlu/c/N8B8D7e29t75DsXehyAfe7wlXD4O2fDhp8WNQDOHxYoZPkqDldeCPDNQYe7Tx8YA3NgA+NxBm7AC/iBQBAKIkEcSAITofeZcJ3LwFQwE8wDRaAELAdrQDnYBLaCKrAb7Af1oAmcBGfBJXAF3AB34erpAC9AN3gHPiMIQkJoCAPRR0wQS8QecUbYiA8SiIQjMUgSkopkIBJEgcxE5iMlyEqkHNmCVCP7kMPISeQC0obcQR4inchr5BOKoeqoDmqEWqEjUTbKQcPQOHQCmoFOQQvQBehStAytRHehdehJ9BJ6A21HX6A9GMDUMCZmijlgbIyLRWLJWDomw2ZjxVgpVonVYo3wOV/D2rEu7CNOxBk4C3eAKzgEj8cF+BR8Nr4EL8er8Dr8NH4Nf4h3498INIIhwZ7gSeARxhEyCFMJRYRSwnbCIcIZuJc6CO+IRCKTaE10h3sxiZhFnEFcQtxA3EM8QWwjPib2kEgkfZI9yZsUSeKT8khFpHWkXaTjpKukDtIHshrZhOxMDiInkyXkQnIpeSf5GPkq+Rn5M0WTYknxpERShJTplGWUbZRGymVKB+UzVYtqTfWmxlGzqPOoZdRa6hnqPeobNTU1MzUPtWg1sdpctTK1vWrn1R6qfVTXVrdT56qnqCvUl6rvUD+hfkf9DY1Gs6L50ZJpebSltGraKdoD2gcNhoajBk9DqDFHo0KjTuOqxks6hW5J59An0gvopfQD9Mv0Lk2KppUmV5OvOVuzQvOw5i3NHi2G1iitSK1crSVaO7UuaD3XJmlbaQdqC7UXaG/VPqX9mIExzBlchoAxn7GNcYbRoUPUsdbh6WTplOjs1mnV6dbV1nXRTdCdpluhe1S3nYkxrZg8Zg5zGXM/8ybz0zCjYZxhomGLh9UOuzrsvd5wPT89kV6x3h69G3qf9Fn6gfrZ+iv06/XvG+AGdgbRBlMNNhqcMegarjPca7hgePHw/cN/M0QN7QxjDGcYbjVsMewxMjYKNpIarTM6ZdRlzDT2M84yXm18zLjThGHiYyI2WW1y3OQPli6Lw8phlbFOs7pNDU1DTBWmW0xbTT+bWZvFmxWa7TG7b041Z5unm682bzbvtjCxGGsx06LG4jdLiiXbMtNyreU5y/dW1laJVgut6q2eW+tZ86wLrGus79nQbHxtpthU2ly3JdqybbNtN9hesUPtXO0y7SrsLtuj9m72YvsN9m0jCCM8RkhGVI645aDuwHHId6hxeOjIdAx3LHSsd3w50mJk8sgVI8+N/Obk6pTjtM3p7ijtUaGjCkc1jnrtbOcscK5wvj6aNjpo9JzRDaNfudi7iFw2utx2ZbiOdV3o2uz61c3dTeZW69bpbuGe6r7e/RZbhx3FXsI+70Hw8PeY49Hk8dHTzTPPc7/nX14OXtleO72ej7EeIxqzbcxjbzNvvvcW73Yflk+qz2afdl9TX75vpe8jP3M/od92v2ccW04WZxfnpb+Tv8z/kP97rid3FvdEABYQHFAc0BqoHRgfWB74IMgsKCOoJqg72DV4RvCJEEJIWMiKkFs8I56AV83rDnUPnRV6Okw9LDasPOxRuF24LLxxLDo2dOyqsfciLCMkEfWRIJIXuSryfpR11JSoI9HE6KjoiuinMaNiZsaci2XETordGfsuzj9uWdzdeJt4RXxzAj0hJaE64X1iQOLKxPZxI8fNGncpySBJnNSQTEpOSN6e3DM+cPya8R0prilFKTcnWE+YNuHCRIOJOROPTqJP4k86kEpITUzdmfqFH8mv5Pek8dLWp3ULuIK1ghdCP+FqYafIW7RS9CzdO31l+vMM74xVGZ2ZvpmlmV1irrhc/CorJGtT1vvsyOwd2b05iTl7csm5qbmHJdqSbMnpycaTp01uk9pLi6TtUzynrJnSLQuTbZcj8gnyhjwd+KPforBR/KR4mO+TX5H/YWrC1APTtKZJprVMt5u+ePqzgqCCX2bgMwQzmmeazpw38+Eszqwts5HZabOb55jPWTCnY27w3Kp51HnZ834tdCpcWfh2fuL8xgVGC+YuePxT8E81RRpFsqJbC70WblqELxIval08evG6xd+KhcUXS5xKSku+LBEsufjzqJ/Lfu5dmr60dZnbso3Licsly2+u8F1RtVJrZcHKx6vGrqpbzVpdvPrtmklrLpS6lG5aS12rWNteFl7WsM5i3fJ1X8ozy29U+FfsWW+4fvH69xuEG65u9NtYu8loU8mmT5vFm29vCd5SV2lVWbqVuDV/69NtCdvO/cL+pXq7wfaS7V93SHa0V8VUna52r67eabhzWQ1ao6jp3JWy68rugN0NtQ61W/Yw95TsBXsVe//Yl7rv5v6w/c0H2AdqD1oeXH+Icai4DqmbXtddn1nf3pDU0HY49HBzo1fjoSOOR3Y0mTZVHNU9uuwY9diCY73HC473nJCe6DqZcfJx86Tmu6fGnbp+Ovp065mwM+fPBp09dY5z7vh57/NNFzwvHL7Ivlh/ye1SXYtry6FfXX891OrWWnfZ/XLDFY8rjW1j2o5d9b168lrAtbPXedcv3Yi40XYz/ubtWym32m8Lbz+/k3Pn1W/5v32+O/ce4V7xfc37pQ8MH1T+bvv7nna39qMPAx62PIp9dPex4PGLJ/InXzoWPKU9LX1m8qz6ufPzps6gzit/jP+j44X0xeeuoj+1/lz/0ublwb/8/mrpHtfd8Ur2qvf1kjf6b3a8dXnb3BPV8+Bd7rvP74s/6H+o+sj+eO5T4qdnn6d+IX0p+2r7tfFb2Ld7vbm9vVK+jN/3K4AB5dEmHYDXOwCgJQHAgOdG6njV+bCvIKozbR8C/wmrzpB9xQ2AWvhPH90F/25uAbB3GwBWUJ+eAkAUDYA4D4COHj1YB85yfedOZSHCs8HmiK9puWng3xTVmfQHv4e2QKnqAoa2/wJAMILcCmVuZHN0cmVhbQplbmRvYmoKMTMgMCBvYmoKPDwvQWx0ZXJuYXRlL0RldmljZVJHQi9GaWx0ZXIvRmxhdGVEZWNvZGUvTGVuZ3RoIDMxMzUvTiAzPj5zdHJlYW0KeJyVVwdYU8kWnltSIQQIREBK6E0QkRJASggtgPQiiEpIAoQSY0JQsaOLCq5dRLCiqyCKHRCxYVcWxe5aFgsqK+tiwa68CQF02Ve+N983d/77z5l/zjl35t47ANDb+VJpDqoJQK4kTxYT7M8al5TMInUCFDAAFQCgxhfIpZyoqHCIwUD79/LuJkCU7TUHpdY/+/9r0RKK5AIAkCiI04RyQS7EBwHAmwRSWR4ARCnkzafmSZV4NcQ6MuggxFVKnKHCTUqcpsJX+mziYrgQPwGArM7nyzIA0OiGPCtfkAF16DBa4CQRiiUQ+0Hsk5s7WQjxXIhtoA2ck67UZ6f9oJPxN820QU0+P2MQq2LpK+QAsVyaw5/+f6bjf5fcHMXAHNawqmfKQmKUMcO8PcmeHKbE6hB/kKRFREKsDQCKi4V99krMzFSExKvsURuBnAtzBpgQj5HnxPL6+RghPyAMYkOI0yU5EeH9NoXp4iClDcwfWibO48VBrAdxlUgeGNtvc0I2OWZg3pvpMi6nn3/Ol/X5oNT/psiO56j0Me1MEa9fH3MsyIxLhBiuOywgX5wQAbEGxBHy7NiwfpuUgkxuxICNTBGjjMUCYplIEuyv0sdK02VBMf32O3PlA7FjJzLFvIh+fDUvMy5ElSvsiYDf5z+MBesWSTjxAzoi+bjwgViEooBAVew4WSSJj1XxuJ40zz9GNRa3k+ZE9dvj/qKcYCVvBnGcPD92YGx+HlycKn28SJoXFafyEy/P4odGqfzB94JwwAUBgAUUsKaBySALiFu76rvgnaonCPCBDGQAEXDoZwZGJPb1SOA1FhSAPyESAfngOP++XhHIh/zXIaySEw9yqqsDSO/vU6pkg6cQ54IwkAPvFX1KkkEPEsATyIj/4REfVgGMIQdWZf+/5wfY7wwHMuH9jGJgRhZ9wJIYSAwghhCDiLa4Ae6De+Hh8OoHqzPOxj0G4vhuT3hKaCM8ItwgtBPuTBIXyoZ4ORa0Q/2g/vyk/Zgf3ApquuL+uDdUh8o4EzcADrgLnIeD+8KZXSHL7fdbmRXWEO2/RfDDE+q3ozhRUMowih/FZuhIDTsN10EVZa5/zI/K17TBfHMHe4bOz/0h+0LYhg21xBZhB7Bz2EnsAtaE1QMWdhxrwFqwo0o8uOKe9K24gdli+vzJhjpD18z3J6vMpNypxqnT6YuqL080LU+5GbmTpdNl4ozMPBYHfjFELJ5E4DiC5ezk7AqA8vujer29ie77riDMlu/c/N8B8D7e29t75DsXehyAfe7wlXD4O2fDhp8WNQDOHxYoZPkqDldeCPDNQYe7Tx8YA3NgA+NxBm7AC/iBQBAKIkEcSAITofeZcJ3LwFQwE8wDRaAELAdrQDnYBLaCKrAb7Af1oAmcBGfBJXAF3AB34erpAC9AN3gHPiMIQkJoCAPRR0wQS8QecUbYiA8SiIQjMUgSkopkIBJEgcxE5iMlyEqkHNmCVCP7kMPISeQC0obcQR4inchr5BOKoeqoDmqEWqEjUTbKQcPQOHQCmoFOQQvQBehStAytRHehdehJ9BJ6A21HX6A9GMDUMCZmijlgbIyLRWLJWDomw2ZjxVgpVonVYo3wOV/D2rEu7CNOxBk4C3eAKzgEj8cF+BR8Nr4EL8er8Dr8NH4Nf4h3498INIIhwZ7gSeARxhEyCFMJRYRSwnbCIcIZuJc6CO+IRCKTaE10h3sxiZhFnEFcQtxA3EM8QWwjPib2kEgkfZI9yZsUSeKT8khFpHWkXaTjpKukDtIHshrZhOxMDiInkyXkQnIpeSf5GPkq+Rn5M0WTYknxpERShJTplGWUbZRGymVKB+UzVYtqTfWmxlGzqPOoZdRa6hnqPeobNTU1MzUPtWg1sdpctTK1vWrn1R6qfVTXVrdT56qnqCvUl6rvUD+hfkf9DY1Gs6L50ZJpebSltGraKdoD2gcNhoajBk9DqDFHo0KjTuOqxks6hW5J59An0gvopfQD9Mv0Lk2KppUmV5OvOVuzQvOw5i3NHi2G1iitSK1crSVaO7UuaD3XJmlbaQdqC7UXaG/VPqX9mIExzBlchoAxn7GNcYbRoUPUsdbh6WTplOjs1mnV6dbV1nXRTdCdpluhe1S3nYkxrZg8Zg5zGXM/8ybz0zCjYZxhomGLh9UOuzrsvd5wPT89kV6x3h69G3qf9Fn6gfrZ+iv06/XvG+AGdgbRBlMNNhqcMegarjPca7hgePHw/cN/M0QN7QxjDGcYbjVsMewxMjYKNpIarTM6ZdRlzDT2M84yXm18zLjThGHiYyI2WW1y3OQPli6Lw8phlbFOs7pNDU1DTBWmW0xbTT+bWZvFmxWa7TG7b041Z5unm682bzbvtjCxGGsx06LG4jdLiiXbMtNyreU5y/dW1laJVgut6q2eW+tZ86wLrGus79nQbHxtpthU2ly3JdqybbNtN9hesUPtXO0y7SrsLtuj9m72YvsN9m0jCCM8RkhGVI645aDuwHHId6hxeOjIdAx3LHSsd3w50mJk8sgVI8+N/Obk6pTjtM3p7ijtUaGjCkc1jnrtbOcscK5wvj6aNjpo9JzRDaNfudi7iFw2utx2ZbiOdV3o2uz61c3dTeZW69bpbuGe6r7e/RZbhx3FXsI+70Hw8PeY49Hk8dHTzTPPc7/nX14OXtleO72ej7EeIxqzbcxjbzNvvvcW73Yflk+qz2afdl9TX75vpe8jP3M/od92v2ccW04WZxfnpb+Tv8z/kP97rid3FvdEABYQHFAc0BqoHRgfWB74IMgsKCOoJqg72DV4RvCJEEJIWMiKkFs8I56AV83rDnUPnRV6Okw9LDasPOxRuF24LLxxLDo2dOyqsfciLCMkEfWRIJIXuSryfpR11JSoI9HE6KjoiuinMaNiZsaci2XETordGfsuzj9uWdzdeJt4RXxzAj0hJaE64X1iQOLKxPZxI8fNGncpySBJnNSQTEpOSN6e3DM+cPya8R0prilFKTcnWE+YNuHCRIOJOROPTqJP4k86kEpITUzdmfqFH8mv5Pek8dLWp3ULuIK1ghdCP+FqYafIW7RS9CzdO31l+vMM74xVGZ2ZvpmlmV1irrhc/CorJGtT1vvsyOwd2b05iTl7csm5qbmHJdqSbMnpycaTp01uk9pLi6TtUzynrJnSLQuTbZcj8gnyhjwd+KPforBR/KR4mO+TX5H/YWrC1APTtKZJprVMt5u+ePqzgqCCX2bgMwQzmmeazpw38+Eszqwts5HZabOb55jPWTCnY27w3Kp51HnZ834tdCpcWfh2fuL8xgVGC+YuePxT8E81RRpFsqJbC70WblqELxIval08evG6xd+KhcUXS5xKSku+LBEsufjzqJ/Lfu5dmr60dZnbso3Licsly2+u8F1RtVJrZcHKx6vGrqpbzVpdvPrtmklrLpS6lG5aS12rWNteFl7WsM5i3fJ1X8ozy29U+FfsWW+4fvH69xuEG65u9NtYu8loU8mmT5vFm29vCd5SV2lVWbqVuDV/69NtCdvO/cL+pXq7wfaS7V93SHa0V8VUna52r67eabhzWQ1ao6jp3JWy68rugN0NtQ61W/Yw95TsBXsVe//Yl7rv5v6w/c0H2AdqD1oeXH+Icai4DqmbXtddn1nf3pDU0HY49HBzo1fjoSOOR3Y0mTZVHNU9uuwY9diCY73HC473nJCe6DqZcfJx86Tmu6fGnbp+Ovp065mwM+fPBp09dY5z7vh57/NNFzwvHL7Ivlh/ye1SXYtry6FfXX891OrWWnfZ/XLDFY8rjW1j2o5d9b168lrAtbPXedcv3Yi40XYz/ubtWym32m8Lbz+/k3Pn1W/5v32+O/ce4V7xfc37pQ8MH1T+bvv7nna39qMPAx62PIp9dPex4PGLJ/InXzoWPKU9LX1m8qz6ufPzps6gzit/jP+j44X0xeeuoj+1/lz/0ublwb/8/mrpHtfd8Ur2qvf1kjf6b3a8dXnb3BPV8+Bd7rvP74s/6H+o+sj+eO5T4qdnn6d+IX0p+2r7tfFb2Ld7vbm9vVK+jN/3K4AB5dEmHYDXOwCgJQHAgOdG6njV+bCvIKozbR8C/wmrzpB9xQ2AWvhPH90F/25uAbB3GwBWUJ+eAkAUDYA4D4COHj1YB85yfedOZSHCs8HmiK9puWng3xTVmfQHv4e2QKnqAoa2/wJAMILcCmVuZHN0cmVhbQplbmRvYmoKeHJlZgowIDE0CjAwMDAwMDAwMDAgNjU1MzUgZiAKMDAwMDAxMTE0MyAwMDAwMCBuIAowMDAwMDExMjc2IDAwMDAwIG4gCjAwMDAwMTA5ODAgMDAwMDAgbiAKMDAwMDAwMDk2NyAwMDAwMCBuIAowMDAwMDAwMDE1IDAwMDAwIG4gCjAwMDAwMTExODggMDAwMDAgbiAKMDAwMDAxMDgyNCAwMDAwMCBuIAowMDAwMDAxMTMzIDAwMDAwIG4gCjAwMDAwMTEzMzMgMDAwMDAgbiAKMDAwMDAyMDA5NCAwMDAwMCBuIAowMDAwMDI1OTU3IDAwMDAwIG4gCjAwMDAwMzQ3MTkgMDAwMDAgbiAKMDAwMDAzNzk0NyAwMDAwMCBuIAp0cmFpbGVyCjw8L0lEIFs8M2E1ZTUzZjQxYzVhNmM2NmJmODUyMDk0MTUwODk0NjcxZGRjYTg2ZGI3MTFhMjBhYjI5Yzc4MWI5MzNiMmYxMDJmOTM0NTUyYmI0MjI5MTgyZTRmZmNiNjE3NGUxYTNmMzA1MmI4OWQ5M2ZjNTg3NWQyY2YzNTVlYWQxY2FhYjA+PDNhNWU1M2Y0MWM1YTZjNjZiZjg1MjA5NDE1MDg5NDY3MWRkY2E4NmRiNzExYTIwYWIyOWM3ODFiOTMzYjJmMTAyZjkzNDU1MmJiNDIyOTE4MmU0ZmZjYjYxNzRlMWEzZjMwNTJiODlkOTNmYzU4NzVkMmNmMzU1ZWFkMWNhYWIwPl0vSW5mbyAzIDAgUi9Sb290IDEgMCBSL1NpemUgMTQ+PgolaVRleHQtQ29yZS04LjAuNQpzdGFydHhyZWYKNDExNzUKJSVFT0YK"
            }
        }
    },
    "event": "customer_onboarding",
    "partnerCode": "FINSALL",
    "NiyoLeadID": "29073ca9-0981-4ea4-814d-8c46005b6058"
}
HTTP/1.1 200 OK
Date: Mon, 28 Apr 2025 08:57:26 GMT
Content-Type: application/json; charset=utf-8
Content-Length: 298
Connection: keep-alive
X-Powered-By: Express
Access-Control-Allow-Origin: *
Access-Control-Allow-Credentials: true
ETag: W/"12a-wGAms+tpP7XeC7jrXjTRJHesa8A"

{
    "statusCode": "200",
    "message": "UBL - callback response",
    "data": {
        "response_code": "200",
        "message": "Data processed successfully",
        "cif": "126617",
        "docs_uploaded": [
            "aadhar_front",
            "aadhar_back",
            "pan",
            "borrower_photo",
            "bureau_report"
        ],
        "docs_failed": [
            
        ],
        "response_timestamp": "2025-04-28T14:27:26.063+05:30"
    }
}
{"statusCode":"200","message":"UBL - callback response","data":{"response_code":"200","message":"Data processed successfully","cif":"126617","docs_uploaded":["aadhar_front","aadhar_back","pan","borrower_photo","bureau_report"],"docs_failed":[],"response_timestamp":"2025-04-28T14:27:26.063+05:30"}}
]]></system-out>
  </testcase>
  <testcase name="createloan" classname="testPartnership.FINSALLUBLpartner" time="10.577">
    <system-out><![CDATA[Request method:	POST
Request URI:	https://pisoauataws.niyogin.in/gates/1.0/sweeps/ubl/callback
Proxy:			<none>
Request params:	<none>
Query params:	<none>
Form params:	<none>
Path params:	<none>
Headers:		Authorization=Basic WnNUOWdMOmNZekNaTQ==
				Accept=*/*
				Content-Type=application/json
Cookies:		<none>
Multiparts:		<none>
Body:
{
    "data": {
        "identifiers": {
            "customer_id": "W(:G(=Ahq4test",
            "application_id": "AhNL4(?Ft]test",
            "mobile": "7096651503"
        },
        "bankdetails": {
            "account_name": "ABHICL  Online Collection",
            "account_number": "00600310040545",
            "account_type": "Current",
            "ifsc": "HDFC0000060"
        },
        "loan_data": {
            "loan_amount": 38803,
            "tenure": "9",
            "roi": "21.13",
            "processing_fee": "0",
            "nextRepayDate": "2025-05-05T00:00:00",
            "InterestFrequency": "Monthly",
            "down_payment": "5820.0",
            "loan_date": "08-04-2025"
        },
        "extended_field": {
            "NTCFINSALL": "ETC",
            "CREDITPOLICY": "P1",
            "INSURANCETYPE": "Health Multi-year",
            "INSUCOMPNAME": "Aditya Birla",
            "POLICYTENURE": 2,
            "POLICYREFNO": "PROP-976817248459368",
            "CUSTSEGMENT": "Self Employed",
            "LOCATIONS": "Vatva",
            "PREMAMT": 38803,
            "CUSTMARAMT": 5820,
            "BUREAUSCO": 755,
            "DPDINLST3MNT": 0,
            "PLUS30INLST12": 0,
            "PLUS60INLST24": 0,
            "WRITTENOFF": 0,
            "WILFULDEFAULTER": 0,
            "INCOMEAMTFIN": 94591,
            "EMIO": 24693,
            "INCOELIGIBILITY": 1,
            "LOANELIGIBILITY": 32983,
            "CASHFREEID": "17049866",
            "PROCFEEGSTINC": "873.00"
        }
    },
    "event": "create_loan",
    "partnerCode": "FINSALL"
}
HTTP/1.1 200 OK
Date: Mon, 28 Apr 2025 08:57:36 GMT
Content-Type: application/json; charset=utf-8
Content-Length: 266
Connection: keep-alive
X-Powered-By: Express
Access-Control-Allow-Origin: *
Access-Control-Allow-Credentials: true
ETag: W/"10a-SEDxixyPUnFAIxHx20UFzEcanWI"

{
    "statusCode": "200",
    "message": "UBL - callback response",
    "data": {
        "response_code": "200",
        "message": "Customer created without checking Cibil",
        "docs_uploaded": [
            
        ],
        "docs_failed": [
            
        ],
        "cif": "126617",
        "lrn": "FINNFL00094119",
        "response_timestamp": "2025-04-28T14:27:36.437+05:30"
    }
}
FINNFL00094119
Request method:	POST
Request URI:	https://pisoauataws.niyogin.in/gates/1.0/sweeps/ubl/uploadDocs
Proxy:			<none>
Request params:	<none>
Query params:	<none>
Form params:	<none>
Path params:	<none>
Headers:		Authorization=Basic WnNUOWdMOmNZekNaTQ==
				Accept=*/*
				Content-Type=application/json
Cookies:		<none>
Multiparts:		<none>
Body:
{
    "data": {
        "cif": "126617",
        "loan_agreement": {
            "id": "JRMPK7838G",
            "detail": {
                "BASE64STRING": "JVBERi0xLjcKJeLjz9MKNSAwIG9iago8PC9GaWx0ZXIvRmxhdGVEZWNvZGUvTGVuZ3RoIDg4NT4+c3RyZWFtCnicjZdRb9MwEMff8yn8CFLn2o7tJLyVjaGKbsBWIV69JqMZTQJupgHiw3OJndjSqL1NmnTd/f8/93L2OT8TyggaftMMpRJlskC7JlmuG4ouuuRz8jN5u02WlxRRhrb3iWBYIMEpLgq0LZNXF93usanaHvW/f1Svtw/Ju+1zEaM5FtyXVWcrVe6V0uhb1VZa9VWJ7nXXoMv19e1qs0HTv79ebU65mqXQAgs6er43TnXXohIMY4txQkaYOCPpGRWI0TcpeUPSIJMXGSbMfv2n9tCp8iVET/aMyPIwMeODwyC9UsfvUKypPu1jc1fpGNnJf9mfgqcsjIS/RI6aa9VEv5vL/lJVGq3a+oA+qOZOHU5KDYbBY8hNLaGEqLtHb2vd72M8J6NFAbXMoZZhEMnw3CdlvGRz+lXQNs05liZxt+zQAh2XXVggGabpKFiVpa6Ox8hKPAGKpXKOoaVelMokptmY+vDYKnSn4IHdqT/QUk9Kl0guBoO4DckxNVv6Rh33dbv4oPSD6l+mZgXBzBev9o0qW/VN6cWV2isNn/ZavdAsY5gZt3Vb1mrBKedmJ5/Wjo+E8QJnZntsVFs2Sn8P57MMM9Psm26nDnX/O7Y2p/h/tcM8wnFmmv0cWGiJLupjr+tdH8M6oSlwEENzKKB5lp/qFp13ZWzXewpX7NP+osC52Sq3ffy49NK9XvBEZmzdvE8ImD8lAnoJ5oGAfStRY0MqGDokt//LZ1QOi58FNg4oxNAnPsLEIQWBbIkLav2HuWPiwKIIdyLhHAKIlGOeeggTRxCTSDiHAILC6OYewsQRxCQSzuE0gucF5tIhbBxGzCLhHAIICZXMPYSJI4hJJJxDAAFHsPAIYxgBWImY5QF7xoY7hPM3cQQwiYRzOI1ICxitXjfZOIyYRcI5BBAZ3IS8Ktk4gphEwjmcRjAJc9nrJhuHEbNIOIcAgsNg9rrJxhHEJBLOIYCAS2rmEcYwArASMctP21O4kTLvbLJxGDCLhHMIIODqmXndZOMIYhIJ5xBAwHRhXjfZOIKYRMI5TAoqjYYRaLQcDvyC2XciZt6JCCZpAXcNa8zANs1TyAMrOY5dpCswc4ONDoMNbqrD4QFnbT7evGDaafBKpZQZWLy67DTa1E09vAyd13r3eDBvM3/R+cfry/XFu+vteuVeh/4BO3b0vAplbmRzdHJlYW0KZW5kb2JqCjQgMCBvYmoKPDwvQ29udGVudHMgNSAwIFIvTWVkaWFCb3hbMCAwIDU5NSA4NDJdL1BhcmVudCAyIDAgUi9SZXNvdXJjZXM8PC9Gb250PDwvRjEgNiAwIFI+Pi9YT2JqZWN0PDwvSW0xIDkgMCBSL0ltMiAxMCAwIFI+Pj4+L1RyaW1Cb3hbMCAwIDU5NSA4NDJdL1R5cGUvUGFnZT4+CmVuZG9iago4IDAgb2JqCjw8L0ZpbHRlci9GbGF0ZURlY29kZS9MZW5ndGggOTYyMz4+c3RyZWFtCniclXtpk6tIsuX3+hVpt82e9Zi6UuzLTN16xg5CgNgF39jEviOBsPnxE5mqvn27X7+sN5mWKSDBPY6HH/cTytD4C4xAbx/fKPmGEm8kQb8l7S9HpYXf+P4X85fxF9b55SjCbzD95tx++bgFw95p7M1Jf0HenOkX6J1Awdfb+stfs1+ZKC2iaHq7auf/5VS/CM6nhZeDKf8F+CAR4h1H39pfcJz6+0kDTmhwQr5OPnz8OCb/cdPtn439ZOBlDYGQdwj/wxoCwf84+WHun5z+G3t/mGg//P4wB8bzT9Z+OvnJ6e2/QP3Z2A+n/wTuJ8M/O7z9HHf8M+wfFuB3BP8I+19/+8+tbd4e2TSXfff9G7Dw7S3rkj4tu/z7N9cRf6W+/efvvxm3W1N22SUasqnJ5ll9Jm9TdssmcG+mpN+/0RiKAKc4hMI4AqMQQqAw8u3339wy5aMl+v23S1++pX0MXOC/QtSvME3jwBN4EL8RBEZTtwTCoeSGExlFwyhBonB6gxEKAad0hiIYdaPI9IamWIxTCIbAMInfKCLBvr3lWZdm0/dv2rePPPnr20/Z8q+4YfSdJD5xtx8DIRA4Q6IYQm4xQlFpRib0LSUziKARCqJwIsVgEr7hWZTc4jjJEihLb8QNopMbRBDRt7cuagECL8umN6Yrmzc1auOoyb4dP+BGb0k0Zf3t+7dvb0l/75bp+f2b0qUleDAt5+X7N6Zoo7SL8mj69lb09zn7uLWJurSNpvrzuE++f6vuXfQWR8B8HO2AD2s0pW/Et7cB/A2DMQxC/xw3RLwjL9xD//2bFc1F2X17m5doAT61qIgmcGmZoo9rU5YtH87ne/waphpNVbT8qROCpt5J8tPJY0l+ePmIRbH8fqSrI8Ywpl2HJytnWCZnwBl4ZfgjsrI8w+QSmycSa+YyuyYnzsxVnjV1npnPPFvbwkq5stXf5AKKwA35icM6hVNmZVsTlU+GM89sOm9C8jPBL07+vHDYrvPnl22zBvZWYCfXeSt/KtZaaJXy/PHzFSjAFOoT1M8P/I9/zseVYSyO4RVGZXjGVhimEFhmE9gjZTLy+hEEl2VM4eOH+ceXwDGrKYKAKJzZnz/uXSxwORd4ZlUEZnVF8AC4INKMqYDgmRZrKYXmCpIAiwX7PG0ir34BiwJEoD9hsXUkKAqkbqvl2dCNqTXk9MzzWhWLJJCsvjmVSa/aPaQ7AWrwNWFClmjVqWK7g+OJnu/BRei3eh36YRdJzZigFpx2KZZdR75QfKnAylM5qE5z8v0GL8N2VKtB9duBKIdxUvfl7CMLWeJ3MNGbdpU2qjo9l7MD61cfpqsQucsldnAa/H7riWzaqMcFom9fYCNBsr+wxejh0hGvSIPorsLfI/0K3n8baeEj0hy4iWeZ5BVp84R+3rsJAmsLG1ucWNdMi8TSSq0XFFFQrT6WWc7WdvfBeEF3trgiqHVDaCjrM5AtCOugVi6i7zlu1LpguaFsC18AIaj3V+o1qgtbntekge8NVSh5bYgUQ9TpUHoN0UxuiLw3hCKI5FJp1Xow3CaMru2pjfrRqIco6ka1HefJgJY4Qu/nlljni7AlsfzUOhVaLi6cxldE7yLsfqnxLO4Ioxtfgf4jhnQP0lcDdFUsEAPmsvLtqrpcsznj88SLkurybUNiAy9sxFeQ4HcU/sTkYmpGG8yR6xiX0RlavS3Dc6oIWBEwkRECu2ONqOEoCHef0Zmx2Is/iNXmtmuFDgd0sYJQEna7MBJPYWuIsih8QASzYJ21u9iD3ukXLoPFXLFkx+NbTUgz2t9EtC/LNafncrSZ0mRGTpWuFzmb1BU7KUfBHSr8yJVr1VASCNpVctxy2k1mPdnFF7Bw9J1CPmGBDrne2U5kzbYBIxyZtivU2gMjsuTNCriTK144WBl5isiEfmY2bzStY+Os+ebkd+OIuSSjIS62UanaeDp6LcGDhKtwrHJXa+pxEp2znOPgoQRnxonxNj6HFYUSvEDws+hGd6eLXa4lYyW0mswsh427LGQFINvGViBqXH5OOnmvAwJ61OG+ml/Awoh39AULjfWIW+O5KDZkcDgd32ASIjlD9BgQocEp5IVI1Wysu8GtBE8ru9iAbTLhcjWBGN2/LG5vBgMxbSCeJispR7vjLuUYE/m1q33OVkzTUPChxSWywkXp9uAvpwtDBBfDOFNmdgkV3F90taGe2nmJsCAwyM5AJaNjWLqCMV0suiBqJqQhHGm/ptvyBSwU8Ar9hBWEXC+eznVqPgKKkjvmwipTMzzKmKl3jre7umIPXtdxdYVKEHY07swjJrLjnU+uWnswc94AJYQFvSxhAgYTvTW72V3AQwh0ONVavQpt43CXcbMDzZMhhTm6HoTUh7Muw9doTqb1WWPUmOpThl6cjoCxzAccI3AyJRq3Se9Ps3T1Sh6cOZ9v1qhwzFe4ALk+xfRfTWMBbpFp21ccw+8LmwbTGPn04l8bLjm4N7ruiFTD8OMZnszlBh2v022PDc+XEoGhqgmWXTnv6iRPwn5WHtaKj2FQoOM6+9BH8tH7ZrK+oKAMho/xMwHTjqyheGE2UymEgAiw4Y5KNwIOlFGZ8nYUEkmkR/eUw0ZZDW655Unbz66l9grh0kGxu+3+BTQEEOwlWBls9IQTATGW2qonyTuHuKPUAYfzT4G1CKGGAyFgCcrDN4yiTFQcbqfQxz0L9507E1SGmYxJHsoYdolPLGPYcHUNdTMvlqAWNPBo6hFPOzaltEJP27E7TeJg29sJpKPfqYUuPuuilyfLzcvTsC7IJWp2kDOh0D8jl+qGChF9d0ZAwhNEQgZI9wUqGPDrhcqIjJTHT1J2MetygpvLORau4qRR+i6soWw2ziEgj0dGJMo7qUZIIjYrjw5nJ1rWO20/l9XqRLe14TihDxSTqY+DMEAbfJcuQIkrFBabQHslYGZoI2PL+4pg2LRW62Vcll4uSw7jSaHd2VRF+Nmsb/p9q3LstMHMhILGR0exxSsPO8d3twO1PmB6JmC/QAYBir0E5+ZwhuNussQYUbWaWcTKQv+YQXGLEgHMpcmpdQAphtqYQhIM5sXuiixTA/HsTXl0G0Q0E801L0N6MHSE7WQMpmi0QfUbmixwYlybJpi3075fH4+y3GqYX/dRX8Q7tfW+ymaTmJmXbauo6HCzGb7Mo5MCodykWrjBqFXhkho9dl4ubr7QASbq6qbUylfQAMteMld2mXaoS0LqGai4xOI1sFYuG/BRigHhLTOuchybQohYz8+R0fKZhQmva47kY/KPg4CsfC6WlrnQNlTNLMZUsP3UbKwOqoscEx4OYw115s0u0utA7yTpIk8drdJXiL+y8lmWEM+khKoTvVtZBOYVLqLr9dmszhLIRCJTBOFFMBTAit5V3hQdIrSN/3tcOA0o9pIba7U1Gb/67Ik1bgE2ERbEHY2RYMPrIMFDkF+ZnZpSSb70ZnSIT350DoKZzGyn6x1kQmXsGjX0nVI5JLhdInuR665pLnt41FsZ86xtJpU850WVrWElik37vBGesCpx2bWtEQVVvRaj55LQGR49qx0kDQnw0bJ2hwol3gRtzGTqwlOudawgeacQMPUFLgqQ7IULvkKcj/TOuhknBcMlT2b3+/XCHtXHIB2X60O/dAtUR/ogKLyaCDJBj4dsCaA2ttIg2lu1gYL0cuvqW2XqgsHl3CEfCJXTZpMBGkrU4bNAO+2IG1Zdl/Pdxx+7r4+s0hH20KG6v/EklcEJzeGsfJUnH472pl8ffl9PEnRKtohT7/YeyPDkzOcvMJGAXi+JS8BmzKuMh+Mk7B/nDT9f99aAOYNOyFSX72Hw3NzU3+0qbPaklwe9GdNREWVksVTbyg8PQxMy5AJPfWq3+nHlJAwLoTAdMZyQl1o+XqKHFHOG75J164ns9qhPnnlzkow96OnUtz36aC6h3VBVPhHgeWWylpMvcnG9tycMmUkcQ11BRZWLWR0ZZoK/BAa/vzoYFj/Gwt3OH6WuHIvhJOCZS2HkcZcDOkO7Y+krsluDVpDWEsYkXZ17pIxJkHG2aa6ovVarCXZgEIMnbgU02fxDvBr2ONmRBfXixbo1ON4TwtGu3VpuJ81X1g0aT0/tQ11dJ0dicGw32V2RgQx13ZXpmDE425KxbZ3IXGsX1wJlWK+6woi3y7UMv0BFoO/0S/XaaHn0zKSesj29mVri0XyA0Na1vFUHOEKpBOU7ctmEOWdovUUPETTE4ooadsK5AeiU1Bj2dRWwtzPLzY8rS0e1EOyrod5mUNDldk4vp1R0gmev5GwuGxa8ey38nEaNgibFq/aKGeC+0NeWrUN80NFzwUEVNCKQHbsPrpabBEPj3HjE7Z196No9NaII+gIaTrxjL2h1ebLNY6Yem/JxvfDuBh2tfogbyUaT4x1V5Sjb1owOr2WG5dlNU5Vnaj+uk1nXU0+ozaU1FOq8HENoJp5W73bXWCFVe70eQ5I54OyhSb1hFsuGKubY64Pc43rpnLLVA70sBFyvq3U/EFogZSzhIZfC8NXnYyFXlcyDa2IwURTFsOLKcvC8CX696dkTPT9b9AtwGPVOv/RvGmdWs2pk64bcAcmyW3QnDnJS2RmznMMZRwzjZtoae2hVDN2mNsK1jAwk/qklIaKMFMUjOhDhrChHERv4lLmOPsHLjzycbGkybgJiL7Du8rqC+rnu+DFDeGNipsZRV7I2CqBcVCSayPKK9xKIH3J8cHXZUOvwLIEVG3GAbVXj2hOEY1/hAex6Cd/RKfOgWC1o2mWsifhsj4aQ6GLz+VwLvd6VO6YwNlgomMEJJ27DdZQMI5pQeKAX6IAvHAI520XsIJSpDgtvQqS8j4mKQHTlwEFAj7GKkvSc01khWk89T7xdj7pY8ouz+pQZw1nw1cDHLXySPiuJ+7becLjN7xmiwfEMP20uS9IDrW5JGBFy5D/Kyp2+QIaif7yP/NfTZV66eAH6KWiuaePv8OEqE3AMG0FU4c7mPxFS7dSpk6/D07kaEW9gdaajQiQPD4Nt71UjNPO4KGwOtGLGW5JRQAkNj9pMOlWeHR1aRc6u7UOrqyV8nXXYsXGRJvPO8SHKGSUIRRvlNOoOlIhzaCyVJqU69u+WbE+Pqx4WnXXVEvaYBUHse/kX6y8cAeT6Q9CboLdqx+Lau4m9bmcpX0dGZX0LS65PUgUihnli7qFnZDqBp/iORMSYxNZF3bRD1EMOKGbDSVqLNSp4zABLw/ii6Q9/4VuVmu88PPqq2WjtnBH3te78cSKwWQuvCWtL162WOgHTLXF27xgGlLddOmCtA8SgEeXsquED8QxFhUv0zT5+gQYGbHqp3ZVWK++uJhIr+zm/yds+sFC3WQmA4CT1vslIQFUVyHLp4sjTVbdzjJWH6/KoOgvTfUq/CvMUh6Sqk+VpZZz1bj8gRcZzGahTygoP7O4nTYgaZacSsyk88ZU/rrw/ZhJnUcKShwNbGVHrZYZazChILugJ6ZtaPh3S3SkUmvozauXnyzN2vFP3hdLFYcCpl9I1bD3f6Et0D6CD6u7TwsvtHV1APpTuPOCy39yeRqu6tU6dJayoIrQLany7mruT24WLGybDwqfpvIiH3bgGufzwm4E/J1EeFys3nhuWxAlY9RAjaZw8vYZnup77Pjlq/SHulGfmHO5Rq2EbPOkZcSJhu7k/L9hIwH1moCmqlxHtsWv0JHfPHGV89pqvih8EKPXSuelxcSl4z3qiJpnC2e0kn6+LC6OSWTzhBD2P2m7HaNIhI2c9t1OA697gG7wfxwEpz9jtHBA3vwtQBmYQMjK4qHVxiS0X29yLxB3rDkgG0mUNjasZ2t+gAYunmuLGZU99uokfl2Q/iVz+3O8Ic6GYi/0wHmJXFfFz6+bF6DTVSM6KVgzW0XIOofTfo8JoQKkXKmNTFLa9Cfw2HsZ9Gbw6VCZDMiWT5jUL2o8zjjN07iAM1lwVw3I1vNbILEJCDQ/wvYboqLUmZunXIJEvi9eetooVw5sSQ2Mo16S++3EZq7FRQXeMu9opIyqn/Ro8JgH0Se1ZVTmMP6IhsW1GPXCgoyxQuxVWU7enpr52Z1kR7dhqyUh5HKMwLvJEm8Mv3lwDy913+qV0Bdo/Hha/vI/nQVCvzrrowpTbSoHMz25aLs4FHoeLIteY7MzqmCmh6KxwEt/ZRgM8uUWwq68ddb6neUPKCaI/MoQ04CkZr0UKIWLO53l1YVlMed6COjj1qI59CIqRX8OxRL35zNm4cC2OKzOlF3wcLfm0irVV0fA9kbsOetpRARN77MT7E5talVwG87qQ41foANFemlecB60bL0nKGeid49JhfN6rXPXQdEaZix66rW84XpM7dFSGmbrdteHJeE4bM/p1AF0cm4yOhCCWDI+8PeXy5GXEg/TXyiNHvCx40OKDVcLyUJHHW+A9s/EoqM8Zv50W5ZqZ9Cn01IGUYxo7tPxyWGIpuqezswOFBd82a0BqxroYdfNEME6UJas6ULcv2jJGvmq8BVpSBwGCUissb+epnR7neNHCuma5TdFLRp5Ng2OPS6i7N7X2eC72hZPE4tBUy5dAveBuOUmPUZqvaGlj6P3YniQej6zTYllo0DyOjB4ecmwtIb+/FgfUbBkrXbUkBZl+7PztPNB7slpbdLsVJLxyVMRLLGIy6WWoQLZ3sCRhi9Lr7IMEMb5/0bkwgnh/lXqd6qVbt+fphcKkrBhh2Tx37DMvsdTZc2wgyv4wTwHL7Fs7sL5b2cpRipJeAR1hWGnLT3f3jjj3OVdkPQ3Dp1Yr4Y7sVwUZromGT4FPKhXCl72u3LfH6ojoabpQHmpeLbl8ak+tZw7FfrRbBH4G2z2oGNm+JzBBR/RdqNgnk7EkDFqX05EDJOh05oM69gUynH6HXoJXgiqESLUWbpXtYdJmcrvW6QbsMtDZXS76iBb+zdoyhC9C5YxcJgEn9DvzNO5Q3UkZTw3GzZiyY0tZ/px1Jpb7DCMBM2CZdPGn/sgdhnIXusJGOuQKQe058h0WiI6KvZh8B12kbNiuVxaFwm0mbu6DEZB29fsWdGl8oIqUrCIywYDIwyTbSJKvQMHv+EvoVp3kPP3BT+7ttVjifABZo9hTyPOwmMKYBUSquGM3KryODgrCu27ohYRlBkfqNOO0oqgGmI7Vg7S4i54eMZu3T6SPlL6w6LGz61ptxeSmbPV2dGSnX1TvdAmuWuZdZVR9DtmSlXqPtEv8RP2RxcO4MmBd7WzLxPGDk+MX5ST5K7/VcLkD7W230Bfvy2MY9g69BC99nfHpYwXiV/GuT8ZDMrhLY/BHwTqA2m5UJx4HigMf4jIMSDhusftwweA42QOykw/6JZG2tD+5dY2eqdk0ZZa2s6N4uV1PHYSB5Qw0jpcGqXi+OwCxyPHuWjuXwLYHBUU/1lLKUQaL48XqmQ0o1Nmsxd04b8fHckyP6sI7xQCP6yPEBrLdl/3IgLJVzwX9BTj0cxvA5z8drtBRo8f9lHpgEWDoGB7KF/LpquuJLmpueTg3YX9y3DODL0iSGLkbbGhsZJmxyRiEIY+RN1pKO0gk72JktV1itFr1eO49jn/ihpanmVZJWrVsZT+N6L2BeG9Ibzv9SPRT+BTLTOtO7CVmDL7rOUPzEIc4YQnlTgMQxtIgLc86uCOmHDdeMJpJ8lWdRwDBXgUxyfM6wENnR5838T6csWIOMb/kHr3DQXe7k3jFHAx0WIXwEpD3bRpsr5Qy1TkJV+rJ6LgTyDvfo8kN7l0PXrbehH3bl61l8ulFCCWLvZ/n/rQ+ki6nbldk6rYwIKS72k8aoWajelddpgIvt2CvyinR+2kqit23xtpVWmbcuWNr5yHhicl6sDfxHMlfAQMkexXFuJmpttZm1MVN0Yx2hVk7/QmFmXEZGY3qjvx0EP04x6xWjw4VcUqRe3dDngeYTKpE2ffDST6I0eohoScH+T0nruoN8e8IetqUI43R1NFfdheZ08sSpDZYlJ1ulnppWRzbnqBtajd88yTkEabpggcKJhYeqnYsc8FkWPZraAsuPI3QS/YkB36XN5Q2L9kX/1HBYMCzlwj2+lC2CStGjDG6HuPlQB6RKZ5lX6jJjjEyI6mr5Ugx1/3qRzeMBrJfj3wqRYdl4ZMo44Kuud/mPaDdJGCAfM3MJFBWM6KmEyxck61IVgQqZ9CgkVwz0vvtJh8Sz6E0n4Lud9t8OpmtT3EFEx98e/hjM9tQtqO3ktsWLDyjznl3zgb7vGgdBGNIF9BH7asaAgGavbCtXnw67ettIsJaXLuSmUZNqBcy9OOJnmEVq7hLNzTBskk3x9BSRvNwN/ioZVSRHU652ZH96jOGSp7spaDOpHNYJ5g0iHuct7h5N/epAn0BenIXp1t2x0UQddvFLluXvq7FIVKh3MsfT6q7G8ZAwOKgwBy24J7AjSmaJultjFT1CcTwXWiEwQ/Y6xf5iNKAaC8pPKDjcfCW1PDrqvU8ZnverqAHeZblAsV5xnTYoKB9XRKiGubYieB4H4QBweX6qSHGMSwxoMofAyJej1J9aP1ZXHq6JoAU6TcuIqg5QHTIZeh21dK7uB9Fy7qa7cHS9tsmy773SDJZN2cyYgvlhK/QxA+LPB0deHONCeGicPLwYFvuRdlc6s6wg/35xYyhNCDaSwdf7p7aIX0/ceMj1UeHBssuNzXUNrSkuwVGoaan9hqRyO6q57Isc0vUpK6xRU7fZ1FyqulqoSYsIRkM3dd4nwL5XC0HhWTAElpV0UESXegiFiBfkR5q2vLeXPmRL4qn4VR3Z6+9fJHZi8SPjnyAFBglJfmcg3m6xUdFVaHuHk7BA/G2y6TfhSS7ioKFf4GMAjz7Y2sDfjiY2mje3AAHKrucIxR0XDpsbPxuToKQaJcJ7ftx8qvETpGorYhsWRKUJlmGftb2zJ6Wk6tZNQ+KewNmmw0TwhkHiLjwSLoqs20xFFsm6QZjfT9MtpI6R7r+/tvxYzfPb8cf+7rsMu+i5T5lf7Y/CCUBkV6D39qmm79/K5Zl+N/H47qu7yv63k/5EYEg6AjRR3BDOpf5X7697Gep0t3633/joq7vyiRqyj1ayr7TsqXo0zemyfupXIr235l0rA+r8NESuF+B2V8TGOt+/bjysVPtY3fSDwD/E2v/OsBpjn79AjJBv7+04lxE8Icz6+975t5cS/n+DeBzpqibb/3Uzj8d//8NIuseWdMPWfrr/HcsH76OP5vmyzyblxfEP50pAn4nXuP+s3HARwj7GAeA9BeAEcGJD88vZ17U3LPf1R3o/Ep8xCl9U4L8VoxFeTjYhi8WJwaOchG0WUohPXJjQHL9/ORvxx/RAsc/58GPKXvdKNWx0nvabuEpz5ctUt5F6dZgRI75xYFr/HhdvioXOPYOv8QvKZrLZp01tq8s67miMlj8wRnPdu659iRnPHDH5UQIzX/8BUb/DzaSfEBmPn2YXQW56g3FCQYVEuspFOuTW0aYgshtND7UOnQYxwroNMyiacYYmOGeO1hjVWRtrweM3pRPg6KACJd5P9Eo7nRqBQ3R0BaQNN0eA9PwtmhcWM52XfIwDpp5Y9SHHp4396sKjxHvxAvZ0LFCaA2wOKm38cl6eL8hy6dXHO6jswf1yYm8bcvt+pTTFsds+8lDXlrhcJxRfnevFSggU8te04g5l3dBbBsFounpcY18C//4x2m2kdWnwZzM9Y6g5HU4w7cCGTlkka9x3ed4z0UnfCrph35Yv39/TelP0/ibmj1f83vFIfpVXT6O7C8QooBgLw18j6ssWfSozX7n9O+8/ebqiukKbwov6I4iKhzjKIb+xriObFiKE7wZ4pui8wrzBuF/Q97xd+wdh78DAHAM5AwMlg4UBuMIAmEUDoPfCLiWgaV6goEzHAVnFEZj4O84gt0+7v+b7ViC4HxnBRnYfVOZs/KnREMB0V5aV2PAWCxg4zufNUX5x4hg8mNEEIGCYaHQ5zf8N+P7n0P7U88IMP4So59B+Bv3XdF/O36G+6dIfsafy6alvIGyu2S/a4oirxXHseOYM6vCMrkiuHgTaTujs3k9FnUp0SvEMuYsMjzHHnnhrDG1xMCuwBYayF9sMx3myOa695ktLNM7hpDCUSs+g6uZO+A19sU6sFk/8Lc5vNa51XrPVGrm6Do0SffFbk0UBgn/QpUHPl4rgt6HPjwEiDgnT1aLwPGn11Tyas2CVmkNeM80z8Jm8eH1BEV+iEc+3imCCKdS8UjaBsoc4aIx0CcEwdIkbc9XjXchzWJWPg/4T4PAiCKsqZz6Q5G0IqTZwXpiPo2fhA3mYsQC1dFq0nLN3ScrK+LpEfhfIIFAYr9UpzmD0fSx79WBfypCHrR2tpc+vX4MSds0B0R/O3Os7NQhrwjNPWxpKEbTJqmEUuOYz6EzmxaqEjaYCF2HNuvEyAYgNo+403ITEvJPg1r1sYuWycQVemoO89SqAJgHWCsr+rgG/gauJQC/gmqOGGmKnGrmvHLmB9Sv4IBEf2lNUxLW08mphE3jqH/A4Aqt91z85HqeCCAIlou7thueTEgEr7QBYuB5QnFx68b1bfZilezJqa2T+S+z84LhCGCIALGJrfxrFsDseELob33kCLHGvjKSszTbrD3FdnFBERbWEerccUXjvweC0IA3L21pCY0NHl+Vn3JgF7aFNUFrNz0lt0UhB8t8w4I2VhF11hYaDsz7xXTNTd8Z+IMDLKM559oCLPYM2xM9y2ZPluAZL4NCI9muzoLXi1OyrOcBdsOnkyeCYUJB/jFs2xVykI1rnoOpBnHg7FGylRjlPze5ugyDfbGXBaEAX15oWH5l1lf9zgWV6QG1Ta5MytW4PtHm3rEHxKH4eFY36tx49dMwD/N64ajHk1e44sqUZ1uJpAg9T6doPtNe/8Ck5UU2MoaTJ79AG8qlc2FmMXOTSgrF/PQS0ccLRdpmyoKehLKeUsg2dOWewZlo3LFRx/h4eNpsUWwNJyLCUr8aZUDcTLrbr2r0xYYWhAQUeulNWyMcRlQKZnRU7GQcj2565nRtkU1TovsbinsP+zQqmH30VTMxhBVPL7K8WWIgJXWLvvradLvMd7wWNiXe6NQFgckOQ+ULeqcNSyL2E/0ECZps9NHWTYKmqI0e5swgcdxON6LceOaREsR9QifiRbZ0lC+5Hy2UNKpmSt5E/nHMYYRWaZ/kvngLEiHh9z82INlApVR2CwtC/IxdhPOY/GOPrlTloAeDWs0HO2N85JlsUuyLazcKJIbGsTOzqiBzPQtqWE5bFTNQ1DVgQfbKzGpKXDlLjGmyeZWozLr+yKvzKrCsw3GMqfwgb6owNnuoOJbeObbIAylQTnXIKJwmr2uWB19lIIG9Iy+p+cN7rqxxvs0mAtb6qJZrJVv9UZs/Cjn06TW8anlwPTWK7O2hb+ag4j0VKQQFG8oTpOniFlTB5/p5PQYJlF4t0AlwYEQvPqteyRZxa37e+2nw9QD7AFW/SUp2jtEkB9V/j54sBAr6PUHE6o9yedekVWJbjvsCFk68ky9YoWSqjMOWmsRIHPcRVFdkV4V7FSrR1NzG6qMPOMhnl2tfQ3TzRD490rapP6BGUtNFkgcgbk3aerMi0a0iiXuCek/Q6CpQ0NsXDFTJQ4muUh9u4s78KRZsm4IbX9j/qIoW5DCmfGQZZWV4pvrIky8gYfQ78hKTMtA5Ms9EuVU8P70GfgHHHD4Br0VSszDQhEUEFqLh1bxHPgaKk3j/zEKLEsBxAzKTDT6SyCJyUG6iHpyLow3OlR81yPhHX/l7yxBZjaekP7oFZqHeCFKgSDnWAK9LAJwqYljEIEaZzUogZ75CAzj0Eo4gJ7ZXocqAzgAy4TMxTKRoYr+pgAbZFWEbwDEEEm2THSZ+Fe7ZEQUd6BFrCLtmiNskN68eFEn0M7pa+Gt6TWrlXxAsYQ12g2dW3TE3gX+xEsgnh4V+iJ/tVDH163rtyO7pEUriFEoeAnq78x9/+QINClj00pHAqyIkudvSRcituekXSwgCE7QiEDyAx/nnaECf0naNF4C0SA2r1nLbx9sYtR4pSELNVlbl1TVfjU3Y6j4uGx6ImAY0skcsA5w+fQex4k0bKAJe+KGGPh4CQoh36xXWqxrSeCQ3CAYvqrRPZes1vcnefwEGAdx5gXmc0RRNn/g9+BAt158941WMQIDu3hqj+pCCqGc2/boP8EdzzHuAnmbtg3CgQL1gMGatcSrD78qqVUAhVAoClAIM9C/k90BGVMx/FTis9mlAWU1NY0aGEyD58ZCyT4Pd7U5r7Kf2+AIOTP/9s3YpD+YDVM/BxrnbeEP2dB2r+3BmRm2tj/F4pXkm/KGiOwi0J0bgeUaVVss3OGx7FdxV4VX+38htxuA+PkQUOw24d+67Pcawwx0/eCG6SjtqiDl0P0nz/Razdzy7FWT9khkI3wTdRvZ1Ktyip2nOBOPu/GP+ChP898/RyfCTtdlqjsIeva1sbrqKFulqqtqTpUCZ4fBj2ZR7k8pjBcPoDcvc/dOri1RYXye6LZLOZvpata1PjSLM2SQeW6iS0VSwhVetA4ahh2G72UoquncMoVTiKWMnVipCe/fvI09I+qfBwij43T7MNoJq9SqLIyRdsWwqvJt+9MnrObOrXcT2tsoPXwk8CFDp1V1J8uE8bU7PEM8K+Okm2pTAGIkBFv7znpCHT6/EluaU1eR7H8q9JR2l0R3oshtObkcayl7IJZJRWgNWSOly7aEunmAcWrSMCu1HgNy00uEC+HM1/K9LrdeV1zL4+GNp/I9FMzj+N5/K/P2/QoPhD2wwTX/sDgCVgiJ/+sAtShBAmK+//BUImLdz2ZZLlr5x5ZTcm8+32N7+7xtn6OJrqcn8Y+vm/wODST6ICmVuZHN0cmVhbQplbmRvYmoKNyAwIG9iago8PC9Db250ZW50cyA4IDAgUi9NZWRpYUJveFswIDAgNTk1IDg0Ml0vUGFyZW50IDIgMCBSL1Jlc291cmNlczw8L0ZvbnQ8PC9GMSA2IDAgUj4+L1hPYmplY3Q8PC9JbTEgMTEgMCBSPj4+Pi9UcmltQm94WzAgMCA1OTUgODQyXS9UeXBlL1BhZ2U+PgplbmRvYmoKMyAwIG9iago8PC9DcmVhdGlvbkRhdGUoRDoyMDI1MDMxNTIxMzAyOCswNSczMCcpL01vZERhdGUoRDoyMDI1MDMxNTIxMzAyOCswNSczMCcpL1Byb2R1Y2VyKGlUZXh0riBDb3JlIDguMC41IFwoQUdQTCB2ZXJzaW9uXCkgqTIwMDAtMjAyNCBBcHJ5c2UgR3JvdXAgTlYpPj4KZW5kb2JqCjEgMCBvYmoKPDwvUGFnZXMgMiAwIFIvVHlwZS9DYXRhbG9nPj4KZW5kb2JqCjYgMCBvYmoKPDwvQmFzZUZvbnQvSGVsdmV0aWNhL0VuY29kaW5nL1dpbkFuc2lFbmNvZGluZy9TdWJ0eXBlL1R5cGUxL1R5cGUvRm9udD4+CmVuZG9iagoyIDAgb2JqCjw8L0NvdW50IDIvS2lkc1s0IDAgUiA3IDAgUl0vVHlwZS9QYWdlcz4+CmVuZG9iago5IDAgb2JqCjw8L0JpdHNQZXJDb21wb25lbnQgOC9Db2xvclNwYWNlWy9JQ0NCYXNlZCAxMiAwIFJdL0RlY29kZVBhcm1zPDwvQml0c1BlckNvbXBvbmVudCA4L0NvbG9ycyAzL0NvbHVtbnMgMTIwL1ByZWRpY3RvciAxNT4+L0ZpbHRlci9GbGF0ZURlY29kZS9IZWlnaHQgMzcvTGVuZ3RoIDg1MjkvU3VidHlwZS9JbWFnZS9UeXBlL1hPYmplY3QvV2lkdGggMTIwPj5zdHJlYW0KaAW1mgmQXdV5oM/d79t7lVqtRq0NISGEQEICxC4WQwADtuNgD14SD/ZM2Rl7MpUpe4JralY8TlKVuMax4yqPpxhPjAnGhmDACLMbBAIBQgKEBJJodWvp9fXb7n7n+89rYVw1lSpSM7duv77LOf/59+1co5PntlJ2qlSulKUyQ2X6kjtOQz+zujcmr4wkTW3LThPlMDhVqaFiS7UXZqs+RqZxaDPRtAGQJ4Zh5MrIlGkow1TcmIq1OMwUYMpweMscHjAgV1auVwUqp54Iao5GQ5kyLZMVlGkxPs00ziY4y4tTCOt1DXnFoaHpmbFSkSySFvgFZw5H5jACslRmGiDEEhY3SZaaZlNjCu2+BiaLxLlnMzSGDjn1WGB0mQcgoNr841SxMvNMWRAui/J84b9c8747W66YzwFeQp48lpM/y2LpXLDhMFViqvFU7Xrr2KHxqVVLhq7ZMFi2HQ0zDcPQ9zzAMtQURus5sohM1QcDBTy/+pnAlwMGyxU/nN1X+rn+gWpTo7rw/hQ8HmqZnRoJhA+shQhhrHDMRDyazacGduEkaZLkuW+7Ee9tM1Dq3mfeGj85fcbyZeeuPW1JSUGJrQEoo0u9XiA3RIP0UnBMsO4eIrLffZDmwgitx90XIlwZDEIyVHQtUzbCEb1GUkaKvpqZmSdZ5prHlPr39+769b4jdrFodepXnr7065+6dEgpF7GbaKvMluW7zEHGHKaGL9fCyQ9wQ14uHDkKiDaABBotbIc3moyu9nApFsFcYGlwQBNIWkZcM1FmyQheaPL0YPCAh1asXN5CVdc85L8+8jSLLHNGqT/+c/g8ljmlLIyv2XTGnV+6aqmrVJI4IG+aXYNeYG8OSgBAJaDXFCRkXRDhxcItsIVoXvC6i9KpS33HMyCgwAtvZSTm331kOGai1FOvvv343netZWfOVwbV8Mon3x57fO+UCEdzFmayvkxaAAFneRTlBmJgYQMhiJz/L4deSllMgMUytguB0XIBWpn86ZMHCw/zVKjr3nVfCedlBY0EyHDJpGRhTXFpoko8gncqQZtM/Mv9Lx174ciUM7yuU16WLVr7yMsHfvX0HsZYth1nsq6Btz0FQq7AR05Z6H1CQePUojJWXIrGrPtQTxdfzPJQaKK3TLUs0Y6FQ2SFNqkgVomrjs9OO8XSfBRbnh8kHccujc920EY3VRYy0dBlbS0fIdkAYqL1Thw5C3Hg9xZE3x3PYrh2eXNKK7tYypMuICBgd10bEyCCIP+wAy4MT6tzyiR0SggTAZh6dU29wBGOZPJInLSMYT3BRnTjWH2uxXUnN60KfPcLlYNHxmJ1NhBdW5sBcwQ/1uIfs/nl0QI+8karAuaqRSvSFvjdk7fdgxmcpw5LPFoOx08BM0TLAO66/MuWjSz287CCR2nNF5K4mMSLykXEYLriB8VTaVigjcYQOYUWcSY8XdDR366ukeM172AQPEs1F2QGB0+7kwQIJEk87CqWJuwUHaJV8kCPJnLCR6axrF5ZgDhd9eo+5VcsRp7LFW4aPNctH7Ha81UjKyRBIZ7309bo8CBAUQgZmOnoLNjqP1mNP9EAeaTPhf+8FznKa0I0kDXvuJc5PCUmo4LYu0haRkmolzu4nSXKtgQ5uOGq+OLTV24ZOfTS4SOu5fpRcOmygVvO7cebNZPQtz0YRvwQjmrnAR5YiWiyICKmARxuTrF8AUmt35ID6KQmtw0dHgQFACRoXDcPMTHiPLdguEZbYItgOYSOLiyCuX7ygR+wxmQFH+23hCTGGiFzZLZZVOqqVZXPXrzpH55907J8M29eeObSW67Y6kMwyxmGjViEg/ANNUVsHCBGCvXbxU7ZB68Ebw58GjmWFZHS6HvWckTzAENqgg+TgV1CNJsUTMQ3GyxmxjiBhipOK/X4/mB8srGst3rTes/TTkcDE8xdKFkQNQDgMmE00kC9XPwDKMO4hVVY6NRaUA8jOZGFiJXnYMLILkrQV5IrfP2CsLor8ivuQAaT/YkP7o7v/gKE0WDVpZ4LOXPx2aG2uZJ+xSotpR7bk+w98O5pS2of2baY8O6Jupn4LFBBM4SVH4DDFIIsPOwuQYoChguGokfiMnMUGGbhWBnHCPJMTJJbsmPmT7RVKxQtXlpVZaV6ARFnluCboHEt5TeU0VGCKLowqBdoaAy69EAhugBA7FL+pwlLiDabFgpiWhZOsK6XZiTIsbrGMspVhJ+PlN9WBpgcb6p6S2EknquWFGXYAFJMIqFMlBpoItEwzFzPhMfkrUEm2SeIscTRpjoxl7uuMVhWQ0WhgugkRYBemgEwEB2q6eftTIWWmte8gwro6gc3qgZTsEUGsKU7Hrq6MoPLUDE2qWDKkn7V5wiGsAs9106U5XS58T8f2T3WitxSMQ+bo1X3livOm1PquX0zz734Rj1MZsJmlkUDJf+8lafdsGXD6pqJG3ZyN87C1DLu3rHrnSlEUXXjzmq3/blPXPHOial7H96ROr2WU46CcNPaFbdsXYm/acdBxfFF1USPsUTBeDJWf3H3ky3T9z07q08u99QXb70us0zDKMPfN6eiHbte27n3QDPMm4ERpK7vuiODpXNXLL7uvLVnLXaRoigtWiahQ/meGcW56RjtXMXk+JF66Nl3nt79+tHpejtVURTZaXTWspHL1q+58cp1JU/d9+jenfv2uuVqGKleK/3qzVesHCojnu/86OG3ZpLUq+Vpuqxq/dlnL+2xLDTl8V37f7HzQGCWyFayYP5ffv5jy/rVniPJvQ899uqBo8dn6qZpFWxrw6plH7v6su2beqq2GE0W53ZXc18ZP/H2fJo4hSyOVg6Ui7Pqvh27Dh85WXX7W2TOvUPknMdnZg69dujxNw79yac/esmAMluqVPJQ3h1vTe2fV5avjMbkef35jWjlwMAbE8G7cTsiswxnD87ObN+6sp+kyPFE/kQEEmRco2XDyh2vnXhw71hYqPm24cyMf/XKTVhPYtgY2bd/9srjrx0IMsswS/CoWO1JnNJUo3FyvPHqoeP3PP3KRy8570s3rOsxROngeJ4EyMdz3Gaq2pZ6bF/wt/c+9PaJelKs2qUl7bDjVBzX9n49PvPk4V0/fP7g179647MT5i9fniz2poll1tL6Zz9WQGHbhnr6reMvz4aJ3zLDfFUp+1ouS8Cr/cfqD7x4MCwscm0jac9tmlD3PHf4Rz/9hVXqSYyiWe5Ns7yexNMH60/t/uGt12y74wsXQrHnGFJRJsoMbSeDDLOMYhzNwx88uGu62eoZHFbNrOT6M3lMveT2DBI+jjZm7rzr5wOfu2Vj/ylP17M4MjLbLxpGEldTTKFmqW3btu9/8XBYrPpW9eDJd3a+PX3NGoKkhL2ukxMfr9TJVP38mVfiyhKr2tdqTK8YGrn48q3EpfFY/YcfPPb8eMPuGw07UdHzSnmUpkmD3KZaNvJyGvc1lbrryT37Dxz+b1+7bin+IUl8RCRRPk8s45F90bd+dD+GkveO5G6xlcalsttpN8M49HoG8P7vNpv/5tsP91Z7SyMbUtOI8zim5vctnACn0ztoZmFolBzbNCtEFSEWyzGLtaTQF5cGW2FQ6av91V33z9dn7b5lcQ7xkWPaqWFnZpHsBQv/yaPPFzz7G7dtYa7piDsSL4coDMOJUqth2Cc7nbLvZnMnquF0rXOi0jxWDufSsBVmqdvTM5tmv3hqJ74PZ68demLkQZa1DCskt8ZScLLbzx2tWFzHkXJSv2/H83tRXjIGKRY5cc9gptTO/eGByY7hVUmK7Sg4/5wNtZIEjH/9vSefHO+4AyPNZlAtVhqT0+HsXDA53hfNqpn3ZuvTbcNKnEpWHn7pePTlO+/DPxqS4VJQoHfmWyfiO3/8D8fsvjotGd/rdFDMljF9tNY+2RtOWnPvJbNHSy6NmPTE3GwnzTthmsWpEcdmlhIn0AAiRBJ0HKJtFEgdDLFd15xneU6Ism23YLqlk/WO5ZaSoO2E871Zw20etzqzvmUEACz2OYPL7vv1c3veS/GQtmgApux6aQe3IxVxqrKyZ9ba8zddtuWSM/txp68cmX7guZfeC/PYcOaazb5qz8HpqYlYlQwSeJVGYU4TRtlJEtmWB+s5V9bU5tOHH3z9oFkdcAs9r7137PVj6sIl0oeikCF+I1Xczv2/2RWVe+C41a4POPE1F48iv+/97OU3ZzvO0Giz1SzaeTJ5+KLVI+dvPHPF0iIh7sDYxKOvvf3aoQmjsjSz3bg8+M78+N/89Kk//YPL7CR1bRfb//59O07ioXtrbh6mUauaNobLznXbLzpz5Uil5swHau87R+575MmpyDX9/jjTPg1vZTk6nRJfH+OFMlWw/dzOw7hD8IdPHKT2URTi/LDI6amZ3mLBjOa3nr70tlu2r1yipmfVXb94fseuNyt9yxrNNslgFOWvHzy0ftlqktoCAR5HjPL7mfJda649WzXbd3z8hq2LBDT6vmJt/6rhj/zJ3z6irB7fq+SqfWDy6ESgVldUo618x3dNZjsZGKdSMBBtieDXbV37m317AhGfN2k4D+3ed871661UFdENS/zGy+/O7h4/1qkMeypxWtOXnL1kRVHtnsx/vW+fXR6d7zS8PPajmdt/b/OnLh1FeMwD+GVLh2+9YPgnT7371z9/1upbHhiOU+x/cOe+Ky7cvG2ZxM9HD6sn3627lf5GMGNaRlqf+PRFZ/7bT14gThyT0jX3NctGb9j8uX/xrbsn4iAxwd4i+wJPmgN4CUFQkncz474bZHVCLkHX8cjscGJYZ61WtTtTV29ee+ftWyBZUrWSOucrF37tL1uP7Bkr9Q5RiwQN692jx0O1WjIhKVcs3LWdZEkadip5cv3WTZsWSQ5UU0FZReVMnVVV55y+Oup08swMwMsvB6lOB4t4h4gGEyxwHIemjOSPOn3eNGRsGOqNGvOp6UZuedfbh4/FKndxIEjEwNh/+dzuDN9LnDayohXfeOlm5j6z+43J2I5UZqnASerXXngWXCZr7FGqmuZlnFWSDSn1+ctW3nzpZhXWkVnkFmeM0hO79+NbYdNv9k9Mph792aJDHGicv24ZXCZvKwSK8o6LPiJnOz2zqu744q1Wa8pDTbIUAizHwchBXrs3K6NqN216kAW/gAlCIB4gzTLbcUlLeYXHWORn37x9i8ZNFeOkqvG88ZKNNnmGMhud1PTKU3MkijhnYTUhJAYERViWxoOmdfn6YVQS0GZm28quGOJ2B8qekYXI0zQ9K7JpDTEfxaSMN3BjibSe40xyrRaLGJJTX3v2WTaASSGd8lQzfWr3BBEM1pB3vzKldh2espRXMezW3OyGdWesHaBBol5587gqjURZ6lmdAa/96WvXFLAz+i1pLhVpnuI+MDLO225c30OlZcS01LPa4l1vv6cZpN46dMgoEI7oyMSFYOYPb7pKAkmcl5xcHGOAoqqKb3mJumK5unzNcNKcs8khHNxF28UD6qCX5E5qm5GROo4Xh4mEMW2mUt1kVGyO6fpBc+6WSzeSzvtUy/hxi8xCkp/TTxtw3UKbrrzbEwnnMAqZLq0s/Kb0gCzy17jq5L22UCIHfSpKbywOEA5Jc0SDhsVMaelKRSdCAlBO+iLVIkLjIe4DdScfumDN8PKBatZp2KYdW/6O3W+Qk8xnonf3PPHCTF5wC2UriXqt/KbLN4LK7ExSb8WJ4TqeH7Ua60eHlxiqzAvWMI0kwcrzLOqgBJRwQ45av3xxUJ+2bZsU8GQ9mKZ2An6jSaJumU4WRssHetYuESILjvgAlaYO2kKmlUodAVM2rhk10yhN2GeQx1ae6dqKKeQGcgoTREByAIBTfrjPMs/Kq26OFNkDkUE6kYdfRTvzbFQehuo/rRbS6hQoYhrkJB1DtVwnQgocLMLiyCFhXwVGF9H4wMlD4pM8p+uvrQnVYW2pdqXSW+C+2F2uhirqnOX9hXAK/bfL1ddPNp4Zkzpi37Hg5XcmsurAfBJ35qe3jPRtGRDeJWknjucdV0VhYht+b6EHAWv+aDSkE5fLvkIasdnB+F43L+VxUW9EkPE0O5oDUewQ4qUAN6quj10jmBSfCtK21VZpSLfYydu0nnFH/b1xEBQdF2xRFzOX9gvj3axjyS6P1iUkoCnVXDdw53Ye2VloG3mhVMGmpYGB5gmjpSHk22bBSoHgpm2isZPHCA8tFEqky4JXpG+IFAUj0WgtPUE90c1fF2wyZA6jdP4jspFDenKsQKDJMke3AOCHg+HSLsF7bF03aHfyuNPJVODV7v/NPtrqv9q9fy7DNl3cddFMP3H5Frwb0sUsaNlkVA+WlyWmqzBl6dQR9CHSEJ9hEPW5ogRAzC5dH2ww6FBIsvXDILD1HA/3ZhhWnORhlBMewdPGrMkcYLVomXRRbNvkVb0TOY6bAVMrXJcmFhUrllYJDR/p+QBBP4RfQq68BT+Vue5Cvio5ABAEAdMUZLByst4YE+ERWNHlEa9kpq6Vlcy8YqRFK/OFPB7SrNILdH9so6SoBHSHgK09stZu3COzAx59URhEQwB1oI2AAG1HIJ/Tr9YtRu1C0qfcK+0/MXffW+qZQ1OJW4zDyM+ydSOLz1/lwWhXZX2lcsHx6R2LyhnexMRxIETkaySFejMK2Kny0szGy4P9san5TLIdobHsO/1lGTYwMEioYLhX7DlyojExLYwOw6Z0NmSvKPVgeCotdUT18hvvuA4qCMU5IZoxWochkoLbT4xCbLgZEqYTLe13SEN9pVODSDAM10hhkTAQbMQB6B6eJFoW/oEQShZGt4KFRAM5U3G8DtzKTZvGY1d6kKINCpBdX8Vy2JZQJVD1RJkrvMdMTdIJxoti8l6IJwPJMPCrtmyw4qBU8NM0jUz3p0+8OIaNk/EbqRvUr96yAW/uYH9JOlBQI339ZtDJ4phSc9/YyVfGFeUqB4jKWlx5LpqITe0eV68fPm56Rde1405jUX+1p6w8Q50+Mpi1ZvI0IqefTewHn93P+Mwro7Q4OZSdfVA4QsK+f069PT5jOIUwJpnWdilLdcmDj7gBCVw6xUOjIRQc4LJwRXIlrEZ0XcZLhOvqo16FKdLNEcMyxUeIJMTm8YBIKkssUoeYRhiMFkYBULMMP8BdxrYzw8lEDDuBraysh+knJoWVaSEnyTpAT8KN7GtEKMK2dctWLO5LG7N2GsZJMlYPQr+Kg/CS5oah8tUbK2gEm+sIiIvLNp7ltuslJ6NtMV1Z/P3HXh2nX4LtADZLwjxvgpSt8D/fu/dXHb8vNtHR0Epa5529VnAmAp8xOOI1zajRpIU0sOSnT+z62e5j83RiukRBv2mS3Y+F6i9/9MSh2SDGo7pFqdUkTAq/hGV55mRioKwKD+AxjhDFxC4zcgYGgw+/pMULTBB+Y+/aEwBBhwgRAyzHKQvXhInCGmCz4Yan135DM1rLVquSrC0uDkFJpStrCGQ9YOGH6rJIaY2uyUENJw6RrCXDLVyy/vS8fmKgin4rr1TFe2KueXP68o0ryWoBblt+Vz2u3NwzwqjOrO0a5J87Dx/9rz9+/s2OmlJqzrTnDWPeULvn1Ne/+8s9R2dUEYHFTtwcrZjXblsKPoC6YNTdvHLAihqea9fpgNQW/5f/8cB/vmfnnin1Xq4mDeNAoB7YE/3xnQ/sPnKsMLAYzUL+aJUOZeKLgbPAciFZNId/eC9RLBygdtdoXFdhZbCmOE8pEzQjdcSSJgPBFbVgBATSUWJ+mouCejhaes20GbWRBpIkCdQ0SR1iR5S5yg5Sw7XYC8ZyhCrWSJPQtQo8SUiZE5EeB7ZvykYz+ZiNOV+7eemjTyVTQTPPC1aUeAgtaI0MVq66gGJQ6Z6eEMpckrbbrr/oP93zsF8pJuyUlrxHDhzb+ec/P/v00eFFfa5vHxw79so7J2Y7uVUbIu6XrTSbmfijW69dZUvpz8Hv7X9w88vf+l8zQdPxy5HthOWVP35+4p4X/m7JQKWE/Jrh2HRIq9LpG+jEfMHBupKbUUQQfBeIcrx2lkEUZuRAqhzdhEq8M/0OBlKgdZ2qTo1En2UXhdAkkhEPTWmDOQR0YGF0QJ7OSzLoJKFPVrNtz3N4Iz0j8WmyMCKW5eXI6abgE+J2hxSLA6o8Urqw3d2honLlIY1mepXkKnyIQgbAo1FfbTtr1d/vmbAqFYf2QdDI8M7bL6RUw48TSpklm1Q6t73x3MV7xs568KU3in4lNUpmz+KTnejRNyeMvYex4NRwYrfXrZZt7K85pVoTH9t29u9fsByBIXY0A5TO6lN3fOH3v/ndv5tPeo3yYGIW7UotdeL99dk07hQKRdXXC/vmZo5WyjWCk3TTooivUNDfJDfFUeR5sUD9GHlkecQMmkya20I+nEEuWdrpdBwUkGVFu2ESRYt4Trwg2VfJd9qNuapt9vb2oMpmQXnk7ZIYGqFPqm1mjSASuuWQYMxUoDHf9D06w/DbM8yq55copXRH0c6zkp2XC7SXYgIIU9BNvTmEH3fE9ep6advGM6UcYEslCh0jHak42zctI3KasjUiiKIQMJ20Ds/x7z563hcu21JutVUzTALywKJX7vFqg05tuFhbUvOKdrsdz84Ww+Znrtj8jU9uq2iRk2GzFglsn8puOcP/m3/1iTWFljl9pAp1UZh2Agqk3p7FlrKjuel4auzzN1y+dfVQ2pxxqIAt6CAK8cWSGFbUbllse+ZJwchd05CdT1SBIBwn7FV6lknnlmGuI/pLf5X9u4CCX9cWwvuoXTQSdMpM2q3mHHMpa+kwKbcxZTdTp1C2282Sy86DYAwgyVrEAyEtQ9UnvcZJBJwHgRM0zHbkK5eSvhbVrRNTdrnXaswVSj0kWxCMC+/mCawhrgmvyycJFt4wxgnlzebVF6wfZStd4rXkmtgO6ScLiVNiwUz90ZXrVo2e8fePv7Dn0Dh7SxaccN12J6KdUraNQtBev3rlrddde/lKBZcNCmubbo30IvBrYafuOaVLV1e/983b7n7kzRdfPnxitjUXNWzfYzdiUbU8PNp/80e3n79K/ccfvF0ruPNBQBWOweOaQAJdqeXtatCKo1azMVcZqWC+luz6k6m1qvF0Z0q0oxTNZI1pW0m5wxSJWgRaaAiV25lJZuo+ChE1jBDQEuiNAVd9+dpL5zB1kt8oXFbwqjDGklqHaQI+z/oM64b1o6NV9uy8nA92os7aQT44yGsq/8JlGz9tF9E84t6Ao3qFfRKfC/RbqQ8tl1KlaalHX9hD/wGv43q+b6XXbT2D/o4rUsQCJBcSB2WQvUh5UtWbJtevNrevvvCFA+Grbx0YO3ZirtEsLqr0VQpDFe/Cc87cMFpEkRAVSoW3BI6oBVymK1KoEWgQ2ApL/en165pXrxs7ls4n7enpmdP6lwz2u5UeVlPkIc3JyYAGZLXW6rR7+iu9RTQs71XGV265vBkVcstNs7DqpIuonTQnrjl3Vb9vWcUaqXDWmTt/9SIPdxwHtCB8tIMuoOEtqalvfvGTQGUnlwJyuCy1vpFEOD35PAenDLKcpK0QjtsUtGGEMK1F9hpaDmM4GAMNnPTF0T3CI0GTURzQbLLTQSJEYkSfhiRUmXXDeHpSfeO7P+mUBg2vFM3O3Lz1jDuuW92vUlvKUREq+hAlqc1GD8qr7RT9YlsHZ4UX6ogMxFMxFmvjhOwu5agEBoHKYMA0HWLTfHe21aRrVijQN2h1OkMDhT4+cujum+i5yJIu0Sz73K9Of/uH93SKo4Hyotb8Teev+uvPnF1OOw4dJ1RE3K4czMWnEdzoG3ELWP6DDHwgHlArCl7dX8ma7dSk+7hgx8zlZBoKLR/H2MRRSWDwxVmYGXglSGKEAIMIug8U5/qONp2tqxpcPlzAoRXY4su4I5EmpzMdiwn8ByDiXVCcnz31Wt3tM3BNadxvZzdevBqR2IKtNCWkdcWKuk+iVRMPQNJFOZ7FWV4w2PiWCKPJFAJAlcWpxGXnE79vSoXEXmFGrWl637n/2cf2HHK8WoAFOc5Qxf/Kx6+9aI3UyiyFQiBcdPnhvY3/fs+j7eJwbPrMt+LOljUrINm1CInyaR7BWbAjC8aFg59OSBjA5xgxG/RYES0JcSH4C1RKnLUsobWEPqT4Q/19DNB4TnCS7A2/Sc4bSGWAizvFZaZpVwssJjIBYGQRkEnQAz6YMEBUW+5F+8GDU4pZ2q90FLVgD55Mnn/zXbP3tASnMzd17Vkrz6iIVjJb0AFLEIGPbHfKd0SA0d1b3VJA5JDFvolgwjBZVHbRxQS04SFrnoAFGRE5ACtu/8hHHn7jf3fMSugX+FJtcmbuz75/99nLB04b6l08UGNv6vjM/N6jk29N1DtOX2aV8zgpZsHKxaUrNlXACtFxgAN1Of90mbxAqZCcEkVyeAS7BB3J/IRdXAvemiHoCv5H+CJsgxn0aGkKopO6zQdM7YhEid8/tJPmTvJpuCxQwYQ7RncNfGG0PNIiFwFLAqEzTdaW/apnX2tiFLCh2S5m0ccv2ciWAl8d6BkaqhAkwGVvlbJVL6TNXRbRnwFrddZrgQn/mcEBryNFtwEzCz0SWP0t86Yl6p//3hXfufshb2hlhNMv9M6p0pNjc9ahgyoJ6GZHmRnZJbe6gl0K+F7mY436sS/f/oeDjohfGkbSWJciRePVRUzjxI9wVhyIxmXhV9ghE/XRZQvDmCyZLWMM1xAzf/84xdX3H/z2Au7pSfKku8TvXmn2/na4vmIpGHFgKt/1+r6+/tFWMF/Lw/PWLF+3SL4At7oGIGLRbBMNEO+kD3moXwiiC8cHluWye8d4qTbklwpMnAq70IOW+c8uH46iq+566Gm+Eij3LurEuVPpT+Mi5FMJs2vl2F4Uxi6t6Prxipd86TM3XLzW7UeLpTqghnPo6Wi/Jov/duXfReX9592L928/MEqedZ9/kNELA/6f/KNk6hrgjsceCttTpk2XOzPazRtu/izBlgIMlyHWJp0brQN4BnggyvohDkZjt1Ltk3xJ8c9HVxH+Ysgp3H718k2rhr5/z0NvThzwSj3T86FVKKYWhUlCfYIH68F+w/p5a5Z++VM3bhgypH0IhLgtAUnaloKJKOWHQOcfG7rAjn9syD/1HYzuGMYz74zP5F5kV0gXq1ly4Sq/lCrip+R+p6xLdwSgSLuPD0mZxBzNkyxq8YGSMEY8thcZDu1V0qSX31M73zg4Nts4cnK6Q//UcPiSYnSwtqTiXrRh1TkjiEj5aeZTY4nX7fKWyttkV1w2VBc8wj+VC6fm/f9ldGzIZ3PdpJAVqSyIVtLMl9KR7yjxLZJG4lzhELkPY2DUh2O1MIeAwzQgCEBAcSbw1DKBTnjEHWiPIF/G4F8o1nE35LaSIMqXqWSnCzzucjpnB1aMiwZ7Yknv4sNhdIq3v/P//wBkfQfkCmVuZHN0cmVhbQplbmRvYmoKMTAgMCBvYmoKPDwvQml0c1BlckNvbXBvbmVudCA4L0NvbG9yU3BhY2UvRGV2aWNlUkdCL0ZpbHRlci9EQ1REZWNvZGUvSGVpZ2h0IDIwMC9MZW5ndGggNTcwOC9TdWJ0eXBlL0ltYWdlL1R5cGUvWE9iamVjdC9XaWR0aCAxNjA+PnN0cmVhbQr/2P/gABBKRklGAAECAAABAAEAAP/bAEMACAYGBwYFCAcHBwkJCAoMFA0MCwsMGRITDxQdGh8eHRocHCAkLicgIiwjHBwoNyksMDE0NDQfJzk9ODI8LjM0Mv/bAEMBCQkJDAsMGA0NGDIhHCEyMjIyMjIyMjIyMjIyMjIyMjIyMjIyMjIyMjIyMjIyMjIyMjIyMjIyMjIyMjIyMjIyMv/AABEIAMgAoAMBIgACEQEDEQH/xAAfAAABBQEBAQEBAQAAAAAAAAAAAQIDBAUGBwgJCgv/xAC1EAACAQMDAgQDBQUEBAAAAX0BAgMABBEFEiExQQYTUWEHInEUMoGRoQgjQrHBFVLR8CQzYnKCCQoWFxgZGiUmJygpKjQ1Njc4OTpDREVGR0hJSlNUVVZXWFlaY2RlZmdoaWpzdHV2d3h5eoOEhYaHiImKkpOUlZaXmJmaoqOkpaanqKmqsrO0tba3uLm6wsPExcbHyMnK0tPU1dbX2Nna4eLj5OXm5+jp6vHy8/T19vf4+fr/xAAfAQADAQEBAQEBAQEBAAAAAAAAAQIDBAUGBwgJCgv/xAC1EQACAQIEBAMEBwUEBAABAncAAQIDEQQFITEGEkFRB2FxEyIygQgUQpGhscEJIzNS8BVictEKFiQ04SXxFxgZGiYnKCkqNTY3ODk6Q0RFRkdISUpTVFVWV1hZWmNkZWZnaGlqc3R1dnd4eXqCg4SFhoeIiYqSk5SVlpeYmZqio6Slpqeoqaqys7S1tre4ubrCw8TFxsfIycrS09TV1tfY2dri4+Tl5ufo6ery8/T19vf4+fr/2gAMAwEAAhEDEQA/AObApQKXFOrIkMUYpQOaXvikMTHpTgp704D8KcBQA0D0p+2nKuPrUgTgUARhKcE5qULzTlTJosBEE9akWPFSbCPen7e1FhkYTNKE5xUgGTTxHzmnYRCEFPCc9Kk2c08J7UWAhEdNUOYwR171bEXeiKLCD2yKpICJACoIoZc8d6srDgkj8RSmPn8KLCOXwaeopcZNSKvNADAlKE9qnC4GcUFCaVhkaoCaeEqRU9KlEfFFgIlQU8LUioPzp4SiwDFWpBH+VPCDFOC47/hTsAzZTjHx0qVU3deKlEfpQgIEi4qTy8kVMseDmpBFzkCqsBXEODUgjwRVgRZ5p/2ck9KLCIBFz0pywELirMcR6HqKnEGO1FgKAtycfORjrS+RnPBDds1oLBuyGHHalMI3nHXvTsI4VUBNSKlOEe3p0p6qSelSMRUyKds7VLtwKApzQA1Y+1ShBinqvFSKtAEYj9KcI+KpvqBeeRYJIhBA4jmmbkbuPkUZ+8M8k8Dpg844vxB49kjla00qXzIwu1rhhg7uc7cY6cAH2PXg0WGdhqWvaXpMbNd3G1hkKgUkuR1C9jzwecA8EiuWm+JsCTMINKeSMH5WecKSPcbTj864C9vp7+4Nxcyb5CAM4AAAGAABwBgDgVXB59KdgPTbT4mQyTASaVMI+rFJgxUfQgD9RXTaT4s0fVdqxyvDKTjyp02t7c9OfrXh5YEADrnt3qVSV27JCJQ2MelOyCx9GogIBA61MI/avHPDnjm60F1iuppb21ZeUJz5R/2Sfp0zjn8vWtC1/T9et/Ns5VYZwQDyOvUdQeCeRyBxmiwi9HDmpliHerCxbTmpBH3PFAFYQjcDjmpvJyelTbBkU8DFAiERjpjim7cZ/rVgioiuCaoRwYX2pQmDU6KOlSLGByaixREqgjpT1iHNSbMDipUQnrQBEqYokZUtnlMiRgLkPIQFHoSTVgRgHrxXnHjzxDcWl8llblVHlZO4BiM5BypyBkfjg9skEA5LWNdk1CCG1iQQwRgF1XrJJtAZ2PcnH+cmsWlJLEk8k9acqE0XKSGgetFSCImnC3Y9qXMiuVkSjJpTyemPYVZSzY+1Trpztjac5o50PkkZ49CSKvWU8tsRcWszw3MTBkdCVP5jv/8AXqK7sprZwWXAPektNq3C71LK3BGcVSZLVtz37wB4q/4SnTHW4Y/brcjzhtABBJwRjr054GK7DbjivCPA+q22geKILgPsSbMF0rYOxCR827GODgnHUCvfcAD1ptEMi9KDnNScYpRgCgBgHFMI5NTEcYA5qPBB5oEcSi+wqVVpwTipVAIqRjQg4qVARxilA9KeF54pgUtWuBp+kXd4VDCCJn2k43YGcfjXz3eXc1/dy3Vw5eWVizEnPNe++KLGTUPDOo20W7zGhYoF6sV5A/HGPxr59IAOKBokjTcKspHk4AqOFTsz2qdWAXFYSep000rEiQgdQCamSLoagDSE9sVdhHAJ6nmoZvFJhFBuODnitnTrAvKoAyCwHXpWeX/u+tb+kTbAOAWJFC31LSOwHgCPVLIxLiRiM8dvpXnXiXwsNCdo2Rg2cYY8euf0r1fQNcEcscbZVDwSOcVV+KFhBfWFpdfKXBO1gfpwfzrpVrXRjUg2eNWtr5reZvCPGV4PBYEkE59jivpHQL86roFlekbWliBcDPyt0Yc+hBr5slZothizt5JOehPavcfhdqX27woLZh89pK0eSeWU/Nn82YfhVHGzsiCAMUoGTUhptBIvHpUTAhuKeaY5piOTCGpVTvQvWpVGakYzZjmpFHNPxkYNAGO1ACSFUheRsjaCcjrXzVfQJbahPDE4kjjkZUcHO5c8H8q+kb+1e80+e3SRo2kQgMpwQfr2r561jSZtF1hrOYqXRh09+eR+NA0Q4KAL6CnooIyxAA9TUU3UsT1Oark5GSSKy5bm/NY2oEifpKmfc1bEPvx7Vz0LkEdcetbVrOWjC9aiSsbQlzFoIq5LNgfWtOwvrVBsMoBXnnvVb+zHktfOY7UI71zt00e5ljLFR1bNKNmXNygek2Wp2ogUfa1EpJGD684wR7Y/Wuh1KY3/AIbjhnRl2rjnoe2Qf89q8ZsI5ZTuSZUUHG+QlVB9Nx4H412uiaje+U9lKXyOCvr/AIitG0lYUJuTOYnjazvnjdQQrcg9CP8ACvUvhu+qFTEtrZwWKqGkkTl5Tzjv/Mdj17ef+JYgdSRUQl2QbgByeSBXsfgbQ4tL0KGRWYyToGkDY4Pp+HStIO8Vc5KqtJpHSgU9F+XnmjoT9KRSQeasxYjDHSonIweDmpetMYDnjNAHMgc5qVRTACcCpgtIY7HGcUBeRTkxginBc0gAV89eJlLeL9VBySt7N19AxxX0Njb1FeJ+P7VrfxzcOfu3ESyAD02bf5rSlsXDc5JwJRgjpTypmiSNgF8sEKy9cH1qQRjPA4p+zjiseax08l0VNjKgiAGAc5HXNWbXKuozzSshWPOMCnWiE3CYGRnmk3cuELSPSrbRJtS8KQeVzjduA69ua4G80y505prSSIlJD94r+WK9c8NTHT9GiluUZLdz+7codp7HB71leJ7iB58wojJ1K9etCSSujoqU+Y4jwu39nSzrJGhSddsjspLBf9nsD7kH6V1WmwWKXyGxtWhiBUKgYt0GO/c+3rWTDBG77oxgZ4HpXY+E5YrK+3vAruBhdw4BpppvUhQcdjJ8RaTE17LcvKbd1t5GXAzuZRkL7Z559q7r4dyNJ4C0tmznY459BIwH6YrjfGuZrkx7tgYPIxxnYirzwPY16HoEUdpoFhbxDCpboMe+BmtIas58TZK3U1QM0jdaA1NZsDpWpxB0780h6ZpjSAUgb3p6CMNVzQOmDmlQ0c4qRksY+Tnr7VIowKYnTnipOKBiHBHSvMfiVoN7NqlnqdtDLLCE2TMi7ggBJycdBgnnp+leoY45qvfWn23T7m0LbRPE8WfTcCP60NDTsfOpwrbT2NPVhj2psrfv2yD16EVHI2BxXM1qdsZaEsrIcA5O3nA7mrFnLtYEYXPHB/nWaC57YzVuzXJIJ5x370rFxlrodpa+KNSsk+y2du0tsRiVd2VbPX5cfrVvU5hqPlPFbLbsqcqucdenJNc5oM7iR43cRoem84Ga6OUSWyq0gGCM5B4NEY6HRz3WoyztOOB79P0rYtRJbTBQxwOR6fj+VTaV5Utv5qAAhhkVLcIzy7UPBP6VEr3saRta5EdKu9c1mGdFcxwH95hhtZWBBBBOegz+FehRxLDEsaDCoAoFZHhxfLspTswDLhT6gAf1zWtu7ZrqpxtE8rEz5qjRMDnikkbCHBqEPg5z0ps8w29a0OYryy4PWpYpCUyax7q7CSdaqvriwxldwFIZfGQacTg1EWxS7jjrQBKJMDgVKDk5qAHAzmnrJkUgJw3FL/D0qNW4pwYEdaAPEfHOkHSfFFzhT5NyTPEfZjyOOmDkY9Metc1KDgEele2+OdHg1bw1cSyttnso3uInABPC5K/QgfmAecYrxFn4HNZyVnc6KcrqxATLnAP/ANap4YJHwS2BmkGM5qZV44qGzeKNTTLQ3EqLJPtTPzfSugvdGAs/JtNUmcE5I2DH09q5jT4pTOu0Mea7e1hkWJSynkdaV/I6YpSQ3wsbiGNrediTnFdDNOBKFTk5AAHUmsu0X7M5diAe9aWkMtxqBuHAKouUHvnrUpXY5yVOB1dkv2Syihz8yj5ucjJ5P65qYzjHWs17onvVKW7I/irrWh47d3c2Jr1UHBrLvNVCofmxWXd3+1TzXN6jqTsCFPNJyCxe1TXcZCHLVzcuozNJvdyfaoJHLEljk1WlY4NZttjsezh8tjp9adjcDUDbto4JqZTkYGK1JDOFxSqSetG3tQE4wKQD1bHSnhuuTwKq3N1b2Vu89zMkUKDLO7YA/wA9K868WeOFvLGey06cwo5wsgyGlH9FP5kY7EggGZ8QPGr6rO2lWRkis4ZAZD0MxHTP+znkD2BPYDiVcg5FQzmQzt5rZkzljnOTT1qZGsC2jBhwc+1WYnGMEVl8hvSpkeTs3NZuJsps6PS7gJdJ0AUgnNdi+sRJD8zKOODXm9qlxJIAr4J9q63SbGFGWSYmWRecscgVJtGbtoi/9pluGBwyxnoT1b/61aK6oukQpdPC00SuBIiHazKeu09M/Wqk8geTgdOwqp4hkVPDVxu4GUz/AN9rVQ3Cfwu52CXsdzY297bs7WtypeF3TYWAOCCM8EHgjJ9iRgmjc3gGRnmoPBmqLdWwsJLkReH/ACt0/mqpEcnAWRGP3W5weefTJJqHXrNtNvPLiuYru2lBe3uoWykyeo9x0I7e4IJ2mrK6OApXd2zcA81lSZY5NWWBP1qJl4rG4ynIBVOZsA1emXAzis6fvTQHtn8NKuAetV7q/tbCNXurmKENkL5jAbiBkgep9hXJ6r8QrKzl8m0hd5D0llUqnsdv3j6YO361sZq52xPPSsjV/FGnaQBE86SXLbgIUcZGP7x/hGcdefQHBrzDUfEuuau8tu0xmSQELEg2IAexA4IH+1k1R8qRUMJtYQkYHnSuQc9go/lSKsa+oaxfeJLje7+YkYPlpEm1FHdiW/8A1n6DjCLRaheH7dCYBF3Axx2znn+dbEun3NzBHFp9+HvXALxoMYHZAB0+mPT1qfUYbi0ig0G/tlSa5A3ygZ+fOB0/zgZ6GrUdAucHKCLh1PODinqKj6ytgEDPGakFZSNIj8ZpygikHSnD1FZ3NS7ZO6yAgc11lnIyQhnPbNcjaldwzmthbsiPYOKg0i7G/BMXcms/xXdBdEeLIzIygD6HP9KbbXJjG5iMAdK5zXr1r24SMHIB4HvVw3FOfunQQ315ZyfYbSPbp0ybWYjG9D1Bx9eR3H1r0DQtS082reFZ9HF7YOFkgvY+sTno24DI67SScZ4Pyk586t7+bxFax6dDiBYAAZBx+P8A9auj8L6mLMSeFLafZfTSYtpZMFQxyME9AOfQ8Z6nFdcHfRnGzp9S8ATabBaia7jjmnyF3uNrtzjBHTgZI5xyOcZPJalZy6ZeG1uCm/8AhKtkMPUV3XhHU1QXPh/xlepPfIzLDHc/vUcDnaR14IyGGOnX1sr4a1S013/hINIntbaJYS01tPM0yRFvvEjGTH9MdOi0pUk9hcx5VcfcrKl616I2jaa1vLdaoHlluM7U0qdJFDnn5ODk8gkZbAPGTWLN4C1KbSH1ezmtp7HBaNvM2s68Y4I+U4P8RH45FQ6MkPmOOnmluJljvVubi6k/jVtzNjucf409wbF2glSSTcvyxBAcH1J78U99cmfTh58zSqo+XaMMOf73WoINTCRM9hJKkjfea4G8j8f/AK1GgDE+y2xCQXM4vH++3938q0NOGnWrC9ninubO3P8ArG6SyH09fT8z2rMl1UwKY43jlkc/vJQrAn2GQK29N8TPIILJ7U/Zxw6BRjHds5547EfjTja+oM6bwz4bsNTjuPE9vePA1uyhUIPLk4yB14yMYyO3GKiure6XQNWl1/P29w0lnIWJ4yckE9sA4OegI4xXZPonhzxSunaV4aka3KRi7ZAduVVipBxypyCCRjllPPfJ8W6kviGxnhaIK+hMLS5KcYMhCk7enARk9ju7GulJWIZ4pMkRfzIA3lNgfMOjdx/WhRXW3GhDVZJYdG2tb20RkZEG4uygnC9yeDx9faufFljoa4qiszop6oq4pQCOoq59jOOKtw2iuuGHNZGqRQiYCrML+ZKBnpUVzD5LEUtoduWzyaQyzdTlAVBrMgDCc3LRl44+oAzyf8Ov4VZuDhGY1r6Pol3a6d/bL7XtyNwjPP4kf4VrBXZlUdiC6Dpcp/Za7bcnEj/3j3z9a3NTax0+1h1LT2Ml9Eo+YHnjHJx0Ix/nFUba9l123lgjgWFXcqcEA/gfUdaTTFg8P3b217LukPMfHf1A961WhkdLpFvY6ppf9u37v/atuwdYSTucA545ySO3/wBfNdZp/j3SfE1pbx3em20Nxp4JieW5+zNj1RxgDI/h5BxgjBBrysnURdzGFzDbSKxjAbaAw52598f5xVPwxbzS65JDJN5I2tuPXof/AK9aqWxLR7Pd+ILG3hkvdMvNMs4HI8yfTXjadj38yHBVsknPB+vpmQXCeICuowSS3tlZuv2zUriMI+emVi3EZ9M4x0AxXlRia1vLyF74mBCfujBYA4rslK2HwvtP7CvXs7q5uCblC5DOuMZ4PTII9Oe3NNTbYrHMWd7C2iSQWlorSBWC/Lye446nrUWkjULi3lUQKp3d1x1+poorIo5y4SUSlZgFcener+lW105aSOZVUDHJ9f8A9VFFSxnovg3U7zTPC1zqOmxtNrVvOkSnbkeTIzY79mLg/wC+nYVf8aT6ZawW2j2Tq+oajEJrryxjY3RQD2bAx24XP8VFFdCb5EzN/EcdZW9x4c1CztoGEgnnDSsOm0ev9PXFQ6vYJpmtXljG26GKU+Sc5JjPKE+5UqfaiisKq902pP3iGNR04qZlEa5FFFcp0mZdrvbNQouKKKBEUwaeVIUI3OwUZOOtdHdDUbZ7XS7BvOtgcuO34jsBz0oorekYVTQ8WGzNjajSWaK6VcOoOGHI5OO5PORWC0cE8YOpMf7QjXfsYcuB1+p9v8gorSe5mti/ZXE+s24Rx5cURHlvn75AypB9Rjn/ACKxre1S31mVLm5CsQRww+veiiqtaNxJ3ZqaPp621zf3sED3KRKwEm0lQxGQOB16Vf8AFlzpOqnTo8PZ3AixJEDwGJx3HXiiimtIh1P/2QplbmRzdHJlYW0KZW5kb2JqCjExIDAgb2JqCjw8L0JpdHNQZXJDb21wb25lbnQgOC9Db2xvclNwYWNlWy9JQ0NCYXNlZCAxMyAwIFJdL0RlY29kZVBhcm1zPDwvQml0c1BlckNvbXBvbmVudCA4L0NvbG9ycyAzL0NvbHVtbnMgMTIwL1ByZWRpY3RvciAxNT4+L0ZpbHRlci9GbGF0ZURlY29kZS9IZWlnaHQgMzcvTGVuZ3RoIDg1MjkvU3VidHlwZS9JbWFnZS9UeXBlL1hPYmplY3QvV2lkdGggMTIwPj5zdHJlYW0KaAW1mgmQXdV5oM/d79t7lVqtRq0NISGEQEICxC4WQwADtuNgD14SD/ZM2Rl7MpUpe4JralY8TlKVuMax4yqPpxhPjAnGhmDACLMbBAIBQgKEBJJodWvp9fXb7n7n+89rYVw1lSpSM7duv77LOf/59+1co5PntlJ2qlSulKUyQ2X6kjtOQz+zujcmr4wkTW3LThPlMDhVqaFiS7UXZqs+RqZxaDPRtAGQJ4Zh5MrIlGkow1TcmIq1OMwUYMpweMscHjAgV1auVwUqp54Iao5GQ5kyLZMVlGkxPs00ziY4y4tTCOt1DXnFoaHpmbFSkSySFvgFZw5H5jACslRmGiDEEhY3SZaaZlNjCu2+BiaLxLlnMzSGDjn1WGB0mQcgoNr841SxMvNMWRAui/J84b9c8747W66YzwFeQp48lpM/y2LpXLDhMFViqvFU7Xrr2KHxqVVLhq7ZMFi2HQ0zDcPQ9zzAMtQURus5sohM1QcDBTy/+pnAlwMGyxU/nN1X+rn+gWpTo7rw/hQ8HmqZnRoJhA+shQhhrHDMRDyazacGduEkaZLkuW+7Ee9tM1Dq3mfeGj85fcbyZeeuPW1JSUGJrQEoo0u9XiA3RIP0UnBMsO4eIrLffZDmwgitx90XIlwZDEIyVHQtUzbCEb1GUkaKvpqZmSdZ5prHlPr39+769b4jdrFodepXnr7065+6dEgpF7GbaKvMluW7zEHGHKaGL9fCyQ9wQ14uHDkKiDaABBotbIc3moyu9nApFsFcYGlwQBNIWkZcM1FmyQheaPL0YPCAh1asXN5CVdc85L8+8jSLLHNGqT/+c/g8ljmlLIyv2XTGnV+6aqmrVJI4IG+aXYNeYG8OSgBAJaDXFCRkXRDhxcItsIVoXvC6i9KpS33HMyCgwAtvZSTm331kOGai1FOvvv343netZWfOVwbV8Mon3x57fO+UCEdzFmayvkxaAAFneRTlBmJgYQMhiJz/L4deSllMgMUytguB0XIBWpn86ZMHCw/zVKjr3nVfCedlBY0EyHDJpGRhTXFpoko8gncqQZtM/Mv9Lx174ciUM7yuU16WLVr7yMsHfvX0HsZYth1nsq6Btz0FQq7AR05Z6H1CQePUojJWXIrGrPtQTxdfzPJQaKK3TLUs0Y6FQ2SFNqkgVomrjs9OO8XSfBRbnh8kHccujc920EY3VRYy0dBlbS0fIdkAYqL1Thw5C3Hg9xZE3x3PYrh2eXNKK7tYypMuICBgd10bEyCCIP+wAy4MT6tzyiR0SggTAZh6dU29wBGOZPJInLSMYT3BRnTjWH2uxXUnN60KfPcLlYNHxmJ1NhBdW5sBcwQ/1uIfs/nl0QI+8karAuaqRSvSFvjdk7fdgxmcpw5LPFoOx08BM0TLAO66/MuWjSz287CCR2nNF5K4mMSLykXEYLriB8VTaVigjcYQOYUWcSY8XdDR366ukeM172AQPEs1F2QGB0+7kwQIJEk87CqWJuwUHaJV8kCPJnLCR6axrF5ZgDhd9eo+5VcsRp7LFW4aPNctH7Ha81UjKyRBIZ7309bo8CBAUQgZmOnoLNjqP1mNP9EAeaTPhf+8FznKa0I0kDXvuJc5PCUmo4LYu0haRkmolzu4nSXKtgQ5uOGq+OLTV24ZOfTS4SOu5fpRcOmygVvO7cebNZPQtz0YRvwQjmrnAR5YiWiyICKmARxuTrF8AUmt35ID6KQmtw0dHgQFACRoXDcPMTHiPLdguEZbYItgOYSOLiyCuX7ygR+wxmQFH+23hCTGGiFzZLZZVOqqVZXPXrzpH55907J8M29eeObSW67Y6kMwyxmGjViEg/ANNUVsHCBGCvXbxU7ZB68Ebw58GjmWFZHS6HvWckTzAENqgg+TgV1CNJsUTMQ3GyxmxjiBhipOK/X4/mB8srGst3rTes/TTkcDE8xdKFkQNQDgMmE00kC9XPwDKMO4hVVY6NRaUA8jOZGFiJXnYMLILkrQV5IrfP2CsLor8ivuQAaT/YkP7o7v/gKE0WDVpZ4LOXPx2aG2uZJ+xSotpR7bk+w98O5pS2of2baY8O6Jupn4LFBBM4SVH4DDFIIsPOwuQYoChguGokfiMnMUGGbhWBnHCPJMTJJbsmPmT7RVKxQtXlpVZaV6ARFnluCboHEt5TeU0VGCKLowqBdoaAy69EAhugBA7FL+pwlLiDabFgpiWhZOsK6XZiTIsbrGMspVhJ+PlN9WBpgcb6p6S2EknquWFGXYAFJMIqFMlBpoItEwzFzPhMfkrUEm2SeIscTRpjoxl7uuMVhWQ0WhgugkRYBemgEwEB2q6eftTIWWmte8gwro6gc3qgZTsEUGsKU7Hrq6MoPLUDE2qWDKkn7V5wiGsAs9106U5XS58T8f2T3WitxSMQ+bo1X3livOm1PquX0zz734Rj1MZsJmlkUDJf+8lafdsGXD6pqJG3ZyN87C1DLu3rHrnSlEUXXjzmq3/blPXPHOial7H96ROr2WU46CcNPaFbdsXYm/acdBxfFF1USPsUTBeDJWf3H3ky3T9z07q08u99QXb70us0zDKMPfN6eiHbte27n3QDPMm4ERpK7vuiODpXNXLL7uvLVnLXaRoigtWiahQ/meGcW56RjtXMXk+JF66Nl3nt79+tHpejtVURTZaXTWspHL1q+58cp1JU/d9+jenfv2uuVqGKleK/3qzVesHCojnu/86OG3ZpLUq+Vpuqxq/dlnL+2xLDTl8V37f7HzQGCWyFayYP5ffv5jy/rVniPJvQ899uqBo8dn6qZpFWxrw6plH7v6su2beqq2GE0W53ZXc18ZP/H2fJo4hSyOVg6Ui7Pqvh27Dh85WXX7W2TOvUPknMdnZg69dujxNw79yac/esmAMluqVPJQ3h1vTe2fV5avjMbkef35jWjlwMAbE8G7cTsiswxnD87ObN+6sp+kyPFE/kQEEmRco2XDyh2vnXhw71hYqPm24cyMf/XKTVhPYtgY2bd/9srjrx0IMsswS/CoWO1JnNJUo3FyvPHqoeP3PP3KRy8570s3rOsxROngeJ4EyMdz3Gaq2pZ6bF/wt/c+9PaJelKs2qUl7bDjVBzX9n49PvPk4V0/fP7g179647MT5i9fniz2poll1tL6Zz9WQGHbhnr6reMvz4aJ3zLDfFUp+1ouS8Cr/cfqD7x4MCwscm0jac9tmlD3PHf4Rz/9hVXqSYyiWe5Ns7yexNMH60/t/uGt12y74wsXQrHnGFJRJsoMbSeDDLOMYhzNwx88uGu62eoZHFbNrOT6M3lMveT2DBI+jjZm7rzr5wOfu2Vj/ylP17M4MjLbLxpGEldTTKFmqW3btu9/8XBYrPpW9eDJd3a+PX3NGoKkhL2ukxMfr9TJVP38mVfiyhKr2tdqTK8YGrn48q3EpfFY/YcfPPb8eMPuGw07UdHzSnmUpkmD3KZaNvJyGvc1lbrryT37Dxz+b1+7bin+IUl8RCRRPk8s45F90bd+dD+GkveO5G6xlcalsttpN8M49HoG8P7vNpv/5tsP91Z7SyMbUtOI8zim5vctnACn0ztoZmFolBzbNCtEFSEWyzGLtaTQF5cGW2FQ6av91V33z9dn7b5lcQ7xkWPaqWFnZpHsBQv/yaPPFzz7G7dtYa7piDsSL4coDMOJUqth2Cc7nbLvZnMnquF0rXOi0jxWDufSsBVmqdvTM5tmv3hqJ74PZ68demLkQZa1DCskt8ZScLLbzx2tWFzHkXJSv2/H83tRXjIGKRY5cc9gptTO/eGByY7hVUmK7Sg4/5wNtZIEjH/9vSefHO+4AyPNZlAtVhqT0+HsXDA53hfNqpn3ZuvTbcNKnEpWHn7pePTlO+/DPxqS4VJQoHfmWyfiO3/8D8fsvjotGd/rdFDMljF9tNY+2RtOWnPvJbNHSy6NmPTE3GwnzTthmsWpEcdmlhIn0AAiRBJ0HKJtFEgdDLFd15xneU6Ism23YLqlk/WO5ZaSoO2E871Zw20etzqzvmUEACz2OYPL7vv1c3veS/GQtmgApux6aQe3IxVxqrKyZ9ba8zddtuWSM/txp68cmX7guZfeC/PYcOaazb5qz8HpqYlYlQwSeJVGYU4TRtlJEtmWB+s5V9bU5tOHH3z9oFkdcAs9r7137PVj6sIl0oeikCF+I1Xczv2/2RWVe+C41a4POPE1F48iv+/97OU3ZzvO0Giz1SzaeTJ5+KLVI+dvPHPF0iIh7sDYxKOvvf3aoQmjsjSz3bg8+M78+N/89Kk//YPL7CR1bRfb//59O07ioXtrbh6mUauaNobLznXbLzpz5Uil5swHau87R+575MmpyDX9/jjTPg1vZTk6nRJfH+OFMlWw/dzOw7hD8IdPHKT2URTi/LDI6amZ3mLBjOa3nr70tlu2r1yipmfVXb94fseuNyt9yxrNNslgFOWvHzy0ftlqktoCAR5HjPL7mfJda649WzXbd3z8hq2LBDT6vmJt/6rhj/zJ3z6irB7fq+SqfWDy6ESgVldUo618x3dNZjsZGKdSMBBtieDXbV37m317AhGfN2k4D+3ed871661UFdENS/zGy+/O7h4/1qkMeypxWtOXnL1kRVHtnsx/vW+fXR6d7zS8PPajmdt/b/OnLh1FeMwD+GVLh2+9YPgnT7371z9/1upbHhiOU+x/cOe+Ky7cvG2ZxM9HD6sn3627lf5GMGNaRlqf+PRFZ/7bT14gThyT0jX3NctGb9j8uX/xrbsn4iAxwd4i+wJPmgN4CUFQkncz474bZHVCLkHX8cjscGJYZ61WtTtTV29ee+ftWyBZUrWSOucrF37tL1uP7Bkr9Q5RiwQN692jx0O1WjIhKVcs3LWdZEkadip5cv3WTZsWSQ5UU0FZReVMnVVV55y+Oup08swMwMsvB6lOB4t4h4gGEyxwHIemjOSPOn3eNGRsGOqNGvOp6UZuedfbh4/FKndxIEjEwNh/+dzuDN9LnDayohXfeOlm5j6z+43J2I5UZqnASerXXngWXCZr7FGqmuZlnFWSDSn1+ctW3nzpZhXWkVnkFmeM0hO79+NbYdNv9k9Mph792aJDHGicv24ZXCZvKwSK8o6LPiJnOz2zqu744q1Wa8pDTbIUAizHwchBXrs3K6NqN216kAW/gAlCIB4gzTLbcUlLeYXHWORn37x9i8ZNFeOkqvG88ZKNNnmGMhud1PTKU3MkijhnYTUhJAYERViWxoOmdfn6YVQS0GZm28quGOJ2B8qekYXI0zQ9K7JpDTEfxaSMN3BjibSe40xyrRaLGJJTX3v2WTaASSGd8lQzfWr3BBEM1pB3vzKldh2espRXMezW3OyGdWesHaBBol5587gqjURZ6lmdAa/96WvXFLAz+i1pLhVpnuI+MDLO225c30OlZcS01LPa4l1vv6cZpN46dMgoEI7oyMSFYOYPb7pKAkmcl5xcHGOAoqqKb3mJumK5unzNcNKcs8khHNxF28UD6qCX5E5qm5GROo4Xh4mEMW2mUt1kVGyO6fpBc+6WSzeSzvtUy/hxi8xCkp/TTxtw3UKbrrzbEwnnMAqZLq0s/Kb0gCzy17jq5L22UCIHfSpKbywOEA5Jc0SDhsVMaelKRSdCAlBO+iLVIkLjIe4DdScfumDN8PKBatZp2KYdW/6O3W+Qk8xnonf3PPHCTF5wC2UriXqt/KbLN4LK7ExSb8WJ4TqeH7Ua60eHlxiqzAvWMI0kwcrzLOqgBJRwQ45av3xxUJ+2bZsU8GQ9mKZ2An6jSaJumU4WRssHetYuESILjvgAlaYO2kKmlUodAVM2rhk10yhN2GeQx1ae6dqKKeQGcgoTREByAIBTfrjPMs/Kq26OFNkDkUE6kYdfRTvzbFQehuo/rRbS6hQoYhrkJB1DtVwnQgocLMLiyCFhXwVGF9H4wMlD4pM8p+uvrQnVYW2pdqXSW+C+2F2uhirqnOX9hXAK/bfL1ddPNp4Zkzpi37Hg5XcmsurAfBJ35qe3jPRtGRDeJWknjucdV0VhYht+b6EHAWv+aDSkE5fLvkIasdnB+F43L+VxUW9EkPE0O5oDUewQ4qUAN6quj10jmBSfCtK21VZpSLfYydu0nnFH/b1xEBQdF2xRFzOX9gvj3axjyS6P1iUkoCnVXDdw53Ye2VloG3mhVMGmpYGB5gmjpSHk22bBSoHgpm2isZPHCA8tFEqky4JXpG+IFAUj0WgtPUE90c1fF2wyZA6jdP4jspFDenKsQKDJMke3AOCHg+HSLsF7bF03aHfyuNPJVODV7v/NPtrqv9q9fy7DNl3cddFMP3H5Frwb0sUsaNlkVA+WlyWmqzBl6dQR9CHSEJ9hEPW5ogRAzC5dH2ww6FBIsvXDILD1HA/3ZhhWnORhlBMewdPGrMkcYLVomXRRbNvkVb0TOY6bAVMrXJcmFhUrllYJDR/p+QBBP4RfQq68BT+Vue5Cvio5ABAEAdMUZLByst4YE+ERWNHlEa9kpq6Vlcy8YqRFK/OFPB7SrNILdH9so6SoBHSHgK09stZu3COzAx59URhEQwB1oI2AAG1HIJ/Tr9YtRu1C0qfcK+0/MXffW+qZQ1OJW4zDyM+ydSOLz1/lwWhXZX2lcsHx6R2LyhnexMRxIETkaySFejMK2Kny0szGy4P9san5TLIdobHsO/1lGTYwMEioYLhX7DlyojExLYwOw6Z0NmSvKPVgeCotdUT18hvvuA4qCMU5IZoxWochkoLbT4xCbLgZEqYTLe13SEN9pVODSDAM10hhkTAQbMQB6B6eJFoW/oEQShZGt4KFRAM5U3G8DtzKTZvGY1d6kKINCpBdX8Vy2JZQJVD1RJkrvMdMTdIJxoti8l6IJwPJMPCrtmyw4qBU8NM0jUz3p0+8OIaNk/EbqRvUr96yAW/uYH9JOlBQI339ZtDJ4phSc9/YyVfGFeUqB4jKWlx5LpqITe0eV68fPm56Rde1405jUX+1p6w8Q50+Mpi1ZvI0IqefTewHn93P+Mwro7Q4OZSdfVA4QsK+f069PT5jOIUwJpnWdilLdcmDj7gBCVw6xUOjIRQc4LJwRXIlrEZ0XcZLhOvqo16FKdLNEcMyxUeIJMTm8YBIKkssUoeYRhiMFkYBULMMP8BdxrYzw8lEDDuBraysh+knJoWVaSEnyTpAT8KN7GtEKMK2dctWLO5LG7N2GsZJMlYPQr+Kg/CS5oah8tUbK2gEm+sIiIvLNp7ltuslJ6NtMV1Z/P3HXh2nX4LtADZLwjxvgpSt8D/fu/dXHb8vNtHR0Epa5529VnAmAp8xOOI1zajRpIU0sOSnT+z62e5j83RiukRBv2mS3Y+F6i9/9MSh2SDGo7pFqdUkTAq/hGV55mRioKwKD+AxjhDFxC4zcgYGgw+/pMULTBB+Y+/aEwBBhwgRAyzHKQvXhInCGmCz4Yan135DM1rLVquSrC0uDkFJpStrCGQ9YOGH6rJIaY2uyUENJw6RrCXDLVyy/vS8fmKgin4rr1TFe2KueXP68o0ryWoBblt+Vz2u3NwzwqjOrO0a5J87Dx/9rz9+/s2OmlJqzrTnDWPeULvn1Ne/+8s9R2dUEYHFTtwcrZjXblsKPoC6YNTdvHLAihqea9fpgNQW/5f/8cB/vmfnnin1Xq4mDeNAoB7YE/3xnQ/sPnKsMLAYzUL+aJUOZeKLgbPAciFZNId/eC9RLBygdtdoXFdhZbCmOE8pEzQjdcSSJgPBFbVgBATSUWJ+mouCejhaes20GbWRBpIkCdQ0SR1iR5S5yg5Sw7XYC8ZyhCrWSJPQtQo8SUiZE5EeB7ZvykYz+ZiNOV+7eemjTyVTQTPPC1aUeAgtaI0MVq66gGJQ6Z6eEMpckrbbrr/oP93zsF8pJuyUlrxHDhzb+ec/P/v00eFFfa5vHxw79so7J2Y7uVUbIu6XrTSbmfijW69dZUvpz8Hv7X9w88vf+l8zQdPxy5HthOWVP35+4p4X/m7JQKWE/Jrh2HRIq9LpG+jEfMHBupKbUUQQfBeIcrx2lkEUZuRAqhzdhEq8M/0OBlKgdZ2qTo1En2UXhdAkkhEPTWmDOQR0YGF0QJ7OSzLoJKFPVrNtz3N4Iz0j8WmyMCKW5eXI6abgE+J2hxSLA6o8Urqw3d2honLlIY1mepXkKnyIQgbAo1FfbTtr1d/vmbAqFYf2QdDI8M7bL6RUw48TSpklm1Q6t73x3MV7xs568KU3in4lNUpmz+KTnejRNyeMvYex4NRwYrfXrZZt7K85pVoTH9t29u9fsByBIXY0A5TO6lN3fOH3v/ndv5tPeo3yYGIW7UotdeL99dk07hQKRdXXC/vmZo5WyjWCk3TTooivUNDfJDfFUeR5sUD9GHlkecQMmkya20I+nEEuWdrpdBwUkGVFu2ESRYt4Trwg2VfJd9qNuapt9vb2oMpmQXnk7ZIYGqFPqm1mjSASuuWQYMxUoDHf9D06w/DbM8yq55copXRH0c6zkp2XC7SXYgIIU9BNvTmEH3fE9ep6advGM6UcYEslCh0jHak42zctI3KasjUiiKIQMJ20Ds/x7z563hcu21JutVUzTALywKJX7vFqg05tuFhbUvOKdrsdz84Ww+Znrtj8jU9uq2iRk2GzFglsn8puOcP/m3/1iTWFljl9pAp1UZh2Agqk3p7FlrKjuel4auzzN1y+dfVQ2pxxqIAt6CAK8cWSGFbUbllse+ZJwchd05CdT1SBIBwn7FV6lknnlmGuI/pLf5X9u4CCX9cWwvuoXTQSdMpM2q3mHHMpa+kwKbcxZTdTp1C2282Sy86DYAwgyVrEAyEtQ9UnvcZJBJwHgRM0zHbkK5eSvhbVrRNTdrnXaswVSj0kWxCMC+/mCawhrgmvyycJFt4wxgnlzebVF6wfZStd4rXkmtgO6ScLiVNiwUz90ZXrVo2e8fePv7Dn0Dh7SxaccN12J6KdUraNQtBev3rlrddde/lKBZcNCmubbo30IvBrYafuOaVLV1e/983b7n7kzRdfPnxitjUXNWzfYzdiUbU8PNp/80e3n79K/ccfvF0ruPNBQBWOweOaQAJdqeXtatCKo1azMVcZqWC+luz6k6m1qvF0Z0q0oxTNZI1pW0m5wxSJWgRaaAiV25lJZuo+ChE1jBDQEuiNAVd9+dpL5zB1kt8oXFbwqjDGklqHaQI+z/oM64b1o6NV9uy8nA92os7aQT44yGsq/8JlGz9tF9E84t6Ao3qFfRKfC/RbqQ8tl1KlaalHX9hD/wGv43q+b6XXbT2D/o4rUsQCJBcSB2WQvUh5UtWbJtevNrevvvCFA+Grbx0YO3ZirtEsLqr0VQpDFe/Cc87cMFpEkRAVSoW3BI6oBVymK1KoEWgQ2ApL/en165pXrxs7ls4n7enpmdP6lwz2u5UeVlPkIc3JyYAGZLXW6rR7+iu9RTQs71XGV265vBkVcstNs7DqpIuonTQnrjl3Vb9vWcUaqXDWmTt/9SIPdxwHtCB8tIMuoOEtqalvfvGTQGUnlwJyuCy1vpFEOD35PAenDLKcpK0QjtsUtGGEMK1F9hpaDmM4GAMNnPTF0T3CI0GTURzQbLLTQSJEYkSfhiRUmXXDeHpSfeO7P+mUBg2vFM3O3Lz1jDuuW92vUlvKUREq+hAlqc1GD8qr7RT9YlsHZ4UX6ogMxFMxFmvjhOwu5agEBoHKYMA0HWLTfHe21aRrVijQN2h1OkMDhT4+cujum+i5yJIu0Sz73K9Of/uH93SKo4Hyotb8Teev+uvPnF1OOw4dJ1RE3K4czMWnEdzoG3ELWP6DDHwgHlArCl7dX8ma7dSk+7hgx8zlZBoKLR/H2MRRSWDwxVmYGXglSGKEAIMIug8U5/qONp2tqxpcPlzAoRXY4su4I5EmpzMdiwn8ByDiXVCcnz31Wt3tM3BNadxvZzdevBqR2IKtNCWkdcWKuk+iVRMPQNJFOZ7FWV4w2PiWCKPJFAJAlcWpxGXnE79vSoXEXmFGrWl637n/2cf2HHK8WoAFOc5Qxf/Kx6+9aI3UyiyFQiBcdPnhvY3/fs+j7eJwbPrMt+LOljUrINm1CInyaR7BWbAjC8aFg59OSBjA5xgxG/RYES0JcSH4C1RKnLUsobWEPqT4Q/19DNB4TnCS7A2/Sc4bSGWAizvFZaZpVwssJjIBYGQRkEnQAz6YMEBUW+5F+8GDU4pZ2q90FLVgD55Mnn/zXbP3tASnMzd17Vkrz6iIVjJb0AFLEIGPbHfKd0SA0d1b3VJA5JDFvolgwjBZVHbRxQS04SFrnoAFGRE5ACtu/8hHHn7jf3fMSugX+FJtcmbuz75/99nLB04b6l08UGNv6vjM/N6jk29N1DtOX2aV8zgpZsHKxaUrNlXACtFxgAN1Of90mbxAqZCcEkVyeAS7BB3J/IRdXAvemiHoCv5H+CJsgxn0aGkKopO6zQdM7YhEid8/tJPmTvJpuCxQwYQ7RncNfGG0PNIiFwFLAqEzTdaW/apnX2tiFLCh2S5m0ccv2ciWAl8d6BkaqhAkwGVvlbJVL6TNXRbRnwFrddZrgQn/mcEBryNFtwEzCz0SWP0t86Yl6p//3hXfufshb2hlhNMv9M6p0pNjc9ahgyoJ6GZHmRnZJbe6gl0K+F7mY436sS/f/oeDjohfGkbSWJciRePVRUzjxI9wVhyIxmXhV9ghE/XRZQvDmCyZLWMM1xAzf/84xdX3H/z2Au7pSfKku8TvXmn2/na4vmIpGHFgKt/1+r6+/tFWMF/Lw/PWLF+3SL4At7oGIGLRbBMNEO+kD3moXwiiC8cHluWye8d4qTbklwpMnAq70IOW+c8uH46iq+566Gm+Eij3LurEuVPpT+Mi5FMJs2vl2F4Uxi6t6Prxipd86TM3XLzW7UeLpTqghnPo6Wi/Jov/duXfReX9592L928/MEqedZ9/kNELA/6f/KNk6hrgjsceCttTpk2XOzPazRtu/izBlgIMlyHWJp0brQN4BnggyvohDkZjt1Ltk3xJ8c9HVxH+Ysgp3H718k2rhr5/z0NvThzwSj3T86FVKKYWhUlCfYIH68F+w/p5a5Z++VM3bhgypH0IhLgtAUnaloKJKOWHQOcfG7rAjn9syD/1HYzuGMYz74zP5F5kV0gXq1ly4Sq/lCrip+R+p6xLdwSgSLuPD0mZxBzNkyxq8YGSMEY8thcZDu1V0qSX31M73zg4Nts4cnK6Q//UcPiSYnSwtqTiXrRh1TkjiEj5aeZTY4nX7fKWyttkV1w2VBc8wj+VC6fm/f9ldGzIZ3PdpJAVqSyIVtLMl9KR7yjxLZJG4lzhELkPY2DUh2O1MIeAwzQgCEBAcSbw1DKBTnjEHWiPIF/G4F8o1nE35LaSIMqXqWSnCzzucjpnB1aMiwZ7Yknv4sNhdIq3v/P//wBkfQfkCmVuZHN0cmVhbQplbmRvYmoKMTIgMCBvYmoKPDwvQWx0ZXJuYXRlL0RldmljZVJHQi9GaWx0ZXIvRmxhdGVEZWNvZGUvTGVuZ3RoIDMxMzUvTiAzPj5zdHJlYW0KeJyVVwdYU8kWnltSIQQIREBK6E0QkRJASggtgPQiiEpIAoQSY0JQsaOLCq5dRLCiqyCKHRCxYVcWxe5aFgsqK+tiwa68CQF02Ve+N983d/77z5l/zjl35t47ANDb+VJpDqoJQK4kTxYT7M8al5TMInUCFDAAFQCgxhfIpZyoqHCIwUD79/LuJkCU7TUHpdY/+/9r0RKK5AIAkCiI04RyQS7EBwHAmwRSWR4ARCnkzafmSZV4NcQ6MuggxFVKnKHCTUqcpsJX+mziYrgQPwGArM7nyzIA0OiGPCtfkAF16DBa4CQRiiUQ+0Hsk5s7WQjxXIhtoA2ck67UZ6f9oJPxN820QU0+P2MQq2LpK+QAsVyaw5/+f6bjf5fcHMXAHNawqmfKQmKUMcO8PcmeHKbE6hB/kKRFREKsDQCKi4V99krMzFSExKvsURuBnAtzBpgQj5HnxPL6+RghPyAMYkOI0yU5EeH9NoXp4iClDcwfWibO48VBrAdxlUgeGNtvc0I2OWZg3pvpMi6nn3/Ol/X5oNT/psiO56j0Me1MEa9fH3MsyIxLhBiuOywgX5wQAbEGxBHy7NiwfpuUgkxuxICNTBGjjMUCYplIEuyv0sdK02VBMf32O3PlA7FjJzLFvIh+fDUvMy5ElSvsiYDf5z+MBesWSTjxAzoi+bjwgViEooBAVew4WSSJj1XxuJ40zz9GNRa3k+ZE9dvj/qKcYCVvBnGcPD92YGx+HlycKn28SJoXFafyEy/P4odGqfzB94JwwAUBgAUUsKaBySALiFu76rvgnaonCPCBDGQAEXDoZwZGJPb1SOA1FhSAPyESAfngOP++XhHIh/zXIaySEw9yqqsDSO/vU6pkg6cQ54IwkAPvFX1KkkEPEsATyIj/4REfVgGMIQdWZf+/5wfY7wwHMuH9jGJgRhZ9wJIYSAwghhCDiLa4Ae6De+Hh8OoHqzPOxj0G4vhuT3hKaCM8ItwgtBPuTBIXyoZ4ORa0Q/2g/vyk/Zgf3ApquuL+uDdUh8o4EzcADrgLnIeD+8KZXSHL7fdbmRXWEO2/RfDDE+q3ozhRUMowih/FZuhIDTsN10EVZa5/zI/K17TBfHMHe4bOz/0h+0LYhg21xBZhB7Bz2EnsAtaE1QMWdhxrwFqwo0o8uOKe9K24gdli+vzJhjpD18z3J6vMpNypxqnT6YuqL080LU+5GbmTpdNl4ozMPBYHfjFELJ5E4DiC5ezk7AqA8vujer29ie77riDMlu/c/N8B8D7e29t75DsXehyAfe7wlXD4O2fDhp8WNQDOHxYoZPkqDldeCPDNQYe7Tx8YA3NgA+NxBm7AC/iBQBAKIkEcSAITofeZcJ3LwFQwE8wDRaAELAdrQDnYBLaCKrAb7Af1oAmcBGfBJXAF3AB34erpAC9AN3gHPiMIQkJoCAPRR0wQS8QecUbYiA8SiIQjMUgSkopkIBJEgcxE5iMlyEqkHNmCVCP7kMPISeQC0obcQR4inchr5BOKoeqoDmqEWqEjUTbKQcPQOHQCmoFOQQvQBehStAytRHehdehJ9BJ6A21HX6A9GMDUMCZmijlgbIyLRWLJWDomw2ZjxVgpVonVYo3wOV/D2rEu7CNOxBk4C3eAKzgEj8cF+BR8Nr4EL8er8Dr8NH4Nf4h3498INIIhwZ7gSeARxhEyCFMJRYRSwnbCIcIZuJc6CO+IRCKTaE10h3sxiZhFnEFcQtxA3EM8QWwjPib2kEgkfZI9yZsUSeKT8khFpHWkXaTjpKukDtIHshrZhOxMDiInkyXkQnIpeSf5GPkq+Rn5M0WTYknxpERShJTplGWUbZRGymVKB+UzVYtqTfWmxlGzqPOoZdRa6hnqPeobNTU1MzUPtWg1sdpctTK1vWrn1R6qfVTXVrdT56qnqCvUl6rvUD+hfkf9DY1Gs6L50ZJpebSltGraKdoD2gcNhoajBk9DqDFHo0KjTuOqxks6hW5J59An0gvopfQD9Mv0Lk2KppUmV5OvOVuzQvOw5i3NHi2G1iitSK1crSVaO7UuaD3XJmlbaQdqC7UXaG/VPqX9mIExzBlchoAxn7GNcYbRoUPUsdbh6WTplOjs1mnV6dbV1nXRTdCdpluhe1S3nYkxrZg8Zg5zGXM/8ybz0zCjYZxhomGLh9UOuzrsvd5wPT89kV6x3h69G3qf9Fn6gfrZ+iv06/XvG+AGdgbRBlMNNhqcMegarjPca7hgePHw/cN/M0QN7QxjDGcYbjVsMewxMjYKNpIarTM6ZdRlzDT2M84yXm18zLjThGHiYyI2WW1y3OQPli6Lw8phlbFOs7pNDU1DTBWmW0xbTT+bWZvFmxWa7TG7b041Z5unm682bzbvtjCxGGsx06LG4jdLiiXbMtNyreU5y/dW1laJVgut6q2eW+tZ86wLrGus79nQbHxtpthU2ly3JdqybbNtN9hesUPtXO0y7SrsLtuj9m72YvsN9m0jCCM8RkhGVI645aDuwHHId6hxeOjIdAx3LHSsd3w50mJk8sgVI8+N/Obk6pTjtM3p7ijtUaGjCkc1jnrtbOcscK5wvj6aNjpo9JzRDaNfudi7iFw2utx2ZbiOdV3o2uz61c3dTeZW69bpbuGe6r7e/RZbhx3FXsI+70Hw8PeY49Hk8dHTzTPPc7/nX14OXtleO72ej7EeIxqzbcxjbzNvvvcW73Yflk+qz2afdl9TX75vpe8jP3M/od92v2ccW04WZxfnpb+Tv8z/kP97rid3FvdEABYQHFAc0BqoHRgfWB74IMgsKCOoJqg72DV4RvCJEEJIWMiKkFs8I56AV83rDnUPnRV6Okw9LDasPOxRuF24LLxxLDo2dOyqsfciLCMkEfWRIJIXuSryfpR11JSoI9HE6KjoiuinMaNiZsaci2XETordGfsuzj9uWdzdeJt4RXxzAj0hJaE64X1iQOLKxPZxI8fNGncpySBJnNSQTEpOSN6e3DM+cPya8R0prilFKTcnWE+YNuHCRIOJOROPTqJP4k86kEpITUzdmfqFH8mv5Pek8dLWp3ULuIK1ghdCP+FqYafIW7RS9CzdO31l+vMM74xVGZ2ZvpmlmV1irrhc/CorJGtT1vvsyOwd2b05iTl7csm5qbmHJdqSbMnpycaTp01uk9pLi6TtUzynrJnSLQuTbZcj8gnyhjwd+KPforBR/KR4mO+TX5H/YWrC1APTtKZJprVMt5u+ePqzgqCCX2bgMwQzmmeazpw38+Eszqwts5HZabOb55jPWTCnY27w3Kp51HnZ834tdCpcWfh2fuL8xgVGC+YuePxT8E81RRpFsqJbC70WblqELxIval08evG6xd+KhcUXS5xKSku+LBEsufjzqJ/Lfu5dmr60dZnbso3Licsly2+u8F1RtVJrZcHKx6vGrqpbzVpdvPrtmklrLpS6lG5aS12rWNteFl7WsM5i3fJ1X8ozy29U+FfsWW+4fvH69xuEG65u9NtYu8loU8mmT5vFm29vCd5SV2lVWbqVuDV/69NtCdvO/cL+pXq7wfaS7V93SHa0V8VUna52r67eabhzWQ1ao6jp3JWy68rugN0NtQ61W/Yw95TsBXsVe//Yl7rv5v6w/c0H2AdqD1oeXH+Icai4DqmbXtddn1nf3pDU0HY49HBzo1fjoSOOR3Y0mTZVHNU9uuwY9diCY73HC473nJCe6DqZcfJx86Tmu6fGnbp+Ovp065mwM+fPBp09dY5z7vh57/NNFzwvHL7Ivlh/ye1SXYtry6FfXX891OrWWnfZ/XLDFY8rjW1j2o5d9b168lrAtbPXedcv3Yi40XYz/ubtWym32m8Lbz+/k3Pn1W/5v32+O/ce4V7xfc37pQ8MH1T+bvv7nna39qMPAx62PIp9dPex4PGLJ/InXzoWPKU9LX1m8qz6ufPzps6gzit/jP+j44X0xeeuoj+1/lz/0ublwb/8/mrpHtfd8Ur2qvf1kjf6b3a8dXnb3BPV8+Bd7rvP74s/6H+o+sj+eO5T4qdnn6d+IX0p+2r7tfFb2Ld7vbm9vVK+jN/3K4AB5dEmHYDXOwCgJQHAgOdG6njV+bCvIKozbR8C/wmrzpB9xQ2AWvhPH90F/25uAbB3GwBWUJ+eAkAUDYA4D4COHj1YB85yfedOZSHCs8HmiK9puWng3xTVmfQHv4e2QKnqAoa2/wJAMILcCmVuZHN0cmVhbQplbmRvYmoKMTMgMCBvYmoKPDwvQWx0ZXJuYXRlL0RldmljZVJHQi9GaWx0ZXIvRmxhdGVEZWNvZGUvTGVuZ3RoIDMxMzUvTiAzPj5zdHJlYW0KeJyVVwdYU8kWnltSIQQIREBK6E0QkRJASggtgPQiiEpIAoQSY0JQsaOLCq5dRLCiqyCKHRCxYVcWxe5aFgsqK+tiwa68CQF02Ve+N983d/77z5l/zjl35t47ANDb+VJpDqoJQK4kTxYT7M8al5TMInUCFDAAFQCgxhfIpZyoqHCIwUD79/LuJkCU7TUHpdY/+/9r0RKK5AIAkCiI04RyQS7EBwHAmwRSWR4ARCnkzafmSZV4NcQ6MuggxFVKnKHCTUqcpsJX+mziYrgQPwGArM7nyzIA0OiGPCtfkAF16DBa4CQRiiUQ+0Hsk5s7WQjxXIhtoA2ck67UZ6f9oJPxN820QU0+P2MQq2LpK+QAsVyaw5/+f6bjf5fcHMXAHNawqmfKQmKUMcO8PcmeHKbE6hB/kKRFREKsDQCKi4V99krMzFSExKvsURuBnAtzBpgQj5HnxPL6+RghPyAMYkOI0yU5EeH9NoXp4iClDcwfWibO48VBrAdxlUgeGNtvc0I2OWZg3pvpMi6nn3/Ol/X5oNT/psiO56j0Me1MEa9fH3MsyIxLhBiuOywgX5wQAbEGxBHy7NiwfpuUgkxuxICNTBGjjMUCYplIEuyv0sdK02VBMf32O3PlA7FjJzLFvIh+fDUvMy5ElSvsiYDf5z+MBesWSTjxAzoi+bjwgViEooBAVew4WSSJj1XxuJ40zz9GNRa3k+ZE9dvj/qKcYCVvBnGcPD92YGx+HlycKn28SJoXFafyEy/P4odGqfzB94JwwAUBgAUUsKaBySALiFu76rvgnaonCPCBDGQAEXDoZwZGJPb1SOA1FhSAPyESAfngOP++XhHIh/zXIaySEw9yqqsDSO/vU6pkg6cQ54IwkAPvFX1KkkEPEsATyIj/4REfVgGMIQdWZf+/5wfY7wwHMuH9jGJgRhZ9wJIYSAwghhCDiLa4Ae6De+Hh8OoHqzPOxj0G4vhuT3hKaCM8ItwgtBPuTBIXyoZ4ORa0Q/2g/vyk/Zgf3ApquuL+uDdUh8o4EzcADrgLnIeD+8KZXSHL7fdbmRXWEO2/RfDDE+q3ozhRUMowih/FZuhIDTsN10EVZa5/zI/K17TBfHMHe4bOz/0h+0LYhg21xBZhB7Bz2EnsAtaE1QMWdhxrwFqwo0o8uOKe9K24gdli+vzJhjpD18z3J6vMpNypxqnT6YuqL080LU+5GbmTpdNl4ozMPBYHfjFELJ5E4DiC5ezk7AqA8vujer29ie77riDMlu/c/N8B8D7e29t75DsXehyAfe7wlXD4O2fDhp8WNQDOHxYoZPkqDldeCPDNQYe7Tx8YA3NgA+NxBm7AC/iBQBAKIkEcSAITofeZcJ3LwFQwE8wDRaAELAdrQDnYBLaCKrAb7Af1oAmcBGfBJXAF3AB34erpAC9AN3gHPiMIQkJoCAPRR0wQS8QecUbYiA8SiIQjMUgSkopkIBJEgcxE5iMlyEqkHNmCVCP7kMPISeQC0obcQR4inchr5BOKoeqoDmqEWqEjUTbKQcPQOHQCmoFOQQvQBehStAytRHehdehJ9BJ6A21HX6A9GMDUMCZmijlgbIyLRWLJWDomw2ZjxVgpVonVYo3wOV/D2rEu7CNOxBk4C3eAKzgEj8cF+BR8Nr4EL8er8Dr8NH4Nf4h3498INIIhwZ7gSeARxhEyCFMJRYRSwnbCIcIZuJc6CO+IRCKTaE10h3sxiZhFnEFcQtxA3EM8QWwjPib2kEgkfZI9yZsUSeKT8khFpHWkXaTjpKukDtIHshrZhOxMDiInkyXkQnIpeSf5GPkq+Rn5M0WTYknxpERShJTplGWUbZRGymVKB+UzVYtqTfWmxlGzqPOoZdRa6hnqPeobNTU1MzUPtWg1sdpctTK1vWrn1R6qfVTXVrdT56qnqCvUl6rvUD+hfkf9DY1Gs6L50ZJpebSltGraKdoD2gcNhoajBk9DqDFHo0KjTuOqxks6hW5J59An0gvopfQD9Mv0Lk2KppUmV5OvOVuzQvOw5i3NHi2G1iitSK1crSVaO7UuaD3XJmlbaQdqC7UXaG/VPqX9mIExzBlchoAxn7GNcYbRoUPUsdbh6WTplOjs1mnV6dbV1nXRTdCdpluhe1S3nYkxrZg8Zg5zGXM/8ybz0zCjYZxhomGLh9UOuzrsvd5wPT89kV6x3h69G3qf9Fn6gfrZ+iv06/XvG+AGdgbRBlMNNhqcMegarjPca7hgePHw/cN/M0QN7QxjDGcYbjVsMewxMjYKNpIarTM6ZdRlzDT2M84yXm18zLjThGHiYyI2WW1y3OQPli6Lw8phlbFOs7pNDU1DTBWmW0xbTT+bWZvFmxWa7TG7b041Z5unm682bzbvtjCxGGsx06LG4jdLiiXbMtNyreU5y/dW1laJVgut6q2eW+tZ86wLrGus79nQbHxtpthU2ly3JdqybbNtN9hesUPtXO0y7SrsLtuj9m72YvsN9m0jCCM8RkhGVI645aDuwHHId6hxeOjIdAx3LHSsd3w50mJk8sgVI8+N/Obk6pTjtM3p7ijtUaGjCkc1jnrtbOcscK5wvj6aNjpo9JzRDaNfudi7iFw2utx2ZbiOdV3o2uz61c3dTeZW69bpbuGe6r7e/RZbhx3FXsI+70Hw8PeY49Hk8dHTzTPPc7/nX14OXtleO72ej7EeIxqzbcxjbzNvvvcW73Yflk+qz2afdl9TX75vpe8jP3M/od92v2ccW04WZxfnpb+Tv8z/kP97rid3FvdEABYQHFAc0BqoHRgfWB74IMgsKCOoJqg72DV4RvCJEEJIWMiKkFs8I56AV83rDnUPnRV6Okw9LDasPOxRuF24LLxxLDo2dOyqsfciLCMkEfWRIJIXuSryfpR11JSoI9HE6KjoiuinMaNiZsaci2XETordGfsuzj9uWdzdeJt4RXxzAj0hJaE64X1iQOLKxPZxI8fNGncpySBJnNSQTEpOSN6e3DM+cPya8R0prilFKTcnWE+YNuHCRIOJOROPTqJP4k86kEpITUzdmfqFH8mv5Pek8dLWp3ULuIK1ghdCP+FqYafIW7RS9CzdO31l+vMM74xVGZ2ZvpmlmV1irrhc/CorJGtT1vvsyOwd2b05iTl7csm5qbmHJdqSbMnpycaTp01uk9pLi6TtUzynrJnSLQuTbZcj8gnyhjwd+KPforBR/KR4mO+TX5H/YWrC1APTtKZJprVMt5u+ePqzgqCCX2bgMwQzmmeazpw38+Eszqwts5HZabOb55jPWTCnY27w3Kp51HnZ834tdCpcWfh2fuL8xgVGC+YuePxT8E81RRpFsqJbC70WblqELxIval08evG6xd+KhcUXS5xKSku+LBEsufjzqJ/Lfu5dmr60dZnbso3Licsly2+u8F1RtVJrZcHKx6vGrqpbzVpdvPrtmklrLpS6lG5aS12rWNteFl7WsM5i3fJ1X8ozy29U+FfsWW+4fvH69xuEG65u9NtYu8loU8mmT5vFm29vCd5SV2lVWbqVuDV/69NtCdvO/cL+pXq7wfaS7V93SHa0V8VUna52r67eabhzWQ1ao6jp3JWy68rugN0NtQ61W/Yw95TsBXsVe//Yl7rv5v6w/c0H2AdqD1oeXH+Icai4DqmbXtddn1nf3pDU0HY49HBzo1fjoSOOR3Y0mTZVHNU9uuwY9diCY73HC473nJCe6DqZcfJx86Tmu6fGnbp+Ovp065mwM+fPBp09dY5z7vh57/NNFzwvHL7Ivlh/ye1SXYtry6FfXX891OrWWnfZ/XLDFY8rjW1j2o5d9b168lrAtbPXedcv3Yi40XYz/ubtWym32m8Lbz+/k3Pn1W/5v32+O/ce4V7xfc37pQ8MH1T+bvv7nna39qMPAx62PIp9dPex4PGLJ/InXzoWPKU9LX1m8qz6ufPzps6gzit/jP+j44X0xeeuoj+1/lz/0ublwb/8/mrpHtfd8Ur2qvf1kjf6b3a8dXnb3BPV8+Bd7rvP74s/6H+o+sj+eO5T4qdnn6d+IX0p+2r7tfFb2Ld7vbm9vVK+jN/3K4AB5dEmHYDXOwCgJQHAgOdG6njV+bCvIKozbR8C/wmrzpB9xQ2AWvhPH90F/25uAbB3GwBWUJ+eAkAUDYA4D4COHj1YB85yfedOZSHCs8HmiK9puWng3xTVmfQHv4e2QKnqAoa2/wJAMILcCmVuZHN0cmVhbQplbmRvYmoKeHJlZgowIDE0CjAwMDAwMDAwMDAgNjU1MzUgZiAKMDAwMDAxMTE0MyAwMDAwMCBuIAowMDAwMDExMjc2IDAwMDAwIG4gCjAwMDAwMTA5ODAgMDAwMDAgbiAKMDAwMDAwMDk2NyAwMDAwMCBuIAowMDAwMDAwMDE1IDAwMDAwIG4gCjAwMDAwMTExODggMDAwMDAgbiAKMDAwMDAxMDgyNCAwMDAwMCBuIAowMDAwMDAxMTMzIDAwMDAwIG4gCjAwMDAwMTEzMzMgMDAwMDAgbiAKMDAwMDAyMDA5NCAwMDAwMCBuIAowMDAwMDI1OTU3IDAwMDAwIG4gCjAwMDAwMzQ3MTkgMDAwMDAgbiAKMDAwMDAzNzk0NyAwMDAwMCBuIAp0cmFpbGVyCjw8L0lEIFs8M2E1ZTUzZjQxYzVhNmM2NmJmODUyMDk0MTUwODk0NjcxZGRjYTg2ZGI3MTFhMjBhYjI5Yzc4MWI5MzNiMmYxMDJmOTM0NTUyYmI0MjI5MTgyZTRmZmNiNjE3NGUxYTNmMzA1MmI4OWQ5M2ZjNTg3NWQyY2YzNTVlYWQxY2FhYjA+PDNhNWU1M2Y0MWM1YTZjNjZiZjg1MjA5NDE1MDg5NDY3MWRkY2E4NmRiNzExYTIwYWIyOWM3ODFiOTMzYjJmMTAyZjkzNDU1MmJiNDIyOTE4MmU0ZmZjYjYxNzRlMWEzZjMwNTJiODlkOTNmYzU4NzVkMmNmMzU1ZWFkMWNhYWIwPl0vSW5mbyAzIDAgUi9Sb290IDEgMCBSL1NpemUgMTQ+PgolaVRleHQtQ29yZS04LjAuNQpzdGFydHhyZWYKNDExNzUKJSVFT0YK"
            }
        },
        "KFS": {
            "detail": {
                "BASE64STRING": "JVBERi0xLjcKJeLjz9MKNSAwIG9iago8PC9GaWx0ZXIvRmxhdGVEZWNvZGUvTGVuZ3RoIDg4NT4+c3RyZWFtCnicjZdRb9MwEMff8yn8CFLn2o7tJLyVjaGKbsBWIV69JqMZTQJupgHiw3OJndjSqL1NmnTd/f8/93L2OT8TyggaftMMpRJlskC7JlmuG4ouuuRz8jN5u02WlxRRhrb3iWBYIMEpLgq0LZNXF93usanaHvW/f1Svtw/Ju+1zEaM5FtyXVWcrVe6V0uhb1VZa9VWJ7nXXoMv19e1qs0HTv79ebU65mqXQAgs6er43TnXXohIMY4txQkaYOCPpGRWI0TcpeUPSIJMXGSbMfv2n9tCp8iVET/aMyPIwMeODwyC9UsfvUKypPu1jc1fpGNnJf9mfgqcsjIS/RI6aa9VEv5vL/lJVGq3a+oA+qOZOHU5KDYbBY8hNLaGEqLtHb2vd72M8J6NFAbXMoZZhEMnw3CdlvGRz+lXQNs05liZxt+zQAh2XXVggGabpKFiVpa6Ox8hKPAGKpXKOoaVelMokptmY+vDYKnSn4IHdqT/QUk9Kl0guBoO4DckxNVv6Rh33dbv4oPSD6l+mZgXBzBev9o0qW/VN6cWV2isNn/ZavdAsY5gZt3Vb1mrBKedmJ5/Wjo+E8QJnZntsVFs2Sn8P57MMM9Psm26nDnX/O7Y2p/h/tcM8wnFmmv0cWGiJLupjr+tdH8M6oSlwEENzKKB5lp/qFp13ZWzXewpX7NP+osC52Sq3ffy49NK9XvBEZmzdvE8ImD8lAnoJ5oGAfStRY0MqGDokt//LZ1QOi58FNg4oxNAnPsLEIQWBbIkLav2HuWPiwKIIdyLhHAKIlGOeeggTRxCTSDiHAILC6OYewsQRxCQSzuE0gucF5tIhbBxGzCLhHAIICZXMPYSJI4hJJJxDAAFHsPAIYxgBWImY5QF7xoY7hPM3cQQwiYRzOI1ICxitXjfZOIyYRcI5BBAZ3IS8Ktk4gphEwjmcRjAJc9nrJhuHEbNIOIcAgsNg9rrJxhHEJBLOIYCAS2rmEcYwArASMctP21O4kTLvbLJxGDCLhHMIIODqmXndZOMIYhIJ5xBAwHRhXjfZOIKYRMI5TAoqjYYRaLQcDvyC2XciZt6JCCZpAXcNa8zANs1TyAMrOY5dpCswc4ONDoMNbqrD4QFnbT7evGDaafBKpZQZWLy67DTa1E09vAyd13r3eDBvM3/R+cfry/XFu+vteuVeh/4BO3b0vAplbmRzdHJlYW0KZW5kb2JqCjQgMCBvYmoKPDwvQ29udGVudHMgNSAwIFIvTWVkaWFCb3hbMCAwIDU5NSA4NDJdL1BhcmVudCAyIDAgUi9SZXNvdXJjZXM8PC9Gb250PDwvRjEgNiAwIFI+Pi9YT2JqZWN0PDwvSW0xIDkgMCBSL0ltMiAxMCAwIFI+Pj4+L1RyaW1Cb3hbMCAwIDU5NSA4NDJdL1R5cGUvUGFnZT4+CmVuZG9iago4IDAgb2JqCjw8L0ZpbHRlci9GbGF0ZURlY29kZS9MZW5ndGggOTYyMz4+c3RyZWFtCniclXtpk6tIsuX3+hVpt82e9Zi6UuzLTN16xg5CgNgF39jEviOBsPnxE5mqvn27X7+sN5mWKSDBPY6HH/cTytD4C4xAbx/fKPmGEm8kQb8l7S9HpYXf+P4X85fxF9b55SjCbzD95tx++bgFw95p7M1Jf0HenOkX6J1Awdfb+stfs1+ZKC2iaHq7auf/5VS/CM6nhZeDKf8F+CAR4h1H39pfcJz6+0kDTmhwQr5OPnz8OCb/cdPtn439ZOBlDYGQdwj/wxoCwf84+WHun5z+G3t/mGg//P4wB8bzT9Z+OvnJ6e2/QP3Z2A+n/wTuJ8M/O7z9HHf8M+wfFuB3BP8I+19/+8+tbd4e2TSXfff9G7Dw7S3rkj4tu/z7N9cRf6W+/efvvxm3W1N22SUasqnJ5ll9Jm9TdssmcG+mpN+/0RiKAKc4hMI4AqMQQqAw8u3339wy5aMl+v23S1++pX0MXOC/QtSvME3jwBN4EL8RBEZTtwTCoeSGExlFwyhBonB6gxEKAad0hiIYdaPI9IamWIxTCIbAMInfKCLBvr3lWZdm0/dv2rePPPnr20/Z8q+4YfSdJD5xtx8DIRA4Q6IYQm4xQlFpRib0LSUziKARCqJwIsVgEr7hWZTc4jjJEihLb8QNopMbRBDRt7cuagECL8umN6Yrmzc1auOoyb4dP+BGb0k0Zf3t+7dvb0l/75bp+f2b0qUleDAt5+X7N6Zoo7SL8mj69lb09zn7uLWJurSNpvrzuE++f6vuXfQWR8B8HO2AD2s0pW/Et7cB/A2DMQxC/xw3RLwjL9xD//2bFc1F2X17m5doAT61qIgmcGmZoo9rU5YtH87ne/waphpNVbT8qROCpt5J8tPJY0l+ePmIRbH8fqSrI8Ywpl2HJytnWCZnwBl4ZfgjsrI8w+QSmycSa+YyuyYnzsxVnjV1npnPPFvbwkq5stXf5AKKwA35icM6hVNmZVsTlU+GM89sOm9C8jPBL07+vHDYrvPnl22zBvZWYCfXeSt/KtZaaJXy/PHzFSjAFOoT1M8P/I9/zseVYSyO4RVGZXjGVhimEFhmE9gjZTLy+hEEl2VM4eOH+ceXwDGrKYKAKJzZnz/uXSxwORd4ZlUEZnVF8AC4INKMqYDgmRZrKYXmCpIAiwX7PG0ir34BiwJEoD9hsXUkKAqkbqvl2dCNqTXk9MzzWhWLJJCsvjmVSa/aPaQ7AWrwNWFClmjVqWK7g+OJnu/BRei3eh36YRdJzZigFpx2KZZdR75QfKnAylM5qE5z8v0GL8N2VKtB9duBKIdxUvfl7CMLWeJ3MNGbdpU2qjo9l7MD61cfpqsQucsldnAa/H7riWzaqMcFom9fYCNBsr+wxejh0hGvSIPorsLfI/0K3n8baeEj0hy4iWeZ5BVp84R+3rsJAmsLG1ucWNdMi8TSSq0XFFFQrT6WWc7WdvfBeEF3trgiqHVDaCjrM5AtCOugVi6i7zlu1LpguaFsC18AIaj3V+o1qgtbntekge8NVSh5bYgUQ9TpUHoN0UxuiLw3hCKI5FJp1Xow3CaMru2pjfrRqIco6ka1HefJgJY4Qu/nlljni7AlsfzUOhVaLi6cxldE7yLsfqnxLO4Ioxtfgf4jhnQP0lcDdFUsEAPmsvLtqrpcsznj88SLkurybUNiAy9sxFeQ4HcU/sTkYmpGG8yR6xiX0RlavS3Dc6oIWBEwkRECu2ONqOEoCHef0Zmx2Is/iNXmtmuFDgd0sYJQEna7MBJPYWuIsih8QASzYJ21u9iD3ukXLoPFXLFkx+NbTUgz2t9EtC/LNafncrSZ0mRGTpWuFzmb1BU7KUfBHSr8yJVr1VASCNpVctxy2k1mPdnFF7Bw9J1CPmGBDrne2U5kzbYBIxyZtivU2gMjsuTNCriTK144WBl5isiEfmY2bzStY+Os+ebkd+OIuSSjIS62UanaeDp6LcGDhKtwrHJXa+pxEp2znOPgoQRnxonxNj6HFYUSvEDws+hGd6eLXa4lYyW0mswsh427LGQFINvGViBqXH5OOnmvAwJ61OG+ml/Awoh39AULjfWIW+O5KDZkcDgd32ASIjlD9BgQocEp5IVI1Wysu8GtBE8ru9iAbTLhcjWBGN2/LG5vBgMxbSCeJispR7vjLuUYE/m1q33OVkzTUPChxSWywkXp9uAvpwtDBBfDOFNmdgkV3F90taGe2nmJsCAwyM5AJaNjWLqCMV0suiBqJqQhHGm/ptvyBSwU8Ar9hBWEXC+eznVqPgKKkjvmwipTMzzKmKl3jre7umIPXtdxdYVKEHY07swjJrLjnU+uWnswc94AJYQFvSxhAgYTvTW72V3AQwh0ONVavQpt43CXcbMDzZMhhTm6HoTUh7Muw9doTqb1WWPUmOpThl6cjoCxzAccI3AyJRq3Se9Ps3T1Sh6cOZ9v1qhwzFe4ALk+xfRfTWMBbpFp21ccw+8LmwbTGPn04l8bLjm4N7ruiFTD8OMZnszlBh2v022PDc+XEoGhqgmWXTnv6iRPwn5WHtaKj2FQoOM6+9BH8tH7ZrK+oKAMho/xMwHTjqyheGE2UymEgAiw4Y5KNwIOlFGZ8nYUEkmkR/eUw0ZZDW655Unbz66l9grh0kGxu+3+BTQEEOwlWBls9IQTATGW2qonyTuHuKPUAYfzT4G1CKGGAyFgCcrDN4yiTFQcbqfQxz0L9507E1SGmYxJHsoYdolPLGPYcHUNdTMvlqAWNPBo6hFPOzaltEJP27E7TeJg29sJpKPfqYUuPuuilyfLzcvTsC7IJWp2kDOh0D8jl+qGChF9d0ZAwhNEQgZI9wUqGPDrhcqIjJTHT1J2MetygpvLORau4qRR+i6soWw2ziEgj0dGJMo7qUZIIjYrjw5nJ1rWO20/l9XqRLe14TihDxSTqY+DMEAbfJcuQIkrFBabQHslYGZoI2PL+4pg2LRW62Vcll4uSw7jSaHd2VRF+Nmsb/p9q3LstMHMhILGR0exxSsPO8d3twO1PmB6JmC/QAYBir0E5+ZwhuNussQYUbWaWcTKQv+YQXGLEgHMpcmpdQAphtqYQhIM5sXuiixTA/HsTXl0G0Q0E801L0N6MHSE7WQMpmi0QfUbmixwYlybJpi3075fH4+y3GqYX/dRX8Q7tfW+ymaTmJmXbauo6HCzGb7Mo5MCodykWrjBqFXhkho9dl4ubr7QASbq6qbUylfQAMteMld2mXaoS0LqGai4xOI1sFYuG/BRigHhLTOuchybQohYz8+R0fKZhQmva47kY/KPg4CsfC6WlrnQNlTNLMZUsP3UbKwOqoscEx4OYw115s0u0utA7yTpIk8drdJXiL+y8lmWEM+khKoTvVtZBOYVLqLr9dmszhLIRCJTBOFFMBTAit5V3hQdIrSN/3tcOA0o9pIba7U1Gb/67Ik1bgE2ERbEHY2RYMPrIMFDkF+ZnZpSSb70ZnSIT350DoKZzGyn6x1kQmXsGjX0nVI5JLhdInuR665pLnt41FsZ86xtJpU850WVrWElik37vBGesCpx2bWtEQVVvRaj55LQGR49qx0kDQnw0bJ2hwol3gRtzGTqwlOudawgeacQMPUFLgqQ7IULvkKcj/TOuhknBcMlT2b3+/XCHtXHIB2X60O/dAtUR/ogKLyaCDJBj4dsCaA2ttIg2lu1gYL0cuvqW2XqgsHl3CEfCJXTZpMBGkrU4bNAO+2IG1Zdl/Pdxx+7r4+s0hH20KG6v/EklcEJzeGsfJUnH472pl8ffl9PEnRKtohT7/YeyPDkzOcvMJGAXi+JS8BmzKuMh+Mk7B/nDT9f99aAOYNOyFSX72Hw3NzU3+0qbPaklwe9GdNREWVksVTbyg8PQxMy5AJPfWq3+nHlJAwLoTAdMZyQl1o+XqKHFHOG75J164ns9qhPnnlzkow96OnUtz36aC6h3VBVPhHgeWWylpMvcnG9tycMmUkcQ11BRZWLWR0ZZoK/BAa/vzoYFj/Gwt3OH6WuHIvhJOCZS2HkcZcDOkO7Y+krsluDVpDWEsYkXZ17pIxJkHG2aa6ovVarCXZgEIMnbgU02fxDvBr2ONmRBfXixbo1ON4TwtGu3VpuJ81X1g0aT0/tQ11dJ0dicGw32V2RgQx13ZXpmDE425KxbZ3IXGsX1wJlWK+6woi3y7UMv0BFoO/0S/XaaHn0zKSesj29mVri0XyA0Na1vFUHOEKpBOU7ctmEOWdovUUPETTE4ooadsK5AeiU1Bj2dRWwtzPLzY8rS0e1EOyrod5mUNDldk4vp1R0gmev5GwuGxa8ey38nEaNgibFq/aKGeC+0NeWrUN80NFzwUEVNCKQHbsPrpabBEPj3HjE7Z196No9NaII+gIaTrxjL2h1ebLNY6Yem/JxvfDuBh2tfogbyUaT4x1V5Sjb1owOr2WG5dlNU5Vnaj+uk1nXU0+ozaU1FOq8HENoJp5W73bXWCFVe70eQ5I54OyhSb1hFsuGKubY64Pc43rpnLLVA70sBFyvq3U/EFogZSzhIZfC8NXnYyFXlcyDa2IwURTFsOLKcvC8CX696dkTPT9b9AtwGPVOv/RvGmdWs2pk64bcAcmyW3QnDnJS2RmznMMZRwzjZtoae2hVDN2mNsK1jAwk/qklIaKMFMUjOhDhrChHERv4lLmOPsHLjzycbGkybgJiL7Du8rqC+rnu+DFDeGNipsZRV7I2CqBcVCSayPKK9xKIH3J8cHXZUOvwLIEVG3GAbVXj2hOEY1/hAex6Cd/RKfOgWC1o2mWsifhsj4aQ6GLz+VwLvd6VO6YwNlgomMEJJ27DdZQMI5pQeKAX6IAvHAI520XsIJSpDgtvQqS8j4mKQHTlwEFAj7GKkvSc01khWk89T7xdj7pY8ouz+pQZw1nw1cDHLXySPiuJ+7becLjN7xmiwfEMP20uS9IDrW5JGBFy5D/Kyp2+QIaif7yP/NfTZV66eAH6KWiuaePv8OEqE3AMG0FU4c7mPxFS7dSpk6/D07kaEW9gdaajQiQPD4Nt71UjNPO4KGwOtGLGW5JRQAkNj9pMOlWeHR1aRc6u7UOrqyV8nXXYsXGRJvPO8SHKGSUIRRvlNOoOlIhzaCyVJqU69u+WbE+Pqx4WnXXVEvaYBUHse/kX6y8cAeT6Q9CboLdqx+Lau4m9bmcpX0dGZX0LS65PUgUihnli7qFnZDqBp/iORMSYxNZF3bRD1EMOKGbDSVqLNSp4zABLw/ii6Q9/4VuVmu88PPqq2WjtnBH3te78cSKwWQuvCWtL162WOgHTLXF27xgGlLddOmCtA8SgEeXsquED8QxFhUv0zT5+gQYGbHqp3ZVWK++uJhIr+zm/yds+sFC3WQmA4CT1vslIQFUVyHLp4sjTVbdzjJWH6/KoOgvTfUq/CvMUh6Sqk+VpZZz1bj8gRcZzGahTygoP7O4nTYgaZacSsyk88ZU/rrw/ZhJnUcKShwNbGVHrZYZazChILugJ6ZtaPh3S3SkUmvozauXnyzN2vFP3hdLFYcCpl9I1bD3f6Et0D6CD6u7TwsvtHV1APpTuPOCy39yeRqu6tU6dJayoIrQLany7mruT24WLGybDwqfpvIiH3bgGufzwm4E/J1EeFys3nhuWxAlY9RAjaZw8vYZnup77Pjlq/SHulGfmHO5Rq2EbPOkZcSJhu7k/L9hIwH1moCmqlxHtsWv0JHfPHGV89pqvih8EKPXSuelxcSl4z3qiJpnC2e0kn6+LC6OSWTzhBD2P2m7HaNIhI2c9t1OA697gG7wfxwEpz9jtHBA3vwtQBmYQMjK4qHVxiS0X29yLxB3rDkgG0mUNjasZ2t+gAYunmuLGZU99uokfl2Q/iVz+3O8Ic6GYi/0wHmJXFfFz6+bF6DTVSM6KVgzW0XIOofTfo8JoQKkXKmNTFLa9Cfw2HsZ9Gbw6VCZDMiWT5jUL2o8zjjN07iAM1lwVw3I1vNbILEJCDQ/wvYboqLUmZunXIJEvi9eetooVw5sSQ2Mo16S++3EZq7FRQXeMu9opIyqn/Ro8JgH0Se1ZVTmMP6IhsW1GPXCgoyxQuxVWU7enpr52Z1kR7dhqyUh5HKMwLvJEm8Mv3lwDy913+qV0Bdo/Hha/vI/nQVCvzrrowpTbSoHMz25aLs4FHoeLIteY7MzqmCmh6KxwEt/ZRgM8uUWwq68ddb6neUPKCaI/MoQ04CkZr0UKIWLO53l1YVlMed6COjj1qI59CIqRX8OxRL35zNm4cC2OKzOlF3wcLfm0irVV0fA9kbsOetpRARN77MT7E5talVwG87qQ41foANFemlecB60bL0nKGeid49JhfN6rXPXQdEaZix66rW84XpM7dFSGmbrdteHJeE4bM/p1AF0cm4yOhCCWDI+8PeXy5GXEg/TXyiNHvCx40OKDVcLyUJHHW+A9s/EoqM8Zv50W5ZqZ9Cn01IGUYxo7tPxyWGIpuqezswOFBd82a0BqxroYdfNEME6UJas6ULcv2jJGvmq8BVpSBwGCUissb+epnR7neNHCuma5TdFLRp5Ng2OPS6i7N7X2eC72hZPE4tBUy5dAveBuOUmPUZqvaGlj6P3YniQej6zTYllo0DyOjB4ecmwtIb+/FgfUbBkrXbUkBZl+7PztPNB7slpbdLsVJLxyVMRLLGIy6WWoQLZ3sCRhi9Lr7IMEMb5/0bkwgnh/lXqd6qVbt+fphcKkrBhh2Tx37DMvsdTZc2wgyv4wTwHL7Fs7sL5b2cpRipJeAR1hWGnLT3f3jjj3OVdkPQ3Dp1Yr4Y7sVwUZromGT4FPKhXCl72u3LfH6ojoabpQHmpeLbl8ak+tZw7FfrRbBH4G2z2oGNm+JzBBR/RdqNgnk7EkDFqX05EDJOh05oM69gUynH6HXoJXgiqESLUWbpXtYdJmcrvW6QbsMtDZXS76iBb+zdoyhC9C5YxcJgEn9DvzNO5Q3UkZTw3GzZiyY0tZ/px1Jpb7DCMBM2CZdPGn/sgdhnIXusJGOuQKQe058h0WiI6KvZh8B12kbNiuVxaFwm0mbu6DEZB29fsWdGl8oIqUrCIywYDIwyTbSJKvQMHv+EvoVp3kPP3BT+7ttVjifABZo9hTyPOwmMKYBUSquGM3KryODgrCu27ohYRlBkfqNOO0oqgGmI7Vg7S4i54eMZu3T6SPlL6w6LGz61ptxeSmbPV2dGSnX1TvdAmuWuZdZVR9DtmSlXqPtEv8RP2RxcO4MmBd7WzLxPGDk+MX5ST5K7/VcLkD7W230Bfvy2MY9g69BC99nfHpYwXiV/GuT8ZDMrhLY/BHwTqA2m5UJx4HigMf4jIMSDhusftwweA42QOykw/6JZG2tD+5dY2eqdk0ZZa2s6N4uV1PHYSB5Qw0jpcGqXi+OwCxyPHuWjuXwLYHBUU/1lLKUQaL48XqmQ0o1Nmsxd04b8fHckyP6sI7xQCP6yPEBrLdl/3IgLJVzwX9BTj0cxvA5z8drtBRo8f9lHpgEWDoGB7KF/LpquuJLmpueTg3YX9y3DODL0iSGLkbbGhsZJmxyRiEIY+RN1pKO0gk72JktV1itFr1eO49jn/ihpanmVZJWrVsZT+N6L2BeG9Ibzv9SPRT+BTLTOtO7CVmDL7rOUPzEIc4YQnlTgMQxtIgLc86uCOmHDdeMJpJ8lWdRwDBXgUxyfM6wENnR5838T6csWIOMb/kHr3DQXe7k3jFHAx0WIXwEpD3bRpsr5Qy1TkJV+rJ6LgTyDvfo8kN7l0PXrbehH3bl61l8ulFCCWLvZ/n/rQ+ki6nbldk6rYwIKS72k8aoWajelddpgIvt2CvyinR+2kqit23xtpVWmbcuWNr5yHhicl6sDfxHMlfAQMkexXFuJmpttZm1MVN0Yx2hVk7/QmFmXEZGY3qjvx0EP04x6xWjw4VcUqRe3dDngeYTKpE2ffDST6I0eohoScH+T0nruoN8e8IetqUI43R1NFfdheZ08sSpDZYlJ1ulnppWRzbnqBtajd88yTkEabpggcKJhYeqnYsc8FkWPZraAsuPI3QS/YkB36XN5Q2L9kX/1HBYMCzlwj2+lC2CStGjDG6HuPlQB6RKZ5lX6jJjjEyI6mr5Ugx1/3qRzeMBrJfj3wqRYdl4ZMo44Kuud/mPaDdJGCAfM3MJFBWM6KmEyxck61IVgQqZ9CgkVwz0vvtJh8Sz6E0n4Lud9t8OpmtT3EFEx98e/hjM9tQtqO3ktsWLDyjznl3zgb7vGgdBGNIF9BH7asaAgGavbCtXnw67ettIsJaXLuSmUZNqBcy9OOJnmEVq7hLNzTBskk3x9BSRvNwN/ioZVSRHU652ZH96jOGSp7spaDOpHNYJ5g0iHuct7h5N/epAn0BenIXp1t2x0UQddvFLluXvq7FIVKh3MsfT6q7G8ZAwOKgwBy24J7AjSmaJultjFT1CcTwXWiEwQ/Y6xf5iNKAaC8pPKDjcfCW1PDrqvU8ZnverqAHeZblAsV5xnTYoKB9XRKiGubYieB4H4QBweX6qSHGMSwxoMofAyJej1J9aP1ZXHq6JoAU6TcuIqg5QHTIZeh21dK7uB9Fy7qa7cHS9tsmy773SDJZN2cyYgvlhK/QxA+LPB0deHONCeGicPLwYFvuRdlc6s6wg/35xYyhNCDaSwdf7p7aIX0/ceMj1UeHBssuNzXUNrSkuwVGoaan9hqRyO6q57Isc0vUpK6xRU7fZ1FyqulqoSYsIRkM3dd4nwL5XC0HhWTAElpV0UESXegiFiBfkR5q2vLeXPmRL4qn4VR3Z6+9fJHZi8SPjnyAFBglJfmcg3m6xUdFVaHuHk7BA/G2y6TfhSS7ioKFf4GMAjz7Y2sDfjiY2mje3AAHKrucIxR0XDpsbPxuToKQaJcJ7ftx8qvETpGorYhsWRKUJlmGftb2zJ6Wk6tZNQ+KewNmmw0TwhkHiLjwSLoqs20xFFsm6QZjfT9MtpI6R7r+/tvxYzfPb8cf+7rsMu+i5T5lf7Y/CCUBkV6D39qmm79/K5Zl+N/H47qu7yv63k/5EYEg6AjRR3BDOpf5X7697Gep0t3633/joq7vyiRqyj1ayr7TsqXo0zemyfupXIr235l0rA+r8NESuF+B2V8TGOt+/bjysVPtY3fSDwD/E2v/OsBpjn79AjJBv7+04lxE8Icz6+975t5cS/n+DeBzpqibb/3Uzj8d//8NIuseWdMPWfrr/HcsH76OP5vmyzyblxfEP50pAn4nXuP+s3HARwj7GAeA9BeAEcGJD88vZ17U3LPf1R3o/Ep8xCl9U4L8VoxFeTjYhi8WJwaOchG0WUohPXJjQHL9/ORvxx/RAsc/58GPKXvdKNWx0nvabuEpz5ctUt5F6dZgRI75xYFr/HhdvioXOPYOv8QvKZrLZp01tq8s67miMlj8wRnPdu659iRnPHDH5UQIzX/8BUb/DzaSfEBmPn2YXQW56g3FCQYVEuspFOuTW0aYgshtND7UOnQYxwroNMyiacYYmOGeO1hjVWRtrweM3pRPg6KACJd5P9Eo7nRqBQ3R0BaQNN0eA9PwtmhcWM52XfIwDpp5Y9SHHp4396sKjxHvxAvZ0LFCaA2wOKm38cl6eL8hy6dXHO6jswf1yYm8bcvt+pTTFsds+8lDXlrhcJxRfnevFSggU8te04g5l3dBbBsFounpcY18C//4x2m2kdWnwZzM9Y6g5HU4w7cCGTlkka9x3ed4z0UnfCrph35Yv39/TelP0/ibmj1f83vFIfpVXT6O7C8QooBgLw18j6ssWfSozX7n9O+8/ebqiukKbwov6I4iKhzjKIb+xriObFiKE7wZ4pui8wrzBuF/Q97xd+wdh78DAHAM5AwMlg4UBuMIAmEUDoPfCLiWgaV6goEzHAVnFEZj4O84gt0+7v+b7ViC4HxnBRnYfVOZs/KnREMB0V5aV2PAWCxg4zufNUX5x4hg8mNEEIGCYaHQ5zf8N+P7n0P7U88IMP4So59B+Bv3XdF/O36G+6dIfsafy6alvIGyu2S/a4oirxXHseOYM6vCMrkiuHgTaTujs3k9FnUp0SvEMuYsMjzHHnnhrDG1xMCuwBYayF9sMx3myOa695ktLNM7hpDCUSs+g6uZO+A19sU6sFk/8Lc5vNa51XrPVGrm6Do0SffFbk0UBgn/QpUHPl4rgt6HPjwEiDgnT1aLwPGn11Tyas2CVmkNeM80z8Jm8eH1BEV+iEc+3imCCKdS8UjaBsoc4aIx0CcEwdIkbc9XjXchzWJWPg/4T4PAiCKsqZz6Q5G0IqTZwXpiPo2fhA3mYsQC1dFq0nLN3ScrK+LpEfhfIIFAYr9UpzmD0fSx79WBfypCHrR2tpc+vX4MSds0B0R/O3Os7NQhrwjNPWxpKEbTJqmEUuOYz6EzmxaqEjaYCF2HNuvEyAYgNo+403ITEvJPg1r1sYuWycQVemoO89SqAJgHWCsr+rgG/gauJQC/gmqOGGmKnGrmvHLmB9Sv4IBEf2lNUxLW08mphE3jqH/A4Aqt91z85HqeCCAIlou7thueTEgEr7QBYuB5QnFx68b1bfZilezJqa2T+S+z84LhCGCIALGJrfxrFsDseELob33kCLHGvjKSszTbrD3FdnFBERbWEerccUXjvweC0IA3L21pCY0NHl+Vn3JgF7aFNUFrNz0lt0UhB8t8w4I2VhF11hYaDsz7xXTNTd8Z+IMDLKM559oCLPYM2xM9y2ZPluAZL4NCI9muzoLXi1OyrOcBdsOnkyeCYUJB/jFs2xVykI1rnoOpBnHg7FGylRjlPze5ugyDfbGXBaEAX15oWH5l1lf9zgWV6QG1Ta5MytW4PtHm3rEHxKH4eFY36tx49dMwD/N64ajHk1e44sqUZ1uJpAg9T6doPtNe/8Ck5UU2MoaTJ79AG8qlc2FmMXOTSgrF/PQS0ccLRdpmyoKehLKeUsg2dOWewZlo3LFRx/h4eNpsUWwNJyLCUr8aZUDcTLrbr2r0xYYWhAQUeulNWyMcRlQKZnRU7GQcj2565nRtkU1TovsbinsP+zQqmH30VTMxhBVPL7K8WWIgJXWLvvradLvMd7wWNiXe6NQFgckOQ+ULeqcNSyL2E/0ECZps9NHWTYKmqI0e5swgcdxON6LceOaREsR9QifiRbZ0lC+5Hy2UNKpmSt5E/nHMYYRWaZ/kvngLEiHh9z82INlApVR2CwtC/IxdhPOY/GOPrlTloAeDWs0HO2N85JlsUuyLazcKJIbGsTOzqiBzPQtqWE5bFTNQ1DVgQfbKzGpKXDlLjGmyeZWozLr+yKvzKrCsw3GMqfwgb6owNnuoOJbeObbIAylQTnXIKJwmr2uWB19lIIG9Iy+p+cN7rqxxvs0mAtb6qJZrJVv9UZs/Cjn06TW8anlwPTWK7O2hb+ag4j0VKQQFG8oTpOniFlTB5/p5PQYJlF4t0AlwYEQvPqteyRZxa37e+2nw9QD7AFW/SUp2jtEkB9V/j54sBAr6PUHE6o9yedekVWJbjvsCFk68ky9YoWSqjMOWmsRIHPcRVFdkV4V7FSrR1NzG6qMPOMhnl2tfQ3TzRD490rapP6BGUtNFkgcgbk3aerMi0a0iiXuCek/Q6CpQ0NsXDFTJQ4muUh9u4s78KRZsm4IbX9j/qIoW5DCmfGQZZWV4pvrIky8gYfQ78hKTMtA5Ms9EuVU8P70GfgHHHD4Br0VSszDQhEUEFqLh1bxHPgaKk3j/zEKLEsBxAzKTDT6SyCJyUG6iHpyLow3OlR81yPhHX/l7yxBZjaekP7oFZqHeCFKgSDnWAK9LAJwqYljEIEaZzUogZ75CAzj0Eo4gJ7ZXocqAzgAy4TMxTKRoYr+pgAbZFWEbwDEEEm2THSZ+Fe7ZEQUd6BFrCLtmiNskN68eFEn0M7pa+Gt6TWrlXxAsYQ12g2dW3TE3gX+xEsgnh4V+iJ/tVDH163rtyO7pEUriFEoeAnq78x9/+QINClj00pHAqyIkudvSRcituekXSwgCE7QiEDyAx/nnaECf0naNF4C0SA2r1nLbx9sYtR4pSELNVlbl1TVfjU3Y6j4uGx6ImAY0skcsA5w+fQex4k0bKAJe+KGGPh4CQoh36xXWqxrSeCQ3CAYvqrRPZes1vcnefwEGAdx5gXmc0RRNn/g9+BAt158941WMQIDu3hqj+pCCqGc2/boP8EdzzHuAnmbtg3CgQL1gMGatcSrD78qqVUAhVAoClAIM9C/k90BGVMx/FTis9mlAWU1NY0aGEyD58ZCyT4Pd7U5r7Kf2+AIOTP/9s3YpD+YDVM/BxrnbeEP2dB2r+3BmRm2tj/F4pXkm/KGiOwi0J0bgeUaVVss3OGx7FdxV4VX+38htxuA+PkQUOw24d+67Pcawwx0/eCG6SjtqiDl0P0nz/Razdzy7FWT9khkI3wTdRvZ1Ktyip2nOBOPu/GP+ChP898/RyfCTtdlqjsIeva1sbrqKFulqqtqTpUCZ4fBj2ZR7k8pjBcPoDcvc/dOri1RYXye6LZLOZvpata1PjSLM2SQeW6iS0VSwhVetA4ahh2G72UoquncMoVTiKWMnVipCe/fvI09I+qfBwij43T7MNoJq9SqLIyRdsWwqvJt+9MnrObOrXcT2tsoPXwk8CFDp1V1J8uE8bU7PEM8K+Okm2pTAGIkBFv7znpCHT6/EluaU1eR7H8q9JR2l0R3oshtObkcayl7IJZJRWgNWSOly7aEunmAcWrSMCu1HgNy00uEC+HM1/K9LrdeV1zL4+GNp/I9FMzj+N5/K/P2/QoPhD2wwTX/sDgCVgiJ/+sAtShBAmK+//BUImLdz2ZZLlr5x5ZTcm8+32N7+7xtn6OJrqcn8Y+vm/wODST6ICmVuZHN0cmVhbQplbmRvYmoKNyAwIG9iago8PC9Db250ZW50cyA4IDAgUi9NZWRpYUJveFswIDAgNTk1IDg0Ml0vUGFyZW50IDIgMCBSL1Jlc291cmNlczw8L0ZvbnQ8PC9GMSA2IDAgUj4+L1hPYmplY3Q8PC9JbTEgMTEgMCBSPj4+Pi9UcmltQm94WzAgMCA1OTUgODQyXS9UeXBlL1BhZ2U+PgplbmRvYmoKMyAwIG9iago8PC9DcmVhdGlvbkRhdGUoRDoyMDI1MDMxNTIxMzAyOCswNSczMCcpL01vZERhdGUoRDoyMDI1MDMxNTIxMzAyOCswNSczMCcpL1Byb2R1Y2VyKGlUZXh0riBDb3JlIDguMC41IFwoQUdQTCB2ZXJzaW9uXCkgqTIwMDAtMjAyNCBBcHJ5c2UgR3JvdXAgTlYpPj4KZW5kb2JqCjEgMCBvYmoKPDwvUGFnZXMgMiAwIFIvVHlwZS9DYXRhbG9nPj4KZW5kb2JqCjYgMCBvYmoKPDwvQmFzZUZvbnQvSGVsdmV0aWNhL0VuY29kaW5nL1dpbkFuc2lFbmNvZGluZy9TdWJ0eXBlL1R5cGUxL1R5cGUvRm9udD4+CmVuZG9iagoyIDAgb2JqCjw8L0NvdW50IDIvS2lkc1s0IDAgUiA3IDAgUl0vVHlwZS9QYWdlcz4+CmVuZG9iago5IDAgb2JqCjw8L0JpdHNQZXJDb21wb25lbnQgOC9Db2xvclNwYWNlWy9JQ0NCYXNlZCAxMiAwIFJdL0RlY29kZVBhcm1zPDwvQml0c1BlckNvbXBvbmVudCA4L0NvbG9ycyAzL0NvbHVtbnMgMTIwL1ByZWRpY3RvciAxNT4+L0ZpbHRlci9GbGF0ZURlY29kZS9IZWlnaHQgMzcvTGVuZ3RoIDg1MjkvU3VidHlwZS9JbWFnZS9UeXBlL1hPYmplY3QvV2lkdGggMTIwPj5zdHJlYW0KaAW1mgmQXdV5oM/d79t7lVqtRq0NISGEQEICxC4WQwADtuNgD14SD/ZM2Rl7MpUpe4JralY8TlKVuMax4yqPpxhPjAnGhmDACLMbBAIBQgKEBJJodWvp9fXb7n7n+89rYVw1lSpSM7duv77LOf/59+1co5PntlJ2qlSulKUyQ2X6kjtOQz+zujcmr4wkTW3LThPlMDhVqaFiS7UXZqs+RqZxaDPRtAGQJ4Zh5MrIlGkow1TcmIq1OMwUYMpweMscHjAgV1auVwUqp54Iao5GQ5kyLZMVlGkxPs00ziY4y4tTCOt1DXnFoaHpmbFSkSySFvgFZw5H5jACslRmGiDEEhY3SZaaZlNjCu2+BiaLxLlnMzSGDjn1WGB0mQcgoNr841SxMvNMWRAui/J84b9c8747W66YzwFeQp48lpM/y2LpXLDhMFViqvFU7Xrr2KHxqVVLhq7ZMFi2HQ0zDcPQ9zzAMtQURus5sohM1QcDBTy/+pnAlwMGyxU/nN1X+rn+gWpTo7rw/hQ8HmqZnRoJhA+shQhhrHDMRDyazacGduEkaZLkuW+7Ee9tM1Dq3mfeGj85fcbyZeeuPW1JSUGJrQEoo0u9XiA3RIP0UnBMsO4eIrLffZDmwgitx90XIlwZDEIyVHQtUzbCEb1GUkaKvpqZmSdZ5prHlPr39+769b4jdrFodepXnr7065+6dEgpF7GbaKvMluW7zEHGHKaGL9fCyQ9wQ14uHDkKiDaABBotbIc3moyu9nApFsFcYGlwQBNIWkZcM1FmyQheaPL0YPCAh1asXN5CVdc85L8+8jSLLHNGqT/+c/g8ljmlLIyv2XTGnV+6aqmrVJI4IG+aXYNeYG8OSgBAJaDXFCRkXRDhxcItsIVoXvC6i9KpS33HMyCgwAtvZSTm331kOGai1FOvvv343netZWfOVwbV8Mon3x57fO+UCEdzFmayvkxaAAFneRTlBmJgYQMhiJz/L4deSllMgMUytguB0XIBWpn86ZMHCw/zVKjr3nVfCedlBY0EyHDJpGRhTXFpoko8gncqQZtM/Mv9Lx174ciUM7yuU16WLVr7yMsHfvX0HsZYth1nsq6Btz0FQq7AR05Z6H1CQePUojJWXIrGrPtQTxdfzPJQaKK3TLUs0Y6FQ2SFNqkgVomrjs9OO8XSfBRbnh8kHccujc920EY3VRYy0dBlbS0fIdkAYqL1Thw5C3Hg9xZE3x3PYrh2eXNKK7tYypMuICBgd10bEyCCIP+wAy4MT6tzyiR0SggTAZh6dU29wBGOZPJInLSMYT3BRnTjWH2uxXUnN60KfPcLlYNHxmJ1NhBdW5sBcwQ/1uIfs/nl0QI+8karAuaqRSvSFvjdk7fdgxmcpw5LPFoOx08BM0TLAO66/MuWjSz287CCR2nNF5K4mMSLykXEYLriB8VTaVigjcYQOYUWcSY8XdDR366ukeM172AQPEs1F2QGB0+7kwQIJEk87CqWJuwUHaJV8kCPJnLCR6axrF5ZgDhd9eo+5VcsRp7LFW4aPNctH7Ha81UjKyRBIZ7309bo8CBAUQgZmOnoLNjqP1mNP9EAeaTPhf+8FznKa0I0kDXvuJc5PCUmo4LYu0haRkmolzu4nSXKtgQ5uOGq+OLTV24ZOfTS4SOu5fpRcOmygVvO7cebNZPQtz0YRvwQjmrnAR5YiWiyICKmARxuTrF8AUmt35ID6KQmtw0dHgQFACRoXDcPMTHiPLdguEZbYItgOYSOLiyCuX7ygR+wxmQFH+23hCTGGiFzZLZZVOqqVZXPXrzpH55907J8M29eeObSW67Y6kMwyxmGjViEg/ANNUVsHCBGCvXbxU7ZB68Ebw58GjmWFZHS6HvWckTzAENqgg+TgV1CNJsUTMQ3GyxmxjiBhipOK/X4/mB8srGst3rTes/TTkcDE8xdKFkQNQDgMmE00kC9XPwDKMO4hVVY6NRaUA8jOZGFiJXnYMLILkrQV5IrfP2CsLor8ivuQAaT/YkP7o7v/gKE0WDVpZ4LOXPx2aG2uZJ+xSotpR7bk+w98O5pS2of2baY8O6Jupn4LFBBM4SVH4DDFIIsPOwuQYoChguGokfiMnMUGGbhWBnHCPJMTJJbsmPmT7RVKxQtXlpVZaV6ARFnluCboHEt5TeU0VGCKLowqBdoaAy69EAhugBA7FL+pwlLiDabFgpiWhZOsK6XZiTIsbrGMspVhJ+PlN9WBpgcb6p6S2EknquWFGXYAFJMIqFMlBpoItEwzFzPhMfkrUEm2SeIscTRpjoxl7uuMVhWQ0WhgugkRYBemgEwEB2q6eftTIWWmte8gwro6gc3qgZTsEUGsKU7Hrq6MoPLUDE2qWDKkn7V5wiGsAs9106U5XS58T8f2T3WitxSMQ+bo1X3livOm1PquX0zz734Rj1MZsJmlkUDJf+8lafdsGXD6pqJG3ZyN87C1DLu3rHrnSlEUXXjzmq3/blPXPHOial7H96ROr2WU46CcNPaFbdsXYm/acdBxfFF1USPsUTBeDJWf3H3ky3T9z07q08u99QXb70us0zDKMPfN6eiHbte27n3QDPMm4ERpK7vuiODpXNXLL7uvLVnLXaRoigtWiahQ/meGcW56RjtXMXk+JF66Nl3nt79+tHpejtVURTZaXTWspHL1q+58cp1JU/d9+jenfv2uuVqGKleK/3qzVesHCojnu/86OG3ZpLUq+Vpuqxq/dlnL+2xLDTl8V37f7HzQGCWyFayYP5ffv5jy/rVniPJvQ899uqBo8dn6qZpFWxrw6plH7v6su2beqq2GE0W53ZXc18ZP/H2fJo4hSyOVg6Ui7Pqvh27Dh85WXX7W2TOvUPknMdnZg69dujxNw79yac/esmAMluqVPJQ3h1vTe2fV5avjMbkef35jWjlwMAbE8G7cTsiswxnD87ObN+6sp+kyPFE/kQEEmRco2XDyh2vnXhw71hYqPm24cyMf/XKTVhPYtgY2bd/9srjrx0IMsswS/CoWO1JnNJUo3FyvPHqoeP3PP3KRy8570s3rOsxROngeJ4EyMdz3Gaq2pZ6bF/wt/c+9PaJelKs2qUl7bDjVBzX9n49PvPk4V0/fP7g179647MT5i9fniz2poll1tL6Zz9WQGHbhnr6reMvz4aJ3zLDfFUp+1ouS8Cr/cfqD7x4MCwscm0jac9tmlD3PHf4Rz/9hVXqSYyiWe5Ns7yexNMH60/t/uGt12y74wsXQrHnGFJRJsoMbSeDDLOMYhzNwx88uGu62eoZHFbNrOT6M3lMveT2DBI+jjZm7rzr5wOfu2Vj/ylP17M4MjLbLxpGEldTTKFmqW3btu9/8XBYrPpW9eDJd3a+PX3NGoKkhL2ukxMfr9TJVP38mVfiyhKr2tdqTK8YGrn48q3EpfFY/YcfPPb8eMPuGw07UdHzSnmUpkmD3KZaNvJyGvc1lbrryT37Dxz+b1+7bin+IUl8RCRRPk8s45F90bd+dD+GkveO5G6xlcalsttpN8M49HoG8P7vNpv/5tsP91Z7SyMbUtOI8zim5vctnACn0ztoZmFolBzbNCtEFSEWyzGLtaTQF5cGW2FQ6av91V33z9dn7b5lcQ7xkWPaqWFnZpHsBQv/yaPPFzz7G7dtYa7piDsSL4coDMOJUqth2Cc7nbLvZnMnquF0rXOi0jxWDufSsBVmqdvTM5tmv3hqJ74PZ68demLkQZa1DCskt8ZScLLbzx2tWFzHkXJSv2/H83tRXjIGKRY5cc9gptTO/eGByY7hVUmK7Sg4/5wNtZIEjH/9vSefHO+4AyPNZlAtVhqT0+HsXDA53hfNqpn3ZuvTbcNKnEpWHn7pePTlO+/DPxqS4VJQoHfmWyfiO3/8D8fsvjotGd/rdFDMljF9tNY+2RtOWnPvJbNHSy6NmPTE3GwnzTthmsWpEcdmlhIn0AAiRBJ0HKJtFEgdDLFd15xneU6Ism23YLqlk/WO5ZaSoO2E871Zw20etzqzvmUEACz2OYPL7vv1c3veS/GQtmgApux6aQe3IxVxqrKyZ9ba8zddtuWSM/txp68cmX7guZfeC/PYcOaazb5qz8HpqYlYlQwSeJVGYU4TRtlJEtmWB+s5V9bU5tOHH3z9oFkdcAs9r7137PVj6sIl0oeikCF+I1Xczv2/2RWVe+C41a4POPE1F48iv+/97OU3ZzvO0Giz1SzaeTJ5+KLVI+dvPHPF0iIh7sDYxKOvvf3aoQmjsjSz3bg8+M78+N/89Kk//YPL7CR1bRfb//59O07ioXtrbh6mUauaNobLznXbLzpz5Uil5swHau87R+575MmpyDX9/jjTPg1vZTk6nRJfH+OFMlWw/dzOw7hD8IdPHKT2URTi/LDI6amZ3mLBjOa3nr70tlu2r1yipmfVXb94fseuNyt9yxrNNslgFOWvHzy0ftlqktoCAR5HjPL7mfJda649WzXbd3z8hq2LBDT6vmJt/6rhj/zJ3z6irB7fq+SqfWDy6ESgVldUo618x3dNZjsZGKdSMBBtieDXbV37m317AhGfN2k4D+3ed871661UFdENS/zGy+/O7h4/1qkMeypxWtOXnL1kRVHtnsx/vW+fXR6d7zS8PPajmdt/b/OnLh1FeMwD+GVLh2+9YPgnT7371z9/1upbHhiOU+x/cOe+Ky7cvG2ZxM9HD6sn3627lf5GMGNaRlqf+PRFZ/7bT14gThyT0jX3NctGb9j8uX/xrbsn4iAxwd4i+wJPmgN4CUFQkncz474bZHVCLkHX8cjscGJYZ61WtTtTV29ee+ftWyBZUrWSOucrF37tL1uP7Bkr9Q5RiwQN692jx0O1WjIhKVcs3LWdZEkadip5cv3WTZsWSQ5UU0FZReVMnVVV55y+Oup08swMwMsvB6lOB4t4h4gGEyxwHIemjOSPOn3eNGRsGOqNGvOp6UZuedfbh4/FKndxIEjEwNh/+dzuDN9LnDayohXfeOlm5j6z+43J2I5UZqnASerXXngWXCZr7FGqmuZlnFWSDSn1+ctW3nzpZhXWkVnkFmeM0hO79+NbYdNv9k9Mph792aJDHGicv24ZXCZvKwSK8o6LPiJnOz2zqu744q1Wa8pDTbIUAizHwchBXrs3K6NqN216kAW/gAlCIB4gzTLbcUlLeYXHWORn37x9i8ZNFeOkqvG88ZKNNnmGMhud1PTKU3MkijhnYTUhJAYERViWxoOmdfn6YVQS0GZm28quGOJ2B8qekYXI0zQ9K7JpDTEfxaSMN3BjibSe40xyrRaLGJJTX3v2WTaASSGd8lQzfWr3BBEM1pB3vzKldh2espRXMezW3OyGdWesHaBBol5587gqjURZ6lmdAa/96WvXFLAz+i1pLhVpnuI+MDLO225c30OlZcS01LPa4l1vv6cZpN46dMgoEI7oyMSFYOYPb7pKAkmcl5xcHGOAoqqKb3mJumK5unzNcNKcs8khHNxF28UD6qCX5E5qm5GROo4Xh4mEMW2mUt1kVGyO6fpBc+6WSzeSzvtUy/hxi8xCkp/TTxtw3UKbrrzbEwnnMAqZLq0s/Kb0gCzy17jq5L22UCIHfSpKbywOEA5Jc0SDhsVMaelKRSdCAlBO+iLVIkLjIe4DdScfumDN8PKBatZp2KYdW/6O3W+Qk8xnonf3PPHCTF5wC2UriXqt/KbLN4LK7ExSb8WJ4TqeH7Ua60eHlxiqzAvWMI0kwcrzLOqgBJRwQ45av3xxUJ+2bZsU8GQ9mKZ2An6jSaJumU4WRssHetYuESILjvgAlaYO2kKmlUodAVM2rhk10yhN2GeQx1ae6dqKKeQGcgoTREByAIBTfrjPMs/Kq26OFNkDkUE6kYdfRTvzbFQehuo/rRbS6hQoYhrkJB1DtVwnQgocLMLiyCFhXwVGF9H4wMlD4pM8p+uvrQnVYW2pdqXSW+C+2F2uhirqnOX9hXAK/bfL1ddPNp4Zkzpi37Hg5XcmsurAfBJ35qe3jPRtGRDeJWknjucdV0VhYht+b6EHAWv+aDSkE5fLvkIasdnB+F43L+VxUW9EkPE0O5oDUewQ4qUAN6quj10jmBSfCtK21VZpSLfYydu0nnFH/b1xEBQdF2xRFzOX9gvj3axjyS6P1iUkoCnVXDdw53Ye2VloG3mhVMGmpYGB5gmjpSHk22bBSoHgpm2isZPHCA8tFEqky4JXpG+IFAUj0WgtPUE90c1fF2wyZA6jdP4jspFDenKsQKDJMke3AOCHg+HSLsF7bF03aHfyuNPJVODV7v/NPtrqv9q9fy7DNl3cddFMP3H5Frwb0sUsaNlkVA+WlyWmqzBl6dQR9CHSEJ9hEPW5ogRAzC5dH2ww6FBIsvXDILD1HA/3ZhhWnORhlBMewdPGrMkcYLVomXRRbNvkVb0TOY6bAVMrXJcmFhUrllYJDR/p+QBBP4RfQq68BT+Vue5Cvio5ABAEAdMUZLByst4YE+ERWNHlEa9kpq6Vlcy8YqRFK/OFPB7SrNILdH9so6SoBHSHgK09stZu3COzAx59URhEQwB1oI2AAG1HIJ/Tr9YtRu1C0qfcK+0/MXffW+qZQ1OJW4zDyM+ydSOLz1/lwWhXZX2lcsHx6R2LyhnexMRxIETkaySFejMK2Kny0szGy4P9san5TLIdobHsO/1lGTYwMEioYLhX7DlyojExLYwOw6Z0NmSvKPVgeCotdUT18hvvuA4qCMU5IZoxWochkoLbT4xCbLgZEqYTLe13SEN9pVODSDAM10hhkTAQbMQB6B6eJFoW/oEQShZGt4KFRAM5U3G8DtzKTZvGY1d6kKINCpBdX8Vy2JZQJVD1RJkrvMdMTdIJxoti8l6IJwPJMPCrtmyw4qBU8NM0jUz3p0+8OIaNk/EbqRvUr96yAW/uYH9JOlBQI339ZtDJ4phSc9/YyVfGFeUqB4jKWlx5LpqITe0eV68fPm56Rde1405jUX+1p6w8Q50+Mpi1ZvI0IqefTewHn93P+Mwro7Q4OZSdfVA4QsK+f069PT5jOIUwJpnWdilLdcmDj7gBCVw6xUOjIRQc4LJwRXIlrEZ0XcZLhOvqo16FKdLNEcMyxUeIJMTm8YBIKkssUoeYRhiMFkYBULMMP8BdxrYzw8lEDDuBraysh+knJoWVaSEnyTpAT8KN7GtEKMK2dctWLO5LG7N2GsZJMlYPQr+Kg/CS5oah8tUbK2gEm+sIiIvLNp7ltuslJ6NtMV1Z/P3HXh2nX4LtADZLwjxvgpSt8D/fu/dXHb8vNtHR0Epa5529VnAmAp8xOOI1zajRpIU0sOSnT+z62e5j83RiukRBv2mS3Y+F6i9/9MSh2SDGo7pFqdUkTAq/hGV55mRioKwKD+AxjhDFxC4zcgYGgw+/pMULTBB+Y+/aEwBBhwgRAyzHKQvXhInCGmCz4Yan135DM1rLVquSrC0uDkFJpStrCGQ9YOGH6rJIaY2uyUENJw6RrCXDLVyy/vS8fmKgin4rr1TFe2KueXP68o0ryWoBblt+Vz2u3NwzwqjOrO0a5J87Dx/9rz9+/s2OmlJqzrTnDWPeULvn1Ne/+8s9R2dUEYHFTtwcrZjXblsKPoC6YNTdvHLAihqea9fpgNQW/5f/8cB/vmfnnin1Xq4mDeNAoB7YE/3xnQ/sPnKsMLAYzUL+aJUOZeKLgbPAciFZNId/eC9RLBygdtdoXFdhZbCmOE8pEzQjdcSSJgPBFbVgBATSUWJ+mouCejhaes20GbWRBpIkCdQ0SR1iR5S5yg5Sw7XYC8ZyhCrWSJPQtQo8SUiZE5EeB7ZvykYz+ZiNOV+7eemjTyVTQTPPC1aUeAgtaI0MVq66gGJQ6Z6eEMpckrbbrr/oP93zsF8pJuyUlrxHDhzb+ec/P/v00eFFfa5vHxw79so7J2Y7uVUbIu6XrTSbmfijW69dZUvpz8Hv7X9w88vf+l8zQdPxy5HthOWVP35+4p4X/m7JQKWE/Jrh2HRIq9LpG+jEfMHBupKbUUQQfBeIcrx2lkEUZuRAqhzdhEq8M/0OBlKgdZ2qTo1En2UXhdAkkhEPTWmDOQR0YGF0QJ7OSzLoJKFPVrNtz3N4Iz0j8WmyMCKW5eXI6abgE+J2hxSLA6o8Urqw3d2honLlIY1mepXkKnyIQgbAo1FfbTtr1d/vmbAqFYf2QdDI8M7bL6RUw48TSpklm1Q6t73x3MV7xs568KU3in4lNUpmz+KTnejRNyeMvYex4NRwYrfXrZZt7K85pVoTH9t29u9fsByBIXY0A5TO6lN3fOH3v/ndv5tPeo3yYGIW7UotdeL99dk07hQKRdXXC/vmZo5WyjWCk3TTooivUNDfJDfFUeR5sUD9GHlkecQMmkya20I+nEEuWdrpdBwUkGVFu2ESRYt4Trwg2VfJd9qNuapt9vb2oMpmQXnk7ZIYGqFPqm1mjSASuuWQYMxUoDHf9D06w/DbM8yq55copXRH0c6zkp2XC7SXYgIIU9BNvTmEH3fE9ep6advGM6UcYEslCh0jHak42zctI3KasjUiiKIQMJ20Ds/x7z563hcu21JutVUzTALywKJX7vFqg05tuFhbUvOKdrsdz84Ww+Znrtj8jU9uq2iRk2GzFglsn8puOcP/m3/1iTWFljl9pAp1UZh2Agqk3p7FlrKjuel4auzzN1y+dfVQ2pxxqIAt6CAK8cWSGFbUbllse+ZJwchd05CdT1SBIBwn7FV6lknnlmGuI/pLf5X9u4CCX9cWwvuoXTQSdMpM2q3mHHMpa+kwKbcxZTdTp1C2282Sy86DYAwgyVrEAyEtQ9UnvcZJBJwHgRM0zHbkK5eSvhbVrRNTdrnXaswVSj0kWxCMC+/mCawhrgmvyycJFt4wxgnlzebVF6wfZStd4rXkmtgO6ScLiVNiwUz90ZXrVo2e8fePv7Dn0Dh7SxaccN12J6KdUraNQtBev3rlrddde/lKBZcNCmubbo30IvBrYafuOaVLV1e/983b7n7kzRdfPnxitjUXNWzfYzdiUbU8PNp/80e3n79K/ccfvF0ruPNBQBWOweOaQAJdqeXtatCKo1azMVcZqWC+luz6k6m1qvF0Z0q0oxTNZI1pW0m5wxSJWgRaaAiV25lJZuo+ChE1jBDQEuiNAVd9+dpL5zB1kt8oXFbwqjDGklqHaQI+z/oM64b1o6NV9uy8nA92os7aQT44yGsq/8JlGz9tF9E84t6Ao3qFfRKfC/RbqQ8tl1KlaalHX9hD/wGv43q+b6XXbT2D/o4rUsQCJBcSB2WQvUh5UtWbJtevNrevvvCFA+Grbx0YO3ZirtEsLqr0VQpDFe/Cc87cMFpEkRAVSoW3BI6oBVymK1KoEWgQ2ApL/en165pXrxs7ls4n7enpmdP6lwz2u5UeVlPkIc3JyYAGZLXW6rR7+iu9RTQs71XGV265vBkVcstNs7DqpIuonTQnrjl3Vb9vWcUaqXDWmTt/9SIPdxwHtCB8tIMuoOEtqalvfvGTQGUnlwJyuCy1vpFEOD35PAenDLKcpK0QjtsUtGGEMK1F9hpaDmM4GAMNnPTF0T3CI0GTURzQbLLTQSJEYkSfhiRUmXXDeHpSfeO7P+mUBg2vFM3O3Lz1jDuuW92vUlvKUREq+hAlqc1GD8qr7RT9YlsHZ4UX6ogMxFMxFmvjhOwu5agEBoHKYMA0HWLTfHe21aRrVijQN2h1OkMDhT4+cujum+i5yJIu0Sz73K9Of/uH93SKo4Hyotb8Teev+uvPnF1OOw4dJ1RE3K4czMWnEdzoG3ELWP6DDHwgHlArCl7dX8ma7dSk+7hgx8zlZBoKLR/H2MRRSWDwxVmYGXglSGKEAIMIug8U5/qONp2tqxpcPlzAoRXY4su4I5EmpzMdiwn8ByDiXVCcnz31Wt3tM3BNadxvZzdevBqR2IKtNCWkdcWKuk+iVRMPQNJFOZ7FWV4w2PiWCKPJFAJAlcWpxGXnE79vSoXEXmFGrWl637n/2cf2HHK8WoAFOc5Qxf/Kx6+9aI3UyiyFQiBcdPnhvY3/fs+j7eJwbPrMt+LOljUrINm1CInyaR7BWbAjC8aFg59OSBjA5xgxG/RYES0JcSH4C1RKnLUsobWEPqT4Q/19DNB4TnCS7A2/Sc4bSGWAizvFZaZpVwssJjIBYGQRkEnQAz6YMEBUW+5F+8GDU4pZ2q90FLVgD55Mnn/zXbP3tASnMzd17Vkrz6iIVjJb0AFLEIGPbHfKd0SA0d1b3VJA5JDFvolgwjBZVHbRxQS04SFrnoAFGRE5ACtu/8hHHn7jf3fMSugX+FJtcmbuz75/99nLB04b6l08UGNv6vjM/N6jk29N1DtOX2aV8zgpZsHKxaUrNlXACtFxgAN1Of90mbxAqZCcEkVyeAS7BB3J/IRdXAvemiHoCv5H+CJsgxn0aGkKopO6zQdM7YhEid8/tJPmTvJpuCxQwYQ7RncNfGG0PNIiFwFLAqEzTdaW/apnX2tiFLCh2S5m0ccv2ciWAl8d6BkaqhAkwGVvlbJVL6TNXRbRnwFrddZrgQn/mcEBryNFtwEzCz0SWP0t86Yl6p//3hXfufshb2hlhNMv9M6p0pNjc9ahgyoJ6GZHmRnZJbe6gl0K+F7mY436sS/f/oeDjohfGkbSWJciRePVRUzjxI9wVhyIxmXhV9ghE/XRZQvDmCyZLWMM1xAzf/84xdX3H/z2Au7pSfKku8TvXmn2/na4vmIpGHFgKt/1+r6+/tFWMF/Lw/PWLF+3SL4At7oGIGLRbBMNEO+kD3moXwiiC8cHluWye8d4qTbklwpMnAq70IOW+c8uH46iq+566Gm+Eij3LurEuVPpT+Mi5FMJs2vl2F4Uxi6t6Prxipd86TM3XLzW7UeLpTqghnPo6Wi/Jov/duXfReX9592L928/MEqedZ9/kNELA/6f/KNk6hrgjsceCttTpk2XOzPazRtu/izBlgIMlyHWJp0brQN4BnggyvohDkZjt1Ltk3xJ8c9HVxH+Ysgp3H718k2rhr5/z0NvThzwSj3T86FVKKYWhUlCfYIH68F+w/p5a5Z++VM3bhgypH0IhLgtAUnaloKJKOWHQOcfG7rAjn9syD/1HYzuGMYz74zP5F5kV0gXq1ly4Sq/lCrip+R+p6xLdwSgSLuPD0mZxBzNkyxq8YGSMEY8thcZDu1V0qSX31M73zg4Nts4cnK6Q//UcPiSYnSwtqTiXrRh1TkjiEj5aeZTY4nX7fKWyttkV1w2VBc8wj+VC6fm/f9ldGzIZ3PdpJAVqSyIVtLMl9KR7yjxLZJG4lzhELkPY2DUh2O1MIeAwzQgCEBAcSbw1DKBTnjEHWiPIF/G4F8o1nE35LaSIMqXqWSnCzzucjpnB1aMiwZ7Yknv4sNhdIq3v/P//wBkfQfkCmVuZHN0cmVhbQplbmRvYmoKMTAgMCBvYmoKPDwvQml0c1BlckNvbXBvbmVudCA4L0NvbG9yU3BhY2UvRGV2aWNlUkdCL0ZpbHRlci9EQ1REZWNvZGUvSGVpZ2h0IDIwMC9MZW5ndGggNTcwOC9TdWJ0eXBlL0ltYWdlL1R5cGUvWE9iamVjdC9XaWR0aCAxNjA+PnN0cmVhbQr/2P/gABBKRklGAAECAAABAAEAAP/bAEMACAYGBwYFCAcHBwkJCAoMFA0MCwsMGRITDxQdGh8eHRocHCAkLicgIiwjHBwoNyksMDE0NDQfJzk9ODI8LjM0Mv/bAEMBCQkJDAsMGA0NGDIhHCEyMjIyMjIyMjIyMjIyMjIyMjIyMjIyMjIyMjIyMjIyMjIyMjIyMjIyMjIyMjIyMjIyMv/AABEIAMgAoAMBIgACEQEDEQH/xAAfAAABBQEBAQEBAQAAAAAAAAAAAQIDBAUGBwgJCgv/xAC1EAACAQMDAgQDBQUEBAAAAX0BAgMABBEFEiExQQYTUWEHInEUMoGRoQgjQrHBFVLR8CQzYnKCCQoWFxgZGiUmJygpKjQ1Njc4OTpDREVGR0hJSlNUVVZXWFlaY2RlZmdoaWpzdHV2d3h5eoOEhYaHiImKkpOUlZaXmJmaoqOkpaanqKmqsrO0tba3uLm6wsPExcbHyMnK0tPU1dbX2Nna4eLj5OXm5+jp6vHy8/T19vf4+fr/xAAfAQADAQEBAQEBAQEBAAAAAAAAAQIDBAUGBwgJCgv/xAC1EQACAQIEBAMEBwUEBAABAncAAQIDEQQFITEGEkFRB2FxEyIygQgUQpGhscEJIzNS8BVictEKFiQ04SXxFxgZGiYnKCkqNTY3ODk6Q0RFRkdISUpTVFVWV1hZWmNkZWZnaGlqc3R1dnd4eXqCg4SFhoeIiYqSk5SVlpeYmZqio6Slpqeoqaqys7S1tre4ubrCw8TFxsfIycrS09TV1tfY2dri4+Tl5ufo6ery8/T19vf4+fr/2gAMAwEAAhEDEQA/AObApQKXFOrIkMUYpQOaXvikMTHpTgp704D8KcBQA0D0p+2nKuPrUgTgUARhKcE5qULzTlTJosBEE9akWPFSbCPen7e1FhkYTNKE5xUgGTTxHzmnYRCEFPCc9Kk2c08J7UWAhEdNUOYwR171bEXeiKLCD2yKpICJACoIoZc8d6srDgkj8RSmPn8KLCOXwaeopcZNSKvNADAlKE9qnC4GcUFCaVhkaoCaeEqRU9KlEfFFgIlQU8LUioPzp4SiwDFWpBH+VPCDFOC47/hTsAzZTjHx0qVU3deKlEfpQgIEi4qTy8kVMseDmpBFzkCqsBXEODUgjwRVgRZ5p/2ck9KLCIBFz0pywELirMcR6HqKnEGO1FgKAtycfORjrS+RnPBDds1oLBuyGHHalMI3nHXvTsI4VUBNSKlOEe3p0p6qSelSMRUyKds7VLtwKApzQA1Y+1ShBinqvFSKtAEYj9KcI+KpvqBeeRYJIhBA4jmmbkbuPkUZ+8M8k8Dpg844vxB49kjla00qXzIwu1rhhg7uc7cY6cAH2PXg0WGdhqWvaXpMbNd3G1hkKgUkuR1C9jzwecA8EiuWm+JsCTMINKeSMH5WecKSPcbTj864C9vp7+4Nxcyb5CAM4AAAGAABwBgDgVXB59KdgPTbT4mQyTASaVMI+rFJgxUfQgD9RXTaT4s0fVdqxyvDKTjyp02t7c9OfrXh5YEADrnt3qVSV27JCJQ2MelOyCx9GogIBA61MI/avHPDnjm60F1iuppb21ZeUJz5R/2Sfp0zjn8vWtC1/T9et/Ns5VYZwQDyOvUdQeCeRyBxmiwi9HDmpliHerCxbTmpBH3PFAFYQjcDjmpvJyelTbBkU8DFAiERjpjim7cZ/rVgioiuCaoRwYX2pQmDU6KOlSLGByaixREqgjpT1iHNSbMDipUQnrQBEqYokZUtnlMiRgLkPIQFHoSTVgRgHrxXnHjzxDcWl8llblVHlZO4BiM5BypyBkfjg9skEA5LWNdk1CCG1iQQwRgF1XrJJtAZ2PcnH+cmsWlJLEk8k9acqE0XKSGgetFSCImnC3Y9qXMiuVkSjJpTyemPYVZSzY+1Trpztjac5o50PkkZ49CSKvWU8tsRcWszw3MTBkdCVP5jv/8AXqK7sprZwWXAPektNq3C71LK3BGcVSZLVtz37wB4q/4SnTHW4Y/brcjzhtABBJwRjr054GK7DbjivCPA+q22geKILgPsSbMF0rYOxCR827GODgnHUCvfcAD1ptEMi9KDnNScYpRgCgBgHFMI5NTEcYA5qPBB5oEcSi+wqVVpwTipVAIqRjQg4qVARxilA9KeF54pgUtWuBp+kXd4VDCCJn2k43YGcfjXz3eXc1/dy3Vw5eWVizEnPNe++KLGTUPDOo20W7zGhYoF6sV5A/HGPxr59IAOKBokjTcKspHk4AqOFTsz2qdWAXFYSep000rEiQgdQCamSLoagDSE9sVdhHAJ6nmoZvFJhFBuODnitnTrAvKoAyCwHXpWeX/u+tb+kTbAOAWJFC31LSOwHgCPVLIxLiRiM8dvpXnXiXwsNCdo2Rg2cYY8euf0r1fQNcEcscbZVDwSOcVV+KFhBfWFpdfKXBO1gfpwfzrpVrXRjUg2eNWtr5reZvCPGV4PBYEkE59jivpHQL86roFlekbWliBcDPyt0Yc+hBr5slZothizt5JOehPavcfhdqX27woLZh89pK0eSeWU/Nn82YfhVHGzsiCAMUoGTUhptBIvHpUTAhuKeaY5piOTCGpVTvQvWpVGakYzZjmpFHNPxkYNAGO1ACSFUheRsjaCcjrXzVfQJbahPDE4kjjkZUcHO5c8H8q+kb+1e80+e3SRo2kQgMpwQfr2r561jSZtF1hrOYqXRh09+eR+NA0Q4KAL6CnooIyxAA9TUU3UsT1Oark5GSSKy5bm/NY2oEifpKmfc1bEPvx7Vz0LkEdcetbVrOWjC9aiSsbQlzFoIq5LNgfWtOwvrVBsMoBXnnvVb+zHktfOY7UI71zt00e5ljLFR1bNKNmXNygek2Wp2ogUfa1EpJGD684wR7Y/Wuh1KY3/AIbjhnRl2rjnoe2Qf89q8ZsI5ZTuSZUUHG+QlVB9Nx4H412uiaje+U9lKXyOCvr/AIitG0lYUJuTOYnjazvnjdQQrcg9CP8ACvUvhu+qFTEtrZwWKqGkkTl5Tzjv/Mdj17ef+JYgdSRUQl2QbgByeSBXsfgbQ4tL0KGRWYyToGkDY4Pp+HStIO8Vc5KqtJpHSgU9F+XnmjoT9KRSQeasxYjDHSonIweDmpetMYDnjNAHMgc5qVRTACcCpgtIY7HGcUBeRTkxginBc0gAV89eJlLeL9VBySt7N19AxxX0Njb1FeJ+P7VrfxzcOfu3ESyAD02bf5rSlsXDc5JwJRgjpTypmiSNgF8sEKy9cH1qQRjPA4p+zjiseax08l0VNjKgiAGAc5HXNWbXKuozzSshWPOMCnWiE3CYGRnmk3cuELSPSrbRJtS8KQeVzjduA69ua4G80y505prSSIlJD94r+WK9c8NTHT9GiluUZLdz+7codp7HB71leJ7iB58wojJ1K9etCSSujoqU+Y4jwu39nSzrJGhSddsjspLBf9nsD7kH6V1WmwWKXyGxtWhiBUKgYt0GO/c+3rWTDBG77oxgZ4HpXY+E5YrK+3vAruBhdw4BpppvUhQcdjJ8RaTE17LcvKbd1t5GXAzuZRkL7Z559q7r4dyNJ4C0tmznY459BIwH6YrjfGuZrkx7tgYPIxxnYirzwPY16HoEUdpoFhbxDCpboMe+BmtIas58TZK3U1QM0jdaA1NZsDpWpxB0780h6ZpjSAUgb3p6CMNVzQOmDmlQ0c4qRksY+Tnr7VIowKYnTnipOKBiHBHSvMfiVoN7NqlnqdtDLLCE2TMi7ggBJycdBgnnp+leoY45qvfWn23T7m0LbRPE8WfTcCP60NDTsfOpwrbT2NPVhj2psrfv2yD16EVHI2BxXM1qdsZaEsrIcA5O3nA7mrFnLtYEYXPHB/nWaC57YzVuzXJIJ5x370rFxlrodpa+KNSsk+y2du0tsRiVd2VbPX5cfrVvU5hqPlPFbLbsqcqucdenJNc5oM7iR43cRoem84Ga6OUSWyq0gGCM5B4NEY6HRz3WoyztOOB79P0rYtRJbTBQxwOR6fj+VTaV5Utv5qAAhhkVLcIzy7UPBP6VEr3saRta5EdKu9c1mGdFcxwH95hhtZWBBBBOegz+FehRxLDEsaDCoAoFZHhxfLspTswDLhT6gAf1zWtu7ZrqpxtE8rEz5qjRMDnikkbCHBqEPg5z0ps8w29a0OYryy4PWpYpCUyax7q7CSdaqvriwxldwFIZfGQacTg1EWxS7jjrQBKJMDgVKDk5qAHAzmnrJkUgJw3FL/D0qNW4pwYEdaAPEfHOkHSfFFzhT5NyTPEfZjyOOmDkY9Metc1KDgEele2+OdHg1bw1cSyttnso3uInABPC5K/QgfmAecYrxFn4HNZyVnc6KcrqxATLnAP/ANap4YJHwS2BmkGM5qZV44qGzeKNTTLQ3EqLJPtTPzfSugvdGAs/JtNUmcE5I2DH09q5jT4pTOu0Mea7e1hkWJSynkdaV/I6YpSQ3wsbiGNrediTnFdDNOBKFTk5AAHUmsu0X7M5diAe9aWkMtxqBuHAKouUHvnrUpXY5yVOB1dkv2Syihz8yj5ucjJ5P65qYzjHWs17onvVKW7I/irrWh47d3c2Jr1UHBrLvNVCofmxWXd3+1TzXN6jqTsCFPNJyCxe1TXcZCHLVzcuozNJvdyfaoJHLEljk1WlY4NZttjsezh8tjp9adjcDUDbto4JqZTkYGK1JDOFxSqSetG3tQE4wKQD1bHSnhuuTwKq3N1b2Vu89zMkUKDLO7YA/wA9K868WeOFvLGey06cwo5wsgyGlH9FP5kY7EggGZ8QPGr6rO2lWRkis4ZAZD0MxHTP+znkD2BPYDiVcg5FQzmQzt5rZkzljnOTT1qZGsC2jBhwc+1WYnGMEVl8hvSpkeTs3NZuJsps6PS7gJdJ0AUgnNdi+sRJD8zKOODXm9qlxJIAr4J9q63SbGFGWSYmWRecscgVJtGbtoi/9pluGBwyxnoT1b/61aK6oukQpdPC00SuBIiHazKeu09M/Wqk8geTgdOwqp4hkVPDVxu4GUz/AN9rVQ3Cfwu52CXsdzY297bs7WtypeF3TYWAOCCM8EHgjJ9iRgmjc3gGRnmoPBmqLdWwsJLkReH/ACt0/mqpEcnAWRGP3W5weefTJJqHXrNtNvPLiuYru2lBe3uoWykyeo9x0I7e4IJ2mrK6OApXd2zcA81lSZY5NWWBP1qJl4rG4ynIBVOZsA1emXAzis6fvTQHtn8NKuAetV7q/tbCNXurmKENkL5jAbiBkgep9hXJ6r8QrKzl8m0hd5D0llUqnsdv3j6YO361sZq52xPPSsjV/FGnaQBE86SXLbgIUcZGP7x/hGcdefQHBrzDUfEuuau8tu0xmSQELEg2IAexA4IH+1k1R8qRUMJtYQkYHnSuQc9go/lSKsa+oaxfeJLje7+YkYPlpEm1FHdiW/8A1n6DjCLRaheH7dCYBF3Axx2znn+dbEun3NzBHFp9+HvXALxoMYHZAB0+mPT1qfUYbi0ig0G/tlSa5A3ygZ+fOB0/zgZ6GrUdAucHKCLh1PODinqKj6ytgEDPGakFZSNIj8ZpygikHSnD1FZ3NS7ZO6yAgc11lnIyQhnPbNcjaldwzmthbsiPYOKg0i7G/BMXcms/xXdBdEeLIzIygD6HP9KbbXJjG5iMAdK5zXr1r24SMHIB4HvVw3FOfunQQ315ZyfYbSPbp0ybWYjG9D1Bx9eR3H1r0DQtS082reFZ9HF7YOFkgvY+sTno24DI67SScZ4Pyk586t7+bxFax6dDiBYAAZBx+P8A9auj8L6mLMSeFLafZfTSYtpZMFQxyME9AOfQ8Z6nFdcHfRnGzp9S8ATabBaia7jjmnyF3uNrtzjBHTgZI5xyOcZPJalZy6ZeG1uCm/8AhKtkMPUV3XhHU1QXPh/xlepPfIzLDHc/vUcDnaR14IyGGOnX1sr4a1S013/hINIntbaJYS01tPM0yRFvvEjGTH9MdOi0pUk9hcx5VcfcrKl616I2jaa1vLdaoHlluM7U0qdJFDnn5ODk8gkZbAPGTWLN4C1KbSH1ezmtp7HBaNvM2s68Y4I+U4P8RH45FQ6MkPmOOnmluJljvVubi6k/jVtzNjucf409wbF2glSSTcvyxBAcH1J78U99cmfTh58zSqo+XaMMOf73WoINTCRM9hJKkjfea4G8j8f/AK1GgDE+y2xCQXM4vH++3938q0NOGnWrC9ninubO3P8ArG6SyH09fT8z2rMl1UwKY43jlkc/vJQrAn2GQK29N8TPIILJ7U/Zxw6BRjHds5547EfjTja+oM6bwz4bsNTjuPE9vePA1uyhUIPLk4yB14yMYyO3GKiure6XQNWl1/P29w0lnIWJ4yckE9sA4OegI4xXZPonhzxSunaV4aka3KRi7ZAduVVipBxypyCCRjllPPfJ8W6kviGxnhaIK+hMLS5KcYMhCk7enARk9ju7GulJWIZ4pMkRfzIA3lNgfMOjdx/WhRXW3GhDVZJYdG2tb20RkZEG4uygnC9yeDx9faufFljoa4qiszop6oq4pQCOoq59jOOKtw2iuuGHNZGqRQiYCrML+ZKBnpUVzD5LEUtoduWzyaQyzdTlAVBrMgDCc3LRl44+oAzyf8Ov4VZuDhGY1r6Pol3a6d/bL7XtyNwjPP4kf4VrBXZlUdiC6Dpcp/Za7bcnEj/3j3z9a3NTax0+1h1LT2Ml9Eo+YHnjHJx0Ix/nFUba9l123lgjgWFXcqcEA/gfUdaTTFg8P3b217LukPMfHf1A961WhkdLpFvY6ppf9u37v/atuwdYSTucA545ySO3/wBfNdZp/j3SfE1pbx3em20Nxp4JieW5+zNj1RxgDI/h5BxgjBBrysnURdzGFzDbSKxjAbaAw52598f5xVPwxbzS65JDJN5I2tuPXof/AK9aqWxLR7Pd+ILG3hkvdMvNMs4HI8yfTXjadj38yHBVsknPB+vpmQXCeICuowSS3tlZuv2zUriMI+emVi3EZ9M4x0AxXlRia1vLyF74mBCfujBYA4rslK2HwvtP7CvXs7q5uCblC5DOuMZ4PTII9Oe3NNTbYrHMWd7C2iSQWlorSBWC/Lye446nrUWkjULi3lUQKp3d1x1+poorIo5y4SUSlZgFcener+lW105aSOZVUDHJ9f8A9VFFSxnovg3U7zTPC1zqOmxtNrVvOkSnbkeTIzY79mLg/wC+nYVf8aT6ZawW2j2Tq+oajEJrryxjY3RQD2bAx24XP8VFFdCb5EzN/EcdZW9x4c1CztoGEgnnDSsOm0ev9PXFQ6vYJpmtXljG26GKU+Sc5JjPKE+5UqfaiisKq902pP3iGNR04qZlEa5FFFcp0mZdrvbNQouKKKBEUwaeVIUI3OwUZOOtdHdDUbZ7XS7BvOtgcuO34jsBz0oorekYVTQ8WGzNjajSWaK6VcOoOGHI5OO5PORWC0cE8YOpMf7QjXfsYcuB1+p9v8gorSe5mti/ZXE+s24Rx5cURHlvn75AypB9Rjn/ACKxre1S31mVLm5CsQRww+veiiqtaNxJ3ZqaPp621zf3sED3KRKwEm0lQxGQOB16Vf8AFlzpOqnTo8PZ3AixJEDwGJx3HXiiimtIh1P/2QplbmRzdHJlYW0KZW5kb2JqCjExIDAgb2JqCjw8L0JpdHNQZXJDb21wb25lbnQgOC9Db2xvclNwYWNlWy9JQ0NCYXNlZCAxMyAwIFJdL0RlY29kZVBhcm1zPDwvQml0c1BlckNvbXBvbmVudCA4L0NvbG9ycyAzL0NvbHVtbnMgMTIwL1ByZWRpY3RvciAxNT4+L0ZpbHRlci9GbGF0ZURlY29kZS9IZWlnaHQgMzcvTGVuZ3RoIDg1MjkvU3VidHlwZS9JbWFnZS9UeXBlL1hPYmplY3QvV2lkdGggMTIwPj5zdHJlYW0KaAW1mgmQXdV5oM/d79t7lVqtRq0NISGEQEICxC4WQwADtuNgD14SD/ZM2Rl7MpUpe4JralY8TlKVuMax4yqPpxhPjAnGhmDACLMbBAIBQgKEBJJodWvp9fXb7n7n+89rYVw1lSpSM7duv77LOf/59+1co5PntlJ2qlSulKUyQ2X6kjtOQz+zujcmr4wkTW3LThPlMDhVqaFiS7UXZqs+RqZxaDPRtAGQJ4Zh5MrIlGkow1TcmIq1OMwUYMpweMscHjAgV1auVwUqp54Iao5GQ5kyLZMVlGkxPs00ziY4y4tTCOt1DXnFoaHpmbFSkSySFvgFZw5H5jACslRmGiDEEhY3SZaaZlNjCu2+BiaLxLlnMzSGDjn1WGB0mQcgoNr841SxMvNMWRAui/J84b9c8747W66YzwFeQp48lpM/y2LpXLDhMFViqvFU7Xrr2KHxqVVLhq7ZMFi2HQ0zDcPQ9zzAMtQURus5sohM1QcDBTy/+pnAlwMGyxU/nN1X+rn+gWpTo7rw/hQ8HmqZnRoJhA+shQhhrHDMRDyazacGduEkaZLkuW+7Ee9tM1Dq3mfeGj85fcbyZeeuPW1JSUGJrQEoo0u9XiA3RIP0UnBMsO4eIrLffZDmwgitx90XIlwZDEIyVHQtUzbCEb1GUkaKvpqZmSdZ5prHlPr39+769b4jdrFodepXnr7065+6dEgpF7GbaKvMluW7zEHGHKaGL9fCyQ9wQ14uHDkKiDaABBotbIc3moyu9nApFsFcYGlwQBNIWkZcM1FmyQheaPL0YPCAh1asXN5CVdc85L8+8jSLLHNGqT/+c/g8ljmlLIyv2XTGnV+6aqmrVJI4IG+aXYNeYG8OSgBAJaDXFCRkXRDhxcItsIVoXvC6i9KpS33HMyCgwAtvZSTm331kOGai1FOvvv343netZWfOVwbV8Mon3x57fO+UCEdzFmayvkxaAAFneRTlBmJgYQMhiJz/L4deSllMgMUytguB0XIBWpn86ZMHCw/zVKjr3nVfCedlBY0EyHDJpGRhTXFpoko8gncqQZtM/Mv9Lx174ciUM7yuU16WLVr7yMsHfvX0HsZYth1nsq6Btz0FQq7AR05Z6H1CQePUojJWXIrGrPtQTxdfzPJQaKK3TLUs0Y6FQ2SFNqkgVomrjs9OO8XSfBRbnh8kHccujc920EY3VRYy0dBlbS0fIdkAYqL1Thw5C3Hg9xZE3x3PYrh2eXNKK7tYypMuICBgd10bEyCCIP+wAy4MT6tzyiR0SggTAZh6dU29wBGOZPJInLSMYT3BRnTjWH2uxXUnN60KfPcLlYNHxmJ1NhBdW5sBcwQ/1uIfs/nl0QI+8karAuaqRSvSFvjdk7fdgxmcpw5LPFoOx08BM0TLAO66/MuWjSz287CCR2nNF5K4mMSLykXEYLriB8VTaVigjcYQOYUWcSY8XdDR366ukeM172AQPEs1F2QGB0+7kwQIJEk87CqWJuwUHaJV8kCPJnLCR6axrF5ZgDhd9eo+5VcsRp7LFW4aPNctH7Ha81UjKyRBIZ7309bo8CBAUQgZmOnoLNjqP1mNP9EAeaTPhf+8FznKa0I0kDXvuJc5PCUmo4LYu0haRkmolzu4nSXKtgQ5uOGq+OLTV24ZOfTS4SOu5fpRcOmygVvO7cebNZPQtz0YRvwQjmrnAR5YiWiyICKmARxuTrF8AUmt35ID6KQmtw0dHgQFACRoXDcPMTHiPLdguEZbYItgOYSOLiyCuX7ygR+wxmQFH+23hCTGGiFzZLZZVOqqVZXPXrzpH55907J8M29eeObSW67Y6kMwyxmGjViEg/ANNUVsHCBGCvXbxU7ZB68Ebw58GjmWFZHS6HvWckTzAENqgg+TgV1CNJsUTMQ3GyxmxjiBhipOK/X4/mB8srGst3rTes/TTkcDE8xdKFkQNQDgMmE00kC9XPwDKMO4hVVY6NRaUA8jOZGFiJXnYMLILkrQV5IrfP2CsLor8ivuQAaT/YkP7o7v/gKE0WDVpZ4LOXPx2aG2uZJ+xSotpR7bk+w98O5pS2of2baY8O6Jupn4LFBBM4SVH4DDFIIsPOwuQYoChguGokfiMnMUGGbhWBnHCPJMTJJbsmPmT7RVKxQtXlpVZaV6ARFnluCboHEt5TeU0VGCKLowqBdoaAy69EAhugBA7FL+pwlLiDabFgpiWhZOsK6XZiTIsbrGMspVhJ+PlN9WBpgcb6p6S2EknquWFGXYAFJMIqFMlBpoItEwzFzPhMfkrUEm2SeIscTRpjoxl7uuMVhWQ0WhgugkRYBemgEwEB2q6eftTIWWmte8gwro6gc3qgZTsEUGsKU7Hrq6MoPLUDE2qWDKkn7V5wiGsAs9106U5XS58T8f2T3WitxSMQ+bo1X3livOm1PquX0zz734Rj1MZsJmlkUDJf+8lafdsGXD6pqJG3ZyN87C1DLu3rHrnSlEUXXjzmq3/blPXPHOial7H96ROr2WU46CcNPaFbdsXYm/acdBxfFF1USPsUTBeDJWf3H3ky3T9z07q08u99QXb70us0zDKMPfN6eiHbte27n3QDPMm4ERpK7vuiODpXNXLL7uvLVnLXaRoigtWiahQ/meGcW56RjtXMXk+JF66Nl3nt79+tHpejtVURTZaXTWspHL1q+58cp1JU/d9+jenfv2uuVqGKleK/3qzVesHCojnu/86OG3ZpLUq+Vpuqxq/dlnL+2xLDTl8V37f7HzQGCWyFayYP5ffv5jy/rVniPJvQ899uqBo8dn6qZpFWxrw6plH7v6su2beqq2GE0W53ZXc18ZP/H2fJo4hSyOVg6Ui7Pqvh27Dh85WXX7W2TOvUPknMdnZg69dujxNw79yac/esmAMluqVPJQ3h1vTe2fV5avjMbkef35jWjlwMAbE8G7cTsiswxnD87ObN+6sp+kyPFE/kQEEmRco2XDyh2vnXhw71hYqPm24cyMf/XKTVhPYtgY2bd/9srjrx0IMsswS/CoWO1JnNJUo3FyvPHqoeP3PP3KRy8570s3rOsxROngeJ4EyMdz3Gaq2pZ6bF/wt/c+9PaJelKs2qUl7bDjVBzX9n49PvPk4V0/fP7g179647MT5i9fniz2poll1tL6Zz9WQGHbhnr6reMvz4aJ3zLDfFUp+1ouS8Cr/cfqD7x4MCwscm0jac9tmlD3PHf4Rz/9hVXqSYyiWe5Ns7yexNMH60/t/uGt12y74wsXQrHnGFJRJsoMbSeDDLOMYhzNwx88uGu62eoZHFbNrOT6M3lMveT2DBI+jjZm7rzr5wOfu2Vj/ylP17M4MjLbLxpGEldTTKFmqW3btu9/8XBYrPpW9eDJd3a+PX3NGoKkhL2ukxMfr9TJVP38mVfiyhKr2tdqTK8YGrn48q3EpfFY/YcfPPb8eMPuGw07UdHzSnmUpkmD3KZaNvJyGvc1lbrryT37Dxz+b1+7bin+IUl8RCRRPk8s45F90bd+dD+GkveO5G6xlcalsttpN8M49HoG8P7vNpv/5tsP91Z7SyMbUtOI8zim5vctnACn0ztoZmFolBzbNCtEFSEWyzGLtaTQF5cGW2FQ6av91V33z9dn7b5lcQ7xkWPaqWFnZpHsBQv/yaPPFzz7G7dtYa7piDsSL4coDMOJUqth2Cc7nbLvZnMnquF0rXOi0jxWDufSsBVmqdvTM5tmv3hqJ74PZ68demLkQZa1DCskt8ZScLLbzx2tWFzHkXJSv2/H83tRXjIGKRY5cc9gptTO/eGByY7hVUmK7Sg4/5wNtZIEjH/9vSefHO+4AyPNZlAtVhqT0+HsXDA53hfNqpn3ZuvTbcNKnEpWHn7pePTlO+/DPxqS4VJQoHfmWyfiO3/8D8fsvjotGd/rdFDMljF9tNY+2RtOWnPvJbNHSy6NmPTE3GwnzTthmsWpEcdmlhIn0AAiRBJ0HKJtFEgdDLFd15xneU6Ism23YLqlk/WO5ZaSoO2E871Zw20etzqzvmUEACz2OYPL7vv1c3veS/GQtmgApux6aQe3IxVxqrKyZ9ba8zddtuWSM/txp68cmX7guZfeC/PYcOaazb5qz8HpqYlYlQwSeJVGYU4TRtlJEtmWB+s5V9bU5tOHH3z9oFkdcAs9r7137PVj6sIl0oeikCF+I1Xczv2/2RWVe+C41a4POPE1F48iv+/97OU3ZzvO0Giz1SzaeTJ5+KLVI+dvPHPF0iIh7sDYxKOvvf3aoQmjsjSz3bg8+M78+N/89Kk//YPL7CR1bRfb//59O07ioXtrbh6mUauaNobLznXbLzpz5Uil5swHau87R+575MmpyDX9/jjTPg1vZTk6nRJfH+OFMlWw/dzOw7hD8IdPHKT2URTi/LDI6amZ3mLBjOa3nr70tlu2r1yipmfVXb94fseuNyt9yxrNNslgFOWvHzy0ftlqktoCAR5HjPL7mfJda649WzXbd3z8hq2LBDT6vmJt/6rhj/zJ3z6irB7fq+SqfWDy6ESgVldUo618x3dNZjsZGKdSMBBtieDXbV37m317AhGfN2k4D+3ed871661UFdENS/zGy+/O7h4/1qkMeypxWtOXnL1kRVHtnsx/vW+fXR6d7zS8PPajmdt/b/OnLh1FeMwD+GVLh2+9YPgnT7371z9/1upbHhiOU+x/cOe+Ky7cvG2ZxM9HD6sn3627lf5GMGNaRlqf+PRFZ/7bT14gThyT0jX3NctGb9j8uX/xrbsn4iAxwd4i+wJPmgN4CUFQkncz474bZHVCLkHX8cjscGJYZ61WtTtTV29ee+ftWyBZUrWSOucrF37tL1uP7Bkr9Q5RiwQN692jx0O1WjIhKVcs3LWdZEkadip5cv3WTZsWSQ5UU0FZReVMnVVV55y+Oup08swMwMsvB6lOB4t4h4gGEyxwHIemjOSPOn3eNGRsGOqNGvOp6UZuedfbh4/FKndxIEjEwNh/+dzuDN9LnDayohXfeOlm5j6z+43J2I5UZqnASerXXngWXCZr7FGqmuZlnFWSDSn1+ctW3nzpZhXWkVnkFmeM0hO79+NbYdNv9k9Mph792aJDHGicv24ZXCZvKwSK8o6LPiJnOz2zqu744q1Wa8pDTbIUAizHwchBXrs3K6NqN216kAW/gAlCIB4gzTLbcUlLeYXHWORn37x9i8ZNFeOkqvG88ZKNNnmGMhud1PTKU3MkijhnYTUhJAYERViWxoOmdfn6YVQS0GZm28quGOJ2B8qekYXI0zQ9K7JpDTEfxaSMN3BjibSe40xyrRaLGJJTX3v2WTaASSGd8lQzfWr3BBEM1pB3vzKldh2espRXMezW3OyGdWesHaBBol5587gqjURZ6lmdAa/96WvXFLAz+i1pLhVpnuI+MDLO225c30OlZcS01LPa4l1vv6cZpN46dMgoEI7oyMSFYOYPb7pKAkmcl5xcHGOAoqqKb3mJumK5unzNcNKcs8khHNxF28UD6qCX5E5qm5GROo4Xh4mEMW2mUt1kVGyO6fpBc+6WSzeSzvtUy/hxi8xCkp/TTxtw3UKbrrzbEwnnMAqZLq0s/Kb0gCzy17jq5L22UCIHfSpKbywOEA5Jc0SDhsVMaelKRSdCAlBO+iLVIkLjIe4DdScfumDN8PKBatZp2KYdW/6O3W+Qk8xnonf3PPHCTF5wC2UriXqt/KbLN4LK7ExSb8WJ4TqeH7Ua60eHlxiqzAvWMI0kwcrzLOqgBJRwQ45av3xxUJ+2bZsU8GQ9mKZ2An6jSaJumU4WRssHetYuESILjvgAlaYO2kKmlUodAVM2rhk10yhN2GeQx1ae6dqKKeQGcgoTREByAIBTfrjPMs/Kq26OFNkDkUE6kYdfRTvzbFQehuo/rRbS6hQoYhrkJB1DtVwnQgocLMLiyCFhXwVGF9H4wMlD4pM8p+uvrQnVYW2pdqXSW+C+2F2uhirqnOX9hXAK/bfL1ddPNp4Zkzpi37Hg5XcmsurAfBJ35qe3jPRtGRDeJWknjucdV0VhYht+b6EHAWv+aDSkE5fLvkIasdnB+F43L+VxUW9EkPE0O5oDUewQ4qUAN6quj10jmBSfCtK21VZpSLfYydu0nnFH/b1xEBQdF2xRFzOX9gvj3axjyS6P1iUkoCnVXDdw53Ye2VloG3mhVMGmpYGB5gmjpSHk22bBSoHgpm2isZPHCA8tFEqky4JXpG+IFAUj0WgtPUE90c1fF2wyZA6jdP4jspFDenKsQKDJMke3AOCHg+HSLsF7bF03aHfyuNPJVODV7v/NPtrqv9q9fy7DNl3cddFMP3H5Frwb0sUsaNlkVA+WlyWmqzBl6dQR9CHSEJ9hEPW5ogRAzC5dH2ww6FBIsvXDILD1HA/3ZhhWnORhlBMewdPGrMkcYLVomXRRbNvkVb0TOY6bAVMrXJcmFhUrllYJDR/p+QBBP4RfQq68BT+Vue5Cvio5ABAEAdMUZLByst4YE+ERWNHlEa9kpq6Vlcy8YqRFK/OFPB7SrNILdH9so6SoBHSHgK09stZu3COzAx59URhEQwB1oI2AAG1HIJ/Tr9YtRu1C0qfcK+0/MXffW+qZQ1OJW4zDyM+ydSOLz1/lwWhXZX2lcsHx6R2LyhnexMRxIETkaySFejMK2Kny0szGy4P9san5TLIdobHsO/1lGTYwMEioYLhX7DlyojExLYwOw6Z0NmSvKPVgeCotdUT18hvvuA4qCMU5IZoxWochkoLbT4xCbLgZEqYTLe13SEN9pVODSDAM10hhkTAQbMQB6B6eJFoW/oEQShZGt4KFRAM5U3G8DtzKTZvGY1d6kKINCpBdX8Vy2JZQJVD1RJkrvMdMTdIJxoti8l6IJwPJMPCrtmyw4qBU8NM0jUz3p0+8OIaNk/EbqRvUr96yAW/uYH9JOlBQI339ZtDJ4phSc9/YyVfGFeUqB4jKWlx5LpqITe0eV68fPm56Rde1405jUX+1p6w8Q50+Mpi1ZvI0IqefTewHn93P+Mwro7Q4OZSdfVA4QsK+f069PT5jOIUwJpnWdilLdcmDj7gBCVw6xUOjIRQc4LJwRXIlrEZ0XcZLhOvqo16FKdLNEcMyxUeIJMTm8YBIKkssUoeYRhiMFkYBULMMP8BdxrYzw8lEDDuBraysh+knJoWVaSEnyTpAT8KN7GtEKMK2dctWLO5LG7N2GsZJMlYPQr+Kg/CS5oah8tUbK2gEm+sIiIvLNp7ltuslJ6NtMV1Z/P3HXh2nX4LtADZLwjxvgpSt8D/fu/dXHb8vNtHR0Epa5529VnAmAp8xOOI1zajRpIU0sOSnT+z62e5j83RiukRBv2mS3Y+F6i9/9MSh2SDGo7pFqdUkTAq/hGV55mRioKwKD+AxjhDFxC4zcgYGgw+/pMULTBB+Y+/aEwBBhwgRAyzHKQvXhInCGmCz4Yan135DM1rLVquSrC0uDkFJpStrCGQ9YOGH6rJIaY2uyUENJw6RrCXDLVyy/vS8fmKgin4rr1TFe2KueXP68o0ryWoBblt+Vz2u3NwzwqjOrO0a5J87Dx/9rz9+/s2OmlJqzrTnDWPeULvn1Ne/+8s9R2dUEYHFTtwcrZjXblsKPoC6YNTdvHLAihqea9fpgNQW/5f/8cB/vmfnnin1Xq4mDeNAoB7YE/3xnQ/sPnKsMLAYzUL+aJUOZeKLgbPAciFZNId/eC9RLBygdtdoXFdhZbCmOE8pEzQjdcSSJgPBFbVgBATSUWJ+mouCejhaes20GbWRBpIkCdQ0SR1iR5S5yg5Sw7XYC8ZyhCrWSJPQtQo8SUiZE5EeB7ZvykYz+ZiNOV+7eemjTyVTQTPPC1aUeAgtaI0MVq66gGJQ6Z6eEMpckrbbrr/oP93zsF8pJuyUlrxHDhzb+ec/P/v00eFFfa5vHxw79so7J2Y7uVUbIu6XrTSbmfijW69dZUvpz8Hv7X9w88vf+l8zQdPxy5HthOWVP35+4p4X/m7JQKWE/Jrh2HRIq9LpG+jEfMHBupKbUUQQfBeIcrx2lkEUZuRAqhzdhEq8M/0OBlKgdZ2qTo1En2UXhdAkkhEPTWmDOQR0YGF0QJ7OSzLoJKFPVrNtz3N4Iz0j8WmyMCKW5eXI6abgE+J2hxSLA6o8Urqw3d2honLlIY1mepXkKnyIQgbAo1FfbTtr1d/vmbAqFYf2QdDI8M7bL6RUw48TSpklm1Q6t73x3MV7xs568KU3in4lNUpmz+KTnejRNyeMvYex4NRwYrfXrZZt7K85pVoTH9t29u9fsByBIXY0A5TO6lN3fOH3v/ndv5tPeo3yYGIW7UotdeL99dk07hQKRdXXC/vmZo5WyjWCk3TTooivUNDfJDfFUeR5sUD9GHlkecQMmkya20I+nEEuWdrpdBwUkGVFu2ESRYt4Trwg2VfJd9qNuapt9vb2oMpmQXnk7ZIYGqFPqm1mjSASuuWQYMxUoDHf9D06w/DbM8yq55copXRH0c6zkp2XC7SXYgIIU9BNvTmEH3fE9ep6advGM6UcYEslCh0jHak42zctI3KasjUiiKIQMJ20Ds/x7z563hcu21JutVUzTALywKJX7vFqg05tuFhbUvOKdrsdz84Ww+Znrtj8jU9uq2iRk2GzFglsn8puOcP/m3/1iTWFljl9pAp1UZh2Agqk3p7FlrKjuel4auzzN1y+dfVQ2pxxqIAt6CAK8cWSGFbUbllse+ZJwchd05CdT1SBIBwn7FV6lknnlmGuI/pLf5X9u4CCX9cWwvuoXTQSdMpM2q3mHHMpa+kwKbcxZTdTp1C2282Sy86DYAwgyVrEAyEtQ9UnvcZJBJwHgRM0zHbkK5eSvhbVrRNTdrnXaswVSj0kWxCMC+/mCawhrgmvyycJFt4wxgnlzebVF6wfZStd4rXkmtgO6ScLiVNiwUz90ZXrVo2e8fePv7Dn0Dh7SxaccN12J6KdUraNQtBev3rlrddde/lKBZcNCmubbo30IvBrYafuOaVLV1e/983b7n7kzRdfPnxitjUXNWzfYzdiUbU8PNp/80e3n79K/ccfvF0ruPNBQBWOweOaQAJdqeXtatCKo1azMVcZqWC+luz6k6m1qvF0Z0q0oxTNZI1pW0m5wxSJWgRaaAiV25lJZuo+ChE1jBDQEuiNAVd9+dpL5zB1kt8oXFbwqjDGklqHaQI+z/oM64b1o6NV9uy8nA92os7aQT44yGsq/8JlGz9tF9E84t6Ao3qFfRKfC/RbqQ8tl1KlaalHX9hD/wGv43q+b6XXbT2D/o4rUsQCJBcSB2WQvUh5UtWbJtevNrevvvCFA+Grbx0YO3ZirtEsLqr0VQpDFe/Cc87cMFpEkRAVSoW3BI6oBVymK1KoEWgQ2ApL/en165pXrxs7ls4n7enpmdP6lwz2u5UeVlPkIc3JyYAGZLXW6rR7+iu9RTQs71XGV265vBkVcstNs7DqpIuonTQnrjl3Vb9vWcUaqXDWmTt/9SIPdxwHtCB8tIMuoOEtqalvfvGTQGUnlwJyuCy1vpFEOD35PAenDLKcpK0QjtsUtGGEMK1F9hpaDmM4GAMNnPTF0T3CI0GTURzQbLLTQSJEYkSfhiRUmXXDeHpSfeO7P+mUBg2vFM3O3Lz1jDuuW92vUlvKUREq+hAlqc1GD8qr7RT9YlsHZ4UX6ogMxFMxFmvjhOwu5agEBoHKYMA0HWLTfHe21aRrVijQN2h1OkMDhT4+cujum+i5yJIu0Sz73K9Of/uH93SKo4Hyotb8Teev+uvPnF1OOw4dJ1RE3K4czMWnEdzoG3ELWP6DDHwgHlArCl7dX8ma7dSk+7hgx8zlZBoKLR/H2MRRSWDwxVmYGXglSGKEAIMIug8U5/qONp2tqxpcPlzAoRXY4su4I5EmpzMdiwn8ByDiXVCcnz31Wt3tM3BNadxvZzdevBqR2IKtNCWkdcWKuk+iVRMPQNJFOZ7FWV4w2PiWCKPJFAJAlcWpxGXnE79vSoXEXmFGrWl637n/2cf2HHK8WoAFOc5Qxf/Kx6+9aI3UyiyFQiBcdPnhvY3/fs+j7eJwbPrMt+LOljUrINm1CInyaR7BWbAjC8aFg59OSBjA5xgxG/RYES0JcSH4C1RKnLUsobWEPqT4Q/19DNB4TnCS7A2/Sc4bSGWAizvFZaZpVwssJjIBYGQRkEnQAz6YMEBUW+5F+8GDU4pZ2q90FLVgD55Mnn/zXbP3tASnMzd17Vkrz6iIVjJb0AFLEIGPbHfKd0SA0d1b3VJA5JDFvolgwjBZVHbRxQS04SFrnoAFGRE5ACtu/8hHHn7jf3fMSugX+FJtcmbuz75/99nLB04b6l08UGNv6vjM/N6jk29N1DtOX2aV8zgpZsHKxaUrNlXACtFxgAN1Of90mbxAqZCcEkVyeAS7BB3J/IRdXAvemiHoCv5H+CJsgxn0aGkKopO6zQdM7YhEid8/tJPmTvJpuCxQwYQ7RncNfGG0PNIiFwFLAqEzTdaW/apnX2tiFLCh2S5m0ccv2ciWAl8d6BkaqhAkwGVvlbJVL6TNXRbRnwFrddZrgQn/mcEBryNFtwEzCz0SWP0t86Yl6p//3hXfufshb2hlhNMv9M6p0pNjc9ahgyoJ6GZHmRnZJbe6gl0K+F7mY436sS/f/oeDjohfGkbSWJciRePVRUzjxI9wVhyIxmXhV9ghE/XRZQvDmCyZLWMM1xAzf/84xdX3H/z2Au7pSfKku8TvXmn2/na4vmIpGHFgKt/1+r6+/tFWMF/Lw/PWLF+3SL4At7oGIGLRbBMNEO+kD3moXwiiC8cHluWye8d4qTbklwpMnAq70IOW+c8uH46iq+566Gm+Eij3LurEuVPpT+Mi5FMJs2vl2F4Uxi6t6Prxipd86TM3XLzW7UeLpTqghnPo6Wi/Jov/duXfReX9592L928/MEqedZ9/kNELA/6f/KNk6hrgjsceCttTpk2XOzPazRtu/izBlgIMlyHWJp0brQN4BnggyvohDkZjt1Ltk3xJ8c9HVxH+Ysgp3H718k2rhr5/z0NvThzwSj3T86FVKKYWhUlCfYIH68F+w/p5a5Z++VM3bhgypH0IhLgtAUnaloKJKOWHQOcfG7rAjn9syD/1HYzuGMYz74zP5F5kV0gXq1ly4Sq/lCrip+R+p6xLdwSgSLuPD0mZxBzNkyxq8YGSMEY8thcZDu1V0qSX31M73zg4Nts4cnK6Q//UcPiSYnSwtqTiXrRh1TkjiEj5aeZTY4nX7fKWyttkV1w2VBc8wj+VC6fm/f9ldGzIZ3PdpJAVqSyIVtLMl9KR7yjxLZJG4lzhELkPY2DUh2O1MIeAwzQgCEBAcSbw1DKBTnjEHWiPIF/G4F8o1nE35LaSIMqXqWSnCzzucjpnB1aMiwZ7Yknv4sNhdIq3v/P//wBkfQfkCmVuZHN0cmVhbQplbmRvYmoKMTIgMCBvYmoKPDwvQWx0ZXJuYXRlL0RldmljZVJHQi9GaWx0ZXIvRmxhdGVEZWNvZGUvTGVuZ3RoIDMxMzUvTiAzPj5zdHJlYW0KeJyVVwdYU8kWnltSIQQIREBK6E0QkRJASggtgPQiiEpIAoQSY0JQsaOLCq5dRLCiqyCKHRCxYVcWxe5aFgsqK+tiwa68CQF02Ve+N983d/77z5l/zjl35t47ANDb+VJpDqoJQK4kTxYT7M8al5TMInUCFDAAFQCgxhfIpZyoqHCIwUD79/LuJkCU7TUHpdY/+/9r0RKK5AIAkCiI04RyQS7EBwHAmwRSWR4ARCnkzafmSZV4NcQ6MuggxFVKnKHCTUqcpsJX+mziYrgQPwGArM7nyzIA0OiGPCtfkAF16DBa4CQRiiUQ+0Hsk5s7WQjxXIhtoA2ck67UZ6f9oJPxN820QU0+P2MQq2LpK+QAsVyaw5/+f6bjf5fcHMXAHNawqmfKQmKUMcO8PcmeHKbE6hB/kKRFREKsDQCKi4V99krMzFSExKvsURuBnAtzBpgQj5HnxPL6+RghPyAMYkOI0yU5EeH9NoXp4iClDcwfWibO48VBrAdxlUgeGNtvc0I2OWZg3pvpMi6nn3/Ol/X5oNT/psiO56j0Me1MEa9fH3MsyIxLhBiuOywgX5wQAbEGxBHy7NiwfpuUgkxuxICNTBGjjMUCYplIEuyv0sdK02VBMf32O3PlA7FjJzLFvIh+fDUvMy5ElSvsiYDf5z+MBesWSTjxAzoi+bjwgViEooBAVew4WSSJj1XxuJ40zz9GNRa3k+ZE9dvj/qKcYCVvBnGcPD92YGx+HlycKn28SJoXFafyEy/P4odGqfzB94JwwAUBgAUUsKaBySALiFu76rvgnaonCPCBDGQAEXDoZwZGJPb1SOA1FhSAPyESAfngOP++XhHIh/zXIaySEw9yqqsDSO/vU6pkg6cQ54IwkAPvFX1KkkEPEsATyIj/4REfVgGMIQdWZf+/5wfY7wwHMuH9jGJgRhZ9wJIYSAwghhCDiLa4Ae6De+Hh8OoHqzPOxj0G4vhuT3hKaCM8ItwgtBPuTBIXyoZ4ORa0Q/2g/vyk/Zgf3ApquuL+uDdUh8o4EzcADrgLnIeD+8KZXSHL7fdbmRXWEO2/RfDDE+q3ozhRUMowih/FZuhIDTsN10EVZa5/zI/K17TBfHMHe4bOz/0h+0LYhg21xBZhB7Bz2EnsAtaE1QMWdhxrwFqwo0o8uOKe9K24gdli+vzJhjpD18z3J6vMpNypxqnT6YuqL080LU+5GbmTpdNl4ozMPBYHfjFELJ5E4DiC5ezk7AqA8vujer29ie77riDMlu/c/N8B8D7e29t75DsXehyAfe7wlXD4O2fDhp8WNQDOHxYoZPkqDldeCPDNQYe7Tx8YA3NgA+NxBm7AC/iBQBAKIkEcSAITofeZcJ3LwFQwE8wDRaAELAdrQDnYBLaCKrAb7Af1oAmcBGfBJXAF3AB34erpAC9AN3gHPiMIQkJoCAPRR0wQS8QecUbYiA8SiIQjMUgSkopkIBJEgcxE5iMlyEqkHNmCVCP7kMPISeQC0obcQR4inchr5BOKoeqoDmqEWqEjUTbKQcPQOHQCmoFOQQvQBehStAytRHehdehJ9BJ6A21HX6A9GMDUMCZmijlgbIyLRWLJWDomw2ZjxVgpVonVYo3wOV/D2rEu7CNOxBk4C3eAKzgEj8cF+BR8Nr4EL8er8Dr8NH4Nf4h3498INIIhwZ7gSeARxhEyCFMJRYRSwnbCIcIZuJc6CO+IRCKTaE10h3sxiZhFnEFcQtxA3EM8QWwjPib2kEgkfZI9yZsUSeKT8khFpHWkXaTjpKukDtIHshrZhOxMDiInkyXkQnIpeSf5GPkq+Rn5M0WTYknxpERShJTplGWUbZRGymVKB+UzVYtqTfWmxlGzqPOoZdRa6hnqPeobNTU1MzUPtWg1sdpctTK1vWrn1R6qfVTXVrdT56qnqCvUl6rvUD+hfkf9DY1Gs6L50ZJpebSltGraKdoD2gcNhoajBk9DqDFHo0KjTuOqxks6hW5J59An0gvopfQD9Mv0Lk2KppUmV5OvOVuzQvOw5i3NHi2G1iitSK1crSVaO7UuaD3XJmlbaQdqC7UXaG/VPqX9mIExzBlchoAxn7GNcYbRoUPUsdbh6WTplOjs1mnV6dbV1nXRTdCdpluhe1S3nYkxrZg8Zg5zGXM/8ybz0zCjYZxhomGLh9UOuzrsvd5wPT89kV6x3h69G3qf9Fn6gfrZ+iv06/XvG+AGdgbRBlMNNhqcMegarjPca7hgePHw/cN/M0QN7QxjDGcYbjVsMewxMjYKNpIarTM6ZdRlzDT2M84yXm18zLjThGHiYyI2WW1y3OQPli6Lw8phlbFOs7pNDU1DTBWmW0xbTT+bWZvFmxWa7TG7b041Z5unm682bzbvtjCxGGsx06LG4jdLiiXbMtNyreU5y/dW1laJVgut6q2eW+tZ86wLrGus79nQbHxtpthU2ly3JdqybbNtN9hesUPtXO0y7SrsLtuj9m72YvsN9m0jCCM8RkhGVI645aDuwHHId6hxeOjIdAx3LHSsd3w50mJk8sgVI8+N/Obk6pTjtM3p7ijtUaGjCkc1jnrtbOcscK5wvj6aNjpo9JzRDaNfudi7iFw2utx2ZbiOdV3o2uz61c3dTeZW69bpbuGe6r7e/RZbhx3FXsI+70Hw8PeY49Hk8dHTzTPPc7/nX14OXtleO72ej7EeIxqzbcxjbzNvvvcW73Yflk+qz2afdl9TX75vpe8jP3M/od92v2ccW04WZxfnpb+Tv8z/kP97rid3FvdEABYQHFAc0BqoHRgfWB74IMgsKCOoJqg72DV4RvCJEEJIWMiKkFs8I56AV83rDnUPnRV6Okw9LDasPOxRuF24LLxxLDo2dOyqsfciLCMkEfWRIJIXuSryfpR11JSoI9HE6KjoiuinMaNiZsaci2XETordGfsuzj9uWdzdeJt4RXxzAj0hJaE64X1iQOLKxPZxI8fNGncpySBJnNSQTEpOSN6e3DM+cPya8R0prilFKTcnWE+YNuHCRIOJOROPTqJP4k86kEpITUzdmfqFH8mv5Pek8dLWp3ULuIK1ghdCP+FqYafIW7RS9CzdO31l+vMM74xVGZ2ZvpmlmV1irrhc/CorJGtT1vvsyOwd2b05iTl7csm5qbmHJdqSbMnpycaTp01uk9pLi6TtUzynrJnSLQuTbZcj8gnyhjwd+KPforBR/KR4mO+TX5H/YWrC1APTtKZJprVMt5u+ePqzgqCCX2bgMwQzmmeazpw38+Eszqwts5HZabOb55jPWTCnY27w3Kp51HnZ834tdCpcWfh2fuL8xgVGC+YuePxT8E81RRpFsqJbC70WblqELxIval08evG6xd+KhcUXS5xKSku+LBEsufjzqJ/Lfu5dmr60dZnbso3Licsly2+u8F1RtVJrZcHKx6vGrqpbzVpdvPrtmklrLpS6lG5aS12rWNteFl7WsM5i3fJ1X8ozy29U+FfsWW+4fvH69xuEG65u9NtYu8loU8mmT5vFm29vCd5SV2lVWbqVuDV/69NtCdvO/cL+pXq7wfaS7V93SHa0V8VUna52r67eabhzWQ1ao6jp3JWy68rugN0NtQ61W/Yw95TsBXsVe//Yl7rv5v6w/c0H2AdqD1oeXH+Icai4DqmbXtddn1nf3pDU0HY49HBzo1fjoSOOR3Y0mTZVHNU9uuwY9diCY73HC473nJCe6DqZcfJx86Tmu6fGnbp+Ovp065mwM+fPBp09dY5z7vh57/NNFzwvHL7Ivlh/ye1SXYtry6FfXX891OrWWnfZ/XLDFY8rjW1j2o5d9b168lrAtbPXedcv3Yi40XYz/ubtWym32m8Lbz+/k3Pn1W/5v32+O/ce4V7xfc37pQ8MH1T+bvv7nna39qMPAx62PIp9dPex4PGLJ/InXzoWPKU9LX1m8qz6ufPzps6gzit/jP+j44X0xeeuoj+1/lz/0ublwb/8/mrpHtfd8Ur2qvf1kjf6b3a8dXnb3BPV8+Bd7rvP74s/6H+o+sj+eO5T4qdnn6d+IX0p+2r7tfFb2Ld7vbm9vVK+jN/3K4AB5dEmHYDXOwCgJQHAgOdG6njV+bCvIKozbR8C/wmrzpB9xQ2AWvhPH90F/25uAbB3GwBWUJ+eAkAUDYA4D4COHj1YB85yfedOZSHCs8HmiK9puWng3xTVmfQHv4e2QKnqAoa2/wJAMILcCmVuZHN0cmVhbQplbmRvYmoKMTMgMCBvYmoKPDwvQWx0ZXJuYXRlL0RldmljZVJHQi9GaWx0ZXIvRmxhdGVEZWNvZGUvTGVuZ3RoIDMxMzUvTiAzPj5zdHJlYW0KeJyVVwdYU8kWnltSIQQIREBK6E0QkRJASggtgPQiiEpIAoQSY0JQsaOLCq5dRLCiqyCKHRCxYVcWxe5aFgsqK+tiwa68CQF02Ve+N983d/77z5l/zjl35t47ANDb+VJpDqoJQK4kTxYT7M8al5TMInUCFDAAFQCgxhfIpZyoqHCIwUD79/LuJkCU7TUHpdY/+/9r0RKK5AIAkCiI04RyQS7EBwHAmwRSWR4ARCnkzafmSZV4NcQ6MuggxFVKnKHCTUqcpsJX+mziYrgQPwGArM7nyzIA0OiGPCtfkAF16DBa4CQRiiUQ+0Hsk5s7WQjxXIhtoA2ck67UZ6f9oJPxN820QU0+P2MQq2LpK+QAsVyaw5/+f6bjf5fcHMXAHNawqmfKQmKUMcO8PcmeHKbE6hB/kKRFREKsDQCKi4V99krMzFSExKvsURuBnAtzBpgQj5HnxPL6+RghPyAMYkOI0yU5EeH9NoXp4iClDcwfWibO48VBrAdxlUgeGNtvc0I2OWZg3pvpMi6nn3/Ol/X5oNT/psiO56j0Me1MEa9fH3MsyIxLhBiuOywgX5wQAbEGxBHy7NiwfpuUgkxuxICNTBGjjMUCYplIEuyv0sdK02VBMf32O3PlA7FjJzLFvIh+fDUvMy5ElSvsiYDf5z+MBesWSTjxAzoi+bjwgViEooBAVew4WSSJj1XxuJ40zz9GNRa3k+ZE9dvj/qKcYCVvBnGcPD92YGx+HlycKn28SJoXFafyEy/P4odGqfzB94JwwAUBgAUUsKaBySALiFu76rvgnaonCPCBDGQAEXDoZwZGJPb1SOA1FhSAPyESAfngOP++XhHIh/zXIaySEw9yqqsDSO/vU6pkg6cQ54IwkAPvFX1KkkEPEsATyIj/4REfVgGMIQdWZf+/5wfY7wwHMuH9jGJgRhZ9wJIYSAwghhCDiLa4Ae6De+Hh8OoHqzPOxj0G4vhuT3hKaCM8ItwgtBPuTBIXyoZ4ORa0Q/2g/vyk/Zgf3ApquuL+uDdUh8o4EzcADrgLnIeD+8KZXSHL7fdbmRXWEO2/RfDDE+q3ozhRUMowih/FZuhIDTsN10EVZa5/zI/K17TBfHMHe4bOz/0h+0LYhg21xBZhB7Bz2EnsAtaE1QMWdhxrwFqwo0o8uOKe9K24gdli+vzJhjpD18z3J6vMpNypxqnT6YuqL080LU+5GbmTpdNl4ozMPBYHfjFELJ5E4DiC5ezk7AqA8vujer29ie77riDMlu/c/N8B8D7e29t75DsXehyAfe7wlXD4O2fDhp8WNQDOHxYoZPkqDldeCPDNQYe7Tx8YA3NgA+NxBm7AC/iBQBAKIkEcSAITofeZcJ3LwFQwE8wDRaAELAdrQDnYBLaCKrAb7Af1oAmcBGfBJXAF3AB34erpAC9AN3gHPiMIQkJoCAPRR0wQS8QecUbYiA8SiIQjMUgSkopkIBJEgcxE5iMlyEqkHNmCVCP7kMPISeQC0obcQR4inchr5BOKoeqoDmqEWqEjUTbKQcPQOHQCmoFOQQvQBehStAytRHehdehJ9BJ6A21HX6A9GMDUMCZmijlgbIyLRWLJWDomw2ZjxVgpVonVYo3wOV/D2rEu7CNOxBk4C3eAKzgEj8cF+BR8Nr4EL8er8Dr8NH4Nf4h3498INIIhwZ7gSeARxhEyCFMJRYRSwnbCIcIZuJc6CO+IRCKTaE10h3sxiZhFnEFcQtxA3EM8QWwjPib2kEgkfZI9yZsUSeKT8khFpHWkXaTjpKukDtIHshrZhOxMDiInkyXkQnIpeSf5GPkq+Rn5M0WTYknxpERShJTplGWUbZRGymVKB+UzVYtqTfWmxlGzqPOoZdRa6hnqPeobNTU1MzUPtWg1sdpctTK1vWrn1R6qfVTXVrdT56qnqCvUl6rvUD+hfkf9DY1Gs6L50ZJpebSltGraKdoD2gcNhoajBk9DqDFHo0KjTuOqxks6hW5J59An0gvopfQD9Mv0Lk2KppUmV5OvOVuzQvOw5i3NHi2G1iitSK1crSVaO7UuaD3XJmlbaQdqC7UXaG/VPqX9mIExzBlchoAxn7GNcYbRoUPUsdbh6WTplOjs1mnV6dbV1nXRTdCdpluhe1S3nYkxrZg8Zg5zGXM/8ybz0zCjYZxhomGLh9UOuzrsvd5wPT89kV6x3h69G3qf9Fn6gfrZ+iv06/XvG+AGdgbRBlMNNhqcMegarjPca7hgePHw/cN/M0QN7QxjDGcYbjVsMewxMjYKNpIarTM6ZdRlzDT2M84yXm18zLjThGHiYyI2WW1y3OQPli6Lw8phlbFOs7pNDU1DTBWmW0xbTT+bWZvFmxWa7TG7b041Z5unm682bzbvtjCxGGsx06LG4jdLiiXbMtNyreU5y/dW1laJVgut6q2eW+tZ86wLrGus79nQbHxtpthU2ly3JdqybbNtN9hesUPtXO0y7SrsLtuj9m72YvsN9m0jCCM8RkhGVI645aDuwHHId6hxeOjIdAx3LHSsd3w50mJk8sgVI8+N/Obk6pTjtM3p7ijtUaGjCkc1jnrtbOcscK5wvj6aNjpo9JzRDaNfudi7iFw2utx2ZbiOdV3o2uz61c3dTeZW69bpbuGe6r7e/RZbhx3FXsI+70Hw8PeY49Hk8dHTzTPPc7/nX14OXtleO72ej7EeIxqzbcxjbzNvvvcW73Yflk+qz2afdl9TX75vpe8jP3M/od92v2ccW04WZxfnpb+Tv8z/kP97rid3FvdEABYQHFAc0BqoHRgfWB74IMgsKCOoJqg72DV4RvCJEEJIWMiKkFs8I56AV83rDnUPnRV6Okw9LDasPOxRuF24LLxxLDo2dOyqsfciLCMkEfWRIJIXuSryfpR11JSoI9HE6KjoiuinMaNiZsaci2XETordGfsuzj9uWdzdeJt4RXxzAj0hJaE64X1iQOLKxPZxI8fNGncpySBJnNSQTEpOSN6e3DM+cPya8R0prilFKTcnWE+YNuHCRIOJOROPTqJP4k86kEpITUzdmfqFH8mv5Pek8dLWp3ULuIK1ghdCP+FqYafIW7RS9CzdO31l+vMM74xVGZ2ZvpmlmV1irrhc/CorJGtT1vvsyOwd2b05iTl7csm5qbmHJdqSbMnpycaTp01uk9pLi6TtUzynrJnSLQuTbZcj8gnyhjwd+KPforBR/KR4mO+TX5H/YWrC1APTtKZJprVMt5u+ePqzgqCCX2bgMwQzmmeazpw38+Eszqwts5HZabOb55jPWTCnY27w3Kp51HnZ834tdCpcWfh2fuL8xgVGC+YuePxT8E81RRpFsqJbC70WblqELxIval08evG6xd+KhcUXS5xKSku+LBEsufjzqJ/Lfu5dmr60dZnbso3Licsly2+u8F1RtVJrZcHKx6vGrqpbzVpdvPrtmklrLpS6lG5aS12rWNteFl7WsM5i3fJ1X8ozy29U+FfsWW+4fvH69xuEG65u9NtYu8loU8mmT5vFm29vCd5SV2lVWbqVuDV/69NtCdvO/cL+pXq7wfaS7V93SHa0V8VUna52r67eabhzWQ1ao6jp3JWy68rugN0NtQ61W/Yw95TsBXsVe//Yl7rv5v6w/c0H2AdqD1oeXH+Icai4DqmbXtddn1nf3pDU0HY49HBzo1fjoSOOR3Y0mTZVHNU9uuwY9diCY73HC473nJCe6DqZcfJx86Tmu6fGnbp+Ovp065mwM+fPBp09dY5z7vh57/NNFzwvHL7Ivlh/ye1SXYtry6FfXX891OrWWnfZ/XLDFY8rjW1j2o5d9b168lrAtbPXedcv3Yi40XYz/ubtWym32m8Lbz+/k3Pn1W/5v32+O/ce4V7xfc37pQ8MH1T+bvv7nna39qMPAx62PIp9dPex4PGLJ/InXzoWPKU9LX1m8qz6ufPzps6gzit/jP+j44X0xeeuoj+1/lz/0ublwb/8/mrpHtfd8Ur2qvf1kjf6b3a8dXnb3BPV8+Bd7rvP74s/6H+o+sj+eO5T4qdnn6d+IX0p+2r7tfFb2Ld7vbm9vVK+jN/3K4AB5dEmHYDXOwCgJQHAgOdG6njV+bCvIKozbR8C/wmrzpB9xQ2AWvhPH90F/25uAbB3GwBWUJ+eAkAUDYA4D4COHj1YB85yfedOZSHCs8HmiK9puWng3xTVmfQHv4e2QKnqAoa2/wJAMILcCmVuZHN0cmVhbQplbmRvYmoKeHJlZgowIDE0CjAwMDAwMDAwMDAgNjU1MzUgZiAKMDAwMDAxMTE0MyAwMDAwMCBuIAowMDAwMDExMjc2IDAwMDAwIG4gCjAwMDAwMTA5ODAgMDAwMDAgbiAKMDAwMDAwMDk2NyAwMDAwMCBuIAowMDAwMDAwMDE1IDAwMDAwIG4gCjAwMDAwMTExODggMDAwMDAgbiAKMDAwMDAxMDgyNCAwMDAwMCBuIAowMDAwMDAxMTMzIDAwMDAwIG4gCjAwMDAwMTEzMzMgMDAwMDAgbiAKMDAwMDAyMDA5NCAwMDAwMCBuIAowMDAwMDI1OTU3IDAwMDAwIG4gCjAwMDAwMzQ3MTkgMDAwMDAgbiAKMDAwMDAzNzk0NyAwMDAwMCBuIAp0cmFpbGVyCjw8L0lEIFs8M2E1ZTUzZjQxYzVhNmM2NmJmODUyMDk0MTUwODk0NjcxZGRjYTg2ZGI3MTFhMjBhYjI5Yzc4MWI5MzNiMmYxMDJmOTM0NTUyYmI0MjI5MTgyZTRmZmNiNjE3NGUxYTNmMzA1MmI4OWQ5M2ZjNTg3NWQyY2YzNTVlYWQxY2FhYjA+PDNhNWU1M2Y0MWM1YTZjNjZiZjg1MjA5NDE1MDg5NDY3MWRkY2E4NmRiNzExYTIwYWIyOWM3ODFiOTMzYjJmMTAyZjkzNDU1MmJiNDIyOTE4MmU0ZmZjYjYxNzRlMWEzZjMwNTJiODlkOTNmYzU4NzVkMmNmMzU1ZWFkMWNhYWIwPl0vSW5mbyAzIDAgUi9Sb290IDEgMCBSL1NpemUgMTQ+PgolaVRleHQtQ29yZS04LjAuNQpzdGFydHhyZWYKNDExNzUKJSVFT0YK"
            }
        }
    },
    "event": "customer_onboarding",
    "partnerCode": "FINSALL",
    "NiyoLeadID": "29073ca9-0981-4ea4-814d-8c46005b6058"
}
HTTP/1.1 200 OK
Date: Mon, 28 Apr 2025 08:57:36 GMT
Content-Type: application/json; charset=utf-8
Content-Length: 231
Connection: keep-alive
X-Powered-By: Express
Access-Control-Allow-Origin: *
Access-Control-Allow-Credentials: true
ETag: W/"e7-WCBpMVaqrJ74Ka0R+9/8O2kk8PY"

{
    "statusCode": "200",
    "message": "UBL - callback response",
    "data": {
        "response_code": "200",
        "message": "Data processed successfully",
        "cif": "126617",
        "docs_uploaded": [
            
        ],
        "docs_failed": [
            
        ],
        "response_timestamp": "2025-04-28T14:27:36.632+05:30"
    }
}
{"statusCode":"200","message":"UBL - callback response","data":{"response_code":"200","message":"Data processed successfully","cif":"126617","docs_uploaded":[],"docs_failed":[],"response_timestamp":"2025-04-28T14:27:36.632+05:30"}}
]]></system-out>
  </testcase>
</testsuite>