<?xml version="1.0" encoding="UTF-8"?>
<!-- Generated by org.testng.reporters.JUnitReportReporter -->
<testsuite hostname="NFL-160" failures="0" tests="5" name="testPartnership.UCpartner" time="17.519" errors="0" timestamp="2025-05-08T10:41:59 IST" skipped="0">
  <testcase classname="testPartnership.UCpartner" name="status" time="3.054"/>
  <system-out/>
  <testcase classname="testPartnership.UCpartner" name="createloan" time="1.990"/>
  <system-out/>
  <testcase classname="testPartnership.UCpartner" name="repayment" time="0.099"/>
  <system-out/>
  <testcase classname="testPartnership.UCpartner" name="Customeronboarding" time="12.298"/>
  <system-out/>
  <testcase classname="testPartnership.UCpartner" name="earlysettlement" time="0.078"/>
  <system-out/>
</testsuite> <!-- testPartnership.UCpartner -->
