<?xml version="1.0" encoding="UTF-8"?>
<!-- Generated by org.testng.reporters.JUnitReportReporter -->
<testsuite hostname="NFL-160" failures="0" tests="4" name="testPartnership.FINSALLUBLpartner" time="26.444" errors="0" timestamp="2025-04-28T14:29:05 IST" skipped="2">
  <testcase classname="testPartnership.FINSALLUBLpartner" name="Customeronboarding" time="15.712"/>
  <system-out/>
  <testcase classname="testPartnership.FINSALLUBLpartner" name="createloan" time="10.732"/>
  <system-out/>
  <testcase classname="testPartnership.FINSALLUBLpartner" name="earlysettlement">
    <skipped/>
  </testcase> <!-- earlysettlement -->
  <system-out/>
  <testcase classname="testPartnership.FINSALLUBLpartner" name="repayment">
    <skipped/>
  </testcase> <!-- repayment -->
  <system-out/>
</testsuite> <!-- testPartnership.FINSALLUBLpartner -->
