<?xml version="1.0" encoding="UTF-8"?>
<!-- Generated by org.testng.reporters.JUnitReportReporter -->
<testsuite hostname="NFL-160" failures="0" tests="1" name="testPartnership.UCpartner" time="14.319" errors="0" timestamp="2025-04-28T14:32:52 IST" skipped="0">
  <testcase classname="testPartnership.UCpartner" name="Customeronboarding" time="14.319"/>
  <system-out/>
</testsuite> <!-- testPartnership.UCpartner -->
