<?xml version="1.0" encoding="UTF-8"?>
<!-- Generated by org.testng.reporters.JUnitReportReporter -->
<testsuite hostname="NFL-160" failures="0" tests="1" name="testPartnership.Production" time="3.347" errors="0" timestamp="2025-05-27T18:59:05 IST" skipped="0">
  <testcase classname="testPartnership.Production" name="Getmasterdata" time="3.347"/>
  <system-out/>
</testsuite> <!-- testPartnership.Production -->
