<?xml version="1.0" encoding="UTF-8"?>
<!-- Generated by org.testng.reporters.JUnitReportReporter -->
<testsuite hostname="NFL-160" failures="0" tests="4" name="testPartnership.FINSALLUBLpartner" time="18.664" errors="0" timestamp="2025-04-25T17:47:47 IST" skipped="2">
  <testcase classname="testPartnership.FINSALLUBLpartner" name="Customeronboarding" time="9.714"/>
  <system-out/>
  <testcase classname="testPartnership.FINSALLUBLpartner" name="createloan" time="8.950"/>
  <system-out/>
  <testcase classname="testPartnership.FINSALLUBLpartner" name="earlysettlement">
    <skipped/>
  </testcase> <!-- earlysettlement -->
  <system-out/>
  <testcase classname="testPartnership.FINSALLUBLpartner" name="repayment">
    <skipped/>
  </testcase> <!-- repayment -->
  <system-out/>
</testsuite> <!-- testPartnership.FINSALLUBLpartner -->
