<?xml version="1.0" encoding="UTF-8"?>
<!-- Generated by org.testng.reporters.JUnitReportReporter -->
<testsuite hostname="NFL-160" failures="0" tests="2" name="testPartnership.UCpartner" time="14.351" errors="0" timestamp="2025-05-27T18:57:02 IST" skipped="0">
  <testcase classname="testPartnership.UCpartner" name="createloan" time="0.344"/>
  <system-out/>
  <testcase classname="testPartnership.UCpartner" name="Customeronboarding" time="14.007"/>
  <system-out/>
</testsuite> <!-- testPartnership.UCpartner -->
