<?xml version="1.0" encoding="UTF-8"?>
<!-- Generated by org.testng.reporters.JUnitReportReporter -->
<testsuite hostname="NFL-160" failures="0" tests="4" name="testPartnership.FINSALLUBLpartner" time="12.589" errors="0" timestamp="2025-05-27T18:57:02 IST" skipped="2">
  <testcase classname="testPartnership.FINSALLUBLpartner" name="Customeronboarding" time="12.346"/>
  <system-out/>
  <testcase classname="testPartnership.FINSALLUBLpartner" name="createloan" time="0.243"/>
  <system-out/>
  <testcase classname="testPartnership.FINSALLUBLpartner" name="repayment">
    <skipped/>
  </testcase> <!-- repayment -->
  <system-out/>
  <testcase classname="testPartnership.FINSALLUBLpartner" name="earlysettlement">
    <skipped/>
  </testcase> <!-- earlysettlement -->
  <system-out/>
</testsuite> <!-- testPartnership.FINSALLUBLpartner -->
