<?xml version="1.0" encoding="UTF-8"?>
<!-- Generated by org.testng.reporters.JUnitReportReporter -->
<testsuite hostname="NFL-160" failures="0" tests="2" name="testPartnership.UCpartner" time="24.997" errors="0" timestamp="2025-04-28T14:27:36 IST" skipped="0">
  <testcase classname="testPartnership.UCpartner" name="createloan" time="3.476"/>
  <system-out/>
  <testcase classname="testPartnership.UCpartner" name="Customeronboarding" time="21.521"/>
  <system-out/>
</testsuite> <!-- testPartnership.UCpartner -->
